2024-12-13 00:16:16 开始第 9829 次操作

2024-12-13 00:16:16 开始操作号码 【1339828】
2024-12-13 00:16:17 GSD getOne 第 1 次 等待 3 秒
2024-12-13 00:16:20 查询号码 【1339828】，返回信息 {"status":"ok","msg":"四川-泸州","gid":"3724","time_insert":"2015-01-20 16:40","time_update":"2020-10-09 19:13"}
2024-12-13 00:16:20 查询号码 【1339828】，GSD为【"四川-泸州"】

2024-12-13 00:16:21 开始第 9830 次操作

2024-12-13 00:16:21 开始操作号码 【1339829】
2024-12-13 00:16:23 GSD getOne 第 1 次 等待 3 秒
2024-12-13 00:16:26 查询号码 【1339829】，返回信息 {"status":"ok","msg":"四川-泸州","gid":"3725","time_insert":"2014-01-02 09:30","time_update":"2020-10-09 19:17"}
2024-12-13 00:16:26 查询号码 【1339829】，GSD为【"四川-泸州"】

2024-12-13 00:16:27 开始第 9831 次操作

2024-12-13 00:16:27 开始操作号码 【1339830】
2024-12-13 00:16:28 GSD getOne 第 1 次 等待 3 秒
2024-12-13 00:16:31 查询号码 【1339830】，返回信息 {"status":"ok","msg":"四川-资阳","gid":"3726","time_insert":"2014-02-21 22:53","time_update":"2020-10-09 19:21"}
2024-12-13 00:16:31 查询号码 【1339830】，GSD为【"四川-资阳"】

2024-12-13 00:16:32 开始第 9832 次操作

2024-12-13 00:16:32 开始操作号码 【1339831】
2024-12-13 00:16:34 GSD getOne 第 1 次 等待 3 秒
2024-12-13 00:16:37 查询号码 【1339831】，返回信息 {"status":"ok","msg":"四川-资阳","gid":"3727","time_insert":"2018-10-08 23:23","time_update":"2020-10-09 19:25"}
2024-12-13 00:16:37 查询号码 【1339831】，GSD为【"四川-资阳"】

2024-12-13 00:46:00 开始第 9833 次操作

2024-12-13 00:46:00 开始操作号码 【1339832】
2024-12-13 00:46:01 GSD getOne 第 1 次 等待 3 秒
2024-12-13 00:46:04 查询号码 【1339832】，返回信息 {"status":"ok","msg":"四川-达州","gid":"3728","time_insert":"2018-01-16 15:10","time_update":"2020-10-09 19:30"}
2024-12-13 00:46:04 查询号码 【1339832】，GSD为【"四川-达州"】

2024-12-13 00:46:05 开始第 9834 次操作

2024-12-13 00:46:05 开始操作号码 【1339833】
2024-12-13 00:46:06 GSD getOne 第 1 次 等待 3 秒
2024-12-13 00:46:09 查询号码 【1339833】，返回信息 {"status":"ok","msg":"四川-达州","gid":"3729","time_insert":"2018-06-06 23:00","time_update":"2020-10-09 19:34"}
2024-12-13 00:46:09 查询号码 【1339833】，GSD为【"四川-达州"】

2024-12-13 00:46:10 开始第 9835 次操作

2024-12-13 00:46:10 开始操作号码 【1339834】
2024-12-13 00:46:11 GSD getOne 第 1 次 等待 3 秒
2024-12-13 00:46:14 查询号码 【1339834】，返回信息 {"status":"ok","msg":"四川-达州","gid":"3730","time_insert":"2018-11-11 22:30","time_update":"2020-10-09 19:38"}
2024-12-13 00:46:14 查询号码 【1339834】，GSD为【"四川-达州"】

2024-12-13 00:46:15 开始第 9836 次操作

2024-12-13 00:46:15 开始操作号码 【1339835】
2024-12-13 00:46:16 GSD getOne 第 1 次 等待 3 秒
2024-12-13 00:46:19 查询号码 【1339835】，返回信息 {"status":"ok","msg":"四川-绵阳","gid":"3731","time_insert":"2018-01-23 22:04","time_update":"2020-10-09 19:43"}
2024-12-13 00:46:19 查询号码 【1339835】，GSD为【"四川-绵阳"】

