2023-09-27 00:10:56 开始第 117 次操作

2023-09-27 00:10:56 开始操作号码 【1980116】
2023-09-27 00:10:58 GSD getOne 第 1 次 等待 3 秒
2023-09-27 00:11:01 查询号码 【1980116】，返回信息 {"status":"ok","msg":"北京-北京","gid":"435372","time_insert":"2021-07-29 17:04"}
2023-09-27 00:11:01 查询号码 【1980116】，GSD为【"北京-北京"】

2023-09-27 00:11:02 开始第 118 次操作

2023-09-27 00:11:02 开始操作号码 【1980117】
2023-09-27 00:11:06 GSD getOne 第 1 次 等待 3 秒
2023-09-27 00:11:09 查询号码 【1980117】，返回信息 {"status":"ok","msg":"北京-北京","gid":"435427","time_insert":"2021-07-29 17:09"}
2023-09-27 00:11:09 查询号码 【1980117】，GSD为【"北京-北京"】

2023-09-27 00:11:10 开始第 119 次操作

2023-09-27 00:11:10 开始操作号码 【1980118】
2023-09-27 00:11:18 GSD getOne 第 1 次 等待 3 秒
2023-09-27 00:11:21 查询号码 【1980118】，返回信息 {"status":"ok","msg":"北京-北京","gid":"435484","time_insert":"2021-07-29 17:15"}
2023-09-27 00:11:21 查询号码 【1980118】，GSD为【"北京-北京"】

2023-09-27 00:11:22 开始第 120 次操作

2023-09-27 00:11:22 开始操作号码 【1980119】
2023-09-27 00:11:24 GSD getOne 第 1 次 等待 3 秒
2023-09-27 00:11:27 查询号码 【1980119】，返回信息 {"status":"ok","msg":"北京-北京","gid":"435507","time_insert":"2021-07-29 17:19"}
2023-09-27 00:11:27 查询号码 【1980119】，GSD为【"北京-北京"】

2023-09-27 00:37:29 开始第 121 次操作

2023-09-27 00:37:29 开始操作号码 【1980120】
2023-09-27 00:37:31 GSD getOne 第 1 次 等待 3 秒
2023-09-27 00:37:34 查询号码 【1980120】，返回信息 {"status":"ok","msg":"北京-北京","gid":"435529","time_insert":"2021-07-29 17:26"}
2023-09-27 00:37:34 查询号码 【1980120】，GSD为【"北京-北京"】

2023-09-27 00:37:35 开始第 122 次操作

2023-09-27 00:37:35 开始操作号码 【1980121】
2023-09-27 00:37:37 GSD getOne 第 1 次 等待 3 秒
2023-09-27 00:37:40 查询号码 【1980121】，返回信息 {"status":"ok","msg":"北京-北京","gid":"435545","time_insert":"2021-07-29 17:30"}
2023-09-27 00:37:40 查询号码 【1980121】，GSD为【"北京-北京"】

2023-09-27 00:37:41 开始第 123 次操作

2023-09-27 00:37:41 开始操作号码 【1980122】
2023-09-27 00:37:43 GSD getOne 第 1 次 等待 3 秒
2023-09-27 00:37:46 查询号码 【1980122】，返回信息 {"status":"ok","msg":"北京-北京","gid":"435556","time_insert":"2021-07-29 17:35"}
2023-09-27 00:37:46 查询号码 【1980122】，GSD为【"北京-北京"】

2023-09-27 00:37:47 开始第 124 次操作

2023-09-27 00:37:47 开始操作号码 【1980123】
2023-09-27 00:37:49 GSD getOne 第 1 次 等待 3 秒
2023-09-27 00:37:52 查询号码 【1980123】，返回信息 {"status":"ok","msg":"北京-北京","gid":"435564","time_insert":"2021-07-29 17:39"}
2023-09-27 00:37:52 查询号码 【1980123】，GSD为【"北京-北京"】

2023-09-27 01:07:58 开始第 125 次操作

2023-09-27 01:07:58 开始操作号码 【1980124】
2023-09-27 01:08:00 GSD getOne 第 1 次 等待 3 秒
2023-09-27 01:08:03 查询号码 【1980124】，返回信息 {"status":"ok","msg":"北京-北京","gid":"435622","time_insert":"2021-07-29 17:46"}
2023-09-27 01:08:03 查询号码 【1980124】，GSD为【"北京-北京"】

2023-09-27 01:08:04 开始第 126 次操作

2023-09-27 01:08:04 开始操作号码 【1980125】
2023-09-27 01:08:08 GSD getOne 第 1 次 等待 3 秒
2023-09-27 01:08:11 查询号码 【1980125】，返回信息 {"status":"ok","msg":"北京-北京","gid":"435658","time_insert":"2021-07-29 17:48"}
2023-09-27 01:08:11 查询号码 【1980125】，GSD为【"北京-北京"】

2023-09-27 01:08:12 开始第 127 次操作

2023-09-27 01:08:12 开始操作号码 【1980126】
2023-09-27 01:08:16 GSD getOne 第 1 次 等待 3 秒
2023-09-27 01:08:19 查询号码 【1980126】，返回信息 {"status":"ok","msg":"北京-北京","gid":"435752","time_insert":"2021-07-29 17:55"}
2023-09-27 01:08:20 查询号码 【1980126】，GSD为【"北京-北京"】

2023-09-27 01:08:21 开始第 128 次操作

2023-09-27 01:08:21 开始操作号码 【1980127】
2023-09-27 01:08:22 GSD getOne 第 1 次 等待 3 秒
2023-09-27 01:08:25 查询号码 【1980127】，返回信息 {"status":"ok","msg":"北京-北京","gid":"435797","time_insert":"2021-07-29 17:59"}
2023-09-27 01:08:25 查询号码 【1980127】，GSD为【"北京-北京"】

