2021-07-06 00:00:09 开始第 16 次操作

2021-07-06 00:00:09 开始操作号码 【1744420】
2021-07-06 00:00:13 GSD getOne 第 1 次 等待 1 秒
2021-07-06 00:00:14 查询号码 【1744420】，返回信息 {"status":"bad","msg":""}
2021-07-06 00:00:14 查询号码 【1744420】，GSD为【""】
2021-07-06 00:00:14 bad
2021-07-06 00:00:15 CHB 1744420?1625500814 第 1 次 等待 1 秒
2021-07-06 00:00:16 CHB 1744420?1625500814 第 1 次 获取到号码【1744420】GSD
2021-07-06 00:00:16 未获取到号码【1744420】GSD，可能号码格式错误
2021-07-06 00:00:16 获取到号码【1744420】的GSD为【-】
2021-07-06 00:00:21 GSD insert 第 1 次 等待 1 秒
2021-07-06 00:00:22 {"status":"ok","msg":"添加成功！201805"}
2021-07-06 00:00:22 下次操作: 2021-07-06 00:00:30

2021-07-06 00:00:30 开始第 17 次操作

2021-07-06 00:00:30 开始操作号码 【1744421】
2021-07-06 00:00:34 GSD getOne 第 1 次 等待 1 秒
2021-07-06 00:00:35 查询号码 【1744421】，返回信息 {"status":"bad","msg":""}
2021-07-06 00:00:35 查询号码 【1744421】，GSD为【""】
2021-07-06 00:00:35 bad
2021-07-06 00:00:36 CHB 1744421?1625500835 第 1 次 等待 1 秒
2021-07-06 00:00:37 CHB 1744421?1625500835 第 1 次 获取到号码【1744421】GSD
2021-07-06 00:00:37 未获取到号码【1744421】GSD，可能号码格式错误
2021-07-06 00:00:37 获取到号码【1744421】的GSD为【-】
2021-07-06 00:00:41 GSD insert 第 1 次 等待 1 秒
2021-07-06 00:00:42 {"status":"ok","msg":"添加成功！201811"}
2021-07-06 00:00:42 下次操作: 2021-07-06 00:00:58

2021-07-06 00:00:58 开始第 18 次操作

2021-07-06 00:00:58 开始操作号码 【1744422】
2021-07-06 00:01:05 GSD getOne 第 1 次 等待 1 秒
2021-07-06 00:01:06 查询号码 【1744422】，返回信息 {"status":"bad","msg":""}
2021-07-06 00:01:06 查询号码 【1744422】，GSD为【""】
2021-07-06 00:01:06 bad
2021-07-06 00:01:08 CHB 1744422?1625500866 第 1 次 等待 1 秒
2021-07-06 00:01:09 CHB 1744422?1625500866 第 1 次 获取到号码【1744422】GSD
2021-07-06 00:01:09 未获取到号码【1744422】GSD，可能号码格式错误
2021-07-06 00:01:09 获取到号码【1744422】的GSD为【-】
2021-07-06 00:01:12 GSD insert 第 1 次 等待 1 秒
2021-07-06 00:01:13 {"status":"ok","msg":"添加成功！201820"}
2021-07-06 00:01:13 下次操作: 2021-07-06 00:01:31

2021-07-06 00:01:31 开始第 19 次操作

2021-07-06 00:01:31 开始操作号码 【1744423】
2021-07-06 00:01:36 GSD getOne 第 1 次 等待 1 秒
2021-07-06 00:01:37 查询号码 【1744423】，返回信息 {"status":"bad","msg":""}
2021-07-06 00:01:37 查询号码 【1744423】，GSD为【""】
2021-07-06 00:01:37 bad
2021-07-06 00:01:39 CHB 1744423?1625500897 第 1 次 等待 1 秒
2021-07-06 00:01:40 CHB 1744423?1625500897 第 1 次 获取到号码【1744423】GSD
2021-07-06 00:01:40 未获取到号码【1744423】GSD，可能号码格式错误
2021-07-06 00:01:40 获取到号码【1744423】的GSD为【-】
2021-07-06 00:01:43 GSD insert 第 1 次 等待 1 秒
2021-07-06 00:01:44 {"status":"ok","msg":"添加成功！201827"}
2021-07-06 00:01:44 下次操作: 2021-07-06 00:01:52

2021-07-06 00:01:53 开始第 20 次操作

2021-07-06 00:01:53 开始操作号码 【1744424】
2021-07-06 00:01:56 GSD getOne 第 1 次 等待 1 秒
2021-07-06 00:01:57 查询号码 【1744424】，返回信息 {"status":"bad","msg":""}
2021-07-06 00:01:57 查询号码 【1744424】，GSD为【""】
2021-07-06 00:01:57 bad
2021-07-06 00:01:58 CHB 1744424?1625500917 第 1 次 等待 1 秒
2021-07-06 00:01:59 CHB 1744424?1625500917 第 1 次 获取到号码【1744424】GSD
2021-07-06 00:02:00 未获取到号码【1744424】GSD，可能号码格式错误
2021-07-06 00:02:00 获取到号码【1744424】的GSD为【-】
2021-07-06 00:02:03 GSD insert 第 1 次 等待 1 秒
2021-07-06 00:02:04 {"status":"ok","msg":"添加成功！201831"}
2021-07-06 00:02:04 下次操作: 2021-07-06 00:02:13

2021-07-06 00:02:13 开始第 21 次操作

2021-07-06 00:02:13 开始操作号码 【1744425】
2021-07-06 00:02:17 GSD getOne 第 1 次 等待 1 秒
2021-07-06 00:02:18 查询号码 【1744425】，返回信息 {"status":"bad","msg":""}
2021-07-06 00:02:18 查询号码 【1744425】，GSD为【""】
2021-07-06 00:02:18 bad
2021-07-06 00:02:20 CHB 1744425?1625500938 第 1 次 等待 1 秒
2021-07-06 00:02:21 CHB 1744425?1625500938 第 1 次 获取到号码【1744425】GSD
2021-07-06 00:02:21 未获取到号码【1744425】GSD，可能号码格式错误
2021-07-06 00:02:21 获取到号码【1744425】的GSD为【-】
2021-07-06 00:02:40 GSD insert 第 1 次 等待 1 秒
2021-07-06 00:02:41 {"status":"ok","msg":"添加成功！201836"}
2021-07-06 00:02:41 下次操作: 2021-07-06 00:02:50

2021-07-06 00:02:50 开始第 22 次操作

2021-07-06 00:02:50 开始操作号码 【1744426】
2021-07-06 00:02:57 GSD getOne 第 1 次 等待 1 秒
2021-07-06 00:02:58 查询号码 【1744426】，返回信息 {"status":"bad","msg":""}
2021-07-06 00:02:59 查询号码 【1744426】，GSD为【""】
2021-07-06 00:02:59 bad
2021-07-06 00:03:00 CHB 1744426?1625500979 第 1 次 等待 1 秒
2021-07-06 00:03:01 CHB 1744426?1625500979 第 1 次 获取到号码【1744426】GSD
2021-07-06 00:03:01 未获取到号码【1744426】GSD，可能号码格式错误
2021-07-06 00:03:01 获取到号码【1744426】的GSD为【-】
2021-07-06 00:03:04 GSD insert 第 1 次 等待 1 秒
2021-07-06 00:03:05 {"status":"ok","msg":"添加成功！201842"}
2021-07-06 00:03:05 下次操作: 2021-07-06 00:03:23

2021-07-06 00:03:23 开始第 23 次操作

2021-07-06 00:03:23 开始操作号码 【1744427】
2021-07-06 00:03:27 GSD getOne 第 1 次 等待 1 秒
2021-07-06 00:03:28 查询号码 【1744427】，返回信息 {"status":"bad","msg":""}
2021-07-06 00:03:28 查询号码 【1744427】，GSD为【""】
2021-07-06 00:03:28 bad
2021-07-06 00:03:30 CHB 1744427?1625501008 第 1 次 等待 1 秒
2021-07-06 00:03:31 CHB 1744427?1625501008 第 1 次 获取到号码【1744427】GSD
2021-07-06 00:03:31 未获取到号码【1744427】GSD，可能号码格式错误
2021-07-06 00:03:31 获取到号码【1744427】的GSD为【-】
2021-07-06 00:03:35 GSD insert 第 1 次 等待 1 秒
2021-07-06 00:03:36 {"status":"ok","msg":"添加成功！201850"}
2021-07-06 00:03:36 下次操作: 2021-07-06 00:03:45

2021-07-06 00:03:45 开始第 24 次操作

2021-07-06 00:03:45 开始操作号码 【1744428】
2021-07-06 00:03:50 GSD getOne 第 1 次 等待 1 秒
2021-07-06 00:03:51 查询号码 【1744428】，返回信息 {"status":"bad","msg":""}
2021-07-06 00:03:51 查询号码 【1744428】，GSD为【""】
2021-07-06 00:03:51 bad
2021-07-06 00:03:52 CHB 1744428?1625501031 第 1 次 等待 1 秒
2021-07-06 00:03:53 CHB 1744428?1625501031 第 1 次 获取到号码【1744428】GSD
2021-07-06 00:03:53 未获取到号码【1744428】GSD，可能号码格式错误
2021-07-06 00:03:53 获取到号码【1744428】的GSD为【-】
2021-07-06 00:04:00 GSD insert 第 1 次 等待 1 秒
2021-07-06 00:04:01 {"status":"ok","msg":"添加成功！201855"}
2021-07-06 00:04:01 下次操作: 2021-07-06 00:04:07

2021-07-06 00:04:07 开始第 25 次操作

2021-07-06 00:04:07 开始操作号码 【1744429】
2021-07-06 00:04:13 GSD getOne 第 1 次 等待 1 秒
2021-07-06 00:04:14 查询号码 【1744429】，返回信息 {"status":"bad","msg":""}
2021-07-06 00:04:14 查询号码 【1744429】，GSD为【""】
2021-07-06 00:04:14 bad
2021-07-06 00:04:15 CHB 1744429?1625501054 第 1 次 等待 1 秒
2021-07-06 00:04:16 CHB 1744429?1625501054 第 1 次 获取到号码【1744429】GSD
2021-07-06 00:04:16 未获取到号码【1744429】GSD，可能号码格式错误
2021-07-06 00:04:16 获取到号码【1744429】的GSD为【-】
2021-07-06 00:04:23 GSD insert 第 1 次 等待 1 秒
2021-07-06 00:04:24 {"status":"ok","msg":"添加成功！201860"}
2021-07-06 00:04:24 下次操作: 2021-07-06 00:04:35

2021-07-06 00:04:35 开始第 26 次操作

2021-07-06 00:04:35 开始操作号码 【1744430】
2021-07-06 00:04:38 GSD getOne 第 1 次 等待 1 秒
2021-07-06 00:04:39 查询号码 【1744430】，返回信息 {"status":"bad","msg":""}
2021-07-06 00:04:40 查询号码 【1744430】，GSD为【""】
2021-07-06 00:04:40 bad
2021-07-06 00:04:41 CHB 1744430?1625501080 第 1 次 等待 1 秒
2021-07-06 00:04:42 CHB 1744430?1625501080 第 1 次 获取到号码【1744430】GSD
2021-07-06 00:04:42 未获取到号码【1744430】GSD，可能号码格式错误
2021-07-06 00:04:42 获取到号码【1744430】的GSD为【-】
2021-07-06 00:04:46 GSD insert 第 1 次 等待 1 秒
2021-07-06 00:04:47 {"status":"ok","msg":"添加成功！201865"}
2021-07-06 00:04:47 下次操作: 2021-07-06 00:05:05

2021-07-06 00:05:05 开始第 27 次操作

2021-07-06 00:05:05 开始操作号码 【1744431】
2021-07-06 00:05:08 GSD getOne 第 1 次 等待 1 秒
2021-07-06 00:05:09 查询号码 【1744431】，返回信息 {"status":"bad","msg":""}
2021-07-06 00:05:09 查询号码 【1744431】，GSD为【""】
2021-07-06 00:05:09 bad
2021-07-06 00:05:11 CHB 1744431?1625501109 第 1 次 等待 1 秒
2021-07-06 00:05:12 CHB 1744431?1625501109 第 1 次 获取到号码【1744431】GSD
2021-07-06 00:05:12 未获取到号码【1744431】GSD，可能号码格式错误
2021-07-06 00:05:12 获取到号码【1744431】的GSD为【-】
2021-07-06 00:05:18 GSD insert 第 1 次 等待 1 秒
2021-07-06 00:05:19 {"status":"ok","msg":"添加成功！201875"}
2021-07-06 00:05:19 下次操作: 2021-07-06 00:05:27

2021-07-06 00:05:27 开始第 28 次操作

2021-07-06 00:05:27 开始操作号码 【1744432】
2021-07-06 00:05:35 GSD getOne 第 1 次 等待 1 秒
2021-07-06 00:05:36 查询号码 【1744432】，返回信息 {"status":"bad","msg":""}
2021-07-06 00:05:36 查询号码 【1744432】，GSD为【""】
2021-07-06 00:05:36 bad
2021-07-06 00:05:37 CHB 1744432?1625501136 第 1 次 等待 1 秒
2021-07-06 00:05:38 CHB 1744432?1625501136 第 1 次 获取到号码【1744432】GSD
2021-07-06 00:05:39 未获取到号码【1744432】GSD，可能号码格式错误
2021-07-06 00:05:39 获取到号码【1744432】的GSD为【-】
2021-07-06 00:05:42 GSD insert 第 1 次 等待 1 秒
2021-07-06 00:05:43 {"status":"ok","msg":"添加成功！201878"}
2021-07-06 00:05:43 下次操作: 2021-07-06 00:05:54

2021-07-06 00:05:54 开始第 29 次操作

2021-07-06 00:05:54 开始操作号码 【1744433】
2021-07-06 00:05:58 GSD getOne 第 1 次 等待 1 秒
2021-07-06 00:05:59 查询号码 【1744433】，返回信息 {"status":"bad","msg":""}
2021-07-06 00:05:59 查询号码 【1744433】，GSD为【""】
2021-07-06 00:05:59 bad
2021-07-06 00:06:00 CHB 1744433?1625501159 第 1 次 等待 1 秒
2021-07-06 00:06:01 CHB 1744433?1625501159 第 1 次 获取到号码【1744433】GSD
2021-07-06 00:06:01 未获取到号码【1744433】GSD，可能号码格式错误
2021-07-06 00:06:01 获取到号码【1744433】的GSD为【-】
2021-07-06 00:06:07 GSD insert 第 1 次 等待 1 秒
2021-07-06 00:06:08 {"status":"ok","msg":"添加成功！201886"}
2021-07-06 00:06:08 下次操作: 2021-07-06 00:06:17

2021-07-06 00:06:17 开始第 30 次操作

2021-07-06 00:06:17 开始操作号码 【1744434】
2021-07-06 00:06:21 GSD getOne 第 1 次 等待 1 秒
2021-07-06 00:06:22 查询号码 【1744434】，返回信息 {"status":"bad","msg":""}
2021-07-06 00:06:22 查询号码 【1744434】，GSD为【""】
2021-07-06 00:06:22 bad
2021-07-06 00:06:24 CHB 1744434?1625501182 第 1 次 等待 1 秒
2021-07-06 00:06:25 CHB 1744434?1625501182 第 1 次 获取到号码【1744434】GSD
2021-07-06 00:06:25 未获取到号码【1744434】GSD，可能号码格式错误
2021-07-06 00:06:25 获取到号码【1744434】的GSD为【-】
2021-07-06 00:06:28 GSD insert 第 1 次 等待 1 秒
2021-07-06 00:06:29 {"status":"ok","msg":"添加成功！201892"}

2021-07-06 01:34:21 开始第 1 次操作

2021-07-06 01:34:21 开始操作号码 【1744435】
2021-07-06 01:34:25 GSD getOne 第 1 次 等待 1 秒
2021-07-06 01:34:26 查询号码 【1744435】，返回信息 {"status":"bad","msg":""}
2021-07-06 01:34:26 查询号码 【1744435】，GSD为【""】
2021-07-06 01:34:26 bad
2021-07-06 01:34:28 CHB 1744435?1625506466 第 1 次 等待 1 秒
2021-07-06 01:34:29 CHB 1744435?1625506466 第 1 次 获取到号码【1744435】GSD
2021-07-06 01:34:29 未获取到号码【1744435】GSD，可能号码格式错误
2021-07-06 01:34:29 获取到号码【1744435】的GSD为【-】
2021-07-06 01:34:48 GSD insert 第 1 次 等待 1 秒
2021-07-06 01:34:49 {"status":"ok","msg":"添加成功！202156"}
2021-07-06 01:34:49 下次操作: 2021-07-06 01:35:04

2021-07-06 01:35:04 开始第 2 次操作

2021-07-06 01:35:04 开始操作号码 【1744436】
2021-07-06 01:35:08 GSD getOne 第 1 次 等待 1 秒
2021-07-06 01:35:09 查询号码 【1744436】，返回信息 {"status":"bad","msg":""}
2021-07-06 01:35:09 查询号码 【1744436】，GSD为【""】
2021-07-06 01:35:09 bad
2021-07-06 01:35:11 CHB 1744436?1625506509 第 1 次 等待 1 秒
2021-07-06 01:35:12 CHB 1744436?1625506509 第 1 次 获取到号码【1744436】GSD
2021-07-06 01:35:12 未获取到号码【1744436】GSD，可能号码格式错误
2021-07-06 01:35:12 获取到号码【1744436】的GSD为【-】
2021-07-06 01:35:30 GSD insert 第 1 次 等待 1 秒
2021-07-06 01:35:31 {"status":"ok","msg":"添加成功！202167"}
2021-07-06 01:35:31 下次操作: 2021-07-06 01:35:40

2021-07-06 01:35:40 开始第 3 次操作

2021-07-06 01:35:40 开始操作号码 【1744437】
2021-07-06 01:35:51 GSD getOne 第 1 次 等待 1 秒
2021-07-06 01:35:52 查询号码 【1744437】，返回信息 {"status":"bad","msg":""}
2021-07-06 01:35:52 查询号码 【1744437】，GSD为【""】
2021-07-06 01:35:52 bad
2021-07-06 01:35:54 CHB 1744437?1625506552 第 1 次 等待 1 秒
2021-07-06 01:35:55 CHB 1744437?1625506552 第 1 次 获取到号码【1744437】GSD
2021-07-06 01:35:55 未获取到号码【1744437】GSD，可能号码格式错误
2021-07-06 01:35:55 获取到号码【1744437】的GSD为【-】
2021-07-06 01:36:15 GSD insert 第 1 次 等待 1 秒
2021-07-06 01:36:16 {"status":"ok","msg":"添加成功！202178"}
2021-07-06 01:36:16 下次操作: 2021-07-06 01:36:29

2021-07-06 01:36:29 开始第 4 次操作

2021-07-06 01:36:29 开始操作号码 【1744438】
2021-07-06 01:36:35 GSD getOne 第 1 次 等待 1 秒
2021-07-06 01:36:36 查询号码 【1744438】，返回信息 {"status":"bad","msg":""}
2021-07-06 01:36:36 查询号码 【1744438】，GSD为【""】
2021-07-06 01:36:36 bad
2021-07-06 01:36:38 CHB 1744438?1625506596 第 1 次 等待 1 秒
2021-07-06 01:36:39 CHB 1744438?1625506596 第 1 次 获取到号码【1744438】GSD
2021-07-06 01:36:39 未获取到号码【1744438】GSD，可能号码格式错误
2021-07-06 01:36:39 获取到号码【1744438】的GSD为【-】
2021-07-06 01:36:59 GSD insert 第 1 次 等待 1 秒
2021-07-06 01:37:00 {"status":"ok","msg":"添加成功！202185"}
2021-07-06 01:37:00 下次操作: 2021-07-06 01:37:17

2021-07-06 01:37:17 开始第 5 次操作

2021-07-06 01:37:17 开始操作号码 【1744439】
2021-07-06 01:37:21 GSD getOne 第 1 次 等待 1 秒
2021-07-06 01:37:22 查询号码 【1744439】，返回信息 {"status":"bad","msg":""}
2021-07-06 01:37:22 查询号码 【1744439】，GSD为【""】
2021-07-06 01:37:22 bad
2021-07-06 01:37:23 CHB 1744439?1625506642 第 1 次 等待 1 秒
2021-07-06 01:37:24 CHB 1744439?1625506642 第 1 次 获取到号码【1744439】GSD
2021-07-06 01:37:24 未获取到号码【1744439】GSD，可能号码格式错误
2021-07-06 01:37:24 获取到号码【1744439】的GSD为【-】
2021-07-06 01:37:44 GSD insert 第 1 次 等待 1 秒
2021-07-06 01:37:45 {"status":"ok","msg":"添加成功！202193"}
2021-07-06 01:37:45 下次操作: 2021-07-06 01:37:52

2021-07-06 01:37:52 开始第 6 次操作

2021-07-06 01:37:52 开始操作号码 【1744440】
2021-07-06 01:38:10 GSD getOne 第 1 次 等待 1 秒
2021-07-06 01:38:11 查询号码 【1744440】，返回信息 {"status":"bad","msg":""}
2021-07-06 01:38:12 查询号码 【1744440】，GSD为【""】
2021-07-06 01:38:12 bad
2021-07-06 01:38:16 CHB 1744440?1625506692 第 1 次 等待 1 秒
2021-07-06 01:38:17 CHB 1744440?1625506692 第 1 次 获取到号码【1744440】GSD
2021-07-06 01:38:17 未获取到号码【1744440】GSD，可能号码格式错误
2021-07-06 01:38:17 获取到号码【1744440】的GSD为【-】
2021-07-06 01:38:36 GSD insert 第 1 次 等待 1 秒
2021-07-06 01:38:37 {"status":"ok","msg":"添加成功！202206"}
2021-07-06 01:38:37 下次操作: 2021-07-06 01:38:43

2021-07-06 01:38:43 开始第 7 次操作

2021-07-06 01:38:43 开始操作号码 【1744441】
2021-07-06 01:39:03 GSD getOne 第 1 次 等待 1 秒
2021-07-06 01:39:04 查询号码 【1744441】，返回信息 {"status":"bad","msg":""}
2021-07-06 01:39:05 查询号码 【1744441】，GSD为【""】
2021-07-06 01:39:05 bad
2021-07-06 01:39:06 CHB 1744441?1625506745 第 1 次 等待 1 秒
2021-07-06 01:39:07 CHB 1744441?1625506745 第 1 次 获取到号码【1744441】GSD
2021-07-06 01:39:07 未获取到号码【1744441】GSD，可能号码格式错误
2021-07-06 01:39:07 获取到号码【1744441】的GSD为【-】
2021-07-06 01:39:26 GSD insert 第 1 次 等待 1 秒
2021-07-06 01:39:27 {"status":"ok","msg":"添加成功！202217"}
2021-07-06 01:39:27 下次操作: 2021-07-06 01:39:40

2021-07-06 01:39:40 开始第 8 次操作

2021-07-06 01:39:40 开始操作号码 【1744442】
2021-07-06 01:39:47 GSD getOne 第 1 次 等待 1 秒
2021-07-06 01:39:48 查询号码 【1744442】，返回信息 {"status":"bad","msg":""}
2021-07-06 01:39:48 查询号码 【1744442】，GSD为【""】
2021-07-06 01:39:48 bad
2021-07-06 01:39:49 CHB 1744442?1625506788 第 1 次 等待 1 秒
2021-07-06 01:39:50 CHB 1744442?1625506788 第 1 次 获取到号码【1744442】GSD
2021-07-06 01:39:50 未获取到号码【1744442】GSD，可能号码格式错误
2021-07-06 01:39:50 获取到号码【1744442】的GSD为【-】
2021-07-06 01:40:09 GSD insert 第 1 次 等待 1 秒
2021-07-06 01:40:10 {"status":"ok","msg":"添加成功！202225"}
2021-07-06 01:40:10 下次操作: 2021-07-06 01:40:26

2021-07-06 01:40:26 开始第 9 次操作

2021-07-06 01:40:26 开始操作号码 【1744443】
2021-07-06 01:40:33 GSD getOne 第 1 次 等待 1 秒
2021-07-06 01:40:34 查询号码 【1744443】，返回信息 {"status":"bad","msg":""}
2021-07-06 01:40:34 查询号码 【1744443】，GSD为【""】
2021-07-06 01:40:34 bad
2021-07-06 01:40:35 CHB 1744443?1625506834 第 1 次 等待 1 秒
2021-07-06 01:40:36 CHB 1744443?1625506834 第 1 次 获取到号码【1744443】GSD
2021-07-06 01:40:36 未获取到号码【1744443】GSD，可能号码格式错误
2021-07-06 01:40:36 获取到号码【1744443】的GSD为【-】
2021-07-06 01:40:55 GSD insert 第 1 次 等待 1 秒
2021-07-06 01:40:56 {"status":"ok","msg":"添加成功！202234"}
2021-07-06 01:40:56 下次操作: 2021-07-06 01:41:08

2021-07-06 01:41:08 开始第 10 次操作

2021-07-06 01:41:08 开始操作号码 【1744444】
2021-07-06 01:41:14 GSD getOne 第 1 次 等待 1 秒
2021-07-06 01:41:15 查询号码 【1744444】，返回信息 {"status":"bad","msg":""}
2021-07-06 01:41:15 查询号码 【1744444】，GSD为【""】
2021-07-06 01:41:15 bad
2021-07-06 01:41:17 CHB 1744444?1625506875 第 1 次 等待 1 秒
2021-07-06 01:41:18 CHB 1744444?1625506875 第 1 次 获取到号码【1744444】GSD
2021-07-06 01:41:18 未获取到号码【1744444】GSD，可能号码格式错误
2021-07-06 01:41:18 获取到号码【1744444】的GSD为【-】
2021-07-06 01:41:37 GSD insert 第 1 次 等待 1 秒
2021-07-06 01:41:38 {"status":"ok","msg":"添加成功！202243"}
2021-07-06 01:41:38 下次操作: 2021-07-06 01:41:50

2021-07-06 01:41:50 开始第 11 次操作

2021-07-06 01:41:50 开始操作号码 【1744445】
2021-07-06 01:41:57 GSD getOne 第 1 次 等待 1 秒
2021-07-06 01:41:58 查询号码 【1744445】，返回信息 {"status":"bad","msg":""}
2021-07-06 01:41:58 查询号码 【1744445】，GSD为【""】
2021-07-06 01:41:58 bad
2021-07-06 01:42:04 CHB 1744445?1625506918 第 1 次 等待 1 秒
2021-07-06 01:42:05 CHB 1744445?1625506918 第 1 次 获取到号码【1744445】GSD
2021-07-06 01:42:05 未获取到号码【1744445】GSD，可能号码格式错误
2021-07-06 01:42:05 获取到号码【1744445】的GSD为【-】
2021-07-06 01:42:16 GSD insert 第 1 次 等待 1 秒
2021-07-06 01:42:17 {"status":"ok","msg":"添加成功！202251"}
2021-07-06 01:42:17 下次操作: 2021-07-06 01:42:29

2021-07-06 01:42:29 开始第 12 次操作

2021-07-06 01:42:29 开始操作号码 【1744446】
2021-07-06 01:42:35 GSD getOne 第 1 次 等待 1 秒
2021-07-06 01:42:36 查询号码 【1744446】，返回信息 {"status":"bad","msg":""}
2021-07-06 01:42:36 查询号码 【1744446】，GSD为【""】
2021-07-06 01:42:36 bad
2021-07-06 01:42:38 CHB 1744446?1625506956 第 1 次 等待 1 秒
2021-07-06 01:42:39 CHB 1744446?1625506956 第 1 次 获取到号码【1744446】GSD
2021-07-06 01:42:39 未获取到号码【1744446】GSD，可能号码格式错误
2021-07-06 01:42:39 获取到号码【1744446】的GSD为【-】
2021-07-06 01:42:58 GSD insert 第 1 次 等待 1 秒
2021-07-06 01:42:59 {"status":"ok","msg":"添加成功！202264"}
2021-07-06 01:42:59 下次操作: 2021-07-06 01:43:11

2021-07-06 01:43:11 开始第 13 次操作

2021-07-06 01:43:11 开始操作号码 【1744447】
2021-07-06 01:43:19 GSD getOne 第 1 次 等待 1 秒
2021-07-06 01:43:20 查询号码 【1744447】，返回信息 {"status":"bad","msg":""}
2021-07-06 01:43:20 查询号码 【1744447】，GSD为【""】
2021-07-06 01:43:20 bad
2021-07-06 01:43:21 CHB 1744447?1625507000 第 1 次 等待 1 秒
2021-07-06 01:43:22 CHB 1744447?1625507000 第 1 次 获取到号码【1744447】GSD
2021-07-06 01:43:22 未获取到号码【1744447】GSD，可能号码格式错误
2021-07-06 01:43:22 获取到号码【1744447】的GSD为【-】
2021-07-06 01:43:44 GSD insert 第 1 次 等待 1 秒
2021-07-06 01:43:45 {"status":"ok","msg":"添加成功！202276"}
2021-07-06 01:43:45 下次操作: 2021-07-06 01:43:59

2021-07-06 01:43:59 开始第 14 次操作

2021-07-06 01:43:59 开始操作号码 【1744448】
2021-07-06 01:44:04 GSD getOne 第 1 次 等待 1 秒
2021-07-06 01:44:05 查询号码 【1744448】，返回信息 {"status":"bad","msg":""}
2021-07-06 01:44:05 查询号码 【1744448】，GSD为【""】
2021-07-06 01:44:05 bad
2021-07-06 01:44:11 CHB 1744448?1625507045 第 1 次 等待 1 秒
2021-07-06 01:44:12 CHB 1744448?1625507045 第 1 次 获取到号码【1744448】GSD
2021-07-06 01:44:12 未获取到号码【1744448】GSD，可能号码格式错误
2021-07-06 01:44:12 获取到号码【1744448】的GSD为【-】
2021-07-06 01:44:34 GSD insert 第 1 次 等待 1 秒
2021-07-06 01:44:35 {"status":"ok","msg":"添加成功！202288"}
2021-07-06 01:44:35 下次操作: 2021-07-06 01:44:53

2021-07-06 01:44:53 开始第 15 次操作

2021-07-06 01:44:53 开始操作号码 【1744449】
2021-07-06 01:44:56 GSD getOne 第 1 次 等待 1 秒
2021-07-06 01:44:57 查询号码 【1744449】，返回信息 {"status":"bad","msg":""}
2021-07-06 01:44:57 查询号码 【1744449】，GSD为【""】
2021-07-06 01:44:57 bad
2021-07-06 01:45:03 CHB 1744449?1625507097 第 1 次 等待 1 秒
2021-07-06 01:45:04 CHB 1744449?1625507097 第 1 次 获取到号码【1744449】GSD
2021-07-06 01:45:04 未获取到号码【1744449】GSD，可能号码格式错误
2021-07-06 01:45:04 获取到号码【1744449】的GSD为【-】
2021-07-06 01:45:22 GSD insert 第 1 次 等待 1 秒
2021-07-06 01:45:23 {"status":"ok","msg":"添加成功！202300"}
2021-07-06 01:45:23 下次操作: 2021-07-06 01:45:33

2021-07-06 01:45:33 开始第 16 次操作

2021-07-06 01:45:34 开始操作号码 【1744450】
2021-07-06 01:45:40 GSD getOne 第 1 次 等待 1 秒
2021-07-06 01:45:41 查询号码 【1744450】，返回信息 {"status":"bad","msg":""}
2021-07-06 01:45:41 查询号码 【1744450】，GSD为【""】
2021-07-06 01:45:41 bad
2021-07-06 01:45:42 CHB 1744450?1625507141 第 1 次 等待 1 秒
2021-07-06 01:45:43 CHB 1744450?1625507141 第 1 次 获取到号码【1744450】GSD
2021-07-06 01:45:43 未获取到号码【1744450】GSD，可能号码格式错误
2021-07-06 01:45:43 获取到号码【1744450】的GSD为【-】
2021-07-06 01:45:47 GSD insert 第 1 次 等待 1 秒
2021-07-06 01:45:48 {"status":"ok","msg":"添加成功！202306"}
2021-07-06 01:45:48 下次操作: 2021-07-06 01:46:01

2021-07-06 01:46:01 开始第 17 次操作

2021-07-06 01:46:01 开始操作号码 【1744451】
2021-07-06 01:46:06 GSD getOne 第 1 次 等待 1 秒
2021-07-06 01:46:07 查询号码 【1744451】，返回信息 {"status":"bad","msg":""}
2021-07-06 01:46:07 查询号码 【1744451】，GSD为【""】
2021-07-06 01:46:07 bad
2021-07-06 01:46:08 CHB 1744451?1625507167 第 1 次 等待 1 秒
2021-07-06 01:46:09 CHB 1744451?1625507167 第 1 次 获取到号码【1744451】GSD
2021-07-06 01:46:09 未获取到号码【1744451】GSD，可能号码格式错误
2021-07-06 01:46:09 获取到号码【1744451】的GSD为【-】
2021-07-06 01:46:12 GSD insert 第 1 次 等待 1 秒
2021-07-06 01:46:13 {"status":"ok","msg":"添加成功！202311"}
2021-07-06 01:46:13 下次操作: 2021-07-06 01:46:20

2021-07-06 01:46:20 开始第 18 次操作

2021-07-06 01:46:20 开始操作号码 【1744452】
2021-07-06 01:46:24 GSD getOne 第 1 次 等待 1 秒
2021-07-06 01:46:25 查询号码 【1744452】，返回信息 {"status":"bad","msg":""}
2021-07-06 01:46:25 查询号码 【1744452】，GSD为【""】
2021-07-06 01:46:25 bad
2021-07-06 01:46:31 CHB 1744452?1625507185 第 1 次 等待 1 秒
2021-07-06 01:46:32 CHB 1744452?1625507185 第 1 次 获取到号码【1744452】GSD
2021-07-06 01:46:32 未获取到号码【1744452】GSD，可能号码格式错误
2021-07-06 01:46:32 获取到号码【1744452】的GSD为【-】
2021-07-06 01:46:35 GSD insert 第 1 次 等待 1 秒
2021-07-06 01:46:36 {"status":"ok","msg":"添加成功！202316"}
2021-07-06 01:46:36 下次操作: 2021-07-06 01:46:50

2021-07-06 01:46:50 开始第 19 次操作

2021-07-06 01:46:50 开始操作号码 【1744453】
2021-07-06 01:46:54 GSD getOne 第 1 次 等待 1 秒
2021-07-06 01:46:55 查询号码 【1744453】，返回信息 {"status":"bad","msg":""}
2021-07-06 01:46:55 查询号码 【1744453】，GSD为【""】
2021-07-06 01:46:55 bad
2021-07-06 01:46:56 CHB 1744453?1625507215 第 1 次 等待 1 秒
2021-07-06 01:46:57 CHB 1744453?1625507215 第 1 次 获取到号码【1744453】GSD
2021-07-06 01:46:57 未获取到号码【1744453】GSD，可能号码格式错误
2021-07-06 01:46:57 获取到号码【1744453】的GSD为【-】
2021-07-06 01:47:01 GSD insert 第 1 次 等待 1 秒
2021-07-06 01:47:02 {"status":"ok","msg":"添加成功！202321"}
2021-07-06 01:47:02 下次操作: 2021-07-06 01:47:20

2021-07-06 01:47:20 开始第 20 次操作

2021-07-06 01:47:20 开始操作号码 【1744454】
2021-07-06 01:47:24 GSD getOne 第 1 次 等待 1 秒
2021-07-06 01:47:25 查询号码 【1744454】，返回信息 {"status":"bad","msg":""}
2021-07-06 01:47:25 查询号码 【1744454】，GSD为【""】
2021-07-06 01:47:25 bad
2021-07-06 01:47:26 CHB 1744454?1625507245 第 1 次 等待 1 秒
2021-07-06 01:47:27 CHB 1744454?1625507245 第 1 次 获取到号码【1744454】GSD
2021-07-06 01:47:27 未获取到号码【1744454】GSD，可能号码格式错误
2021-07-06 01:47:27 获取到号码【1744454】的GSD为【-】
2021-07-06 01:47:31 GSD insert 第 1 次 等待 1 秒
2021-07-06 01:47:32 {"status":"ok","msg":"添加成功！202327"}
2021-07-06 01:47:32 下次操作: 2021-07-06 01:47:45

2021-07-06 01:47:45 开始第 21 次操作

2021-07-06 01:47:45 开始操作号码 【1744455】
2021-07-06 01:47:48 GSD getOne 第 1 次 等待 1 秒
2021-07-06 01:47:49 查询号码 【1744455】，返回信息 {"status":"bad","msg":""}
2021-07-06 01:47:49 查询号码 【1744455】，GSD为【""】
2021-07-06 01:47:49 bad
2021-07-06 01:47:51 CHB 1744455?1625507269 第 1 次 等待 1 秒
2021-07-06 01:47:52 CHB 1744455?1625507269 第 1 次 获取到号码【1744455】GSD
2021-07-06 01:47:52 未获取到号码【1744455】GSD，可能号码格式错误
2021-07-06 01:47:52 获取到号码【1744455】的GSD为【-】
2021-07-06 01:47:56 GSD insert 第 1 次 等待 1 秒
2021-07-06 01:47:57 {"status":"ok","msg":"添加成功！202330"}
2021-07-06 01:47:57 下次操作: 2021-07-06 01:48:14

2021-07-06 01:48:14 开始第 22 次操作

2021-07-06 01:48:14 开始操作号码 【1744456】
2021-07-06 01:48:18 GSD getOne 第 1 次 等待 1 秒
2021-07-06 01:48:19 查询号码 【1744456】，返回信息 {"status":"bad","msg":""}
2021-07-06 01:48:19 查询号码 【1744456】，GSD为【""】
2021-07-06 01:48:19 bad
2021-07-06 01:48:24 CHB 1744456?1625507299 第 1 次 等待 1 秒
2021-07-06 01:48:25 CHB 1744456?1625507299 第 1 次 获取到号码【1744456】GSD
2021-07-06 01:48:25 未获取到号码【1744456】GSD，可能号码格式错误
2021-07-06 01:48:25 获取到号码【1744456】的GSD为【-】
2021-07-06 01:48:31 GSD insert 第 1 次 等待 1 秒
2021-07-06 01:48:32 {"status":"ok","msg":"添加成功！202336"}
2021-07-06 01:48:32 下次操作: 2021-07-06 01:48:49

2021-07-06 01:48:49 开始第 23 次操作

2021-07-06 01:48:49 开始操作号码 【1744457】
2021-07-06 01:48:55 GSD getOne 第 1 次 等待 1 秒
2021-07-06 01:48:56 查询号码 【1744457】，返回信息 {"status":"bad","msg":""}
2021-07-06 01:48:56 查询号码 【1744457】，GSD为【""】
2021-07-06 01:48:56 bad
2021-07-06 01:48:58 CHB 1744457?1625507336 第 1 次 等待 1 秒
2021-07-06 01:48:59 CHB 1744457?1625507336 第 1 次 获取到号码【1744457】GSD
2021-07-06 01:48:59 未获取到号码【1744457】GSD，可能号码格式错误
2021-07-06 01:48:59 获取到号码【1744457】的GSD为【-】
2021-07-06 01:49:02 GSD insert 第 1 次 等待 1 秒
2021-07-06 01:49:03 {"status":"ok","msg":"添加成功！202341"}
2021-07-06 01:49:03 下次操作: 2021-07-06 01:49:18

2021-07-06 01:49:18 开始第 24 次操作

2021-07-06 01:49:18 开始操作号码 【1744458】
2021-07-06 01:49:24 GSD getOne 第 1 次 等待 1 秒
2021-07-06 01:49:25 查询号码 【1744458】，返回信息 {"status":"bad","msg":""}
2021-07-06 01:49:25 查询号码 【1744458】，GSD为【""】
2021-07-06 01:49:25 bad
2021-07-06 01:49:26 CHB 1744458?1625507365 第 1 次 等待 1 秒
2021-07-06 01:49:27 CHB 1744458?1625507365 第 1 次 获取到号码【1744458】GSD
2021-07-06 01:49:27 未获取到号码【1744458】GSD，可能号码格式错误
2021-07-06 01:49:27 获取到号码【1744458】的GSD为【-】
2021-07-06 01:49:34 GSD insert 第 1 次 等待 1 秒
2021-07-06 01:49:35 {"status":"ok","msg":"添加成功！202345"}
2021-07-06 01:49:35 下次操作: 2021-07-06 01:49:45

2021-07-06 01:49:45 开始第 25 次操作

2021-07-06 01:49:45 开始操作号码 【1744459】
2021-07-06 01:49:49 GSD getOne 第 1 次 等待 1 秒
2021-07-06 01:49:50 查询号码 【1744459】，返回信息 {"status":"bad","msg":""}
2021-07-06 01:49:50 查询号码 【1744459】，GSD为【""】
2021-07-06 01:49:50 bad
2021-07-06 01:49:56 CHB 1744459?1625507390 第 1 次 等待 1 秒
2021-07-06 01:49:57 CHB 1744459?1625507390 第 1 次 获取到号码【1744459】GSD
2021-07-06 01:49:57 未获取到号码【1744459】GSD，可能号码格式错误
2021-07-06 01:49:57 获取到号码【1744459】的GSD为【-】
2021-07-06 01:50:02 GSD insert 第 1 次 等待 1 秒
2021-07-06 01:50:03 {"status":"ok","msg":"添加成功！202350"}
2021-07-06 01:50:03 下次操作: 2021-07-06 01:50:09

2021-07-06 01:50:09 开始第 26 次操作

2021-07-06 01:50:09 开始操作号码 【1744460】
2021-07-06 01:50:12 GSD getOne 第 1 次 等待 1 秒
2021-07-06 01:50:13 查询号码 【1744460】，返回信息 {"status":"bad","msg":""}
2021-07-06 01:50:13 查询号码 【1744460】，GSD为【""】
2021-07-06 01:50:13 bad
2021-07-06 01:50:15 CHB 1744460?1625507413 第 1 次 等待 1 秒
2021-07-06 01:50:16 CHB 1744460?1625507413 第 1 次 获取到号码【1744460】GSD
2021-07-06 01:50:16 未获取到号码【1744460】GSD，可能号码格式错误
2021-07-06 01:50:16 获取到号码【1744460】的GSD为【-】
2021-07-06 01:50:19 GSD insert 第 1 次 等待 1 秒
2021-07-06 01:50:20 {"status":"ok","msg":"添加成功！202355"}
2021-07-06 01:50:20 下次操作: 2021-07-06 01:50:36

2021-07-06 01:50:36 开始第 27 次操作

2021-07-06 01:50:36 开始操作号码 【1744461】
2021-07-06 01:50:40 GSD getOne 第 1 次 等待 1 秒
2021-07-06 01:50:41 查询号码 【1744461】，返回信息 {"status":"bad","msg":""}
2021-07-06 01:50:41 查询号码 【1744461】，GSD为【""】
2021-07-06 01:50:41 bad
2021-07-06 01:50:45 CHB 1744461?1625507441 第 1 次 等待 1 秒
2021-07-06 01:50:46 CHB 1744461?1625507441 第 1 次 获取到号码【1744461】GSD
2021-07-06 01:50:46 未获取到号码【1744461】GSD，可能号码格式错误
2021-07-06 01:50:46 获取到号码【1744461】的GSD为【-】
2021-07-06 01:50:50 GSD insert 第 1 次 等待 1 秒
2021-07-06 01:50:51 {"status":"ok","msg":"添加成功！202362"}
2021-07-06 01:50:51 下次操作: 2021-07-06 01:50:59

2021-07-06 01:50:59 开始第 28 次操作

2021-07-06 01:50:59 开始操作号码 【1744462】
2021-07-06 01:51:05 GSD getOne 第 1 次 等待 1 秒
2021-07-06 01:51:06 查询号码 【1744462】，返回信息 {"status":"bad","msg":""}
2021-07-06 01:51:06 查询号码 【1744462】，GSD为【""】
2021-07-06 01:51:06 bad
2021-07-06 01:51:08 CHB 1744462?1625507466 第 1 次 等待 1 秒
2021-07-06 01:51:09 CHB 1744462?1625507466 第 1 次 获取到号码【1744462】GSD
2021-07-06 01:51:09 未获取到号码【1744462】GSD，可能号码格式错误
2021-07-06 01:51:09 获取到号码【1744462】的GSD为【-】
2021-07-06 01:51:12 GSD insert 第 1 次 等待 1 秒
2021-07-06 01:51:13 {"status":"ok","msg":"添加成功！202365"}
2021-07-06 01:51:13 下次操作: 2021-07-06 01:51:27

2021-07-06 01:51:27 开始第 29 次操作

2021-07-06 01:51:27 开始操作号码 【1744463】
2021-07-06 01:51:31 GSD getOne 第 1 次 等待 1 秒
2021-07-06 01:51:32 查询号码 【1744463】，返回信息 {"status":"bad","msg":""}
2021-07-06 01:51:32 查询号码 【1744463】，GSD为【""】
2021-07-06 01:51:32 bad
2021-07-06 01:51:33 CHB 1744463?1625507492 第 1 次 等待 1 秒
2021-07-06 01:51:34 CHB 1744463?1625507492 第 1 次 获取到号码【1744463】GSD
2021-07-06 01:51:34 未获取到号码【1744463】GSD，可能号码格式错误
2021-07-06 01:51:34 获取到号码【1744463】的GSD为【-】
2021-07-06 01:51:38 GSD insert 第 1 次 等待 1 秒
2021-07-06 01:51:39 {"status":"ok","msg":"添加成功！202370"}
2021-07-06 01:51:39 下次操作: 2021-07-06 01:51:56

2021-07-06 01:51:56 开始第 30 次操作

2021-07-06 01:51:56 开始操作号码 【1744464】
2021-07-06 01:51:59 GSD getOne 第 1 次 等待 1 秒
2021-07-06 01:52:00 查询号码 【1744464】，返回信息 {"status":"bad","msg":""}
2021-07-06 01:52:00 查询号码 【1744464】，GSD为【""】
2021-07-06 01:52:00 bad
2021-07-06 01:52:02 CHB 1744464?1625507520 第 1 次 等待 1 秒
2021-07-06 01:52:03 CHB 1744464?1625507520 第 1 次 获取到号码【1744464】GSD
2021-07-06 01:52:03 未获取到号码【1744464】GSD，可能号码格式错误
2021-07-06 01:52:03 获取到号码【1744464】的GSD为【-】
2021-07-06 01:52:06 GSD insert 第 1 次 等待 1 秒
2021-07-06 01:52:07 {"status":"ok","msg":"添加成功！202375"}

