2024-06-18 00:12:29 开始第 1773 次操作

2024-06-18 00:12:29 开始操作号码 【1551687】
2024-06-18 00:12:35 GSD getOne 第 1 次 等待 3 秒
2024-06-18 00:12:38 查询号码 【1551687】，返回信息 {"status":"ok","msg":"河南-驻马店","gid":"123851","time_insert":"2021-06-24 19:31"}
2024-06-18 00:12:38 查询号码 【1551687】，GSD为【"河南-驻马店"】

2024-06-18 00:12:39 开始第 1774 次操作

2024-06-18 00:12:39 开始操作号码 【1551688】
2024-06-18 00:12:46 GSD getOne 第 1 次 等待 3 秒
2024-06-18 00:12:49 查询号码 【1551688】，返回信息 {"status":"ok","msg":"河南-驻马店","gid":"123948","time_insert":"2021-06-24 19:52"}
2024-06-18 00:12:49 查询号码 【1551688】，GSD为【"河南-驻马店"】

2024-06-18 00:12:50 开始第 1775 次操作

2024-06-18 00:12:50 开始操作号码 【1551689】
2024-06-18 00:12:55 GSD getOne 第 1 次 等待 3 秒
2024-06-18 00:12:58 查询号码 【1551689】，返回信息 {"status":"ok","msg":"河南-驻马店","gid":"124026","time_insert":"2021-06-24 20:09"}
2024-06-18 00:12:58 查询号码 【1551689】，GSD为【"河南-驻马店"】

2024-06-18 00:12:59 开始第 1776 次操作

2024-06-18 00:12:59 开始操作号码 【1551690】
2024-06-18 00:13:05 GSD getOne 第 1 次 等待 3 秒
2024-06-18 00:13:08 查询号码 【1551690】，返回信息 {"status":"ok","msg":"河南-郑州","gid":"124052","time_insert":"2021-06-24 20:29"}
2024-06-18 00:13:08 查询号码 【1551690】，GSD为【"河南-郑州"】

