2024-02-16 00:10:14 开始第 4009 次操作

2024-02-16 00:10:14 开始操作号码 【1773922】
2024-02-16 00:10:20 GSD getOne 第 1 次 等待 3 秒
2024-02-16 00:10:23 查询号码 【1773922】，返回信息 {"status":"ok","msg":"河南-南阳","gid":"268326","time_insert":"2021-07-13 21:04"}
2024-02-16 00:10:23 查询号码 【1773922】，GSD为【"河南-南阳"】

2024-02-16 00:10:24 开始第 4010 次操作

2024-02-16 00:10:24 开始操作号码 【1773923】
2024-02-16 00:10:28 GSD getOne 第 1 次 等待 3 秒
2024-02-16 00:10:31 查询号码 【1773923】，返回信息 {"status":"ok","msg":"河南-南阳","gid":"268318","time_insert":"2021-07-13 21:04"}
2024-02-16 00:10:31 查询号码 【1773923】，GSD为【"河南-南阳"】

2024-02-16 00:10:33 开始第 4011 次操作

2024-02-16 00:10:33 开始操作号码 【1773924】
2024-02-16 00:10:40 GSD getOne 第 1 次 等待 3 秒
2024-02-16 00:10:43 查询号码 【1773924】，返回信息 {"status":"ok","msg":"河南-鹤壁","gid":"268309","time_insert":"2021-07-13 21:03"}
2024-02-16 00:10:43 查询号码 【1773924】，GSD为【"河南-鹤壁"】

2024-02-16 00:10:44 开始第 4012 次操作

2024-02-16 00:10:44 开始操作号码 【1773925】
2024-02-16 00:10:48 GSD getOne 第 1 次 等待 3 秒
2024-02-16 00:10:51 查询号码 【1773925】，返回信息 {"status":"ok","msg":"河南-鹤壁","gid":"268301","time_insert":"2021-07-13 21:03"}
2024-02-16 00:10:51 查询号码 【1773925】，GSD为【"河南-鹤壁"】

2024-02-16 00:34:51 开始第 4013 次操作

2024-02-16 00:34:51 开始操作号码 【1773926】
2024-02-16 00:34:56 GSD getOne 第 1 次 等待 3 秒
2024-02-16 00:34:59 查询号码 【1773926】，返回信息 {"status":"ok","msg":"河南-鹤壁","gid":"268292","time_insert":"2021-07-13 21:03"}
2024-02-16 00:34:59 查询号码 【1773926】，GSD为【"河南-鹤壁"】

2024-02-16 00:35:00 开始第 4014 次操作

2024-02-16 00:35:00 开始操作号码 【1773927】
2024-02-16 00:35:06 GSD getOne 第 1 次 等待 3 秒
2024-02-16 00:35:09 查询号码 【1773927】，返回信息 {"status":"ok","msg":"河南-平顶山","gid":"268285","time_insert":"2021-07-13 21:02"}
2024-02-16 00:35:09 查询号码 【1773927】，GSD为【"河南-平顶山"】

2024-02-16 00:35:10 开始第 4015 次操作

2024-02-16 00:35:10 开始操作号码 【1773928】
2024-02-16 00:35:14 GSD getOne 第 1 次 等待 3 秒
2024-02-16 00:35:17 查询号码 【1773928】，返回信息 {"status":"ok","msg":"河南-平顶山","gid":"268277","time_insert":"2021-07-13 21:02"}
2024-02-16 00:35:18 查询号码 【1773928】，GSD为【"河南-平顶山"】

2024-02-16 00:35:19 开始第 4016 次操作

2024-02-16 00:35:19 开始操作号码 【1773929】
2024-02-16 00:35:24 GSD getOne 第 1 次 等待 3 秒
2024-02-16 00:35:27 查询号码 【1773929】，返回信息 {"status":"ok","msg":"河南-南阳","gid":"268273","time_insert":"2021-07-13 21:02"}
2024-02-16 00:35:27 查询号码 【1773929】，GSD为【"河南-南阳"】

