2024-01-17 00:11:50 开始第 9369 次操作

2024-01-17 00:11:50 开始操作号码 【1889282】
2024-01-17 00:11:54 GSD getOne 第 1 次 等待 3 秒
2024-01-17 00:11:57 查询号码 【1889282】，返回信息 {"status":"ok","msg":"四川-凉山","gid":"421679","time_insert":"2021-07-28 05:58"}
2024-01-17 00:11:57 查询号码 【1889282】，GSD为【"四川-凉山"】

2024-01-17 00:11:58 开始第 9370 次操作

2024-01-17 00:11:58 开始操作号码 【1889283】
2024-01-17 00:12:04 GSD getOne 第 1 次 等待 3 秒
2024-01-17 00:12:07 查询号码 【1889283】，返回信息 {"status":"ok","msg":"四川-凉山","gid":"44788","time_insert":"2018-04-15 10:23","time_update":"2020-11-14 04:00"}
2024-01-17 00:12:08 查询号码 【1889283】，GSD为【"四川-凉山"】

2024-01-17 00:12:09 开始第 9371 次操作

2024-01-17 00:12:09 开始操作号码 【1889284】
2024-01-17 00:12:13 GSD getOne 第 1 次 等待 3 秒
2024-01-17 00:12:16 查询号码 【1889284】，返回信息 {"status":"ok","msg":"四川-凉山","gid":"421662","time_insert":"2021-07-28 05:57"}
2024-01-17 00:12:16 查询号码 【1889284】，GSD为【"四川-凉山"】

2024-01-17 00:12:17 开始第 9372 次操作

2024-01-17 00:12:17 开始操作号码 【1889285】
2024-01-17 00:12:21 GSD getOne 第 1 次 等待 3 秒
2024-01-17 00:12:24 查询号码 【1889285】，返回信息 {"status":"ok","msg":"四川-凉山","gid":"44789","time_insert":"2016-11-06 22:29","time_update":"2020-11-14 04:04"}
2024-01-17 00:12:24 查询号码 【1889285】，GSD为【"四川-凉山"】

2024-01-17 00:38:48 开始第 9373 次操作

2024-01-17 00:38:48 开始操作号码 【1889286】
2024-01-17 00:39:15 GSD getOne 第 1 次 等待 3 秒
2024-01-17 00:39:18 查询号码 【1889286】，返回信息 {"status":"ok","msg":"四川-凉山","gid":"44790","time_insert":"2016-10-16 20:59","time_update":"2020-12-20 03:58"}
2024-01-17 00:39:18 查询号码 【1889286】，GSD为【"四川-凉山"】

2024-01-17 00:39:19 开始第 9374 次操作

2024-01-17 00:39:19 开始操作号码 【1889287】
2024-01-17 00:39:23 GSD getOne 第 1 次 等待 3 秒
2024-01-17 00:39:26 查询号码 【1889287】，返回信息 {"status":"ok","msg":"四川-凉山","gid":"421635","time_insert":"2021-07-28 05:55"}
2024-01-17 00:39:26 查询号码 【1889287】，GSD为【"四川-凉山"】

2024-01-17 00:39:27 开始第 9375 次操作

2024-01-17 00:39:27 开始操作号码 【1889288】
2024-01-17 00:39:32 GSD getOne 第 1 次 等待 3 秒
2024-01-17 00:39:35 查询号码 【1889288】，返回信息 {"status":"ok","msg":"四川-凉山","gid":"44791","time_insert":"2017-12-13 20:51","time_update":"2020-11-14 04:07"}
2024-01-17 00:39:35 查询号码 【1889288】，GSD为【"四川-凉山"】

2024-01-17 00:39:36 开始第 9376 次操作

2024-01-17 00:39:36 开始操作号码 【1889289】
2024-01-17 00:39:40 GSD getOne 第 1 次 等待 3 秒
2024-01-17 00:39:43 查询号码 【1889289】，返回信息 {"status":"ok","msg":"四川-凉山","gid":"44792","time_insert":"2017-05-04 14:31","time_update":"2020-11-14 04:11"}
2024-01-17 00:39:43 查询号码 【1889289】，GSD为【"四川-凉山"】

2024-01-17 01:08:29 开始第 9377 次操作

2024-01-17 01:08:29 开始操作号码 【1889290】
2024-01-17 01:08:35 GSD getOne 第 1 次 等待 3 秒
2024-01-17 01:08:38 查询号码 【1889290】，返回信息 {"status":"ok","msg":"新疆-克孜勒苏","gid":"421608","time_insert":"2021-07-28 05:53"}
2024-01-17 01:08:38 查询号码 【1889290】，GSD为【"新疆-克孜勒苏"】

2024-01-17 01:08:39 开始第 9378 次操作

2024-01-17 01:08:39 开始操作号码 【1889291】
2024-01-17 01:08:43 GSD getOne 第 1 次 等待 3 秒
2024-01-17 01:08:46 查询号码 【1889291】，返回信息 {"status":"ok","msg":"新疆-阿勒泰","gid":"44793","time_insert":"2017-04-29 10:13","time_update":"2020-12-23 11:55"}
2024-01-17 01:08:46 查询号码 【1889291】，GSD为【"新疆-阿勒泰"】

2024-01-17 01:08:47 开始第 9379 次操作

2024-01-17 01:08:47 开始操作号码 【1889292】
2024-01-17 01:08:51 GSD getOne 第 1 次 等待 3 秒
2024-01-17 01:08:54 查询号码 【1889292】，返回信息 {"status":"ok","msg":"新疆-博乐","gid":"421592","time_insert":"2021-07-28 05:52"}
2024-01-17 01:08:54 查询号码 【1889292】，GSD为【"新疆-博乐"】

2024-01-17 01:08:55 开始第 9380 次操作

2024-01-17 01:08:55 开始操作号码 【1889293】
2024-01-17 01:08:59 GSD getOne 第 1 次 等待 3 秒
2024-01-17 01:09:02 查询号码 【1889293】，返回信息 {"status":"ok","msg":"新疆-塔城","gid":"421579","time_insert":"2021-07-28 05:52"}
2024-01-17 01:09:02 查询号码 【1889293】，GSD为【"新疆-塔城"】

2024-01-17 01:33:47 开始第 9381 次操作

2024-01-17 01:33:47 开始操作号码 【1889294】
2024-01-17 01:33:53 GSD getOne 第 1 次 等待 3 秒
2024-01-17 01:33:56 查询号码 【1889294】，返回信息 {"status":"ok","msg":"新疆-吐鲁番","gid":"421568","time_insert":"2021-07-28 05:51"}
2024-01-17 01:33:56 查询号码 【1889294】，GSD为【"新疆-吐鲁番"】

2024-01-17 01:33:57 开始第 9382 次操作

2024-01-17 01:33:57 开始操作号码 【1889295】
2024-01-17 01:34:01 GSD getOne 第 1 次 等待 3 秒
2024-01-17 01:34:04 查询号码 【1889295】，返回信息 {"status":"ok","msg":"新疆-乌鲁木齐","gid":"421556","time_insert":"2021-07-28 05:50"}
2024-01-17 01:34:04 查询号码 【1889295】，GSD为【"新疆-乌鲁木齐"】

2024-01-17 01:34:05 开始第 9383 次操作

2024-01-17 01:34:05 开始操作号码 【1889296】
2024-01-17 01:34:09 GSD getOne 第 1 次 等待 3 秒
2024-01-17 01:34:12 查询号码 【1889296】，返回信息 {"status":"ok","msg":"新疆-乌鲁木齐","gid":"421544","time_insert":"2021-07-28 05:49"}
2024-01-17 01:34:12 查询号码 【1889296】，GSD为【"新疆-乌鲁木齐"】

2024-01-17 01:34:13 开始第 9384 次操作

2024-01-17 01:34:13 开始操作号码 【1889297】
2024-01-17 01:34:17 GSD getOne 第 1 次 等待 3 秒
2024-01-17 01:34:20 查询号码 【1889297】，返回信息 {"status":"ok","msg":"新疆-奎屯","gid":"44794","time_insert":"2018-12-03 08:59","time_update":"2020-12-23 11:29"}
2024-01-17 01:34:20 查询号码 【1889297】，GSD为【"新疆-奎屯"】

2024-01-17 02:11:26 开始第 9385 次操作

2024-01-17 02:11:26 开始操作号码 【1889298】
2024-01-17 02:11:30 GSD getOne 第 1 次 等待 3 秒
2024-01-17 02:11:33 查询号码 【1889298】，返回信息 {"status":"ok","msg":"新疆-克拉玛依","gid":"421528","time_insert":"2021-07-28 05:48"}
2024-01-17 02:11:33 查询号码 【1889298】，GSD为【"新疆-克拉玛依"】

2024-01-17 02:11:34 开始第 9386 次操作

2024-01-17 02:11:34 开始操作号码 【1889299】
2024-01-17 02:11:38 GSD getOne 第 1 次 等待 3 秒
2024-01-17 02:11:41 查询号码 【1889299】，返回信息 {"status":"ok","msg":"新疆-石河子","gid":"421515","time_insert":"2021-07-28 05:47"}
2024-01-17 02:11:41 查询号码 【1889299】，GSD为【"新疆-石河子"】

2024-01-17 02:11:42 开始第 9387 次操作

2024-01-17 02:11:42 开始操作号码 【1889300】
2024-01-17 02:11:47 GSD getOne 第 1 次 等待 3 秒
2024-01-17 02:11:50 查询号码 【1889300】，返回信息 {"status":"ok","msg":"甘肃-白银","gid":"421503","time_insert":"2021-07-28 05:47"}
2024-01-17 02:11:50 查询号码 【1889300】，GSD为【"甘肃-白银"】

2024-01-17 02:11:51 开始第 9388 次操作

2024-01-17 02:11:51 开始操作号码 【1889301】
2024-01-17 02:11:55 GSD getOne 第 1 次 等待 3 秒
2024-01-17 02:11:58 查询号码 【1889301】，返回信息 {"status":"ok","msg":"甘肃-白银","gid":"421493","time_insert":"2021-07-28 05:46"}
2024-01-17 02:11:58 查询号码 【1889301】，GSD为【"甘肃-白银"】

2024-01-17 02:34:48 开始第 9389 次操作

2024-01-17 02:34:48 开始操作号码 【1889302】
2024-01-17 02:34:52 GSD getOne 第 1 次 等待 3 秒
2024-01-17 02:34:55 查询号码 【1889302】，返回信息 {"status":"ok","msg":"甘肃-白银","gid":"421481","time_insert":"2021-07-28 05:45"}
2024-01-17 02:34:55 查询号码 【1889302】，GSD为【"甘肃-白银"】

2024-01-17 02:34:56 开始第 9390 次操作

2024-01-17 02:34:56 开始操作号码 【1889303】
2024-01-17 02:35:00 GSD getOne 第 1 次 等待 3 秒
2024-01-17 02:35:03 查询号码 【1889303】，返回信息 {"status":"ok","msg":"甘肃-白银","gid":"421469","time_insert":"2021-07-28 05:44"}
2024-01-17 02:35:03 查询号码 【1889303】，GSD为【"甘肃-白银"】

2024-01-17 02:35:04 开始第 9391 次操作

2024-01-17 02:35:04 开始操作号码 【1889304】
2024-01-17 02:35:08 GSD getOne 第 1 次 等待 3 秒
2024-01-17 02:35:11 查询号码 【1889304】，返回信息 {"status":"ok","msg":"甘肃-白银","gid":"421457","time_insert":"2021-07-28 05:43"}
2024-01-17 02:35:11 查询号码 【1889304】，GSD为【"甘肃-白银"】

2024-01-17 02:35:12 开始第 9392 次操作

2024-01-17 02:35:12 开始操作号码 【1889305】
2024-01-17 02:35:16 GSD getOne 第 1 次 等待 3 秒
2024-01-17 02:35:19 查询号码 【1889305】，返回信息 {"status":"ok","msg":"甘肃-天水","gid":"421442","time_insert":"2021-07-28 05:43"}
2024-01-17 02:35:19 查询号码 【1889305】，GSD为【"甘肃-天水"】

2024-01-17 03:07:19 开始第 9393 次操作

2024-01-17 03:07:19 开始操作号码 【1889306】
2024-01-17 03:07:25 GSD getOne 第 1 次 等待 3 秒
2024-01-17 03:07:28 查询号码 【1889306】，返回信息 {"status":"ok","msg":"甘肃-天水","gid":"44795","time_insert":"2020-06-04 15:53","time_update":"2021-06-21 19:47"}
2024-01-17 03:07:28 查询号码 【1889306】，GSD为【"甘肃-天水"】

2024-01-17 03:07:29 开始第 9394 次操作

2024-01-17 03:07:29 开始操作号码 【1889307】
2024-01-17 03:07:33 GSD getOne 第 1 次 等待 3 秒
2024-01-17 03:07:36 查询号码 【1889307】，返回信息 {"status":"ok","msg":"甘肃-天水","gid":"421430","time_insert":"2021-07-28 05:42"}
2024-01-17 03:07:36 查询号码 【1889307】，GSD为【"甘肃-天水"】

2024-01-17 03:07:37 开始第 9395 次操作

2024-01-17 03:07:37 开始操作号码 【1889308】
2024-01-17 03:07:41 GSD getOne 第 1 次 等待 3 秒
2024-01-17 03:07:44 查询号码 【1889308】，返回信息 {"status":"ok","msg":"甘肃-天水","gid":"421421","time_insert":"2021-07-28 05:41"}
2024-01-17 03:07:44 查询号码 【1889308】，GSD为【"甘肃-天水"】

2024-01-17 03:07:45 开始第 9396 次操作

2024-01-17 03:07:45 开始操作号码 【1889309】
2024-01-17 03:07:48 GSD getOne 第 1 次 等待 3 秒
2024-01-17 03:07:51 查询号码 【1889309】，返回信息 {"status":"ok","msg":"甘肃-天水","gid":"421355","time_insert":"2021-07-28 05:11"}
2024-01-17 03:07:51 查询号码 【1889309】，GSD为【"甘肃-天水"】

