2024-02-27 00:11:10 开始第 6033 次操作

2024-02-27 00:11:10 开始操作号码 【1775946】
2024-02-27 00:11:16 GSD getOne 第 1 次 等待 3 秒
2024-02-27 00:11:19 查询号码 【1775946】，返回信息 {"status":"ok","msg":"福建-福州","gid":"245010","time_insert":"2021-07-11 03:42"}
2024-02-27 00:11:19 查询号码 【1775946】，GSD为【"福建-福州"】

2024-02-27 00:11:20 开始第 6034 次操作

2024-02-27 00:11:20 开始操作号码 【1775947】
2024-02-27 00:11:26 GSD getOne 第 1 次 等待 3 秒
2024-02-27 00:11:29 查询号码 【1775947】，返回信息 {"status":"ok","msg":"福建-福州","gid":"245001","time_insert":"2021-07-11 03:42"}
2024-02-27 00:11:29 查询号码 【1775947】，GSD为【"福建-福州"】

2024-02-27 00:11:30 开始第 6035 次操作

2024-02-27 00:11:30 开始操作号码 【1775948】
2024-02-27 00:11:34 GSD getOne 第 1 次 等待 3 秒
2024-02-27 00:11:37 查询号码 【1775948】，返回信息 {"status":"ok","msg":"福建-福州","gid":"244993","time_insert":"2021-07-11 03:41"}
2024-02-27 00:11:37 查询号码 【1775948】，GSD为【"福建-福州"】

2024-02-27 00:11:38 开始第 6036 次操作

2024-02-27 00:11:38 开始操作号码 【1775949】
2024-02-27 00:11:43 GSD getOne 第 1 次 等待 3 秒
2024-02-27 00:11:46 查询号码 【1775949】，返回信息 {"status":"ok","msg":"福建-莆田","gid":"244987","time_insert":"2021-07-11 03:41"}
2024-02-27 00:11:46 查询号码 【1775949】，GSD为【"福建-莆田"】

