2023-10-17 00:11:33 开始第 3589 次操作

2023-10-17 00:11:33 开始操作号码 【1983502】
2023-10-17 00:11:38 GSD getOne 第 1 次 等待 3 秒
2023-10-17 00:11:41 查询号码 【1983502】，返回信息 {"status":"ok","msg":"山西-运城","gid":"503279","time_insert":"2021-08-11 05:26"}
2023-10-17 00:11:41 查询号码 【1983502】，GSD为【"山西-运城"】

2023-10-17 00:11:42 开始第 3590 次操作

2023-10-17 00:11:42 开始操作号码 【1983503】
2023-10-17 00:11:45 GSD getOne 第 1 次 等待 3 秒
2023-10-17 00:11:48 查询号码 【1983503】，返回信息 {"status":"ok","msg":"山西-运城","gid":"503287","time_insert":"2021-08-11 05:32"}
2023-10-17 00:11:48 查询号码 【1983503】，GSD为【"山西-运城"】

2023-10-17 00:11:49 开始第 3591 次操作

2023-10-17 00:11:49 开始操作号码 【1983504】
2023-10-17 00:12:54 GSD getOne 第 1 次 等待 3 秒
2023-10-17 00:12:57 查询号码 【1983504】，返回信息 {"status":"ok","msg":"山西-朔州","gid":"503293","time_insert":"2021-08-11 05:36"}
2023-10-17 00:12:57 查询号码 【1983504】，GSD为【"山西-朔州"】

2023-10-17 00:12:58 开始第 3592 次操作

2023-10-17 00:12:58 开始操作号码 【1983505】
2023-10-17 00:13:01 GSD getOne 第 1 次 等待 3 秒
2023-10-17 00:13:04 查询号码 【1983505】，返回信息 {"status":"ok","msg":"山西-朔州","gid":"503300","time_insert":"2021-08-11 05:41"}
2023-10-17 00:13:04 查询号码 【1983505】，GSD为【"山西-朔州"】

