2024-02-25 00:09:17 开始第 5665 次操作

2024-02-25 00:09:17 开始操作号码 【1775578】
2024-02-25 00:09:23 GSD getOne 第 1 次 等待 3 秒
2024-02-25 00:09:26 查询号码 【1775578】，返回信息 {"status":"ok","msg":"安徽-宿州","gid":"249563","time_insert":"2021-07-11 16:49"}
2024-02-25 00:09:26 查询号码 【1775578】，GSD为【"安徽-宿州"】

2024-02-25 00:09:27 开始第 5666 次操作

2024-02-25 00:09:27 开始操作号码 【1775579】
2024-02-25 00:09:32 GSD getOne 第 1 次 等待 3 秒
2024-02-25 00:09:35 查询号码 【1775579】，返回信息 {"status":"ok","msg":"安徽-宿州","gid":"249559","time_insert":"2021-07-11 16:48"}
2024-02-25 00:09:35 查询号码 【1775579】，GSD为【"安徽-宿州"】

2024-02-25 00:09:36 开始第 5667 次操作

2024-02-25 00:09:36 开始操作号码 【1775580】
2024-02-25 00:09:42 GSD getOne 第 1 次 等待 3 秒
2024-02-25 00:09:45 查询号码 【1775580】，返回信息 {"status":"ok","msg":"安徽-阜阳","gid":"249551","time_insert":"2021-07-11 16:48"}
2024-02-25 00:09:45 查询号码 【1775580】，GSD为【"安徽-阜阳"】

2024-02-25 00:09:46 开始第 5668 次操作

2024-02-25 00:09:46 开始操作号码 【1775581】
2024-02-25 00:09:51 GSD getOne 第 1 次 等待 3 秒
2024-02-25 00:09:54 查询号码 【1775581】，返回信息 {"status":"ok","msg":"安徽-阜阳","gid":"249542","time_insert":"2021-07-11 16:48"}
2024-02-25 00:09:55 查询号码 【1775581】，GSD为【"安徽-阜阳"】

