2024-11-09 00:14:14 开始第 3961 次操作

2024-11-09 00:14:14 开始操作号码 【1333960】
2024-11-09 00:14:15 GSD getOne 第 1 次 等待 3 秒
2024-11-09 00:14:18 查询号码 【1333960】，返回信息 {"status":"ok","msg":"贵州-贵阳","gid":"70052","time_insert":"2021-05-27 11:56","time_update":"2021-05-27 14:38"}
2024-11-09 00:14:18 查询号码 【1333960】，GSD为【"贵州-贵阳"】

2024-11-09 00:14:19 开始第 3962 次操作

2024-11-09 00:14:19 开始操作号码 【1333961】
2024-11-09 00:14:20 GSD getOne 第 1 次 等待 3 秒
2024-11-09 00:14:23 查询号码 【1333961】，返回信息 {"status":"ok","msg":"贵州-贵阳","gid":"151979","time_insert":"2021-06-29 07:23"}
2024-11-09 00:14:24 查询号码 【1333961】，GSD为【"贵州-贵阳"】

2024-11-09 00:14:25 开始第 3963 次操作

2024-11-09 00:14:25 开始操作号码 【1333962】
2024-11-09 00:14:26 GSD getOne 第 1 次 等待 3 秒
2024-11-09 00:14:29 查询号码 【1333962】，返回信息 {"status":"ok","msg":"贵州-遵义","gid":"3132","time_insert":"2017-04-28 15:46","time_update":"2020-11-17 15:12"}
2024-11-09 00:14:29 查询号码 【1333962】，GSD为【"贵州-遵义"】

2024-11-09 00:14:30 开始第 3964 次操作

2024-11-09 00:14:30 开始操作号码 【1333963】
2024-11-09 00:14:31 GSD getOne 第 1 次 等待 3 秒
2024-11-09 00:14:34 查询号码 【1333963】，返回信息 {"status":"ok","msg":"贵州-安顺","gid":"152011","time_insert":"2021-06-29 07:42"}
2024-11-09 00:14:34 查询号码 【1333963】，GSD为【"贵州-安顺"】

2024-11-09 00:41:49 开始第 3965 次操作

2024-11-09 00:41:49 开始操作号码 【1333964】
2024-11-09 00:41:50 GSD getOne 第 1 次 等待 3 秒
2024-11-09 00:41:53 查询号码 【1333964】，返回信息 {"status":"ok","msg":"贵州-都匀","gid":"3133","time_insert":"2017-08-12 08:23","time_update":"2020-11-17 15:16"}
2024-11-09 00:41:53 查询号码 【1333964】，GSD为【"贵州-都匀"】

2024-11-09 00:41:54 开始第 3966 次操作

2024-11-09 00:41:54 开始操作号码 【1333965】
2024-11-09 00:41:55 GSD getOne 第 1 次 等待 3 秒
2024-11-09 00:41:58 查询号码 【1333965】，返回信息 {"status":"ok","msg":"贵州-凯里","gid":"152237","time_insert":"2021-06-29 08:03"}
2024-11-09 00:41:58 查询号码 【1333965】，GSD为【"贵州-凯里"】

2024-11-09 00:41:59 开始第 3967 次操作

2024-11-09 00:41:59 开始操作号码 【1333966】
2024-11-09 00:42:00 GSD getOne 第 1 次 等待 3 秒
2024-11-09 00:42:03 查询号码 【1333966】，返回信息 {"status":"ok","msg":"贵州-铜仁","gid":"3134","time_insert":"2018-05-17 07:08","time_update":"2020-11-17 15:21"}
2024-11-09 00:42:03 查询号码 【1333966】，GSD为【"贵州-铜仁"】

2024-11-09 00:42:04 开始第 3968 次操作

2024-11-09 00:42:04 开始操作号码 【1333967】
2024-11-09 00:42:05 GSD getOne 第 1 次 等待 3 秒
2024-11-09 00:42:08 查询号码 【1333967】，返回信息 {"status":"ok","msg":"贵州-毕节","gid":"152306","time_insert":"2021-06-29 08:27"}
2024-11-09 00:42:08 查询号码 【1333967】，GSD为【"贵州-毕节"】

2024-11-09 01:10:44 开始第 3969 次操作

2024-11-09 01:10:44 开始操作号码 【1333968】
2024-11-09 01:10:46 GSD getOne 第 1 次 等待 3 秒
2024-11-09 01:10:49 查询号码 【1333968】，返回信息 {"status":"ok","msg":"贵州-六盘水","gid":"152329","time_insert":"2021-06-29 08:43"}
2024-11-09 01:10:49 查询号码 【1333968】，GSD为【"贵州-六盘水"】

2024-11-09 01:10:50 开始第 3970 次操作

2024-11-09 01:10:50 开始操作号码 【1333969】
2024-11-09 01:10:51 GSD getOne 第 1 次 等待 3 秒
2024-11-09 01:10:54 查询号码 【1333969】，返回信息 {"status":"ok","msg":"贵州-兴义","gid":"152356","time_insert":"2021-06-29 09:05"}
2024-11-09 01:10:54 查询号码 【1333969】，GSD为【"贵州-兴义"】

2024-11-09 01:10:55 开始第 3971 次操作

2024-11-09 01:10:55 开始操作号码 【1333970】
2024-11-09 01:10:56 GSD getOne 第 1 次 等待 3 秒
2024-11-09 01:10:59 查询号码 【1333970】，返回信息 {"status":"ok","msg":"湖北-仙桃","gid":"152378","time_insert":"2021-06-29 09:22"}
2024-11-09 01:10:59 查询号码 【1333970】，GSD为【"湖北-仙桃"】

2024-11-09 01:11:00 开始第 3972 次操作

2024-11-09 01:11:00 开始操作号码 【1333971】
2024-11-09 01:11:01 GSD getOne 第 1 次 等待 3 秒
2024-11-09 01:11:04 查询号码 【1333971】，返回信息 {"status":"ok","msg":"湖北-仙桃","gid":"152410","time_insert":"2021-06-29 09:44"}
2024-11-09 01:11:04 查询号码 【1333971】，GSD为【"湖北-仙桃"】

