2024-09-19 00:13:26 开始第 5393 次操作

2024-09-19 00:13:26 开始操作号码 【1445390】
2024-09-19 00:13:35 GSD getOne 第 1 次 等待 3 秒
2024-09-19 00:13:38 查询号码 【1445390】，返回信息 {"status":"ok","msg":"-","gid":"638922","time_insert":"2023-04-06 21:19"}
2024-09-19 00:13:38 查询号码 【1445390】，GSD为【"-"】
2024-09-19 00:13:38 ok && -
2024-09-19 00:13:40 CHB 1445390?1726676018 第 1 次 等待 3 秒
2024-09-19 00:13:43 CHB 1445390?1726676018 第 1 次 获取到号码【1445390】GSD
2024-09-19 00:13:43 未获取到号码【1445390】GSD，可能号码格式错误
2024-09-19 00:13:43 获取到号码【1445390】的GSD为【-】
2024-09-19 00:13:51 GSD insert 第 1 次 等待 3 秒
2024-09-19 00:13:54 {"status":"bad","gid":"638922","msg":"添加失败！号码【1445390(-|-)】已存在！"}
2024-09-19 00:13:54 随机等待 122 秒，约 2 分钟
2024-09-19 00:13:54 下次操作: 2024-09-19 00:15:56

2024-09-19 00:15:56 开始第 5394 次操作

2024-09-19 00:15:56 开始操作号码 【1445391】
2024-09-19 00:16:04 GSD getOne 第 1 次 等待 3 秒
2024-09-19 00:16:07 查询号码 【1445391】，返回信息 {"status":"ok","msg":"-","gid":"638934","time_insert":"2023-04-06 21:29"}
2024-09-19 00:16:07 查询号码 【1445391】，GSD为【"-"】
2024-09-19 00:16:07 ok && -
2024-09-19 00:16:09 CHB 1445391?1726676167 第 1 次 等待 3 秒
2024-09-19 00:16:12 CHB 1445391?1726676167 第 1 次 获取到号码【1445391】GSD
2024-09-19 00:16:12 未获取到号码【1445391】GSD，可能号码格式错误
2024-09-19 00:16:12 获取到号码【1445391】的GSD为【-】
2024-09-19 00:16:21 GSD insert 第 1 次 等待 3 秒
2024-09-19 00:16:24 {"status":"bad","gid":"638934","msg":"添加失败！号码【1445391(-|-)】已存在！"}
2024-09-19 00:16:24 随机等待 234 秒，约 3 分钟
2024-09-19 00:16:24 下次操作: 2024-09-19 00:20:18

2024-09-19 00:20:18 开始第 5395 次操作

2024-09-19 00:20:18 开始操作号码 【1445392】
2024-09-19 00:20:26 GSD getOne 第 1 次 等待 3 秒
2024-09-19 00:20:29 查询号码 【1445392】，返回信息 {"status":"ok","msg":"-","gid":"638968","time_insert":"2023-04-06 21:51"}
2024-09-19 00:20:29 查询号码 【1445392】，GSD为【"-"】
2024-09-19 00:20:29 ok && -
2024-09-19 00:20:31 CHB 1445392?1726676429 第 1 次 等待 3 秒
2024-09-19 00:20:34 CHB 1445392?1726676429 第 1 次 获取到号码【1445392】GSD
2024-09-19 00:20:34 未获取到号码【1445392】GSD，可能号码格式错误
2024-09-19 00:20:34 获取到号码【1445392】的GSD为【-】
2024-09-19 00:20:44 GSD insert 第 1 次 等待 3 秒
2024-09-19 00:20:47 {"status":"bad","gid":"638968","msg":"添加失败！号码【1445392(-|-)】已存在！"}
2024-09-19 00:20:47 随机等待 211 秒，约 3 分钟
2024-09-19 00:20:47 下次操作: 2024-09-19 00:24:18

2024-09-19 00:24:18 开始第 5396 次操作

2024-09-19 00:24:18 开始操作号码 【1445393】
2024-09-19 00:24:32 GSD getOne 第 1 次 等待 3 秒
2024-09-19 00:24:35 查询号码 【1445393】，返回信息 {"status":"ok","msg":"-","gid":"638995","time_insert":"2023-04-06 22:09"}
2024-09-19 00:24:35 查询号码 【1445393】，GSD为【"-"】
2024-09-19 00:24:35 ok && -
2024-09-19 00:24:37 CHB 1445393?1726676675 第 1 次 等待 3 秒
2024-09-19 00:24:40 CHB 1445393?1726676675 第 1 次 获取到号码【1445393】GSD
2024-09-19 00:24:40 未获取到号码【1445393】GSD，可能号码格式错误
2024-09-19 00:24:40 获取到号码【1445393】的GSD为【-】
2024-09-19 00:24:48 GSD insert 第 1 次 等待 3 秒
2024-09-19 00:24:51 {"status":"bad","gid":"638995","msg":"添加失败！号码【1445393(-|-)】已存在！"}

2024-09-19 00:40:59 开始第 5397 次操作

2024-09-19 00:40:59 开始操作号码 【1445394】
2024-09-19 00:41:08 GSD getOne 第 1 次 等待 3 秒
2024-09-19 00:41:11 查询号码 【1445394】，返回信息 {"status":"ok","msg":"-","gid":"639597","time_insert":"2023-04-07 17:08"}
2024-09-19 00:41:11 查询号码 【1445394】，GSD为【"-"】
2024-09-19 00:41:11 ok && -
2024-09-19 00:41:14 CHB 1445394?1726677671 第 1 次 等待 3 秒
2024-09-19 00:41:17 CHB 1445394?1726677671 第 1 次 获取到号码【1445394】GSD
2024-09-19 00:41:17 未获取到号码【1445394】GSD，可能号码格式错误
2024-09-19 00:41:17 获取到号码【1445394】的GSD为【-】
2024-09-19 00:41:25 GSD insert 第 1 次 等待 3 秒
2024-09-19 00:41:28 {"status":"bad","gid":"639597","msg":"添加失败！号码【1445394(-|-)】已存在！"}
2024-09-19 00:41:28 随机等待 148 秒，约 2 分钟
2024-09-19 00:41:28 下次操作: 2024-09-19 00:43:56

2024-09-19 00:43:56 开始第 5398 次操作

2024-09-19 00:43:56 开始操作号码 【1445395】
2024-09-19 00:44:06 GSD getOne 第 1 次 等待 3 秒
2024-09-19 00:44:09 查询号码 【1445395】，返回信息 {"status":"ok","msg":"-","gid":"639634","time_insert":"2023-04-07 17:30"}
2024-09-19 00:44:09 查询号码 【1445395】，GSD为【"-"】
2024-09-19 00:44:09 ok && -
2024-09-19 00:44:10 CHB 1445395?1726677849 第 1 次 等待 3 秒
2024-09-19 00:44:13 CHB 1445395?1726677849 第 1 次 获取到号码【1445395】GSD
2024-09-19 00:44:13 未获取到号码【1445395】GSD，可能号码格式错误
2024-09-19 00:44:13 获取到号码【1445395】的GSD为【-】
2024-09-19 00:44:22 GSD insert 第 1 次 等待 3 秒
2024-09-19 00:44:25 {"status":"bad","gid":"639634","msg":"添加失败！号码【1445395(-|-)】已存在！"}
2024-09-19 00:44:25 随机等待 144 秒，约 2 分钟
2024-09-19 00:44:25 下次操作: 2024-09-19 00:46:49

2024-09-19 00:46:49 开始第 5399 次操作

2024-09-19 00:46:49 开始操作号码 【1445396】
2024-09-19 00:46:59 GSD getOne 第 1 次 等待 3 秒
2024-09-19 00:47:02 查询号码 【1445396】，返回信息 {"status":"ok","msg":"-","gid":"639661","time_insert":"2023-04-07 17:46"}
2024-09-19 00:47:02 查询号码 【1445396】，GSD为【"-"】
2024-09-19 00:47:02 ok && -
2024-09-19 00:47:08 CHB 1445396?1726678022 第 1 次 等待 3 秒
2024-09-19 00:47:11 CHB 1445396?1726678022 第 1 次 获取到号码【1445396】GSD
2024-09-19 00:47:11 未获取到号码【1445396】GSD，可能号码格式错误
2024-09-19 00:47:11 获取到号码【1445396】的GSD为【-】
2024-09-19 00:47:19 GSD insert 第 1 次 等待 3 秒
2024-09-19 00:47:22 {"status":"bad","gid":"639661","msg":"添加失败！号码【1445396(-|-)】已存在！"}
2024-09-19 00:47:22 随机等待 174 秒，约 2 分钟
2024-09-19 00:47:22 下次操作: 2024-09-19 00:50:16

2024-09-19 00:50:16 开始第 5400 次操作

2024-09-19 00:50:16 开始操作号码 【1445397】
2024-09-19 00:50:27 GSD getOne 第 1 次 等待 3 秒
2024-09-19 00:50:30 查询号码 【1445397】，返回信息 {"status":"ok","msg":"-","gid":"639692","time_insert":"2023-04-07 18:02"}
2024-09-19 00:50:30 查询号码 【1445397】，GSD为【"-"】
2024-09-19 00:50:30 ok && -
2024-09-19 00:50:32 CHB 1445397?1726678230 第 1 次 等待 3 秒
2024-09-19 00:50:35 CHB 1445397?1726678230 第 1 次 获取到号码【1445397】GSD
2024-09-19 00:50:35 未获取到号码【1445397】GSD，可能号码格式错误
2024-09-19 00:50:35 获取到号码【1445397】的GSD为【-】
2024-09-19 00:50:43 GSD insert 第 1 次 等待 3 秒
2024-09-19 00:50:46 {"status":"bad","gid":"639692","msg":"添加失败！号码【1445397(-|-)】已存在！"}

