2024-06-10 00:10:49 开始第 321 次操作

2024-06-10 00:10:49 开始操作号码 【1550235】
2024-06-10 00:10:55 GSD getOne 第 1 次 等待 3 秒
2024-06-10 00:10:58 查询号码 【1550235】，返回信息 {"status":"ok","msg":"重庆-重庆","gid":"85201","time_insert":"2021-06-07 23:30"}
2024-06-10 00:10:58 查询号码 【1550235】，GSD为【"重庆-重庆"】

2024-06-10 00:10:59 开始第 322 次操作

2024-06-10 00:10:59 开始操作号码 【1550236】
2024-06-10 00:11:05 GSD getOne 第 1 次 等待 3 秒
2024-06-10 00:11:08 查询号码 【1550236】，返回信息 {"status":"ok","msg":"重庆-重庆","gid":"21628","time_insert":"2018-02-01 19:07","time_update":"2021-01-11 04:41"}
2024-06-10 00:11:08 查询号码 【1550236】，GSD为【"重庆-重庆"】

2024-06-10 00:11:09 开始第 323 次操作

2024-06-10 00:11:09 开始操作号码 【1550237】
2024-06-10 00:11:18 GSD getOne 第 1 次 等待 3 秒
2024-06-10 00:11:21 查询号码 【1550237】，返回信息 {"status":"ok","msg":"重庆-重庆","gid":"85227","time_insert":"2021-06-07 23:51"}
2024-06-10 00:11:21 查询号码 【1550237】，GSD为【"重庆-重庆"】

2024-06-10 00:11:22 开始第 324 次操作

2024-06-10 00:11:22 开始操作号码 【1550238】
2024-06-10 00:11:33 GSD getOne 第 1 次 等待 3 秒
2024-06-10 00:11:36 查询号码 【1550238】，返回信息 {"status":"ok","msg":"重庆-重庆","gid":"51478","time_insert":"2021-04-22 09:50"}
2024-06-10 00:11:36 查询号码 【1550238】，GSD为【"重庆-重庆"】

