2023-12-08 00:12:03 开始第 2025 次操作

2023-12-08 00:12:03 开始操作号码 【1881938】
2023-12-08 00:12:07 GSD getOne 第 1 次 等待 3 秒
2023-12-08 00:12:10 查询号码 【1881938】，返回信息 {"status":"ok","msg":"广东-广州","gid":"49714","time_insert":"2021-04-21 14:03"}
2023-12-08 00:12:10 查询号码 【1881938】，GSD为【"广东-广州"】

2023-12-08 00:12:11 开始第 2026 次操作

2023-12-08 00:12:11 开始操作号码 【1881939】
2023-12-08 00:12:15 GSD getOne 第 1 次 等待 3 秒
2023-12-08 00:12:18 查询号码 【1881939】，返回信息 {"status":"ok","msg":"广东-广州","gid":"482265","time_insert":"2021-08-02 19:02"}
2023-12-08 00:12:18 查询号码 【1881939】，GSD为【"广东-广州"】

2023-12-08 00:12:19 开始第 2027 次操作

2023-12-08 00:12:19 开始操作号码 【1881940】
2023-12-08 00:12:23 GSD getOne 第 1 次 等待 3 秒
2023-12-08 00:12:26 查询号码 【1881940】，返回信息 {"status":"ok","msg":"广东-广州","gid":"482438","time_insert":"2021-08-02 19:13"}
2023-12-08 00:12:26 查询号码 【1881940】，GSD为【"广东-广州"】

2023-12-08 00:12:27 开始第 2028 次操作

2023-12-08 00:12:27 开始操作号码 【1881941】
2023-12-08 00:12:30 GSD getOne 第 1 次 等待 3 秒
2023-12-08 00:12:33 查询号码 【1881941】，返回信息 {"status":"ok","msg":"广东-广州","gid":"482452","time_insert":"2021-08-02 19:16"}
2023-12-08 00:12:33 查询号码 【1881941】，GSD为【"广东-广州"】

