2024-02-07 00:10:19 开始第 2353 次操作

2024-02-07 00:10:19 开始操作号码 【1772266】
2024-02-07 00:10:25 GSD getOne 第 1 次 等待 3 秒
2024-02-07 00:10:28 查询号码 【1772266】，返回信息 {"status":"ok","msg":"广东-深圳","gid":"285881","time_insert":"2021-07-15 17:37"}
2024-02-07 00:10:28 查询号码 【1772266】，GSD为【"广东-深圳"】

2024-02-07 00:10:29 开始第 2354 次操作

2024-02-07 00:10:29 开始操作号码 【1772267】
2024-02-07 00:10:35 GSD getOne 第 1 次 等待 3 秒
2024-02-07 00:10:38 查询号码 【1772267】，返回信息 {"status":"ok","msg":"广东-深圳","gid":"285868","time_insert":"2021-07-15 17:37"}
2024-02-07 00:10:38 查询号码 【1772267】，GSD为【"广东-深圳"】

2024-02-07 00:10:39 开始第 2355 次操作

2024-02-07 00:10:39 开始操作号码 【1772268】
2024-02-07 00:10:43 GSD getOne 第 1 次 等待 3 秒
2024-02-07 00:10:46 查询号码 【1772268】，返回信息 {"status":"ok","msg":"广东-深圳","gid":"285844","time_insert":"2021-07-15 17:34"}
2024-02-07 00:10:46 查询号码 【1772268】，GSD为【"广东-深圳"】

2024-02-07 00:10:47 开始第 2356 次操作

2024-02-07 00:10:47 开始操作号码 【1772269】
2024-02-07 00:10:51 GSD getOne 第 1 次 等待 3 秒
2024-02-07 00:10:54 查询号码 【1772269】，返回信息 {"status":"ok","msg":"广东-深圳","gid":"285835","time_insert":"2021-07-15 17:34"}
2024-02-07 00:10:54 查询号码 【1772269】，GSD为【"广东-深圳"】

