2024-06-29 00:11:52 开始第 3777 次操作

2024-06-29 00:11:52 开始操作号码 【1553686】
2024-06-29 00:12:06 GSD getOne 第 1 次 等待 3 秒
2024-06-29 00:12:09 查询号码 【1553686】，返回信息 {"status":"ok","msg":"山西-太原","gid":"290047","time_insert":"2021-07-16 04:20"}
2024-06-29 00:12:09 查询号码 【1553686】，GSD为【"山西-太原"】

2024-06-29 00:12:10 开始第 3778 次操作

2024-06-29 00:12:10 开始操作号码 【1553687】
2024-06-29 00:12:24 GSD getOne 第 1 次 等待 3 秒
2024-06-29 00:12:27 查询号码 【1553687】，返回信息 {"status":"ok","msg":"山西-太原","gid":"290118","time_insert":"2021-07-16 04:40"}
2024-06-29 00:12:27 查询号码 【1553687】，GSD为【"山西-太原"】

2024-06-29 00:12:28 开始第 3779 次操作

2024-06-29 00:12:28 开始操作号码 【1553688】
2024-06-29 00:12:42 GSD getOne 第 1 次 等待 3 秒
2024-06-29 00:12:45 查询号码 【1553688】，返回信息 {"status":"ok","msg":"山西-太原","gid":"50649","time_insert":"2021-04-21 16:49"}
2024-06-29 00:12:45 查询号码 【1553688】，GSD为【"山西-太原"】

2024-06-29 00:12:46 开始第 3780 次操作

2024-06-29 00:12:46 开始操作号码 【1553689】
2024-06-29 00:13:00 GSD getOne 第 1 次 等待 3 秒
2024-06-29 00:13:03 查询号码 【1553689】，返回信息 {"status":"ok","msg":"山西-太原","gid":"290343","time_insert":"2021-07-16 04:58"}
2024-06-29 00:13:03 查询号码 【1553689】，GSD为【"山西-太原"】

