2024-10-04 00:13:26 开始第 7993 次操作

2024-10-04 00:13:26 开始操作号码 【1447987】
2024-10-04 00:13:28 GSD getOne 第 1 次 等待 3 秒
2024-10-04 00:13:31 查询号码 【1447987】，返回信息 {"status":"ok","msg":"-","gid":"684063","time_insert":"2023-04-29 06:22"}
2024-10-04 00:13:31 查询号码 【1447987】，GSD为【"-"】
2024-10-04 00:13:31 ok && -
2024-10-04 00:13:33 CHB 1447987?1727972011 第 1 次 等待 3 秒
2024-10-04 00:13:36 CHB 1447987?1727972011 第 1 次 获取到号码【1447987】GSD
2024-10-04 00:13:36 未获取到号码【1447987】GSD，可能号码格式错误
2024-10-04 00:13:36 获取到号码【1447987】的GSD为【-】
2024-10-04 00:13:38 GSD insert 第 1 次 等待 3 秒
2024-10-04 00:13:41 {"status":"bad","gid":"684063","msg":"添加失败！号码【1447987(-|-)】已存在！"}
2024-10-04 00:13:41 随机等待 96 秒，约 1 分钟
2024-10-04 00:13:41 下次操作: 2024-10-04 00:15:17

2024-10-04 00:15:17 开始第 7994 次操作

2024-10-04 00:15:17 开始操作号码 【1447988】
2024-10-04 00:15:19 GSD getOne 第 1 次 等待 3 秒
2024-10-04 00:15:22 查询号码 【1447988】，返回信息 {"status":"ok","msg":"-","gid":"684052","time_insert":"2023-04-29 06:14"}
2024-10-04 00:15:22 查询号码 【1447988】，GSD为【"-"】
2024-10-04 00:15:22 ok && -
2024-10-04 00:15:24 CHB 1447988?1727972122 第 1 次 等待 3 秒
2024-10-04 00:15:27 CHB 1447988?1727972122 第 1 次 获取到号码【1447988】GSD
2024-10-04 00:15:27 未获取到号码【1447988】GSD，可能号码格式错误
2024-10-04 00:15:27 获取到号码【1447988】的GSD为【-】
2024-10-04 00:15:28 GSD insert 第 1 次 等待 3 秒
2024-10-04 00:15:31 {"status":"bad","gid":"684052","msg":"添加失败！号码【1447988(-|-)】已存在！"}
2024-10-04 00:15:31 随机等待 72 秒，约 1 分钟
2024-10-04 00:15:31 下次操作: 2024-10-04 00:16:43

2024-10-04 00:16:43 开始第 7995 次操作

2024-10-04 00:16:43 开始操作号码 【1447989】
2024-10-04 00:16:52 GSD getOne 第 1 次 等待 3 秒
2024-10-04 00:16:55 查询号码 【1447989】，返回信息 {"status":"ok","msg":"-","gid":"684047","time_insert":"2023-04-29 06:12"}
2024-10-04 00:16:55 查询号码 【1447989】，GSD为【"-"】
2024-10-04 00:16:55 ok && -
2024-10-04 00:16:57 CHB 1447989?1727972215 第 1 次 等待 3 秒
2024-10-04 00:17:00 CHB 1447989?1727972215 第 1 次 获取到号码【1447989】GSD
2024-10-04 00:17:00 未获取到号码【1447989】GSD，可能号码格式错误
2024-10-04 00:17:00 获取到号码【1447989】的GSD为【-】
2024-10-04 00:17:02 GSD insert 第 1 次 等待 3 秒
2024-10-04 00:17:05 {"status":"bad","gid":"684047","msg":"添加失败！号码【1447989(-|-)】已存在！"}
2024-10-04 00:17:05 随机等待 204 秒，约 3 分钟
2024-10-04 00:17:05 下次操作: 2024-10-04 00:20:29

2024-10-04 00:20:29 开始第 7996 次操作

2024-10-04 00:20:29 开始操作号码 【1447990】
2024-10-04 00:20:34 GSD getOne 第 1 次 等待 3 秒
2024-10-04 00:20:37 查询号码 【1447990】，返回信息 {"status":"ok","msg":"-","gid":"684044","time_insert":"2023-04-29 06:10"}
2024-10-04 00:20:37 查询号码 【1447990】，GSD为【"-"】
2024-10-04 00:20:37 ok && -
2024-10-04 00:23:41 CHB 1447990?1727972437 第 1 次 等待 3 秒
2024-10-04 00:23:44 CHB 1447990?1727972437 第 1 次 获取到号码【1447990】GSD
2024-10-04 00:23:44 未获取到号码【1447990】GSD，可能号码格式错误
2024-10-04 00:23:44 获取到号码【1447990】的GSD为【-】
2024-10-04 00:23:47 GSD insert 第 1 次 等待 3 秒
2024-10-04 00:23:50 {"status":"bad","gid":"684044","msg":"添加失败！号码【1447990(-|-)】已存在！"}

2024-10-04 00:42:35 开始第 7997 次操作

2024-10-04 00:42:35 开始操作号码 【1447991】
2024-10-04 00:42:38 GSD getOne 第 1 次 等待 3 秒
2024-10-04 00:42:41 查询号码 【1447991】，返回信息 {"status":"ok","msg":"-","gid":"684040","time_insert":"2023-04-29 06:07"}
2024-10-04 00:42:41 查询号码 【1447991】，GSD为【"-"】
2024-10-04 00:42:41 ok && -
2024-10-04 00:42:43 CHB 1447991?1727973761 第 1 次 等待 3 秒
2024-10-04 00:42:46 CHB 1447991?1727973761 第 1 次 获取到号码【1447991】GSD
2024-10-04 00:42:46 未获取到号码【1447991】GSD，可能号码格式错误
2024-10-04 00:42:46 获取到号码【1447991】的GSD为【-】
2024-10-04 00:42:48 GSD insert 第 1 次 等待 3 秒
2024-10-04 00:42:51 {"status":"bad","gid":"684040","msg":"添加失败！号码【1447991(-|-)】已存在！"}
2024-10-04 00:42:51 随机等待 189 秒，约 3 分钟
2024-10-04 00:42:51 下次操作: 2024-10-04 00:46:00

2024-10-04 00:46:00 开始第 7998 次操作

2024-10-04 00:46:00 开始操作号码 【1447992】
2024-10-04 00:46:02 GSD getOne 第 1 次 等待 3 秒
2024-10-04 00:46:05 查询号码 【1447992】，返回信息 {"status":"ok","msg":"-","gid":"684032","time_insert":"2023-04-29 05:59"}
2024-10-04 00:46:05 查询号码 【1447992】，GSD为【"-"】
2024-10-04 00:46:05 ok && -
2024-10-04 00:46:07 CHB 1447992?1727973965 第 1 次 等待 3 秒
2024-10-04 00:46:10 CHB 1447992?1727973965 第 1 次 获取到号码【1447992】GSD
2024-10-04 00:46:10 未获取到号码【1447992】GSD，可能号码格式错误
2024-10-04 00:46:10 获取到号码【1447992】的GSD为【-】
2024-10-04 00:46:12 GSD insert 第 1 次 等待 3 秒
2024-10-04 00:46:15 {"status":"bad","gid":"684032","msg":"添加失败！号码【1447992(-|-)】已存在！"}
2024-10-04 00:46:15 随机等待 182 秒，约 3 分钟
2024-10-04 00:46:15 下次操作: 2024-10-04 00:49:17

2024-10-04 00:49:17 开始第 7999 次操作

2024-10-04 00:49:17 开始操作号码 【1447993】
2024-10-04 00:49:19 GSD getOne 第 1 次 等待 3 秒
2024-10-04 00:49:22 查询号码 【1447993】，返回信息 {"status":"ok","msg":"-","gid":"684031","time_insert":"2023-04-29 05:57"}
2024-10-04 00:49:22 查询号码 【1447993】，GSD为【"-"】
2024-10-04 00:49:22 ok && -
2024-10-04 00:49:24 CHB 1447993?1727974162 第 1 次 等待 3 秒
2024-10-04 00:49:27 CHB 1447993?1727974162 第 1 次 获取到号码【1447993】GSD
2024-10-04 00:49:27 未获取到号码【1447993】GSD，可能号码格式错误
2024-10-04 00:49:27 获取到号码【1447993】的GSD为【-】
2024-10-04 00:49:32 GSD insert 第 1 次 等待 3 秒
2024-10-04 00:49:35 {"status":"bad","gid":"684031","msg":"添加失败！号码【1447993(-|-)】已存在！"}
2024-10-04 00:49:35 随机等待 82 秒，约 1 分钟
2024-10-04 00:49:35 下次操作: 2024-10-04 00:50:57

2024-10-04 00:50:57 开始第 8000 次操作

2024-10-04 00:50:57 开始操作号码 【1447994】
2024-10-04 00:50:59 GSD getOne 第 1 次 等待 3 秒
2024-10-04 00:51:02 查询号码 【1447994】，返回信息 {"status":"ok","msg":"-","gid":"684026","time_insert":"2023-04-29 05:55"}
2024-10-04 00:51:02 查询号码 【1447994】，GSD为【"-"】
2024-10-04 00:51:02 ok && -
2024-10-04 00:51:03 CHB 1447994?1727974262 第 1 次 等待 3 秒
2024-10-04 00:51:06 CHB 1447994?1727974262 第 1 次 获取到号码【1447994】GSD
2024-10-04 00:51:06 未获取到号码【1447994】GSD，可能号码格式错误
2024-10-04 00:51:06 获取到号码【1447994】的GSD为【-】
2024-10-04 00:51:09 GSD insert 第 1 次 等待 3 秒
2024-10-04 00:51:12 {"status":"bad","gid":"684026","msg":"添加失败！号码【1447994(-|-)】已存在！"}

2024-10-04 01:10:12 开始第 8001 次操作

2024-10-04 01:10:12 开始操作号码 【1447995】
2024-10-04 01:10:14 GSD getOne 第 1 次 等待 3 秒
2024-10-04 01:10:17 查询号码 【1447995】，返回信息 {"status":"ok","msg":"-","gid":"684020","time_insert":"2023-04-29 05:53"}
2024-10-04 01:10:18 查询号码 【1447995】，GSD为【"-"】
2024-10-04 01:10:18 ok && -
2024-10-04 01:10:20 CHB 1447995?1727975418 第 1 次 等待 3 秒
2024-10-04 01:10:23 CHB 1447995?1727975418 第 1 次 获取到号码【1447995】GSD
2024-10-04 01:10:23 未获取到号码【1447995】GSD，可能号码格式错误
2024-10-04 01:10:23 获取到号码【1447995】的GSD为【-】
2024-10-04 01:10:25 GSD insert 第 1 次 等待 3 秒
2024-10-04 01:10:28 {"status":"bad","gid":"684020","msg":"添加失败！号码【1447995(-|-)】已存在！"}
2024-10-04 01:10:28 随机等待 183 秒，约 3 分钟
2024-10-04 01:10:28 下次操作: 2024-10-04 01:13:31

2024-10-04 01:13:31 开始第 8002 次操作

2024-10-04 01:13:31 开始操作号码 【1447996】
2024-10-04 01:13:34 GSD getOne 第 1 次 等待 3 秒
2024-10-04 01:13:37 查询号码 【1447996】，返回信息 {"status":"ok","msg":"-","gid":"684017","time_insert":"2023-04-29 05:51"}
2024-10-04 01:13:37 查询号码 【1447996】，GSD为【"-"】
2024-10-04 01:13:37 ok && -
2024-10-04 01:13:39 CHB 1447996?1727975617 第 1 次 等待 3 秒
2024-10-04 01:13:42 CHB 1447996?1727975617 第 1 次 获取到号码【1447996】GSD
2024-10-04 01:13:42 未获取到号码【1447996】GSD，可能号码格式错误
2024-10-04 01:13:42 获取到号码【1447996】的GSD为【-】
2024-10-04 01:13:44 GSD insert 第 1 次 等待 3 秒
2024-10-04 01:13:47 {"status":"bad","gid":"684017","msg":"添加失败！号码【1447996(-|-)】已存在！"}
2024-10-04 01:13:47 随机等待 85 秒，约 1 分钟
2024-10-04 01:13:47 下次操作: 2024-10-04 01:15:12

2024-10-04 01:15:12 开始第 8003 次操作

2024-10-04 01:15:12 开始操作号码 【1447997】
2024-10-04 01:15:14 GSD getOne 第 1 次 等待 3 秒
2024-10-04 01:15:17 查询号码 【1447997】，返回信息 {"status":"ok","msg":"-","gid":"684013","time_insert":"2023-04-29 05:48"}
2024-10-04 01:15:17 查询号码 【1447997】，GSD为【"-"】
2024-10-04 01:15:17 ok && -
2024-10-04 01:15:19 CHB 1447997?1727975717 第 1 次 等待 3 秒
2024-10-04 01:15:22 CHB 1447997?1727975717 第 1 次 获取到号码【1447997】GSD
2024-10-04 01:15:22 未获取到号码【1447997】GSD，可能号码格式错误
2024-10-04 01:15:22 获取到号码【1447997】的GSD为【-】
2024-10-04 01:15:24 GSD insert 第 1 次 等待 3 秒
2024-10-04 01:15:27 {"status":"bad","gid":"684013","msg":"添加失败！号码【1447997(-|-)】已存在！"}
2024-10-04 01:15:27 随机等待 120 秒，约 2 分钟
2024-10-04 01:15:27 下次操作: 2024-10-04 01:17:27

2024-10-04 01:17:27 开始第 8004 次操作

2024-10-04 01:17:27 开始操作号码 【1447998】
2024-10-04 01:17:29 GSD getOne 第 1 次 等待 3 秒
2024-10-04 01:17:32 查询号码 【1447998】，返回信息 {"status":"ok","msg":"-","gid":"684008","time_insert":"2023-04-29 05:45"}
2024-10-04 01:17:32 查询号码 【1447998】，GSD为【"-"】
2024-10-04 01:17:32 ok && -
2024-10-04 01:17:35 CHB 1447998?1727975852 第 1 次 等待 3 秒
2024-10-04 01:17:38 CHB 1447998?1727975852 第 1 次 获取到号码【1447998】GSD
2024-10-04 01:17:38 未获取到号码【1447998】GSD，可能号码格式错误
2024-10-04 01:17:38 获取到号码【1447998】的GSD为【-】
2024-10-04 01:17:40 GSD insert 第 1 次 等待 3 秒
2024-10-04 01:17:43 {"status":"bad","gid":"684008","msg":"添加失败！号码【1447998(-|-)】已存在！"}

2024-10-04 01:37:04 开始第 8005 次操作

2024-10-04 01:37:04 开始操作号码 【1447999】
2024-10-04 01:37:06 GSD getOne 第 1 次 等待 3 秒
2024-10-04 01:37:09 查询号码 【1447999】，返回信息 {"status":"ok","msg":"-","gid":"684006","time_insert":"2023-04-29 05:42"}
2024-10-04 01:37:09 查询号码 【1447999】，GSD为【"-"】
2024-10-04 01:37:09 ok && -
2024-10-04 01:37:11 CHB 1447999?1727977029 第 1 次 等待 3 秒
2024-10-04 01:37:14 CHB 1447999?1727977029 第 1 次 获取到号码【1447999】GSD
2024-10-04 01:37:14 未获取到号码【1447999】GSD，可能号码格式错误
2024-10-04 01:37:14 获取到号码【1447999】的GSD为【-】
2024-10-04 01:37:16 GSD insert 第 1 次 等待 3 秒
2024-10-04 01:37:19 {"status":"bad","gid":"684006","msg":"添加失败！号码【1447999(-|-)】已存在！"}
2024-10-04 01:37:19 随机等待 129 秒，约 2 分钟
2024-10-04 01:37:19 下次操作: 2024-10-04 01:39:28

2024-10-04 01:39:28 开始第 8006 次操作

2024-10-04 01:39:28 开始操作号码 【1448000】
2024-10-04 01:39:31 GSD getOne 第 1 次 等待 3 秒
2024-10-04 01:39:34 查询号码 【1448000】，返回信息 {"status":"ok","msg":"-","gid":"684003","time_insert":"2023-04-29 05:41"}
2024-10-04 01:39:34 查询号码 【1448000】，GSD为【"-"】
2024-10-04 01:39:34 ok && -
2024-10-04 01:39:35 CHB 1448000?1727977174 第 1 次 等待 3 秒
2024-10-04 01:39:38 CHB 1448000?1727977174 第 1 次 获取到号码【1448000】GSD
2024-10-04 01:39:38 未获取到号码【1448000】GSD，可能号码格式错误
2024-10-04 01:39:38 获取到号码【1448000】的GSD为【-】
2024-10-04 01:39:41 GSD insert 第 1 次 等待 3 秒
2024-10-04 01:39:44 {"status":"bad","gid":"684003","msg":"添加失败！号码【1448000(-|-)】已存在！"}
2024-10-04 01:39:44 随机等待 200 秒，约 3 分钟
2024-10-04 01:39:44 下次操作: 2024-10-04 01:43:04

2024-10-04 01:43:04 开始第 8007 次操作

2024-10-04 01:43:04 开始操作号码 【1448001】
2024-10-04 01:43:06 GSD getOne 第 1 次 等待 3 秒
2024-10-04 01:43:09 查询号码 【1448001】，返回信息 {"status":"ok","msg":"-","gid":"683998","time_insert":"2023-04-29 05:39"}
2024-10-04 01:43:09 查询号码 【1448001】，GSD为【"-"】
2024-10-04 01:43:09 ok && -
2024-10-04 01:43:11 CHB 1448001?1727977389 第 1 次 等待 3 秒
2024-10-04 01:43:14 CHB 1448001?1727977389 第 1 次 获取到号码【1448001】GSD
2024-10-04 01:43:14 未获取到号码【1448001】GSD，可能号码格式错误
2024-10-04 01:43:14 获取到号码【1448001】的GSD为【-】
2024-10-04 01:43:16 GSD insert 第 1 次 等待 3 秒
2024-10-04 01:43:19 {"status":"bad","gid":"683998","msg":"添加失败！号码【1448001(-|-)】已存在！"}
2024-10-04 01:43:19 随机等待 223 秒，约 3 分钟
2024-10-04 01:43:19 下次操作: 2024-10-04 01:47:02

2024-10-04 01:47:02 开始第 8008 次操作

2024-10-04 01:47:02 开始操作号码 【1448002】
2024-10-04 01:47:04 GSD getOne 第 1 次 等待 3 秒
2024-10-04 01:47:07 查询号码 【1448002】，返回信息 {"status":"ok","msg":"-","gid":"683995","time_insert":"2023-04-29 05:36"}
2024-10-04 01:47:07 查询号码 【1448002】，GSD为【"-"】
2024-10-04 01:47:07 ok && -
2024-10-04 01:49:03 CHB 1448002?1727977627 第 1 次 等待 3 秒
2024-10-04 01:49:06 CHB 1448002?1727977627 第 1 次 获取到号码【1448002】GSD
2024-10-04 01:49:06 未获取到号码【1448002】GSD，可能号码格式错误
2024-10-04 01:49:06 获取到号码【1448002】的GSD为【-】
2024-10-04 01:49:09 GSD insert 第 1 次 等待 3 秒
2024-10-04 01:49:12 {"status":"bad","gid":"683995","msg":"添加失败！号码【1448002(-|-)】已存在！"}

