2024-07-30 00:13:28 开始第 9373 次操作

2024-07-30 00:13:28 开始操作号码 【1559282】
2024-07-30 00:13:56 GSD getOne 第 1 次 等待 3 秒
2024-07-30 00:13:59 查询号码 【1559282】，返回信息 {"status":"ok","msg":"陕西-延安","gid":"374571","time_insert":"2021-07-24 06:44"}
2024-07-30 00:13:59 查询号码 【1559282】，GSD为【"陕西-延安"】

2024-07-30 00:14:00 开始第 9374 次操作

2024-07-30 00:14:00 开始操作号码 【1559283】
2024-07-30 00:14:14 GSD getOne 第 1 次 等待 3 秒
2024-07-30 00:14:17 查询号码 【1559283】，返回信息 {"status":"ok","msg":"陕西-延安","gid":"374560","time_insert":"2021-07-24 06:43"}
2024-07-30 00:14:17 查询号码 【1559283】，GSD为【"陕西-延安"】

2024-07-30 00:14:18 开始第 9375 次操作

2024-07-30 00:14:18 开始操作号码 【1559284】
2024-07-30 00:14:26 GSD getOne 第 1 次 等待 3 秒
2024-07-30 00:14:29 查询号码 【1559284】，返回信息 {"status":"ok","msg":"陕西-延安","gid":"374544","time_insert":"2021-07-24 06:42"}
2024-07-30 00:14:29 查询号码 【1559284】，GSD为【"陕西-延安"】

2024-07-30 00:14:30 开始第 9376 次操作

2024-07-30 00:14:30 开始操作号码 【1559285】
2024-07-30 00:14:38 GSD getOne 第 1 次 等待 3 秒
2024-07-30 00:14:41 查询号码 【1559285】，返回信息 {"status":"ok","msg":"陕西-延安","gid":"374446","time_insert":"2021-07-24 06:17"}
2024-07-30 00:14:41 查询号码 【1559285】，GSD为【"陕西-延安"】

