2024-12-01 00:13:53 开始第 7789 次操作

2024-12-01 00:13:53 开始操作号码 【1337788】
2024-12-01 00:13:54 GSD getOne 第 1 次 等待 3 秒
2024-12-01 00:13:57 查询号码 【1337788】，返回信息 {"status":"ok","msg":"湖北-武汉","gid":"279114","time_insert":"2021-07-15 01:51"}
2024-12-01 00:13:57 查询号码 【1337788】，GSD为【"湖北-武汉"】

2024-12-01 00:13:58 开始第 7790 次操作

2024-12-01 00:13:58 开始操作号码 【1337789】
2024-12-01 00:13:59 GSD getOne 第 1 次 等待 3 秒
2024-12-01 00:14:02 查询号码 【1337789】，返回信息 {"status":"ok","msg":"湖北-武汉","gid":"3513","time_insert":"2017-06-19 15:14","time_update":"2020-09-15 02:22"}
2024-12-01 00:14:02 查询号码 【1337789】，GSD为【"湖北-武汉"】

2024-12-01 00:14:03 开始第 7791 次操作

2024-12-01 00:14:03 开始操作号码 【1337790】
2024-12-01 00:14:04 GSD getOne 第 1 次 等待 3 秒
2024-12-01 00:14:07 查询号码 【1337790】，返回信息 {"status":"ok","msg":"湖北-荆州","gid":"279096","time_insert":"2021-07-15 01:50"}
2024-12-01 00:14:07 查询号码 【1337790】，GSD为【"湖北-荆州"】

2024-12-01 00:14:08 开始第 7792 次操作

2024-12-01 00:14:08 开始操作号码 【1337791】
2024-12-01 00:14:09 GSD getOne 第 1 次 等待 3 秒
2024-12-01 00:14:12 查询号码 【1337791】，返回信息 {"status":"ok","msg":"湖北-黄石","gid":"279087","time_insert":"2021-07-15 01:49"}
2024-12-01 00:14:12 查询号码 【1337791】，GSD为【"湖北-黄石"】

