2021-07-13 00:00:28 开始第 28 次操作

2021-07-13 00:00:28 开始操作号码 【1748992】
2021-07-13 00:00:32 GSD getOne 第 1 次 等待 1 秒
2021-07-13 00:00:33 查询号码 【1748992】，返回信息 {"status":"bad","msg":""}
2021-07-13 00:00:33 查询号码 【1748992】，GSD为【""】
2021-07-13 00:00:33 bad
2021-07-13 00:00:37 CHB 1748992?1626105633 第 1 次 等待 1 秒
2021-07-13 00:00:38 CHB 1748992?1626105633 第 1 次 获取到号码【1748992】GSD
2021-07-13 00:00:38 未获取到号码【1748992】GSD，可能号码格式错误
2021-07-13 00:00:38 获取到号码【1748992】的GSD为【-】
2021-07-13 00:00:51 GSD insert 第 1 次 等待 1 秒
2021-07-13 00:00:52 {"status":"ok","id":260614,"msg":"添加成功！260614"}
2021-07-13 00:00:52 下次操作: 2021-07-13 00:01:05

2021-07-13 00:01:05 开始第 29 次操作

2021-07-13 00:01:05 开始操作号码 【1748993】
2021-07-13 00:01:08 GSD getOne 第 1 次 等待 1 秒
2021-07-13 00:01:09 查询号码 【1748993】，返回信息 {"status":"bad","msg":""}
2021-07-13 00:01:09 查询号码 【1748993】，GSD为【""】
2021-07-13 00:01:09 bad
2021-07-13 00:01:13 CHB 1748993?1626105669 第 1 次 等待 1 秒
2021-07-13 00:01:14 CHB 1748993?1626105669 第 1 次 获取到号码【1748993】GSD
2021-07-13 00:01:14 未获取到号码【1748993】GSD，可能号码格式错误
2021-07-13 00:01:14 获取到号码【1748993】的GSD为【-】
2021-07-13 00:01:19 GSD insert 第 1 次 等待 1 秒
2021-07-13 00:01:20 {"status":"ok","id":260624,"msg":"添加成功！260624"}
2021-07-13 00:01:20 下次操作: 2021-07-13 00:01:26

2021-07-13 00:01:26 开始第 30 次操作

2021-07-13 00:01:26 开始操作号码 【1748994】
2021-07-13 00:01:29 GSD getOne 第 1 次 等待 1 秒
2021-07-13 00:01:30 查询号码 【1748994】，返回信息 {"status":"bad","msg":""}
2021-07-13 00:01:30 查询号码 【1748994】，GSD为【""】
2021-07-13 00:01:30 bad
2021-07-13 00:01:35 CHB 1748994?1626105690 第 1 次 等待 1 秒
2021-07-13 00:01:36 CHB 1748994?1626105690 第 1 次 获取到号码【1748994】GSD
2021-07-13 00:01:36 未获取到号码【1748994】GSD，可能号码格式错误
2021-07-13 00:01:36 获取到号码【1748994】的GSD为【-】
2021-07-13 00:01:41 GSD insert 第 1 次 等待 1 秒
2021-07-13 00:01:42 {"status":"ok","id":260630,"msg":"添加成功！260630"}

2021-07-13 01:04:47 开始第 1 次操作

2021-07-13 01:04:47 开始操作号码 【1748995】
2021-07-13 01:04:51 GSD getOne 第 1 次 等待 1 秒
2021-07-13 01:04:52 查询号码 【1748995】，返回信息 {"status":"bad","msg":""}
2021-07-13 01:04:52 查询号码 【1748995】，GSD为【""】
2021-07-13 01:04:52 bad
2021-07-13 01:04:54 CHB 1748995?1626109492 第 1 次 等待 1 秒
2021-07-13 01:04:55 CHB 1748995?1626109492 第 1 次 获取到号码【1748995】GSD
2021-07-13 01:04:55 未获取到号码【1748995】GSD，可能号码格式错误
2021-07-13 01:04:55 获取到号码【1748995】的GSD为【-】
2021-07-13 01:05:06 GSD insert 第 1 次 等待 1 秒
2021-07-13 01:05:07 {"status":"ok","id":260837,"msg":"添加成功！260837"}
2021-07-13 01:05:07 下次操作: 2021-07-13 01:05:14

2021-07-13 01:05:14 开始第 2 次操作

2021-07-13 01:05:14 开始操作号码 【1748996】
2021-07-13 01:05:27 GSD getOne 第 1 次 等待 1 秒
2021-07-13 01:05:28 查询号码 【1748996】，返回信息 {"status":"bad","msg":""}
2021-07-13 01:05:28 查询号码 【1748996】，GSD为【""】
2021-07-13 01:05:28 bad
2021-07-13 01:05:30 CHB 1748996?1626109528 第 1 次 等待 1 秒
2021-07-13 01:05:31 CHB 1748996?1626109528 第 1 次 获取到号码【1748996】GSD
2021-07-13 01:05:31 未获取到号码【1748996】GSD，可能号码格式错误
2021-07-13 01:05:31 获取到号码【1748996】的GSD为【-】
2021-07-13 01:05:34 GSD insert 第 1 次 等待 1 秒
2021-07-13 01:05:35 {"status":"ok","id":260846,"msg":"添加成功！260846"}
2021-07-13 01:05:35 下次操作: 2021-07-13 01:05:47

2021-07-13 01:05:47 开始第 3 次操作

2021-07-13 01:05:47 开始操作号码 【1748997】
2021-07-13 01:05:53 GSD getOne 第 1 次 等待 1 秒
2021-07-13 01:05:54 查询号码 【1748997】，返回信息 {"status":"bad","msg":""}
2021-07-13 01:05:54 查询号码 【1748997】，GSD为【""】
2021-07-13 01:05:54 bad
2021-07-13 01:06:02 CHB 1748997?1626109554 第 1 次 等待 1 秒
2021-07-13 01:06:03 CHB 1748997?1626109554 第 1 次 获取到号码【1748997】GSD
2021-07-13 01:06:03 未获取到号码【1748997】GSD，可能号码格式错误
2021-07-13 01:06:03 获取到号码【1748997】的GSD为【-】
2021-07-13 01:06:06 GSD insert 第 1 次 等待 1 秒
2021-07-13 01:06:07 {"status":"ok","id":260860,"msg":"添加成功！260860"}
2021-07-13 01:06:07 下次操作: 2021-07-13 01:06:17

2021-07-13 01:06:17 开始第 4 次操作

2021-07-13 01:06:17 开始操作号码 【1748998】
2021-07-13 01:06:20 GSD getOne 第 1 次 等待 1 秒
2021-07-13 01:06:21 查询号码 【1748998】，返回信息 {"status":"bad","msg":""}
2021-07-13 01:06:21 查询号码 【1748998】，GSD为【""】
2021-07-13 01:06:21 bad
2021-07-13 01:06:25 CHB 1748998?1626109581 第 1 次 等待 1 秒
2021-07-13 01:06:26 CHB 1748998?1626109581 第 1 次 获取到号码【1748998】GSD
2021-07-13 01:06:26 未获取到号码【1748998】GSD，可能号码格式错误
2021-07-13 01:06:26 获取到号码【1748998】的GSD为【-】
2021-07-13 01:06:34 GSD insert 第 1 次 等待 1 秒
2021-07-13 01:06:35 {"status":"ok","id":260865,"msg":"添加成功！260865"}
2021-07-13 01:06:35 下次操作: 2021-07-13 01:06:43

2021-07-13 01:06:43 开始第 5 次操作

2021-07-13 01:06:43 开始操作号码 【1748999】
2021-07-13 01:06:45 GSD getOne 第 1 次 等待 1 秒
2021-07-13 01:06:46 查询号码 【1748999】，返回信息 {"status":"bad","msg":""}
2021-07-13 01:06:47 查询号码 【1748999】，GSD为【""】
2021-07-13 01:06:47 bad
2021-07-13 01:06:49 CHB 1748999?1626109607 第 1 次 等待 1 秒
2021-07-13 01:06:50 CHB 1748999?1626109607 第 1 次 获取到号码【1748999】GSD
2021-07-13 01:06:50 未获取到号码【1748999】GSD，可能号码格式错误
2021-07-13 01:06:50 获取到号码【1748999】的GSD为【-】
2021-07-13 01:06:55 GSD insert 第 1 次 等待 1 秒
2021-07-13 01:06:56 {"status":"ok","id":260870,"msg":"添加成功！260870"}
2021-07-13 01:06:56 下次操作: 2021-07-13 01:07:11

2021-07-13 01:07:11 开始第 6 次操作

2021-07-13 01:07:11 开始操作号码 【1749000】
2021-07-13 01:07:17 GSD getOne 第 1 次 等待 1 秒
2021-07-13 01:07:18 查询号码 【1749000】，返回信息 {"status":"bad","msg":""}
2021-07-13 01:07:18 查询号码 【1749000】，GSD为【""】
2021-07-13 01:07:18 bad
2021-07-13 01:07:20 CHB 1749000?1626109638 第 1 次 等待 1 秒
2021-07-13 01:07:21 CHB 1749000?1626109638 第 1 次 获取到号码【1749000】GSD
2021-07-13 01:07:21 未获取到号码【1749000】GSD，可能号码格式错误
2021-07-13 01:07:21 获取到号码【1749000】的GSD为【-】
2021-07-13 01:07:25 GSD insert 第 1 次 等待 1 秒
2021-07-13 01:07:26 {"status":"ok","id":260878,"msg":"添加成功！260878"}
2021-07-13 01:07:26 下次操作: 2021-07-13 01:07:35

2021-07-13 01:07:35 开始第 7 次操作

2021-07-13 01:07:35 开始操作号码 【1749001】
2021-07-13 01:07:38 GSD getOne 第 1 次 等待 1 秒
2021-07-13 01:07:39 查询号码 【1749001】，返回信息 {"status":"bad","msg":""}
2021-07-13 01:07:39 查询号码 【1749001】，GSD为【""】
2021-07-13 01:07:39 bad
2021-07-13 01:07:41 CHB 1749001?1626109659 第 1 次 等待 1 秒
2021-07-13 01:07:42 CHB 1749001?1626109659 第 1 次 获取到号码【1749001】GSD
2021-07-13 01:07:42 未获取到号码【1749001】GSD，可能号码格式错误
2021-07-13 01:07:42 获取到号码【1749001】的GSD为【-】
2021-07-13 01:07:45 GSD insert 第 1 次 等待 1 秒
2021-07-13 01:07:46 {"status":"ok","id":260885,"msg":"添加成功！260885"}
2021-07-13 01:07:46 下次操作: 2021-07-13 01:07:55

2021-07-13 01:07:55 开始第 8 次操作

2021-07-13 01:07:55 开始操作号码 【1749002】
2021-07-13 01:08:01 GSD getOne 第 1 次 等待 1 秒
2021-07-13 01:08:02 查询号码 【1749002】，返回信息 {"status":"bad","msg":""}
2021-07-13 01:08:02 查询号码 【1749002】，GSD为【""】
2021-07-13 01:08:02 bad
2021-07-13 01:08:04 CHB 1749002?1626109682 第 1 次 等待 1 秒
2021-07-13 01:08:05 CHB 1749002?1626109682 第 1 次 获取到号码【1749002】GSD
2021-07-13 01:08:05 未获取到号码【1749002】GSD，可能号码格式错误
2021-07-13 01:08:05 获取到号码【1749002】的GSD为【-】
2021-07-13 01:08:17 GSD insert 第 1 次 等待 1 秒
2021-07-13 01:08:18 {"status":"ok","id":260896,"msg":"添加成功！260896"}
2021-07-13 01:08:18 下次操作: 2021-07-13 01:08:33

2021-07-13 01:08:33 开始第 9 次操作

2021-07-13 01:08:33 开始操作号码 【1749003】
2021-07-13 01:08:59 GSD getOne 第 1 次 等待 1 秒
2021-07-13 01:09:00 查询号码 【1749003】，返回信息 {"status":"bad","msg":""}
2021-07-13 01:09:00 查询号码 【1749003】，GSD为【""】
2021-07-13 01:09:00 bad
2021-07-13 01:09:01 CHB 1749003?1626109740 第 1 次 等待 1 秒
2021-07-13 01:09:02 CHB 1749003?1626109740 第 1 次 获取到号码【1749003】GSD
2021-07-13 01:09:03 未获取到号码【1749003】GSD，可能号码格式错误
2021-07-13 01:09:03 获取到号码【1749003】的GSD为【-】
2021-07-13 01:09:11 GSD insert 第 1 次 等待 1 秒
2021-07-13 01:09:12 {"status":"ok","id":260909,"msg":"添加成功！260909"}
2021-07-13 01:09:12 下次操作: 2021-07-13 01:09:20

2021-07-13 01:09:20 开始第 10 次操作

2021-07-13 01:09:20 开始操作号码 【1749004】
2021-07-13 01:09:25 GSD getOne 第 1 次 等待 1 秒
2021-07-13 01:09:26 查询号码 【1749004】，返回信息 {"status":"bad","msg":""}
2021-07-13 01:09:26 查询号码 【1749004】，GSD为【""】
2021-07-13 01:09:26 bad
2021-07-13 01:09:28 CHB 1749004?1626109766 第 1 次 等待 1 秒
2021-07-13 01:09:29 CHB 1749004?1626109766 第 1 次 获取到号码【1749004】GSD
2021-07-13 01:09:29 未获取到号码【1749004】GSD，可能号码格式错误
2021-07-13 01:09:29 获取到号码【1749004】的GSD为【-】
2021-07-13 01:09:32 GSD insert 第 1 次 等待 1 秒
2021-07-13 01:09:33 {"status":"ok","id":260917,"msg":"添加成功！260917"}
2021-07-13 01:09:33 下次操作: 2021-07-13 01:09:39

2021-07-13 01:09:39 开始第 11 次操作

2021-07-13 01:09:39 开始操作号码 【1749005】
2021-07-13 01:09:53 GSD getOne 第 1 次 等待 1 秒
2021-07-13 01:09:54 查询号码 【1749005】，返回信息 {"status":"bad","msg":""}
2021-07-13 01:09:54 查询号码 【1749005】，GSD为【""】
2021-07-13 01:09:54 bad
2021-07-13 01:09:56 CHB 1749005?1626109794 第 1 次 等待 1 秒
2021-07-13 01:09:57 CHB 1749005?1626109794 第 1 次 获取到号码【1749005】GSD
2021-07-13 01:09:57 未获取到号码【1749005】GSD，可能号码格式错误
2021-07-13 01:09:57 获取到号码【1749005】的GSD为【-】
2021-07-13 01:10:00 GSD insert 第 1 次 等待 1 秒
2021-07-13 01:10:01 {"status":"ok","id":260924,"msg":"添加成功！260924"}
2021-07-13 01:10:01 下次操作: 2021-07-13 01:10:09

2021-07-13 01:10:09 开始第 12 次操作

2021-07-13 01:10:09 开始操作号码 【1749006】
2021-07-13 01:10:31 GSD getOne 第 1 次 等待 1 秒
2021-07-13 01:10:32 查询号码 【1749006】，返回信息 {"status":"bad","msg":""}
2021-07-13 01:10:32 查询号码 【1749006】，GSD为【""】
2021-07-13 01:10:32 bad
2021-07-13 01:10:34 CHB 1749006?1626109832 第 1 次 等待 1 秒
2021-07-13 01:10:35 CHB 1749006?1626109832 第 1 次 获取到号码【1749006】GSD
2021-07-13 01:10:35 未获取到号码【1749006】GSD，可能号码格式错误
2021-07-13 01:10:35 获取到号码【1749006】的GSD为【-】
2021-07-13 01:10:46 GSD insert 第 1 次 等待 1 秒
2021-07-13 01:10:47 {"status":"ok","id":260938,"msg":"添加成功！260938"}
2021-07-13 01:10:47 下次操作: 2021-07-13 01:10:58

2021-07-13 01:10:58 开始第 13 次操作

2021-07-13 01:10:58 开始操作号码 【1749007】
2021-07-13 01:11:01 GSD getOne 第 1 次 等待 1 秒
2021-07-13 01:11:02 查询号码 【1749007】，返回信息 {"status":"bad","msg":""}
2021-07-13 01:11:02 查询号码 【1749007】，GSD为【""】
2021-07-13 01:11:02 bad
2021-07-13 01:11:04 CHB 1749007?1626109862 第 1 次 等待 1 秒
2021-07-13 01:11:05 CHB 1749007?1626109862 第 1 次 获取到号码【1749007】GSD
2021-07-13 01:11:05 未获取到号码【1749007】GSD，可能号码格式错误
2021-07-13 01:11:05 获取到号码【1749007】的GSD为【-】
2021-07-13 01:11:14 GSD insert 第 1 次 等待 1 秒
2021-07-13 01:11:15 {"status":"ok","id":260945,"msg":"添加成功！260945"}
2021-07-13 01:11:15 下次操作: 2021-07-13 01:11:25

2021-07-13 01:11:25 开始第 14 次操作

2021-07-13 01:11:25 开始操作号码 【1749008】
2021-07-13 01:11:28 GSD getOne 第 1 次 等待 1 秒
2021-07-13 01:11:29 查询号码 【1749008】，返回信息 {"status":"bad","msg":""}
2021-07-13 01:11:29 查询号码 【1749008】，GSD为【""】
2021-07-13 01:11:29 bad
2021-07-13 01:11:31 CHB 1749008?1626109889 第 1 次 等待 1 秒
2021-07-13 01:11:32 CHB 1749008?1626109889 第 1 次 获取到号码【1749008】GSD
2021-07-13 01:11:32 未获取到号码【1749008】GSD，可能号码格式错误
2021-07-13 01:11:32 获取到号码【1749008】的GSD为【-】
2021-07-13 01:11:52 GSD insert 第 1 次 等待 1 秒
2021-07-13 01:11:53 {"status":"ok","id":260954,"msg":"添加成功！260954"}
2021-07-13 01:11:53 下次操作: 2021-07-13 01:12:02

2021-07-13 01:12:02 开始第 15 次操作

2021-07-13 01:12:02 开始操作号码 【1749009】
2021-07-13 01:12:09 GSD getOne 第 1 次 等待 1 秒
2021-07-13 01:12:10 查询号码 【1749009】，返回信息 {"status":"bad","msg":""}
2021-07-13 01:12:10 查询号码 【1749009】，GSD为【""】
2021-07-13 01:12:10 bad
2021-07-13 01:12:16 CHB 1749009?1626109930 第 1 次 等待 1 秒
2021-07-13 01:12:17 CHB 1749009?1626109930 第 1 次 获取到号码【1749009】GSD
2021-07-13 01:12:17 未获取到号码【1749009】GSD，可能号码格式错误
2021-07-13 01:12:17 获取到号码【1749009】的GSD为【-】
2021-07-13 01:12:20 GSD insert 第 1 次 等待 1 秒
2021-07-13 01:12:21 {"status":"ok","id":260962,"msg":"添加成功！260962"}
2021-07-13 01:12:21 下次操作: 2021-07-13 01:12:30

2021-07-13 01:12:30 开始第 16 次操作

2021-07-13 01:12:30 开始操作号码 【1749010】
2021-07-13 01:12:33 GSD getOne 第 1 次 等待 1 秒
2021-07-13 01:12:34 查询号码 【1749010】，返回信息 {"status":"bad","msg":""}
2021-07-13 01:12:34 查询号码 【1749010】，GSD为【""】
2021-07-13 01:12:34 bad
2021-07-13 01:12:36 CHB 1749010?1626109954 第 1 次 等待 1 秒
2021-07-13 01:12:37 CHB 1749010?1626109954 第 1 次 获取到号码【1749010】GSD
2021-07-13 01:12:37 未获取到号码【1749010】GSD，可能号码格式错误
2021-07-13 01:12:37 获取到号码【1749010】的GSD为【-】
2021-07-13 01:12:44 GSD insert 第 1 次 等待 1 秒
2021-07-13 01:12:45 {"status":"ok","id":260970,"msg":"添加成功！260970"}
2021-07-13 01:12:45 下次操作: 2021-07-13 01:13:00

2021-07-13 01:13:00 开始第 17 次操作

2021-07-13 01:13:00 开始操作号码 【1749011】
2021-07-13 01:13:03 GSD getOne 第 1 次 等待 1 秒
2021-07-13 01:13:04 查询号码 【1749011】，返回信息 {"status":"bad","msg":""}
2021-07-13 01:13:04 查询号码 【1749011】，GSD为【""】
2021-07-13 01:13:04 bad
2021-07-13 01:13:07 CHB 1749011?1626109984 第 1 次 等待 1 秒
2021-07-13 01:13:08 CHB 1749011?1626109984 第 1 次 获取到号码【1749011】GSD
2021-07-13 01:13:08 未获取到号码【1749011】GSD，可能号码格式错误
2021-07-13 01:13:08 获取到号码【1749011】的GSD为【-】
2021-07-13 01:13:20 GSD insert 第 1 次 等待 1 秒
2021-07-13 01:13:21 {"status":"ok","id":260982,"msg":"添加成功！260982"}
2021-07-13 01:13:21 下次操作: 2021-07-13 01:13:30

2021-07-13 01:13:30 开始第 18 次操作

2021-07-13 01:13:30 开始操作号码 【1749012】
2021-07-13 01:13:34 GSD getOne 第 1 次 等待 1 秒
2021-07-13 01:13:35 查询号码 【1749012】，返回信息 {"status":"bad","msg":""}
2021-07-13 01:13:35 查询号码 【1749012】，GSD为【""】
2021-07-13 01:13:35 bad
2021-07-13 01:13:37 CHB 1749012?1626110015 第 1 次 等待 1 秒
2021-07-13 01:13:38 CHB 1749012?1626110015 第 1 次 获取到号码【1749012】GSD
2021-07-13 01:13:38 未获取到号码【1749012】GSD，可能号码格式错误
2021-07-13 01:13:38 获取到号码【1749012】的GSD为【-】
2021-07-13 01:13:42 GSD insert 第 1 次 等待 1 秒
2021-07-13 01:13:43 {"status":"ok","id":260989,"msg":"添加成功！260989"}
2021-07-13 01:13:43 下次操作: 2021-07-13 01:13:49

2021-07-13 01:13:49 开始第 19 次操作

2021-07-13 01:13:49 开始操作号码 【1749013】
2021-07-13 01:13:59 GSD getOne 第 1 次 等待 1 秒
2021-07-13 01:14:00 查询号码 【1749013】，返回信息 {"status":"bad","msg":""}
2021-07-13 01:14:00 查询号码 【1749013】，GSD为【""】
2021-07-13 01:14:00 bad
2021-07-13 01:14:01 CHB 1749013?1626110040 第 1 次 等待 1 秒
2021-07-13 01:14:02 CHB 1749013?1626110040 第 1 次 获取到号码【1749013】GSD
2021-07-13 01:14:02 未获取到号码【1749013】GSD，可能号码格式错误
2021-07-13 01:14:02 获取到号码【1749013】的GSD为【-】
2021-07-13 01:14:08 GSD insert 第 1 次 等待 1 秒
2021-07-13 01:14:09 {"status":"ok","id":260999,"msg":"添加成功！260999"}
2021-07-13 01:14:09 下次操作: 2021-07-13 01:14:19

2021-07-13 01:14:19 开始第 20 次操作

2021-07-13 01:14:19 开始操作号码 【1749014】
2021-07-13 01:14:31 GSD getOne 第 1 次 等待 1 秒
2021-07-13 01:14:32 查询号码 【1749014】，返回信息 {"status":"bad","msg":""}
2021-07-13 01:14:32 查询号码 【1749014】，GSD为【""】
2021-07-13 01:14:32 bad
2021-07-13 01:14:35 CHB 1749014?1626110072 第 1 次 等待 1 秒
2021-07-13 01:14:36 CHB 1749014?1626110072 第 1 次 获取到号码【1749014】GSD
2021-07-13 01:14:36 未获取到号码【1749014】GSD，可能号码格式错误
2021-07-13 01:14:36 获取到号码【1749014】的GSD为【-】
2021-07-13 01:14:52 GSD insert 第 1 次 等待 1 秒
2021-07-13 01:14:53 {"status":"ok","id":261009,"msg":"添加成功！261009"}
2021-07-13 01:14:53 下次操作: 2021-07-13 01:15:06

2021-07-13 01:15:06 开始第 21 次操作

2021-07-13 01:15:06 开始操作号码 【1749015】
2021-07-13 01:15:09 GSD getOne 第 1 次 等待 1 秒
2021-07-13 01:15:10 查询号码 【1749015】，返回信息 {"status":"bad","msg":""}
2021-07-13 01:15:10 查询号码 【1749015】，GSD为【""】
2021-07-13 01:15:10 bad
2021-07-13 01:15:12 CHB 1749015?1626110110 第 1 次 等待 1 秒
2021-07-13 01:15:13 CHB 1749015?1626110110 第 1 次 获取到号码【1749015】GSD
2021-07-13 01:15:13 未获取到号码【1749015】GSD，可能号码格式错误
2021-07-13 01:15:13 获取到号码【1749015】的GSD为【-】
2021-07-13 01:15:16 GSD insert 第 1 次 等待 1 秒
2021-07-13 01:15:17 {"status":"ok","id":261015,"msg":"添加成功！261015"}
2021-07-13 01:15:17 下次操作: 2021-07-13 01:15:23

2021-07-13 01:15:23 开始第 22 次操作

2021-07-13 01:15:23 开始操作号码 【1749016】
2021-07-13 01:15:26 GSD getOne 第 1 次 等待 1 秒
2021-07-13 01:15:27 查询号码 【1749016】，返回信息 {"status":"bad","msg":""}
2021-07-13 01:15:27 查询号码 【1749016】，GSD为【""】
2021-07-13 01:15:27 bad
2021-07-13 01:15:29 CHB 1749016?1626110127 第 1 次 等待 1 秒
2021-07-13 01:15:30 CHB 1749016?1626110127 第 1 次 获取到号码【1749016】GSD
2021-07-13 01:15:30 未获取到号码【1749016】GSD，可能号码格式错误
2021-07-13 01:15:30 获取到号码【1749016】的GSD为【-】
2021-07-13 01:15:49 GSD insert 第 1 次 等待 1 秒
2021-07-13 01:15:50 {"status":"ok","id":261024,"msg":"添加成功！261024"}
2021-07-13 01:15:50 下次操作: 2021-07-13 01:15:59

2021-07-13 01:15:59 开始第 23 次操作

2021-07-13 01:15:59 开始操作号码 【1749017】
2021-07-13 01:16:02 GSD getOne 第 1 次 等待 1 秒
2021-07-13 01:16:03 查询号码 【1749017】，返回信息 {"status":"bad","msg":""}
2021-07-13 01:16:03 查询号码 【1749017】，GSD为【""】
2021-07-13 01:16:03 bad
2021-07-13 01:16:05 CHB 1749017?1626110163 第 1 次 等待 1 秒
2021-07-13 01:16:06 CHB 1749017?1626110163 第 1 次 获取到号码【1749017】GSD
2021-07-13 01:16:06 未获取到号码【1749017】GSD，可能号码格式错误
2021-07-13 01:16:06 获取到号码【1749017】的GSD为【-】
2021-07-13 01:16:11 GSD insert 第 1 次 等待 1 秒
2021-07-13 01:16:12 {"status":"ok","id":261034,"msg":"添加成功！261034"}
2021-07-13 01:16:12 下次操作: 2021-07-13 01:16:29

2021-07-13 01:16:29 开始第 24 次操作

2021-07-13 01:16:29 开始操作号码 【1749018】
2021-07-13 01:17:14 GSD getOne 第 1 次 等待 1 秒
2021-07-13 01:17:15 查询号码 【1749018】，返回信息 {"status":"bad","msg":""}
2021-07-13 01:17:15 查询号码 【1749018】，GSD为【""】
2021-07-13 01:17:15 bad
2021-07-13 01:17:17 CHB 1749018?1626110235 第 1 次 等待 1 秒
2021-07-13 01:17:18 CHB 1749018?1626110235 第 1 次 获取到号码【1749018】GSD
2021-07-13 01:17:18 未获取到号码【1749018】GSD，可能号码格式错误
2021-07-13 01:17:18 获取到号码【1749018】的GSD为【-】
2021-07-13 01:17:31 GSD insert 第 1 次 等待 1 秒
2021-07-13 01:17:32 {"status":"ok","id":261050,"msg":"添加成功！261050"}
2021-07-13 01:17:32 下次操作: 2021-07-13 01:17:44

2021-07-13 01:17:44 开始第 25 次操作

2021-07-13 01:17:44 开始操作号码 【1749019】
2021-07-13 01:17:49 GSD getOne 第 1 次 等待 1 秒
2021-07-13 01:17:50 查询号码 【1749019】，返回信息 {"status":"bad","msg":""}
2021-07-13 01:17:50 查询号码 【1749019】，GSD为【""】
2021-07-13 01:17:50 bad
2021-07-13 01:17:58 CHB 1749019?1626110270 第 1 次 等待 1 秒
2021-07-13 01:17:59 CHB 1749019?1626110270 第 1 次 获取到号码【1749019】GSD
2021-07-13 01:17:59 未获取到号码【1749019】GSD，可能号码格式错误
2021-07-13 01:17:59 获取到号码【1749019】的GSD为【-】
2021-07-13 01:18:02 GSD insert 第 1 次 等待 1 秒
2021-07-13 01:18:03 {"status":"ok","id":261061,"msg":"添加成功！261061"}
2021-07-13 01:18:03 下次操作: 2021-07-13 01:18:17

2021-07-13 01:18:17 开始第 26 次操作

2021-07-13 01:18:17 开始操作号码 【1749020】
2021-07-13 01:18:24 GSD getOne 第 1 次 等待 1 秒
2021-07-13 01:18:25 查询号码 【1749020】，返回信息 {"status":"bad","msg":""}
2021-07-13 01:18:25 查询号码 【1749020】，GSD为【""】
2021-07-13 01:18:25 bad
2021-07-13 01:18:27 CHB 1749020?1626110305 第 1 次 等待 1 秒
2021-07-13 01:18:28 CHB 1749020?1626110305 第 1 次 获取到号码【1749020】GSD
2021-07-13 01:18:28 未获取到号码【1749020】GSD，可能号码格式错误
2021-07-13 01:18:28 获取到号码【1749020】的GSD为【-】
2021-07-13 01:18:32 GSD insert 第 1 次 等待 1 秒
2021-07-13 01:18:33 {"status":"ok","id":261069,"msg":"添加成功！261069"}
2021-07-13 01:18:33 下次操作: 2021-07-13 01:18:48

2021-07-13 01:18:48 开始第 27 次操作

2021-07-13 01:18:48 开始操作号码 【1749021】
2021-07-13 01:18:51 GSD getOne 第 1 次 等待 1 秒
2021-07-13 01:18:52 查询号码 【1749021】，返回信息 {"status":"bad","msg":""}
2021-07-13 01:18:52 查询号码 【1749021】，GSD为【""】
2021-07-13 01:18:52 bad
2021-07-13 01:18:54 CHB 1749021?1626110332 第 1 次 等待 1 秒
2021-07-13 01:18:55 CHB 1749021?1626110332 第 1 次 获取到号码【1749021】GSD
2021-07-13 01:18:55 未获取到号码【1749021】GSD，可能号码格式错误
2021-07-13 01:18:55 获取到号码【1749021】的GSD为【-】
2021-07-13 01:19:09 GSD insert 第 1 次 等待 1 秒
2021-07-13 01:19:10 {"status":"ok","id":261080,"msg":"添加成功！261080"}
2021-07-13 01:19:10 下次操作: 2021-07-13 01:19:17

2021-07-13 01:19:17 开始第 28 次操作

2021-07-13 01:19:17 开始操作号码 【1749022】
2021-07-13 01:19:28 GSD getOne 第 1 次 等待 1 秒
2021-07-13 01:19:29 查询号码 【1749022】，返回信息 {"status":"bad","msg":""}
2021-07-13 01:19:29 查询号码 【1749022】，GSD为【""】
2021-07-13 01:19:29 bad
2021-07-13 01:19:31 CHB 1749022?1626110369 第 1 次 等待 1 秒
2021-07-13 01:19:32 CHB 1749022?1626110369 第 1 次 获取到号码【1749022】GSD
2021-07-13 01:19:32 未获取到号码【1749022】GSD，可能号码格式错误
2021-07-13 01:19:32 获取到号码【1749022】的GSD为【-】
2021-07-13 01:19:35 GSD insert 第 1 次 等待 1 秒
2021-07-13 01:19:36 {"status":"ok","id":261083,"msg":"添加成功！261083"}
2021-07-13 01:19:36 下次操作: 2021-07-13 01:19:47

2021-07-13 01:19:47 开始第 29 次操作

2021-07-13 01:19:47 开始操作号码 【1749023】
2021-07-13 01:19:50 GSD getOne 第 1 次 等待 1 秒
2021-07-13 01:19:51 查询号码 【1749023】，返回信息 {"status":"bad","msg":""}
2021-07-13 01:19:51 查询号码 【1749023】，GSD为【""】
2021-07-13 01:19:51 bad
2021-07-13 01:19:53 CHB 1749023?1626110391 第 1 次 等待 1 秒
2021-07-13 01:19:54 CHB 1749023?1626110391 第 1 次 获取到号码【1749023】GSD
2021-07-13 01:19:54 未获取到号码【1749023】GSD，可能号码格式错误
2021-07-13 01:19:54 获取到号码【1749023】的GSD为【-】
2021-07-13 01:19:57 GSD insert 第 1 次 等待 1 秒
2021-07-13 01:19:58 {"status":"ok","id":261086,"msg":"添加成功！261086"}
2021-07-13 01:19:58 下次操作: 2021-07-13 01:20:08

2021-07-13 01:20:08 开始第 30 次操作

2021-07-13 01:20:08 开始操作号码 【1749024】
2021-07-13 01:20:13 GSD getOne 第 1 次 等待 1 秒
2021-07-13 01:20:14 查询号码 【1749024】，返回信息 {"status":"bad","msg":""}
2021-07-13 01:20:14 查询号码 【1749024】，GSD为【""】
2021-07-13 01:20:14 bad
2021-07-13 01:20:15 CHB 1749024?1626110414 第 1 次 等待 1 秒
2021-07-13 01:20:16 CHB 1749024?1626110414 第 1 次 获取到号码【1749024】GSD
2021-07-13 01:20:16 未获取到号码【1749024】GSD，可能号码格式错误
2021-07-13 01:20:16 获取到号码【1749024】的GSD为【-】
2021-07-13 01:20:19 GSD insert 第 1 次 等待 1 秒
2021-07-13 01:20:20 {"status":"ok","id":261088,"msg":"添加成功！261088"}

