2024-07-04 00:13:18 开始第 4685 次操作

2024-07-04 00:13:18 开始操作号码 【1554594】
2024-07-04 00:13:26 GSD getOne 第 1 次 等待 3 秒
2024-07-04 00:13:29 查询号码 【1554594】，返回信息 {"status":"ok","msg":"黑龙江-鹤岗","gid":"354402","time_insert":"2021-07-22 10:53"}
2024-07-04 00:13:29 查询号码 【1554594】，GSD为【"黑龙江-鹤岗"】

2024-07-04 00:13:30 开始第 4686 次操作

2024-07-04 00:13:30 开始操作号码 【1554595】
2024-07-04 00:13:38 GSD getOne 第 1 次 等待 3 秒
2024-07-04 00:13:41 查询号码 【1554595】，返回信息 {"status":"ok","msg":"黑龙江-哈尔滨","gid":"354523","time_insert":"2021-07-22 11:02"}
2024-07-04 00:13:41 查询号码 【1554595】，GSD为【"黑龙江-哈尔滨"】

2024-07-04 00:13:42 开始第 4687 次操作

2024-07-04 00:13:42 开始操作号码 【1554596】
2024-07-04 00:13:50 GSD getOne 第 1 次 等待 3 秒
2024-07-04 00:13:53 查询号码 【1554596】，返回信息 {"status":"ok","msg":"黑龙江-哈尔滨","gid":"354655","time_insert":"2021-07-22 11:12"}
2024-07-04 00:13:53 查询号码 【1554596】，GSD为【"黑龙江-哈尔滨"】

2024-07-04 00:13:54 开始第 4688 次操作

2024-07-04 00:13:54 开始操作号码 【1554597】
2024-07-04 00:14:02 GSD getOne 第 1 次 等待 3 秒
2024-07-04 00:14:05 查询号码 【1554597】，返回信息 {"status":"ok","msg":"黑龙江-哈尔滨","gid":"354714","time_insert":"2021-07-22 11:22"}
2024-07-04 00:14:05 查询号码 【1554597】，GSD为【"黑龙江-哈尔滨"】

2024-07-04 00:38:30 开始第 4689 次操作

2024-07-04 00:38:30 开始操作号码 【1554598】
2024-07-04 00:38:40 GSD getOne 第 1 次 等待 3 秒
2024-07-04 00:38:43 查询号码 【1554598】，返回信息 {"status":"ok","msg":"黑龙江-哈尔滨","gid":"354808","time_insert":"2021-07-22 11:47"}
2024-07-04 00:38:43 查询号码 【1554598】，GSD为【"黑龙江-哈尔滨"】

2024-07-04 00:38:44 开始第 4690 次操作

2024-07-04 00:38:44 开始操作号码 【1554599】
2024-07-04 00:38:54 GSD getOne 第 1 次 等待 3 秒
2024-07-04 00:38:57 查询号码 【1554599】，返回信息 {"status":"ok","msg":"黑龙江-哈尔滨","gid":"354917","time_insert":"2021-07-22 11:56"}
2024-07-04 00:38:57 查询号码 【1554599】，GSD为【"黑龙江-哈尔滨"】

2024-07-04 00:38:58 开始第 4691 次操作

2024-07-04 00:38:58 开始操作号码 【1554600】
2024-07-04 00:39:08 GSD getOne 第 1 次 等待 3 秒
2024-07-04 00:39:11 查询号码 【1554600】，返回信息 {"status":"ok","msg":"黑龙江-哈尔滨","gid":"355021","time_insert":"2021-07-22 12:06"}
2024-07-04 00:39:11 查询号码 【1554600】，GSD为【"黑龙江-哈尔滨"】

2024-07-04 00:39:12 开始第 4692 次操作

2024-07-04 00:39:12 开始操作号码 【1554601】
2024-07-04 00:39:20 GSD getOne 第 1 次 等待 3 秒
2024-07-04 00:39:23 查询号码 【1554601】，返回信息 {"status":"ok","msg":"黑龙江-哈尔滨","gid":"355100","time_insert":"2021-07-22 12:16"}
2024-07-04 00:39:23 查询号码 【1554601】，GSD为【"黑龙江-哈尔滨"】

