2024-12-05 00:16:33 开始第 8465 次操作

2024-12-05 00:16:33 开始操作号码 【1338464】
2024-12-05 00:16:34 GSD getOne 第 1 次 等待 3 秒
2024-12-05 00:16:37 查询号码 【1338464】，返回信息 {"status":"ok","msg":"黑龙江-七台河","gid":"271263","time_insert":"2021-07-14 04:38"}
2024-12-05 00:16:37 查询号码 【1338464】，GSD为【"黑龙江-七台河"】

2024-12-05 00:16:38 开始第 8466 次操作

2024-12-05 00:16:38 开始操作号码 【1338465】
2024-12-05 00:16:39 GSD getOne 第 1 次 等待 3 秒
2024-12-05 00:16:42 查询号码 【1338465】，返回信息 {"status":"ok","msg":"黑龙江-哈尔滨","gid":"271258","time_insert":"2021-07-14 04:38"}
2024-12-05 00:16:42 查询号码 【1338465】，GSD为【"黑龙江-哈尔滨"】

2024-12-05 00:16:43 开始第 8467 次操作

2024-12-05 00:16:43 开始操作号码 【1338466】
2024-12-05 00:16:44 GSD getOne 第 1 次 等待 3 秒
2024-12-05 00:16:47 查询号码 【1338466】，返回信息 {"status":"ok","msg":"黑龙江-哈尔滨","gid":"271254","time_insert":"2021-07-14 04:37"}
2024-12-05 00:16:47 查询号码 【1338466】，GSD为【"黑龙江-哈尔滨"】

2024-12-05 00:16:48 开始第 8468 次操作

2024-12-05 00:16:48 开始操作号码 【1338467】
2024-12-05 00:16:49 GSD getOne 第 1 次 等待 3 秒
2024-12-05 00:16:52 查询号码 【1338467】，返回信息 {"status":"ok","msg":"黑龙江-鸡西","gid":"271250","time_insert":"2021-07-14 04:37"}
2024-12-05 00:16:52 查询号码 【1338467】，GSD为【"黑龙江-鸡西"】

