2023-12-19 00:11:34 开始第 4049 次操作

2023-12-19 00:11:34 开始操作号码 【1883962】
2023-12-19 00:11:45 GSD getOne 第 1 次 等待 3 秒
2023-12-19 00:11:48 查询号码 【1883962】，返回信息 {"status":"ok","msg":"河南-驻马店","gid":"474818","time_insert":"2021-08-02 03:38"}
2023-12-19 00:11:48 查询号码 【1883962】，GSD为【"河南-驻马店"】

2023-12-19 00:11:49 开始第 4050 次操作

2023-12-19 00:11:49 开始操作号码 【1883963】
2023-12-19 00:11:53 GSD getOne 第 1 次 等待 3 秒
2023-12-19 00:11:56 查询号码 【1883963】，返回信息 {"status":"ok","msg":"河南-驻马店","gid":"474808","time_insert":"2021-08-02 03:38"}
2023-12-19 00:11:56 查询号码 【1883963】，GSD为【"河南-驻马店"】

2023-12-19 00:11:57 开始第 4051 次操作

2023-12-19 00:11:57 开始操作号码 【1883964】
2023-12-19 00:12:01 GSD getOne 第 1 次 等待 3 秒
2023-12-19 00:12:04 查询号码 【1883964】，返回信息 {"status":"ok","msg":"河南-驻马店","gid":"474798","time_insert":"2021-08-02 03:37"}
2023-12-19 00:12:04 查询号码 【1883964】，GSD为【"河南-驻马店"】

2023-12-19 00:12:05 开始第 4052 次操作

2023-12-19 00:12:05 开始操作号码 【1883965】
2023-12-19 00:12:11 GSD getOne 第 1 次 等待 3 秒
2023-12-19 00:12:14 查询号码 【1883965】，返回信息 {"status":"ok","msg":"河南-驻马店","gid":"474758","time_insert":"2021-08-02 03:26"}
2023-12-19 00:12:14 查询号码 【1883965】，GSD为【"河南-驻马店"】

2023-12-19 00:38:17 开始第 4053 次操作

2023-12-19 00:38:17 开始操作号码 【1883966】
2023-12-19 00:38:25 GSD getOne 第 1 次 等待 3 秒
2023-12-19 00:38:28 查询号码 【1883966】，返回信息 {"status":"ok","msg":"河南-驻马店","gid":"474752","time_insert":"2021-08-02 03:25"}
2023-12-19 00:38:28 查询号码 【1883966】，GSD为【"河南-驻马店"】

2023-12-19 00:38:29 开始第 4054 次操作

2023-12-19 00:38:29 开始操作号码 【1883967】
2023-12-19 00:38:33 GSD getOne 第 1 次 等待 3 秒
2023-12-19 00:38:36 查询号码 【1883967】，返回信息 {"status":"ok","msg":"河南-驻马店","gid":"474748","time_insert":"2021-08-02 03:24"}
2023-12-19 00:38:36 查询号码 【1883967】，GSD为【"河南-驻马店"】

2023-12-19 00:38:37 开始第 4055 次操作

2023-12-19 00:38:37 开始操作号码 【1883968】
2023-12-19 00:38:41 GSD getOne 第 1 次 等待 3 秒
2023-12-19 00:38:44 查询号码 【1883968】，返回信息 {"status":"ok","msg":"河南-驻马店","gid":"44060","time_insert":"2017-04-19 11:23","time_update":"2020-09-12 15:08"}
2023-12-19 00:38:44 查询号码 【1883968】，GSD为【"河南-驻马店"】

2023-12-19 00:38:45 开始第 4056 次操作

2023-12-19 00:38:45 开始操作号码 【1883969】
2023-12-19 00:38:50 GSD getOne 第 1 次 等待 3 秒
2023-12-19 00:38:53 查询号码 【1883969】，返回信息 {"status":"ok","msg":"河南-驻马店","gid":"474742","time_insert":"2021-08-02 03:23"}
2023-12-19 00:38:53 查询号码 【1883969】，GSD为【"河南-驻马店"】

