2024-10-06 00:12:08 开始第 8341 次操作

2024-10-06 00:12:08 开始操作号码 【1448335】
2024-10-06 00:12:10 GSD getOne 第 1 次 等待 3 秒
2024-10-06 00:12:13 查询号码 【1448335】，返回信息 {"status":"ok","msg":"-","gid":"682438","time_insert":"2023-04-28 12:29"}
2024-10-06 00:12:13 查询号码 【1448335】，GSD为【"-"】
2024-10-06 00:12:13 ok && -
2024-10-06 00:13:51 CHB 1448335?1728144733 第 1 次 等待 3 秒
2024-10-06 00:13:54 CHB 1448335?1728144733 第 1 次 获取到号码【1448335】GSD
2024-10-06 00:13:54 未获取到号码【1448335】GSD，可能号码格式错误
2024-10-06 00:13:54 获取到号码【1448335】的GSD为【-】
2024-10-06 00:13:59 GSD insert 第 1 次 等待 3 秒
2024-10-06 00:14:02 {"status":"bad","gid":"682438","msg":"添加失败！号码【1448335(-|-)】已存在！"}
2024-10-06 00:14:02 随机等待 147 秒，约 2 分钟
2024-10-06 00:14:02 下次操作: 2024-10-06 00:16:29

2024-10-06 00:16:29 开始第 8342 次操作

2024-10-06 00:16:29 开始操作号码 【1448336】
2024-10-06 00:16:30 GSD getOne 第 1 次 等待 3 秒
2024-10-06 00:16:33 查询号码 【1448336】，返回信息 {"status":"ok","msg":"-","gid":"682425","time_insert":"2023-04-28 12:17"}
2024-10-06 00:16:33 查询号码 【1448336】，GSD为【"-"】
2024-10-06 00:16:33 ok && -
2024-10-06 00:16:35 CHB 1448336?1728144993 第 1 次 等待 3 秒
2024-10-06 00:16:38 CHB 1448336?1728144993 第 1 次 获取到号码【1448336】GSD
2024-10-06 00:16:38 未获取到号码【1448336】GSD，可能号码格式错误
2024-10-06 00:16:38 获取到号码【1448336】的GSD为【-】
2024-10-06 00:16:40 GSD insert 第 1 次 等待 3 秒
2024-10-06 00:16:43 {"status":"bad","gid":"682425","msg":"添加失败！号码【1448336(-|-)】已存在！"}
2024-10-06 00:16:43 随机等待 148 秒，约 2 分钟
2024-10-06 00:16:43 下次操作: 2024-10-06 00:19:11

2024-10-06 00:19:11 开始第 8343 次操作

2024-10-06 00:19:11 开始操作号码 【1448337】
2024-10-06 00:19:13 GSD getOne 第 1 次 等待 3 秒
2024-10-06 00:19:16 查询号码 【1448337】，返回信息 {"status":"ok","msg":"-","gid":"682421","time_insert":"2023-04-28 12:15"}
2024-10-06 00:19:16 查询号码 【1448337】，GSD为【"-"】
2024-10-06 00:19:16 ok && -
2024-10-06 00:19:19 CHB 1448337?1728145156 第 1 次 等待 3 秒
2024-10-06 00:19:22 CHB 1448337?1728145156 第 1 次 获取到号码【1448337】GSD
2024-10-06 00:19:22 未获取到号码【1448337】GSD，可能号码格式错误
2024-10-06 00:19:22 获取到号码【1448337】的GSD为【-】
2024-10-06 00:19:24 GSD insert 第 1 次 等待 3 秒
2024-10-06 00:19:27 {"status":"bad","gid":"682421","msg":"添加失败！号码【1448337(-|-)】已存在！"}
2024-10-06 00:19:27 随机等待 101 秒，约 1 分钟
2024-10-06 00:19:27 下次操作: 2024-10-06 00:21:08

2024-10-06 00:21:08 开始第 8344 次操作

2024-10-06 00:21:08 开始操作号码 【1448338】
2024-10-06 00:21:10 GSD getOne 第 1 次 等待 3 秒
2024-10-06 00:21:13 查询号码 【1448338】，返回信息 {"status":"ok","msg":"-","gid":"682417","time_insert":"2023-04-28 12:12"}
2024-10-06 00:21:13 查询号码 【1448338】，GSD为【"-"】
2024-10-06 00:21:13 ok && -
2024-10-06 00:26:13 CHB 1448338?1728145273 第 1 次 等待 3 秒
2024-10-06 00:26:16 CHB 1448338?1728145273 第 1 次 未获取到 等待 180 秒 下次操作: 2024-10-06 00:29:16
2024-10-06 00:29:19 CHB 1448338?1728145756 第 2 次 等待 3 秒
2024-10-06 00:29:22 CHB 1448338?1728145756 第 2 次 获取到号码【1448338】GSD
2024-10-06 00:29:22 未获取到号码【1448338】GSD，可能号码格式错误
2024-10-06 00:29:22 获取到号码【1448338】的GSD为【-】
2024-10-06 00:29:27 GSD insert 第 1 次 等待 3 秒
2024-10-06 00:29:30 {"status":"bad","gid":"682417","msg":"添加失败！号码【1448338(-|-)】已存在！"}

