2024-09-05 00:12:44 开始第 2941 次操作

2024-09-05 00:12:44 开始操作号码 【1442940】
2024-09-05 00:13:00 GSD getOne 第 1 次 等待 3 秒
2024-09-05 00:13:03 查询号码 【1442940】，返回信息 {"status":"ok","msg":"-","gid":"577447","time_insert":"2023-03-08 11:24"}
2024-09-05 00:13:03 查询号码 【1442940】，GSD为【"-"】
2024-09-05 00:13:03 ok && -
2024-09-05 00:13:06 CHB 1442940?1725466383 第 1 次 等待 3 秒
2024-09-05 00:13:09 CHB 1442940?1725466383 第 1 次 获取到号码【1442940】GSD
2024-09-05 00:13:09 未获取到号码【1442940】GSD，可能号码格式错误
2024-09-05 00:13:09 获取到号码【1442940】的GSD为【-】
2024-09-05 00:13:17 GSD insert 第 1 次 等待 3 秒
2024-09-05 00:13:20 {"status":"bad","gid":"577447","msg":"添加失败！号码【1442940(-|-)】已存在！"}
2024-09-05 00:13:20 随机等待 210 秒，约 3 分钟
2024-09-05 00:13:20 下次操作: 2024-09-05 00:16:50

2024-09-05 00:16:50 开始第 2942 次操作

2024-09-05 00:16:50 开始操作号码 【1442941】
2024-09-05 00:16:59 GSD getOne 第 1 次 等待 3 秒
2024-09-05 00:17:02 查询号码 【1442941】，返回信息 {"status":"ok","msg":"-","gid":"577456","time_insert":"2023-03-08 11:34"}
2024-09-05 00:17:02 查询号码 【1442941】，GSD为【"-"】
2024-09-05 00:17:02 ok && -
2024-09-05 00:17:05 CHB 1442941?1725466622 第 1 次 等待 3 秒
2024-09-05 00:17:08 CHB 1442941?1725466622 第 1 次 获取到号码【1442941】GSD
2024-09-05 00:17:08 未获取到号码【1442941】GSD，可能号码格式错误
2024-09-05 00:17:08 获取到号码【1442941】的GSD为【-】
2024-09-05 00:17:15 GSD insert 第 1 次 等待 3 秒
2024-09-05 00:17:19 {"status":"bad","gid":"577456","msg":"添加失败！号码【1442941(-|-)】已存在！"}
2024-09-05 00:17:19 随机等待 137 秒，约 2 分钟
2024-09-05 00:17:19 下次操作: 2024-09-05 00:19:36

2024-09-05 00:19:36 开始第 2943 次操作

2024-09-05 00:19:36 开始操作号码 【1442942】
2024-09-05 00:19:47 GSD getOne 第 1 次 等待 3 秒
2024-09-05 00:19:50 查询号码 【1442942】，返回信息 {"status":"ok","msg":"-","gid":"577473","time_insert":"2023-03-08 11:44"}
2024-09-05 00:19:50 查询号码 【1442942】，GSD为【"-"】
2024-09-05 00:19:50 ok && -
2024-09-05 00:19:51 CHB 1442942?1725466790 第 1 次 等待 3 秒
2024-09-05 00:19:54 CHB 1442942?1725466790 第 1 次 获取到号码【1442942】GSD
2024-09-05 00:19:55 未获取到号码【1442942】GSD，可能号码格式错误
2024-09-05 00:19:55 获取到号码【1442942】的GSD为【-】
2024-09-05 00:20:05 GSD insert 第 1 次 等待 3 秒
2024-09-05 00:20:08 {"status":"bad","gid":"577473","msg":"添加失败！号码【1442942(-|-)】已存在！"}
2024-09-05 00:20:08 随机等待 206 秒，约 3 分钟
2024-09-05 00:20:08 下次操作: 2024-09-05 00:23:34

2024-09-05 00:23:34 开始第 2944 次操作

2024-09-05 00:23:34 开始操作号码 【1442943】
2024-09-05 00:23:44 GSD getOne 第 1 次 等待 3 秒
2024-09-05 00:23:47 查询号码 【1442943】，返回信息 {"status":"ok","msg":"-","gid":"577494","time_insert":"2023-03-08 11:53"}
2024-09-05 00:23:47 查询号码 【1442943】，GSD为【"-"】
2024-09-05 00:23:47 ok && -
2024-09-05 00:23:49 CHB 1442943?1725467027 第 1 次 等待 3 秒
2024-09-05 00:23:52 CHB 1442943?1725467027 第 1 次 获取到号码【1442943】GSD
2024-09-05 00:23:52 未获取到号码【1442943】GSD，可能号码格式错误
2024-09-05 00:23:52 获取到号码【1442943】的GSD为【-】
2024-09-05 00:24:01 GSD insert 第 1 次 等待 3 秒
2024-09-05 00:24:04 {"status":"bad","gid":"577494","msg":"添加失败！号码【1442943(-|-)】已存在！"}

