2023-12-28 00:10:53 开始第 5697 次操作

2023-12-28 00:10:53 开始操作号码 【1885610】
2023-12-28 00:10:57 GSD getOne 第 1 次 等待 3 秒
2023-12-28 00:11:00 查询号码 【1885610】，返回信息 {"status":"ok","msg":"安徽-淮北","gid":"455674","time_insert":"2021-07-31 12:02"}
2023-12-28 00:11:00 查询号码 【1885610】，GSD为【"安徽-淮北"】

2023-12-28 00:11:01 开始第 5698 次操作

2023-12-28 00:11:01 开始操作号码 【1885611】
2023-12-28 00:11:05 GSD getOne 第 1 次 等待 3 秒
2023-12-28 00:11:08 查询号码 【1885611】，返回信息 {"status":"ok","msg":"安徽-淮北","gid":"455665","time_insert":"2021-07-31 12:01","time_update":"2021-08-06 09:50"}
2023-12-28 00:11:08 查询号码 【1885611】，GSD为【"安徽-淮北"】

2023-12-28 00:11:09 开始第 5699 次操作

2023-12-28 00:11:09 开始操作号码 【1885612】
2023-12-28 00:11:13 GSD getOne 第 1 次 等待 3 秒
2023-12-28 00:11:16 查询号码 【1885612】，返回信息 {"status":"ok","msg":"安徽-淮北","gid":"455655","time_insert":"2021-07-31 12:00"}
2023-12-28 00:11:16 查询号码 【1885612】，GSD为【"安徽-淮北"】

2023-12-28 00:11:17 开始第 5700 次操作

2023-12-28 00:11:17 开始操作号码 【1885613】
2023-12-28 00:11:21 GSD getOne 第 1 次 等待 3 秒
2023-12-28 00:11:24 查询号码 【1885613】，返回信息 {"status":"ok","msg":"安徽-淮北","gid":"455646","time_insert":"2021-07-31 12:00"}
2023-12-28 00:11:24 查询号码 【1885613】，GSD为【"安徽-淮北"】

2023-12-28 00:37:14 开始第 5701 次操作

2023-12-28 00:37:14 开始操作号码 【1885614】
2023-12-28 00:37:23 GSD getOne 第 1 次 等待 3 秒
2023-12-28 00:37:26 查询号码 【1885614】，返回信息 {"status":"ok","msg":"安徽-淮北","gid":"455638","time_insert":"2021-07-31 11:59","time_update":"2021-08-06 09:58"}
2023-12-28 00:37:26 查询号码 【1885614】，GSD为【"安徽-淮北"】

2023-12-28 00:37:27 开始第 5702 次操作

2023-12-28 00:37:27 开始操作号码 【1885615】
2023-12-28 00:37:34 GSD getOne 第 1 次 等待 3 秒
2023-12-28 00:37:37 查询号码 【1885615】，返回信息 {"status":"ok","msg":"安徽-淮北","gid":"455624","time_insert":"2021-07-31 11:58"}
2023-12-28 00:37:37 查询号码 【1885615】，GSD为【"安徽-淮北"】

2023-12-28 00:37:38 开始第 5703 次操作

2023-12-28 00:37:38 开始操作号码 【1885616】
2023-12-28 00:37:41 GSD getOne 第 1 次 等待 3 秒
2023-12-28 00:37:44 查询号码 【1885616】，返回信息 {"status":"ok","msg":"安徽-淮北","gid":"455615","time_insert":"2021-07-31 11:58"}
2023-12-28 00:37:44 查询号码 【1885616】，GSD为【"安徽-淮北"】

2023-12-28 00:37:45 开始第 5704 次操作

2023-12-28 00:37:45 开始操作号码 【1885617】
2023-12-28 00:37:49 GSD getOne 第 1 次 等待 3 秒
2023-12-28 00:37:52 查询号码 【1885617】，返回信息 {"status":"ok","msg":"安徽-淮北","gid":"455606","time_insert":"2021-07-31 11:57"}
2023-12-28 00:37:52 查询号码 【1885617】，GSD为【"安徽-淮北"】

2023-12-28 01:07:47 开始第 5705 次操作

2023-12-28 01:07:47 开始操作号码 【1885618】
2023-12-28 01:07:50 GSD getOne 第 1 次 等待 3 秒
2023-12-28 01:07:53 查询号码 【1885618】，返回信息 {"status":"ok","msg":"安徽-淮北","gid":"455600","time_insert":"2021-07-31 11:56"}
2023-12-28 01:07:53 查询号码 【1885618】，GSD为【"安徽-淮北"】

2023-12-28 01:07:54 开始第 5706 次操作

2023-12-28 01:07:54 开始操作号码 【1885619】
2023-12-28 01:07:58 GSD getOne 第 1 次 等待 3 秒
2023-12-28 01:08:01 查询号码 【1885619】，返回信息 {"status":"ok","msg":"安徽-淮北","gid":"455590","time_insert":"2021-07-31 11:56"}
2023-12-28 01:08:01 查询号码 【1885619】，GSD为【"安徽-淮北"】

2023-12-28 01:08:02 开始第 5707 次操作

2023-12-28 01:08:02 开始操作号码 【1885620】
2023-12-28 01:08:05 GSD getOne 第 1 次 等待 3 秒
2023-12-28 01:08:08 查询号码 【1885620】，返回信息 {"status":"ok","msg":"安徽-铜陵","gid":"455582","time_insert":"2021-07-31 11:55"}
2023-12-28 01:08:08 查询号码 【1885620】，GSD为【"安徽-铜陵"】

2023-12-28 01:08:09 开始第 5708 次操作

2023-12-28 01:08:09 开始操作号码 【1885621】
2023-12-28 01:08:12 GSD getOne 第 1 次 等待 3 秒
2023-12-28 01:08:15 查询号码 【1885621】，返回信息 {"status":"ok","msg":"安徽-铜陵","gid":"455570","time_insert":"2021-07-31 11:54"}
2023-12-28 01:08:15 查询号码 【1885621】，GSD为【"安徽-铜陵"】

2023-12-28 01:33:27 开始第 5709 次操作

2023-12-28 01:33:27 开始操作号码 【1885622】
2023-12-28 01:33:31 GSD getOne 第 1 次 等待 3 秒
2023-12-28 01:33:34 查询号码 【1885622】，返回信息 {"status":"ok","msg":"安徽-铜陵","gid":"455560","time_insert":"2021-07-31 11:54"}
2023-12-28 01:33:34 查询号码 【1885622】，GSD为【"安徽-铜陵"】

2023-12-28 01:33:35 开始第 5710 次操作

2023-12-28 01:33:35 开始操作号码 【1885623】
2023-12-28 01:33:39 GSD getOne 第 1 次 等待 3 秒
2023-12-28 01:33:42 查询号码 【1885623】，返回信息 {"status":"ok","msg":"安徽-铜陵","gid":"455552","time_insert":"2021-07-31 11:53"}
2023-12-28 01:33:42 查询号码 【1885623】，GSD为【"安徽-铜陵"】

2023-12-28 01:33:43 开始第 5711 次操作

2023-12-28 01:33:43 开始操作号码 【1885624】
2023-12-28 01:33:46 GSD getOne 第 1 次 等待 3 秒
2023-12-28 01:33:49 查询号码 【1885624】，返回信息 {"status":"ok","msg":"安徽-铜陵","gid":"455541","time_insert":"2021-07-31 11:52"}
2023-12-28 01:33:49 查询号码 【1885624】，GSD为【"安徽-铜陵"】

2023-12-28 01:33:50 开始第 5712 次操作

2023-12-28 01:33:50 开始操作号码 【1885625】
2023-12-28 01:33:54 GSD getOne 第 1 次 等待 3 秒
2023-12-28 01:33:57 查询号码 【1885625】，返回信息 {"status":"ok","msg":"安徽-铜陵","gid":"455531","time_insert":"2021-07-31 11:52"}
2023-12-28 01:33:57 查询号码 【1885625】，GSD为【"安徽-铜陵"】

2023-12-28 02:10:49 开始第 5713 次操作

2023-12-28 02:10:49 开始操作号码 【1885626】
2023-12-28 02:10:53 GSD getOne 第 1 次 等待 3 秒
2023-12-28 02:10:56 查询号码 【1885626】，返回信息 {"status":"ok","msg":"安徽-铜陵","gid":"455526","time_insert":"2021-07-31 11:51"}
2023-12-28 02:10:56 查询号码 【1885626】，GSD为【"安徽-铜陵"】

2023-12-28 02:10:57 开始第 5714 次操作

2023-12-28 02:10:57 开始操作号码 【1885627】
2023-12-28 02:11:00 GSD getOne 第 1 次 等待 3 秒
2023-12-28 02:11:03 查询号码 【1885627】，返回信息 {"status":"ok","msg":"安徽-铜陵","gid":"455516","time_insert":"2021-07-31 11:50"}
2023-12-28 02:11:03 查询号码 【1885627】，GSD为【"安徽-铜陵"】

2023-12-28 02:11:04 开始第 5715 次操作

2023-12-28 02:11:04 开始操作号码 【1885628】
2023-12-28 02:11:08 GSD getOne 第 1 次 等待 3 秒
2023-12-28 02:11:11 查询号码 【1885628】，返回信息 {"status":"ok","msg":"安徽-铜陵","gid":"455507","time_insert":"2021-07-31 11:50"}
2023-12-28 02:11:11 查询号码 【1885628】，GSD为【"安徽-铜陵"】

2023-12-28 02:11:12 开始第 5716 次操作

2023-12-28 02:11:12 开始操作号码 【1885629】
2023-12-28 02:11:15 GSD getOne 第 1 次 等待 3 秒
2023-12-28 02:11:18 查询号码 【1885629】，返回信息 {"status":"ok","msg":"安徽-铜陵","gid":"455500","time_insert":"2021-07-31 11:49"}
2023-12-28 02:11:18 查询号码 【1885629】，GSD为【"安徽-铜陵"】

2023-12-28 02:32:58 开始第 5717 次操作

2023-12-28 02:32:58 开始操作号码 【1885630】
2023-12-28 02:33:02 GSD getOne 第 1 次 等待 3 秒
2023-12-28 02:33:05 查询号码 【1885630】，返回信息 {"status":"ok","msg":"安徽-宣城","gid":"455490","time_insert":"2021-07-31 11:49"}
2023-12-28 02:33:05 查询号码 【1885630】，GSD为【"安徽-宣城"】

2023-12-28 02:33:06 开始第 5718 次操作

2023-12-28 02:33:06 开始操作号码 【1885631】
2023-12-28 02:33:10 GSD getOne 第 1 次 等待 3 秒
2023-12-28 02:33:13 查询号码 【1885631】，返回信息 {"status":"ok","msg":"安徽-宣城","gid":"455479","time_insert":"2021-07-31 11:48"}
2023-12-28 02:33:13 查询号码 【1885631】，GSD为【"安徽-宣城"】

2023-12-28 02:33:14 开始第 5719 次操作

2023-12-28 02:33:14 开始操作号码 【1885632】
2023-12-28 02:33:17 GSD getOne 第 1 次 等待 3 秒
2023-12-28 02:33:20 查询号码 【1885632】，返回信息 {"status":"ok","msg":"安徽-宣城","gid":"455469","time_insert":"2021-07-31 11:47"}
2023-12-28 02:33:20 查询号码 【1885632】，GSD为【"安徽-宣城"】

2023-12-28 02:33:21 开始第 5720 次操作

2023-12-28 02:33:21 开始操作号码 【1885633】
2023-12-28 02:33:25 GSD getOne 第 1 次 等待 3 秒
2023-12-28 02:33:28 查询号码 【1885633】，返回信息 {"status":"ok","msg":"安徽-宣城","gid":"455460","time_insert":"2021-07-31 11:47"}
2023-12-28 02:33:28 查询号码 【1885633】，GSD为【"安徽-宣城"】

