2023-09-26 09:21:43 开始第 1 次操作

2023-09-26 09:21:43 开始操作号码 【1980000】
2023-09-26 09:21:45 GSD getOne 第 1 次 等待 3 秒
2023-09-26 09:21:48 查询号码 【1980000】，返回信息 {"status":"ok","msg":"北京-北京","gid":"430804","time_insert":"2021-07-29 06:38"}
2023-09-26 09:21:48 查询号码 【1980000】，GSD为【"北京-北京"】

2023-09-26 09:21:49 开始第 2 次操作

2023-09-26 09:21:49 开始操作号码 【1980001】
2023-09-26 09:21:50 GSD getOne 第 1 次 等待 3 秒
2023-09-26 09:21:53 查询号码 【1980001】，返回信息 {"status":"ok","msg":"北京-北京","gid":"430974","time_insert":"2021-07-29 06:48","time_update":"2021-07-29 07:00"}
2023-09-26 09:21:53 查询号码 【1980001】，GSD为【"北京-北京"】

2023-09-26 09:21:54 开始第 3 次操作

2023-09-26 09:21:54 开始操作号码 【1980002】
2023-09-26 09:21:56 GSD getOne 第 1 次 等待 3 秒
2023-09-26 09:21:59 查询号码 【1980002】，返回信息 {"status":"ok","msg":"北京-北京","gid":"431101","time_insert":"2021-07-29 06:59"}
2023-09-26 09:21:59 查询号码 【1980002】，GSD为【"北京-北京"】

2023-09-26 09:22:00 开始第 4 次操作

2023-09-26 09:22:00 开始操作号码 【1980003】
2023-09-26 09:22:01 GSD getOne 第 1 次 等待 3 秒
2023-09-26 09:22:04 查询号码 【1980003】，返回信息 {"status":"ok","msg":"北京-北京","gid":"431179","time_insert":"2021-07-29 07:09"}
2023-09-26 09:22:04 查询号码 【1980003】，GSD为【"北京-北京"】

