2024-04-06 00:11:52 开始第 2189 次操作

2024-04-06 00:11:52 开始操作号码 【1662103】
2024-04-06 00:11:57 GSD getOne 第 1 次 等待 3 秒
2024-04-06 00:12:00 查询号码 【1662103】，返回信息 {"status":"ok","msg":"上海-上海","gid":"126937","time_insert":"2021-06-25 11:30"}
2024-04-06 00:12:00 查询号码 【1662103】，GSD为【"上海-上海"】

2024-04-06 00:12:01 开始第 2190 次操作

2024-04-06 00:12:01 开始操作号码 【1662104】
2024-04-06 00:12:08 GSD getOne 第 1 次 等待 3 秒
2024-04-06 00:12:11 查询号码 【1662104】，返回信息 {"status":"ok","msg":"上海-上海","gid":"126942","time_insert":"2021-06-25 11:30"}
2024-04-06 00:12:11 查询号码 【1662104】，GSD为【"上海-上海"】

2024-04-06 00:12:12 开始第 2191 次操作

2024-04-06 00:12:12 开始操作号码 【1662105】
2024-04-06 00:12:20 GSD getOne 第 1 次 等待 3 秒
2024-04-06 00:12:23 查询号码 【1662105】，返回信息 {"status":"ok","msg":"上海-上海","gid":"126945","time_insert":"2021-06-25 11:31"}
2024-04-06 00:12:23 查询号码 【1662105】，GSD为【"上海-上海"】

2024-04-06 00:12:24 开始第 2192 次操作

2024-04-06 00:12:24 开始操作号码 【1662106】
2024-04-06 00:12:30 GSD getOne 第 1 次 等待 3 秒
2024-04-06 00:12:33 查询号码 【1662106】，返回信息 {"status":"ok","msg":"上海-上海","gid":"126949","time_insert":"2021-06-25 11:32"}
2024-04-06 00:12:33 查询号码 【1662106】，GSD为【"上海-上海"】

