2023-12-05 00:12:00 开始第 1477 次操作

2023-12-05 00:12:00 开始操作号码 【1881390】
2023-12-05 00:12:10 GSD getOne 第 1 次 等待 3 秒
2023-12-05 00:12:13 查询号码 【1881390】，返回信息 {"status":"ok","msg":"广东-深圳","gid":"43847","time_insert":"2015-12-19 22:52","time_update":"2020-10-02 08:05"}
2023-12-05 00:12:13 查询号码 【1881390】，GSD为【"广东-深圳"】

2023-12-05 00:12:14 开始第 1478 次操作

2023-12-05 00:12:14 开始操作号码 【1881391】
2023-12-05 00:12:25 GSD getOne 第 1 次 等待 3 秒
2023-12-05 00:12:28 查询号码 【1881391】，返回信息 {"status":"ok","msg":"广东-深圳","gid":"445091","time_insert":"2021-07-30 14:17"}
2023-12-05 00:12:28 查询号码 【1881391】，GSD为【"广东-深圳"】

2023-12-05 00:12:29 开始第 1479 次操作

2023-12-05 00:12:29 开始操作号码 【1881392】
2023-12-05 00:12:35 GSD getOne 第 1 次 等待 3 秒
2023-12-05 00:12:38 查询号码 【1881392】，返回信息 {"status":"ok","msg":"广东-深圳","gid":"445133","time_insert":"2021-07-30 14:27"}
2023-12-05 00:12:38 查询号码 【1881392】，GSD为【"广东-深圳"】

2023-12-05 00:12:39 开始第 1480 次操作

2023-12-05 00:12:40 开始操作号码 【1881393】
2023-12-05 00:12:53 GSD getOne 第 1 次 等待 3 秒
2023-12-05 00:12:56 查询号码 【1881393】，返回信息 {"status":"ok","msg":"广东-深圳","gid":"445150","time_insert":"2021-07-30 14:37"}
2023-12-05 00:12:56 查询号码 【1881393】，GSD为【"广东-深圳"】

