2024-06-09 00:12:42 开始第 141 次操作

2024-06-09 00:12:42 开始操作号码 【1550055】
2024-06-09 00:12:54 GSD getOne 第 1 次 等待 3 秒
2024-06-09 00:12:57 查询号码 【1550055】，返回信息 {"status":"ok","msg":"青海-西宁","gid":"81758","time_insert":"2021-06-05 21:13"}
2024-06-09 00:12:57 查询号码 【1550055】，GSD为【"青海-西宁"】

2024-06-09 00:12:58 开始第 142 次操作

2024-06-09 00:12:58 开始操作号码 【1550056】
2024-06-09 00:13:05 GSD getOne 第 1 次 等待 3 秒
2024-06-09 00:13:08 查询号码 【1550056】，返回信息 {"status":"ok","msg":"青海-西宁","gid":"81778","time_insert":"2021-06-05 21:32"}
2024-06-09 00:13:08 查询号码 【1550056】，GSD为【"青海-西宁"】

2024-06-09 00:13:09 开始第 143 次操作

2024-06-09 00:13:09 开始操作号码 【1550057】
2024-06-09 00:13:19 GSD getOne 第 1 次 等待 3 秒
2024-06-09 00:13:22 查询号码 【1550057】，返回信息 {"status":"ok","msg":"青海-西宁","gid":"21610","time_insert":"2018-02-27 12:44","time_update":"2020-12-15 14:01"}
2024-06-09 00:13:22 查询号码 【1550057】，GSD为【"青海-西宁"】

2024-06-09 00:13:23 开始第 144 次操作

2024-06-09 00:13:23 开始操作号码 【1550058】
2024-06-09 00:13:30 GSD getOne 第 1 次 等待 3 秒
2024-06-09 00:13:33 查询号码 【1550058】，返回信息 {"status":"ok","msg":"青海-西宁","gid":"81798","time_insert":"2021-06-05 21:53"}
2024-06-09 00:13:34 查询号码 【1550058】，GSD为【"青海-西宁"】

