2024-07-08 00:10:46 开始第 5413 次操作

2024-07-08 00:10:46 开始操作号码 【1555322】
2024-07-08 00:10:55 GSD getOne 第 1 次 等待 3 秒
2024-07-08 00:10:58 查询号码 【1555322】，返回信息 {"status":"ok","msg":"山东-青岛","gid":"409807","time_insert":"2021-07-27 05:32"}
2024-07-08 00:10:58 查询号码 【1555322】，GSD为【"山东-青岛"】

2024-07-08 00:10:59 开始第 5414 次操作

2024-07-08 00:10:59 开始操作号码 【1555323】
2024-07-08 00:11:07 GSD getOne 第 1 次 等待 3 秒
2024-07-08 00:11:10 查询号码 【1555323】，返回信息 {"status":"ok","msg":"山东-青岛","gid":"409836","time_insert":"2021-07-27 05:42"}
2024-07-08 00:11:10 查询号码 【1555323】，GSD为【"山东-青岛"】

2024-07-08 00:11:11 开始第 5415 次操作

2024-07-08 00:11:11 开始操作号码 【1555324】
2024-07-08 00:11:19 GSD getOne 第 1 次 等待 3 秒
2024-07-08 00:11:22 查询号码 【1555324】，返回信息 {"status":"ok","msg":"山东-青岛","gid":"409953","time_insert":"2021-07-27 05:50"}
2024-07-08 00:11:22 查询号码 【1555324】，GSD为【"山东-青岛"】

2024-07-08 00:11:23 开始第 5416 次操作

2024-07-08 00:11:23 开始操作号码 【1555325】
2024-07-08 00:11:32 GSD getOne 第 1 次 等待 3 秒
2024-07-08 00:11:35 查询号码 【1555325】，返回信息 {"status":"ok","msg":"山东-聊城","gid":"410076","time_insert":"2021-07-27 05:59"}
2024-07-08 00:11:35 查询号码 【1555325】，GSD为【"山东-聊城"】

2024-07-08 00:35:50 开始第 5417 次操作

2024-07-08 00:35:50 开始操作号码 【1555326】
2024-07-08 00:35:59 GSD getOne 第 1 次 等待 3 秒
2024-07-08 00:36:02 查询号码 【1555326】，返回信息 {"status":"ok","msg":"山东-聊城","gid":"410181","time_insert":"2021-07-27 06:08"}
2024-07-08 00:36:02 查询号码 【1555326】，GSD为【"山东-聊城"】

2024-07-08 00:36:03 开始第 5418 次操作

2024-07-08 00:36:03 开始操作号码 【1555327】
2024-07-08 00:36:11 GSD getOne 第 1 次 等待 3 秒
2024-07-08 00:36:14 查询号码 【1555327】，返回信息 {"status":"ok","msg":"山东-聊城","gid":"410230","time_insert":"2021-07-27 06:18"}
2024-07-08 00:36:14 查询号码 【1555327】，GSD为【"山东-聊城"】

2024-07-08 00:36:15 开始第 5419 次操作

2024-07-08 00:36:15 开始操作号码 【1555328】
2024-07-08 00:36:23 GSD getOne 第 1 次 等待 3 秒
2024-07-08 00:36:26 查询号码 【1555328】，返回信息 {"status":"ok","msg":"山东-聊城","gid":"410241","time_insert":"2021-07-27 06:28"}
2024-07-08 00:36:26 查询号码 【1555328】，GSD为【"山东-聊城"】

2024-07-08 00:36:27 开始第 5420 次操作

2024-07-08 00:36:27 开始操作号码 【1555329】
2024-07-08 00:36:35 GSD getOne 第 1 次 等待 3 秒
2024-07-08 00:36:38 查询号码 【1555329】，返回信息 {"status":"ok","msg":"山东-聊城","gid":"410255","time_insert":"2021-07-27 06:38"}
2024-07-08 00:36:38 查询号码 【1555329】，GSD为【"山东-聊城"】

