2023-11-15 00:09:13 开始第 8913 次操作

2023-11-15 00:09:13 开始操作号码 【1988825】
2023-11-15 00:09:22 GSD getOne 第 1 次 等待 3 秒
2023-11-15 00:09:25 查询号码 【1988825】，返回信息 {"status":"ok","msg":"吉林-延边","gid":"470702","time_insert":"2021-08-01 19:08"}
2023-11-15 00:09:25 查询号码 【1988825】，GSD为【"吉林-延边"】

2023-11-15 00:09:26 开始第 8914 次操作

2023-11-15 00:09:26 开始操作号码 【1988826】
2023-11-15 00:09:30 GSD getOne 第 1 次 等待 3 秒
2023-11-15 00:09:33 查询号码 【1988826】，返回信息 {"status":"ok","msg":"吉林-四平","gid":"470694","time_insert":"2021-08-01 19:08"}
2023-11-15 00:09:33 查询号码 【1988826】，GSD为【"吉林-四平"】

2023-11-15 00:09:34 开始第 8915 次操作

2023-11-15 00:09:34 开始操作号码 【1988827】
2023-11-15 00:09:38 GSD getOne 第 1 次 等待 3 秒
2023-11-15 00:09:41 查询号码 【1988827】，返回信息 {"status":"ok","msg":"吉林-四平","gid":"470684","time_insert":"2021-08-01 19:07"}
2023-11-15 00:09:41 查询号码 【1988827】，GSD为【"吉林-四平"】

2023-11-15 00:09:42 开始第 8916 次操作

2023-11-15 00:09:42 开始操作号码 【1988828】
2023-11-15 00:09:45 GSD getOne 第 1 次 等待 3 秒
2023-11-15 00:09:48 查询号码 【1988828】，返回信息 {"status":"ok","msg":"吉林-通化","gid":"470676","time_insert":"2021-08-01 19:07"}
2023-11-15 00:09:48 查询号码 【1988828】，GSD为【"吉林-通化"】

2023-11-15 00:32:58 开始第 8917 次操作

2023-11-15 00:32:58 开始操作号码 【1988829】
2023-11-15 00:33:01 GSD getOne 第 1 次 等待 3 秒
2023-11-15 00:33:04 查询号码 【1988829】，返回信息 {"status":"ok","msg":"吉林-松原","gid":"470664","time_insert":"2021-08-01 19:06"}
2023-11-15 00:33:04 查询号码 【1988829】，GSD为【"吉林-松原"】

2023-11-15 00:33:05 开始第 8918 次操作

2023-11-15 00:33:05 开始操作号码 【1988830】
2023-11-15 00:33:09 GSD getOne 第 1 次 等待 3 秒
2023-11-15 00:33:12 查询号码 【1988830】，返回信息 {"status":"ok","msg":"湖北-孝感","gid":"470655","time_insert":"2021-08-01 19:06"}
2023-11-15 00:33:12 查询号码 【1988830】，GSD为【"湖北-孝感"】

2023-11-15 00:33:13 开始第 8919 次操作

2023-11-15 00:33:13 开始操作号码 【1988831】
2023-11-15 00:33:16 GSD getOne 第 1 次 等待 3 秒
2023-11-15 00:33:19 查询号码 【1988831】，返回信息 {"status":"ok","msg":"湖北-孝感","gid":"470645","time_insert":"2021-08-01 19:05"}
2023-11-15 00:33:19 查询号码 【1988831】，GSD为【"湖北-孝感"】

2023-11-15 00:33:20 开始第 8920 次操作

2023-11-15 00:33:20 开始操作号码 【1988832】
2023-11-15 00:33:23 GSD getOne 第 1 次 等待 3 秒
2023-11-15 00:33:26 查询号码 【1988832】，返回信息 {"status":"ok","msg":"湖北-宜昌","gid":"470632","time_insert":"2021-08-01 19:04"}
2023-11-15 00:33:26 查询号码 【1988832】，GSD为【"湖北-宜昌"】

2023-11-15 01:32:59 开始第 8921 次操作

2023-11-15 01:32:59 开始操作号码 【1988833】
2023-11-15 01:33:03 GSD getOne 第 1 次 等待 3 秒
2023-11-15 01:33:06 查询号码 【1988833】，返回信息 {"status":"ok","msg":"湖北-宜昌","gid":"470620","time_insert":"2021-08-01 19:04"}
2023-11-15 01:33:06 查询号码 【1988833】，GSD为【"湖北-宜昌"】

2023-11-15 01:33:07 开始第 8922 次操作

2023-11-15 01:33:07 开始操作号码 【1988834】
2023-11-15 01:33:12 GSD getOne 第 1 次 等待 3 秒
2023-11-15 01:33:15 查询号码 【1988834】，返回信息 {"status":"ok","msg":"湖北-武汉","gid":"470611","time_insert":"2021-08-01 19:03"}
2023-11-15 01:33:15 查询号码 【1988834】，GSD为【"湖北-武汉"】

2023-11-15 01:33:16 开始第 8923 次操作

2023-11-15 01:33:16 开始操作号码 【1988835】
2023-11-15 01:33:20 GSD getOne 第 1 次 等待 3 秒
2023-11-15 01:33:23 查询号码 【1988835】，返回信息 {"status":"ok","msg":"湖北-咸宁","gid":"470595","time_insert":"2021-08-01 19:02"}
2023-11-15 01:33:23 查询号码 【1988835】，GSD为【"湖北-咸宁"】

2023-11-15 01:33:24 开始第 8924 次操作

2023-11-15 01:33:24 开始操作号码 【1988836】
2023-11-15 01:33:28 GSD getOne 第 1 次 等待 3 秒
2023-11-15 01:33:31 查询号码 【1988836】，返回信息 {"status":"ok","msg":"湖北-黄石","gid":"470588","time_insert":"2021-08-01 19:01"}
2023-11-15 01:33:31 查询号码 【1988836】，GSD为【"湖北-黄石"】

2023-11-15 02:09:58 开始第 8925 次操作

2023-11-15 02:09:58 开始操作号码 【1988837】
2023-11-15 02:10:02 GSD getOne 第 1 次 等待 3 秒
2023-11-15 02:10:05 查询号码 【1988837】，返回信息 {"status":"ok","msg":"湖北-武汉","gid":"470579","time_insert":"2021-08-01 19:00"}
2023-11-15 02:10:05 查询号码 【1988837】，GSD为【"湖北-武汉"】

2023-11-15 02:10:06 开始第 8926 次操作

2023-11-15 02:10:06 开始操作号码 【1988838】
2023-11-15 02:10:09 GSD getOne 第 1 次 等待 3 秒
2023-11-15 02:10:12 查询号码 【1988838】，返回信息 {"status":"ok","msg":"湖北-随州","gid":"470571","time_insert":"2021-08-01 18:59"}
2023-11-15 02:10:12 查询号码 【1988838】，GSD为【"湖北-随州"】

2023-11-15 02:10:13 开始第 8927 次操作

2023-11-15 02:10:13 开始操作号码 【1988839】
2023-11-15 02:10:17 GSD getOne 第 1 次 等待 3 秒
2023-11-15 02:10:20 查询号码 【1988839】，返回信息 {"status":"ok","msg":"湖北-荆门","gid":"470562","time_insert":"2021-08-01 18:58"}
2023-11-15 02:10:20 查询号码 【1988839】，GSD为【"湖北-荆门"】

2023-11-15 02:10:21 开始第 8928 次操作

2023-11-15 02:10:21 开始操作号码 【1988840】
2023-11-15 02:10:24 GSD getOne 第 1 次 等待 3 秒
2023-11-15 02:10:27 查询号码 【1988840】，返回信息 {"status":"ok","msg":"湖北-武汉","gid":"470550","time_insert":"2021-08-01 18:57"}
2023-11-15 02:10:27 查询号码 【1988840】，GSD为【"湖北-武汉"】

