2023-12-30 00:12:28 开始第 6065 次操作

2023-12-30 00:12:28 开始操作号码 【1885978】
2023-12-30 00:12:32 GSD getOne 第 1 次 等待 3 秒
2023-12-30 00:12:35 查询号码 【1885978】，返回信息 {"status":"ok","msg":"福建-泉州","gid":"451737","time_insert":"2021-07-31 03:39","time_update":"2021-08-06 10:24"}
2023-12-30 00:12:35 查询号码 【1885978】，GSD为【"福建-泉州"】

2023-12-30 00:12:36 开始第 6066 次操作

2023-12-30 00:12:36 开始操作号码 【1885979】
2023-12-30 00:12:43 GSD getOne 第 1 次 等待 3 秒
2023-12-30 00:12:46 查询号码 【1885979】，返回信息 {"status":"ok","msg":"福建-泉州","gid":"451725","time_insert":"2021-07-31 03:39"}
2023-12-30 00:12:47 查询号码 【1885979】，GSD为【"福建-泉州"】

2023-12-30 00:12:48 开始第 6067 次操作

2023-12-30 00:12:48 开始操作号码 【1885980】
2023-12-30 00:12:51 GSD getOne 第 1 次 等待 3 秒
2023-12-30 00:12:54 查询号码 【1885980】，返回信息 {"status":"ok","msg":"福建-三明","gid":"451715","time_insert":"2021-07-31 03:38"}
2023-12-30 00:12:54 查询号码 【1885980】，GSD为【"福建-三明"】

2023-12-30 00:12:55 开始第 6068 次操作

2023-12-30 00:12:55 开始操作号码 【1885981】
2023-12-30 00:12:59 GSD getOne 第 1 次 等待 3 秒
2023-12-30 00:13:02 查询号码 【1885981】，返回信息 {"status":"ok","msg":"福建-三明","gid":"451702","time_insert":"2021-07-31 03:38"}
2023-12-30 00:13:02 查询号码 【1885981】，GSD为【"福建-三明"】

2023-12-30 00:37:52 开始第 6069 次操作

2023-12-30 00:37:52 开始操作号码 【1885982】
2023-12-30 00:37:56 GSD getOne 第 1 次 等待 3 秒
2023-12-30 00:37:59 查询号码 【1885982】，返回信息 {"status":"ok","msg":"福建-三明","gid":"451691","time_insert":"2021-07-31 03:37"}
2023-12-30 00:37:59 查询号码 【1885982】，GSD为【"福建-三明"】

2023-12-30 00:38:00 开始第 6070 次操作

2023-12-30 00:38:00 开始操作号码 【1885983】
2023-12-30 00:38:05 GSD getOne 第 1 次 等待 3 秒
2023-12-30 00:38:08 查询号码 【1885983】，返回信息 {"status":"ok","msg":"福建-三明","gid":"451682","time_insert":"2021-07-31 03:36"}
2023-12-30 00:38:08 查询号码 【1885983】，GSD为【"福建-三明"】

2023-12-30 00:38:09 开始第 6071 次操作

2023-12-30 00:38:09 开始操作号码 【1885984】
2023-12-30 00:38:14 GSD getOne 第 1 次 等待 3 秒
2023-12-30 00:38:17 查询号码 【1885984】，返回信息 {"status":"ok","msg":"福建-三明","gid":"451566","time_insert":"2021-07-31 03:14"}
2023-12-30 00:38:17 查询号码 【1885984】，GSD为【"福建-三明"】

2023-12-30 00:38:18 开始第 6072 次操作

2023-12-30 00:38:18 开始操作号码 【1885985】
2023-12-30 00:38:23 GSD getOne 第 1 次 等待 3 秒
2023-12-30 00:38:26 查询号码 【1885985】，返回信息 {"status":"ok","msg":"福建-三明","gid":"451560","time_insert":"2021-07-31 03:14"}
2023-12-30 00:38:26 查询号码 【1885985】，GSD为【"福建-三明"】

2023-12-30 01:08:58 开始第 6073 次操作

2023-12-30 01:08:58 开始操作号码 【1885986】
2023-12-30 01:09:04 GSD getOne 第 1 次 等待 3 秒
2023-12-30 01:09:07 查询号码 【1885986】，返回信息 {"status":"ok","msg":"福建-三明","gid":"451554","time_insert":"2021-07-31 03:13"}
2023-12-30 01:09:07 查询号码 【1885986】，GSD为【"福建-三明"】

2023-12-30 01:09:08 开始第 6074 次操作

2023-12-30 01:09:08 开始操作号码 【1885987】
2023-12-30 01:09:12 GSD getOne 第 1 次 等待 3 秒
2023-12-30 01:09:15 查询号码 【1885987】，返回信息 {"status":"ok","msg":"福建-三明","gid":"451547","time_insert":"2021-07-31 03:12"}
2023-12-30 01:09:15 查询号码 【1885987】，GSD为【"福建-三明"】

2023-12-30 01:09:16 开始第 6075 次操作

2023-12-30 01:09:16 开始操作号码 【1885988】
2023-12-30 01:09:20 GSD getOne 第 1 次 等待 3 秒
2023-12-30 01:09:23 查询号码 【1885988】，返回信息 {"status":"ok","msg":"福建-三明","gid":"451538","time_insert":"2021-07-31 03:12"}
2023-12-30 01:09:23 查询号码 【1885988】，GSD为【"福建-三明"】

2023-12-30 01:09:24 开始第 6076 次操作

2023-12-30 01:09:24 开始操作号码 【1885989】
2023-12-30 01:09:28 GSD getOne 第 1 次 等待 3 秒
2023-12-30 01:09:31 查询号码 【1885989】，返回信息 {"status":"ok","msg":"福建-三明","gid":"44219","time_insert":"2019-03-20 11:22","time_update":"2020-09-05 15:22"}
2023-12-30 01:09:31 查询号码 【1885989】，GSD为【"福建-三明"】

