2024-10-25 00:13:59 开始第 1305 次操作

2024-10-25 00:13:59 开始操作号码 【1331304】
2024-10-25 00:14:01 GSD getOne 第 1 次 等待 3 秒
2024-10-25 00:14:04 查询号码 【1331304】，返回信息 {"status":"ok","msg":"河北-石家庄","gid":"66050","time_insert":"2021-05-23 22:57"}
2024-10-25 00:14:04 查询号码 【1331304】，GSD为【"河北-石家庄"】

2024-10-25 00:14:05 开始第 1306 次操作

2024-10-25 00:14:05 开始操作号码 【1331305】
2024-10-25 00:14:06 GSD getOne 第 1 次 等待 3 秒
2024-10-25 00:14:09 查询号码 【1331305】，返回信息 {"status":"ok","msg":"河北-唐山","gid":"66069","time_insert":"2021-05-23 23:22"}
2024-10-25 00:14:09 查询号码 【1331305】，GSD为【"河北-唐山"】

2024-10-25 00:14:10 开始第 1307 次操作

2024-10-25 00:14:10 开始操作号码 【1331306】
2024-10-25 00:14:11 GSD getOne 第 1 次 等待 3 秒
2024-10-25 00:14:14 查询号码 【1331306】，返回信息 {"status":"ok","msg":"河北-廊坊","gid":"66085","time_insert":"2021-05-23 23:49"}
2024-10-25 00:14:14 查询号码 【1331306】，GSD为【"河北-廊坊"】

2024-10-25 00:14:15 开始第 1308 次操作

2024-10-25 00:14:15 开始操作号码 【1331307】
2024-10-25 00:14:16 GSD getOne 第 1 次 等待 3 秒
2024-10-25 00:14:19 查询号码 【1331307】，返回信息 {"status":"ok","msg":"河北-沧州","gid":"66103","time_insert":"2021-05-24 00:13"}
2024-10-25 00:14:19 查询号码 【1331307】，GSD为【"河北-沧州"】

