2021-07-28 00:00:55 开始第 16 次操作

2021-07-28 00:00:55 开始操作号码 【1535395】
2021-07-28 00:00:58 GSD getOne 第 1 次 等待 3 秒
2021-07-28 00:01:01 查询号码 【1535395】，返回信息 {"status":"bad","msg":""}
2021-07-28 00:01:02 查询号码 【1535395】，GSD为【""】
2021-07-28 00:01:02 bad
2021-07-28 00:01:04 CHB 1535395?1627401662 第 1 次 等待 3 秒
2021-07-28 00:01:07 CHB 1535395?1627401662 第 1 次 获取到号码【1535395】GSD
2021-07-28 00:01:07 获取到号码【1535395】的GSD为【陕西-渭南】
2021-07-28 00:01:28 GSD insert 第 1 次 等待 3 秒
2021-07-28 00:01:31 {"status":"ok","gid":418610,"msg":"添加成功！"}
2021-07-28 00:01:31 下次操作: 2021-07-28 00:01:54

2021-07-28 00:01:54 开始第 17 次操作

2021-07-28 00:01:54 开始操作号码 【1535394】
2021-07-28 00:01:57 GSD getOne 第 1 次 等待 3 秒
2021-07-28 00:02:00 查询号码 【1535394】，返回信息 {"status":"bad","msg":""}
2021-07-28 00:02:00 查询号码 【1535394】，GSD为【""】
2021-07-28 00:02:00 bad
2021-07-28 00:02:33 CHB 1535394?1627401720 第 1 次 等待 3 秒
2021-07-28 00:02:36 CHB 1535394?1627401720 第 1 次 获取到号码【1535394】GSD
2021-07-28 00:02:36 获取到号码【1535394】的GSD为【陕西-渭南】
2021-07-28 00:02:40 GSD insert 第 1 次 等待 3 秒
2021-07-28 00:02:43 {"status":"ok","gid":418629,"msg":"添加成功！"}
2021-07-28 00:02:43 下次操作: 2021-07-28 00:02:56

2021-07-28 00:02:56 开始第 18 次操作

2021-07-28 00:02:56 开始操作号码 【1535393】
2021-07-28 00:03:01 GSD getOne 第 1 次 等待 3 秒
2021-07-28 00:03:05 查询号码 【1535393】，返回信息 {"status":"bad","msg":""}
2021-07-28 00:03:05 查询号码 【1535393】，GSD为【""】
2021-07-28 00:03:05 bad
2021-07-28 00:03:06 CHB 1535393?1627401785 第 1 次 等待 3 秒
2021-07-28 00:03:09 CHB 1535393?1627401785 第 1 次 获取到号码【1535393】GSD
2021-07-28 00:03:09 获取到号码【1535393】的GSD为【陕西-安康】
2021-07-28 00:03:27 GSD insert 第 1 次 等待 3 秒
2021-07-28 00:03:30 {"status":"ok","gid":418641,"msg":"添加成功！"}
2021-07-28 00:03:30 下次操作: 2021-07-28 00:03:44

2021-07-28 00:03:44 开始第 19 次操作

2021-07-28 00:03:44 开始操作号码 【1535392】
2021-07-28 00:03:48 GSD getOne 第 1 次 等待 3 秒
2021-07-28 00:03:51 查询号码 【1535392】，返回信息 {"status":"bad","msg":""}
2021-07-28 00:03:51 查询号码 【1535392】，GSD为【""】
2021-07-28 00:03:51 bad
2021-07-28 00:03:55 CHB 1535392?1627401831 第 1 次 等待 3 秒
2021-07-28 00:03:58 CHB 1535392?1627401831 第 1 次 获取到号码【1535392】GSD
2021-07-28 00:03:58 获取到号码【1535392】的GSD为【陕西-安康】
2021-07-28 00:04:17 GSD insert 第 1 次 等待 3 秒
2021-07-28 00:04:20 {"status":"ok","gid":418655,"msg":"添加成功！"}
2021-07-28 00:04:20 下次操作: 2021-07-28 00:04:38

2021-07-28 00:04:38 开始第 20 次操作

2021-07-28 00:04:38 开始操作号码 【1535391】
2021-07-28 00:04:41 GSD getOne 第 1 次 等待 3 秒
2021-07-28 00:04:44 查询号码 【1535391】，返回信息 {"status":"bad","msg":""}
2021-07-28 00:04:44 查询号码 【1535391】，GSD为【""】
2021-07-28 00:04:44 bad
2021-07-28 00:04:45 CHB 1535391?1627401884 第 1 次 等待 3 秒
2021-07-28 00:04:48 CHB 1535391?1627401884 第 1 次 获取到号码【1535391】GSD
2021-07-28 00:04:48 获取到号码【1535391】的GSD为【陕西-商洛】
2021-07-28 00:05:26 GSD insert 第 1 次 等待 3 秒
2021-07-28 00:05:29 {"status":"ok","gid":418672,"msg":"添加成功！"}
2021-07-28 00:05:29 下次操作: 2021-07-28 00:05:48

2021-07-28 00:05:48 开始第 21 次操作

2021-07-28 00:05:48 开始操作号码 【1535390】
2021-07-28 00:05:56 GSD getOne 第 1 次 等待 3 秒
2021-07-28 00:05:59 查询号码 【1535390】，返回信息 {"status":"bad","msg":""}
2021-07-28 00:05:59 查询号码 【1535390】，GSD为【""】
2021-07-28 00:05:59 bad
2021-07-28 00:06:01 CHB 1535390?1627401959 第 1 次 等待 3 秒
2021-07-28 00:06:04 CHB 1535390?1627401959 第 1 次 获取到号码【1535390】GSD
2021-07-28 00:06:04 获取到号码【1535390】的GSD为【陕西-商洛】
2021-07-28 00:06:28 GSD insert 第 1 次 等待 3 秒
2021-07-28 00:06:31 {"status":"ok","gid":418686,"msg":"添加成功！"}
2021-07-28 00:06:31 下次操作: 2021-07-28 00:06:55

2021-07-28 00:06:55 开始第 22 次操作

2021-07-28 00:06:55 开始操作号码 【1535389】
2021-07-28 00:06:58 GSD getOne 第 1 次 等待 3 秒
2021-07-28 00:07:01 查询号码 【1535389】，返回信息 {"status":"ok","msg":"陕西-榆林","gid":"21169","time_insert":"2018-02-20 21:23","time_update":"2020-12-09 09:18"}
2021-07-28 00:07:01 查询号码 【1535389】，GSD为【"陕西-榆林"】

2021-07-28 00:07:01 开始第 22 次操作

2021-07-28 00:07:01 开始操作号码 【1535388】
2021-07-28 00:07:24 GSD getOne 第 1 次 等待 3 秒
2021-07-28 00:07:27 查询号码 【1535388】，返回信息 {"status":"bad","msg":""}
2021-07-28 00:07:27 查询号码 【1535388】，GSD为【""】
2021-07-28 00:07:27 bad
2021-07-28 00:07:29 CHB 1535388?1627402047 第 1 次 等待 3 秒
2021-07-28 00:07:32 CHB 1535388?1627402047 第 1 次 获取到号码【1535388】GSD
2021-07-28 00:07:32 获取到号码【1535388】的GSD为【陕西-榆林】
2021-07-28 00:07:50 GSD insert 第 1 次 等待 3 秒
2021-07-28 00:07:53 {"status":"ok","gid":418709,"msg":"添加成功！"}
2021-07-28 00:07:53 下次操作: 2021-07-28 00:08:13

2021-07-28 00:08:13 开始第 23 次操作

2021-07-28 00:08:13 开始操作号码 【1535387】
2021-07-28 00:08:19 GSD getOne 第 1 次 等待 3 秒
2021-07-28 00:08:22 查询号码 【1535387】，返回信息 {"status":"bad","msg":""}
2021-07-28 00:08:22 查询号码 【1535387】，GSD为【""】
2021-07-28 00:08:22 bad
2021-07-28 00:08:24 CHB 1535387?1627402102 第 1 次 等待 3 秒
2021-07-28 00:08:27 CHB 1535387?1627402102 第 1 次 获取到号码【1535387】GSD
2021-07-28 00:08:27 获取到号码【1535387】的GSD为【陕西-榆林】
2021-07-28 00:08:50 GSD insert 第 1 次 等待 3 秒
2021-07-28 00:08:53 {"status":"ok","gid":418724,"msg":"添加成功！"}
2021-07-28 00:08:53 下次操作: 2021-07-28 00:09:17

2021-07-28 00:09:17 开始第 24 次操作

2021-07-28 00:09:17 开始操作号码 【1535386】
2021-07-28 00:09:20 GSD getOne 第 1 次 等待 3 秒
2021-07-28 00:09:23 查询号码 【1535386】，返回信息 {"status":"bad","msg":""}
2021-07-28 00:09:23 查询号码 【1535386】，GSD为【""】
2021-07-28 00:09:23 bad
2021-07-28 00:09:27 CHB 1535386?1627402163 第 1 次 等待 3 秒
2021-07-28 00:09:30 CHB 1535386?1627402163 第 1 次 获取到号码【1535386】GSD
2021-07-28 00:09:30 获取到号码【1535386】的GSD为【陕西-榆林】
2021-07-28 00:09:50 GSD insert 第 1 次 等待 3 秒
2021-07-28 00:09:53 {"status":"ok","gid":418739,"msg":"添加成功！"}
2021-07-28 00:09:53 下次操作: 2021-07-28 00:10:14

2021-07-28 00:10:15 开始第 25 次操作

2021-07-28 00:10:15 开始操作号码 【1535385】
2021-07-28 00:10:17 GSD getOne 第 1 次 等待 3 秒
2021-07-28 00:10:20 查询号码 【1535385】，返回信息 {"status":"bad","msg":""}
2021-07-28 00:10:20 查询号码 【1535385】，GSD为【""】
2021-07-28 00:10:20 bad
2021-07-28 00:10:22 CHB 1535385?1627402220 第 1 次 等待 3 秒
2021-07-28 00:10:25 CHB 1535385?1627402220 第 1 次 获取到号码【1535385】GSD
2021-07-28 00:10:25 获取到号码【1535385】的GSD为【陕西-汉中】
2021-07-28 00:10:44 GSD insert 第 1 次 等待 3 秒
2021-07-28 00:10:47 {"status":"ok","gid":418751,"msg":"添加成功！"}
2021-07-28 00:10:47 下次操作: 2021-07-28 00:11:10

2021-07-28 00:11:10 开始第 26 次操作

2021-07-28 00:11:10 开始操作号码 【1535384】
2021-07-28 00:11:13 GSD getOne 第 1 次 等待 3 秒
2021-07-28 00:11:16 查询号码 【1535384】，返回信息 {"status":"ok","msg":"陕西-汉中","gid":"54408","time_insert":"2020-12-20 20:18"}
2021-07-28 00:11:16 查询号码 【1535384】，GSD为【"陕西-汉中"】

2021-07-28 00:11:16 开始第 26 次操作

2021-07-28 00:11:16 开始操作号码 【1535383】
2021-07-28 00:11:35 GSD getOne 第 1 次 等待 3 秒
2021-07-28 00:11:38 查询号码 【1535383】，返回信息 {"status":"bad","msg":""}
2021-07-28 00:11:38 查询号码 【1535383】，GSD为【""】
2021-07-28 00:11:38 bad
2021-07-28 00:11:40 CHB 1535383?1627402298 第 1 次 等待 3 秒
2021-07-28 00:11:43 CHB 1535383?1627402298 第 1 次 获取到号码【1535383】GSD
2021-07-28 00:11:43 获取到号码【1535383】的GSD为【陕西-铜川】
2021-07-28 00:12:02 GSD insert 第 1 次 等待 3 秒
2021-07-28 00:12:05 {"status":"ok","gid":418771,"msg":"添加成功！"}
2021-07-28 00:12:05 下次操作: 2021-07-28 00:12:26

2021-07-28 00:12:26 开始第 27 次操作

2021-07-28 00:12:26 开始操作号码 【1535382】
2021-07-28 00:12:30 GSD getOne 第 1 次 等待 3 秒
2021-07-28 00:12:33 查询号码 【1535382】，返回信息 {"status":"bad","msg":""}
2021-07-28 00:12:33 查询号码 【1535382】，GSD为【""】
2021-07-28 00:12:33 bad
2021-07-28 00:12:44 CHB 1535382?1627402353 第 1 次 等待 3 秒
2021-07-28 00:12:47 CHB 1535382?1627402353 第 1 次 获取到号码【1535382】GSD
2021-07-28 00:12:47 获取到号码【1535382】的GSD为【陕西-铜川】
2021-07-28 00:12:53 GSD insert 第 1 次 等待 3 秒
2021-07-28 00:12:56 {"status":"ok","gid":418782,"msg":"添加成功！"}
2021-07-28 00:12:56 下次操作: 2021-07-28 00:13:17

2021-07-28 00:13:17 开始第 28 次操作

2021-07-28 00:13:17 开始操作号码 【1535381】
2021-07-28 00:13:20 GSD getOne 第 1 次 等待 3 秒
2021-07-28 00:13:23 查询号码 【1535381】，返回信息 {"status":"bad","msg":""}
2021-07-28 00:13:24 查询号码 【1535381】，GSD为【""】
2021-07-28 00:13:24 bad
2021-07-28 00:13:25 CHB 1535381?1627402404 第 1 次 等待 3 秒
2021-07-28 00:13:28 CHB 1535381?1627402404 第 1 次 获取到号码【1535381】GSD
2021-07-28 00:13:28 获取到号码【1535381】的GSD为【陕西-宝鸡】
2021-07-28 00:13:46 GSD insert 第 1 次 等待 3 秒
2021-07-28 00:13:49 {"status":"ok","gid":418793,"msg":"添加成功！"}
2021-07-28 00:13:49 下次操作: 2021-07-28 00:14:12

2021-07-28 00:14:12 开始第 29 次操作

2021-07-28 00:14:12 开始操作号码 【1535380】
2021-07-28 00:14:15 GSD getOne 第 1 次 等待 3 秒
2021-07-28 00:14:18 查询号码 【1535380】，返回信息 {"status":"bad","msg":""}
2021-07-28 00:14:18 查询号码 【1535380】，GSD为【""】
2021-07-28 00:14:18 bad
2021-07-28 00:14:27 CHB 1535380?1627402458 第 1 次 等待 3 秒
2021-07-28 00:14:30 CHB 1535380?1627402458 第 1 次 获取到号码【1535380】GSD
2021-07-28 00:14:30 获取到号码【1535380】的GSD为【陕西-宝鸡】
2021-07-28 00:14:39 GSD insert 第 1 次 等待 3 秒
2021-07-28 00:14:43 {"status":"ok","gid":418805,"msg":"添加成功！"}
2021-07-28 00:14:43 下次操作: 2021-07-28 00:14:56

2021-07-28 00:14:56 开始第 30 次操作

2021-07-28 00:14:56 开始操作号码 【1535379】
2021-07-28 00:15:22 GSD getOne 第 1 次 等待 3 秒
2021-07-28 00:15:25 查询号码 【1535379】，返回信息 {"status":"bad","msg":""}
2021-07-28 00:15:25 查询号码 【1535379】，GSD为【""】
2021-07-28 00:15:25 bad
2021-07-28 00:15:27 CHB 1535379?1627402525 第 1 次 等待 3 秒
2021-07-28 00:15:30 CHB 1535379?1627402525 第 1 次 获取到号码【1535379】GSD
2021-07-28 00:15:30 获取到号码【1535379】的GSD为【陕西-宝鸡】
2021-07-28 00:15:49 GSD insert 第 1 次 等待 3 秒
2021-07-28 00:15:52 {"status":"ok","gid":418816,"msg":"添加成功！"}
2021-07-28 00:15:52 下次操作: 2021-07-28 00:16:16

2021-07-28 00:16:16 开始第 31 次操作

2021-07-28 00:16:16 开始操作号码 【1535378】
2021-07-28 00:16:20 GSD getOne 第 1 次 等待 3 秒
2021-07-28 00:16:23 查询号码 【1535378】，返回信息 {"status":"bad","msg":""}
2021-07-28 00:16:23 查询号码 【1535378】，GSD为【""】
2021-07-28 00:16:23 bad
2021-07-28 00:16:25 CHB 1535378?1627402583 第 1 次 等待 3 秒
2021-07-28 00:16:28 CHB 1535378?1627402583 第 1 次 获取到号码【1535378】GSD
2021-07-28 00:16:28 获取到号码【1535378】的GSD为【陕西-咸阳】
2021-07-28 00:16:52 GSD insert 第 1 次 等待 3 秒
2021-07-28 00:16:55 {"status":"ok","gid":418827,"msg":"添加成功！"}
2021-07-28 00:16:55 下次操作: 2021-07-28 00:17:14

2021-07-28 00:17:14 开始第 32 次操作

2021-07-28 00:17:14 开始操作号码 【1535377】
2021-07-28 00:17:18 GSD getOne 第 1 次 等待 3 秒
2021-07-28 00:17:21 查询号码 【1535377】，返回信息 {"status":"bad","msg":""}
2021-07-28 00:17:21 查询号码 【1535377】，GSD为【""】
2021-07-28 00:17:21 bad
2021-07-28 00:17:23 CHB 1535377?1627402641 第 1 次 等待 3 秒
2021-07-28 00:17:26 CHB 1535377?1627402641 第 1 次 获取到号码【1535377】GSD
2021-07-28 00:17:26 获取到号码【1535377】的GSD为【陕西-咸阳】
2021-07-28 00:17:45 GSD insert 第 1 次 等待 3 秒
2021-07-28 00:17:48 {"status":"ok","gid":418837,"msg":"添加成功！"}
2021-07-28 00:17:48 下次操作: 2021-07-28 00:18:12

2021-07-28 00:18:12 开始第 33 次操作

2021-07-28 00:18:12 开始操作号码 【1535376】
2021-07-28 00:18:15 GSD getOne 第 1 次 等待 3 秒
2021-07-28 00:18:18 查询号码 【1535376】，返回信息 {"status":"bad","msg":""}
2021-07-28 00:18:18 查询号码 【1535376】，GSD为【""】
2021-07-28 00:18:18 bad
2021-07-28 00:18:20 CHB 1535376?1627402698 第 1 次 等待 3 秒
2021-07-28 00:18:23 CHB 1535376?1627402698 第 1 次 获取到号码【1535376】GSD
2021-07-28 00:18:23 获取到号码【1535376】的GSD为【陕西-咸阳】
2021-07-28 00:18:41 GSD insert 第 1 次 等待 3 秒
2021-07-28 00:18:44 {"status":"ok","gid":418847,"msg":"添加成功！"}
2021-07-28 00:18:44 下次操作: 2021-07-28 00:18:57

2021-07-28 00:18:57 开始第 34 次操作

2021-07-28 00:18:57 开始操作号码 【1535375】
2021-07-28 00:19:06 GSD getOne 第 1 次 等待 3 秒
2021-07-28 00:19:09 查询号码 【1535375】，返回信息 {"status":"bad","msg":""}
2021-07-28 00:19:09 查询号码 【1535375】，GSD为【""】
2021-07-28 00:19:09 bad
2021-07-28 00:19:11 CHB 1535375?1627402749 第 1 次 等待 3 秒
2021-07-28 00:19:14 CHB 1535375?1627402749 第 1 次 获取到号码【1535375】GSD
2021-07-28 00:19:14 获取到号码【1535375】的GSD为【陕西-咸阳】
2021-07-28 00:19:31 GSD insert 第 1 次 等待 3 秒
2021-07-28 00:19:34 {"status":"ok","gid":418854,"msg":"添加成功！"}
2021-07-28 00:19:34 下次操作: 2021-07-28 00:19:51

2021-07-28 00:19:51 开始第 35 次操作

2021-07-28 00:19:51 开始操作号码 【1535374】
2021-07-28 00:19:54 GSD getOne 第 1 次 等待 3 秒
2021-07-28 00:19:57 查询号码 【1535374】，返回信息 {"status":"bad","msg":""}
2021-07-28 00:19:57 查询号码 【1535374】，GSD为【""】
2021-07-28 00:19:57 bad
2021-07-28 00:19:59 CHB 1535374?1627402797 第 1 次 等待 3 秒
2021-07-28 00:20:02 CHB 1535374?1627402797 第 1 次 获取到号码【1535374】GSD
2021-07-28 00:20:02 获取到号码【1535374】的GSD为【陕西-西安】
2021-07-28 00:20:06 GSD insert 第 1 次 等待 3 秒
2021-07-28 00:20:09 {"status":"ok","gid":418858,"msg":"添加成功！"}
2021-07-28 00:20:09 下次操作: 2021-07-28 00:20:21

2021-07-28 00:20:21 开始第 36 次操作

2021-07-28 00:20:21 开始操作号码 【1535373】
2021-07-28 00:20:25 GSD getOne 第 1 次 等待 3 秒
2021-07-28 00:20:28 查询号码 【1535373】，返回信息 {"status":"bad","msg":""}
2021-07-28 00:20:28 查询号码 【1535373】，GSD为【""】
2021-07-28 00:20:28 bad
2021-07-28 00:20:30 CHB 1535373?1627402828 第 1 次 等待 3 秒
2021-07-28 00:20:33 CHB 1535373?1627402828 第 1 次 获取到号码【1535373】GSD
2021-07-28 00:20:33 获取到号码【1535373】的GSD为【陕西-西安】
2021-07-28 00:20:35 GSD insert 第 1 次 等待 3 秒
2021-07-28 00:20:38 {"status":"ok","gid":418863,"msg":"添加成功！"}
2021-07-28 00:20:38 下次操作: 2021-07-28 00:20:54

2021-07-28 00:20:54 开始第 37 次操作

2021-07-28 00:20:54 开始操作号码 【1535372】
2021-07-28 00:20:58 GSD getOne 第 1 次 等待 3 秒
2021-07-28 00:21:01 查询号码 【1535372】，返回信息 {"status":"ok","msg":"陕西-西安","gid":"21168","time_insert":"2015-09-09 23:01","time_update":"2020-12-09 09:21"}
2021-07-28 00:21:01 查询号码 【1535372】，GSD为【"陕西-西安"】

2021-07-28 00:21:01 开始第 37 次操作

2021-07-28 00:21:01 开始操作号码 【1535371】
2021-07-28 00:21:10 GSD getOne 第 1 次 等待 3 秒
2021-07-28 00:21:13 查询号码 【1535371】，返回信息 {"status":"bad","msg":""}
2021-07-28 00:21:13 查询号码 【1535371】，GSD为【""】
2021-07-28 00:21:13 bad
2021-07-28 00:21:18 CHB 1535371?1627402873 第 1 次 等待 3 秒
2021-07-28 00:21:21 CHB 1535371?1627402873 第 1 次 获取到号码【1535371】GSD
2021-07-28 00:21:21 获取到号码【1535371】的GSD为【陕西-西安】
2021-07-28 00:21:24 GSD insert 第 1 次 等待 3 秒
2021-07-28 00:21:27 {"status":"ok","gid":418871,"msg":"添加成功！"}
2021-07-28 00:21:27 下次操作: 2021-07-28 00:21:40

2021-07-28 00:21:40 开始第 38 次操作

2021-07-28 00:21:40 开始操作号码 【1535370】
2021-07-28 00:21:43 GSD getOne 第 1 次 等待 3 秒
2021-07-28 00:21:46 查询号码 【1535370】，返回信息 {"status":"bad","msg":""}
2021-07-28 00:21:46 查询号码 【1535370】，GSD为【""】
2021-07-28 00:21:46 bad
2021-07-28 00:21:48 CHB 1535370?1627402906 第 1 次 等待 3 秒
2021-07-28 00:21:51 CHB 1535370?1627402906 第 1 次 获取到号码【1535370】GSD
2021-07-28 00:21:51 获取到号码【1535370】的GSD为【陕西-西安】
2021-07-28 00:21:56 GSD insert 第 1 次 等待 3 秒
2021-07-28 00:21:59 {"status":"ok","gid":418877,"msg":"添加成功！"}
2021-07-28 00:21:59 下次操作: 2021-07-28 00:22:12

2021-07-28 00:22:12 开始第 39 次操作

2021-07-28 00:22:12 开始操作号码 【1535369】
2021-07-28 00:22:18 GSD getOne 第 1 次 等待 3 秒
2021-07-28 00:22:21 查询号码 【1535369】，返回信息 {"status":"bad","msg":""}
2021-07-28 00:22:22 查询号码 【1535369】，GSD为【""】
2021-07-28 00:22:22 bad
2021-07-28 00:22:24 CHB 1535369?1627402942 第 1 次 等待 3 秒
2021-07-28 00:22:27 CHB 1535369?1627402942 第 1 次 获取到号码【1535369】GSD
2021-07-28 00:22:27 获取到号码【1535369】的GSD为【陕西-西安】
2021-07-28 00:22:31 GSD insert 第 1 次 等待 3 秒
2021-07-28 00:22:34 {"status":"ok","gid":418880,"msg":"添加成功！"}
2021-07-28 00:22:34 下次操作: 2021-07-28 00:22:56

2021-07-28 00:22:56 开始第 40 次操作

2021-07-28 00:22:56 开始操作号码 【1535368】
2021-07-28 00:22:58 GSD getOne 第 1 次 等待 3 秒
2021-07-28 00:23:01 查询号码 【1535368】，返回信息 {"status":"bad","msg":""}
2021-07-28 00:23:01 查询号码 【1535368】，GSD为【""】
2021-07-28 00:23:01 bad
2021-07-28 00:23:03 CHB 1535368?1627402981 第 1 次 等待 3 秒
2021-07-28 00:23:06 CHB 1535368?1627402981 第 1 次 获取到号码【1535368】GSD
2021-07-28 00:23:06 获取到号码【1535368】的GSD为【陕西-西安】
2021-07-28 00:23:09 GSD insert 第 1 次 等待 3 秒
2021-07-28 00:23:12 {"status":"ok","gid":418886,"msg":"添加成功！"}

2021-07-28 01:02:51 开始第 1 次操作

2021-07-28 01:02:51 开始操作号码 【1535367】
2021-07-28 01:02:56 GSD getOne 第 1 次 等待 3 秒
2021-07-28 01:02:59 查询号码 【1535367】，返回信息 {"status":"bad","msg":""}
2021-07-28 01:02:59 查询号码 【1535367】，GSD为【""】
2021-07-28 01:02:59 bad
2021-07-28 01:03:06 CHB 1535367?1627405379 第 1 次 等待 3 秒
2021-07-28 01:03:09 CHB 1535367?1627405379 第 1 次 获取到号码【1535367】GSD
2021-07-28 01:03:09 获取到号码【1535367】的GSD为【陕西-西安】
2021-07-28 01:03:13 GSD insert 第 1 次 等待 3 秒
2021-07-28 01:03:16 {"status":"ok","gid":418963,"msg":"添加成功！"}
2021-07-28 01:03:16 下次操作: 2021-07-28 01:03:36

2021-07-28 01:03:36 开始第 2 次操作

2021-07-28 01:03:36 开始操作号码 【1535366】
2021-07-28 01:03:39 GSD getOne 第 1 次 等待 3 秒
2021-07-28 01:03:42 查询号码 【1535366】，返回信息 {"status":"bad","msg":""}
2021-07-28 01:03:42 查询号码 【1535366】，GSD为【""】
2021-07-28 01:03:42 bad
2021-07-28 01:03:44 CHB 1535366?1627405422 第 1 次 等待 3 秒
2021-07-28 01:03:47 CHB 1535366?1627405422 第 1 次 获取到号码【1535366】GSD
2021-07-28 01:03:47 获取到号码【1535366】的GSD为【陕西-西安】
2021-07-28 01:03:51 GSD insert 第 1 次 等待 3 秒
2021-07-28 01:03:54 {"status":"ok","gid":418971,"msg":"添加成功！"}
2021-07-28 01:03:54 下次操作: 2021-07-28 01:04:11

2021-07-28 01:04:11 开始第 3 次操作

2021-07-28 01:04:11 开始操作号码 【1535365】
2021-07-28 01:04:14 GSD getOne 第 1 次 等待 3 秒
2021-07-28 01:04:17 查询号码 【1535365】，返回信息 {"status":"bad","msg":""}
2021-07-28 01:04:17 查询号码 【1535365】，GSD为【""】
2021-07-28 01:04:17 bad
2021-07-28 01:04:19 CHB 1535365?1627405457 第 1 次 等待 3 秒
2021-07-28 01:04:22 CHB 1535365?1627405457 第 1 次 获取到号码【1535365】GSD
2021-07-28 01:04:22 获取到号码【1535365】的GSD为【陕西-西安】
2021-07-28 01:04:25 GSD insert 第 1 次 等待 3 秒
2021-07-28 01:04:28 {"status":"ok","gid":418978,"msg":"添加成功！"}
2021-07-28 01:04:28 下次操作: 2021-07-28 01:04:44

2021-07-28 01:04:44 开始第 4 次操作

2021-07-28 01:04:44 开始操作号码 【1535364】
2021-07-28 01:04:49 GSD getOne 第 1 次 等待 3 秒
2021-07-28 01:04:52 查询号码 【1535364】，返回信息 {"status":"bad","msg":""}
2021-07-28 01:04:52 查询号码 【1535364】，GSD为【""】
2021-07-28 01:04:52 bad
2021-07-28 01:04:53 CHB 1535364?1627405492 第 1 次 等待 3 秒
2021-07-28 01:04:56 CHB 1535364?1627405492 第 1 次 获取到号码【1535364】GSD
2021-07-28 01:04:57 获取到号码【1535364】的GSD为【陕西-西安】
2021-07-28 01:05:00 GSD insert 第 1 次 等待 3 秒
2021-07-28 01:05:03 {"status":"ok","gid":418985,"msg":"添加成功！"}
2021-07-28 01:05:03 下次操作: 2021-07-28 01:05:26

2021-07-28 01:05:26 开始第 5 次操作

2021-07-28 01:05:26 开始操作号码 【1535363】
2021-07-28 01:05:31 GSD getOne 第 1 次 等待 3 秒
2021-07-28 01:05:34 查询号码 【1535363】，返回信息 {"status":"bad","msg":""}
2021-07-28 01:05:34 查询号码 【1535363】，GSD为【""】
2021-07-28 01:05:34 bad
2021-07-28 01:05:36 CHB 1535363?1627405534 第 1 次 等待 3 秒
2021-07-28 01:05:39 CHB 1535363?1627405534 第 1 次 获取到号码【1535363】GSD
2021-07-28 01:05:39 获取到号码【1535363】的GSD为【陕西-西安】
2021-07-28 01:05:44 GSD insert 第 1 次 等待 3 秒
2021-07-28 01:05:47 {"status":"ok","gid":418996,"msg":"添加成功！"}
2021-07-28 01:05:47 下次操作: 2021-07-28 01:06:11

2021-07-28 01:06:11 开始第 6 次操作

2021-07-28 01:06:11 开始操作号码 【1535362】
2021-07-28 01:06:15 GSD getOne 第 1 次 等待 3 秒
2021-07-28 01:06:18 查询号码 【1535362】，返回信息 {"status":"bad","msg":""}
2021-07-28 01:06:18 查询号码 【1535362】，GSD为【""】
2021-07-28 01:06:18 bad
2021-07-28 01:06:19 CHB 1535362?1627405578 第 1 次 等待 3 秒
2021-07-28 01:06:22 CHB 1535362?1627405578 第 1 次 获取到号码【1535362】GSD
2021-07-28 01:06:22 获取到号码【1535362】的GSD为【陕西-西安】
2021-07-28 01:06:26 GSD insert 第 1 次 等待 3 秒
2021-07-28 01:06:29 {"status":"ok","gid":419004,"msg":"添加成功！"}
2021-07-28 01:06:29 下次操作: 2021-07-28 01:06:53

2021-07-28 01:06:53 开始第 7 次操作

2021-07-28 01:06:53 开始操作号码 【1535361】
2021-07-28 01:06:56 GSD getOne 第 1 次 等待 3 秒
2021-07-28 01:06:59 查询号码 【1535361】，返回信息 {"status":"bad","msg":""}
2021-07-28 01:06:59 查询号码 【1535361】，GSD为【""】
2021-07-28 01:06:59 bad
2021-07-28 01:07:01 CHB 1535361?1627405619 第 1 次 等待 3 秒
2021-07-28 01:07:04 CHB 1535361?1627405619 第 1 次 获取到号码【1535361】GSD
2021-07-28 01:07:04 获取到号码【1535361】的GSD为【陕西-西安】
2021-07-28 01:07:07 GSD insert 第 1 次 等待 3 秒
2021-07-28 01:07:10 {"status":"ok","gid":419014,"msg":"添加成功！"}
2021-07-28 01:07:10 下次操作: 2021-07-28 01:07:26

2021-07-28 01:07:26 开始第 8 次操作

2021-07-28 01:07:26 开始操作号码 【1535360】
2021-07-28 01:07:29 GSD getOne 第 1 次 等待 3 秒
2021-07-28 01:07:32 查询号码 【1535360】，返回信息 {"status":"bad","msg":""}
2021-07-28 01:07:32 查询号码 【1535360】，GSD为【""】
2021-07-28 01:07:32 bad
2021-07-28 01:07:34 CHB 1535360?1627405652 第 1 次 等待 3 秒
2021-07-28 01:07:37 CHB 1535360?1627405652 第 1 次 获取到号码【1535360】GSD
2021-07-28 01:07:37 获取到号码【1535360】的GSD为【陕西-西安】
2021-07-28 01:07:40 GSD insert 第 1 次 等待 3 秒
2021-07-28 01:07:43 {"status":"ok","gid":419021,"msg":"添加成功！"}
2021-07-28 01:07:43 下次操作: 2021-07-28 01:08:01

2021-07-28 01:08:01 开始第 9 次操作

2021-07-28 01:08:01 开始操作号码 【1535359】
2021-07-28 01:08:04 GSD getOne 第 1 次 等待 3 秒
2021-07-28 01:08:07 查询号码 【1535359】，返回信息 {"status":"ok","msg":"陕西-西安","gid":"52228","time_insert":"2021-04-23 15:17","time_update":"2021-04-25 05:58"}
2021-07-28 01:08:07 查询号码 【1535359】，GSD为【"陕西-西安"】

2021-07-28 01:08:07 开始第 9 次操作

2021-07-28 01:08:07 开始操作号码 【1535358】
2021-07-28 01:08:14 GSD getOne 第 1 次 等待 3 秒
2021-07-28 01:08:17 查询号码 【1535358】，返回信息 {"status":"bad","msg":""}
2021-07-28 01:08:17 查询号码 【1535358】，GSD为【""】
2021-07-28 01:08:17 bad
2021-07-28 01:08:18 CHB 1535358?1627405697 第 1 次 等待 3 秒
2021-07-28 01:08:21 CHB 1535358?1627405697 第 1 次 获取到号码【1535358】GSD
2021-07-28 01:08:21 获取到号码【1535358】的GSD为【陕西-西安】
2021-07-28 01:08:25 GSD insert 第 1 次 等待 3 秒
2021-07-28 01:08:28 {"status":"ok","gid":419032,"msg":"添加成功！"}
2021-07-28 01:08:28 下次操作: 2021-07-28 01:08:51

2021-07-28 01:08:51 开始第 10 次操作

2021-07-28 01:08:51 开始操作号码 【1535357】
2021-07-28 01:08:54 GSD getOne 第 1 次 等待 3 秒
2021-07-28 01:08:57 查询号码 【1535357】，返回信息 {"status":"bad","msg":""}
2021-07-28 01:08:57 查询号码 【1535357】，GSD为【""】
2021-07-28 01:08:57 bad
2021-07-28 01:08:58 CHB 1535357?1627405737 第 1 次 等待 3 秒
2021-07-28 01:09:01 CHB 1535357?1627405737 第 1 次 获取到号码【1535357】GSD
2021-07-28 01:09:02 获取到号码【1535357】的GSD为【陕西-西安】
2021-07-28 01:09:04 GSD insert 第 1 次 等待 3 秒
2021-07-28 01:09:07 {"status":"ok","gid":419040,"msg":"添加成功！"}
2021-07-28 01:09:08 下次操作: 2021-07-28 01:09:24

2021-07-28 01:09:24 开始第 11 次操作

2021-07-28 01:09:24 开始操作号码 【1535356】
2021-07-28 01:09:26 GSD getOne 第 1 次 等待 3 秒
2021-07-28 01:09:29 查询号码 【1535356】，返回信息 {"status":"bad","msg":""}
2021-07-28 01:09:29 查询号码 【1535356】，GSD为【""】
2021-07-28 01:09:29 bad
2021-07-28 01:09:35 CHB 1535356?1627405769 第 1 次 等待 3 秒
2021-07-28 01:09:38 CHB 1535356?1627405769 第 1 次 获取到号码【1535356】GSD
2021-07-28 01:09:38 获取到号码【1535356】的GSD为【陕西-西安】
2021-07-28 01:09:41 GSD insert 第 1 次 等待 3 秒
2021-07-28 01:09:44 {"status":"ok","gid":419049,"msg":"添加成功！"}
2021-07-28 01:09:44 下次操作: 2021-07-28 01:09:57

2021-07-28 01:09:57 开始第 12 次操作

2021-07-28 01:09:57 开始操作号码 【1535355】
2021-07-28 01:10:00 GSD getOne 第 1 次 等待 3 秒
2021-07-28 01:10:03 查询号码 【1535355】，返回信息 {"status":"bad","msg":""}
2021-07-28 01:10:03 查询号码 【1535355】，GSD为【""】
2021-07-28 01:10:03 bad
2021-07-28 01:10:05 CHB 1535355?1627405803 第 1 次 等待 3 秒
2021-07-28 01:10:08 CHB 1535355?1627405803 第 1 次 获取到号码【1535355】GSD
2021-07-28 01:10:08 获取到号码【1535355】的GSD为【陕西-西安】
2021-07-28 01:10:11 GSD insert 第 1 次 等待 3 秒
2021-07-28 01:10:14 {"status":"ok","gid":419058,"msg":"添加成功！"}
2021-07-28 01:10:14 下次操作: 2021-07-28 01:10:34

2021-07-28 01:10:34 开始第 13 次操作

2021-07-28 01:10:34 开始操作号码 【1535354】
2021-07-28 01:10:37 GSD getOne 第 1 次 等待 3 秒
2021-07-28 01:10:40 查询号码 【1535354】，返回信息 {"status":"bad","msg":""}
2021-07-28 01:10:40 查询号码 【1535354】，GSD为【""】
2021-07-28 01:10:40 bad
2021-07-28 01:10:42 CHB 1535354?1627405840 第 1 次 等待 3 秒
2021-07-28 01:10:45 CHB 1535354?1627405840 第 1 次 获取到号码【1535354】GSD
2021-07-28 01:10:45 获取到号码【1535354】的GSD为【陕西-西安】
2021-07-28 01:10:47 GSD insert 第 1 次 等待 3 秒
2021-07-28 01:10:50 {"status":"ok","gid":419067,"msg":"添加成功！"}
2021-07-28 01:10:50 下次操作: 2021-07-28 01:11:11

2021-07-28 01:11:12 开始第 14 次操作

2021-07-28 01:11:12 开始操作号码 【1535353】
2021-07-28 01:11:21 GSD getOne 第 1 次 等待 3 秒
2021-07-28 01:11:24 查询号码 【1535353】，返回信息 {"status":"bad","msg":""}
2021-07-28 01:11:24 查询号码 【1535353】，GSD为【""】
2021-07-28 01:11:24 bad
2021-07-28 01:11:26 CHB 1535353?1627405884 第 1 次 等待 3 秒
2021-07-28 01:11:29 CHB 1535353?1627405884 第 1 次 获取到号码【1535353】GSD
2021-07-28 01:11:29 获取到号码【1535353】的GSD为【陕西-西安】
2021-07-28 01:11:35 GSD insert 第 1 次 等待 3 秒
2021-07-28 01:11:38 {"status":"ok","gid":419076,"msg":"添加成功！"}
2021-07-28 01:11:38 下次操作: 2021-07-28 01:11:51

2021-07-28 01:11:51 开始第 15 次操作

2021-07-28 01:11:51 开始操作号码 【1535352】
2021-07-28 01:11:54 GSD getOne 第 1 次 等待 3 秒
2021-07-28 01:11:57 查询号码 【1535352】，返回信息 {"status":"bad","msg":""}
2021-07-28 01:11:57 查询号码 【1535352】，GSD为【""】
2021-07-28 01:11:57 bad
2021-07-28 01:11:59 CHB 1535352?1627405917 第 1 次 等待 3 秒
2021-07-28 01:12:02 CHB 1535352?1627405917 第 1 次 获取到号码【1535352】GSD
2021-07-28 01:12:02 获取到号码【1535352】的GSD为【陕西-西安】
2021-07-28 01:12:06 GSD insert 第 1 次 等待 3 秒
2021-07-28 01:12:09 {"status":"ok","gid":419078,"msg":"添加成功！"}
2021-07-28 01:12:09 下次操作: 2021-07-28 01:12:22

2021-07-28 01:12:22 开始第 16 次操作

2021-07-28 01:12:22 开始操作号码 【1535351】
2021-07-28 01:12:25 GSD getOne 第 1 次 等待 3 秒
2021-07-28 01:12:28 查询号码 【1535351】，返回信息 {"status":"bad","msg":""}
2021-07-28 01:12:28 查询号码 【1535351】，GSD为【""】
2021-07-28 01:12:28 bad
2021-07-28 01:12:30 CHB 1535351?1627405948 第 1 次 等待 3 秒
2021-07-28 01:12:33 CHB 1535351?1627405948 第 1 次 获取到号码【1535351】GSD
2021-07-28 01:12:33 获取到号码【1535351】的GSD为【陕西-西安】
2021-07-28 01:12:38 GSD insert 第 1 次 等待 3 秒
2021-07-28 01:12:41 {"status":"ok","gid":419087,"msg":"添加成功！"}
2021-07-28 01:12:41 下次操作: 2021-07-28 01:13:02

2021-07-28 01:13:02 开始第 17 次操作

2021-07-28 01:13:02 开始操作号码 【1535350】
2021-07-28 01:13:08 GSD getOne 第 1 次 等待 3 秒
2021-07-28 01:13:11 查询号码 【1535350】，返回信息 {"status":"bad","msg":""}
2021-07-28 01:13:11 查询号码 【1535350】，GSD为【""】
2021-07-28 01:13:11 bad
2021-07-28 01:13:13 CHB 1535350?1627405991 第 1 次 等待 3 秒
2021-07-28 01:13:16 CHB 1535350?1627405991 第 1 次 获取到号码【1535350】GSD
2021-07-28 01:13:16 获取到号码【1535350】的GSD为【陕西-西安】
2021-07-28 01:13:19 GSD insert 第 1 次 等待 3 秒
2021-07-28 01:13:22 {"status":"ok","gid":419097,"msg":"添加成功！"}
2021-07-28 01:13:22 下次操作: 2021-07-28 01:13:42

2021-07-28 01:13:42 开始第 18 次操作

2021-07-28 01:13:42 开始操作号码 【1535349】
2021-07-28 01:13:47 GSD getOne 第 1 次 等待 3 秒
2021-07-28 01:13:50 查询号码 【1535349】，返回信息 {"status":"bad","msg":""}
2021-07-28 01:13:50 查询号码 【1535349】，GSD为【""】
2021-07-28 01:13:50 bad
2021-07-28 01:13:51 CHB 1535349?1627406030 第 1 次 等待 3 秒
2021-07-28 01:13:54 CHB 1535349?1627406030 第 1 次 获取到号码【1535349】GSD
2021-07-28 01:13:54 获取到号码【1535349】的GSD为【陕西-西安】
2021-07-28 01:13:59 GSD insert 第 1 次 等待 3 秒
2021-07-28 01:14:02 {"status":"ok","gid":419106,"msg":"添加成功！"}
2021-07-28 01:14:02 下次操作: 2021-07-28 01:14:14

2021-07-28 01:14:14 开始第 19 次操作

2021-07-28 01:14:14 开始操作号码 【1535348】
2021-07-28 01:14:17 GSD getOne 第 1 次 等待 3 秒
2021-07-28 01:14:20 查询号码 【1535348】，返回信息 {"status":"ok","msg":"陕西-榆林","gid":"21167","time_insert":"2020-08-04 14:03","time_update":"2020-12-09 09:24"}
2021-07-28 01:14:21 查询号码 【1535348】，GSD为【"陕西-榆林"】

2021-07-28 01:14:21 开始第 19 次操作

2021-07-28 01:14:21 开始操作号码 【1535347】
2021-07-28 01:14:23 GSD getOne 第 1 次 等待 3 秒
2021-07-28 01:14:26 查询号码 【1535347】，返回信息 {"status":"bad","msg":""}
2021-07-28 01:14:26 查询号码 【1535347】，GSD为【""】
2021-07-28 01:14:26 bad
2021-07-28 01:14:28 CHB 1535347?1627406066 第 1 次 等待 3 秒
2021-07-28 01:14:31 CHB 1535347?1627406066 第 1 次 获取到号码【1535347】GSD
2021-07-28 01:14:31 获取到号码【1535347】的GSD为【陕西-汉中】
2021-07-28 01:14:34 GSD insert 第 1 次 等待 3 秒
2021-07-28 01:14:37 {"status":"ok","gid":419116,"msg":"添加成功！"}
2021-07-28 01:14:37 下次操作: 2021-07-28 01:14:58

2021-07-28 01:14:58 开始第 20 次操作

2021-07-28 01:14:58 开始操作号码 【1535346】
2021-07-28 01:15:01 GSD getOne 第 1 次 等待 3 秒
2021-07-28 01:15:04 查询号码 【1535346】，返回信息 {"status":"bad","msg":""}
2021-07-28 01:15:04 查询号码 【1535346】，GSD为【""】
2021-07-28 01:15:04 bad
2021-07-28 01:15:05 CHB 1535346?1627406104 第 1 次 等待 3 秒
2021-07-28 01:15:08 CHB 1535346?1627406104 第 1 次 获取到号码【1535346】GSD
2021-07-28 01:15:08 获取到号码【1535346】的GSD为【陕西-咸阳】
2021-07-28 01:15:11 GSD insert 第 1 次 等待 3 秒
2021-07-28 01:15:14 {"status":"ok","gid":419123,"msg":"添加成功！"}
2021-07-28 01:15:14 下次操作: 2021-07-28 01:15:31

2021-07-28 01:15:31 开始第 21 次操作

2021-07-28 01:15:31 开始操作号码 【1535345】
2021-07-28 01:15:35 GSD getOne 第 1 次 等待 3 秒
2021-07-28 01:15:38 查询号码 【1535345】，返回信息 {"status":"bad","msg":""}
2021-07-28 01:15:38 查询号码 【1535345】，GSD为【""】
2021-07-28 01:15:38 bad
2021-07-28 01:15:40 CHB 1535345?1627406138 第 1 次 等待 3 秒
2021-07-28 01:15:43 CHB 1535345?1627406138 第 1 次 获取到号码【1535345】GSD
2021-07-28 01:15:43 获取到号码【1535345】的GSD为【陕西-安康】
2021-07-28 01:15:47 GSD insert 第 1 次 等待 3 秒
2021-07-28 01:15:50 {"status":"ok","gid":419129,"msg":"添加成功！"}
2021-07-28 01:15:50 下次操作: 2021-07-28 01:16:10

2021-07-28 01:16:10 开始第 22 次操作

2021-07-28 01:16:10 开始操作号码 【1535344】
2021-07-28 01:16:16 GSD getOne 第 1 次 等待 3 秒
2021-07-28 01:16:19 查询号码 【1535344】，返回信息 {"status":"bad","msg":""}
2021-07-28 01:16:19 查询号码 【1535344】，GSD为【""】
2021-07-28 01:16:19 bad
2021-07-28 01:16:21 CHB 1535344?1627406179 第 1 次 等待 3 秒
2021-07-28 01:16:24 CHB 1535344?1627406179 第 1 次 获取到号码【1535344】GSD
2021-07-28 01:16:24 获取到号码【1535344】的GSD为【陕西-宝鸡】
2021-07-28 01:16:27 GSD insert 第 1 次 等待 3 秒
2021-07-28 01:16:30 {"status":"ok","gid":419138,"msg":"添加成功！"}
2021-07-28 01:16:30 下次操作: 2021-07-28 01:16:47

2021-07-28 01:16:47 开始第 23 次操作

2021-07-28 01:16:47 开始操作号码 【1535343】
2021-07-28 01:16:50 GSD getOne 第 1 次 等待 3 秒
2021-07-28 01:16:53 查询号码 【1535343】，返回信息 {"status":"bad","msg":""}
2021-07-28 01:16:53 查询号码 【1535343】，GSD为【""】
2021-07-28 01:16:53 bad
2021-07-28 01:16:54 CHB 1535343?1627406213 第 1 次 等待 3 秒
2021-07-28 01:16:57 CHB 1535343?1627406213 第 1 次 获取到号码【1535343】GSD
2021-07-28 01:16:57 获取到号码【1535343】的GSD为【陕西-渭南】
2021-07-28 01:17:01 GSD insert 第 1 次 等待 3 秒
2021-07-28 01:17:04 {"status":"ok","gid":419147,"msg":"添加成功！"}
2021-07-28 01:17:04 下次操作: 2021-07-28 01:17:20

2021-07-28 01:17:20 开始第 24 次操作

2021-07-28 01:17:20 开始操作号码 【1535342】
2021-07-28 01:17:23 GSD getOne 第 1 次 等待 3 秒
2021-07-28 01:17:26 查询号码 【1535342】，返回信息 {"status":"bad","msg":""}
2021-07-28 01:17:26 查询号码 【1535342】，GSD为【""】
2021-07-28 01:17:26 bad
2021-07-28 01:17:28 CHB 1535342?1627406246 第 1 次 等待 3 秒
2021-07-28 01:17:31 CHB 1535342?1627406246 第 1 次 获取到号码【1535342】GSD
2021-07-28 01:17:31 获取到号码【1535342】的GSD为【陕西-铜川】
2021-07-28 01:17:34 GSD insert 第 1 次 等待 3 秒
2021-07-28 01:17:37 {"status":"ok","gid":419154,"msg":"添加成功！"}
2021-07-28 01:17:37 下次操作: 2021-07-28 01:17:53

2021-07-28 01:17:53 开始第 25 次操作

2021-07-28 01:17:53 开始操作号码 【1535341】
2021-07-28 01:17:55 GSD getOne 第 1 次 等待 3 秒
2021-07-28 01:17:58 查询号码 【1535341】，返回信息 {"status":"bad","msg":""}
2021-07-28 01:17:59 查询号码 【1535341】，GSD为【""】
2021-07-28 01:17:59 bad
2021-07-28 01:18:00 CHB 1535341?1627406279 第 1 次 等待 3 秒
2021-07-28 01:18:03 CHB 1535341?1627406279 第 1 次 获取到号码【1535341】GSD
2021-07-28 01:18:03 获取到号码【1535341】的GSD为【陕西-延安】
2021-07-28 01:18:07 GSD insert 第 1 次 等待 3 秒
2021-07-28 01:18:10 {"status":"ok","gid":419160,"msg":"添加成功！"}
2021-07-28 01:18:10 下次操作: 2021-07-28 01:18:34

2021-07-28 01:18:34 开始第 26 次操作

2021-07-28 01:18:34 开始操作号码 【1535340】
2021-07-28 01:18:37 GSD getOne 第 1 次 等待 3 秒
2021-07-28 01:18:40 查询号码 【1535340】，返回信息 {"status":"bad","msg":""}
2021-07-28 01:18:40 查询号码 【1535340】，GSD为【""】
2021-07-28 01:18:40 bad
2021-07-28 01:18:41 CHB 1535340?1627406320 第 1 次 等待 3 秒
2021-07-28 01:18:44 CHB 1535340?1627406320 第 1 次 获取到号码【1535340】GSD
2021-07-28 01:18:44 获取到号码【1535340】的GSD为【陕西-商洛】
2021-07-28 01:18:51 GSD insert 第 1 次 等待 3 秒
2021-07-28 01:18:54 {"status":"ok","gid":419170,"msg":"添加成功！"}
2021-07-28 01:18:54 下次操作: 2021-07-28 01:19:09

2021-07-28 01:19:09 开始第 27 次操作

2021-07-28 01:19:09 开始操作号码 【1535339】
2021-07-28 01:19:12 GSD getOne 第 1 次 等待 3 秒
2021-07-28 01:19:15 查询号码 【1535339】，返回信息 {"status":"bad","msg":""}
2021-07-28 01:19:15 查询号码 【1535339】，GSD为【""】
2021-07-28 01:19:15 bad
2021-07-28 01:19:21 CHB 1535339?1627406355 第 1 次 等待 3 秒
2021-07-28 01:19:24 CHB 1535339?1627406355 第 1 次 获取到号码【1535339】GSD
2021-07-28 01:19:24 获取到号码【1535339】的GSD为【陕西-渭南】
2021-07-28 01:19:27 GSD insert 第 1 次 等待 3 秒
2021-07-28 01:19:30 {"status":"ok","gid":419179,"msg":"添加成功！"}
2021-07-28 01:19:30 下次操作: 2021-07-28 01:19:50

2021-07-28 01:19:50 开始第 28 次操作

2021-07-28 01:19:50 开始操作号码 【1535338】
2021-07-28 01:19:53 GSD getOne 第 1 次 等待 3 秒
2021-07-28 01:19:56 查询号码 【1535338】，返回信息 {"status":"bad","msg":""}
2021-07-28 01:19:56 查询号码 【1535338】，GSD为【""】
2021-07-28 01:19:56 bad
2021-07-28 01:19:57 CHB 1535338?1627406396 第 1 次 等待 3 秒
2021-07-28 01:20:00 CHB 1535338?1627406396 第 1 次 获取到号码【1535338】GSD
2021-07-28 01:20:00 获取到号码【1535338】的GSD为【陕西-榆林】
2021-07-28 01:20:05 GSD insert 第 1 次 等待 3 秒
2021-07-28 01:20:08 {"status":"ok","gid":419187,"msg":"添加成功！"}
2021-07-28 01:20:08 下次操作: 2021-07-28 01:20:26

2021-07-28 01:20:26 开始第 29 次操作

2021-07-28 01:20:26 开始操作号码 【1535337】
2021-07-28 01:20:32 GSD getOne 第 1 次 等待 3 秒
2021-07-28 01:20:35 查询号码 【1535337】，返回信息 {"status":"bad","msg":""}
2021-07-28 01:20:35 查询号码 【1535337】，GSD为【""】
2021-07-28 01:20:35 bad
2021-07-28 01:20:37 CHB 1535337?1627406435 第 1 次 等待 3 秒
2021-07-28 01:20:40 CHB 1535337?1627406435 第 1 次 获取到号码【1535337】GSD
2021-07-28 01:20:40 获取到号码【1535337】的GSD为【陕西-汉中】
2021-07-28 01:20:44 GSD insert 第 1 次 等待 3 秒
2021-07-28 01:20:47 {"status":"ok","gid":419193,"msg":"添加成功！"}
2021-07-28 01:20:47 下次操作: 2021-07-28 01:21:09

2021-07-28 01:21:09 开始第 30 次操作

2021-07-28 01:21:09 开始操作号码 【1535336】
2021-07-28 01:21:12 GSD getOne 第 1 次 等待 3 秒
2021-07-28 01:21:15 查询号码 【1535336】，返回信息 {"status":"bad","msg":""}
2021-07-28 01:21:15 查询号码 【1535336】，GSD为【""】
2021-07-28 01:21:15 bad
2021-07-28 01:21:17 CHB 1535336?1627406475 第 1 次 等待 3 秒
2021-07-28 01:21:20 CHB 1535336?1627406475 第 1 次 获取到号码【1535336】GSD
2021-07-28 01:21:20 获取到号码【1535336】的GSD为【陕西-咸阳】
2021-07-28 01:21:24 GSD insert 第 1 次 等待 3 秒
2021-07-28 01:21:27 {"status":"ok","gid":419203,"msg":"添加成功！"}
2021-07-28 01:21:27 下次操作: 2021-07-28 01:21:43

2021-07-28 01:21:43 开始第 31 次操作

2021-07-28 01:21:43 开始操作号码 【1535335】
2021-07-28 01:21:46 GSD getOne 第 1 次 等待 3 秒
2021-07-28 01:21:49 查询号码 【1535335】，返回信息 {"status":"bad","msg":""}
2021-07-28 01:21:49 查询号码 【1535335】，GSD为【""】
2021-07-28 01:21:49 bad
2021-07-28 01:21:51 CHB 1535335?1627406509 第 1 次 等待 3 秒
2021-07-28 01:21:54 CHB 1535335?1627406509 第 1 次 获取到号码【1535335】GSD
2021-07-28 01:21:54 获取到号码【1535335】的GSD为【陕西-安康】
2021-07-28 01:21:57 GSD insert 第 1 次 等待 3 秒
2021-07-28 01:22:00 {"status":"ok","gid":419212,"msg":"添加成功！"}
2021-07-28 01:22:00 下次操作: 2021-07-28 01:22:23

2021-07-28 01:22:23 开始第 32 次操作

2021-07-28 01:22:23 开始操作号码 【1535334】
2021-07-28 01:22:26 GSD getOne 第 1 次 等待 3 秒
2021-07-28 01:22:29 查询号码 【1535334】，返回信息 {"status":"bad","msg":""}
2021-07-28 01:22:29 查询号码 【1535334】，GSD为【""】
2021-07-28 01:22:29 bad
2021-07-28 01:22:31 CHB 1535334?1627406549 第 1 次 等待 3 秒
2021-07-28 01:22:34 CHB 1535334?1627406549 第 1 次 获取到号码【1535334】GSD
2021-07-28 01:22:34 获取到号码【1535334】的GSD为【陕西-宝鸡】
2021-07-28 01:22:40 GSD insert 第 1 次 等待 3 秒
2021-07-28 01:22:43 {"status":"ok","gid":419225,"msg":"添加成功！"}
2021-07-28 01:22:43 下次操作: 2021-07-28 01:23:00

2021-07-28 01:23:00 开始第 33 次操作

2021-07-28 01:23:00 开始操作号码 【1535333】
2021-07-28 01:23:03 GSD getOne 第 1 次 等待 3 秒
2021-07-28 01:23:06 查询号码 【1535333】，返回信息 {"status":"bad","msg":""}
2021-07-28 01:23:06 查询号码 【1535333】，GSD为【""】
2021-07-28 01:23:06 bad
2021-07-28 01:23:08 CHB 1535333?1627406586 第 1 次 等待 3 秒
2021-07-28 01:23:11 CHB 1535333?1627406586 第 1 次 获取到号码【1535333】GSD
2021-07-28 01:23:11 获取到号码【1535333】的GSD为【陕西-宝鸡】
2021-07-28 01:23:14 GSD insert 第 1 次 等待 3 秒
2021-07-28 01:23:17 {"status":"ok","gid":419230,"msg":"添加成功！"}
2021-07-28 01:23:17 下次操作: 2021-07-28 01:23:35

2021-07-28 01:23:35 开始第 34 次操作

2021-07-28 01:23:35 开始操作号码 【1535332】
2021-07-28 01:23:39 GSD getOne 第 1 次 等待 3 秒
2021-07-28 01:23:42 查询号码 【1535332】，返回信息 {"status":"bad","msg":""}
2021-07-28 01:23:42 查询号码 【1535332】，GSD为【""】
2021-07-28 01:23:42 bad
2021-07-28 01:23:44 CHB 1535332?1627406622 第 1 次 等待 3 秒
2021-07-28 01:23:47 CHB 1535332?1627406622 第 1 次 获取到号码【1535332】GSD
2021-07-28 01:23:47 获取到号码【1535332】的GSD为【陕西-铜川】
2021-07-28 01:23:51 GSD insert 第 1 次 等待 3 秒
2021-07-28 01:23:54 {"status":"ok","gid":419239,"msg":"添加成功！"}
2021-07-28 01:23:54 下次操作: 2021-07-28 01:24:11

2021-07-28 01:24:11 开始第 35 次操作

2021-07-28 01:24:11 开始操作号码 【1535331】
2021-07-28 01:24:14 GSD getOne 第 1 次 等待 3 秒
2021-07-28 01:24:17 查询号码 【1535331】，返回信息 {"status":"bad","msg":""}
2021-07-28 01:24:17 查询号码 【1535331】，GSD为【""】
2021-07-28 01:24:17 bad
2021-07-28 01:24:19 CHB 1535331?1627406657 第 1 次 等待 3 秒
2021-07-28 01:24:22 CHB 1535331?1627406657 第 1 次 获取到号码【1535331】GSD
2021-07-28 01:24:22 获取到号码【1535331】的GSD为【陕西-延安】
2021-07-28 01:24:44 GSD insert 第 1 次 等待 3 秒
2021-07-28 01:24:47 {"status":"ok","gid":419250,"msg":"添加成功！"}
2021-07-28 01:24:47 下次操作: 2021-07-28 01:25:06

2021-07-28 01:25:06 开始第 36 次操作

2021-07-28 01:25:06 开始操作号码 【1535330】
2021-07-28 01:25:09 GSD getOne 第 1 次 等待 3 秒
2021-07-28 01:25:12 查询号码 【1535330】，返回信息 {"status":"bad","msg":""}
2021-07-28 01:25:12 查询号码 【1535330】，GSD为【""】
2021-07-28 01:25:12 bad
2021-07-28 01:25:14 CHB 1535330?1627406712 第 1 次 等待 3 秒
2021-07-28 01:25:17 CHB 1535330?1627406712 第 1 次 获取到号码【1535330】GSD
2021-07-28 01:25:17 获取到号码【1535330】的GSD为【陕西-商洛】
2021-07-28 01:25:20 GSD insert 第 1 次 等待 3 秒
2021-07-28 01:25:23 {"status":"ok","gid":419258,"msg":"添加成功！"}
2021-07-28 01:25:23 下次操作: 2021-07-28 01:25:36

2021-07-28 01:25:36 开始第 37 次操作

2021-07-28 01:25:36 开始操作号码 【1535329】
2021-07-28 01:25:41 GSD getOne 第 1 次 等待 3 秒
2021-07-28 01:25:44 查询号码 【1535329】，返回信息 {"status":"bad","msg":""}
2021-07-28 01:25:44 查询号码 【1535329】，GSD为【""】
2021-07-28 01:25:44 bad
2021-07-28 01:25:46 CHB 1535329?1627406744 第 1 次 等待 3 秒
2021-07-28 01:25:49 CHB 1535329?1627406744 第 1 次 获取到号码【1535329】GSD
2021-07-28 01:25:49 获取到号码【1535329】的GSD为【陕西-延安】
2021-07-28 01:25:52 GSD insert 第 1 次 等待 3 秒
2021-07-28 01:25:55 {"status":"ok","gid":419264,"msg":"添加成功！"}
2021-07-28 01:25:55 下次操作: 2021-07-28 01:26:16

2021-07-28 01:26:16 开始第 38 次操作

2021-07-28 01:26:16 开始操作号码 【1535328】
2021-07-28 01:26:19 GSD getOne 第 1 次 等待 3 秒
2021-07-28 01:26:22 查询号码 【1535328】，返回信息 {"status":"ok","msg":"陕西-延安","gid":"21166","time_insert":"2020-06-29 14:57","time_update":"2020-12-09 09:29"}
2021-07-28 01:26:22 查询号码 【1535328】，GSD为【"陕西-延安"】

2021-07-28 01:26:22 开始第 38 次操作

2021-07-28 01:26:22 开始操作号码 【1535327】
2021-07-28 01:26:28 GSD getOne 第 1 次 等待 3 秒
2021-07-28 01:26:31 查询号码 【1535327】，返回信息 {"status":"bad","msg":""}
2021-07-28 01:26:31 查询号码 【1535327】，GSD为【""】
2021-07-28 01:26:31 bad
2021-07-28 01:26:33 CHB 1535327?1627406791 第 1 次 等待 3 秒
2021-07-28 01:26:36 CHB 1535327?1627406791 第 1 次 获取到号码【1535327】GSD
2021-07-28 01:26:36 获取到号码【1535327】的GSD为【陕西-安康】
2021-07-28 01:26:39 GSD insert 第 1 次 等待 3 秒
2021-07-28 01:26:42 {"status":"ok","gid":419278,"msg":"添加成功！"}
2021-07-28 01:26:42 下次操作: 2021-07-28 01:26:57

2021-07-28 01:26:57 开始第 39 次操作

2021-07-28 01:26:57 开始操作号码 【1535326】
2021-07-28 01:27:04 GSD getOne 第 1 次 等待 3 秒
2021-07-28 01:27:07 查询号码 【1535326】，返回信息 {"status":"ok","msg":"陕西-安康","gid":"21165","time_insert":"2017-07-16 16:10","time_update":"2020-12-09 09:32"}
2021-07-28 01:27:07 查询号码 【1535326】，GSD为【"陕西-安康"】

2021-07-28 01:27:07 开始第 39 次操作

2021-07-28 01:27:07 开始操作号码 【1535325】
2021-07-28 01:27:10 GSD getOne 第 1 次 等待 3 秒
2021-07-28 01:27:13 查询号码 【1535325】，返回信息 {"status":"bad","msg":""}
2021-07-28 01:27:13 查询号码 【1535325】，GSD为【""】
2021-07-28 01:27:13 bad
2021-07-28 01:27:14 CHB 1535325?1627406833 第 1 次 等待 3 秒
2021-07-28 01:27:17 CHB 1535325?1627406833 第 1 次 获取到号码【1535325】GSD
2021-07-28 01:27:18 获取到号码【1535325】的GSD为【陕西-安康】
2021-07-28 01:27:22 GSD insert 第 1 次 等待 3 秒
2021-07-28 01:27:25 {"status":"ok","gid":419286,"msg":"添加成功！"}
2021-07-28 01:27:25 下次操作: 2021-07-28 01:27:44

2021-07-28 01:27:44 开始第 40 次操作

2021-07-28 01:27:44 开始操作号码 【1535324】
2021-07-28 01:27:50 GSD getOne 第 1 次 等待 3 秒
2021-07-28 01:27:53 查询号码 【1535324】，返回信息 {"status":"bad","msg":""}
2021-07-28 01:27:53 查询号码 【1535324】，GSD为【""】
2021-07-28 01:27:53 bad
2021-07-28 01:27:54 CHB 1535324?1627406873 第 1 次 等待 3 秒
2021-07-28 01:27:57 CHB 1535324?1627406873 第 1 次 获取到号码【1535324】GSD
2021-07-28 01:27:57 获取到号码【1535324】的GSD为【陕西-商洛】
2021-07-28 01:28:00 GSD insert 第 1 次 等待 3 秒
2021-07-28 01:28:03 {"status":"ok","gid":419293,"msg":"添加成功！"}

2021-07-28 01:43:59 开始第 1 次操作

2021-07-28 01:43:59 开始操作号码 【1535323】
2021-07-28 01:44:02 GSD getOne 第 1 次 等待 3 秒
2021-07-28 01:44:05 查询号码 【1535323】，返回信息 {"status":"bad","msg":""}
2021-07-28 01:44:05 查询号码 【1535323】，GSD为【""】
2021-07-28 01:44:05 bad
2021-07-28 01:44:07 CHB 1535323?1627407845 第 1 次 等待 3 秒
2021-07-28 01:44:10 CHB 1535323?1627407845 第 1 次 获取到号码【1535323】GSD
2021-07-28 01:44:10 获取到号码【1535323】的GSD为【陕西-商洛】
2021-07-28 01:44:12 GSD insert 第 1 次 等待 3 秒
2021-07-28 01:44:15 {"status":"ok","gid":419392,"msg":"添加成功！"}
2021-07-28 01:44:15 下次操作: 2021-07-28 01:44:30

2021-07-28 01:44:30 开始第 2 次操作

2021-07-28 01:44:30 开始操作号码 【1535322】
2021-07-28 01:44:34 GSD getOne 第 1 次 等待 3 秒
2021-07-28 01:44:37 查询号码 【1535322】，返回信息 {"status":"bad","msg":""}
2021-07-28 01:44:37 查询号码 【1535322】，GSD为【""】
2021-07-28 01:44:37 bad
2021-07-28 01:44:38 CHB 1535322?1627407877 第 1 次 等待 3 秒
2021-07-28 01:44:41 CHB 1535322?1627407877 第 1 次 获取到号码【1535322】GSD
2021-07-28 01:44:41 获取到号码【1535322】的GSD为【陕西-铜川】
2021-07-28 01:44:44 GSD insert 第 1 次 等待 3 秒
2021-07-28 01:44:47 {"status":"ok","gid":419401,"msg":"添加成功！"}
2021-07-28 01:44:47 下次操作: 2021-07-28 01:45:11

2021-07-28 01:45:11 开始第 3 次操作

2021-07-28 01:45:11 开始操作号码 【1535321】
2021-07-28 01:45:13 GSD getOne 第 1 次 等待 3 秒
2021-07-28 01:45:16 查询号码 【1535321】，返回信息 {"status":"bad","msg":""}
2021-07-28 01:45:16 查询号码 【1535321】，GSD为【""】
2021-07-28 01:45:16 bad
2021-07-28 01:45:18 CHB 1535321?1627407916 第 1 次 等待 3 秒
2021-07-28 01:45:21 CHB 1535321?1627407916 第 1 次 获取到号码【1535321】GSD
2021-07-28 01:45:21 获取到号码【1535321】的GSD为【陕西-铜川】
2021-07-28 01:45:32 GSD insert 第 1 次 等待 3 秒
2021-07-28 01:45:35 {"status":"ok","gid":419412,"msg":"添加成功！"}
2021-07-28 01:45:35 下次操作: 2021-07-28 01:45:54

2021-07-28 01:45:54 开始第 4 次操作

2021-07-28 01:45:54 开始操作号码 【1535320】
2021-07-28 01:45:56 GSD getOne 第 1 次 等待 3 秒
2021-07-28 01:45:59 查询号码 【1535320】，返回信息 {"status":"bad","msg":""}
2021-07-28 01:46:00 查询号码 【1535320】，GSD为【""】
2021-07-28 01:46:00 bad
2021-07-28 01:46:01 CHB 1535320?1627407960 第 1 次 等待 3 秒
2021-07-28 01:46:04 CHB 1535320?1627407960 第 1 次 获取到号码【1535320】GSD
2021-07-28 01:46:04 获取到号码【1535320】的GSD为【陕西-榆林】
2021-07-28 01:46:07 GSD insert 第 1 次 等待 3 秒
2021-07-28 01:46:10 {"status":"ok","gid":419422,"msg":"添加成功！"}
2021-07-28 01:46:10 下次操作: 2021-07-28 01:46:26

2021-07-28 01:46:26 开始第 5 次操作

2021-07-28 01:46:26 开始操作号码 【1535319】
2021-07-28 01:46:29 GSD getOne 第 1 次 等待 3 秒
2021-07-28 01:46:32 查询号码 【1535319】，返回信息 {"status":"bad","msg":""}
2021-07-28 01:46:32 查询号码 【1535319】，GSD为【""】
2021-07-28 01:46:32 bad
2021-07-28 01:46:33 CHB 1535319?1627407992 第 1 次 等待 3 秒
2021-07-28 01:46:36 CHB 1535319?1627407992 第 1 次 获取到号码【1535319】GSD
2021-07-28 01:46:36 获取到号码【1535319】的GSD为【陕西-榆林】
2021-07-28 01:46:39 GSD insert 第 1 次 等待 3 秒
2021-07-28 01:46:42 {"status":"ok","gid":419430,"msg":"添加成功！"}
2021-07-28 01:46:42 下次操作: 2021-07-28 01:47:01

2021-07-28 01:47:01 开始第 6 次操作

2021-07-28 01:47:01 开始操作号码 【1535318】
2021-07-28 01:47:04 GSD getOne 第 1 次 等待 3 秒
2021-07-28 01:47:07 查询号码 【1535318】，返回信息 {"status":"bad","msg":""}
2021-07-28 01:47:08 查询号码 【1535318】，GSD为【""】
2021-07-28 01:47:08 bad
2021-07-28 01:47:09 CHB 1535318?1627408028 第 1 次 等待 3 秒
2021-07-28 01:47:12 CHB 1535318?1627408028 第 1 次 获取到号码【1535318】GSD
2021-07-28 01:47:12 获取到号码【1535318】的GSD为【陕西-榆林】
2021-07-28 01:47:15 GSD insert 第 1 次 等待 3 秒
2021-07-28 01:47:18 {"status":"ok","gid":419442,"msg":"添加成功！"}
2021-07-28 01:47:18 下次操作: 2021-07-28 01:47:41

2021-07-28 01:47:41 开始第 7 次操作

2021-07-28 01:47:41 开始操作号码 【1535317】
2021-07-28 01:47:43 GSD getOne 第 1 次 等待 3 秒
2021-07-28 01:47:46 查询号码 【1535317】，返回信息 {"status":"bad","msg":""}
2021-07-28 01:47:46 查询号码 【1535317】，GSD为【""】
2021-07-28 01:47:46 bad
2021-07-28 01:47:48 CHB 1535317?1627408066 第 1 次 等待 3 秒
2021-07-28 01:47:51 CHB 1535317?1627408066 第 1 次 获取到号码【1535317】GSD
2021-07-28 01:47:51 获取到号码【1535317】的GSD为【陕西-榆林】
2021-07-28 01:47:53 GSD insert 第 1 次 等待 3 秒
2021-07-28 01:47:56 {"status":"ok","gid":419451,"msg":"添加成功！"}
2021-07-28 01:47:56 下次操作: 2021-07-28 01:48:14

2021-07-28 01:48:14 开始第 8 次操作

2021-07-28 01:48:14 开始操作号码 【1535316】
2021-07-28 01:48:17 GSD getOne 第 1 次 等待 3 秒
2021-07-28 01:48:20 查询号码 【1535316】，返回信息 {"status":"bad","msg":""}
2021-07-28 01:48:20 查询号码 【1535316】，GSD为【""】
2021-07-28 01:48:20 bad
2021-07-28 01:48:22 CHB 1535316?1627408100 第 1 次 等待 3 秒
2021-07-28 01:48:25 CHB 1535316?1627408100 第 1 次 获取到号码【1535316】GSD
2021-07-28 01:48:25 获取到号码【1535316】的GSD为【陕西-榆林】
2021-07-28 01:48:27 GSD insert 第 1 次 等待 3 秒
2021-07-28 01:48:30 {"status":"ok","gid":419461,"msg":"添加成功！"}
2021-07-28 01:48:30 下次操作: 2021-07-28 01:48:42

2021-07-28 01:48:42 开始第 9 次操作

2021-07-28 01:48:42 开始操作号码 【1535315】
2021-07-28 01:48:48 GSD getOne 第 1 次 等待 3 秒
2021-07-28 01:48:51 查询号码 【1535315】，返回信息 {"status":"ok","msg":"陕西-咸阳","gid":"21164","time_insert":"2018-06-01 13:44","time_update":"2020-12-09 09:36"}
2021-07-28 01:48:51 查询号码 【1535315】，GSD为【"陕西-咸阳"】

2021-07-28 01:48:51 开始第 9 次操作

2021-07-28 01:48:51 开始操作号码 【1535314】
2021-07-28 01:48:53 GSD getOne 第 1 次 等待 3 秒
2021-07-28 01:48:56 查询号码 【1535314】，返回信息 {"status":"bad","msg":""}
2021-07-28 01:48:57 查询号码 【1535314】，GSD为【""】
2021-07-28 01:48:57 bad
2021-07-28 01:48:58 CHB 1535314?1627408137 第 1 次 等待 3 秒
2021-07-28 01:49:01 CHB 1535314?1627408137 第 1 次 获取到号码【1535314】GSD
2021-07-28 01:49:01 获取到号码【1535314】的GSD为【陕西-咸阳】
2021-07-28 01:49:05 GSD insert 第 1 次 等待 3 秒
2021-07-28 01:49:08 {"status":"ok","gid":419471,"msg":"添加成功！"}
2021-07-28 01:49:08 下次操作: 2021-07-28 01:49:21

2021-07-28 01:49:21 开始第 10 次操作

2021-07-28 01:49:21 开始操作号码 【1535313】
2021-07-28 01:49:25 GSD getOne 第 1 次 等待 3 秒
2021-07-28 01:49:28 查询号码 【1535313】，返回信息 {"status":"bad","msg":""}
2021-07-28 01:49:28 查询号码 【1535313】，GSD为【""】
2021-07-28 01:49:28 bad
2021-07-28 01:49:29 CHB 1535313?1627408168 第 1 次 等待 3 秒
2021-07-28 01:49:32 CHB 1535313?1627408168 第 1 次 获取到号码【1535313】GSD
2021-07-28 01:49:32 获取到号码【1535313】的GSD为【陕西-咸阳】
2021-07-28 01:49:35 GSD insert 第 1 次 等待 3 秒
2021-07-28 01:49:38 {"status":"ok","gid":419478,"msg":"添加成功！"}
2021-07-28 01:49:38 下次操作: 2021-07-28 01:49:53

2021-07-28 01:49:53 开始第 11 次操作

2021-07-28 01:49:53 开始操作号码 【1535312】
2021-07-28 01:49:55 GSD getOne 第 1 次 等待 3 秒
2021-07-28 01:49:58 查询号码 【1535312】，返回信息 {"status":"bad","msg":""}
2021-07-28 01:49:58 查询号码 【1535312】，GSD为【""】
2021-07-28 01:49:58 bad
2021-07-28 01:50:00 CHB 1535312?1627408198 第 1 次 等待 3 秒
2021-07-28 01:50:03 CHB 1535312?1627408198 第 1 次 获取到号码【1535312】GSD
2021-07-28 01:50:03 获取到号码【1535312】的GSD为【陕西-咸阳】
2021-07-28 01:50:06 GSD insert 第 1 次 等待 3 秒
2021-07-28 01:50:09 {"status":"ok","gid":419487,"msg":"添加成功！"}
2021-07-28 01:50:09 下次操作: 2021-07-28 01:50:32

2021-07-28 01:50:32 开始第 12 次操作

2021-07-28 01:50:32 开始操作号码 【1535311】
2021-07-28 01:50:35 GSD getOne 第 1 次 等待 3 秒
2021-07-28 01:50:38 查询号码 【1535311】，返回信息 {"status":"bad","msg":""}
2021-07-28 01:50:38 查询号码 【1535311】，GSD为【""】
2021-07-28 01:50:38 bad
2021-07-28 01:50:39 CHB 1535311?1627408238 第 1 次 等待 3 秒
2021-07-28 01:50:42 CHB 1535311?1627408238 第 1 次 获取到号码【1535311】GSD
2021-07-28 01:50:42 获取到号码【1535311】的GSD为【陕西-咸阳】
2021-07-28 01:50:46 GSD insert 第 1 次 等待 3 秒
2021-07-28 01:50:49 {"status":"ok","gid":419498,"msg":"添加成功！"}
2021-07-28 01:50:49 下次操作: 2021-07-28 01:51:10

2021-07-28 01:51:10 开始第 13 次操作

2021-07-28 01:51:10 开始操作号码 【1535310】
2021-07-28 01:51:12 GSD getOne 第 1 次 等待 3 秒
2021-07-28 01:51:15 查询号码 【1535310】，返回信息 {"status":"bad","msg":""}
2021-07-28 01:51:15 查询号码 【1535310】，GSD为【""】
2021-07-28 01:51:15 bad
2021-07-28 01:51:17 CHB 1535310?1627408275 第 1 次 等待 3 秒
2021-07-28 01:51:20 CHB 1535310?1627408275 第 1 次 获取到号码【1535310】GSD
2021-07-28 01:51:20 获取到号码【1535310】的GSD为【陕西-渭南】
2021-07-28 01:51:22 GSD insert 第 1 次 等待 3 秒
2021-07-28 01:51:25 {"status":"ok","gid":419506,"msg":"添加成功！"}
2021-07-28 01:51:25 下次操作: 2021-07-28 01:51:45

2021-07-28 01:51:45 开始第 14 次操作

2021-07-28 01:51:45 开始操作号码 【1535309】
2021-07-28 01:51:48 GSD getOne 第 1 次 等待 3 秒
2021-07-28 01:51:51 查询号码 【1535309】，返回信息 {"status":"ok","msg":"陕西-渭南","gid":"21163","time_insert":"2018-06-08 16:06","time_update":"2020-12-09 09:41"}
2021-07-28 01:51:51 查询号码 【1535309】，GSD为【"陕西-渭南"】

2021-07-28 01:51:51 开始第 14 次操作

2021-07-28 01:51:51 开始操作号码 【1535308】
2021-07-28 01:51:54 GSD getOne 第 1 次 等待 3 秒
2021-07-28 01:51:57 查询号码 【1535308】，返回信息 {"status":"bad","msg":""}
2021-07-28 01:51:57 查询号码 【1535308】，GSD为【""】
2021-07-28 01:51:57 bad
2021-07-28 01:52:02 CHB 1535308?1627408317 第 1 次 等待 3 秒
2021-07-28 01:52:05 CHB 1535308?1627408317 第 1 次 获取到号码【1535308】GSD
2021-07-28 01:52:05 获取到号码【1535308】的GSD为【陕西-渭南】
2021-07-28 01:52:08 GSD insert 第 1 次 等待 3 秒
2021-07-28 01:52:11 {"status":"ok","gid":419519,"msg":"添加成功！"}
2021-07-28 01:52:11 下次操作: 2021-07-28 01:52:33

2021-07-28 01:52:33 开始第 15 次操作

2021-07-28 01:52:33 开始操作号码 【1535307】
2021-07-28 01:52:36 GSD getOne 第 1 次 等待 3 秒
2021-07-28 01:52:39 查询号码 【1535307】，返回信息 {"status":"bad","msg":""}
2021-07-28 01:52:39 查询号码 【1535307】，GSD为【""】
2021-07-28 01:52:39 bad
2021-07-28 01:52:41 CHB 1535307?1627408359 第 1 次 等待 3 秒
2021-07-28 01:52:44 CHB 1535307?1627408359 第 1 次 获取到号码【1535307】GSD
2021-07-28 01:52:44 获取到号码【1535307】的GSD为【陕西-渭南】
2021-07-28 01:52:50 GSD insert 第 1 次 等待 3 秒
2021-07-28 01:52:53 {"status":"ok","gid":419530,"msg":"添加成功！"}
2021-07-28 01:52:53 下次操作: 2021-07-28 01:53:08

2021-07-28 01:53:08 开始第 16 次操作

2021-07-28 01:53:08 开始操作号码 【1535306】
2021-07-28 01:53:10 GSD getOne 第 1 次 等待 3 秒
2021-07-28 01:53:13 查询号码 【1535306】，返回信息 {"status":"bad","msg":""}
2021-07-28 01:53:13 查询号码 【1535306】，GSD为【""】
2021-07-28 01:53:13 bad
2021-07-28 01:53:15 CHB 1535306?1627408393 第 1 次 等待 3 秒
2021-07-28 01:53:18 CHB 1535306?1627408393 第 1 次 获取到号码【1535306】GSD
2021-07-28 01:53:18 获取到号码【1535306】的GSD为【陕西-渭南】
2021-07-28 01:53:20 GSD insert 第 1 次 等待 3 秒
2021-07-28 01:53:23 {"status":"ok","gid":419533,"msg":"添加成功！"}
2021-07-28 01:53:23 下次操作: 2021-07-28 01:53:47

2021-07-28 01:53:47 开始第 17 次操作

2021-07-28 01:53:47 开始操作号码 【1535305】
2021-07-28 01:53:50 GSD getOne 第 1 次 等待 3 秒
2021-07-28 01:53:53 查询号码 【1535305】，返回信息 {"status":"bad","msg":""}
2021-07-28 01:53:53 查询号码 【1535305】，GSD为【""】
2021-07-28 01:53:53 bad
2021-07-28 01:53:55 CHB 1535305?1627408433 第 1 次 等待 3 秒
2021-07-28 01:53:58 CHB 1535305?1627408433 第 1 次 获取到号码【1535305】GSD
2021-07-28 01:53:58 获取到号码【1535305】的GSD为【陕西-宝鸡】
2021-07-28 01:54:00 GSD insert 第 1 次 等待 3 秒
2021-07-28 01:54:03 {"status":"ok","gid":419546,"msg":"添加成功！"}
2021-07-28 01:54:03 下次操作: 2021-07-28 01:54:27

2021-07-28 01:54:27 开始第 18 次操作

2021-07-28 01:54:27 开始操作号码 【1535304】
2021-07-28 01:54:30 GSD getOne 第 1 次 等待 3 秒
2021-07-28 01:54:33 查询号码 【1535304】，返回信息 {"status":"bad","msg":""}
2021-07-28 01:54:33 查询号码 【1535304】，GSD为【""】
2021-07-28 01:54:33 bad
2021-07-28 01:54:35 CHB 1535304?1627408473 第 1 次 等待 3 秒
2021-07-28 01:54:38 CHB 1535304?1627408473 第 1 次 获取到号码【1535304】GSD
2021-07-28 01:54:38 获取到号码【1535304】的GSD为【陕西-宝鸡】
2021-07-28 01:54:40 GSD insert 第 1 次 等待 3 秒
2021-07-28 01:54:43 {"status":"ok","gid":419556,"msg":"添加成功！"}
2021-07-28 01:54:43 下次操作: 2021-07-28 01:54:55

2021-07-28 01:54:55 开始第 19 次操作

2021-07-28 01:54:55 开始操作号码 【1535303】
2021-07-28 01:54:58 GSD getOne 第 1 次 等待 3 秒
2021-07-28 01:55:01 查询号码 【1535303】，返回信息 {"status":"bad","msg":""}
2021-07-28 01:55:01 查询号码 【1535303】，GSD为【""】
2021-07-28 01:55:01 bad
2021-07-28 01:55:02 CHB 1535303?1627408501 第 1 次 等待 3 秒
2021-07-28 01:55:05 CHB 1535303?1627408501 第 1 次 获取到号码【1535303】GSD
2021-07-28 01:55:05 获取到号码【1535303】的GSD为【陕西-宝鸡】
2021-07-28 01:55:11 GSD insert 第 1 次 等待 3 秒
2021-07-28 01:55:14 {"status":"ok","gid":419563,"msg":"添加成功！"}
2021-07-28 01:55:14 下次操作: 2021-07-28 01:55:32

2021-07-28 01:55:32 开始第 20 次操作

2021-07-28 01:55:32 开始操作号码 【1535302】
2021-07-28 01:55:34 GSD getOne 第 1 次 等待 3 秒
2021-07-28 01:55:37 查询号码 【1535302】，返回信息 {"status":"bad","msg":""}
2021-07-28 01:55:38 查询号码 【1535302】，GSD为【""】
2021-07-28 01:55:38 bad
2021-07-28 01:55:39 CHB 1535302?1627408538 第 1 次 等待 3 秒
2021-07-28 01:55:42 CHB 1535302?1627408538 第 1 次 获取到号码【1535302】GSD
2021-07-28 01:55:42 获取到号码【1535302】的GSD为【陕西-宝鸡】
2021-07-28 01:55:45 GSD insert 第 1 次 等待 3 秒
2021-07-28 01:55:48 {"status":"ok","gid":419572,"msg":"添加成功！"}
2021-07-28 01:55:48 下次操作: 2021-07-28 01:56:02

2021-07-28 01:56:02 开始第 21 次操作

2021-07-28 01:56:02 开始操作号码 【1535301】
2021-07-28 01:56:04 GSD getOne 第 1 次 等待 3 秒
2021-07-28 01:56:07 查询号码 【1535301】，返回信息 {"status":"bad","msg":""}
2021-07-28 01:56:07 查询号码 【1535301】，GSD为【""】
2021-07-28 01:56:07 bad
2021-07-28 01:56:09 CHB 1535301?1627408567 第 1 次 等待 3 秒
2021-07-28 01:56:12 CHB 1535301?1627408567 第 1 次 获取到号码【1535301】GSD
2021-07-28 01:56:12 获取到号码【1535301】的GSD为【陕西-宝鸡】
2021-07-28 01:56:14 GSD insert 第 1 次 等待 3 秒
2021-07-28 01:56:17 {"status":"ok","gid":419579,"msg":"添加成功！"}
2021-07-28 01:56:17 下次操作: 2021-07-28 01:56:33

2021-07-28 01:56:33 开始第 22 次操作

2021-07-28 01:56:33 开始操作号码 【1535300】
2021-07-28 01:56:36 GSD getOne 第 1 次 等待 3 秒
2021-07-28 01:56:39 查询号码 【1535300】，返回信息 {"status":"bad","msg":""}
2021-07-28 01:56:39 查询号码 【1535300】，GSD为【""】
2021-07-28 01:56:39 bad
2021-07-28 01:56:40 CHB 1535300?1627408599 第 1 次 等待 3 秒
2021-07-28 01:56:43 CHB 1535300?1627408599 第 1 次 获取到号码【1535300】GSD
2021-07-28 01:56:43 获取到号码【1535300】的GSD为【陕西-宝鸡】
2021-07-28 01:56:50 GSD insert 第 1 次 等待 3 秒
2021-07-28 01:56:53 {"status":"ok","gid":419587,"msg":"添加成功！"}
2021-07-28 01:56:53 下次操作: 2021-07-28 01:57:15

2021-07-28 01:57:15 开始第 23 次操作

2021-07-28 01:57:15 开始操作号码 【1535299】
2021-07-28 01:57:18 GSD getOne 第 1 次 等待 3 秒
2021-07-28 01:57:21 查询号码 【1535299】，返回信息 {"status":"bad","msg":""}
2021-07-28 01:57:21 查询号码 【1535299】，GSD为【""】
2021-07-28 01:57:21 bad
2021-07-28 01:57:22 CHB 1535299?1627408641 第 1 次 等待 3 秒
2021-07-28 01:57:25 CHB 1535299?1627408641 第 1 次 获取到号码【1535299】GSD
2021-07-28 01:57:25 获取到号码【1535299】的GSD为【青海-果洛】
2021-07-28 01:57:28 GSD insert 第 1 次 等待 3 秒
2021-07-28 01:57:31 {"status":"ok","gid":419595,"msg":"添加成功！"}
2021-07-28 01:57:31 下次操作: 2021-07-28 01:57:51

2021-07-28 01:57:51 开始第 24 次操作

2021-07-28 01:57:51 开始操作号码 【1535298】
2021-07-28 01:57:53 GSD getOne 第 1 次 等待 3 秒
2021-07-28 01:57:56 查询号码 【1535298】，返回信息 {"status":"bad","msg":""}
2021-07-28 01:57:56 查询号码 【1535298】，GSD为【""】
2021-07-28 01:57:56 bad
2021-07-28 01:57:58 CHB 1535298?1627408676 第 1 次 等待 3 秒
2021-07-28 01:58:01 CHB 1535298?1627408676 第 1 次 获取到号码【1535298】GSD
2021-07-28 01:58:01 获取到号码【1535298】的GSD为【青海-玉树】
2021-07-28 01:58:04 GSD insert 第 1 次 等待 3 秒
2021-07-28 01:58:07 {"status":"ok","gid":419604,"msg":"添加成功！"}
2021-07-28 01:58:07 下次操作: 2021-07-28 01:58:22

2021-07-28 01:58:22 开始第 25 次操作

2021-07-28 01:58:22 开始操作号码 【1535297】
2021-07-28 01:58:24 GSD getOne 第 1 次 等待 3 秒
2021-07-28 01:58:27 查询号码 【1535297】，返回信息 {"status":"bad","msg":""}
2021-07-28 01:58:27 查询号码 【1535297】，GSD为【""】
2021-07-28 01:58:27 bad
2021-07-28 01:58:29 CHB 1535297?1627408707 第 1 次 等待 3 秒
2021-07-28 01:58:32 CHB 1535297?1627408707 第 1 次 获取到号码【1535297】GSD
2021-07-28 01:58:32 获取到号码【1535297】的GSD为【青海-海北】
2021-07-28 01:58:34 GSD insert 第 1 次 等待 3 秒
2021-07-28 01:58:37 {"status":"ok","gid":419613,"msg":"添加成功！"}
2021-07-28 01:58:37 下次操作: 2021-07-28 01:58:49

2021-07-28 01:58:49 开始第 26 次操作

2021-07-28 01:58:49 开始操作号码 【1535296】
2021-07-28 01:58:52 GSD getOne 第 1 次 等待 3 秒
2021-07-28 01:58:55 查询号码 【1535296】，返回信息 {"status":"ok","msg":"青海-海西","gid":"21162","time_insert":"2016-11-05 08:57","time_update":"2020-12-15 14:08"}
2021-07-28 01:58:55 查询号码 【1535296】，GSD为【"青海-海西"】

2021-07-28 01:58:55 开始第 26 次操作

2021-07-28 01:58:55 开始操作号码 【1535295】
2021-07-28 01:58:59 GSD getOne 第 1 次 等待 3 秒
2021-07-28 01:59:02 查询号码 【1535295】，返回信息 {"status":"bad","msg":""}
2021-07-28 01:59:02 查询号码 【1535295】，GSD为【""】
2021-07-28 01:59:02 bad
2021-07-28 01:59:03 CHB 1535295?1627408742 第 1 次 等待 3 秒
2021-07-28 01:59:06 CHB 1535295?1627408742 第 1 次 获取到号码【1535295】GSD
2021-07-28 01:59:07 获取到号码【1535295】的GSD为【青海-格尔木】
2021-07-28 01:59:09 GSD insert 第 1 次 等待 3 秒
2021-07-28 01:59:12 {"status":"ok","gid":419622,"msg":"添加成功！"}
2021-07-28 01:59:12 下次操作: 2021-07-28 01:59:26

2021-07-28 01:59:26 开始第 27 次操作

2021-07-28 01:59:26 开始操作号码 【1535294】
2021-07-28 01:59:29 GSD getOne 第 1 次 等待 3 秒
2021-07-28 01:59:32 查询号码 【1535294】，返回信息 {"status":"bad","msg":""}
2021-07-28 01:59:32 查询号码 【1535294】，GSD为【""】
2021-07-28 01:59:32 bad
2021-07-28 01:59:33 CHB 1535294?1627408772 第 1 次 等待 3 秒
2021-07-28 01:59:36 CHB 1535294?1627408772 第 1 次 获取到号码【1535294】GSD
2021-07-28 01:59:36 获取到号码【1535294】的GSD为【青海-海南】
2021-07-28 01:59:42 GSD insert 第 1 次 等待 3 秒
2021-07-28 01:59:45 {"status":"ok","gid":419631,"msg":"添加成功！"}
2021-07-28 01:59:45 下次操作: 2021-07-28 02:00:00

2021-07-28 02:00:00 开始第 28 次操作

2021-07-28 02:00:00 开始操作号码 【1535293】
2021-07-28 02:00:02 GSD getOne 第 1 次 等待 3 秒
2021-07-28 02:00:05 查询号码 【1535293】，返回信息 {"status":"bad","msg":""}
2021-07-28 02:00:05 查询号码 【1535293】，GSD为【""】
2021-07-28 02:00:05 bad
2021-07-28 02:00:07 CHB 1535293?1627408805 第 1 次 等待 3 秒
2021-07-28 02:00:10 CHB 1535293?1627408805 第 1 次 获取到号码【1535293】GSD
2021-07-28 02:00:10 获取到号码【1535293】的GSD为【青海-黄南】
2021-07-28 02:00:12 GSD insert 第 1 次 等待 3 秒
2021-07-28 02:00:15 {"status":"ok","gid":419639,"msg":"添加成功！"}
2021-07-28 02:00:15 下次操作: 2021-07-28 02:00:29

2021-07-28 02:00:30 开始第 29 次操作

2021-07-28 02:00:30 开始操作号码 【1535292】
2021-07-28 02:00:43 GSD getOne 第 1 次 等待 3 秒
2021-07-28 02:00:46 查询号码 【1535292】，返回信息 {"status":"ok","msg":"青海-海东","gid":"51667","time_insert":"2021-04-22 10:06"}
2021-07-28 02:00:46 查询号码 【1535292】，GSD为【"青海-海东"】

2021-07-28 02:00:46 开始第 29 次操作

2021-07-28 02:00:46 开始操作号码 【1535291】
2021-07-28 02:00:50 GSD getOne 第 1 次 等待 3 秒
2021-07-28 02:00:53 查询号码 【1535291】，返回信息 {"status":"bad","msg":""}
2021-07-28 02:00:53 查询号码 【1535291】，GSD为【""】
2021-07-28 02:00:53 bad
2021-07-28 02:00:55 CHB 1535291?1627408853 第 1 次 等待 3 秒
2021-07-28 02:00:58 CHB 1535291?1627408853 第 1 次 获取到号码【1535291】GSD
2021-07-28 02:00:58 获取到号码【1535291】的GSD为【青海-西宁】
2021-07-28 02:01:00 GSD insert 第 1 次 等待 3 秒
2021-07-28 02:01:03 {"status":"ok","gid":419650,"msg":"添加成功！"}
2021-07-28 02:01:03 下次操作: 2021-07-28 02:01:21

2021-07-28 02:01:21 开始第 30 次操作

2021-07-28 02:01:21 开始操作号码 【1535290】
2021-07-28 02:01:24 GSD getOne 第 1 次 等待 3 秒
2021-07-28 02:01:27 查询号码 【1535290】，返回信息 {"status":"bad","msg":""}
2021-07-28 02:01:27 查询号码 【1535290】，GSD为【""】
2021-07-28 02:01:27 bad
2021-07-28 02:01:28 CHB 1535290?1627408887 第 1 次 等待 3 秒
2021-07-28 02:01:31 CHB 1535290?1627408887 第 1 次 获取到号码【1535290】GSD
2021-07-28 02:01:32 获取到号码【1535290】的GSD为【青海-西宁】
2021-07-28 02:01:34 GSD insert 第 1 次 等待 3 秒
2021-07-28 02:01:37 {"status":"ok","gid":419657,"msg":"添加成功！"}
2021-07-28 02:01:37 下次操作: 2021-07-28 02:01:58

2021-07-28 02:01:58 开始第 31 次操作

2021-07-28 02:01:58 开始操作号码 【1535289】
2021-07-28 02:02:01 GSD getOne 第 1 次 等待 3 秒
2021-07-28 02:02:04 查询号码 【1535289】，返回信息 {"status":"bad","msg":""}
2021-07-28 02:02:04 查询号码 【1535289】，GSD为【""】
2021-07-28 02:02:04 bad
2021-07-28 02:02:05 CHB 1535289?1627408924 第 1 次 等待 3 秒
2021-07-28 02:02:08 CHB 1535289?1627408924 第 1 次 获取到号码【1535289】GSD
2021-07-28 02:02:09 获取到号码【1535289】的GSD为【内蒙古-包头】
2021-07-28 02:02:11 GSD insert 第 1 次 等待 3 秒
2021-07-28 02:02:14 {"status":"ok","gid":419666,"msg":"添加成功！"}
2021-07-28 02:02:14 下次操作: 2021-07-28 02:02:30

2021-07-28 02:02:30 开始第 32 次操作

2021-07-28 02:02:30 开始操作号码 【1535288】
2021-07-28 02:02:33 GSD getOne 第 1 次 等待 3 秒
2021-07-28 02:02:36 查询号码 【1535288】，返回信息 {"status":"bad","msg":""}
2021-07-28 02:02:36 查询号码 【1535288】，GSD为【""】
2021-07-28 02:02:36 bad
2021-07-28 02:02:37 CHB 1535288?1627408956 第 1 次 等待 3 秒
2021-07-28 02:02:40 CHB 1535288?1627408956 第 1 次 获取到号码【1535288】GSD
2021-07-28 02:02:40 获取到号码【1535288】的GSD为【内蒙古-鄂尔多斯】
2021-07-28 02:02:44 GSD insert 第 1 次 等待 3 秒
2021-07-28 02:02:47 {"status":"ok","gid":419675,"msg":"添加成功！"}
2021-07-28 02:02:47 下次操作: 2021-07-28 02:03:06

2021-07-28 02:03:06 开始第 33 次操作

2021-07-28 02:03:06 开始操作号码 【1535287】
2021-07-28 02:03:09 GSD getOne 第 1 次 等待 3 秒
2021-07-28 02:03:12 查询号码 【1535287】，返回信息 {"status":"bad","msg":""}
2021-07-28 02:03:12 查询号码 【1535287】，GSD为【""】
2021-07-28 02:03:12 bad
2021-07-28 02:03:13 CHB 1535287?1627408992 第 1 次 等待 3 秒
2021-07-28 02:03:16 CHB 1535287?1627408992 第 1 次 获取到号码【1535287】GSD
2021-07-28 02:03:16 获取到号码【1535287】的GSD为【内蒙古-呼和浩特】
2021-07-28 02:03:19 GSD insert 第 1 次 等待 3 秒
2021-07-28 02:03:22 {"status":"ok","gid":419684,"msg":"添加成功！"}
2021-07-28 02:03:22 下次操作: 2021-07-28 02:03:36

2021-07-28 02:03:36 开始第 34 次操作

2021-07-28 02:03:36 开始操作号码 【1535286】
2021-07-28 02:03:39 GSD getOne 第 1 次 等待 3 秒
2021-07-28 02:03:42 查询号码 【1535286】，返回信息 {"status":"bad","msg":""}
2021-07-28 02:03:42 查询号码 【1535286】，GSD为【""】
2021-07-28 02:03:42 bad
2021-07-28 02:03:43 CHB 1535286?1627409022 第 1 次 等待 3 秒
2021-07-28 02:03:46 CHB 1535286?1627409022 第 1 次 获取到号码【1535286】GSD
2021-07-28 02:03:46 获取到号码【1535286】的GSD为【内蒙古-乌兰察布】
2021-07-28 02:04:43 GSD insert 第 1 次 等待 3 秒
2021-07-28 02:04:46 {"status":"ok","gid":419702,"msg":"添加成功！"}
2021-07-28 02:04:46 下次操作: 2021-07-28 02:04:59

2021-07-28 02:04:59 开始第 35 次操作

2021-07-28 02:04:59 开始操作号码 【1535285】
2021-07-28 02:05:02 GSD getOne 第 1 次 等待 3 秒
2021-07-28 02:05:05 查询号码 【1535285】，返回信息 {"status":"bad","msg":""}
2021-07-28 02:05:05 查询号码 【1535285】，GSD为【""】
2021-07-28 02:05:05 bad
2021-07-28 02:05:06 CHB 1535285?1627409105 第 1 次 等待 3 秒
2021-07-28 02:05:09 CHB 1535285?1627409105 第 1 次 获取到号码【1535285】GSD
2021-07-28 02:05:09 获取到号码【1535285】的GSD为【内蒙古-呼和浩特】
2021-07-28 02:05:12 GSD insert 第 1 次 等待 3 秒
2021-07-28 02:05:15 {"status":"ok","gid":419707,"msg":"添加成功！"}
2021-07-28 02:05:15 下次操作: 2021-07-28 02:05:36

2021-07-28 02:05:36 开始第 36 次操作

2021-07-28 02:05:36 开始操作号码 【1535284】
2021-07-28 02:05:40 GSD getOne 第 1 次 等待 3 秒
2021-07-28 02:05:43 查询号码 【1535284】，返回信息 {"status":"bad","msg":""}
2021-07-28 02:05:43 查询号码 【1535284】，GSD为【""】
2021-07-28 02:05:43 bad
2021-07-28 02:05:44 CHB 1535284?1627409143 第 1 次 等待 3 秒
2021-07-28 02:05:47 CHB 1535284?1627409143 第 1 次 获取到号码【1535284】GSD
2021-07-28 02:05:47 获取到号码【1535284】的GSD为【内蒙古-呼和浩特】
2021-07-28 02:05:50 GSD insert 第 1 次 等待 3 秒
2021-07-28 02:05:53 {"status":"ok","gid":419718,"msg":"添加成功！"}
2021-07-28 02:05:53 下次操作: 2021-07-28 02:06:10

2021-07-28 02:06:10 开始第 37 次操作

2021-07-28 02:06:10 开始操作号码 【1535283】
2021-07-28 02:06:12 GSD getOne 第 1 次 等待 3 秒
2021-07-28 02:06:15 查询号码 【1535283】，返回信息 {"status":"bad","msg":""}
2021-07-28 02:06:16 查询号码 【1535283】，GSD为【""】
2021-07-28 02:06:16 bad
2021-07-28 02:06:17 CHB 1535283?1627409176 第 1 次 等待 3 秒
2021-07-28 02:06:20 CHB 1535283?1627409176 第 1 次 获取到号码【1535283】GSD
2021-07-28 02:06:20 获取到号码【1535283】的GSD为【内蒙古-阿拉善盟】
2021-07-28 02:06:23 GSD insert 第 1 次 等待 3 秒
2021-07-28 02:06:26 {"status":"ok","gid":419727,"msg":"添加成功！"}
2021-07-28 02:06:26 下次操作: 2021-07-28 02:06:49

2021-07-28 02:06:49 开始第 38 次操作

2021-07-28 02:06:49 开始操作号码 【1535282】
2021-07-28 02:06:52 GSD getOne 第 1 次 等待 3 秒
2021-07-28 02:06:55 查询号码 【1535282】，返回信息 {"status":"bad","msg":""}
2021-07-28 02:06:55 查询号码 【1535282】，GSD为【""】
2021-07-28 02:06:55 bad
2021-07-28 02:06:56 CHB 1535282?1627409215 第 1 次 等待 3 秒
2021-07-28 02:06:59 CHB 1535282?1627409215 第 1 次 获取到号码【1535282】GSD
2021-07-28 02:06:59 获取到号码【1535282】的GSD为【内蒙古-兴安盟】
2021-07-28 02:07:02 GSD insert 第 1 次 等待 3 秒
2021-07-28 02:07:05 {"status":"ok","gid":419738,"msg":"添加成功！"}
2021-07-28 02:07:05 下次操作: 2021-07-28 02:07:18

2021-07-28 02:07:18 开始第 39 次操作

2021-07-28 02:07:18 开始操作号码 【1535281】
2021-07-28 02:07:20 GSD getOne 第 1 次 等待 3 秒
2021-07-28 02:07:23 查询号码 【1535281】，返回信息 {"status":"bad","msg":""}
2021-07-28 02:07:23 查询号码 【1535281】，GSD为【""】
2021-07-28 02:07:23 bad
2021-07-28 02:07:25 CHB 1535281?1627409243 第 1 次 等待 3 秒
2021-07-28 02:07:28 CHB 1535281?1627409243 第 1 次 获取到号码【1535281】GSD
2021-07-28 02:07:28 获取到号码【1535281】的GSD为【内蒙古-乌兰察布】
2021-07-28 02:07:31 GSD insert 第 1 次 等待 3 秒
2021-07-28 02:07:34 {"status":"ok","gid":419743,"msg":"添加成功！"}
2021-07-28 02:07:34 下次操作: 2021-07-28 02:07:46

2021-07-28 02:07:46 开始第 40 次操作

2021-07-28 02:07:46 开始操作号码 【1535280】
2021-07-28 02:07:49 GSD getOne 第 1 次 等待 3 秒
2021-07-28 02:07:52 查询号码 【1535280】，返回信息 {"status":"bad","msg":""}
2021-07-28 02:07:52 查询号码 【1535280】，GSD为【""】
2021-07-28 02:07:52 bad
2021-07-28 02:07:54 CHB 1535280?1627409272 第 1 次 等待 3 秒
2021-07-28 02:07:57 CHB 1535280?1627409272 第 1 次 获取到号码【1535280】GSD
2021-07-28 02:07:57 获取到号码【1535280】的GSD为【内蒙古-呼伦贝尔】
2021-07-28 02:08:00 GSD insert 第 1 次 等待 3 秒
2021-07-28 02:08:03 {"status":"ok","gid":419751,"msg":"添加成功！"}

