2021-07-17 00:00:15 开始第 12 次操作

2021-07-17 00:00:15 开始操作号码 【1832536】
2021-07-17 00:00:18 GSD getOne 第 1 次 等待 3 秒
2021-07-17 00:00:21 查询号码 【1832536】，返回信息 {"status":"bad","msg":""}
2021-07-17 00:00:21 查询号码 【1832536】，GSD为【""】
2021-07-17 00:00:21 bad
2021-07-17 00:00:27 CHB 1832536?1626451221 第 1 次 等待 3 秒
2021-07-17 00:00:30 CHB 1832536?1626451221 第 1 次 获取到号码【1832536】GSD
2021-07-17 00:00:30 获取到号码【1832536】的GSD为【安徽-芜湖】
2021-07-17 00:00:41 GSD insert 第 1 次 等待 3 秒
2021-07-17 00:00:44 {"status":"ok","gid":298068,"msg":"添加成功！"}
2021-07-17 00:00:44 下次操作: 2021-07-17 00:00:59

2021-07-17 00:00:59 开始第 13 次操作

2021-07-17 00:00:59 开始操作号码 【1832537】
2021-07-17 00:01:06 GSD getOne 第 1 次 等待 3 秒
2021-07-17 00:01:09 查询号码 【1832537】，返回信息 {"status":"bad","msg":""}
2021-07-17 00:01:09 查询号码 【1832537】，GSD为【""】
2021-07-17 00:01:09 bad
2021-07-17 00:01:15 CHB 1832537?1626451269 第 1 次 等待 3 秒
2021-07-17 00:01:18 CHB 1832537?1626451269 第 1 次 获取到号码【1832537】GSD
2021-07-17 00:01:18 获取到号码【1832537】的GSD为【安徽-芜湖】
2021-07-17 00:01:20 GSD insert 第 1 次 等待 3 秒
2021-07-17 00:01:23 {"status":"ok","gid":298074,"msg":"添加成功！"}
2021-07-17 00:01:23 下次操作: 2021-07-17 00:01:44

2021-07-17 00:01:44 开始第 14 次操作

2021-07-17 00:01:44 开始操作号码 【1832538】
2021-07-17 00:01:47 GSD getOne 第 1 次 等待 3 秒
2021-07-17 00:01:50 查询号码 【1832538】，返回信息 {"status":"bad","msg":""}
2021-07-17 00:01:50 查询号码 【1832538】，GSD为【""】
2021-07-17 00:01:50 bad
2021-07-17 00:01:51 CHB 1832538?1626451310 第 1 次 等待 3 秒
2021-07-17 00:01:54 CHB 1832538?1626451310 第 1 次 获取到号码【1832538】GSD
2021-07-17 00:01:54 获取到号码【1832538】的GSD为【安徽-芜湖】
2021-07-17 00:01:57 GSD insert 第 1 次 等待 3 秒
2021-07-17 00:02:00 {"status":"ok","gid":298079,"msg":"添加成功！"}
2021-07-17 00:02:00 下次操作: 2021-07-17 00:02:14

2021-07-17 00:02:14 开始第 15 次操作

2021-07-17 00:02:14 开始操作号码 【1832539】
2021-07-17 00:02:17 GSD getOne 第 1 次 等待 3 秒
2021-07-17 00:02:20 查询号码 【1832539】，返回信息 {"status":"bad","msg":""}
2021-07-17 00:02:20 查询号码 【1832539】，GSD为【""】
2021-07-17 00:02:20 bad
2021-07-17 00:02:21 CHB 1832539?1626451340 第 1 次 等待 3 秒
2021-07-17 00:02:24 CHB 1832539?1626451340 第 1 次 获取到号码【1832539】GSD
2021-07-17 00:02:24 获取到号码【1832539】的GSD为【安徽-芜湖】
2021-07-17 00:02:30 GSD insert 第 1 次 等待 3 秒
2021-07-17 00:02:33 {"status":"ok","gid":298083,"msg":"添加成功！"}
2021-07-17 00:02:33 下次操作: 2021-07-17 00:02:57

2021-07-17 00:02:57 开始第 16 次操作

2021-07-17 00:02:57 开始操作号码 【1832540】
2021-07-17 00:03:04 GSD getOne 第 1 次 等待 3 秒
2021-07-17 00:03:07 查询号码 【1832540】，返回信息 {"status":"bad","msg":""}
2021-07-17 00:03:07 查询号码 【1832540】，GSD为【""】
2021-07-17 00:03:07 bad
2021-07-17 00:03:08 CHB 1832540?1626451387 第 1 次 等待 3 秒
2021-07-17 00:03:11 CHB 1832540?1626451387 第 1 次 获取到号码【1832540】GSD
2021-07-17 00:03:11 获取到号码【1832540】的GSD为【山东-菏泽】
2021-07-17 00:03:17 GSD insert 第 1 次 等待 3 秒
2021-07-17 00:03:20 {"status":"ok","gid":298095,"msg":"添加成功！"}
2021-07-17 00:03:20 下次操作: 2021-07-17 00:03:44

2021-07-17 00:03:44 开始第 17 次操作

2021-07-17 00:03:44 开始操作号码 【1832541】
2021-07-17 00:03:50 GSD getOne 第 1 次 等待 3 秒
2021-07-17 00:03:53 查询号码 【1832541】，返回信息 {"status":"bad","msg":""}
2021-07-17 00:03:53 查询号码 【1832541】，GSD为【""】
2021-07-17 00:03:53 bad
2021-07-17 00:03:54 CHB 1832541?1626451433 第 1 次 等待 3 秒
2021-07-17 00:03:57 CHB 1832541?1626451433 第 1 次 获取到号码【1832541】GSD
2021-07-17 00:03:57 获取到号码【1832541】的GSD为【山东-济南】
2021-07-17 00:05:11 GSD insert 第 1 次 等待 3 秒
2021-07-17 00:05:14 {"status":"ok","gid":298112,"msg":"添加成功！"}
2021-07-17 00:05:14 下次操作: 2021-07-17 00:05:26

2021-07-17 00:05:26 开始第 18 次操作

2021-07-17 00:05:26 开始操作号码 【1832542】
2021-07-17 00:05:32 GSD getOne 第 1 次 等待 3 秒
2021-07-17 00:05:35 查询号码 【1832542】，返回信息 {"status":"bad","msg":""}
2021-07-17 00:05:35 查询号码 【1832542】，GSD为【""】
2021-07-17 00:05:35 bad
2021-07-17 00:05:36 CHB 1832542?1626451535 第 1 次 等待 3 秒
2021-07-17 00:05:39 CHB 1832542?1626451535 第 1 次 获取到号码【1832542】GSD
2021-07-17 00:05:40 获取到号码【1832542】的GSD为【山东-青岛】
2021-07-17 00:05:42 GSD insert 第 1 次 等待 3 秒
2021-07-17 00:05:45 {"status":"ok","gid":298119,"msg":"添加成功！"}
2021-07-17 00:05:45 下次操作: 2021-07-17 00:06:04

2021-07-17 00:06:04 开始第 19 次操作

2021-07-17 00:06:04 开始操作号码 【1832543】
2021-07-17 00:06:37 GSD getOne 第 1 次 等待 3 秒
2021-07-17 00:06:40 查询号码 【1832543】，返回信息 {"status":"bad","msg":""}
2021-07-17 00:06:40 查询号码 【1832543】，GSD为【""】
2021-07-17 00:06:40 bad
2021-07-17 00:06:41 CHB 1832543?1626451600 第 1 次 等待 3 秒
2021-07-17 00:06:44 CHB 1832543?1626451600 第 1 次 获取到号码【1832543】GSD
2021-07-17 00:06:45 获取到号码【1832543】的GSD为【山东-滨州】
2021-07-17 00:06:50 GSD insert 第 1 次 等待 3 秒
2021-07-17 00:06:53 {"status":"ok","gid":298126,"msg":"添加成功！"}
2021-07-17 00:06:53 下次操作: 2021-07-17 00:07:08

2021-07-17 00:07:08 开始第 20 次操作

2021-07-17 00:07:08 开始操作号码 【1832544】
2021-07-17 00:08:18 GSD getOne 第 1 次 等待 3 秒
2021-07-17 00:08:21 查询号码 【1832544】，返回信息 {"status":"bad","msg":""}
2021-07-17 00:08:21 查询号码 【1832544】，GSD为【""】
2021-07-17 00:08:21 bad
2021-07-17 00:08:26 CHB 1832544?1626451701 第 1 次 等待 3 秒
2021-07-17 00:08:29 CHB 1832544?1626451701 第 1 次 获取到号码【1832544】GSD
2021-07-17 00:08:29 获取到号码【1832544】的GSD为【山东-潍坊】
2021-07-17 00:08:39 GSD insert 第 1 次 等待 3 秒
2021-07-17 00:08:42 {"status":"ok","gid":298138,"msg":"添加成功！"}
2021-07-17 00:08:42 下次操作: 2021-07-17 00:09:02

2021-07-17 00:09:02 开始第 21 次操作

2021-07-17 00:09:02 开始操作号码 【1832545】
2021-07-17 00:09:22 GSD getOne 第 1 次 等待 3 秒
2021-07-17 00:09:25 查询号码 【1832545】，返回信息 {"status":"bad","msg":""}
2021-07-17 00:09:26 查询号码 【1832545】，GSD为【""】
2021-07-17 00:09:26 bad
2021-07-17 00:09:32 CHB 1832545?1626451766 第 1 次 等待 3 秒
2021-07-17 00:09:35 CHB 1832545?1626451766 第 1 次 获取到号码【1832545】GSD
2021-07-17 00:09:35 获取到号码【1832545】的GSD为【山东-烟台】
2021-07-17 00:09:37 GSD insert 第 1 次 等待 3 秒
2021-07-17 00:09:40 {"status":"ok","gid":298149,"msg":"添加成功！"}
2021-07-17 00:09:41 下次操作: 2021-07-17 00:10:04

2021-07-17 00:10:04 开始第 22 次操作

2021-07-17 00:10:04 开始操作号码 【1832546】
2021-07-17 00:10:09 GSD getOne 第 1 次 等待 3 秒
2021-07-17 00:10:12 查询号码 【1832546】，返回信息 {"status":"bad","msg":""}
2021-07-17 00:10:12 查询号码 【1832546】，GSD为【""】
2021-07-17 00:10:12 bad
2021-07-17 00:10:13 CHB 1832546?1626451812 第 1 次 等待 3 秒
2021-07-17 00:10:16 CHB 1832546?1626451812 第 1 次 获取到号码【1832546】GSD
2021-07-17 00:10:16 获取到号码【1832546】的GSD为【山东-东营】
2021-07-17 00:10:30 GSD insert 第 1 次 等待 3 秒
2021-07-17 00:10:33 {"status":"ok","gid":298159,"msg":"添加成功！"}
2021-07-17 00:10:33 下次操作: 2021-07-17 00:10:56

2021-07-17 00:10:56 开始第 23 次操作

2021-07-17 00:10:56 开始操作号码 【1832547】
2021-07-17 00:11:00 GSD getOne 第 1 次 等待 3 秒
2021-07-17 00:11:03 查询号码 【1832547】，返回信息 {"status":"bad","msg":""}
2021-07-17 00:11:03 查询号码 【1832547】，GSD为【""】
2021-07-17 00:11:03 bad
2021-07-17 00:11:05 CHB 1832547?1626451863 第 1 次 等待 3 秒
2021-07-17 00:11:08 CHB 1832547?1626451863 第 1 次 获取到号码【1832547】GSD
2021-07-17 00:11:08 获取到号码【1832547】的GSD为【山东-济宁】
2021-07-17 00:11:34 GSD insert 第 1 次 等待 3 秒
2021-07-17 00:11:37 {"status":"ok","gid":298169,"msg":"添加成功！"}
2021-07-17 00:11:37 下次操作: 2021-07-17 00:11:55

2021-07-17 00:11:55 开始第 24 次操作

2021-07-17 00:11:55 开始操作号码 【1832548】
2021-07-17 00:12:12 GSD getOne 第 1 次 等待 3 秒
2021-07-17 00:12:15 查询号码 【1832548】，返回信息 {"status":"bad","msg":""}
2021-07-17 00:12:15 查询号码 【1832548】，GSD为【""】
2021-07-17 00:12:15 bad
2021-07-17 00:12:20 CHB 1832548?1626451935 第 1 次 等待 3 秒
2021-07-17 00:12:23 CHB 1832548?1626451935 第 1 次 获取到号码【1832548】GSD
2021-07-17 00:12:23 获取到号码【1832548】的GSD为【山东-泰安】
2021-07-17 00:12:39 GSD insert 第 1 次 等待 3 秒
2021-07-17 00:12:42 {"status":"ok","gid":298176,"msg":"添加成功！"}
2021-07-17 00:12:42 下次操作: 2021-07-17 00:13:06

2021-07-17 00:13:06 开始第 25 次操作

2021-07-17 00:13:06 开始操作号码 【1832549】
2021-07-17 00:13:09 GSD getOne 第 1 次 等待 3 秒
2021-07-17 00:13:12 查询号码 【1832549】，返回信息 {"status":"bad","msg":""}
2021-07-17 00:13:12 查询号码 【1832549】，GSD为【""】
2021-07-17 00:13:12 bad
2021-07-17 00:13:14 CHB 1832549?1626451992 第 1 次 等待 3 秒
2021-07-17 00:13:17 CHB 1832549?1626451992 第 1 次 获取到号码【1832549】GSD
2021-07-17 00:13:17 获取到号码【1832549】的GSD为【山东-临沂】
2021-07-17 00:13:19 GSD insert 第 1 次 等待 3 秒
2021-07-17 00:13:22 {"status":"ok","gid":298181,"msg":"添加成功！"}
2021-07-17 00:13:23 下次操作: 2021-07-17 00:13:34

2021-07-17 00:13:35 开始第 26 次操作

2021-07-17 00:13:35 开始操作号码 【1832550】
2021-07-17 00:13:54 GSD getOne 第 1 次 等待 3 秒
2021-07-17 00:13:57 查询号码 【1832550】，返回信息 {"status":"ok","msg":"安徽-马鞍山","gid":"37537","time_insert":"2018-11-28 11:11","time_update":"2020-08-15 20:45"}
2021-07-17 00:13:57 查询号码 【1832550】，GSD为【"安徽-马鞍山"】

2021-07-17 00:13:57 开始第 26 次操作

2021-07-17 00:13:57 开始操作号码 【1832551】
2021-07-17 00:14:20 GSD getOne 第 1 次 等待 3 秒
2021-07-17 00:14:23 查询号码 【1832551】，返回信息 {"status":"ok","msg":"安徽-马鞍山","gid":"37538","time_insert":"2020-08-05 10:44","time_update":"2020-08-15 20:49"}
2021-07-17 00:14:23 查询号码 【1832551】，GSD为【"安徽-马鞍山"】

2021-07-17 00:14:23 开始第 26 次操作

2021-07-17 00:14:23 开始操作号码 【1832552】
2021-07-17 00:14:26 GSD getOne 第 1 次 等待 3 秒
2021-07-17 00:14:29 查询号码 【1832552】，返回信息 {"status":"bad","msg":""}
2021-07-17 00:14:29 查询号码 【1832552】，GSD为【""】
2021-07-17 00:14:29 bad
2021-07-17 00:14:31 CHB 1832552?1626452069 第 1 次 等待 3 秒
2021-07-17 00:14:34 CHB 1832552?1626452069 第 1 次 获取到号码【1832552】GSD
2021-07-17 00:14:35 获取到号码【1832552】的GSD为【安徽-马鞍山】
2021-07-17 00:14:51 GSD insert 第 1 次 等待 3 秒
2021-07-17 00:14:54 {"status":"ok","gid":298191,"msg":"添加成功！"}
2021-07-17 00:14:54 下次操作: 2021-07-17 00:15:07

2021-07-17 00:15:07 开始第 27 次操作

2021-07-17 00:15:07 开始操作号码 【1832553】
2021-07-17 00:15:16 GSD getOne 第 1 次 等待 3 秒
2021-07-17 00:15:19 查询号码 【1832553】，返回信息 {"status":"ok","msg":"安徽-马鞍山","gid":"37539","time_insert":"2020-08-05 10:44","time_update":"2020-08-08 09:21"}
2021-07-17 00:15:19 查询号码 【1832553】，GSD为【"安徽-马鞍山"】

2021-07-17 00:15:19 开始第 27 次操作

2021-07-17 00:15:19 开始操作号码 【1832554】
2021-07-17 00:15:22 GSD getOne 第 1 次 等待 3 秒
2021-07-17 00:15:25 查询号码 【1832554】，返回信息 {"status":"bad","msg":""}
2021-07-17 00:15:25 查询号码 【1832554】，GSD为【""】
2021-07-17 00:15:25 bad
2021-07-17 00:15:26 CHB 1832554?1626452125 第 1 次 等待 3 秒
2021-07-17 00:15:29 CHB 1832554?1626452125 第 1 次 获取到号码【1832554】GSD
2021-07-17 00:15:29 获取到号码【1832554】的GSD为【安徽-马鞍山】
2021-07-17 00:16:30 GSD insert 第 1 次 等待 3 秒
2021-07-17 00:16:33 {"status":"ok","gid":298203,"msg":"添加成功！"}
2021-07-17 00:16:33 下次操作: 2021-07-17 00:16:47

2021-07-17 00:16:47 开始第 28 次操作

2021-07-17 00:16:47 开始操作号码 【1832555】
2021-07-17 00:16:54 GSD getOne 第 1 次 等待 3 秒
2021-07-17 00:16:57 查询号码 【1832555】，返回信息 {"status":"bad","msg":""}
2021-07-17 00:16:57 查询号码 【1832555】，GSD为【""】
2021-07-17 00:16:57 bad
2021-07-17 00:16:59 CHB 1832555?1626452217 第 1 次 等待 3 秒
2021-07-17 00:17:02 CHB 1832555?1626452217 第 1 次 获取到号码【1832555】GSD
2021-07-17 00:17:02 获取到号码【1832555】的GSD为【安徽-马鞍山】
2021-07-17 00:17:24 GSD insert 第 1 次 等待 3 秒
2021-07-17 00:17:27 {"status":"ok","gid":298206,"msg":"添加成功！"}
2021-07-17 00:17:27 下次操作: 2021-07-17 00:17:46

2021-07-17 00:17:46 开始第 29 次操作

2021-07-17 00:17:46 开始操作号码 【1832556】
2021-07-17 00:17:49 GSD getOne 第 1 次 等待 3 秒
2021-07-17 00:17:52 查询号码 【1832556】，返回信息 {"status":"bad","msg":""}
2021-07-17 00:17:52 查询号码 【1832556】，GSD为【""】
2021-07-17 00:17:52 bad
2021-07-17 00:17:53 CHB 1832556?1626452272 第 1 次 等待 3 秒
2021-07-17 00:17:56 CHB 1832556?1626452272 第 1 次 获取到号码【1832556】GSD
2021-07-17 00:17:56 获取到号码【1832556】的GSD为【安徽-马鞍山】
2021-07-17 00:18:24 GSD insert 第 1 次 等待 3 秒
2021-07-17 00:18:27 {"status":"ok","gid":298219,"msg":"添加成功！"}
2021-07-17 00:18:27 下次操作: 2021-07-17 00:18:49

2021-07-17 00:18:49 开始第 30 次操作

2021-07-17 00:18:49 开始操作号码 【1832557】
2021-07-17 00:18:52 GSD getOne 第 1 次 等待 3 秒
2021-07-17 00:18:55 查询号码 【1832557】，返回信息 {"status":"ok","msg":"安徽-马鞍山","gid":"37540","time_insert":"2017-04-19 11:23","time_update":"2020-08-10 11:20"}
2021-07-17 00:18:55 查询号码 【1832557】，GSD为【"安徽-马鞍山"】

2021-07-17 00:18:55 开始第 30 次操作

2021-07-17 00:18:55 开始操作号码 【1832558】
2021-07-17 00:18:57 GSD getOne 第 1 次 等待 3 秒
2021-07-17 00:19:00 查询号码 【1832558】，返回信息 {"status":"bad","msg":""}
2021-07-17 00:19:01 查询号码 【1832558】，GSD为【""】
2021-07-17 00:19:01 bad
2021-07-17 00:19:02 CHB 1832558?1626452341 第 1 次 等待 3 秒
2021-07-17 00:19:05 CHB 1832558?1626452341 第 1 次 获取到号码【1832558】GSD
2021-07-17 00:19:05 获取到号码【1832558】的GSD为【安徽-马鞍山】
2021-07-17 00:19:08 GSD insert 第 1 次 等待 3 秒
2021-07-17 00:19:11 {"status":"ok","gid":298228,"msg":"添加成功！"}
2021-07-17 00:19:11 下次操作: 2021-07-17 00:19:23

2021-07-17 00:19:23 开始第 31 次操作

2021-07-17 00:19:23 开始操作号码 【1832559】
2021-07-17 00:19:28 GSD getOne 第 1 次 等待 3 秒
2021-07-17 00:19:31 查询号码 【1832559】，返回信息 {"status":"bad","msg":""}
2021-07-17 00:19:31 查询号码 【1832559】，GSD为【""】
2021-07-17 00:19:31 bad
2021-07-17 00:19:33 CHB 1832559?1626452371 第 1 次 等待 3 秒
2021-07-17 00:19:36 CHB 1832559?1626452371 第 1 次 获取到号码【1832559】GSD
2021-07-17 00:19:36 获取到号码【1832559】的GSD为【安徽-马鞍山】
2021-07-17 00:19:38 GSD insert 第 1 次 等待 3 秒
2021-07-17 00:19:41 {"status":"ok","gid":298232,"msg":"添加成功！"}
2021-07-17 00:19:41 下次操作: 2021-07-17 00:19:57

2021-07-17 00:19:57 开始第 32 次操作

2021-07-17 00:19:57 开始操作号码 【1832560】
2021-07-17 00:21:00 GSD getOne 第 1 次 等待 3 秒
2021-07-17 00:21:03 查询号码 【1832560】，返回信息 {"status":"bad","msg":""}
2021-07-17 00:21:03 查询号码 【1832560】，GSD为【""】
2021-07-17 00:21:03 bad
2021-07-17 00:21:09 CHB 1832560?1626452463 第 1 次 等待 3 秒
2021-07-17 00:21:12 CHB 1832560?1626452463 第 1 次 获取到号码【1832560】GSD
2021-07-17 00:21:12 获取到号码【1832560】的GSD为【安徽-安庆】
2021-07-17 00:21:15 GSD insert 第 1 次 等待 3 秒
2021-07-17 00:21:18 {"status":"ok","gid":298243,"msg":"添加成功！"}
2021-07-17 00:21:18 下次操作: 2021-07-17 00:21:31

2021-07-17 00:21:31 开始第 33 次操作

2021-07-17 00:21:31 开始操作号码 【1832561】
2021-07-17 00:22:50 GSD getOne 第 1 次 等待 3 秒
2021-07-17 00:22:53 查询号码 【1832561】，返回信息 {"status":"ok","msg":"安徽-安庆","gid":"37541","time_insert":"2020-08-05 10:45","time_update":"2020-08-15 20:53"}
2021-07-17 00:22:53 查询号码 【1832561】，GSD为【"安徽-安庆"】

2021-07-17 00:22:53 开始第 33 次操作

2021-07-17 00:22:53 开始操作号码 【1832562】
2021-07-17 00:22:56 GSD getOne 第 1 次 等待 3 秒
2021-07-17 00:22:59 查询号码 【1832562】，返回信息 {"status":"bad","msg":""}
2021-07-17 00:22:59 查询号码 【1832562】，GSD为【""】
2021-07-17 00:22:59 bad
2021-07-17 00:23:01 CHB 1832562?1626452579 第 1 次 等待 3 秒
2021-07-17 00:23:04 CHB 1832562?1626452579 第 1 次 获取到号码【1832562】GSD
2021-07-17 00:23:04 获取到号码【1832562】的GSD为【安徽-安庆】
2021-07-17 00:23:24 GSD insert 第 1 次 等待 3 秒
2021-07-17 00:23:27 {"status":"ok","gid":298254,"msg":"添加成功！"}
2021-07-17 00:23:27 下次操作: 2021-07-17 00:23:43

2021-07-17 00:23:43 开始第 34 次操作

2021-07-17 00:23:43 开始操作号码 【1832563】
2021-07-17 00:23:57 GSD getOne 第 1 次 等待 3 秒
2021-07-17 00:24:00 查询号码 【1832563】，返回信息 {"status":"ok","msg":"安徽-安庆","gid":"37542","time_insert":"2019-12-16 17:04","time_update":"2020-08-13 09:13"}
2021-07-17 00:24:00 查询号码 【1832563】，GSD为【"安徽-安庆"】

2021-07-17 00:24:00 开始第 34 次操作

2021-07-17 00:24:00 开始操作号码 【1832564】
2021-07-17 00:24:05 GSD getOne 第 1 次 等待 3 秒
2021-07-17 00:24:08 查询号码 【1832564】，返回信息 {"status":"bad","msg":""}
2021-07-17 00:24:08 查询号码 【1832564】，GSD为【""】
2021-07-17 00:24:08 bad
2021-07-17 00:24:11 CHB 1832564?1626452648 第 1 次 等待 3 秒
2021-07-17 00:24:14 CHB 1832564?1626452648 第 1 次 获取到号码【1832564】GSD
2021-07-17 00:24:14 获取到号码【1832564】的GSD为【安徽-安庆】
2021-07-17 00:24:16 GSD insert 第 1 次 等待 3 秒
2021-07-17 00:24:19 {"status":"ok","gid":298264,"msg":"添加成功！"}
2021-07-17 00:24:19 下次操作: 2021-07-17 00:24:42

2021-07-17 00:24:42 开始第 35 次操作

2021-07-17 00:24:42 开始操作号码 【1832565】
2021-07-17 00:24:45 GSD getOne 第 1 次 等待 3 秒
2021-07-17 00:24:48 查询号码 【1832565】，返回信息 {"status":"bad","msg":""}
2021-07-17 00:24:48 查询号码 【1832565】，GSD为【""】
2021-07-17 00:24:48 bad
2021-07-17 00:24:54 CHB 1832565?1626452688 第 1 次 等待 3 秒
2021-07-17 00:24:57 CHB 1832565?1626452688 第 1 次 获取到号码【1832565】GSD
2021-07-17 00:24:57 获取到号码【1832565】的GSD为【安徽-安庆】
2021-07-17 00:25:03 GSD insert 第 1 次 等待 3 秒
2021-07-17 00:25:06 {"status":"ok","gid":298274,"msg":"添加成功！"}
2021-07-17 00:25:06 下次操作: 2021-07-17 00:25:27

2021-07-17 00:25:27 开始第 36 次操作

2021-07-17 00:25:27 开始操作号码 【1832566】
2021-07-17 00:25:30 GSD getOne 第 1 次 等待 3 秒
2021-07-17 00:25:33 查询号码 【1832566】，返回信息 {"status":"bad","msg":""}
2021-07-17 00:25:33 查询号码 【1832566】，GSD为【""】
2021-07-17 00:25:33 bad
2021-07-17 00:25:34 CHB 1832566?1626452733 第 1 次 等待 3 秒
2021-07-17 00:25:37 CHB 1832566?1626452733 第 1 次 获取到号码【1832566】GSD
2021-07-17 00:25:37 获取到号码【1832566】的GSD为【安徽-安庆】
2021-07-17 00:25:44 GSD insert 第 1 次 等待 3 秒
2021-07-17 00:25:47 {"status":"ok","gid":298281,"msg":"添加成功！"}
2021-07-17 00:25:47 下次操作: 2021-07-17 00:26:04

2021-07-17 00:26:04 开始第 37 次操作

2021-07-17 00:26:04 开始操作号码 【1832567】
2021-07-17 00:26:08 GSD getOne 第 1 次 等待 3 秒
2021-07-17 00:26:11 查询号码 【1832567】，返回信息 {"status":"bad","msg":""}
2021-07-17 00:26:11 查询号码 【1832567】，GSD为【""】
2021-07-17 00:26:11 bad
2021-07-17 00:26:13 CHB 1832567?1626452771 第 1 次 等待 3 秒
2021-07-17 00:26:16 CHB 1832567?1626452771 第 1 次 获取到号码【1832567】GSD
2021-07-17 00:26:16 获取到号码【1832567】的GSD为【安徽-安庆】
2021-07-17 00:26:19 GSD insert 第 1 次 等待 3 秒
2021-07-17 00:26:22 {"status":"ok","gid":298286,"msg":"添加成功！"}
2021-07-17 00:26:22 下次操作: 2021-07-17 00:26:45

2021-07-17 00:26:45 开始第 38 次操作

2021-07-17 00:26:45 开始操作号码 【1832568】
2021-07-17 00:26:50 GSD getOne 第 1 次 等待 3 秒
2021-07-17 00:26:53 查询号码 【1832568】，返回信息 {"status":"bad","msg":""}
2021-07-17 00:26:53 查询号码 【1832568】，GSD为【""】
2021-07-17 00:26:53 bad
2021-07-17 00:26:55 CHB 1832568?1626452813 第 1 次 等待 3 秒
2021-07-17 00:26:58 CHB 1832568?1626452813 第 1 次 获取到号码【1832568】GSD
2021-07-17 00:26:59 获取到号码【1832568】的GSD为【安徽-安庆】
2021-07-17 00:27:04 GSD insert 第 1 次 等待 3 秒
2021-07-17 00:27:07 {"status":"ok","gid":298292,"msg":"添加成功！"}
2021-07-17 00:27:07 下次操作: 2021-07-17 00:27:29

2021-07-17 00:27:29 开始第 39 次操作

2021-07-17 00:27:29 开始操作号码 【1832569】
2021-07-17 00:27:39 GSD getOne 第 1 次 等待 3 秒
2021-07-17 00:27:42 查询号码 【1832569】，返回信息 {"status":"bad","msg":""}
2021-07-17 00:27:42 查询号码 【1832569】，GSD为【""】
2021-07-17 00:27:42 bad
2021-07-17 00:27:47 CHB 1832569?1626452862 第 1 次 等待 3 秒
2021-07-17 00:27:50 CHB 1832569?1626452862 第 1 次 获取到号码【1832569】GSD
2021-07-17 00:27:50 获取到号码【1832569】的GSD为【安徽-安庆】
2021-07-17 00:27:52 GSD insert 第 1 次 等待 3 秒
2021-07-17 00:27:55 {"status":"ok","gid":298297,"msg":"添加成功！"}
2021-07-17 00:27:55 下次操作: 2021-07-17 00:28:12

2021-07-17 00:28:12 开始第 40 次操作

2021-07-17 00:28:12 开始操作号码 【1832570】
2021-07-17 00:28:15 GSD getOne 第 1 次 等待 3 秒
2021-07-17 00:28:18 查询号码 【1832570】，返回信息 {"status":"bad","msg":""}
2021-07-17 00:28:18 查询号码 【1832570】，GSD为【""】
2021-07-17 00:28:18 bad
2021-07-17 00:28:23 CHB 1832570?1626452898 第 1 次 等待 3 秒
2021-07-17 00:28:26 CHB 1832570?1626452898 第 1 次 获取到号码【1832570】GSD
2021-07-17 00:28:26 获取到号码【1832570】的GSD为【安徽-宿州】
2021-07-17 00:28:29 GSD insert 第 1 次 等待 3 秒
2021-07-17 00:28:32 {"status":"ok","gid":298304,"msg":"添加成功！"}

2021-07-17 01:04:41 开始第 1 次操作

2021-07-17 01:04:41 开始操作号码 【1832571】
2021-07-17 01:04:44 GSD getOne 第 1 次 等待 3 秒
2021-07-17 01:04:47 查询号码 【1832571】，返回信息 {"status":"ok","msg":"安徽-宿州","gid":"37543","time_insert":"2017-04-19 11:23","time_update":"2020-08-10 12:01"}
2021-07-17 01:04:47 查询号码 【1832571】，GSD为【"安徽-宿州"】

2021-07-17 01:04:47 开始第 1 次操作

2021-07-17 01:04:47 开始操作号码 【1832572】
2021-07-17 01:05:08 GSD getOne 第 1 次 等待 3 秒
2021-07-17 01:05:11 查询号码 【1832572】，返回信息 {"status":"bad","msg":""}
2021-07-17 01:05:11 查询号码 【1832572】，GSD为【""】
2021-07-17 01:05:11 bad
2021-07-17 01:05:14 CHB 1832572?1626455111 第 1 次 等待 3 秒
2021-07-17 01:05:17 CHB 1832572?1626455111 第 1 次 获取到号码【1832572】GSD
2021-07-17 01:05:17 获取到号码【1832572】的GSD为【安徽-宿州】
2021-07-17 01:05:26 GSD insert 第 1 次 等待 3 秒
2021-07-17 01:05:29 {"status":"ok","gid":298406,"msg":"添加成功！"}
2021-07-17 01:05:29 下次操作: 2021-07-17 01:05:44

2021-07-17 01:05:44 开始第 2 次操作

2021-07-17 01:05:44 开始操作号码 【1832573】
2021-07-17 01:05:52 GSD getOne 第 1 次 等待 3 秒
2021-07-17 01:05:55 查询号码 【1832573】，返回信息 {"status":"bad","msg":""}
2021-07-17 01:05:55 查询号码 【1832573】，GSD为【""】
2021-07-17 01:05:55 bad
2021-07-17 01:05:56 CHB 1832573?1626455155 第 1 次 等待 3 秒
2021-07-17 01:05:59 CHB 1832573?1626455155 第 1 次 获取到号码【1832573】GSD
2021-07-17 01:05:59 获取到号码【1832573】的GSD为【安徽-宿州】
2021-07-17 01:06:03 GSD insert 第 1 次 等待 3 秒
2021-07-17 01:06:06 {"status":"ok","gid":298412,"msg":"添加成功！"}
2021-07-17 01:06:06 下次操作: 2021-07-17 01:06:22

2021-07-17 01:06:22 开始第 3 次操作

2021-07-17 01:06:22 开始操作号码 【1832574】
2021-07-17 01:06:34 GSD getOne 第 1 次 等待 3 秒
2021-07-17 01:06:37 查询号码 【1832574】，返回信息 {"status":"bad","msg":""}
2021-07-17 01:06:37 查询号码 【1832574】，GSD为【""】
2021-07-17 01:06:37 bad
2021-07-17 01:06:39 CHB 1832574?1626455197 第 1 次 等待 3 秒
2021-07-17 01:06:42 CHB 1832574?1626455197 第 1 次 获取到号码【1832574】GSD
2021-07-17 01:06:42 获取到号码【1832574】的GSD为【安徽-宿州】
2021-07-17 01:06:47 GSD insert 第 1 次 等待 3 秒
2021-07-17 01:06:50 {"status":"ok","gid":298420,"msg":"添加成功！"}
2021-07-17 01:06:50 下次操作: 2021-07-17 01:07:12

2021-07-17 01:07:12 开始第 4 次操作

2021-07-17 01:07:12 开始操作号码 【1832575】
2021-07-17 01:07:20 GSD getOne 第 1 次 等待 3 秒
2021-07-17 01:07:23 查询号码 【1832575】，返回信息 {"status":"bad","msg":""}
2021-07-17 01:07:23 查询号码 【1832575】，GSD为【""】
2021-07-17 01:07:23 bad
2021-07-17 01:07:25 CHB 1832575?1626455243 第 1 次 等待 3 秒
2021-07-17 01:07:28 CHB 1832575?1626455243 第 1 次 获取到号码【1832575】GSD
2021-07-17 01:07:28 获取到号码【1832575】的GSD为【安徽-宿州】
2021-07-17 01:07:31 GSD insert 第 1 次 等待 3 秒
2021-07-17 01:07:34 {"status":"ok","gid":298430,"msg":"添加成功！"}
2021-07-17 01:07:34 下次操作: 2021-07-17 01:07:56

2021-07-17 01:07:56 开始第 5 次操作

2021-07-17 01:07:56 开始操作号码 【1832576】
2021-07-17 01:07:59 GSD getOne 第 1 次 等待 3 秒
2021-07-17 01:08:02 查询号码 【1832576】，返回信息 {"status":"bad","msg":""}
2021-07-17 01:08:02 查询号码 【1832576】，GSD为【""】
2021-07-17 01:08:02 bad
2021-07-17 01:08:04 CHB 1832576?1626455282 第 1 次 等待 3 秒
2021-07-17 01:08:07 CHB 1832576?1626455282 第 1 次 获取到号码【1832576】GSD
2021-07-17 01:08:07 获取到号码【1832576】的GSD为【安徽-宿州】
2021-07-17 01:08:12 GSD insert 第 1 次 等待 3 秒
2021-07-17 01:08:15 {"status":"ok","gid":298436,"msg":"添加成功！"}
2021-07-17 01:08:15 下次操作: 2021-07-17 01:08:33

2021-07-17 01:08:33 开始第 6 次操作

2021-07-17 01:08:33 开始操作号码 【1832577】
2021-07-17 01:08:38 GSD getOne 第 1 次 等待 3 秒
2021-07-17 01:08:41 查询号码 【1832577】，返回信息 {"status":"bad","msg":""}
2021-07-17 01:08:42 查询号码 【1832577】，GSD为【""】
2021-07-17 01:08:42 bad
2021-07-17 01:08:47 CHB 1832577?1626455322 第 1 次 等待 3 秒
2021-07-17 01:08:50 CHB 1832577?1626455322 第 1 次 获取到号码【1832577】GSD
2021-07-17 01:08:50 获取到号码【1832577】的GSD为【安徽-宿州】
2021-07-17 01:08:54 GSD insert 第 1 次 等待 3 秒
2021-07-17 01:08:57 {"status":"ok","gid":298446,"msg":"添加成功！"}
2021-07-17 01:08:57 下次操作: 2021-07-17 01:09:10

2021-07-17 01:09:10 开始第 7 次操作

2021-07-17 01:09:10 开始操作号码 【1832578】
2021-07-17 01:09:14 GSD getOne 第 1 次 等待 3 秒
2021-07-17 01:09:17 查询号码 【1832578】，返回信息 {"status":"bad","msg":""}
2021-07-17 01:09:18 查询号码 【1832578】，GSD为【""】
2021-07-17 01:09:18 bad
2021-07-17 01:09:19 CHB 1832578?1626455358 第 1 次 等待 3 秒
2021-07-17 01:09:22 CHB 1832578?1626455358 第 1 次 获取到号码【1832578】GSD
2021-07-17 01:09:22 获取到号码【1832578】的GSD为【安徽-宿州】
2021-07-17 01:09:26 GSD insert 第 1 次 等待 3 秒
2021-07-17 01:09:29 {"status":"ok","gid":298453,"msg":"添加成功！"}
2021-07-17 01:09:29 下次操作: 2021-07-17 01:09:53

2021-07-17 01:09:53 开始第 8 次操作

2021-07-17 01:09:53 开始操作号码 【1832579】
2021-07-17 01:10:00 GSD getOne 第 1 次 等待 3 秒
2021-07-17 01:10:03 查询号码 【1832579】，返回信息 {"status":"bad","msg":""}
2021-07-17 01:10:03 查询号码 【1832579】，GSD为【""】
2021-07-17 01:10:03 bad
2021-07-17 01:10:09 CHB 1832579?1626455403 第 1 次 等待 3 秒
2021-07-17 01:10:12 CHB 1832579?1626455403 第 1 次 获取到号码【1832579】GSD
2021-07-17 01:10:12 获取到号码【1832579】的GSD为【安徽-宿州】
2021-07-17 01:10:16 GSD insert 第 1 次 等待 3 秒
2021-07-17 01:10:19 {"status":"ok","gid":298464,"msg":"添加成功！"}
2021-07-17 01:10:19 下次操作: 2021-07-17 01:10:35

2021-07-17 01:10:35 开始第 9 次操作

2021-07-17 01:10:35 开始操作号码 【1832580】
2021-07-17 01:10:39 GSD getOne 第 1 次 等待 3 秒
2021-07-17 01:10:42 查询号码 【1832580】，返回信息 {"status":"bad","msg":""}
2021-07-17 01:10:42 查询号码 【1832580】，GSD为【""】
2021-07-17 01:10:42 bad
2021-07-17 01:10:49 CHB 1832580?1626455442 第 1 次 等待 3 秒
2021-07-17 01:10:52 CHB 1832580?1626455442 第 1 次 获取到号码【1832580】GSD
2021-07-17 01:10:52 获取到号码【1832580】的GSD为【安徽-阜阳】
2021-07-17 01:11:26 GSD insert 第 1 次 等待 3 秒
2021-07-17 01:11:29 {"status":"ok","gid":298476,"msg":"添加成功！"}
2021-07-17 01:11:29 下次操作: 2021-07-17 01:11:45

2021-07-17 01:11:45 开始第 10 次操作

2021-07-17 01:11:45 开始操作号码 【1832581】
2021-07-17 01:11:51 GSD getOne 第 1 次 等待 3 秒
2021-07-17 01:11:54 查询号码 【1832581】，返回信息 {"status":"bad","msg":""}
2021-07-17 01:11:54 查询号码 【1832581】，GSD为【""】
2021-07-17 01:11:54 bad
2021-07-17 01:11:56 CHB 1832581?1626455514 第 1 次 等待 3 秒
2021-07-17 01:11:59 CHB 1832581?1626455514 第 1 次 获取到号码【1832581】GSD
2021-07-17 01:11:59 获取到号码【1832581】的GSD为【安徽-阜阳】
2021-07-17 01:12:02 GSD insert 第 1 次 等待 3 秒
2021-07-17 01:12:05 {"status":"ok","gid":298484,"msg":"添加成功！"}
2021-07-17 01:12:05 下次操作: 2021-07-17 01:12:23

2021-07-17 01:12:23 开始第 11 次操作

2021-07-17 01:12:23 开始操作号码 【1832582】
2021-07-17 01:12:28 GSD getOne 第 1 次 等待 3 秒
2021-07-17 01:12:31 查询号码 【1832582】，返回信息 {"status":"bad","msg":""}
2021-07-17 01:12:31 查询号码 【1832582】，GSD为【""】
2021-07-17 01:12:31 bad
2021-07-17 01:12:32 CHB 1832582?1626455551 第 1 次 等待 3 秒
2021-07-17 01:12:35 CHB 1832582?1626455551 第 1 次 获取到号码【1832582】GSD
2021-07-17 01:12:35 获取到号码【1832582】的GSD为【安徽-阜阳】
2021-07-17 01:12:39 GSD insert 第 1 次 等待 3 秒
2021-07-17 01:12:42 {"status":"ok","gid":298490,"msg":"添加成功！"}
2021-07-17 01:12:42 下次操作: 2021-07-17 01:13:00

2021-07-17 01:13:00 开始第 12 次操作

2021-07-17 01:13:00 开始操作号码 【1832583】
2021-07-17 01:13:02 GSD getOne 第 1 次 等待 3 秒
2021-07-17 01:13:05 查询号码 【1832583】，返回信息 {"status":"bad","msg":""}
2021-07-17 01:13:05 查询号码 【1832583】，GSD为【""】
2021-07-17 01:13:05 bad
2021-07-17 01:13:07 CHB 1832583?1626455585 第 1 次 等待 3 秒
2021-07-17 01:13:10 CHB 1832583?1626455585 第 1 次 获取到号码【1832583】GSD
2021-07-17 01:13:10 获取到号码【1832583】的GSD为【安徽-阜阳】
2021-07-17 01:13:14 GSD insert 第 1 次 等待 3 秒
2021-07-17 01:13:17 {"status":"ok","gid":298499,"msg":"添加成功！"}
2021-07-17 01:13:17 下次操作: 2021-07-17 01:13:33

2021-07-17 01:13:33 开始第 13 次操作

2021-07-17 01:13:33 开始操作号码 【1832584】
2021-07-17 01:13:36 GSD getOne 第 1 次 等待 3 秒
2021-07-17 01:13:39 查询号码 【1832584】，返回信息 {"status":"bad","msg":""}
2021-07-17 01:13:39 查询号码 【1832584】，GSD为【""】
2021-07-17 01:13:39 bad
2021-07-17 01:13:41 CHB 1832584?1626455619 第 1 次 等待 3 秒
2021-07-17 01:13:44 CHB 1832584?1626455619 第 1 次 获取到号码【1832584】GSD
2021-07-17 01:13:44 获取到号码【1832584】的GSD为【安徽-阜阳】
2021-07-17 01:13:47 GSD insert 第 1 次 等待 3 秒
2021-07-17 01:13:50 {"status":"ok","gid":298506,"msg":"添加成功！"}
2021-07-17 01:13:50 下次操作: 2021-07-17 01:14:10

2021-07-17 01:14:10 开始第 14 次操作

2021-07-17 01:14:10 开始操作号码 【1832585】
2021-07-17 01:14:35 GSD getOne 第 1 次 等待 3 秒
2021-07-17 01:14:38 查询号码 【1832585】，返回信息 {"status":"bad","msg":""}
2021-07-17 01:14:38 查询号码 【1832585】，GSD为【""】
2021-07-17 01:14:38 bad
2021-07-17 01:14:42 CHB 1832585?1626455678 第 1 次 等待 3 秒
2021-07-17 01:14:45 CHB 1832585?1626455678 第 1 次 获取到号码【1832585】GSD
2021-07-17 01:14:45 获取到号码【1832585】的GSD为【安徽-阜阳】
2021-07-17 01:14:50 GSD insert 第 1 次 等待 3 秒
2021-07-17 01:14:53 {"status":"ok","gid":298520,"msg":"添加成功！"}
2021-07-17 01:14:53 下次操作: 2021-07-17 01:15:06

2021-07-17 01:15:06 开始第 15 次操作

2021-07-17 01:15:06 开始操作号码 【1832586】
2021-07-17 01:15:12 GSD getOne 第 1 次 等待 3 秒
2021-07-17 01:15:15 查询号码 【1832586】，返回信息 {"status":"bad","msg":""}
2021-07-17 01:15:15 查询号码 【1832586】，GSD为【""】
2021-07-17 01:15:15 bad
2021-07-17 01:15:17 CHB 1832586?1626455715 第 1 次 等待 3 秒
2021-07-17 01:15:20 CHB 1832586?1626455715 第 1 次 获取到号码【1832586】GSD
2021-07-17 01:15:20 获取到号码【1832586】的GSD为【安徽-阜阳】
2021-07-17 01:15:25 GSD insert 第 1 次 等待 3 秒
2021-07-17 01:15:28 {"status":"ok","gid":298526,"msg":"添加成功！"}
2021-07-17 01:15:28 下次操作: 2021-07-17 01:15:49

2021-07-17 01:15:49 开始第 16 次操作

2021-07-17 01:15:49 开始操作号码 【1832587】
2021-07-17 01:16:07 GSD getOne 第 1 次 等待 3 秒
2021-07-17 01:16:10 查询号码 【1832587】，返回信息 {"status":"ok","msg":"安徽-阜阳","gid":"37544","time_insert":"2017-04-27 11:18","time_update":"2020-08-15 20:56"}
2021-07-17 01:16:10 查询号码 【1832587】，GSD为【"安徽-阜阳"】

2021-07-17 01:16:10 开始第 16 次操作

2021-07-17 01:16:10 开始操作号码 【1832588】
2021-07-17 01:16:13 GSD getOne 第 1 次 等待 3 秒
2021-07-17 01:16:16 查询号码 【1832588】，返回信息 {"status":"bad","msg":""}
2021-07-17 01:16:16 查询号码 【1832588】，GSD为【""】
2021-07-17 01:16:16 bad
2021-07-17 01:16:18 CHB 1832588?1626455776 第 1 次 等待 3 秒
2021-07-17 01:16:21 CHB 1832588?1626455776 第 1 次 获取到号码【1832588】GSD
2021-07-17 01:16:21 获取到号码【1832588】的GSD为【安徽-阜阳】
2021-07-17 01:16:28 GSD insert 第 1 次 等待 3 秒
2021-07-17 01:16:31 {"status":"ok","gid":298536,"msg":"添加成功！"}
2021-07-17 01:16:31 下次操作: 2021-07-17 01:16:48

2021-07-17 01:16:48 开始第 17 次操作

2021-07-17 01:16:48 开始操作号码 【1832589】
2021-07-17 01:17:14 GSD getOne 第 1 次 等待 3 秒
2021-07-17 01:17:17 查询号码 【1832589】，返回信息 {"status":"bad","msg":""}
2021-07-17 01:17:17 查询号码 【1832589】，GSD为【""】
2021-07-17 01:17:17 bad
2021-07-17 01:17:22 CHB 1832589?1626455837 第 1 次 等待 3 秒
2021-07-17 01:17:25 CHB 1832589?1626455837 第 1 次 获取到号码【1832589】GSD
2021-07-17 01:17:25 获取到号码【1832589】的GSD为【安徽-阜阳】
2021-07-17 01:17:29 GSD insert 第 1 次 等待 3 秒
2021-07-17 01:17:32 {"status":"ok","gid":298550,"msg":"添加成功！"}
2021-07-17 01:17:32 下次操作: 2021-07-17 01:17:45

2021-07-17 01:17:45 开始第 18 次操作

2021-07-17 01:17:45 开始操作号码 【1832590】
2021-07-17 01:17:49 GSD getOne 第 1 次 等待 3 秒
2021-07-17 01:17:52 查询号码 【1832590】，返回信息 {"status":"bad","msg":""}
2021-07-17 01:17:53 查询号码 【1832590】，GSD为【""】
2021-07-17 01:17:53 bad
2021-07-17 01:17:54 CHB 1832590?1626455873 第 1 次 等待 3 秒
2021-07-17 01:17:57 CHB 1832590?1626455873 第 1 次 获取到号码【1832590】GSD
2021-07-17 01:17:57 获取到号码【1832590】的GSD为【安徽-阜阳】
2021-07-17 01:18:03 GSD insert 第 1 次 等待 3 秒
2021-07-17 01:18:06 {"status":"ok","gid":298559,"msg":"添加成功！"}
2021-07-17 01:18:06 下次操作: 2021-07-17 01:18:25

2021-07-17 01:18:25 开始第 19 次操作

2021-07-17 01:18:25 开始操作号码 【1832591】
2021-07-17 01:18:30 GSD getOne 第 1 次 等待 3 秒
2021-07-17 01:18:33 查询号码 【1832591】，返回信息 {"status":"bad","msg":""}
2021-07-17 01:18:33 查询号码 【1832591】，GSD为【""】
2021-07-17 01:18:33 bad
2021-07-17 01:18:35 CHB 1832591?1626455913 第 1 次 等待 3 秒
2021-07-17 01:18:38 CHB 1832591?1626455913 第 1 次 获取到号码【1832591】GSD
2021-07-17 01:18:38 获取到号码【1832591】的GSD为【安徽-阜阳】
2021-07-17 01:18:47 GSD insert 第 1 次 等待 3 秒
2021-07-17 01:18:50 {"status":"ok","gid":298570,"msg":"添加成功！"}
2021-07-17 01:18:50 下次操作: 2021-07-17 01:19:07

2021-07-17 01:19:07 开始第 20 次操作

2021-07-17 01:19:07 开始操作号码 【1832592】
2021-07-17 01:19:10 GSD getOne 第 1 次 等待 3 秒
2021-07-17 01:19:13 查询号码 【1832592】，返回信息 {"status":"bad","msg":""}
2021-07-17 01:19:13 查询号码 【1832592】，GSD为【""】
2021-07-17 01:19:13 bad
2021-07-17 01:19:15 CHB 1832592?1626455953 第 1 次 等待 3 秒
2021-07-17 01:19:18 CHB 1832592?1626455953 第 1 次 获取到号码【1832592】GSD
2021-07-17 01:19:18 获取到号码【1832592】的GSD为【安徽-阜阳】
2021-07-17 01:19:25 GSD insert 第 1 次 等待 3 秒
2021-07-17 01:19:28 {"status":"ok","gid":298576,"msg":"添加成功！"}
2021-07-17 01:19:28 下次操作: 2021-07-17 01:19:48

2021-07-17 01:19:48 开始第 21 次操作

2021-07-17 01:19:48 开始操作号码 【1832593】
2021-07-17 01:19:51 GSD getOne 第 1 次 等待 3 秒
2021-07-17 01:19:54 查询号码 【1832593】，返回信息 {"status":"bad","msg":""}
2021-07-17 01:19:54 查询号码 【1832593】，GSD为【""】
2021-07-17 01:19:54 bad
2021-07-17 01:19:55 CHB 1832593?1626455994 第 1 次 等待 3 秒
2021-07-17 01:19:58 CHB 1832593?1626455994 第 1 次 获取到号码【1832593】GSD
2021-07-17 01:19:58 获取到号码【1832593】的GSD为【安徽-阜阳】
2021-07-17 01:20:04 GSD insert 第 1 次 等待 3 秒
2021-07-17 01:20:07 {"status":"ok","gid":298582,"msg":"添加成功！"}
2021-07-17 01:20:07 下次操作: 2021-07-17 01:20:22

2021-07-17 01:20:22 开始第 22 次操作

2021-07-17 01:20:22 开始操作号码 【1832594】
2021-07-17 01:20:25 GSD getOne 第 1 次 等待 3 秒
2021-07-17 01:20:28 查询号码 【1832594】，返回信息 {"status":"bad","msg":""}
2021-07-17 01:20:28 查询号码 【1832594】，GSD为【""】
2021-07-17 01:20:28 bad
2021-07-17 01:20:30 CHB 1832594?1626456028 第 1 次 等待 3 秒
2021-07-17 01:20:33 CHB 1832594?1626456028 第 1 次 获取到号码【1832594】GSD
2021-07-17 01:20:33 获取到号码【1832594】的GSD为【安徽-阜阳】
2021-07-17 01:20:37 GSD insert 第 1 次 等待 3 秒
2021-07-17 01:20:40 {"status":"ok","gid":298587,"msg":"添加成功！"}
2021-07-17 01:20:40 下次操作: 2021-07-17 01:20:58

2021-07-17 01:20:58 开始第 23 次操作

2021-07-17 01:20:58 开始操作号码 【1832595】
2021-07-17 01:21:01 GSD getOne 第 1 次 等待 3 秒
2021-07-17 01:21:04 查询号码 【1832595】，返回信息 {"status":"bad","msg":""}
2021-07-17 01:21:04 查询号码 【1832595】，GSD为【""】
2021-07-17 01:21:04 bad
2021-07-17 01:21:05 CHB 1832595?1626456064 第 1 次 等待 3 秒
2021-07-17 01:21:08 CHB 1832595?1626456064 第 1 次 获取到号码【1832595】GSD
2021-07-17 01:21:08 获取到号码【1832595】的GSD为【安徽-阜阳】
2021-07-17 01:21:17 GSD insert 第 1 次 等待 3 秒
2021-07-17 01:21:20 {"status":"ok","gid":298593,"msg":"添加成功！"}
2021-07-17 01:21:20 下次操作: 2021-07-17 01:21:40

2021-07-17 01:21:40 开始第 24 次操作

2021-07-17 01:21:40 开始操作号码 【1832596】
2021-07-17 01:21:50 GSD getOne 第 1 次 等待 3 秒
2021-07-17 01:21:53 查询号码 【1832596】，返回信息 {"status":"bad","msg":""}
2021-07-17 01:21:53 查询号码 【1832596】，GSD为【""】
2021-07-17 01:21:53 bad
2021-07-17 01:21:58 CHB 1832596?1626456113 第 1 次 等待 3 秒
2021-07-17 01:22:01 CHB 1832596?1626456113 第 1 次 获取到号码【1832596】GSD
2021-07-17 01:22:01 获取到号码【1832596】的GSD为【安徽-阜阳】
2021-07-17 01:22:08 GSD insert 第 1 次 等待 3 秒
2021-07-17 01:22:11 {"status":"ok","gid":298604,"msg":"添加成功！"}
2021-07-17 01:22:11 下次操作: 2021-07-17 01:22:25

2021-07-17 01:22:25 开始第 25 次操作

2021-07-17 01:22:25 开始操作号码 【1832597】
2021-07-17 01:22:29 GSD getOne 第 1 次 等待 3 秒
2021-07-17 01:22:32 查询号码 【1832597】，返回信息 {"status":"bad","msg":""}
2021-07-17 01:22:32 查询号码 【1832597】，GSD为【""】
2021-07-17 01:22:32 bad
2021-07-17 01:22:34 CHB 1832597?1626456152 第 1 次 等待 3 秒
2021-07-17 01:22:37 CHB 1832597?1626456152 第 1 次 获取到号码【1832597】GSD
2021-07-17 01:22:37 获取到号码【1832597】的GSD为【安徽-阜阳】
2021-07-17 01:22:39 GSD insert 第 1 次 等待 3 秒
2021-07-17 01:22:42 {"status":"ok","gid":298607,"msg":"添加成功！"}
2021-07-17 01:22:42 下次操作: 2021-07-17 01:23:00

2021-07-17 01:23:00 开始第 26 次操作

2021-07-17 01:23:00 开始操作号码 【1832598】
2021-07-17 01:23:07 GSD getOne 第 1 次 等待 3 秒
2021-07-17 01:23:10 查询号码 【1832598】，返回信息 {"status":"bad","msg":""}
2021-07-17 01:23:10 查询号码 【1832598】，GSD为【""】
2021-07-17 01:23:10 bad
2021-07-17 01:23:12 CHB 1832598?1626456190 第 1 次 等待 3 秒
2021-07-17 01:23:15 CHB 1832598?1626456190 第 1 次 获取到号码【1832598】GSD
2021-07-17 01:23:15 获取到号码【1832598】的GSD为【安徽-阜阳】
2021-07-17 01:23:24 GSD insert 第 1 次 等待 3 秒
2021-07-17 01:23:27 {"status":"ok","gid":298616,"msg":"添加成功！"}
2021-07-17 01:23:27 下次操作: 2021-07-17 01:23:50

2021-07-17 01:23:50 开始第 27 次操作

2021-07-17 01:23:50 开始操作号码 【1832599】
2021-07-17 01:23:54 GSD getOne 第 1 次 等待 3 秒
2021-07-17 01:23:57 查询号码 【1832599】，返回信息 {"status":"bad","msg":""}
2021-07-17 01:23:57 查询号码 【1832599】，GSD为【""】
2021-07-17 01:23:57 bad
2021-07-17 01:23:58 CHB 1832599?1626456237 第 1 次 等待 3 秒
2021-07-17 01:24:01 CHB 1832599?1626456237 第 1 次 获取到号码【1832599】GSD
2021-07-17 01:24:01 获取到号码【1832599】的GSD为【安徽-阜阳】
2021-07-17 01:24:05 GSD insert 第 1 次 等待 3 秒
2021-07-17 01:24:09 {"status":"ok","gid":298625,"msg":"添加成功！"}
2021-07-17 01:24:09 下次操作: 2021-07-17 01:24:32

2021-07-17 01:24:32 开始第 28 次操作

2021-07-17 01:24:32 开始操作号码 【1832600】
2021-07-17 01:24:35 GSD getOne 第 1 次 等待 3 秒
2021-07-17 01:24:38 查询号码 【1832600】，返回信息 {"status":"bad","msg":""}
2021-07-17 01:24:38 查询号码 【1832600】，GSD为【""】
2021-07-17 01:24:38 bad
2021-07-17 01:24:43 CHB 1832600?1626456278 第 1 次 等待 3 秒
2021-07-17 01:24:46 CHB 1832600?1626456278 第 1 次 获取到号码【1832600】GSD
2021-07-17 01:24:46 获取到号码【1832600】的GSD为【安徽-合肥】
2021-07-17 01:24:49 GSD insert 第 1 次 等待 3 秒
2021-07-17 01:24:52 {"status":"ok","gid":298633,"msg":"添加成功！"}
2021-07-17 01:24:52 下次操作: 2021-07-17 01:25:12

2021-07-17 01:25:12 开始第 29 次操作

2021-07-17 01:25:12 开始操作号码 【1832601】
2021-07-17 01:25:15 GSD getOne 第 1 次 等待 3 秒
2021-07-17 01:25:18 查询号码 【1832601】，返回信息 {"status":"bad","msg":""}
2021-07-17 01:25:18 查询号码 【1832601】，GSD为【""】
2021-07-17 01:25:18 bad
2021-07-17 01:25:23 CHB 1832601?1626456318 第 1 次 等待 3 秒
2021-07-17 01:25:26 CHB 1832601?1626456318 第 1 次 获取到号码【1832601】GSD
2021-07-17 01:25:26 获取到号码【1832601】的GSD为【安徽-合肥】
2021-07-17 01:25:29 GSD insert 第 1 次 等待 3 秒
2021-07-17 01:25:32 {"status":"ok","gid":298639,"msg":"添加成功！"}
2021-07-17 01:25:32 下次操作: 2021-07-17 01:25:54

2021-07-17 01:25:54 开始第 30 次操作

2021-07-17 01:25:54 开始操作号码 【1832602】
2021-07-17 01:26:20 GSD getOne 第 1 次 等待 3 秒
2021-07-17 01:26:23 查询号码 【1832602】，返回信息 {"status":"ok","msg":"安徽-合肥","gid":"37545","time_insert":"2019-08-10 14:57","time_update":"2020-08-15 20:59"}
2021-07-17 01:26:23 查询号码 【1832602】，GSD为【"安徽-合肥"】

2021-07-17 01:26:23 开始第 30 次操作

2021-07-17 01:26:23 开始操作号码 【1832603】
2021-07-17 01:27:29 GSD getOne 第 1 次 等待 3 秒
2021-07-17 01:27:32 查询号码 【1832603】，返回信息 {"status":"bad","msg":""}
2021-07-17 01:27:32 查询号码 【1832603】，GSD为【""】
2021-07-17 01:27:32 bad
2021-07-17 01:27:34 CHB 1832603?1626456452 第 1 次 等待 3 秒
2021-07-17 01:27:37 CHB 1832603?1626456452 第 1 次 获取到号码【1832603】GSD
2021-07-17 01:27:37 获取到号码【1832603】的GSD为【安徽-合肥】
2021-07-17 01:27:44 GSD insert 第 1 次 等待 3 秒
2021-07-17 01:27:47 {"status":"ok","gid":298658,"msg":"添加成功！"}
2021-07-17 01:27:47 下次操作: 2021-07-17 01:28:07

2021-07-17 01:28:07 开始第 31 次操作

2021-07-17 01:28:07 开始操作号码 【1832604】
2021-07-17 01:28:10 GSD getOne 第 1 次 等待 3 秒
2021-07-17 01:28:13 查询号码 【1832604】，返回信息 {"status":"bad","msg":""}
2021-07-17 01:28:13 查询号码 【1832604】，GSD为【""】
2021-07-17 01:28:13 bad
2021-07-17 01:28:15 CHB 1832604?1626456493 第 1 次 等待 3 秒
2021-07-17 01:28:18 CHB 1832604?1626456493 第 1 次 获取到号码【1832604】GSD
2021-07-17 01:28:18 获取到号码【1832604】的GSD为【安徽-合肥】
2021-07-17 01:28:21 GSD insert 第 1 次 等待 3 秒
2021-07-17 01:28:24 {"status":"ok","gid":298662,"msg":"添加成功！"}
2021-07-17 01:28:24 下次操作: 2021-07-17 01:28:47

2021-07-17 01:28:47 开始第 32 次操作

2021-07-17 01:28:47 开始操作号码 【1832605】
2021-07-17 01:28:55 GSD getOne 第 1 次 等待 3 秒
2021-07-17 01:28:58 查询号码 【1832605】，返回信息 {"status":"bad","msg":""}
2021-07-17 01:28:58 查询号码 【1832605】，GSD为【""】
2021-07-17 01:28:58 bad
2021-07-17 01:28:59 CHB 1832605?1626456538 第 1 次 等待 3 秒
2021-07-17 01:29:02 CHB 1832605?1626456538 第 1 次 获取到号码【1832605】GSD
2021-07-17 01:29:02 获取到号码【1832605】的GSD为【安徽-合肥】
2021-07-17 01:29:08 GSD insert 第 1 次 等待 3 秒
2021-07-17 01:29:11 {"status":"ok","gid":298673,"msg":"添加成功！"}
2021-07-17 01:29:11 下次操作: 2021-07-17 01:29:28

2021-07-17 01:29:28 开始第 33 次操作

2021-07-17 01:29:28 开始操作号码 【1832606】
2021-07-17 01:29:38 GSD getOne 第 1 次 等待 3 秒
2021-07-17 01:29:41 查询号码 【1832606】，返回信息 {"status":"bad","msg":""}
2021-07-17 01:29:41 查询号码 【1832606】，GSD为【""】
2021-07-17 01:29:41 bad
2021-07-17 01:29:43 CHB 1832606?1626456581 第 1 次 等待 3 秒
2021-07-17 01:29:46 CHB 1832606?1626456581 第 1 次 获取到号码【1832606】GSD
2021-07-17 01:29:46 获取到号码【1832606】的GSD为【安徽-合肥】
2021-07-17 01:29:50 GSD insert 第 1 次 等待 3 秒
2021-07-17 01:29:53 {"status":"ok","gid":298681,"msg":"添加成功！"}
2021-07-17 01:29:53 下次操作: 2021-07-17 01:30:05

2021-07-17 01:30:05 开始第 34 次操作

2021-07-17 01:30:05 开始操作号码 【1832607】
2021-07-17 01:30:09 GSD getOne 第 1 次 等待 3 秒
2021-07-17 01:30:12 查询号码 【1832607】，返回信息 {"status":"bad","msg":""}
2021-07-17 01:30:12 查询号码 【1832607】，GSD为【""】
2021-07-17 01:30:12 bad
2021-07-17 01:30:13 CHB 1832607?1626456612 第 1 次 等待 3 秒
2021-07-17 01:30:16 CHB 1832607?1626456612 第 1 次 获取到号码【1832607】GSD
2021-07-17 01:30:16 获取到号码【1832607】的GSD为【安徽-合肥】
2021-07-17 01:30:19 GSD insert 第 1 次 等待 3 秒
2021-07-17 01:30:22 {"status":"ok","gid":298686,"msg":"添加成功！"}
2021-07-17 01:30:22 下次操作: 2021-07-17 01:30:37

2021-07-17 01:30:37 开始第 35 次操作

2021-07-17 01:30:37 开始操作号码 【1832608】
2021-07-17 01:30:43 GSD getOne 第 1 次 等待 3 秒
2021-07-17 01:30:46 查询号码 【1832608】，返回信息 {"status":"bad","msg":""}
2021-07-17 01:30:46 查询号码 【1832608】，GSD为【""】
2021-07-17 01:30:46 bad
2021-07-17 01:30:47 CHB 1832608?1626456646 第 1 次 等待 3 秒
2021-07-17 01:30:50 CHB 1832608?1626456646 第 1 次 获取到号码【1832608】GSD
2021-07-17 01:30:51 获取到号码【1832608】的GSD为【安徽-合肥】
2021-07-17 01:30:54 GSD insert 第 1 次 等待 3 秒
2021-07-17 01:30:57 {"status":"ok","gid":298692,"msg":"添加成功！"}
2021-07-17 01:30:57 下次操作: 2021-07-17 01:31:16

2021-07-17 01:31:16 开始第 36 次操作

2021-07-17 01:31:16 开始操作号码 【1832609】
2021-07-17 01:31:22 GSD getOne 第 1 次 等待 3 秒
2021-07-17 01:31:25 查询号码 【1832609】，返回信息 {"status":"bad","msg":""}
2021-07-17 01:31:25 查询号码 【1832609】，GSD为【""】
2021-07-17 01:31:25 bad
2021-07-17 01:31:26 CHB 1832609?1626456685 第 1 次 等待 3 秒
2021-07-17 01:31:29 CHB 1832609?1626456685 第 1 次 获取到号码【1832609】GSD
2021-07-17 01:31:29 获取到号码【1832609】的GSD为【安徽-合肥】
2021-07-17 01:31:35 GSD insert 第 1 次 等待 3 秒
2021-07-17 01:31:38 {"status":"ok","gid":298698,"msg":"添加成功！"}
2021-07-17 01:31:38 下次操作: 2021-07-17 01:31:52

2021-07-17 01:31:52 开始第 37 次操作

2021-07-17 01:31:52 开始操作号码 【1832610】
2021-07-17 01:32:01 GSD getOne 第 1 次 等待 3 秒
2021-07-17 01:32:04 查询号码 【1832610】，返回信息 {"status":"bad","msg":""}
2021-07-17 01:32:04 查询号码 【1832610】，GSD为【""】
2021-07-17 01:32:04 bad
2021-07-17 01:32:05 CHB 1832610?1626456724 第 1 次 等待 3 秒
2021-07-17 01:32:08 CHB 1832610?1626456724 第 1 次 获取到号码【1832610】GSD
2021-07-17 01:32:08 获取到号码【1832610】的GSD为【安徽-合肥】
2021-07-17 01:32:14 GSD insert 第 1 次 等待 3 秒
2021-07-17 01:32:17 {"status":"ok","gid":298704,"msg":"添加成功！"}
2021-07-17 01:32:17 下次操作: 2021-07-17 01:32:36

2021-07-17 01:32:36 开始第 38 次操作

2021-07-17 01:32:36 开始操作号码 【1832611】
2021-07-17 01:32:43 GSD getOne 第 1 次 等待 3 秒
2021-07-17 01:32:46 查询号码 【1832611】，返回信息 {"status":"bad","msg":""}
2021-07-17 01:32:46 查询号码 【1832611】，GSD为【""】
2021-07-17 01:32:46 bad
2021-07-17 01:32:47 CHB 1832611?1626456766 第 1 次 等待 3 秒
2021-07-17 01:32:50 CHB 1832611?1626456766 第 1 次 获取到号码【1832611】GSD
2021-07-17 01:32:50 获取到号码【1832611】的GSD为【安徽-合肥】
2021-07-17 01:32:56 GSD insert 第 1 次 等待 3 秒
2021-07-17 01:32:59 {"status":"ok","gid":298712,"msg":"添加成功！"}
2021-07-17 01:32:59 下次操作: 2021-07-17 01:33:23

2021-07-17 01:33:23 开始第 39 次操作

2021-07-17 01:33:23 开始操作号码 【1832612】
2021-07-17 01:34:10 GSD getOne 第 1 次 等待 3 秒
2021-07-17 01:34:13 查询号码 【1832612】，返回信息 {"status":"bad","msg":""}
2021-07-17 01:34:13 查询号码 【1832612】，GSD为【""】
2021-07-17 01:34:13 bad
2021-07-17 01:34:15 CHB 1832612?1626456853 第 1 次 等待 3 秒
2021-07-17 01:34:18 CHB 1832612?1626456853 第 1 次 获取到号码【1832612】GSD
2021-07-17 01:34:18 获取到号码【1832612】的GSD为【安徽-合肥】
2021-07-17 01:34:20 GSD insert 第 1 次 等待 3 秒
2021-07-17 01:34:23 {"status":"ok","gid":298719,"msg":"添加成功！"}
2021-07-17 01:34:23 下次操作: 2021-07-17 01:34:37

2021-07-17 01:34:37 开始第 40 次操作

2021-07-17 01:34:37 开始操作号码 【1832613】
2021-07-17 01:34:42 GSD getOne 第 1 次 等待 3 秒
2021-07-17 01:34:45 查询号码 【1832613】，返回信息 {"status":"bad","msg":""}
2021-07-17 01:34:45 查询号码 【1832613】，GSD为【""】
2021-07-17 01:34:45 bad
2021-07-17 01:34:46 CHB 1832613?1626456885 第 1 次 等待 3 秒
2021-07-17 01:34:49 CHB 1832613?1626456885 第 1 次 获取到号码【1832613】GSD
2021-07-17 01:34:49 获取到号码【1832613】的GSD为【安徽-合肥】
2021-07-17 01:34:59 GSD insert 第 1 次 等待 3 秒
2021-07-17 01:35:02 {"status":"ok","gid":298724,"msg":"添加成功！"}

