2021-07-19 00:00:22 开始第 14 次操作

2021-07-19 00:00:22 开始操作号码 【1834709】
2021-07-19 00:00:24 GSD getOne 第 1 次 等待 3 秒
2021-07-19 00:00:27 查询号码 【1834709】，返回信息 {"status":"bad","msg":""}
2021-07-19 00:00:28 查询号码 【1834709】，GSD为【""】
2021-07-19 00:00:28 bad
2021-07-19 00:00:29 CHB 1834709?1626624028 第 1 次 等待 3 秒
2021-07-19 00:00:32 CHB 1834709?1626624028 第 1 次 获取到号码【1834709】GSD
2021-07-19 00:00:32 获取到号码【1834709】的GSD为【内蒙古-海拉尔】
2021-07-19 00:00:51 GSD insert 第 1 次 等待 3 秒
2021-07-19 00:00:54 {"status":"ok","gid":320470,"msg":"添加成功！"}
2021-07-19 00:00:54 下次操作: 2021-07-19 00:01:07

2021-07-19 00:01:07 开始第 15 次操作

2021-07-19 00:01:07 开始操作号码 【1834710】
2021-07-19 00:01:17 GSD getOne 第 1 次 等待 3 秒
2021-07-19 00:01:20 查询号码 【1834710】，返回信息 {"status":"bad","msg":""}
2021-07-19 00:01:20 查询号码 【1834710】，GSD为【""】
2021-07-19 00:01:20 bad
2021-07-19 00:01:26 CHB 1834710?1626624080 第 1 次 等待 3 秒
2021-07-19 00:01:29 CHB 1834710?1626624080 第 1 次 获取到号码【1834710】GSD
2021-07-19 00:01:29 获取到号码【1834710】的GSD为【内蒙古-呼和浩特】
2021-07-19 00:01:45 GSD insert 第 1 次 等待 3 秒
2021-07-19 00:01:48 {"status":"ok","gid":320480,"msg":"添加成功！"}
2021-07-19 00:01:48 下次操作: 2021-07-19 00:02:12

2021-07-19 00:02:12 开始第 16 次操作

2021-07-19 00:02:12 开始操作号码 【1834711】
2021-07-19 00:02:14 GSD getOne 第 1 次 等待 3 秒
2021-07-19 00:02:17 查询号码 【1834711】，返回信息 {"status":"bad","msg":""}
2021-07-19 00:02:17 查询号码 【1834711】，GSD为【""】
2021-07-19 00:02:17 bad
2021-07-19 00:02:19 CHB 1834711?1626624137 第 1 次 等待 3 秒
2021-07-19 00:02:22 CHB 1834711?1626624137 第 1 次 获取到号码【1834711】GSD
2021-07-19 00:02:22 获取到号码【1834711】的GSD为【内蒙古-呼和浩特】
2021-07-19 00:02:49 GSD insert 第 1 次 等待 3 秒
2021-07-19 00:02:52 {"status":"ok","gid":320493,"msg":"添加成功！"}
2021-07-19 00:02:52 下次操作: 2021-07-19 00:03:15

2021-07-19 00:03:15 开始第 17 次操作

2021-07-19 00:03:15 开始操作号码 【1834712】
2021-07-19 00:03:18 GSD getOne 第 1 次 等待 3 秒
2021-07-19 00:03:21 查询号码 【1834712】，返回信息 {"status":"bad","msg":""}
2021-07-19 00:03:21 查询号码 【1834712】，GSD为【""】
2021-07-19 00:03:21 bad
2021-07-19 00:03:23 CHB 1834712?1626624201 第 1 次 等待 3 秒
2021-07-19 00:03:26 CHB 1834712?1626624201 第 1 次 获取到号码【1834712】GSD
2021-07-19 00:03:26 获取到号码【1834712】的GSD为【内蒙古-呼和浩特】
2021-07-19 00:03:44 GSD insert 第 1 次 等待 3 秒
2021-07-19 00:03:47 {"status":"ok","gid":320502,"msg":"添加成功！"}
2021-07-19 00:03:47 下次操作: 2021-07-19 00:04:10

2021-07-19 00:04:10 开始第 18 次操作

2021-07-19 00:04:10 开始操作号码 【1834713】
2021-07-19 00:04:44 GSD getOne 第 1 次 等待 3 秒
2021-07-19 00:04:47 查询号码 【1834713】，返回信息 {"status":"bad","msg":""}
2021-07-19 00:04:47 查询号码 【1834713】，GSD为【""】
2021-07-19 00:04:47 bad
2021-07-19 00:04:49 CHB 1834713?1626624287 第 1 次 等待 3 秒
2021-07-19 00:04:52 CHB 1834713?1626624287 第 1 次 获取到号码【1834713】GSD
2021-07-19 00:04:52 获取到号码【1834713】的GSD为【内蒙古-呼和浩特】
2021-07-19 00:05:31 GSD insert 第 1 次 等待 3 秒
2021-07-19 00:05:34 {"status":"ok","gid":320520,"msg":"添加成功！"}
2021-07-19 00:05:34 下次操作: 2021-07-19 00:05:51

2021-07-19 00:05:51 开始第 19 次操作

2021-07-19 00:05:51 开始操作号码 【1834714】
2021-07-19 00:06:44 GSD getOne 第 1 次 等待 3 秒
2021-07-19 00:06:47 查询号码 【1834714】，返回信息 {"status":"bad","msg":""}
2021-07-19 00:06:47 查询号码 【1834714】，GSD为【""】
2021-07-19 00:06:47 bad
2021-07-19 00:06:50 CHB 1834714?1626624407 第 1 次 等待 3 秒
2021-07-19 00:06:53 CHB 1834714?1626624407 第 1 次 获取到号码【1834714】GSD
2021-07-19 00:06:53 获取到号码【1834714】的GSD为【内蒙古-呼和浩特】
2021-07-19 00:07:11 GSD insert 第 1 次 等待 3 秒
2021-07-19 00:07:14 {"status":"ok","gid":320535,"msg":"添加成功！"}
2021-07-19 00:07:14 下次操作: 2021-07-19 00:07:35

2021-07-19 00:07:35 开始第 20 次操作

2021-07-19 00:07:35 开始操作号码 【1834715】
2021-07-19 00:07:40 GSD getOne 第 1 次 等待 3 秒
2021-07-19 00:07:43 查询号码 【1834715】，返回信息 {"status":"bad","msg":""}
2021-07-19 00:07:43 查询号码 【1834715】，GSD为【""】
2021-07-19 00:07:43 bad
2021-07-19 00:07:45 CHB 1834715?1626624463 第 1 次 等待 3 秒
2021-07-19 00:07:48 CHB 1834715?1626624463 第 1 次 获取到号码【1834715】GSD
2021-07-19 00:07:48 获取到号码【1834715】的GSD为【内蒙古-呼和浩特】
2021-07-19 00:08:20 GSD insert 第 1 次 等待 3 秒
2021-07-19 00:08:23 {"status":"ok","gid":320547,"msg":"添加成功！"}
2021-07-19 00:08:23 下次操作: 2021-07-19 00:08:42

2021-07-19 00:08:42 开始第 21 次操作

2021-07-19 00:08:42 开始操作号码 【1834716】
2021-07-19 00:08:45 GSD getOne 第 1 次 等待 3 秒
2021-07-19 00:08:48 查询号码 【1834716】，返回信息 {"status":"bad","msg":""}
2021-07-19 00:08:48 查询号码 【1834716】，GSD为【""】
2021-07-19 00:08:48 bad
2021-07-19 00:08:50 CHB 1834716?1626624528 第 1 次 等待 3 秒
2021-07-19 00:08:53 CHB 1834716?1626624528 第 1 次 获取到号码【1834716】GSD
2021-07-19 00:08:53 获取到号码【1834716】的GSD为【内蒙古-呼和浩特】
2021-07-19 00:09:35 GSD insert 第 1 次 等待 3 秒
2021-07-19 00:09:38 {"status":"ok","gid":320562,"msg":"添加成功！"}
2021-07-19 00:09:38 下次操作: 2021-07-19 00:09:53

2021-07-19 00:09:53 开始第 22 次操作

2021-07-19 00:09:53 开始操作号码 【1834717】
2021-07-19 00:10:01 GSD getOne 第 1 次 等待 3 秒
2021-07-19 00:10:04 查询号码 【1834717】，返回信息 {"status":"bad","msg":""}
2021-07-19 00:10:04 查询号码 【1834717】，GSD为【""】
2021-07-19 00:10:04 bad
2021-07-19 00:10:06 CHB 1834717?1626624604 第 1 次 等待 3 秒
2021-07-19 00:10:09 CHB 1834717?1626624604 第 1 次 获取到号码【1834717】GSD
2021-07-19 00:10:09 获取到号码【1834717】的GSD为【内蒙古-呼和浩特】
2021-07-19 00:10:46 GSD insert 第 1 次 等待 3 秒
2021-07-19 00:10:49 {"status":"ok","gid":320579,"msg":"添加成功！"}
2021-07-19 00:10:49 下次操作: 2021-07-19 00:11:06

2021-07-19 00:11:06 开始第 23 次操作

2021-07-19 00:11:06 开始操作号码 【1834718】
2021-07-19 00:11:35 GSD getOne 第 1 次 等待 3 秒
2021-07-19 00:11:38 查询号码 【1834718】，返回信息 {"status":"bad","msg":""}
2021-07-19 00:11:38 查询号码 【1834718】，GSD为【""】
2021-07-19 00:11:38 bad
2021-07-19 00:11:40 CHB 1834718?1626624698 第 1 次 等待 3 秒
2021-07-19 00:11:43 CHB 1834718?1626624698 第 1 次 获取到号码【1834718】GSD
2021-07-19 00:11:43 获取到号码【1834718】的GSD为【内蒙古-呼和浩特】
2021-07-19 00:12:03 GSD insert 第 1 次 等待 3 秒
2021-07-19 00:12:06 {"status":"ok","gid":320590,"msg":"添加成功！"}
2021-07-19 00:12:06 下次操作: 2021-07-19 00:12:25

2021-07-19 00:12:25 开始第 24 次操作

2021-07-19 00:12:25 开始操作号码 【1834719】
2021-07-19 00:14:35 GSD getOne 第 1 次 等待 3 秒
2021-07-19 00:14:46 GSD getOne 第 2 次 等待 3 秒
2021-07-19 00:14:49 查询号码 【1834719】，返回信息 {"status":"bad","msg":""}
2021-07-19 00:14:49 查询号码 【1834719】，GSD为【""】
2021-07-19 00:14:49 bad
2021-07-19 00:14:50 CHB 1834719?1626624889 第 1 次 等待 3 秒
2021-07-19 00:14:54 CHB 1834719?1626624889 第 1 次 获取到号码【1834719】GSD
2021-07-19 00:14:54 获取到号码【1834719】的GSD为【内蒙古-呼和浩特】
2021-07-19 00:15:15 GSD insert 第 1 次 等待 3 秒
2021-07-19 00:15:18 {"status":"ok","gid":320621,"msg":"添加成功！"}
2021-07-19 00:15:18 下次操作: 2021-07-19 00:15:39

2021-07-19 00:15:39 开始第 25 次操作

2021-07-19 00:15:39 开始操作号码 【1834720】
2021-07-19 00:15:42 GSD getOne 第 1 次 等待 3 秒
2021-07-19 00:15:45 查询号码 【1834720】，返回信息 {"status":"ok","msg":"内蒙古-包头","gid":"37798","time_insert":"2020-08-05 10:50","time_update":"2020-12-16 20:59"}
2021-07-19 00:15:45 查询号码 【1834720】，GSD为【"内蒙古-包头"】

2021-07-19 00:15:45 开始第 25 次操作

2021-07-19 00:15:45 开始操作号码 【1834721】
2021-07-19 00:16:04 GSD getOne 第 1 次 等待 3 秒
2021-07-19 00:16:07 查询号码 【1834721】，返回信息 {"status":"bad","msg":""}
2021-07-19 00:16:07 查询号码 【1834721】，GSD为【""】
2021-07-19 00:16:07 bad
2021-07-19 00:16:09 CHB 1834721?1626624967 第 1 次 等待 3 秒
2021-07-19 00:16:12 CHB 1834721?1626624967 第 1 次 获取到号码【1834721】GSD
2021-07-19 00:16:12 获取到号码【1834721】的GSD为【内蒙古-包头】
2021-07-19 00:16:33 GSD insert 第 1 次 等待 3 秒
2021-07-19 00:16:36 {"status":"ok","gid":320632,"msg":"添加成功！"}
2021-07-19 00:16:36 下次操作: 2021-07-19 00:16:58

2021-07-19 00:16:58 开始第 26 次操作

2021-07-19 00:16:58 开始操作号码 【1834722】
2021-07-19 00:17:01 GSD getOne 第 1 次 等待 3 秒
2021-07-19 00:17:04 查询号码 【1834722】，返回信息 {"status":"bad","msg":""}
2021-07-19 00:17:04 查询号码 【1834722】，GSD为【""】
2021-07-19 00:17:04 bad
2021-07-19 00:17:06 CHB 1834722?1626625024 第 1 次 等待 3 秒
2021-07-19 00:17:09 CHB 1834722?1626625024 第 1 次 获取到号码【1834722】GSD
2021-07-19 00:17:09 获取到号码【1834722】的GSD为【内蒙古-包头】
2021-07-19 00:17:28 GSD insert 第 1 次 等待 3 秒
2021-07-19 00:17:31 {"status":"ok","gid":320640,"msg":"添加成功！"}
2021-07-19 00:17:31 下次操作: 2021-07-19 00:17:45

2021-07-19 00:17:45 开始第 27 次操作

2021-07-19 00:17:45 开始操作号码 【1834723】
2021-07-19 00:18:16 GSD getOne 第 1 次 等待 3 秒
2021-07-19 00:18:19 查询号码 【1834723】，返回信息 {"status":"bad","msg":""}
2021-07-19 00:18:19 查询号码 【1834723】，GSD为【""】
2021-07-19 00:18:19 bad
2021-07-19 00:18:21 CHB 1834723?1626625099 第 1 次 等待 3 秒
2021-07-19 00:18:24 CHB 1834723?1626625099 第 1 次 获取到号码【1834723】GSD
2021-07-19 00:18:24 获取到号码【1834723】的GSD为【内蒙古-包头】
2021-07-19 00:18:47 GSD insert 第 1 次 等待 3 秒
2021-07-19 00:18:50 {"status":"ok","gid":320652,"msg":"添加成功！"}
2021-07-19 00:18:50 下次操作: 2021-07-19 00:19:04

2021-07-19 00:19:04 开始第 28 次操作

2021-07-19 00:19:04 开始操作号码 【1834724】
2021-07-19 00:19:15 GSD getOne 第 1 次 等待 3 秒
2021-07-19 00:19:18 查询号码 【1834724】，返回信息 {"status":"bad","msg":""}
2021-07-19 00:19:19 查询号码 【1834724】，GSD为【""】
2021-07-19 00:19:19 bad
2021-07-19 00:19:20 CHB 1834724?1626625159 第 1 次 等待 3 秒
2021-07-19 00:19:23 CHB 1834724?1626625159 第 1 次 获取到号码【1834724】GSD
2021-07-19 00:19:24 获取到号码【1834724】的GSD为【内蒙古-包头】
2021-07-19 00:19:43 GSD insert 第 1 次 等待 3 秒
2021-07-19 00:19:46 {"status":"ok","gid":320663,"msg":"添加成功！"}
2021-07-19 00:19:46 下次操作: 2021-07-19 00:19:59

2021-07-19 00:19:59 开始第 29 次操作

2021-07-19 00:19:59 开始操作号码 【1834725】
2021-07-19 00:20:18 GSD getOne 第 1 次 等待 3 秒
2021-07-19 00:20:21 查询号码 【1834725】，返回信息 {"status":"bad","msg":""}
2021-07-19 00:20:21 查询号码 【1834725】，GSD为【""】
2021-07-19 00:20:21 bad
2021-07-19 00:20:23 CHB 1834725?1626625221 第 1 次 等待 3 秒
2021-07-19 00:20:26 CHB 1834725?1626625221 第 1 次 获取到号码【1834725】GSD
2021-07-19 00:20:26 获取到号码【1834725】的GSD为【内蒙古-包头】
2021-07-19 00:21:08 GSD insert 第 1 次 等待 3 秒
2021-07-19 00:21:11 {"status":"ok","gid":320676,"msg":"添加成功！"}
2021-07-19 00:21:11 下次操作: 2021-07-19 00:21:32

2021-07-19 00:21:32 开始第 30 次操作

2021-07-19 00:21:32 开始操作号码 【1834726】
2021-07-19 00:21:35 GSD getOne 第 1 次 等待 3 秒
2021-07-19 00:21:38 查询号码 【1834726】，返回信息 {"status":"bad","msg":""}
2021-07-19 00:21:38 查询号码 【1834726】，GSD为【""】
2021-07-19 00:21:38 bad
2021-07-19 00:21:40 CHB 1834726?1626625298 第 1 次 等待 3 秒
2021-07-19 00:21:43 CHB 1834726?1626625298 第 1 次 获取到号码【1834726】GSD
2021-07-19 00:21:43 获取到号码【1834726】的GSD为【内蒙古-包头】
2021-07-19 00:22:01 GSD insert 第 1 次 等待 3 秒
2021-07-19 00:22:04 {"status":"ok","gid":320683,"msg":"添加成功！"}
2021-07-19 00:22:04 下次操作: 2021-07-19 00:22:22

2021-07-19 00:22:22 开始第 31 次操作

2021-07-19 00:22:23 开始操作号码 【1834727】
2021-07-19 00:22:42 GSD getOne 第 1 次 等待 3 秒
2021-07-19 00:22:45 查询号码 【1834727】，返回信息 {"status":"bad","msg":""}
2021-07-19 00:22:45 查询号码 【1834727】，GSD为【""】
2021-07-19 00:22:45 bad
2021-07-19 00:22:46 CHB 1834727?1626625365 第 1 次 等待 3 秒
2021-07-19 00:22:49 CHB 1834727?1626625365 第 1 次 获取到号码【1834727】GSD
2021-07-19 00:22:50 获取到号码【1834727】的GSD为【内蒙古-包头】
2021-07-19 00:23:08 GSD insert 第 1 次 等待 3 秒
2021-07-19 00:23:11 {"status":"ok","gid":320695,"msg":"添加成功！"}
2021-07-19 00:23:11 下次操作: 2021-07-19 00:23:26

2021-07-19 00:23:26 开始第 32 次操作

2021-07-19 00:23:26 开始操作号码 【1834728】
2021-07-19 00:23:30 GSD getOne 第 1 次 等待 3 秒
2021-07-19 00:23:33 查询号码 【1834728】，返回信息 {"status":"bad","msg":""}
2021-07-19 00:23:33 查询号码 【1834728】，GSD为【""】
2021-07-19 00:23:33 bad
2021-07-19 00:23:35 CHB 1834728?1626625413 第 1 次 等待 3 秒
2021-07-19 00:23:38 CHB 1834728?1626625413 第 1 次 获取到号码【1834728】GSD
2021-07-19 00:23:38 获取到号码【1834728】的GSD为【内蒙古-包头】
2021-07-19 00:23:57 GSD insert 第 1 次 等待 3 秒
2021-07-19 00:24:00 {"status":"ok","gid":320702,"msg":"添加成功！"}
2021-07-19 00:24:00 下次操作: 2021-07-19 00:24:12

2021-07-19 00:24:12 开始第 33 次操作

2021-07-19 00:24:12 开始操作号码 【1834729】
2021-07-19 00:24:26 GSD getOne 第 1 次 等待 3 秒
2021-07-19 00:24:29 查询号码 【1834729】，返回信息 {"status":"bad","msg":""}
2021-07-19 00:24:29 查询号码 【1834729】，GSD为【""】
2021-07-19 00:24:29 bad
2021-07-19 00:24:31 CHB 1834729?1626625469 第 1 次 等待 3 秒
2021-07-19 00:24:34 CHB 1834729?1626625469 第 1 次 获取到号码【1834729】GSD
2021-07-19 00:24:34 获取到号码【1834729】的GSD为【内蒙古-包头】
2021-07-19 00:24:52 GSD insert 第 1 次 等待 3 秒
2021-07-19 00:24:55 {"status":"ok","gid":320711,"msg":"添加成功！"}
2021-07-19 00:24:55 下次操作: 2021-07-19 00:25:12

2021-07-19 00:25:12 开始第 34 次操作

2021-07-19 00:25:12 开始操作号码 【1834730】
2021-07-19 00:25:19 GSD getOne 第 1 次 等待 3 秒
2021-07-19 00:25:22 查询号码 【1834730】，返回信息 {"status":"bad","msg":""}
2021-07-19 00:25:22 查询号码 【1834730】，GSD为【""】
2021-07-19 00:25:22 bad
2021-07-19 00:25:33 CHB 1834730?1626625522 第 1 次 等待 3 秒
2021-07-19 00:25:36 CHB 1834730?1626625522 第 1 次 获取到号码【1834730】GSD
2021-07-19 00:25:36 获取到号码【1834730】的GSD为【内蒙古-鄂尔多斯】
2021-07-19 00:25:49 GSD insert 第 1 次 等待 3 秒
2021-07-19 00:25:52 {"status":"ok","gid":320718,"msg":"添加成功！"}
2021-07-19 00:25:52 下次操作: 2021-07-19 00:26:07

2021-07-19 00:26:07 开始第 35 次操作

2021-07-19 00:26:07 开始操作号码 【1834731】
2021-07-19 00:27:21 GSD getOne 第 1 次 等待 3 秒
2021-07-19 00:27:24 查询号码 【1834731】，返回信息 {"status":"bad","msg":""}
2021-07-19 00:27:24 查询号码 【1834731】，GSD为【""】
2021-07-19 00:27:24 bad
2021-07-19 00:27:25 CHB 1834731?1626625644 第 1 次 等待 3 秒
2021-07-19 00:27:28 CHB 1834731?1626625644 第 1 次 获取到号码【1834731】GSD
2021-07-19 00:27:29 获取到号码【1834731】的GSD为【内蒙古-鄂尔多斯】
2021-07-19 00:27:55 GSD insert 第 1 次 等待 3 秒
2021-07-19 00:27:58 {"status":"ok","gid":320734,"msg":"添加成功！"}
2021-07-19 00:27:58 下次操作: 2021-07-19 00:28:21

2021-07-19 00:28:21 开始第 36 次操作

2021-07-19 00:28:21 开始操作号码 【1834732】
2021-07-19 00:28:24 GSD getOne 第 1 次 等待 3 秒
2021-07-19 00:28:27 查询号码 【1834732】，返回信息 {"status":"bad","msg":""}
2021-07-19 00:28:27 查询号码 【1834732】，GSD为【""】
2021-07-19 00:28:27 bad
2021-07-19 00:28:29 CHB 1834732?1626625707 第 1 次 等待 3 秒
2021-07-19 00:28:32 CHB 1834732?1626625707 第 1 次 获取到号码【1834732】GSD
2021-07-19 00:28:32 获取到号码【1834732】的GSD为【内蒙古-鄂尔多斯】
2021-07-19 00:28:51 GSD insert 第 1 次 等待 3 秒
2021-07-19 00:28:54 {"status":"ok","gid":320741,"msg":"添加成功！"}
2021-07-19 00:28:54 下次操作: 2021-07-19 00:29:11

2021-07-19 00:29:11 开始第 37 次操作

2021-07-19 00:29:11 开始操作号码 【1834733】
2021-07-19 00:30:00 GSD getOne 第 1 次 等待 3 秒
2021-07-19 00:30:03 查询号码 【1834733】，返回信息 {"status":"bad","msg":""}
2021-07-19 00:30:03 查询号码 【1834733】，GSD为【""】
2021-07-19 00:30:03 bad
2021-07-19 00:30:05 CHB 1834733?1626625803 第 1 次 等待 3 秒
2021-07-19 00:30:08 CHB 1834733?1626625803 第 1 次 获取到号码【1834733】GSD
2021-07-19 00:30:08 获取到号码【1834733】的GSD为【内蒙古-赤峰】
2021-07-19 00:30:29 GSD insert 第 1 次 等待 3 秒
2021-07-19 00:30:32 {"status":"ok","gid":320749,"msg":"添加成功！"}
2021-07-19 00:30:32 下次操作: 2021-07-19 00:30:44

2021-07-19 00:30:44 开始第 38 次操作

2021-07-19 00:30:44 开始操作号码 【1834734】
2021-07-19 00:30:56 GSD getOne 第 1 次 等待 3 秒
2021-07-19 00:30:59 查询号码 【1834734】，返回信息 {"status":"bad","msg":""}
2021-07-19 00:30:59 查询号码 【1834734】，GSD为【""】
2021-07-19 00:30:59 bad
2021-07-19 00:31:01 CHB 1834734?1626625859 第 1 次 等待 3 秒
2021-07-19 00:31:04 CHB 1834734?1626625859 第 1 次 获取到号码【1834734】GSD
2021-07-19 00:31:04 获取到号码【1834734】的GSD为【内蒙古-赤峰】
2021-07-19 00:31:30 GSD insert 第 1 次 等待 3 秒
2021-07-19 00:31:33 {"status":"ok","gid":320754,"msg":"添加成功！"}
2021-07-19 00:31:33 下次操作: 2021-07-19 00:31:47

2021-07-19 00:31:47 开始第 39 次操作

2021-07-19 00:31:47 开始操作号码 【1834735】
2021-07-19 00:31:56 GSD getOne 第 1 次 等待 3 秒
2021-07-19 00:31:59 查询号码 【1834735】，返回信息 {"status":"bad","msg":""}
2021-07-19 00:31:59 查询号码 【1834735】，GSD为【""】
2021-07-19 00:31:59 bad
2021-07-19 00:32:05 CHB 1834735?1626625919 第 1 次 等待 3 秒
2021-07-19 00:32:08 CHB 1834735?1626625919 第 1 次 获取到号码【1834735】GSD
2021-07-19 00:32:08 获取到号码【1834735】的GSD为【内蒙古-乌海】
2021-07-19 00:32:21 GSD insert 第 1 次 等待 3 秒
2021-07-19 00:32:24 {"status":"ok","gid":320757,"msg":"添加成功！"}
2021-07-19 00:32:24 下次操作: 2021-07-19 00:32:44

2021-07-19 00:32:44 开始第 40 次操作

2021-07-19 00:32:44 开始操作号码 【1834736】
2021-07-19 00:32:47 GSD getOne 第 1 次 等待 3 秒
2021-07-19 00:32:50 查询号码 【1834736】，返回信息 {"status":"bad","msg":""}
2021-07-19 00:32:50 查询号码 【1834736】，GSD为【""】
2021-07-19 00:32:50 bad
2021-07-19 00:32:52 CHB 1834736?1626625970 第 1 次 等待 3 秒
2021-07-19 00:32:55 CHB 1834736?1626625970 第 1 次 获取到号码【1834736】GSD
2021-07-19 00:32:55 获取到号码【1834736】的GSD为【内蒙古-通辽】
2021-07-19 00:33:13 GSD insert 第 1 次 等待 3 秒
2021-07-19 00:33:16 {"status":"ok","gid":320762,"msg":"添加成功！"}

2021-07-19 01:00:50 开始第 1 次操作

2021-07-19 01:00:50 开始操作号码 【1834737】
2021-07-19 01:01:23 GSD getOne 第 1 次 等待 3 秒
2021-07-19 01:01:26 查询号码 【1834737】，返回信息 {"status":"bad","msg":""}
2021-07-19 01:01:26 查询号码 【1834737】，GSD为【""】
2021-07-19 01:01:26 bad
2021-07-19 01:01:29 CHB 1834737?1626627686 第 1 次 等待 3 秒
2021-07-19 01:01:32 CHB 1834737?1626627686 第 1 次 获取到号码【1834737】GSD
2021-07-19 01:01:32 获取到号码【1834737】的GSD为【内蒙古-通辽】
2021-07-19 01:01:43 GSD insert 第 1 次 等待 3 秒
2021-07-19 01:01:46 {"status":"ok","gid":320847,"msg":"添加成功！"}
2021-07-19 01:01:46 下次操作: 2021-07-19 01:02:06

2021-07-19 01:02:06 开始第 2 次操作

2021-07-19 01:02:06 开始操作号码 【1834738】
2021-07-19 01:02:09 GSD getOne 第 1 次 等待 3 秒
2021-07-19 01:02:12 查询号码 【1834738】，返回信息 {"status":"bad","msg":""}
2021-07-19 01:02:12 查询号码 【1834738】，GSD为【""】
2021-07-19 01:02:12 bad
2021-07-19 01:02:14 CHB 1834738?1626627732 第 1 次 等待 3 秒
2021-07-19 01:02:17 CHB 1834738?1626627732 第 1 次 获取到号码【1834738】GSD
2021-07-19 01:02:17 获取到号码【1834738】的GSD为【内蒙古-通辽】
2021-07-19 01:02:32 GSD insert 第 1 次 等待 3 秒
2021-07-19 01:02:35 {"status":"ok","gid":320855,"msg":"添加成功！"}
2021-07-19 01:02:35 下次操作: 2021-07-19 01:02:48

2021-07-19 01:02:48 开始第 3 次操作

2021-07-19 01:02:48 开始操作号码 【1834739】
2021-07-19 01:03:16 GSD getOne 第 1 次 等待 3 秒
2021-07-19 01:03:19 查询号码 【1834739】，返回信息 {"status":"bad","msg":""}
2021-07-19 01:03:19 查询号码 【1834739】，GSD为【""】
2021-07-19 01:03:19 bad
2021-07-19 01:03:21 CHB 1834739?1626627799 第 1 次 等待 3 秒
2021-07-19 01:03:24 CHB 1834739?1626627799 第 1 次 获取到号码【1834739】GSD
2021-07-19 01:03:24 获取到号码【1834739】的GSD为【内蒙古-通辽】
2021-07-19 01:03:46 GSD insert 第 1 次 等待 3 秒
2021-07-19 01:03:49 {"status":"ok","gid":320873,"msg":"添加成功！"}
2021-07-19 01:03:49 下次操作: 2021-07-19 01:04:01

2021-07-19 01:04:01 开始第 4 次操作

2021-07-19 01:04:01 开始操作号码 【1834740】
2021-07-19 01:04:05 GSD getOne 第 1 次 等待 3 秒
2021-07-19 01:04:08 查询号码 【1834740】，返回信息 {"status":"bad","msg":""}
2021-07-19 01:04:08 查询号码 【1834740】，GSD为【""】
2021-07-19 01:04:08 bad
2021-07-19 01:04:10 CHB 1834740?1626627848 第 1 次 等待 3 秒
2021-07-19 01:04:13 CHB 1834740?1626627848 第 1 次 获取到号码【1834740】GSD
2021-07-19 01:04:13 获取到号码【1834740】的GSD为【内蒙古-乌兰察布】
2021-07-19 01:04:32 GSD insert 第 1 次 等待 3 秒
2021-07-19 01:04:35 {"status":"ok","gid":320880,"msg":"添加成功！"}
2021-07-19 01:04:35 下次操作: 2021-07-19 01:04:55

2021-07-19 01:04:55 开始第 5 次操作

2021-07-19 01:04:55 开始操作号码 【1834741】
2021-07-19 01:05:08 GSD getOne 第 1 次 等待 3 秒
2021-07-19 01:05:11 查询号码 【1834741】，返回信息 {"status":"bad","msg":""}
2021-07-19 01:05:11 查询号码 【1834741】，GSD为【""】
2021-07-19 01:05:11 bad
2021-07-19 01:05:15 CHB 1834741?1626627911 第 1 次 等待 3 秒
2021-07-19 01:05:18 CHB 1834741?1626627911 第 1 次 获取到号码【1834741】GSD
2021-07-19 01:05:18 获取到号码【1834741】的GSD为【内蒙古-乌兰察布】
2021-07-19 01:05:33 GSD insert 第 1 次 等待 3 秒
2021-07-19 01:05:36 {"status":"ok","gid":320893,"msg":"添加成功！"}
2021-07-19 01:05:36 下次操作: 2021-07-19 01:05:56

2021-07-19 01:05:56 开始第 6 次操作

2021-07-19 01:05:56 开始操作号码 【1834742】
2021-07-19 01:05:58 GSD getOne 第 1 次 等待 3 秒
2021-07-19 01:06:01 查询号码 【1834742】，返回信息 {"status":"bad","msg":""}
2021-07-19 01:06:01 查询号码 【1834742】，GSD为【""】
2021-07-19 01:06:01 bad
2021-07-19 01:06:03 CHB 1834742?1626627961 第 1 次 等待 3 秒
2021-07-19 01:06:06 CHB 1834742?1626627961 第 1 次 获取到号码【1834742】GSD
2021-07-19 01:06:06 获取到号码【1834742】的GSD为【内蒙古-乌兰察布】
2021-07-19 01:07:33 GSD insert 第 1 次 等待 3 秒
2021-07-19 01:07:36 {"status":"ok","gid":320909,"msg":"添加成功！"}
2021-07-19 01:07:36 下次操作: 2021-07-19 01:07:59

2021-07-19 01:07:59 开始第 7 次操作

2021-07-19 01:07:59 开始操作号码 【1834743】
2021-07-19 01:08:29 GSD getOne 第 1 次 等待 3 秒
2021-07-19 01:08:32 查询号码 【1834743】，返回信息 {"status":"bad","msg":""}
2021-07-19 01:08:32 查询号码 【1834743】，GSD为【""】
2021-07-19 01:08:32 bad
2021-07-19 01:08:34 CHB 1834743?1626628112 第 1 次 等待 3 秒
2021-07-19 01:08:37 CHB 1834743?1626628112 第 1 次 获取到号码【1834743】GSD
2021-07-19 01:08:37 获取到号码【1834743】的GSD为【内蒙古-乌兰察布】
2021-07-19 01:09:33 GSD insert 第 1 次 等待 3 秒
2021-07-19 01:09:36 {"status":"ok","gid":320926,"msg":"添加成功！"}
2021-07-19 01:09:36 下次操作: 2021-07-19 01:09:54

2021-07-19 01:09:54 开始第 8 次操作

2021-07-19 01:09:54 开始操作号码 【1834744】
2021-07-19 01:09:56 GSD getOne 第 1 次 等待 3 秒
2021-07-19 01:09:59 查询号码 【1834744】，返回信息 {"status":"bad","msg":""}
2021-07-19 01:09:59 查询号码 【1834744】，GSD为【""】
2021-07-19 01:09:59 bad
2021-07-19 01:10:01 CHB 1834744?1626628199 第 1 次 等待 3 秒
2021-07-19 01:10:04 CHB 1834744?1626628199 第 1 次 获取到号码【1834744】GSD
2021-07-19 01:10:04 获取到号码【1834744】的GSD为【内蒙古-乌兰察布】
2021-07-19 01:11:25 GSD insert 第 1 次 等待 3 秒
2021-07-19 01:11:28 {"status":"ok","gid":320945,"msg":"添加成功！"}
2021-07-19 01:11:28 下次操作: 2021-07-19 01:11:46

2021-07-19 01:11:46 开始第 9 次操作

2021-07-19 01:11:46 开始操作号码 【1834745】
2021-07-19 01:11:49 GSD getOne 第 1 次 等待 3 秒
2021-07-19 01:11:52 查询号码 【1834745】，返回信息 {"status":"bad","msg":""}
2021-07-19 01:11:52 查询号码 【1834745】，GSD为【""】
2021-07-19 01:11:52 bad
2021-07-19 01:12:01 CHB 1834745?1626628312 第 1 次 等待 3 秒
2021-07-19 01:12:04 CHB 1834745?1626628312 第 1 次 获取到号码【1834745】GSD
2021-07-19 01:12:04 获取到号码【1834745】的GSD为【内蒙古-乌兰察布】
2021-07-19 01:12:24 GSD insert 第 1 次 等待 3 秒
2021-07-19 01:12:27 {"status":"ok","gid":320958,"msg":"添加成功！"}
2021-07-19 01:12:27 下次操作: 2021-07-19 01:12:50

2021-07-19 01:12:50 开始第 10 次操作

2021-07-19 01:12:50 开始操作号码 【1834746】
2021-07-19 01:13:11 GSD getOne 第 1 次 等待 3 秒
2021-07-19 01:13:14 查询号码 【1834746】，返回信息 {"status":"bad","msg":""}
2021-07-19 01:13:14 查询号码 【1834746】，GSD为【""】
2021-07-19 01:13:14 bad
2021-07-19 01:13:16 CHB 1834746?1626628394 第 1 次 等待 3 秒
2021-07-19 01:13:19 CHB 1834746?1626628394 第 1 次 获取到号码【1834746】GSD
2021-07-19 01:13:19 获取到号码【1834746】的GSD为【内蒙古-乌兰察布】
2021-07-19 01:13:39 GSD insert 第 1 次 等待 3 秒
2021-07-19 01:13:42 {"status":"ok","gid":320973,"msg":"添加成功！"}
2021-07-19 01:13:42 下次操作: 2021-07-19 01:13:59

2021-07-19 01:13:59 开始第 11 次操作

2021-07-19 01:13:59 开始操作号码 【1834747】
2021-07-19 01:14:02 GSD getOne 第 1 次 等待 3 秒
2021-07-19 01:14:05 查询号码 【1834747】，返回信息 {"status":"bad","msg":""}
2021-07-19 01:14:05 查询号码 【1834747】，GSD为【""】
2021-07-19 01:14:05 bad
2021-07-19 01:14:09 CHB 1834747?1626628445 第 1 次 等待 3 秒
2021-07-19 01:14:12 CHB 1834747?1626628445 第 1 次 获取到号码【1834747】GSD
2021-07-19 01:14:12 获取到号码【1834747】的GSD为【内蒙古-乌兰察布】
2021-07-19 01:14:31 GSD insert 第 1 次 等待 3 秒
2021-07-19 01:14:34 {"status":"ok","gid":320983,"msg":"添加成功！"}
2021-07-19 01:14:34 下次操作: 2021-07-19 01:14:46

2021-07-19 01:14:46 开始第 12 次操作

2021-07-19 01:14:46 开始操作号码 【1834748】
2021-07-19 01:14:50 GSD getOne 第 1 次 等待 3 秒
2021-07-19 01:14:53 查询号码 【1834748】，返回信息 {"status":"bad","msg":""}
2021-07-19 01:14:53 查询号码 【1834748】，GSD为【""】
2021-07-19 01:14:53 bad
2021-07-19 01:14:54 CHB 1834748?1626628493 第 1 次 等待 3 秒
2021-07-19 01:14:57 CHB 1834748?1626628493 第 1 次 获取到号码【1834748】GSD
2021-07-19 01:14:57 获取到号码【1834748】的GSD为【内蒙古-乌兰察布】
2021-07-19 01:15:16 GSD insert 第 1 次 等待 3 秒
2021-07-19 01:15:19 {"status":"ok","gid":320992,"msg":"添加成功！"}
2021-07-19 01:15:19 下次操作: 2021-07-19 01:15:39

2021-07-19 01:15:39 开始第 13 次操作

2021-07-19 01:15:39 开始操作号码 【1834749】
2021-07-19 01:15:55 GSD getOne 第 1 次 等待 3 秒
2021-07-19 01:15:58 查询号码 【1834749】，返回信息 {"status":"bad","msg":""}
2021-07-19 01:15:58 查询号码 【1834749】，GSD为【""】
2021-07-19 01:15:58 bad
2021-07-19 01:16:03 CHB 1834749?1626628558 第 1 次 等待 3 秒
2021-07-19 01:16:06 CHB 1834749?1626628558 第 1 次 获取到号码【1834749】GSD
2021-07-19 01:16:06 获取到号码【1834749】的GSD为【内蒙古-乌兰察布】
2021-07-19 01:16:17 GSD insert 第 1 次 等待 3 秒
2021-07-19 01:16:20 {"status":"ok","gid":320999,"msg":"添加成功！"}
2021-07-19 01:16:20 下次操作: 2021-07-19 01:16:41

2021-07-19 01:16:41 开始第 14 次操作

2021-07-19 01:16:41 开始操作号码 【1834750】
2021-07-19 01:16:45 GSD getOne 第 1 次 等待 3 秒
2021-07-19 01:16:48 查询号码 【1834750】，返回信息 {"status":"bad","msg":""}
2021-07-19 01:16:48 查询号码 【1834750】，GSD为【""】
2021-07-19 01:16:48 bad
2021-07-19 01:16:51 CHB 1834750?1626628608 第 1 次 等待 3 秒
2021-07-19 01:16:54 CHB 1834750?1626628608 第 1 次 获取到号码【1834750】GSD
2021-07-19 01:16:54 获取到号码【1834750】的GSD为【内蒙古-通辽】
2021-07-19 01:17:04 GSD insert 第 1 次 等待 3 秒
2021-07-19 01:17:07 {"status":"ok","gid":321006,"msg":"添加成功！"}
2021-07-19 01:17:07 下次操作: 2021-07-19 01:17:31

2021-07-19 01:17:31 开始第 15 次操作

2021-07-19 01:17:31 开始操作号码 【1834751】
2021-07-19 01:17:35 GSD getOne 第 1 次 等待 3 秒
2021-07-19 01:17:38 查询号码 【1834751】，返回信息 {"status":"bad","msg":""}
2021-07-19 01:17:38 查询号码 【1834751】，GSD为【""】
2021-07-19 01:17:38 bad
2021-07-19 01:17:39 CHB 1834751?1626628658 第 1 次 等待 3 秒
2021-07-19 01:17:42 CHB 1834751?1626628658 第 1 次 获取到号码【1834751】GSD
2021-07-19 01:17:42 获取到号码【1834751】的GSD为【内蒙古-通辽】
2021-07-19 01:18:13 GSD insert 第 1 次 等待 3 秒
2021-07-19 01:18:16 {"status":"ok","gid":321017,"msg":"添加成功！"}
2021-07-19 01:18:16 下次操作: 2021-07-19 01:18:28

2021-07-19 01:18:28 开始第 16 次操作

2021-07-19 01:18:28 开始操作号码 【1834752】
2021-07-19 01:18:31 GSD getOne 第 1 次 等待 3 秒
2021-07-19 01:18:34 查询号码 【1834752】，返回信息 {"status":"bad","msg":""}
2021-07-19 01:18:34 查询号码 【1834752】，GSD为【""】
2021-07-19 01:18:34 bad
2021-07-19 01:23:35 CHB 1834752?1626628714 第 1 次 等待 3 秒
2021-07-19 01:23:38 CHB 1834752?1626628714 第 1 次 未获取到 等待 22 秒 下次操作: 2021-07-19 01:24:00
2021-07-19 01:24:01 CHB 1834752?1626629040 第 2 次 等待 3 秒
2021-07-19 01:24:04 CHB 1834752?1626629040 第 2 次 获取到号码【1834752】GSD
2021-07-19 01:24:04 获取到号码【1834752】的GSD为【内蒙古-通辽】
2021-07-19 01:24:24 GSD insert 第 1 次 等待 3 秒
2021-07-19 01:24:27 {"status":"ok","gid":321041,"msg":"添加成功！"}
2021-07-19 01:24:27 下次操作: 2021-07-19 01:24:51

2021-07-19 01:24:51 开始第 17 次操作

2021-07-19 01:24:51 开始操作号码 【1834753】
2021-07-19 01:25:49 GSD getOne 第 1 次 等待 3 秒
2021-07-19 01:25:52 查询号码 【1834753】，返回信息 {"status":"bad","msg":""}
2021-07-19 01:25:52 查询号码 【1834753】，GSD为【""】
2021-07-19 01:25:52 bad
2021-07-19 01:25:54 CHB 1834753?1626629152 第 1 次 等待 3 秒
2021-07-19 01:25:57 CHB 1834753?1626629152 第 1 次 获取到号码【1834753】GSD
2021-07-19 01:25:57 获取到号码【1834753】的GSD为【内蒙古-通辽】
2021-07-19 01:27:23 GSD insert 第 1 次 等待 3 秒
2021-07-19 01:27:26 {"status":"ok","gid":321065,"msg":"添加成功！"}
2021-07-19 01:27:26 下次操作: 2021-07-19 01:27:50

2021-07-19 01:27:50 开始第 18 次操作

2021-07-19 01:27:50 开始操作号码 【1834754】
2021-07-19 01:28:01 GSD getOne 第 1 次 等待 3 秒
2021-07-19 01:28:04 查询号码 【1834754】，返回信息 {"status":"bad","msg":""}
2021-07-19 01:28:04 查询号码 【1834754】，GSD为【""】
2021-07-19 01:28:04 bad
2021-07-19 01:28:06 CHB 1834754?1626629284 第 1 次 等待 3 秒
2021-07-19 01:28:09 CHB 1834754?1626629284 第 1 次 获取到号码【1834754】GSD
2021-07-19 01:28:09 获取到号码【1834754】的GSD为【内蒙古-通辽】
2021-07-19 01:28:29 GSD insert 第 1 次 等待 3 秒
2021-07-19 01:28:32 {"status":"ok","gid":321074,"msg":"添加成功！"}
2021-07-19 01:28:32 下次操作: 2021-07-19 01:28:51

2021-07-19 01:28:51 开始第 19 次操作

2021-07-19 01:28:51 开始操作号码 【1834755】
2021-07-19 01:28:53 GSD getOne 第 1 次 等待 3 秒
2021-07-19 01:28:56 查询号码 【1834755】，返回信息 {"status":"bad","msg":""}
2021-07-19 01:28:57 查询号码 【1834755】，GSD为【""】
2021-07-19 01:28:57 bad
2021-07-19 01:28:58 CHB 1834755?1626629337 第 1 次 等待 3 秒
2021-07-19 01:29:01 CHB 1834755?1626629337 第 1 次 获取到号码【1834755】GSD
2021-07-19 01:29:01 获取到号码【1834755】的GSD为【内蒙古-通辽】
2021-07-19 01:29:22 GSD insert 第 1 次 等待 3 秒
2021-07-19 01:29:25 {"status":"ok","gid":321085,"msg":"添加成功！"}
2021-07-19 01:29:25 下次操作: 2021-07-19 01:29:48

2021-07-19 01:29:48 开始第 20 次操作

2021-07-19 01:29:48 开始操作号码 【1834756】
2021-07-19 01:29:58 GSD getOne 第 1 次 等待 3 秒
2021-07-19 01:30:01 查询号码 【1834756】，返回信息 {"status":"bad","msg":""}
2021-07-19 01:30:01 查询号码 【1834756】，GSD为【""】
2021-07-19 01:30:01 bad
2021-07-19 01:30:03 CHB 1834756?1626629401 第 1 次 等待 3 秒
2021-07-19 01:30:06 CHB 1834756?1626629401 第 1 次 获取到号码【1834756】GSD
2021-07-19 01:30:06 获取到号码【1834756】的GSD为【内蒙古-通辽】
2021-07-19 01:30:43 GSD insert 第 1 次 等待 3 秒
2021-07-19 01:30:46 {"status":"ok","gid":321101,"msg":"添加成功！"}
2021-07-19 01:30:46 下次操作: 2021-07-19 01:31:09

2021-07-19 01:31:09 开始第 21 次操作

2021-07-19 01:31:09 开始操作号码 【1834757】
2021-07-19 01:31:32 GSD getOne 第 1 次 等待 3 秒
2021-07-19 01:31:35 查询号码 【1834757】，返回信息 {"status":"bad","msg":""}
2021-07-19 01:31:35 查询号码 【1834757】，GSD为【""】
2021-07-19 01:31:35 bad
2021-07-19 01:31:36 CHB 1834757?1626629495 第 1 次 等待 3 秒
2021-07-19 01:31:39 CHB 1834757?1626629495 第 1 次 获取到号码【1834757】GSD
2021-07-19 01:31:39 获取到号码【1834757】的GSD为【内蒙古-通辽】
2021-07-19 01:32:37 GSD insert 第 1 次 等待 3 秒
2021-07-19 01:32:40 {"status":"ok","gid":321116,"msg":"添加成功！"}
2021-07-19 01:32:40 下次操作: 2021-07-19 01:32:52

2021-07-19 01:32:52 开始第 22 次操作

2021-07-19 01:32:52 开始操作号码 【1834758】
2021-07-19 01:33:01 GSD getOne 第 1 次 等待 3 秒
2021-07-19 01:33:04 查询号码 【1834758】，返回信息 {"status":"bad","msg":""}
2021-07-19 01:33:04 查询号码 【1834758】，GSD为【""】
2021-07-19 01:33:04 bad
2021-07-19 01:33:06 CHB 1834758?1626629584 第 1 次 等待 3 秒
2021-07-19 01:33:09 CHB 1834758?1626629584 第 1 次 获取到号码【1834758】GSD
2021-07-19 01:33:09 获取到号码【1834758】的GSD为【内蒙古-通辽】
2021-07-19 01:33:23 GSD insert 第 1 次 等待 3 秒
2021-07-19 01:33:26 {"status":"ok","gid":321123,"msg":"添加成功！"}
2021-07-19 01:33:26 下次操作: 2021-07-19 01:33:48

2021-07-19 01:33:48 开始第 23 次操作

2021-07-19 01:33:48 开始操作号码 【1834759】
2021-07-19 01:33:51 GSD getOne 第 1 次 等待 3 秒
2021-07-19 01:33:54 查询号码 【1834759】，返回信息 {"status":"bad","msg":""}
2021-07-19 01:33:54 查询号码 【1834759】，GSD为【""】
2021-07-19 01:33:54 bad
2021-07-19 01:33:57 CHB 1834759?1626629634 第 1 次 等待 3 秒
2021-07-19 01:34:00 CHB 1834759?1626629634 第 1 次 获取到号码【1834759】GSD
2021-07-19 01:34:00 获取到号码【1834759】的GSD为【内蒙古-通辽】
2021-07-19 01:34:09 GSD insert 第 1 次 等待 3 秒
2021-07-19 01:34:12 {"status":"ok","gid":321128,"msg":"添加成功！"}
2021-07-19 01:34:12 下次操作: 2021-07-19 01:34:26

2021-07-19 01:34:26 开始第 24 次操作

2021-07-19 01:34:26 开始操作号码 【1834760】
2021-07-19 01:34:34 GSD getOne 第 1 次 等待 3 秒
2021-07-19 01:34:37 查询号码 【1834760】，返回信息 {"status":"bad","msg":""}
2021-07-19 01:34:37 查询号码 【1834760】，GSD为【""】
2021-07-19 01:34:37 bad
2021-07-19 01:34:40 CHB 1834760?1626629677 第 1 次 等待 3 秒
2021-07-19 01:34:43 CHB 1834760?1626629677 第 1 次 获取到号码【1834760】GSD
2021-07-19 01:34:43 获取到号码【1834760】的GSD为【内蒙古-赤峰】
2021-07-19 01:34:53 GSD insert 第 1 次 等待 3 秒
2021-07-19 01:34:56 {"status":"ok","gid":321135,"msg":"添加成功！"}
2021-07-19 01:34:56 下次操作: 2021-07-19 01:35:18

2021-07-19 01:35:18 开始第 25 次操作

2021-07-19 01:35:18 开始操作号码 【1834761】
2021-07-19 01:35:23 GSD getOne 第 1 次 等待 3 秒
2021-07-19 01:35:26 查询号码 【1834761】，返回信息 {"status":"bad","msg":""}
2021-07-19 01:35:26 查询号码 【1834761】，GSD为【""】
2021-07-19 01:35:26 bad
2021-07-19 01:35:29 CHB 1834761?1626629726 第 1 次 等待 3 秒
2021-07-19 01:35:32 CHB 1834761?1626629726 第 1 次 获取到号码【1834761】GSD
2021-07-19 01:35:32 获取到号码【1834761】的GSD为【内蒙古-赤峰】
2021-07-19 01:35:42 GSD insert 第 1 次 等待 3 秒
2021-07-19 01:35:45 {"status":"ok","gid":321142,"msg":"添加成功！"}
2021-07-19 01:35:45 下次操作: 2021-07-19 01:35:59

2021-07-19 01:35:59 开始第 26 次操作

2021-07-19 01:35:59 开始操作号码 【1834762】
2021-07-19 01:36:01 GSD getOne 第 1 次 等待 3 秒
2021-07-19 01:36:04 查询号码 【1834762】，返回信息 {"status":"bad","msg":""}
2021-07-19 01:36:04 查询号码 【1834762】，GSD为【""】
2021-07-19 01:36:04 bad
2021-07-19 01:36:07 CHB 1834762?1626629764 第 1 次 等待 3 秒
2021-07-19 01:36:10 CHB 1834762?1626629764 第 1 次 获取到号码【1834762】GSD
2021-07-19 01:36:10 获取到号码【1834762】的GSD为【内蒙古-赤峰】
2021-07-19 01:36:22 GSD insert 第 1 次 等待 3 秒
2021-07-19 01:36:25 {"status":"ok","gid":321148,"msg":"添加成功！"}
2021-07-19 01:36:25 下次操作: 2021-07-19 01:36:37

2021-07-19 01:36:37 开始第 27 次操作

2021-07-19 01:36:37 开始操作号码 【1834763】
2021-07-19 01:36:41 GSD getOne 第 1 次 等待 3 秒
2021-07-19 01:36:44 查询号码 【1834763】，返回信息 {"status":"bad","msg":""}
2021-07-19 01:36:44 查询号码 【1834763】，GSD为【""】
2021-07-19 01:36:44 bad
2021-07-19 01:36:47 CHB 1834763?1626629804 第 1 次 等待 3 秒
2021-07-19 01:36:50 CHB 1834763?1626629804 第 1 次 获取到号码【1834763】GSD
2021-07-19 01:36:50 获取到号码【1834763】的GSD为【内蒙古-赤峰】
2021-07-19 01:37:00 GSD insert 第 1 次 等待 3 秒
2021-07-19 01:37:03 {"status":"ok","gid":321157,"msg":"添加成功！"}
2021-07-19 01:37:03 下次操作: 2021-07-19 01:37:16

2021-07-19 01:37:16 开始第 28 次操作

2021-07-19 01:37:16 开始操作号码 【1834764】
2021-07-19 01:37:18 GSD getOne 第 1 次 等待 3 秒
2021-07-19 01:37:21 查询号码 【1834764】，返回信息 {"status":"ok","msg":"内蒙古-赤峰","gid":"37799","time_insert":"2017-09-22 00:00","time_update":"2020-12-16 20:35"}
2021-07-19 01:37:21 查询号码 【1834764】，GSD为【"内蒙古-赤峰"】

2021-07-19 01:37:21 开始第 28 次操作

2021-07-19 01:37:21 开始操作号码 【1834765】
2021-07-19 01:40:04 GSD getOne 第 1 次 等待 3 秒
2021-07-19 01:40:07 查询号码 【1834765】，返回信息 {"status":"bad","msg":""}
2021-07-19 01:40:07 查询号码 【1834765】，GSD为【""】
2021-07-19 01:40:07 bad
2021-07-19 01:40:11 CHB 1834765?1626630007 第 1 次 等待 3 秒
2021-07-19 01:40:14 CHB 1834765?1626630007 第 1 次 获取到号码【1834765】GSD
2021-07-19 01:40:14 获取到号码【1834765】的GSD为【内蒙古-赤峰】
2021-07-19 01:40:25 GSD insert 第 1 次 等待 3 秒
2021-07-19 01:40:28 {"status":"ok","gid":321193,"msg":"添加成功！"}
2021-07-19 01:40:28 下次操作: 2021-07-19 01:40:51

2021-07-19 01:40:51 开始第 29 次操作

2021-07-19 01:40:51 开始操作号码 【1834766】
2021-07-19 01:40:54 GSD getOne 第 1 次 等待 3 秒
2021-07-19 01:40:57 查询号码 【1834766】，返回信息 {"status":"bad","msg":""}
2021-07-19 01:40:57 查询号码 【1834766】，GSD为【""】
2021-07-19 01:40:57 bad
2021-07-19 01:40:59 CHB 1834766?1626630057 第 1 次 等待 3 秒
2021-07-19 01:41:02 CHB 1834766?1626630057 第 1 次 获取到号码【1834766】GSD
2021-07-19 01:41:02 获取到号码【1834766】的GSD为【内蒙古-赤峰】
2021-07-19 01:41:26 GSD insert 第 1 次 等待 3 秒
2021-07-19 01:41:29 {"status":"ok","gid":321200,"msg":"添加成功！"}
2021-07-19 01:41:29 下次操作: 2021-07-19 01:41:46

2021-07-19 01:41:46 开始第 30 次操作

2021-07-19 01:41:46 开始操作号码 【1834767】
2021-07-19 01:41:52 GSD getOne 第 1 次 等待 3 秒
2021-07-19 01:41:55 查询号码 【1834767】，返回信息 {"status":"bad","msg":""}
2021-07-19 01:41:55 查询号码 【1834767】，GSD为【""】
2021-07-19 01:41:55 bad
2021-07-19 01:41:56 CHB 1834767?1626630115 第 1 次 等待 3 秒
2021-07-19 01:41:59 CHB 1834767?1626630115 第 1 次 获取到号码【1834767】GSD
2021-07-19 01:42:00 获取到号码【1834767】的GSD为【内蒙古-赤峰】
2021-07-19 01:42:17 GSD insert 第 1 次 等待 3 秒
2021-07-19 01:42:20 {"status":"ok","gid":321212,"msg":"添加成功！"}
2021-07-19 01:42:20 下次操作: 2021-07-19 01:42:43

2021-07-19 01:42:43 开始第 31 次操作

2021-07-19 01:42:43 开始操作号码 【1834768】
2021-07-19 01:42:46 GSD getOne 第 1 次 等待 3 秒
2021-07-19 01:42:49 查询号码 【1834768】，返回信息 {"status":"bad","msg":""}
2021-07-19 01:42:49 查询号码 【1834768】，GSD为【""】
2021-07-19 01:42:49 bad
2021-07-19 01:42:52 CHB 1834768?1626630169 第 1 次 等待 3 秒
2021-07-19 01:42:55 CHB 1834768?1626630169 第 1 次 获取到号码【1834768】GSD
2021-07-19 01:42:55 获取到号码【1834768】的GSD为【内蒙古-赤峰】
2021-07-19 01:44:09 GSD insert 第 1 次 等待 3 秒
2021-07-19 01:44:12 {"status":"ok","gid":321230,"msg":"添加成功！"}
2021-07-19 01:44:12 下次操作: 2021-07-19 01:44:25

2021-07-19 01:44:25 开始第 32 次操作

2021-07-19 01:44:25 开始操作号码 【1834769】
2021-07-19 01:45:20 GSD getOne 第 1 次 等待 3 秒
2021-07-19 01:45:23 查询号码 【1834769】，返回信息 {"status":"bad","msg":""}
2021-07-19 01:45:23 查询号码 【1834769】，GSD为【""】
2021-07-19 01:45:23 bad
2021-07-19 01:45:24 CHB 1834769?1626630323 第 1 次 等待 3 秒
2021-07-19 01:45:27 CHB 1834769?1626630323 第 1 次 获取到号码【1834769】GSD
2021-07-19 01:45:27 获取到号码【1834769】的GSD为【内蒙古-赤峰】
2021-07-19 01:45:48 GSD insert 第 1 次 等待 3 秒
2021-07-19 01:45:51 {"status":"ok","gid":321245,"msg":"添加成功！"}
2021-07-19 01:45:51 下次操作: 2021-07-19 01:46:03

2021-07-19 01:46:03 开始第 33 次操作

2021-07-19 01:46:03 开始操作号码 【1834770】
2021-07-19 01:46:38 GSD getOne 第 1 次 等待 3 秒
2021-07-19 01:46:41 查询号码 【1834770】，返回信息 {"status":"bad","msg":""}
2021-07-19 01:46:41 查询号码 【1834770】，GSD为【""】
2021-07-19 01:46:41 bad
2021-07-19 01:46:43 CHB 1834770?1626630401 第 1 次 等待 3 秒
2021-07-19 01:46:46 CHB 1834770?1626630401 第 1 次 获取到号码【1834770】GSD
2021-07-19 01:46:46 获取到号码【1834770】的GSD为【内蒙古-鄂尔多斯】
2021-07-19 01:47:13 GSD insert 第 1 次 等待 3 秒
2021-07-19 01:47:16 {"status":"ok","gid":321254,"msg":"添加成功！"}
2021-07-19 01:47:16 下次操作: 2021-07-19 01:47:33

2021-07-19 01:47:33 开始第 34 次操作

2021-07-19 01:47:33 开始操作号码 【1834771】
2021-07-19 01:47:36 GSD getOne 第 1 次 等待 3 秒
2021-07-19 01:47:39 查询号码 【1834771】，返回信息 {"status":"bad","msg":""}
2021-07-19 01:47:39 查询号码 【1834771】，GSD为【""】
2021-07-19 01:47:39 bad
2021-07-19 01:47:41 CHB 1834771?1626630459 第 1 次 等待 3 秒
2021-07-19 01:47:44 CHB 1834771?1626630459 第 1 次 获取到号码【1834771】GSD
2021-07-19 01:47:44 获取到号码【1834771】的GSD为【内蒙古-鄂尔多斯】
2021-07-19 01:48:02 GSD insert 第 1 次 等待 3 秒
2021-07-19 01:48:05 {"status":"ok","gid":321260,"msg":"添加成功！"}
2021-07-19 01:48:05 下次操作: 2021-07-19 01:48:24

2021-07-19 01:48:24 开始第 35 次操作

2021-07-19 01:48:24 开始操作号码 【1834772】
2021-07-19 01:48:28 GSD getOne 第 1 次 等待 3 秒
2021-07-19 01:48:31 查询号码 【1834772】，返回信息 {"status":"bad","msg":""}
2021-07-19 01:48:31 查询号码 【1834772】，GSD为【""】
2021-07-19 01:48:31 bad
2021-07-19 01:48:32 CHB 1834772?1626630511 第 1 次 等待 3 秒
2021-07-19 01:48:35 CHB 1834772?1626630511 第 1 次 获取到号码【1834772】GSD
2021-07-19 01:48:35 获取到号码【1834772】的GSD为【内蒙古-鄂尔多斯】
2021-07-19 01:49:00 GSD insert 第 1 次 等待 3 秒
2021-07-19 01:49:03 {"status":"ok","gid":321264,"msg":"添加成功！"}
2021-07-19 01:49:03 下次操作: 2021-07-19 01:49:15

2021-07-19 01:49:15 开始第 36 次操作

2021-07-19 01:49:15 开始操作号码 【1834773】
2021-07-19 01:49:36 GSD getOne 第 1 次 等待 3 秒
2021-07-19 01:49:39 查询号码 【1834773】，返回信息 {"status":"bad","msg":""}
2021-07-19 01:49:39 查询号码 【1834773】，GSD为【""】
2021-07-19 01:49:39 bad
2021-07-19 01:49:42 CHB 1834773?1626630579 第 1 次 等待 3 秒
2021-07-19 01:49:45 CHB 1834773?1626630579 第 1 次 获取到号码【1834773】GSD
2021-07-19 01:49:45 获取到号码【1834773】的GSD为【内蒙古-鄂尔多斯】
2021-07-19 01:49:55 GSD insert 第 1 次 等待 3 秒
2021-07-19 01:49:58 {"status":"ok","gid":321269,"msg":"添加成功！"}
2021-07-19 01:49:58 下次操作: 2021-07-19 01:50:21

2021-07-19 01:50:21 开始第 37 次操作

2021-07-19 01:50:21 开始操作号码 【1834774】
2021-07-19 01:50:24 GSD getOne 第 1 次 等待 3 秒
2021-07-19 01:50:27 查询号码 【1834774】，返回信息 {"status":"ok","msg":"内蒙古-鄂尔多斯","gid":"37800","time_insert":"2017-06-14 13:44","time_update":"2020-12-16 20:31"}
2021-07-19 01:50:27 查询号码 【1834774】，GSD为【"内蒙古-鄂尔多斯"】

2021-07-19 01:50:27 开始第 37 次操作

2021-07-19 01:50:27 开始操作号码 【1834775】
2021-07-19 01:50:45 GSD getOne 第 1 次 等待 3 秒
2021-07-19 01:50:48 查询号码 【1834775】，返回信息 {"status":"bad","msg":""}
2021-07-19 01:50:48 查询号码 【1834775】，GSD为【""】
2021-07-19 01:50:48 bad
2021-07-19 01:50:51 CHB 1834775?1626630648 第 1 次 等待 3 秒
2021-07-19 01:50:54 CHB 1834775?1626630648 第 1 次 获取到号码【1834775】GSD
2021-07-19 01:50:54 获取到号码【1834775】的GSD为【内蒙古-鄂尔多斯】
2021-07-19 01:51:04 GSD insert 第 1 次 等待 3 秒
2021-07-19 01:51:07 {"status":"ok","gid":321278,"msg":"添加成功！"}
2021-07-19 01:51:07 下次操作: 2021-07-19 01:51:22

2021-07-19 01:51:22 开始第 38 次操作

2021-07-19 01:51:22 开始操作号码 【1834776】
2021-07-19 01:51:41 GSD getOne 第 1 次 等待 3 秒
2021-07-19 01:51:44 查询号码 【1834776】，返回信息 {"status":"bad","msg":""}
2021-07-19 01:51:44 查询号码 【1834776】，GSD为【""】
2021-07-19 01:51:44 bad
2021-07-19 01:51:48 CHB 1834776?1626630704 第 1 次 等待 3 秒
2021-07-19 01:51:51 CHB 1834776?1626630704 第 1 次 获取到号码【1834776】GSD
2021-07-19 01:51:51 获取到号码【1834776】的GSD为【内蒙古-鄂尔多斯】
2021-07-19 01:52:01 GSD insert 第 1 次 等待 3 秒
2021-07-19 01:52:04 {"status":"ok","gid":321283,"msg":"添加成功！"}
2021-07-19 01:52:04 下次操作: 2021-07-19 01:52:27

2021-07-19 01:52:27 开始第 39 次操作

2021-07-19 01:52:27 开始操作号码 【1834777】
2021-07-19 01:52:30 GSD getOne 第 1 次 等待 3 秒
2021-07-19 01:52:33 查询号码 【1834777】，返回信息 {"status":"bad","msg":""}
2021-07-19 01:52:33 查询号码 【1834777】，GSD为【""】
2021-07-19 01:52:33 bad
2021-07-19 01:52:34 CHB 1834777?1626630753 第 1 次 等待 3 秒
2021-07-19 01:52:37 CHB 1834777?1626630753 第 1 次 获取到号码【1834777】GSD
2021-07-19 01:52:37 获取到号码【1834777】的GSD为【内蒙古-鄂尔多斯】
2021-07-19 01:53:27 GSD insert 第 1 次 等待 3 秒
2021-07-19 01:53:30 {"status":"ok","gid":321290,"msg":"添加成功！"}
2021-07-19 01:53:30 下次操作: 2021-07-19 01:53:50

2021-07-19 01:53:50 开始第 40 次操作

2021-07-19 01:53:50 开始操作号码 【1834778】
2021-07-19 01:53:53 GSD getOne 第 1 次 等待 3 秒
2021-07-19 01:53:56 查询号码 【1834778】，返回信息 {"status":"bad","msg":""}
2021-07-19 01:53:56 查询号码 【1834778】，GSD为【""】
2021-07-19 01:53:56 bad
2021-07-19 01:53:58 CHB 1834778?1626630836 第 1 次 等待 3 秒
2021-07-19 01:54:01 CHB 1834778?1626630836 第 1 次 获取到号码【1834778】GSD
2021-07-19 01:54:01 获取到号码【1834778】的GSD为【内蒙古-通辽】
2021-07-19 01:54:25 GSD insert 第 1 次 等待 3 秒
2021-07-19 01:54:28 {"status":"bad","gid":"321298","msg":"添加失败！号码【1834778(内蒙古-通辽|内蒙古-通辽)】已存在！"}

