2024-10-28 00:13:33 开始第 1833 次操作

2024-10-28 00:13:33 开始操作号码 【1331832】
2024-10-28 00:13:34 GSD getOne 第 1 次 等待 3 秒
2024-10-28 00:13:37 查询号码 【1331832】，返回信息 {"status":"ok","msg":"广东-佛山","gid":"74741","time_insert":"2021-05-31 16:58"}
2024-10-28 00:13:37 查询号码 【1331832】，GSD为【"广东-佛山"】

2024-10-28 00:13:38 开始第 1834 次操作

2024-10-28 00:13:38 开始操作号码 【1331833】
2024-10-28 00:13:38 GSD getOne 第 1 次 等待 3 秒
2024-10-28 00:13:41 查询号码 【1331833】，返回信息 {"status":"ok","msg":"广东-佛山","gid":"74765","time_insert":"2021-05-31 17:26"}
2024-10-28 00:13:42 查询号码 【1331833】，GSD为【"广东-佛山"】

2024-10-28 00:13:43 开始第 1835 次操作

2024-10-28 00:13:43 开始操作号码 【1331834】
2024-10-28 00:13:43 GSD getOne 第 1 次 等待 3 秒
2024-10-28 00:13:46 查询号码 【1331834】，返回信息 {"status":"ok","msg":"广东-佛山","gid":"74778","time_insert":"2021-05-31 17:44"}
2024-10-28 00:13:46 查询号码 【1331834】，GSD为【"广东-佛山"】

2024-10-28 00:13:47 开始第 1836 次操作

2024-10-28 00:13:47 开始操作号码 【1331835】
2024-10-28 00:13:48 GSD getOne 第 1 次 等待 3 秒
2024-10-28 00:13:51 查询号码 【1331835】，返回信息 {"status":"ok","msg":"广东-佛山","gid":"74797","time_insert":"2021-05-31 18:08"}
2024-10-28 00:13:51 查询号码 【1331835】，GSD为【"广东-佛山"】

2024-10-28 00:41:15 开始第 1837 次操作

2024-10-28 00:41:15 开始操作号码 【1331836】
2024-10-28 00:41:16 GSD getOne 第 1 次 等待 3 秒
2024-10-28 00:41:19 查询号码 【1331836】，返回信息 {"status":"ok","msg":"广东-佛山","gid":"74815","time_insert":"2021-05-31 18:26"}
2024-10-28 00:41:19 查询号码 【1331836】，GSD为【"广东-佛山"】

2024-10-28 00:41:20 开始第 1838 次操作

2024-10-28 00:41:20 开始操作号码 【1331837】
2024-10-28 00:41:21 GSD getOne 第 1 次 等待 3 秒
2024-10-28 00:41:24 查询号码 【1331837】，返回信息 {"status":"ok","msg":"广东-佛山","gid":"74836","time_insert":"2021-05-31 18:53"}
2024-10-28 00:41:24 查询号码 【1331837】，GSD为【"广东-佛山"】

2024-10-28 00:41:25 开始第 1839 次操作

2024-10-28 00:41:25 开始操作号码 【1331838】
2024-10-28 00:41:26 GSD getOne 第 1 次 等待 3 秒
2024-10-28 00:41:29 查询号码 【1331838】，返回信息 {"status":"ok","msg":"广东-佛山","gid":"74855","time_insert":"2021-05-31 19:17"}
2024-10-28 00:41:29 查询号码 【1331838】，GSD为【"广东-佛山"】

2024-10-28 00:41:30 开始第 1840 次操作

2024-10-28 00:41:30 开始操作号码 【1331839】
2024-10-28 00:41:31 GSD getOne 第 1 次 等待 3 秒
2024-10-28 00:41:34 查询号码 【1331839】，返回信息 {"status":"ok","msg":"广东-佛山","gid":"74868","time_insert":"2021-05-31 19:33"}
2024-10-28 00:41:34 查询号码 【1331839】，GSD为【"广东-佛山"】

