2021-07-22 00:00:04 开始第 19 次操作

2021-07-22 00:00:04 开始操作号码 【1837513】
2021-07-22 00:00:08 GSD getOne 第 1 次 等待 3 秒
2021-07-22 00:00:11 查询号码 【1837513】，返回信息 {"status":"ok","msg":"贵州-都匀","gid":"38117","time_insert":"2017-08-07 04:18","time_update":"2020-11-22 22:37"}
2021-07-22 00:00:11 查询号码 【1837513】，GSD为【"贵州-都匀"】

2021-07-22 00:00:11 开始第 19 次操作

2021-07-22 00:00:11 开始操作号码 【1837514】
2021-07-22 00:00:16 GSD getOne 第 1 次 等待 3 秒
2021-07-22 00:00:19 查询号码 【1837514】，返回信息 {"status":"bad","msg":""}
2021-07-22 00:00:19 查询号码 【1837514】，GSD为【""】
2021-07-22 00:00:19 bad
2021-07-22 00:00:21 CHB 1837514?1626883219 第 1 次 等待 3 秒
2021-07-22 00:00:24 CHB 1837514?1626883219 第 1 次 获取到号码【1837514】GSD
2021-07-22 00:00:24 获取到号码【1837514】的GSD为【贵州-都匀】
2021-07-22 00:00:29 GSD insert 第 1 次 等待 3 秒
2021-07-22 00:00:32 {"status":"ok","gid":350173,"msg":"添加成功！"}
2021-07-22 00:00:32 下次操作: 2021-07-22 00:00:50

2021-07-22 00:00:50 开始第 20 次操作

2021-07-22 00:00:50 开始操作号码 【1837515】
2021-07-22 00:00:58 GSD getOne 第 1 次 等待 3 秒
2021-07-22 00:01:01 查询号码 【1837515】，返回信息 {"status":"bad","msg":""}
2021-07-22 00:01:01 查询号码 【1837515】，GSD为【""】
2021-07-22 00:01:01 bad
2021-07-22 00:01:02 CHB 1837515?1626883261 第 1 次 等待 3 秒
2021-07-22 00:01:05 CHB 1837515?1626883261 第 1 次 获取到号码【1837515】GSD
2021-07-22 00:01:05 获取到号码【1837515】的GSD为【贵州-都匀】
2021-07-22 00:01:08 GSD insert 第 1 次 等待 3 秒
2021-07-22 00:01:11 {"status":"ok","gid":350181,"msg":"添加成功！"}
2021-07-22 00:01:11 下次操作: 2021-07-22 00:01:32

2021-07-22 00:01:32 开始第 21 次操作

2021-07-22 00:01:32 开始操作号码 【1837516】
2021-07-22 00:01:34 GSD getOne 第 1 次 等待 3 秒
2021-07-22 00:01:37 查询号码 【1837516】，返回信息 {"status":"bad","msg":""}
2021-07-22 00:01:37 查询号码 【1837516】，GSD为【""】
2021-07-22 00:01:37 bad
2021-07-22 00:01:39 CHB 1837516?1626883297 第 1 次 等待 3 秒
2021-07-22 00:01:42 CHB 1837516?1626883297 第 1 次 获取到号码【1837516】GSD
2021-07-22 00:01:42 获取到号码【1837516】的GSD为【贵州-都匀】
2021-07-22 00:01:46 GSD insert 第 1 次 等待 3 秒
2021-07-22 00:01:49 {"status":"ok","gid":350187,"msg":"添加成功！"}
2021-07-22 00:01:49 下次操作: 2021-07-22 00:02:05

2021-07-22 00:02:05 开始第 22 次操作

2021-07-22 00:02:05 开始操作号码 【1837517】
2021-07-22 00:02:17 GSD getOne 第 1 次 等待 3 秒
2021-07-22 00:02:20 查询号码 【1837517】，返回信息 {"status":"bad","msg":""}
2021-07-22 00:02:20 查询号码 【1837517】，GSD为【""】
2021-07-22 00:02:20 bad
2021-07-22 00:02:21 CHB 1837517?1626883340 第 1 次 等待 3 秒
2021-07-22 00:02:24 CHB 1837517?1626883340 第 1 次 获取到号码【1837517】GSD
2021-07-22 00:02:24 获取到号码【1837517】的GSD为【贵州-都匀】
2021-07-22 00:02:32 GSD insert 第 1 次 等待 3 秒
2021-07-22 00:02:35 {"status":"ok","gid":350195,"msg":"添加成功！"}
2021-07-22 00:02:35 下次操作: 2021-07-22 00:02:58

2021-07-22 00:02:58 开始第 23 次操作

2021-07-22 00:02:58 开始操作号码 【1837518】
2021-07-22 00:03:01 GSD getOne 第 1 次 等待 3 秒
2021-07-22 00:03:04 查询号码 【1837518】，返回信息 {"status":"ok","msg":"贵州-都匀","gid":"38118","time_insert":"2017-10-30 00:11","time_update":"2020-11-22 22:42"}
2021-07-22 00:03:04 查询号码 【1837518】，GSD为【"贵州-都匀"】

2021-07-22 00:03:04 开始第 23 次操作

2021-07-22 00:03:04 开始操作号码 【1837519】
2021-07-22 00:03:11 GSD getOne 第 1 次 等待 3 秒
2021-07-22 00:03:14 查询号码 【1837519】，返回信息 {"status":"ok","msg":"贵州-都匀","gid":"38119","time_insert":"2017-12-04 04:31","time_update":"2020-11-22 22:46"}
2021-07-22 00:03:15 查询号码 【1837519】，GSD为【"贵州-都匀"】

2021-07-22 00:03:15 开始第 23 次操作

2021-07-22 00:03:15 开始操作号码 【1837520】
2021-07-22 00:03:18 GSD getOne 第 1 次 等待 3 秒
2021-07-22 00:03:21 查询号码 【1837520】，返回信息 {"status":"ok","msg":"贵州-都匀","gid":"38120","time_insert":"2020-05-17 15:44","time_update":"2020-11-22 22:51"}
2021-07-22 00:03:21 查询号码 【1837520】，GSD为【"贵州-都匀"】

2021-07-22 00:03:21 开始第 23 次操作

2021-07-22 00:03:21 开始操作号码 【1837521】
2021-07-22 00:03:23 GSD getOne 第 1 次 等待 3 秒
2021-07-22 00:03:26 查询号码 【1837521】，返回信息 {"status":"ok","msg":"贵州-都匀","gid":"38121","time_insert":"2018-04-16 09:43","time_update":"2020-11-22 22:54"}
2021-07-22 00:03:26 查询号码 【1837521】，GSD为【"贵州-都匀"】

2021-07-22 00:03:26 开始第 23 次操作

2021-07-22 00:03:26 开始操作号码 【1837522】
2021-07-22 00:03:35 GSD getOne 第 1 次 等待 3 秒
2021-07-22 00:03:38 查询号码 【1837522】，返回信息 {"status":"bad","msg":""}
2021-07-22 00:03:38 查询号码 【1837522】，GSD为【""】
2021-07-22 00:03:38 bad
2021-07-22 00:03:40 CHB 1837522?1626883418 第 1 次 等待 3 秒
2021-07-22 00:03:43 CHB 1837522?1626883418 第 1 次 获取到号码【1837522】GSD
2021-07-22 00:03:43 获取到号码【1837522】的GSD为【贵州-都匀】
2021-07-22 00:03:47 GSD insert 第 1 次 等待 3 秒
2021-07-22 00:03:50 {"status":"ok","gid":350210,"msg":"添加成功！"}
2021-07-22 00:03:50 下次操作: 2021-07-22 00:04:14

2021-07-22 00:04:14 开始第 24 次操作

2021-07-22 00:04:14 开始操作号码 【1837523】
2021-07-22 00:04:16 GSD getOne 第 1 次 等待 3 秒
2021-07-22 00:04:19 查询号码 【1837523】，返回信息 {"status":"bad","msg":""}
2021-07-22 00:04:20 查询号码 【1837523】，GSD为【""】
2021-07-22 00:04:20 bad
2021-07-22 00:04:21 CHB 1837523?1626883460 第 1 次 等待 3 秒
2021-07-22 00:04:24 CHB 1837523?1626883460 第 1 次 获取到号码【1837523】GSD
2021-07-22 00:04:25 获取到号码【1837523】的GSD为【贵州-都匀】
2021-07-22 00:04:27 GSD insert 第 1 次 等待 3 秒
2021-07-22 00:04:30 {"status":"ok","gid":350216,"msg":"添加成功！"}
2021-07-22 00:04:30 下次操作: 2021-07-22 00:04:50

2021-07-22 00:04:50 开始第 25 次操作

2021-07-22 00:04:50 开始操作号码 【1837524】
2021-07-22 00:04:53 GSD getOne 第 1 次 等待 3 秒
2021-07-22 00:04:56 查询号码 【1837524】，返回信息 {"status":"bad","msg":""}
2021-07-22 00:04:56 查询号码 【1837524】，GSD为【""】
2021-07-22 00:04:56 bad
2021-07-22 00:04:57 CHB 1837524?1626883496 第 1 次 等待 3 秒
2021-07-22 00:05:00 CHB 1837524?1626883496 第 1 次 获取到号码【1837524】GSD
2021-07-22 00:05:00 获取到号码【1837524】的GSD为【贵州-都匀】
2021-07-22 00:05:04 GSD insert 第 1 次 等待 3 秒
2021-07-22 00:05:07 {"status":"ok","gid":350222,"msg":"添加成功！"}
2021-07-22 00:05:07 下次操作: 2021-07-22 00:05:26

2021-07-22 00:05:26 开始第 26 次操作

2021-07-22 00:05:26 开始操作号码 【1837525】
2021-07-22 00:05:29 GSD getOne 第 1 次 等待 3 秒
2021-07-22 00:05:32 查询号码 【1837525】，返回信息 {"status":"bad","msg":""}
2021-07-22 00:05:32 查询号码 【1837525】，GSD为【""】
2021-07-22 00:05:32 bad
2021-07-22 00:05:33 CHB 1837525?1626883532 第 1 次 等待 3 秒
2021-07-22 00:05:36 CHB 1837525?1626883532 第 1 次 获取到号码【1837525】GSD
2021-07-22 00:05:36 获取到号码【1837525】的GSD为【贵州-凯里】
2021-07-22 00:05:39 GSD insert 第 1 次 等待 3 秒
2021-07-22 00:05:42 {"status":"ok","gid":350230,"msg":"添加成功！"}
2021-07-22 00:05:42 下次操作: 2021-07-22 00:06:05

2021-07-22 00:06:05 开始第 27 次操作

2021-07-22 00:06:05 开始操作号码 【1837526】
2021-07-22 00:06:15 GSD getOne 第 1 次 等待 3 秒
2021-07-22 00:06:18 查询号码 【1837526】，返回信息 {"status":"bad","msg":""}
2021-07-22 00:06:18 查询号码 【1837526】，GSD为【""】
2021-07-22 00:06:18 bad
2021-07-22 00:06:21 CHB 1837526?1626883578 第 1 次 等待 3 秒
2021-07-22 00:06:24 CHB 1837526?1626883578 第 1 次 获取到号码【1837526】GSD
2021-07-22 00:06:24 获取到号码【1837526】的GSD为【贵州-凯里】
2021-07-22 00:06:26 GSD insert 第 1 次 等待 3 秒
2021-07-22 00:06:29 {"status":"ok","gid":350238,"msg":"添加成功！"}
2021-07-22 00:06:29 下次操作: 2021-07-22 00:06:45

2021-07-22 00:06:45 开始第 28 次操作

2021-07-22 00:06:45 开始操作号码 【1837527】
2021-07-22 00:06:48 GSD getOne 第 1 次 等待 3 秒
2021-07-22 00:06:51 查询号码 【1837527】，返回信息 {"status":"bad","msg":""}
2021-07-22 00:06:51 查询号码 【1837527】，GSD为【""】
2021-07-22 00:06:51 bad
2021-07-22 00:06:52 CHB 1837527?1626883611 第 1 次 等待 3 秒
2021-07-22 00:06:55 CHB 1837527?1626883611 第 1 次 获取到号码【1837527】GSD
2021-07-22 00:06:55 获取到号码【1837527】的GSD为【贵州-凯里】
2021-07-22 00:07:00 GSD insert 第 1 次 等待 3 秒
2021-07-22 00:07:03 {"status":"ok","gid":350245,"msg":"添加成功！"}
2021-07-22 00:07:03 下次操作: 2021-07-22 00:07:19

2021-07-22 00:07:19 开始第 29 次操作

2021-07-22 00:07:19 开始操作号码 【1837528】
2021-07-22 00:07:22 GSD getOne 第 1 次 等待 3 秒
2021-07-22 00:07:25 查询号码 【1837528】，返回信息 {"status":"ok","msg":"贵州-凯里","gid":"38122","time_insert":"2017-10-29 00:05","time_update":"2020-11-22 22:59"}
2021-07-22 00:07:25 查询号码 【1837528】，GSD为【"贵州-凯里"】

2021-07-22 00:07:25 开始第 29 次操作

2021-07-22 00:07:25 开始操作号码 【1837529】
2021-07-22 00:07:28 GSD getOne 第 1 次 等待 3 秒
2021-07-22 00:07:31 查询号码 【1837529】，返回信息 {"status":"bad","msg":""}
2021-07-22 00:07:31 查询号码 【1837529】，GSD为【""】
2021-07-22 00:07:31 bad
2021-07-22 00:07:33 CHB 1837529?1626883651 第 1 次 等待 3 秒
2021-07-22 00:07:36 CHB 1837529?1626883651 第 1 次 获取到号码【1837529】GSD
2021-07-22 00:07:36 获取到号码【1837529】的GSD为【贵州-凯里】
2021-07-22 00:07:38 GSD insert 第 1 次 等待 3 秒
2021-07-22 00:07:41 {"status":"ok","gid":350254,"msg":"添加成功！"}
2021-07-22 00:07:41 下次操作: 2021-07-22 00:08:05

2021-07-22 00:08:05 开始第 30 次操作

2021-07-22 00:08:05 开始操作号码 【1837530】
2021-07-22 00:08:08 GSD getOne 第 1 次 等待 3 秒
2021-07-22 00:08:11 查询号码 【1837530】，返回信息 {"status":"bad","msg":""}
2021-07-22 00:08:11 查询号码 【1837530】，GSD为【""】
2021-07-22 00:08:11 bad
2021-07-22 00:08:12 CHB 1837530?1626883691 第 1 次 等待 3 秒
2021-07-22 00:08:15 CHB 1837530?1626883691 第 1 次 获取到号码【1837530】GSD
2021-07-22 00:08:15 获取到号码【1837530】的GSD为【安徽-芜湖】
2021-07-22 00:08:18 GSD insert 第 1 次 等待 3 秒
2021-07-22 00:08:21 {"status":"ok","gid":350260,"msg":"添加成功！"}
2021-07-22 00:08:21 下次操作: 2021-07-22 00:08:36

2021-07-22 00:08:36 开始第 31 次操作

2021-07-22 00:08:36 开始操作号码 【1837531】
2021-07-22 00:08:39 GSD getOne 第 1 次 等待 3 秒
2021-07-22 00:08:42 查询号码 【1837531】，返回信息 {"status":"bad","msg":""}
2021-07-22 00:08:42 查询号码 【1837531】，GSD为【""】
2021-07-22 00:08:42 bad
2021-07-22 00:08:44 CHB 1837531?1626883722 第 1 次 等待 3 秒
2021-07-22 00:08:47 CHB 1837531?1626883722 第 1 次 获取到号码【1837531】GSD
2021-07-22 00:08:47 获取到号码【1837531】的GSD为【安徽-芜湖】
2021-07-22 00:08:54 GSD insert 第 1 次 等待 3 秒
2021-07-22 00:08:57 {"status":"ok","gid":350267,"msg":"添加成功！"}
2021-07-22 00:08:57 下次操作: 2021-07-22 00:09:20

2021-07-22 00:09:20 开始第 32 次操作

2021-07-22 00:09:20 开始操作号码 【1837532】
2021-07-22 00:09:23 GSD getOne 第 1 次 等待 3 秒
2021-07-22 00:09:26 查询号码 【1837532】，返回信息 {"status":"bad","msg":""}
2021-07-22 00:09:26 查询号码 【1837532】，GSD为【""】
2021-07-22 00:09:26 bad
2021-07-22 00:09:28 CHB 1837532?1626883766 第 1 次 等待 3 秒
2021-07-22 00:09:31 CHB 1837532?1626883766 第 1 次 获取到号码【1837532】GSD
2021-07-22 00:09:31 获取到号码【1837532】的GSD为【安徽-芜湖】
2021-07-22 00:09:33 GSD insert 第 1 次 等待 3 秒
2021-07-22 00:09:36 {"status":"ok","gid":350276,"msg":"添加成功！"}
2021-07-22 00:09:36 下次操作: 2021-07-22 00:09:58

2021-07-22 00:09:58 开始第 33 次操作

2021-07-22 00:09:58 开始操作号码 【1837533】
2021-07-22 00:10:01 GSD getOne 第 1 次 等待 3 秒
2021-07-22 00:10:04 查询号码 【1837533】，返回信息 {"status":"bad","msg":""}
2021-07-22 00:10:04 查询号码 【1837533】，GSD为【""】
2021-07-22 00:10:04 bad
2021-07-22 00:10:05 CHB 1837533?1626883804 第 1 次 等待 3 秒
2021-07-22 00:10:08 CHB 1837533?1626883804 第 1 次 获取到号码【1837533】GSD
2021-07-22 00:10:08 获取到号码【1837533】的GSD为【安徽-芜湖】
2021-07-22 00:10:11 GSD insert 第 1 次 等待 3 秒
2021-07-22 00:10:14 {"status":"ok","gid":350280,"msg":"添加成功！"}
2021-07-22 00:10:14 下次操作: 2021-07-22 00:10:27

2021-07-22 00:10:27 开始第 34 次操作

2021-07-22 00:10:27 开始操作号码 【1837534】
2021-07-22 00:10:32 GSD getOne 第 1 次 等待 3 秒
2021-07-22 00:10:35 查询号码 【1837534】，返回信息 {"status":"bad","msg":""}
2021-07-22 00:10:35 查询号码 【1837534】，GSD为【""】
2021-07-22 00:10:35 bad
2021-07-22 00:10:36 CHB 1837534?1626883835 第 1 次 等待 3 秒
2021-07-22 00:10:39 CHB 1837534?1626883835 第 1 次 获取到号码【1837534】GSD
2021-07-22 00:10:39 获取到号码【1837534】的GSD为【安徽-芜湖】
2021-07-22 00:10:42 GSD insert 第 1 次 等待 3 秒
2021-07-22 00:10:45 {"status":"ok","gid":350287,"msg":"添加成功！"}
2021-07-22 00:10:45 下次操作: 2021-07-22 00:11:03

2021-07-22 00:11:03 开始第 35 次操作

2021-07-22 00:11:03 开始操作号码 【1837535】
2021-07-22 00:11:07 GSD getOne 第 1 次 等待 3 秒
2021-07-22 00:11:10 查询号码 【1837535】，返回信息 {"status":"bad","msg":""}
2021-07-22 00:11:10 查询号码 【1837535】，GSD为【""】
2021-07-22 00:11:10 bad
2021-07-22 00:11:11 CHB 1837535?1626883870 第 1 次 等待 3 秒
2021-07-22 00:11:14 CHB 1837535?1626883870 第 1 次 获取到号码【1837535】GSD
2021-07-22 00:11:14 获取到号码【1837535】的GSD为【安徽-安庆】
2021-07-22 00:11:17 GSD insert 第 1 次 等待 3 秒
2021-07-22 00:11:20 {"status":"ok","gid":350292,"msg":"添加成功！"}
2021-07-22 00:11:20 下次操作: 2021-07-22 00:11:39

2021-07-22 00:11:39 开始第 36 次操作

2021-07-22 00:11:39 开始操作号码 【1837536】
2021-07-22 00:12:04 GSD getOne 第 1 次 等待 3 秒
2021-07-22 00:12:07 查询号码 【1837536】，返回信息 {"status":"bad","msg":""}
2021-07-22 00:12:07 查询号码 【1837536】，GSD为【""】
2021-07-22 00:12:07 bad
2021-07-22 00:12:08 CHB 1837536?1626883927 第 1 次 等待 3 秒
2021-07-22 00:12:11 CHB 1837536?1626883927 第 1 次 获取到号码【1837536】GSD
2021-07-22 00:12:11 获取到号码【1837536】的GSD为【安徽-安庆】
2021-07-22 00:12:18 GSD insert 第 1 次 等待 3 秒
2021-07-22 00:12:21 {"status":"ok","gid":350300,"msg":"添加成功！"}
2021-07-22 00:12:21 下次操作: 2021-07-22 00:12:39

2021-07-22 00:12:39 开始第 37 次操作

2021-07-22 00:12:39 开始操作号码 【1837537】
2021-07-22 00:12:42 GSD getOne 第 1 次 等待 3 秒
2021-07-22 00:12:45 查询号码 【1837537】，返回信息 {"status":"bad","msg":""}
2021-07-22 00:12:45 查询号码 【1837537】，GSD为【""】
2021-07-22 00:12:45 bad
2021-07-22 00:12:47 CHB 1837537?1626883965 第 1 次 等待 3 秒
2021-07-22 00:12:50 CHB 1837537?1626883965 第 1 次 获取到号码【1837537】GSD
2021-07-22 00:12:50 获取到号码【1837537】的GSD为【安徽-安庆】
2021-07-22 00:12:54 GSD insert 第 1 次 等待 3 秒
2021-07-22 00:12:57 {"status":"ok","gid":350309,"msg":"添加成功！"}
2021-07-22 00:12:57 下次操作: 2021-07-22 00:13:16

2021-07-22 00:13:16 开始第 38 次操作

2021-07-22 00:13:16 开始操作号码 【1837538】
2021-07-22 00:13:20 GSD getOne 第 1 次 等待 3 秒
2021-07-22 00:13:23 查询号码 【1837538】，返回信息 {"status":"bad","msg":""}
2021-07-22 00:13:23 查询号码 【1837538】，GSD为【""】
2021-07-22 00:13:23 bad
2021-07-22 00:13:24 CHB 1837538?1626884003 第 1 次 等待 3 秒
2021-07-22 00:13:27 CHB 1837538?1626884003 第 1 次 获取到号码【1837538】GSD
2021-07-22 00:13:27 获取到号码【1837538】的GSD为【安徽-安庆】
2021-07-22 00:13:32 GSD insert 第 1 次 等待 3 秒
2021-07-22 00:13:35 {"status":"ok","gid":350317,"msg":"添加成功！"}
2021-07-22 00:13:35 下次操作: 2021-07-22 00:13:58

2021-07-22 00:13:58 开始第 39 次操作

2021-07-22 00:13:58 开始操作号码 【1837539】
2021-07-22 00:14:01 GSD getOne 第 1 次 等待 3 秒
2021-07-22 00:14:04 查询号码 【1837539】，返回信息 {"status":"bad","msg":""}
2021-07-22 00:14:04 查询号码 【1837539】，GSD为【""】
2021-07-22 00:14:04 bad
2021-07-22 00:14:05 CHB 1837539?1626884044 第 1 次 等待 3 秒
2021-07-22 00:14:08 CHB 1837539?1626884044 第 1 次 获取到号码【1837539】GSD
2021-07-22 00:14:08 获取到号码【1837539】的GSD为【安徽-安庆】
2021-07-22 00:14:11 GSD insert 第 1 次 等待 3 秒
2021-07-22 00:14:14 {"status":"ok","gid":350323,"msg":"添加成功！"}
2021-07-22 00:14:14 下次操作: 2021-07-22 00:14:31

2021-07-22 00:14:31 开始第 40 次操作

2021-07-22 00:14:31 开始操作号码 【1837540】
2021-07-22 00:14:56 GSD getOne 第 1 次 等待 3 秒
2021-07-22 00:14:59 查询号码 【1837540】，返回信息 {"status":"bad","msg":""}
2021-07-22 00:14:59 查询号码 【1837540】，GSD为【""】
2021-07-22 00:14:59 bad
2021-07-22 00:15:01 CHB 1837540?1626884099 第 1 次 等待 3 秒
2021-07-22 00:15:04 CHB 1837540?1626884099 第 1 次 获取到号码【1837540】GSD
2021-07-22 00:15:04 获取到号码【1837540】的GSD为【山东-菏泽】
2021-07-22 00:15:07 GSD insert 第 1 次 等待 3 秒
2021-07-22 00:15:10 {"status":"ok","gid":350330,"msg":"添加成功！"}

