2024-11-28 00:15:40 开始第 7269 次操作

2024-11-28 00:15:40 开始操作号码 【1337268】
2024-11-28 00:15:41 GSD getOne 第 1 次 等待 3 秒
2024-11-28 00:15:44 查询号码 【1337268】，返回信息 {"status":"ok","msg":"重庆-重庆","gid":"3492","time_insert":"2019-11-19 10:28","time_update":"2021-01-04 09:48"}
2024-11-28 00:15:44 查询号码 【1337268】，GSD为【"重庆-重庆"】

2024-11-28 00:15:45 开始第 7270 次操作

2024-11-28 00:15:45 开始操作号码 【1337269】
2024-11-28 00:15:46 GSD getOne 第 1 次 等待 3 秒
2024-11-28 00:15:49 查询号码 【1337269】，返回信息 {"status":"ok","msg":"重庆-重庆","gid":"284730","time_insert":"2021-07-15 15:09"}
2024-11-28 00:15:50 查询号码 【1337269】，GSD为【"重庆-重庆"】

2024-11-28 00:15:51 开始第 7271 次操作

2024-11-28 00:15:51 开始操作号码 【1337270】
2024-11-28 00:15:52 GSD getOne 第 1 次 等待 3 秒
2024-11-28 00:15:55 查询号码 【1337270】，返回信息 {"status":"ok","msg":"重庆-重庆","gid":"3493","time_insert":"2017-05-01 00:00","time_update":"2021-01-04 09:55"}
2024-11-28 00:15:55 查询号码 【1337270】，GSD为【"重庆-重庆"】

2024-11-28 00:15:56 开始第 7272 次操作

2024-11-28 00:15:56 开始操作号码 【1337271】
2024-11-28 00:15:57 GSD getOne 第 1 次 等待 3 秒
2024-11-28 00:16:00 查询号码 【1337271】，返回信息 {"status":"ok","msg":"重庆-重庆","gid":"284714","time_insert":"2021-07-15 15:08"}
2024-11-28 00:16:00 查询号码 【1337271】，GSD为【"重庆-重庆"】

