2021-07-04 00:00:15 开始第 11 次操作

2021-07-04 00:00:15 开始操作号码 【1743125】
2021-07-04 00:00:18 GSD getOne 第 1 次 等待 1 秒
2021-07-04 00:00:19 查询号码 【1743125】，返回信息 {"status":"bad","msg":""}
2021-07-04 00:00:20 查询号码 【1743125】，GSD为【""】
2021-07-04 00:00:20 bad
2021-07-04 00:00:21 CHB 1743125?1625328020 第 1 次 等待 1 秒
2021-07-04 00:00:22 CHB 1743125?1625328020 第 1 次 获取到号码【1743125】GSD
2021-07-04 00:00:22 未获取到号码【1743125】GSD，可能号码格式错误
2021-07-04 00:00:22 获取到号码【1743125】的GSD为【-】
2021-07-04 00:00:41 GSD insert 第 1 次 等待 1 秒
2021-07-04 00:00:42 {"status":"ok","msg":"添加成功！185553"}
2021-07-04 00:00:42 下次操作: 2021-07-04 00:00:49

2021-07-04 00:00:49 开始第 12 次操作

2021-07-04 00:00:49 开始操作号码 【1743126】
2021-07-04 00:01:08 GSD getOne 第 1 次 等待 1 秒
2021-07-04 00:01:09 查询号码 【1743126】，返回信息 {"status":"bad","msg":""}
2021-07-04 00:01:09 查询号码 【1743126】，GSD为【""】
2021-07-04 00:01:09 bad
2021-07-04 00:01:10 CHB 1743126?1625328069 第 1 次 等待 1 秒
2021-07-04 00:01:11 CHB 1743126?1625328069 第 1 次 获取到号码【1743126】GSD
2021-07-04 00:01:11 未获取到号码【1743126】GSD，可能号码格式错误
2021-07-04 00:01:11 获取到号码【1743126】的GSD为【-】
2021-07-04 00:01:31 GSD insert 第 1 次 等待 1 秒
2021-07-04 00:01:32 {"status":"ok","msg":"添加成功！185563"}
2021-07-04 00:01:32 下次操作: 2021-07-04 00:01:43

2021-07-04 00:01:43 开始第 13 次操作

2021-07-04 00:01:43 开始操作号码 【1743127】
2021-07-04 00:01:54 GSD getOne 第 1 次 等待 1 秒
2021-07-04 00:01:55 查询号码 【1743127】，返回信息 {"status":"bad","msg":""}
2021-07-04 00:01:55 查询号码 【1743127】，GSD为【""】
2021-07-04 00:01:55 bad
2021-07-04 00:01:57 CHB 1743127?1625328115 第 1 次 等待 1 秒
2021-07-04 00:01:58 CHB 1743127?1625328115 第 1 次 获取到号码【1743127】GSD
2021-07-04 00:01:58 未获取到号码【1743127】GSD，可能号码格式错误
2021-07-04 00:01:58 获取到号码【1743127】的GSD为【-】
2021-07-04 00:02:17 GSD insert 第 1 次 等待 1 秒
2021-07-04 00:02:18 {"status":"ok","msg":"添加成功！185573"}
2021-07-04 00:02:18 下次操作: 2021-07-04 00:02:36

2021-07-04 00:02:36 开始第 14 次操作

2021-07-04 00:02:37 开始操作号码 【1743128】
2021-07-04 00:02:45 GSD getOne 第 1 次 等待 1 秒
2021-07-04 00:02:46 查询号码 【1743128】，返回信息 {"status":"bad","msg":""}
2021-07-04 00:02:46 查询号码 【1743128】，GSD为【""】
2021-07-04 00:02:46 bad
2021-07-04 00:02:47 CHB 1743128?1625328166 第 1 次 等待 1 秒
2021-07-04 00:02:49 CHB 1743128?1625328166 第 1 次 获取到号码【1743128】GSD
2021-07-04 00:02:49 未获取到号码【1743128】GSD，可能号码格式错误
2021-07-04 00:02:49 获取到号码【1743128】的GSD为【-】
2021-07-04 00:03:08 GSD insert 第 1 次 等待 1 秒
2021-07-04 00:03:09 {"status":"ok","msg":"添加成功！185581"}
2021-07-04 00:03:09 下次操作: 2021-07-04 00:03:15

2021-07-04 00:03:15 开始第 15 次操作

2021-07-04 00:03:15 开始操作号码 【1743129】
2021-07-04 00:03:34 GSD getOne 第 1 次 等待 1 秒
2021-07-04 00:03:35 查询号码 【1743129】，返回信息 {"status":"bad","msg":""}
2021-07-04 00:03:35 查询号码 【1743129】，GSD为【""】
2021-07-04 00:03:35 bad
2021-07-04 00:03:36 CHB 1743129?1625328215 第 1 次 等待 1 秒
2021-07-04 00:03:37 CHB 1743129?1625328215 第 1 次 获取到号码【1743129】GSD
2021-07-04 00:03:37 未获取到号码【1743129】GSD，可能号码格式错误
2021-07-04 00:03:37 获取到号码【1743129】的GSD为【-】
2021-07-04 00:03:59 GSD insert 第 1 次 等待 1 秒
2021-07-04 00:04:00 {"status":"ok","msg":"添加成功！185593"}
2021-07-04 00:04:00 下次操作: 2021-07-04 00:04:06

2021-07-04 00:04:06 开始第 16 次操作

2021-07-04 00:04:06 开始操作号码 【1743130】
2021-07-04 00:04:25 GSD getOne 第 1 次 等待 1 秒
2021-07-04 00:04:26 查询号码 【1743130】，返回信息 {"status":"bad","msg":""}
2021-07-04 00:04:26 查询号码 【1743130】，GSD为【""】
2021-07-04 00:04:26 bad
2021-07-04 00:04:27 CHB 1743130?1625328266 第 1 次 等待 1 秒
2021-07-04 00:04:28 CHB 1743130?1625328266 第 1 次 获取到号码【1743130】GSD
2021-07-04 00:04:28 未获取到号码【1743130】GSD，可能号码格式错误
2021-07-04 00:04:28 获取到号码【1743130】的GSD为【-】
2021-07-04 00:04:49 GSD insert 第 1 次 等待 1 秒
2021-07-04 00:04:50 {"status":"ok","msg":"添加成功！185604"}
2021-07-04 00:04:50 下次操作: 2021-07-04 00:05:06

2021-07-04 00:05:06 开始第 17 次操作

2021-07-04 00:05:06 开始操作号码 【1743131】
2021-07-04 00:05:09 GSD getOne 第 1 次 等待 1 秒
2021-07-04 00:05:10 查询号码 【1743131】，返回信息 {"status":"bad","msg":""}
2021-07-04 00:05:11 查询号码 【1743131】，GSD为【""】
2021-07-04 00:05:11 bad
2021-07-04 00:05:12 CHB 1743131?1625328311 第 1 次 等待 1 秒
2021-07-04 00:05:13 CHB 1743131?1625328311 第 1 次 获取到号码【1743131】GSD
2021-07-04 00:05:13 未获取到号码【1743131】GSD，可能号码格式错误
2021-07-04 00:05:13 获取到号码【1743131】的GSD为【-】
2021-07-04 00:05:35 GSD insert 第 1 次 等待 1 秒
2021-07-04 00:05:36 {"status":"ok","msg":"添加成功！185609"}
2021-07-04 00:05:36 下次操作: 2021-07-04 00:05:52

2021-07-04 00:05:52 开始第 18 次操作

2021-07-04 00:05:52 开始操作号码 【1743132】
2021-07-04 00:05:55 GSD getOne 第 1 次 等待 1 秒
2021-07-04 00:05:56 查询号码 【1743132】，返回信息 {"status":"bad","msg":""}
2021-07-04 00:05:56 查询号码 【1743132】，GSD为【""】
2021-07-04 00:05:56 bad
2021-07-04 00:05:58 CHB 1743132?1625328356 第 1 次 等待 1 秒
2021-07-04 00:05:59 CHB 1743132?1625328356 第 1 次 获取到号码【1743132】GSD
2021-07-04 00:05:59 未获取到号码【1743132】GSD，可能号码格式错误
2021-07-04 00:05:59 获取到号码【1743132】的GSD为【-】
2021-07-04 00:06:20 GSD insert 第 1 次 等待 1 秒
2021-07-04 00:06:21 {"status":"ok","msg":"添加成功！185621"}
2021-07-04 00:06:21 下次操作: 2021-07-04 00:06:30

2021-07-04 00:06:30 开始第 19 次操作

2021-07-04 00:06:30 开始操作号码 【1743133】
2021-07-04 00:06:50 GSD getOne 第 1 次 等待 1 秒
2021-07-04 00:06:51 查询号码 【1743133】，返回信息 {"status":"bad","msg":""}
2021-07-04 00:06:51 查询号码 【1743133】，GSD为【""】
2021-07-04 00:06:51 bad
2021-07-04 00:06:56 CHB 1743133?1625328411 第 1 次 等待 1 秒
2021-07-04 00:06:57 CHB 1743133?1625328411 第 1 次 获取到号码【1743133】GSD
2021-07-04 00:06:57 未获取到号码【1743133】GSD，可能号码格式错误
2021-07-04 00:06:57 获取到号码【1743133】的GSD为【-】
2021-07-04 00:07:20 GSD insert 第 1 次 等待 1 秒
2021-07-04 00:07:21 {"status":"ok","msg":"添加成功！185632"}
2021-07-04 00:07:21 下次操作: 2021-07-04 00:07:37

2021-07-04 00:07:37 开始第 20 次操作

2021-07-04 00:07:37 开始操作号码 【1743134】
2021-07-04 00:07:41 GSD getOne 第 1 次 等待 1 秒
2021-07-04 00:07:42 查询号码 【1743134】，返回信息 {"status":"bad","msg":""}
2021-07-04 00:07:42 查询号码 【1743134】，GSD为【""】
2021-07-04 00:07:42 bad
2021-07-04 00:07:43 CHB 1743134?1625328462 第 1 次 等待 1 秒
2021-07-04 00:07:44 CHB 1743134?1625328462 第 1 次 获取到号码【1743134】GSD
2021-07-04 00:07:44 未获取到号码【1743134】GSD，可能号码格式错误
2021-07-04 00:07:44 获取到号码【1743134】的GSD为【-】
2021-07-04 00:08:08 GSD insert 第 1 次 等待 1 秒
2021-07-04 00:08:09 {"status":"ok","msg":"添加成功！185642"}
2021-07-04 00:08:09 下次操作: 2021-07-04 00:08:27

2021-07-04 00:08:27 开始第 21 次操作

2021-07-04 00:08:27 开始操作号码 【1743135】
2021-07-04 00:08:31 GSD getOne 第 1 次 等待 1 秒
2021-07-04 00:08:32 查询号码 【1743135】，返回信息 {"status":"bad","msg":""}
2021-07-04 00:08:32 查询号码 【1743135】，GSD为【""】
2021-07-04 00:08:32 bad
2021-07-04 00:08:34 CHB 1743135?1625328512 第 1 次 等待 1 秒
2021-07-04 00:08:35 CHB 1743135?1625328512 第 1 次 获取到号码【1743135】GSD
2021-07-04 00:08:35 未获取到号码【1743135】GSD，可能号码格式错误
2021-07-04 00:08:35 获取到号码【1743135】的GSD为【-】
2021-07-04 00:08:57 GSD insert 第 1 次 等待 1 秒
2021-07-04 00:08:58 {"status":"ok","msg":"添加成功！185650"}
2021-07-04 00:08:58 下次操作: 2021-07-04 00:09:10

2021-07-04 00:09:10 开始第 22 次操作

2021-07-04 00:09:10 开始操作号码 【1743136】
2021-07-04 00:09:17 GSD getOne 第 1 次 等待 1 秒
2021-07-04 00:09:18 查询号码 【1743136】，返回信息 {"status":"bad","msg":""}
2021-07-04 00:09:18 查询号码 【1743136】，GSD为【""】
2021-07-04 00:09:18 bad
2021-07-04 00:09:19 CHB 1743136?1625328558 第 1 次 等待 1 秒
2021-07-04 00:09:20 CHB 1743136?1625328558 第 1 次 获取到号码【1743136】GSD
2021-07-04 00:09:20 未获取到号码【1743136】GSD，可能号码格式错误
2021-07-04 00:09:20 获取到号码【1743136】的GSD为【-】
2021-07-04 00:09:41 GSD insert 第 1 次 等待 1 秒
2021-07-04 00:09:42 {"status":"ok","msg":"添加成功！185659"}
2021-07-04 00:09:42 下次操作: 2021-07-04 00:09:51

2021-07-04 00:09:51 开始第 23 次操作

2021-07-04 00:09:51 开始操作号码 【1743137】
2021-07-04 00:10:02 GSD getOne 第 1 次 等待 1 秒
2021-07-04 00:10:03 查询号码 【1743137】，返回信息 {"status":"bad","msg":""}
2021-07-04 00:10:03 查询号码 【1743137】，GSD为【""】
2021-07-04 00:10:03 bad
2021-07-04 00:10:04 CHB 1743137?1625328603 第 1 次 等待 1 秒
2021-07-04 00:10:05 CHB 1743137?1625328603 第 1 次 获取到号码【1743137】GSD
2021-07-04 00:10:05 未获取到号码【1743137】GSD，可能号码格式错误
2021-07-04 00:10:05 获取到号码【1743137】的GSD为【-】
2021-07-04 00:10:25 GSD insert 第 1 次 等待 1 秒
2021-07-04 00:10:26 {"status":"ok","msg":"添加成功！185668"}
2021-07-04 00:10:26 下次操作: 2021-07-04 00:10:35

2021-07-04 00:10:35 开始第 24 次操作

2021-07-04 00:10:35 开始操作号码 【1743138】
2021-07-04 00:10:49 GSD getOne 第 1 次 等待 1 秒
2021-07-04 00:10:50 查询号码 【1743138】，返回信息 {"status":"bad","msg":""}
2021-07-04 00:10:50 查询号码 【1743138】，GSD为【""】
2021-07-04 00:10:50 bad
2021-07-04 00:10:51 CHB 1743138?1625328650 第 1 次 等待 1 秒
2021-07-04 00:10:52 CHB 1743138?1625328650 第 1 次 获取到号码【1743138】GSD
2021-07-04 00:10:52 未获取到号码【1743138】GSD，可能号码格式错误
2021-07-04 00:10:52 获取到号码【1743138】的GSD为【-】
2021-07-04 00:11:16 GSD insert 第 1 次 等待 1 秒
2021-07-04 00:11:17 {"status":"ok","msg":"添加成功！185677"}
2021-07-04 00:11:17 下次操作: 2021-07-04 00:11:27

2021-07-04 00:11:27 开始第 25 次操作

2021-07-04 00:11:27 开始操作号码 【1743139】
2021-07-04 00:11:38 GSD getOne 第 1 次 等待 1 秒
2021-07-04 00:11:39 查询号码 【1743139】，返回信息 {"status":"bad","msg":""}
2021-07-04 00:11:39 查询号码 【1743139】，GSD为【""】
2021-07-04 00:11:39 bad
2021-07-04 00:11:43 CHB 1743139?1625328699 第 1 次 等待 1 秒
2021-07-04 00:11:44 CHB 1743139?1625328699 第 1 次 获取到号码【1743139】GSD
2021-07-04 00:11:44 未获取到号码【1743139】GSD，可能号码格式错误
2021-07-04 00:11:44 获取到号码【1743139】的GSD为【-】
2021-07-04 00:12:04 GSD insert 第 1 次 等待 1 秒
2021-07-04 00:12:05 {"status":"ok","msg":"添加成功！185688"}
2021-07-04 00:12:05 下次操作: 2021-07-04 00:12:19

2021-07-04 00:12:19 开始第 26 次操作

2021-07-04 00:12:19 开始操作号码 【1743140】
2021-07-04 00:12:26 GSD getOne 第 1 次 等待 1 秒
2021-07-04 00:12:27 查询号码 【1743140】，返回信息 {"status":"bad","msg":""}
2021-07-04 00:12:27 查询号码 【1743140】，GSD为【""】
2021-07-04 00:12:27 bad
2021-07-04 00:12:28 CHB 1743140?1625328747 第 1 次 等待 1 秒
2021-07-04 00:12:29 CHB 1743140?1625328747 第 1 次 获取到号码【1743140】GSD
2021-07-04 00:12:29 未获取到号码【1743140】GSD，可能号码格式错误
2021-07-04 00:12:29 获取到号码【1743140】的GSD为【-】
2021-07-04 00:12:48 GSD insert 第 1 次 等待 1 秒
2021-07-04 00:12:49 {"status":"ok","msg":"添加成功！185698"}
2021-07-04 00:12:49 下次操作: 2021-07-04 00:12:57

2021-07-04 00:12:57 开始第 27 次操作

2021-07-04 00:12:57 开始操作号码 【1743141】
2021-07-04 00:13:07 GSD getOne 第 1 次 等待 1 秒
2021-07-04 00:13:08 查询号码 【1743141】，返回信息 {"status":"bad","msg":""}
2021-07-04 00:13:08 查询号码 【1743141】，GSD为【""】
2021-07-04 00:13:08 bad
2021-07-04 00:13:10 CHB 1743141?1625328788 第 1 次 等待 1 秒
2021-07-04 00:13:11 CHB 1743141?1625328788 第 1 次 获取到号码【1743141】GSD
2021-07-04 00:13:11 未获取到号码【1743141】GSD，可能号码格式错误
2021-07-04 00:13:11 获取到号码【1743141】的GSD为【-】
2021-07-04 00:13:33 GSD insert 第 1 次 等待 1 秒
2021-07-04 00:13:34 {"status":"ok","msg":"添加成功！185707"}
2021-07-04 00:13:34 下次操作: 2021-07-04 00:13:51

2021-07-04 00:13:51 开始第 28 次操作

2021-07-04 00:13:51 开始操作号码 【1743142】
2021-07-04 00:13:55 GSD getOne 第 1 次 等待 1 秒
2021-07-04 00:13:56 查询号码 【1743142】，返回信息 {"status":"bad","msg":""}
2021-07-04 00:13:56 查询号码 【1743142】，GSD为【""】
2021-07-04 00:13:56 bad
2021-07-04 00:13:58 CHB 1743142?1625328836 第 1 次 等待 1 秒
2021-07-04 00:13:59 CHB 1743142?1625328836 第 1 次 获取到号码【1743142】GSD
2021-07-04 00:13:59 未获取到号码【1743142】GSD，可能号码格式错误
2021-07-04 00:13:59 获取到号码【1743142】的GSD为【-】
2021-07-04 00:14:17 GSD insert 第 1 次 等待 1 秒
2021-07-04 00:14:19 {"status":"ok","msg":"添加成功！185715"}
2021-07-04 00:14:19 下次操作: 2021-07-04 00:14:30

2021-07-04 00:14:30 开始第 29 次操作

2021-07-04 00:14:30 开始操作号码 【1743143】
2021-07-04 00:14:44 GSD getOne 第 1 次 等待 1 秒
2021-07-04 00:14:45 查询号码 【1743143】，返回信息 {"status":"bad","msg":""}
2021-07-04 00:14:45 查询号码 【1743143】，GSD为【""】
2021-07-04 00:14:45 bad
2021-07-04 00:14:46 CHB 1743143?1625328885 第 1 次 等待 1 秒
2021-07-04 00:14:47 CHB 1743143?1625328885 第 1 次 获取到号码【1743143】GSD
2021-07-04 00:14:47 未获取到号码【1743143】GSD，可能号码格式错误
2021-07-04 00:14:47 获取到号码【1743143】的GSD为【-】
2021-07-04 00:15:06 GSD insert 第 1 次 等待 1 秒
2021-07-04 00:15:07 {"status":"ok","msg":"添加成功！185722"}
2021-07-04 00:15:07 下次操作: 2021-07-04 00:15:16

2021-07-04 00:15:16 开始第 30 次操作

2021-07-04 00:15:16 开始操作号码 【1743144】
2021-07-04 00:15:29 GSD getOne 第 1 次 等待 1 秒
2021-07-04 00:15:30 查询号码 【1743144】，返回信息 {"status":"bad","msg":""}
2021-07-04 00:15:30 查询号码 【1743144】，GSD为【""】
2021-07-04 00:15:30 bad
2021-07-04 00:15:31 CHB 1743144?1625328930 第 1 次 等待 1 秒
2021-07-04 00:15:32 CHB 1743144?1625328930 第 1 次 获取到号码【1743144】GSD
2021-07-04 00:15:32 未获取到号码【1743144】GSD，可能号码格式错误
2021-07-04 00:15:32 获取到号码【1743144】的GSD为【-】
2021-07-04 00:15:52 GSD insert 第 1 次 等待 1 秒
2021-07-04 00:15:53 {"status":"ok","msg":"添加成功！185731"}

