2024-01-19 00:11:38 开始第 9737 次操作

2024-01-19 00:11:38 开始操作号码 【1889650】
2024-01-19 00:11:43 GSD getOne 第 1 次 等待 3 秒
2024-01-19 00:11:46 查询号码 【1889650】，返回信息 {"status":"ok","msg":"江苏-苏州","gid":"417696","time_insert":"2021-07-27 21:59"}
2024-01-19 00:11:46 查询号码 【1889650】，GSD为【"江苏-苏州"】

2024-01-19 00:11:47 开始第 9738 次操作

2024-01-19 00:11:47 开始操作号码 【1889651】
2024-01-19 00:11:54 GSD getOne 第 1 次 等待 3 秒
2024-01-19 00:11:57 查询号码 【1889651】，返回信息 {"status":"ok","msg":"江苏-苏州","gid":"417683","time_insert":"2021-07-27 21:58"}
2024-01-19 00:11:57 查询号码 【1889651】，GSD为【"江苏-苏州"】

2024-01-19 00:11:58 开始第 9739 次操作

2024-01-19 00:11:58 开始操作号码 【1889652】
2024-01-19 00:12:02 GSD getOne 第 1 次 等待 3 秒
2024-01-19 00:12:05 查询号码 【1889652】，返回信息 {"status":"ok","msg":"江苏-苏州","gid":"417674","time_insert":"2021-07-27 21:58"}
2024-01-19 00:12:05 查询号码 【1889652】，GSD为【"江苏-苏州"】

2024-01-19 00:12:06 开始第 9740 次操作

2024-01-19 00:12:06 开始操作号码 【1889653】
2024-01-19 00:12:10 GSD getOne 第 1 次 等待 3 秒
2024-01-19 00:12:13 查询号码 【1889653】，返回信息 {"status":"ok","msg":"江苏-苏州","gid":"417665","time_insert":"2021-07-27 21:57"}
2024-01-19 00:12:13 查询号码 【1889653】，GSD为【"江苏-苏州"】

2024-01-19 00:37:23 开始第 9741 次操作

2024-01-19 00:37:23 开始操作号码 【1889654】
2024-01-19 00:37:27 GSD getOne 第 1 次 等待 3 秒
2024-01-19 00:37:30 查询号码 【1889654】，返回信息 {"status":"ok","msg":"江苏-苏州","gid":"417655","time_insert":"2021-07-27 21:56"}
2024-01-19 00:37:30 查询号码 【1889654】，GSD为【"江苏-苏州"】

2024-01-19 00:37:31 开始第 9742 次操作

2024-01-19 00:37:31 开始操作号码 【1889655】
2024-01-19 00:37:35 GSD getOne 第 1 次 等待 3 秒
2024-01-19 00:37:38 查询号码 【1889655】，返回信息 {"status":"ok","msg":"江苏-苏州","gid":"44844","time_insert":"2018-11-23 17:08","time_update":"2020-08-26 20:26"}
2024-01-19 00:37:38 查询号码 【1889655】，GSD为【"江苏-苏州"】

2024-01-19 00:37:39 开始第 9743 次操作

2024-01-19 00:37:39 开始操作号码 【1889656】
2024-01-19 00:37:48 GSD getOne 第 1 次 等待 3 秒
2024-01-19 00:37:51 查询号码 【1889656】，返回信息 {"status":"ok","msg":"江苏-苏州","gid":"417642","time_insert":"2021-07-27 21:56"}
2024-01-19 00:37:51 查询号码 【1889656】，GSD为【"江苏-苏州"】

2024-01-19 00:37:52 开始第 9744 次操作

2024-01-19 00:37:52 开始操作号码 【1889657】
2024-01-19 00:38:01 GSD getOne 第 1 次 等待 3 秒
2024-01-19 00:38:04 查询号码 【1889657】，返回信息 {"status":"ok","msg":"江苏-苏州","gid":"417637","time_insert":"2021-07-27 21:55"}
2024-01-19 00:38:04 查询号码 【1889657】，GSD为【"江苏-苏州"】

