2024-11-19 00:15:46 开始第 5721 次操作

2024-11-19 00:15:46 开始操作号码 【1335720】
2024-11-19 00:15:48 GSD getOne 第 1 次 等待 3 秒
2024-11-19 00:15:51 查询号码 【1335720】，返回信息 {"status":"ok","msg":"湖南-株洲","gid":"272720","time_insert":"2021-07-14 08:14"}
2024-11-19 00:15:51 查询号码 【1335720】，GSD为【"湖南-株洲"】

2024-11-19 00:15:52 开始第 5722 次操作

2024-11-19 00:15:52 开始操作号码 【1335721】
2024-11-19 00:15:53 GSD getOne 第 1 次 等待 3 秒
2024-11-19 00:15:56 查询号码 【1335721】，返回信息 {"status":"ok","msg":"湖南-长沙","gid":"272745","time_insert":"2021-07-14 08:26"}
2024-11-19 00:15:56 查询号码 【1335721】，GSD为【"湖南-长沙"】

2024-11-19 00:15:57 开始第 5723 次操作

2024-11-19 00:15:57 开始操作号码 【1335722】
2024-11-19 00:15:58 GSD getOne 第 1 次 等待 3 秒
2024-11-19 00:16:01 查询号码 【1335722】，返回信息 {"status":"ok","msg":"湖南-长沙","gid":"272769","time_insert":"2021-07-14 08:39"}
2024-11-19 00:16:01 查询号码 【1335722】，GSD为【"湖南-长沙"】

2024-11-19 00:16:02 开始第 5724 次操作

2024-11-19 00:16:02 开始操作号码 【1335723】
2024-11-19 00:16:03 GSD getOne 第 1 次 等待 3 秒
2024-11-19 00:16:06 查询号码 【1335723】，返回信息 {"status":"ok","msg":"湖南-湘西","gid":"272790","time_insert":"2021-07-14 08:51"}
2024-11-19 00:16:06 查询号码 【1335723】，GSD为【"湖南-湘西"】

