2024-12-10 00:16:35 开始第 9321 次操作

2024-12-10 00:16:35 开始操作号码 【1339320】
2024-12-10 00:16:36 GSD getOne 第 1 次 等待 3 秒
2024-12-10 00:16:39 查询号码 【1339320】，返回信息 {"status":"ok","msg":"河北-秦皇岛","gid":"261564","time_insert":"2021-07-13 02:48"}
2024-12-10 00:16:39 查询号码 【1339320】，GSD为【"河北-秦皇岛"】

2024-12-10 00:16:40 开始第 9322 次操作

2024-12-10 00:16:40 开始操作号码 【1339321】
2024-12-10 00:16:42 GSD getOne 第 1 次 等待 3 秒
2024-12-10 00:16:45 查询号码 【1339321】，返回信息 {"status":"ok","msg":"河北-石家庄","gid":"261562","time_insert":"2021-07-13 02:47"}
2024-12-10 00:16:45 查询号码 【1339321】，GSD为【"河北-石家庄"】

2024-12-10 00:16:46 开始第 9323 次操作

2024-12-10 00:16:46 开始操作号码 【1339322】
2024-12-10 00:16:47 GSD getOne 第 1 次 等待 3 秒
2024-12-10 00:16:50 查询号码 【1339322】，返回信息 {"status":"ok","msg":"河北-保定","gid":"261559","time_insert":"2021-07-13 02:47"}
2024-12-10 00:16:50 查询号码 【1339322】，GSD为【"河北-保定"】

2024-12-10 00:16:51 开始第 9324 次操作

2024-12-10 00:16:51 开始操作号码 【1339323】
2024-12-10 00:16:52 GSD getOne 第 1 次 等待 3 秒
2024-12-10 00:16:55 查询号码 【1339323】，返回信息 {"status":"ok","msg":"河北-石家庄","gid":"261556","time_insert":"2021-07-13 02:47"}
2024-12-10 00:16:56 查询号码 【1339323】，GSD为【"河北-石家庄"】

2024-12-10 00:46:10 开始第 9325 次操作

2024-12-10 00:46:10 开始操作号码 【1339324】
2024-12-10 00:46:11 GSD getOne 第 1 次 等待 3 秒
2024-12-10 00:46:14 查询号码 【1339324】，返回信息 {"status":"ok","msg":"河北-张家口","gid":"261552","time_insert":"2021-07-13 02:46"}
2024-12-10 00:46:14 查询号码 【1339324】，GSD为【"河北-张家口"】

2024-12-10 00:46:15 开始第 9326 次操作

2024-12-10 00:46:15 开始操作号码 【1339325】
2024-12-10 00:46:16 GSD getOne 第 1 次 等待 3 秒
2024-12-10 00:46:19 查询号码 【1339325】，返回信息 {"status":"ok","msg":"河北-唐山","gid":"261549","time_insert":"2021-07-13 02:46"}
2024-12-10 00:46:19 查询号码 【1339325】，GSD为【"河北-唐山"】

2024-12-10 00:46:20 开始第 9327 次操作

2024-12-10 00:46:20 开始操作号码 【1339326】
2024-12-10 00:46:21 GSD getOne 第 1 次 等待 3 秒
2024-12-10 00:46:24 查询号码 【1339326】，返回信息 {"status":"ok","msg":"河北-廊坊","gid":"261548","time_insert":"2021-07-13 02:45"}
2024-12-10 00:46:24 查询号码 【1339326】，GSD为【"河北-廊坊"】

2024-12-10 00:46:25 开始第 9328 次操作

2024-12-10 00:46:25 开始操作号码 【1339327】
2024-12-10 00:46:26 GSD getOne 第 1 次 等待 3 秒
2024-12-10 00:46:29 查询号码 【1339327】，返回信息 {"status":"ok","msg":"河北-沧州","gid":"261547","time_insert":"2021-07-13 02:45"}
2024-12-10 00:46:29 查询号码 【1339327】，GSD为【"河北-沧州"】

