2024-07-25 00:13:00 开始第 8473 次操作

2024-07-25 00:13:00 开始操作号码 【1558382】
2024-07-25 00:13:08 GSD getOne 第 1 次 等待 3 秒
2024-07-25 00:13:11 查询号码 【1558382】，返回信息 {"status":"ok","msg":"四川-德阳","gid":"22266","time_insert":"2014-03-12 16:58","time_update":"2020-10-23 07:48"}
2024-07-25 00:13:11 查询号码 【1558382】，GSD为【"四川-德阳"】

2024-07-25 00:13:12 开始第 8474 次操作

2024-07-25 00:13:12 开始操作号码 【1558383】
2024-07-25 00:13:22 GSD getOne 第 1 次 等待 3 秒
2024-07-25 00:13:25 查询号码 【1558383】，返回信息 {"status":"ok","msg":"四川-德阳","gid":"22267","time_insert":"2018-03-17 21:46","time_update":"2020-10-23 07:53"}
2024-07-25 00:13:25 查询号码 【1558383】，GSD为【"四川-德阳"】

2024-07-25 00:13:26 开始第 8475 次操作

2024-07-25 00:13:26 开始操作号码 【1558384】
2024-07-25 00:13:34 GSD getOne 第 1 次 等待 3 秒
2024-07-25 00:13:37 查询号码 【1558384】，返回信息 {"status":"ok","msg":"四川-德阳","gid":"385377","time_insert":"2021-07-25 04:48"}
2024-07-25 00:13:37 查询号码 【1558384】，GSD为【"四川-德阳"】

2024-07-25 00:13:38 开始第 8476 次操作

2024-07-25 00:13:38 开始操作号码 【1558385】
2024-07-25 00:13:48 GSD getOne 第 1 次 等待 3 秒
2024-07-25 00:13:51 查询号码 【1558385】，返回信息 {"status":"ok","msg":"四川-自贡","gid":"385366","time_insert":"2021-07-25 04:48"}
2024-07-25 00:13:51 查询号码 【1558385】，GSD为【"四川-自贡"】

2024-07-25 00:38:53 开始第 8477 次操作

2024-07-25 00:38:53 开始操作号码 【1558386】
2024-07-25 00:39:01 GSD getOne 第 1 次 等待 3 秒
2024-07-25 00:39:04 查询号码 【1558386】，返回信息 {"status":"ok","msg":"四川-自贡","gid":"385355","time_insert":"2021-07-25 04:47"}
2024-07-25 00:39:04 查询号码 【1558386】，GSD为【"四川-自贡"】

2024-07-25 00:39:05 开始第 8478 次操作

2024-07-25 00:39:05 开始操作号码 【1558387】
2024-07-25 00:39:12 GSD getOne 第 1 次 等待 3 秒
2024-07-25 00:39:15 查询号码 【1558387】，返回信息 {"status":"ok","msg":"四川-自贡","gid":"22268","time_insert":"2018-11-15 15:07","time_update":"2020-10-23 07:57"}
2024-07-25 00:39:15 查询号码 【1558387】，GSD为【"四川-自贡"】

2024-07-25 00:39:16 开始第 8479 次操作

2024-07-25 00:39:16 开始操作号码 【1558388】
2024-07-25 00:39:24 GSD getOne 第 1 次 等待 3 秒
2024-07-25 00:39:27 查询号码 【1558388】，返回信息 {"status":"ok","msg":"四川-凉山","gid":"22269","time_insert":"2017-03-31 20:22","time_update":"2020-10-23 08:02"}
2024-07-25 00:39:27 查询号码 【1558388】，GSD为【"四川-凉山"】

2024-07-25 00:39:28 开始第 8480 次操作

2024-07-25 00:39:28 开始操作号码 【1558389】
2024-07-25 00:39:36 GSD getOne 第 1 次 等待 3 秒
2024-07-25 00:39:39 查询号码 【1558389】，返回信息 {"status":"ok","msg":"四川-凉山","gid":"22270","time_insert":"2017-05-11 14:47","time_update":"2020-10-23 08:06"}
2024-07-25 00:39:39 查询号码 【1558389】，GSD为【"四川-凉山"】

2024-07-25 01:09:09 开始第 8481 次操作

2024-07-25 01:09:09 开始操作号码 【1558390】
2024-07-25 01:09:21 GSD getOne 第 1 次 等待 3 秒
2024-07-25 01:09:24 查询号码 【1558390】，返回信息 {"status":"ok","msg":"四川-广元","gid":"22271","time_insert":"2018-01-14 11:13","time_update":"2020-10-23 08:10"}
2024-07-25 01:09:24 查询号码 【1558390】，GSD为【"四川-广元"】

2024-07-25 01:09:25 开始第 8482 次操作

2024-07-25 01:09:25 开始操作号码 【1558391】
2024-07-25 01:09:34 GSD getOne 第 1 次 等待 3 秒
2024-07-25 01:09:37 查询号码 【1558391】，返回信息 {"status":"ok","msg":"四川-广元","gid":"22272","time_insert":"2018-08-07 17:59","time_update":"2020-10-23 08:15"}
2024-07-25 01:09:37 查询号码 【1558391】，GSD为【"四川-广元"】

2024-07-25 01:09:38 开始第 8483 次操作

2024-07-25 01:09:38 开始操作号码 【1558392】
2024-07-25 01:09:46 GSD getOne 第 1 次 等待 3 秒
2024-07-25 01:09:49 查询号码 【1558392】，返回信息 {"status":"ok","msg":"四川-广元","gid":"22273","time_insert":"2019-01-07 10:35","time_update":"2020-10-23 08:15"}
2024-07-25 01:09:49 查询号码 【1558392】，GSD为【"四川-广元"】

2024-07-25 01:09:50 开始第 8484 次操作

2024-07-25 01:09:50 开始操作号码 【1558393】
2024-07-25 01:09:58 GSD getOne 第 1 次 等待 3 秒
2024-07-25 01:10:01 查询号码 【1558393】，返回信息 {"status":"ok","msg":"四川-资阳","gid":"385336","time_insert":"2021-07-25 04:46"}
2024-07-25 01:10:01 查询号码 【1558393】，GSD为【"四川-资阳"】

