2023-11-21 00:12:09 开始第 5 次操作

2023-11-21 00:12:09 开始操作号码 【1989917】
2023-11-21 00:12:33 GSD getOne 第 1 次 等待 3 秒
2023-11-21 00:12:36 查询号码 【1989917】，返回信息 {"status":"ok","msg":"广西-贵港","gid":"457366","time_insert":"2021-07-31 15:37"}
2023-11-21 00:12:36 查询号码 【1989917】，GSD为【"广西-贵港"】

2023-11-21 00:12:37 开始第 6 次操作

2023-11-21 00:12:37 开始操作号码 【1989918】
2023-11-21 00:12:44 GSD getOne 第 1 次 等待 3 秒
2023-11-21 00:12:47 查询号码 【1989918】，返回信息 {"status":"ok","msg":"广西-贵港","gid":"457359","time_insert":"2021-07-31 15:36"}
2023-11-21 00:12:47 查询号码 【1989918】，GSD为【"广西-贵港"】

2023-11-21 00:12:48 开始第 7 次操作

2023-11-21 00:12:48 开始操作号码 【1989919】
2023-11-21 00:12:58 GSD getOne 第 1 次 等待 3 秒
2023-11-21 00:13:01 查询号码 【1989919】，返回信息 {"status":"ok","msg":"广西-贵港","gid":"457355","time_insert":"2021-07-31 15:36"}
2023-11-21 00:13:01 查询号码 【1989919】，GSD为【"广西-贵港"】

2023-11-21 00:13:02 开始第 8 次操作

2023-11-21 00:13:02 开始操作号码 【1989920】
2023-11-21 00:13:09 GSD getOne 第 1 次 等待 3 秒
2023-11-21 00:13:12 查询号码 【1989920】，返回信息 {"status":"ok","msg":"广西-柳州","gid":"457274","time_insert":"2021-07-31 15:19"}
2023-11-21 00:13:12 查询号码 【1989920】，GSD为【"广西-柳州"】

