2024-05-17 00:11:10 开始第 9581 次操作

2024-05-17 00:11:10 开始操作号码 【1669494】
2024-05-17 00:11:18 GSD getOne 第 1 次 等待 3 秒
2024-05-17 00:11:21 查询号码 【1669494】，返回信息 {"status":"ok","msg":"北京-北京","gid":"205207","time_insert":"2021-07-06 10:57","time_update":"2021-09-18 06:58"}
2024-05-17 00:11:21 查询号码 【1669494】，GSD为【"北京-北京"】

2024-05-17 00:11:22 开始第 9582 次操作

2024-05-17 00:11:22 开始操作号码 【1669495】
2024-05-17 00:11:29 GSD getOne 第 1 次 等待 3 秒
2024-05-17 00:11:32 查询号码 【1669495】，返回信息 {"status":"ok","msg":"北京-北京","gid":"205218","time_insert":"2021-07-06 10:58","time_update":"2021-09-18 06:59"}
2024-05-17 00:11:32 查询号码 【1669495】，GSD为【"北京-北京"】

2024-05-17 00:11:33 开始第 9583 次操作

2024-05-17 00:11:33 开始操作号码 【1669496】
2024-05-17 00:11:46 GSD getOne 第 1 次 等待 3 秒
2024-05-17 00:11:49 查询号码 【1669496】，返回信息 {"status":"ok","msg":"北京-北京","gid":"205230","time_insert":"2021-07-06 10:58","time_update":"2021-09-18 07:00"}
2024-05-17 00:11:49 查询号码 【1669496】，GSD为【"北京-北京"】

2024-05-17 00:11:50 开始第 9584 次操作

2024-05-17 00:11:50 开始操作号码 【1669497】
2024-05-17 00:11:55 GSD getOne 第 1 次 等待 3 秒
2024-05-17 00:11:58 查询号码 【1669497】，返回信息 {"status":"ok","msg":"北京-北京","gid":"205239","time_insert":"2021-07-06 10:59","time_update":"2021-09-18 07:01"}
2024-05-17 00:11:58 查询号码 【1669497】，GSD为【"北京-北京"】

2024-05-17 00:36:13 开始第 9585 次操作

2024-05-17 00:36:13 开始操作号码 【1669498】
2024-05-17 00:36:23 GSD getOne 第 1 次 等待 3 秒
2024-05-17 00:36:26 查询号码 【1669498】，返回信息 {"status":"ok","msg":"北京-北京","gid":"205249","time_insert":"2021-07-06 11:00","time_update":"2021-09-18 07:02"}
2024-05-17 00:36:26 查询号码 【1669498】，GSD为【"北京-北京"】

2024-05-17 00:36:27 开始第 9586 次操作

2024-05-17 00:36:27 开始操作号码 【1669499】
2024-05-17 00:36:32 GSD getOne 第 1 次 等待 3 秒
2024-05-17 00:36:35 查询号码 【1669499】，返回信息 {"status":"ok","msg":"北京-北京","gid":"205259","time_insert":"2021-07-06 11:01","time_update":"2021-09-18 07:03"}
2024-05-17 00:36:35 查询号码 【1669499】，GSD为【"北京-北京"】

2024-05-17 00:36:36 开始第 9587 次操作

2024-05-17 00:36:36 开始操作号码 【1669500】
2024-05-17 00:36:45 GSD getOne 第 1 次 等待 3 秒
2024-05-17 00:36:48 查询号码 【1669500】，返回信息 {"status":"ok","msg":"宁夏-银川","gid":"205269","time_insert":"2021-07-06 11:01"}
2024-05-17 00:36:48 查询号码 【1669500】，GSD为【"宁夏-银川"】

2024-05-17 00:36:49 开始第 9588 次操作

2024-05-17 00:36:49 开始操作号码 【1669501】
2024-05-17 00:36:55 GSD getOne 第 1 次 等待 3 秒
2024-05-17 00:36:58 查询号码 【1669501】，返回信息 {"status":"ok","msg":"宁夏-银川","gid":"205279","time_insert":"2021-07-06 11:02"}
2024-05-17 00:36:58 查询号码 【1669501】，GSD为【"宁夏-银川"】

