2021-07-23 00:00:14 开始第 14 次操作

2021-07-23 00:00:14 开始操作号码 【1839188】
2021-07-23 00:00:25 GSD getOne 第 1 次 等待 3 秒
2021-07-23 00:00:28 查询号码 【1839188】，返回信息 {"status":"bad","msg":""}
2021-07-23 00:00:28 查询号码 【1839188】，GSD为【""】
2021-07-23 00:00:28 bad
2021-07-23 00:00:30 CHB 1839188?1626969628 第 1 次 等待 3 秒
2021-07-23 00:00:33 CHB 1839188?1626969628 第 1 次 获取到号码【1839188】GSD
2021-07-23 00:00:33 获取到号码【1839188】的GSD为【陕西-宝鸡】
2021-07-23 00:00:51 GSD insert 第 1 次 等待 3 秒
2021-07-23 00:00:54 {"status":"ok","gid":360192,"msg":"添加成功！"}
2021-07-23 00:00:54 下次操作: 2021-07-23 00:01:13

2021-07-23 00:01:13 开始第 15 次操作

2021-07-23 00:01:13 开始操作号码 【1839189】
2021-07-23 00:01:16 GSD getOne 第 1 次 等待 3 秒
2021-07-23 00:01:19 查询号码 【1839189】，返回信息 {"status":"bad","msg":""}
2021-07-23 00:01:19 查询号码 【1839189】，GSD为【""】
2021-07-23 00:01:19 bad
2021-07-23 00:01:21 CHB 1839189?1626969679 第 1 次 等待 3 秒
2021-07-23 00:01:24 CHB 1839189?1626969679 第 1 次 获取到号码【1839189】GSD
2021-07-23 00:01:24 获取到号码【1839189】的GSD为【陕西-宝鸡】
2021-07-23 00:01:42 GSD insert 第 1 次 等待 3 秒
2021-07-23 00:01:45 {"status":"ok","gid":360203,"msg":"添加成功！"}
2021-07-23 00:01:45 下次操作: 2021-07-23 00:02:00

2021-07-23 00:02:00 开始第 16 次操作

2021-07-23 00:02:00 开始操作号码 【1839190】
2021-07-23 00:02:03 GSD getOne 第 1 次 等待 3 秒
2021-07-23 00:02:06 查询号码 【1839190】，返回信息 {"status":"bad","msg":""}
2021-07-23 00:02:06 查询号码 【1839190】，GSD为【""】
2021-07-23 00:02:06 bad
2021-07-23 00:02:08 CHB 1839190?1626969726 第 1 次 等待 3 秒
2021-07-23 00:02:11 CHB 1839190?1626969726 第 1 次 获取到号码【1839190】GSD
2021-07-23 00:02:11 获取到号码【1839190】的GSD为【陕西-商洛】
2021-07-23 00:02:29 GSD insert 第 1 次 等待 3 秒
2021-07-23 00:02:32 {"status":"ok","gid":360215,"msg":"添加成功！"}
2021-07-23 00:02:32 下次操作: 2021-07-23 00:02:50

2021-07-23 00:02:50 开始第 17 次操作

2021-07-23 00:02:50 开始操作号码 【1839191】
2021-07-23 00:02:53 GSD getOne 第 1 次 等待 3 秒
2021-07-23 00:02:56 查询号码 【1839191】，返回信息 {"status":"bad","msg":""}
2021-07-23 00:02:56 查询号码 【1839191】，GSD为【""】
2021-07-23 00:02:56 bad
2021-07-23 00:02:58 CHB 1839191?1626969776 第 1 次 等待 3 秒
2021-07-23 00:03:01 CHB 1839191?1626969776 第 1 次 获取到号码【1839191】GSD
2021-07-23 00:03:01 获取到号码【1839191】的GSD为【陕西-商洛】
2021-07-23 00:03:27 GSD insert 第 1 次 等待 3 秒
2021-07-23 00:03:30 {"status":"ok","gid":360226,"msg":"添加成功！"}
2021-07-23 00:03:30 下次操作: 2021-07-23 00:03:45

2021-07-23 00:03:45 开始第 18 次操作

2021-07-23 00:03:45 开始操作号码 【1839192】
2021-07-23 00:03:48 GSD getOne 第 1 次 等待 3 秒
2021-07-23 00:03:51 查询号码 【1839192】，返回信息 {"status":"bad","msg":""}
2021-07-23 00:03:51 查询号码 【1839192】，GSD为【""】
2021-07-23 00:03:51 bad
2021-07-23 00:03:53 CHB 1839192?1626969831 第 1 次 等待 3 秒
2021-07-23 00:03:56 CHB 1839192?1626969831 第 1 次 获取到号码【1839192】GSD
2021-07-23 00:03:56 获取到号码【1839192】的GSD为【陕西-商洛】
2021-07-23 00:04:15 GSD insert 第 1 次 等待 3 秒
2021-07-23 00:04:18 {"status":"ok","gid":360237,"msg":"添加成功！"}
2021-07-23 00:04:18 下次操作: 2021-07-23 00:04:35

2021-07-23 00:04:35 开始第 19 次操作

2021-07-23 00:04:35 开始操作号码 【1839193】
2021-07-23 00:04:40 GSD getOne 第 1 次 等待 3 秒
2021-07-23 00:04:43 查询号码 【1839193】，返回信息 {"status":"ok","msg":"陕西-商洛","gid":"38922","time_insert":"2017-03-23 19:53","time_update":"2020-12-10 19:52"}
2021-07-23 00:04:43 查询号码 【1839193】，GSD为【"陕西-商洛"】

2021-07-23 00:04:43 开始第 19 次操作

2021-07-23 00:04:43 开始操作号码 【1839194】
2021-07-23 00:05:03 GSD getOne 第 1 次 等待 3 秒
2021-07-23 00:05:06 查询号码 【1839194】，返回信息 {"status":"bad","msg":""}
2021-07-23 00:05:06 查询号码 【1839194】，GSD为【""】
2021-07-23 00:05:06 bad
2021-07-23 00:05:08 CHB 1839194?1626969906 第 1 次 等待 3 秒
2021-07-23 00:05:11 CHB 1839194?1626969906 第 1 次 获取到号码【1839194】GSD
2021-07-23 00:05:11 获取到号码【1839194】的GSD为【陕西-商洛】
2021-07-23 00:05:29 GSD insert 第 1 次 等待 3 秒
2021-07-23 00:05:32 {"status":"ok","gid":360251,"msg":"添加成功！"}
2021-07-23 00:05:32 下次操作: 2021-07-23 00:05:53

2021-07-23 00:05:53 开始第 20 次操作

2021-07-23 00:05:53 开始操作号码 【1839195】
2021-07-23 00:06:03 GSD getOne 第 1 次 等待 3 秒
2021-07-23 00:06:06 查询号码 【1839195】，返回信息 {"status":"bad","msg":""}
2021-07-23 00:06:06 查询号码 【1839195】，GSD为【""】
2021-07-23 00:06:06 bad
2021-07-23 00:06:08 CHB 1839195?1626969966 第 1 次 等待 3 秒
2021-07-23 00:06:11 CHB 1839195?1626969966 第 1 次 获取到号码【1839195】GSD
2021-07-23 00:06:11 获取到号码【1839195】的GSD为【陕西-商洛】
2021-07-23 00:06:29 GSD insert 第 1 次 等待 3 秒
2021-07-23 00:06:32 {"status":"ok","gid":360266,"msg":"添加成功！"}
2021-07-23 00:06:32 下次操作: 2021-07-23 00:06:44

2021-07-23 00:06:44 开始第 21 次操作

2021-07-23 00:06:44 开始操作号码 【1839196】
2021-07-23 00:06:49 GSD getOne 第 1 次 等待 3 秒
2021-07-23 00:06:52 查询号码 【1839196】，返回信息 {"status":"bad","msg":""}
2021-07-23 00:06:53 查询号码 【1839196】，GSD为【""】
2021-07-23 00:06:53 bad
2021-07-23 00:06:54 CHB 1839196?1626970013 第 1 次 等待 3 秒
2021-07-23 00:06:57 CHB 1839196?1626970013 第 1 次 获取到号码【1839196】GSD
2021-07-23 00:06:57 获取到号码【1839196】的GSD为【陕西-商洛】
2021-07-23 00:07:16 GSD insert 第 1 次 等待 3 秒
2021-07-23 00:07:19 {"status":"ok","gid":360276,"msg":"添加成功！"}
2021-07-23 00:07:19 下次操作: 2021-07-23 00:07:35

2021-07-23 00:07:35 开始第 22 次操作

2021-07-23 00:07:35 开始操作号码 【1839197】
2021-07-23 00:07:40 GSD getOne 第 1 次 等待 3 秒
2021-07-23 00:07:43 查询号码 【1839197】，返回信息 {"status":"bad","msg":""}
2021-07-23 00:07:43 查询号码 【1839197】，GSD为【""】
2021-07-23 00:07:43 bad
2021-07-23 00:07:45 CHB 1839197?1626970063 第 1 次 等待 3 秒
2021-07-23 00:07:48 CHB 1839197?1626970063 第 1 次 获取到号码【1839197】GSD
2021-07-23 00:07:48 获取到号码【1839197】的GSD为【陕西-商洛】
2021-07-23 00:08:07 GSD insert 第 1 次 等待 3 秒
2021-07-23 00:08:10 {"status":"ok","gid":360289,"msg":"添加成功！"}
2021-07-23 00:08:10 下次操作: 2021-07-23 00:08:26

2021-07-23 00:08:26 开始第 23 次操作

2021-07-23 00:08:26 开始操作号码 【1839198】
2021-07-23 00:08:29 GSD getOne 第 1 次 等待 3 秒
2021-07-23 00:08:32 查询号码 【1839198】，返回信息 {"status":"bad","msg":""}
2021-07-23 00:08:33 查询号码 【1839198】，GSD为【""】
2021-07-23 00:08:33 bad
2021-07-23 00:08:34 CHB 1839198?1626970113 第 1 次 等待 3 秒
2021-07-23 00:08:37 CHB 1839198?1626970113 第 1 次 获取到号码【1839198】GSD
2021-07-23 00:08:37 获取到号码【1839198】的GSD为【陕西-咸阳】
2021-07-23 00:08:56 GSD insert 第 1 次 等待 3 秒
2021-07-23 00:08:59 {"status":"ok","gid":360298,"msg":"添加成功！"}
2021-07-23 00:08:59 下次操作: 2021-07-23 00:09:15

2021-07-23 00:09:15 开始第 24 次操作

2021-07-23 00:09:15 开始操作号码 【1839199】
2021-07-23 00:09:18 GSD getOne 第 1 次 等待 3 秒
2021-07-23 00:09:21 查询号码 【1839199】，返回信息 {"status":"bad","msg":""}
2021-07-23 00:09:21 查询号码 【1839199】，GSD为【""】
2021-07-23 00:09:21 bad
2021-07-23 00:09:22 CHB 1839199?1626970161 第 1 次 等待 3 秒
2021-07-23 00:09:25 CHB 1839199?1626970161 第 1 次 获取到号码【1839199】GSD
2021-07-23 00:09:25 获取到号码【1839199】的GSD为【陕西-铜川】
2021-07-23 00:09:44 GSD insert 第 1 次 等待 3 秒
2021-07-23 00:09:47 {"status":"ok","gid":360309,"msg":"添加成功！"}
2021-07-23 00:09:47 下次操作: 2021-07-23 00:09:59

2021-07-23 00:09:59 开始第 25 次操作

2021-07-23 00:09:59 开始操作号码 【1839200】
2021-07-23 00:10:04 GSD getOne 第 1 次 等待 3 秒
2021-07-23 00:10:07 查询号码 【1839200】，返回信息 {"status":"bad","msg":""}
2021-07-23 00:10:08 查询号码 【1839200】，GSD为【""】
2021-07-23 00:10:08 bad
2021-07-23 00:10:10 CHB 1839200?1626970208 第 1 次 等待 3 秒
2021-07-23 00:10:13 CHB 1839200?1626970208 第 1 次 获取到号码【1839200】GSD
2021-07-23 00:10:13 获取到号码【1839200】的GSD为【陕西-西安】
2021-07-23 00:10:31 GSD insert 第 1 次 等待 3 秒
2021-07-23 00:10:34 {"status":"ok","gid":360319,"msg":"添加成功！"}
2021-07-23 00:10:34 下次操作: 2021-07-23 00:10:56

2021-07-23 00:10:56 开始第 26 次操作

2021-07-23 00:10:56 开始操作号码 【1839201】
2021-07-23 00:11:07 GSD getOne 第 1 次 等待 3 秒
2021-07-23 00:11:10 查询号码 【1839201】，返回信息 {"status":"bad","msg":""}
2021-07-23 00:11:10 查询号码 【1839201】，GSD为【""】
2021-07-23 00:11:10 bad
2021-07-23 00:11:12 CHB 1839201?1626970270 第 1 次 等待 3 秒
2021-07-23 00:11:15 CHB 1839201?1626970270 第 1 次 获取到号码【1839201】GSD
2021-07-23 00:11:15 获取到号码【1839201】的GSD为【陕西-西安】
2021-07-23 00:11:33 GSD insert 第 1 次 等待 3 秒
2021-07-23 00:11:36 {"status":"ok","gid":360332,"msg":"添加成功！"}
2021-07-23 00:11:36 下次操作: 2021-07-23 00:11:49

2021-07-23 00:11:49 开始第 27 次操作

2021-07-23 00:11:49 开始操作号码 【1839202】
2021-07-23 00:11:55 GSD getOne 第 1 次 等待 3 秒
2021-07-23 00:11:58 查询号码 【1839202】，返回信息 {"status":"bad","msg":""}
2021-07-23 00:11:58 查询号码 【1839202】，GSD为【""】
2021-07-23 00:11:58 bad
2021-07-23 00:12:00 CHB 1839202?1626970318 第 1 次 等待 3 秒
2021-07-23 00:12:03 CHB 1839202?1626970318 第 1 次 获取到号码【1839202】GSD
2021-07-23 00:12:03 获取到号码【1839202】的GSD为【陕西-西安】
2021-07-23 00:12:21 GSD insert 第 1 次 等待 3 秒
2021-07-23 00:12:24 {"status":"ok","gid":360345,"msg":"添加成功！"}
2021-07-23 00:12:24 下次操作: 2021-07-23 00:12:40

2021-07-23 00:12:40 开始第 28 次操作

2021-07-23 00:12:40 开始操作号码 【1839203】
2021-07-23 00:12:43 GSD getOne 第 1 次 等待 3 秒
2021-07-23 00:12:46 查询号码 【1839203】，返回信息 {"status":"bad","msg":""}
2021-07-23 00:12:46 查询号码 【1839203】，GSD为【""】
2021-07-23 00:12:46 bad
2021-07-23 00:12:48 CHB 1839203?1626970366 第 1 次 等待 3 秒
2021-07-23 00:12:51 CHB 1839203?1626970366 第 1 次 获取到号码【1839203】GSD
2021-07-23 00:12:51 获取到号码【1839203】的GSD为【陕西-西安】
2021-07-23 00:13:10 GSD insert 第 1 次 等待 3 秒
2021-07-23 00:13:13 {"status":"ok","gid":360351,"msg":"添加成功！"}
2021-07-23 00:13:13 下次操作: 2021-07-23 00:13:25

2021-07-23 00:13:25 开始第 29 次操作

2021-07-23 00:13:25 开始操作号码 【1839204】
2021-07-23 00:13:30 GSD getOne 第 1 次 等待 3 秒
2021-07-23 00:13:33 查询号码 【1839204】，返回信息 {"status":"bad","msg":""}
2021-07-23 00:13:34 查询号码 【1839204】，GSD为【""】
2021-07-23 00:13:34 bad
2021-07-23 00:13:35 CHB 1839204?1626970414 第 1 次 等待 3 秒
2021-07-23 00:13:38 CHB 1839204?1626970414 第 1 次 获取到号码【1839204】GSD
2021-07-23 00:13:38 获取到号码【1839204】的GSD为【陕西-西安】
2021-07-23 00:13:56 GSD insert 第 1 次 等待 3 秒
2021-07-23 00:13:59 {"status":"ok","gid":360359,"msg":"添加成功！"}
2021-07-23 00:13:59 下次操作: 2021-07-23 00:14:20

2021-07-23 00:14:20 开始第 30 次操作

2021-07-23 00:14:20 开始操作号码 【1839205】
2021-07-23 00:14:24 GSD getOne 第 1 次 等待 3 秒
2021-07-23 00:14:27 查询号码 【1839205】，返回信息 {"status":"bad","msg":""}
2021-07-23 00:14:27 查询号码 【1839205】，GSD为【""】
2021-07-23 00:14:27 bad
2021-07-23 00:14:29 CHB 1839205?1626970467 第 1 次 等待 3 秒
2021-07-23 00:14:32 CHB 1839205?1626970467 第 1 次 获取到号码【1839205】GSD
2021-07-23 00:14:32 获取到号码【1839205】的GSD为【陕西-西安】
2021-07-23 00:14:52 GSD insert 第 1 次 等待 3 秒
2021-07-23 00:14:55 {"status":"ok","gid":360363,"msg":"添加成功！"}
2021-07-23 00:14:55 下次操作: 2021-07-23 00:15:16

2021-07-23 00:15:16 开始第 31 次操作

2021-07-23 00:15:16 开始操作号码 【1839206】
2021-07-23 00:15:19 GSD getOne 第 1 次 等待 3 秒
2021-07-23 00:15:22 查询号码 【1839206】，返回信息 {"status":"bad","msg":""}
2021-07-23 00:15:22 查询号码 【1839206】，GSD为【""】
2021-07-23 00:15:22 bad
2021-07-23 00:15:24 CHB 1839206?1626970522 第 1 次 等待 3 秒
2021-07-23 00:15:27 CHB 1839206?1626970522 第 1 次 获取到号码【1839206】GSD
2021-07-23 00:15:27 获取到号码【1839206】的GSD为【陕西-西安】
2021-07-23 00:15:51 GSD insert 第 1 次 等待 3 秒
2021-07-23 00:15:54 {"status":"ok","gid":360374,"msg":"添加成功！"}
2021-07-23 00:15:54 下次操作: 2021-07-23 00:16:15

2021-07-23 00:16:15 开始第 32 次操作

2021-07-23 00:16:15 开始操作号码 【1839207】
2021-07-23 00:16:18 GSD getOne 第 1 次 等待 3 秒
2021-07-23 00:16:21 查询号码 【1839207】，返回信息 {"status":"bad","msg":""}
2021-07-23 00:16:21 查询号码 【1839207】，GSD为【""】
2021-07-23 00:16:21 bad
2021-07-23 00:16:23 CHB 1839207?1626970581 第 1 次 等待 3 秒
2021-07-23 00:16:26 CHB 1839207?1626970581 第 1 次 获取到号码【1839207】GSD
2021-07-23 00:16:26 获取到号码【1839207】的GSD为【陕西-西安】
2021-07-23 00:16:44 GSD insert 第 1 次 等待 3 秒
2021-07-23 00:16:47 {"status":"ok","gid":360379,"msg":"添加成功！"}
2021-07-23 00:16:47 下次操作: 2021-07-23 00:17:03

2021-07-23 00:17:03 开始第 33 次操作

2021-07-23 00:17:03 开始操作号码 【1839208】
2021-07-23 00:17:06 GSD getOne 第 1 次 等待 3 秒
2021-07-23 00:17:09 查询号码 【1839208】，返回信息 {"status":"bad","msg":""}
2021-07-23 00:17:09 查询号码 【1839208】，GSD为【""】
2021-07-23 00:17:09 bad
2021-07-23 00:17:11 CHB 1839208?1626970629 第 1 次 等待 3 秒
2021-07-23 00:17:14 CHB 1839208?1626970629 第 1 次 获取到号码【1839208】GSD
2021-07-23 00:17:14 获取到号码【1839208】的GSD为【陕西-西安】
2021-07-23 00:17:34 GSD insert 第 1 次 等待 3 秒
2021-07-23 00:17:37 {"status":"ok","gid":360382,"msg":"添加成功！"}
2021-07-23 00:17:37 下次操作: 2021-07-23 00:17:50

2021-07-23 00:17:50 开始第 34 次操作

2021-07-23 00:17:50 开始操作号码 【1839209】
2021-07-23 00:17:56 GSD getOne 第 1 次 等待 3 秒
2021-07-23 00:17:59 查询号码 【1839209】，返回信息 {"status":"bad","msg":""}
2021-07-23 00:17:59 查询号码 【1839209】，GSD为【""】
2021-07-23 00:17:59 bad
2021-07-23 00:18:01 CHB 1839209?1626970679 第 1 次 等待 3 秒
2021-07-23 00:18:04 CHB 1839209?1626970679 第 1 次 获取到号码【1839209】GSD
2021-07-23 00:18:04 获取到号码【1839209】的GSD为【陕西-西安】
2021-07-23 00:18:22 GSD insert 第 1 次 等待 3 秒
2021-07-23 00:18:25 {"status":"ok","gid":360388,"msg":"添加成功！"}
2021-07-23 00:18:25 下次操作: 2021-07-23 00:18:41

2021-07-23 00:18:41 开始第 35 次操作

2021-07-23 00:18:41 开始操作号码 【1839210】
2021-07-23 00:18:44 GSD getOne 第 1 次 等待 3 秒
2021-07-23 00:18:47 查询号码 【1839210】，返回信息 {"status":"ok","msg":"陕西-西安","gid":"38923","time_insert":"2018-06-08 17:53","time_update":"2020-12-10 19:48"}
2021-07-23 00:18:47 查询号码 【1839210】，GSD为【"陕西-西安"】

2021-07-23 00:18:47 开始第 35 次操作

2021-07-23 00:18:47 开始操作号码 【1839211】
2021-07-23 00:19:05 GSD getOne 第 1 次 等待 3 秒
2021-07-23 00:19:08 查询号码 【1839211】，返回信息 {"status":"bad","msg":""}
2021-07-23 00:19:08 查询号码 【1839211】，GSD为【""】
2021-07-23 00:19:08 bad
2021-07-23 00:19:10 CHB 1839211?1626970748 第 1 次 等待 3 秒
2021-07-23 00:19:13 CHB 1839211?1626970748 第 1 次 获取到号码【1839211】GSD
2021-07-23 00:19:13 获取到号码【1839211】的GSD为【陕西-西安】
2021-07-23 00:19:32 GSD insert 第 1 次 等待 3 秒
2021-07-23 00:19:35 {"status":"ok","gid":360393,"msg":"添加成功！"}
2021-07-23 00:19:35 下次操作: 2021-07-23 00:19:49

2021-07-23 00:19:49 开始第 36 次操作

2021-07-23 00:19:49 开始操作号码 【1839212】
2021-07-23 00:19:59 GSD getOne 第 1 次 等待 3 秒
2021-07-23 00:20:02 查询号码 【1839212】，返回信息 {"status":"bad","msg":""}
2021-07-23 00:20:02 查询号码 【1839212】，GSD为【""】
2021-07-23 00:20:02 bad
2021-07-23 00:20:03 CHB 1839212?1626970802 第 1 次 等待 3 秒
2021-07-23 00:20:06 CHB 1839212?1626970802 第 1 次 获取到号码【1839212】GSD
2021-07-23 00:20:06 获取到号码【1839212】的GSD为【陕西-西安】
2021-07-23 00:20:25 GSD insert 第 1 次 等待 3 秒
2021-07-23 00:20:28 {"status":"ok","gid":360398,"msg":"添加成功！"}
2021-07-23 00:20:28 下次操作: 2021-07-23 00:20:40

2021-07-23 00:20:40 开始第 37 次操作

2021-07-23 00:20:40 开始操作号码 【1839213】
2021-07-23 00:20:48 GSD getOne 第 1 次 等待 3 秒
2021-07-23 00:20:51 查询号码 【1839213】，返回信息 {"status":"bad","msg":""}
2021-07-23 00:20:51 查询号码 【1839213】，GSD为【""】
2021-07-23 00:20:51 bad
2021-07-23 00:20:53 CHB 1839213?1626970851 第 1 次 等待 3 秒
2021-07-23 00:20:56 CHB 1839213?1626970851 第 1 次 获取到号码【1839213】GSD
2021-07-23 00:20:56 获取到号码【1839213】的GSD为【陕西-西安】
2021-07-23 00:21:14 GSD insert 第 1 次 等待 3 秒
2021-07-23 00:21:17 {"status":"ok","gid":360402,"msg":"添加成功！"}
2021-07-23 00:21:17 下次操作: 2021-07-23 00:21:41

2021-07-23 00:21:41 开始第 38 次操作

2021-07-23 00:21:41 开始操作号码 【1839214】
2021-07-23 00:21:47 GSD getOne 第 1 次 等待 3 秒
2021-07-23 00:21:50 查询号码 【1839214】，返回信息 {"status":"bad","msg":""}
2021-07-23 00:21:50 查询号码 【1839214】，GSD为【""】
2021-07-23 00:21:50 bad
2021-07-23 00:21:52 CHB 1839214?1626970910 第 1 次 等待 3 秒
2021-07-23 00:21:55 CHB 1839214?1626970910 第 1 次 获取到号码【1839214】GSD
2021-07-23 00:21:55 获取到号码【1839214】的GSD为【陕西-西安】
2021-07-23 00:22:13 GSD insert 第 1 次 等待 3 秒
2021-07-23 00:22:16 {"status":"ok","gid":360408,"msg":"添加成功！"}
2021-07-23 00:22:16 下次操作: 2021-07-23 00:22:38

2021-07-23 00:22:38 开始第 39 次操作

2021-07-23 00:22:38 开始操作号码 【1839215】
2021-07-23 00:22:41 GSD getOne 第 1 次 等待 3 秒
2021-07-23 00:22:44 查询号码 【1839215】，返回信息 {"status":"bad","msg":""}
2021-07-23 00:22:44 查询号码 【1839215】，GSD为【""】
2021-07-23 00:22:44 bad
2021-07-23 00:22:46 CHB 1839215?1626970964 第 1 次 等待 3 秒
2021-07-23 00:22:49 CHB 1839215?1626970964 第 1 次 获取到号码【1839215】GSD
2021-07-23 00:22:49 获取到号码【1839215】的GSD为【陕西-西安】
2021-07-23 00:23:09 GSD insert 第 1 次 等待 3 秒
2021-07-23 00:23:12 {"status":"ok","gid":360415,"msg":"添加成功！"}
2021-07-23 00:23:12 下次操作: 2021-07-23 00:23:26

2021-07-23 00:23:26 开始第 40 次操作

2021-07-23 00:23:26 开始操作号码 【1839216】
2021-07-23 00:23:33 GSD getOne 第 1 次 等待 3 秒
2021-07-23 00:23:36 查询号码 【1839216】，返回信息 {"status":"bad","msg":""}
2021-07-23 00:23:36 查询号码 【1839216】，GSD为【""】
2021-07-23 00:23:36 bad
2021-07-23 00:23:38 CHB 1839216?1626971016 第 1 次 等待 3 秒
2021-07-23 00:23:41 CHB 1839216?1626971016 第 1 次 获取到号码【1839216】GSD
2021-07-23 00:23:41 获取到号码【1839216】的GSD为【陕西-西安】
2021-07-23 00:24:00 GSD insert 第 1 次 等待 3 秒
2021-07-23 00:24:03 {"status":"ok","gid":360419,"msg":"添加成功！"}

