2024-01-26 00:12:00 开始第 145 次操作

2024-01-26 00:12:00 开始操作号码 【1770058】
2024-01-26 00:12:24 GSD getOne 第 1 次 等待 3 秒
2024-01-26 00:12:27 查询号码 【1770058】，返回信息 {"status":"ok","msg":"湖南-长沙","gid":"208709","time_insert":"2021-07-06 20:19"}
2024-01-26 00:12:27 查询号码 【1770058】，GSD为【"湖南-长沙"】

2024-01-26 00:12:28 开始第 146 次操作

2024-01-26 00:12:28 开始操作号码 【1770059】
2024-01-26 00:12:52 GSD getOne 第 1 次 等待 3 秒
2024-01-26 00:12:55 查询号码 【1770059】，返回信息 {"status":"ok","msg":"湖南-长沙","gid":"208737","time_insert":"2021-07-06 20:34"}
2024-01-26 00:12:55 查询号码 【1770059】，GSD为【"湖南-长沙"】

2024-01-26 00:12:56 开始第 147 次操作

2024-01-26 00:12:56 开始操作号码 【1770060】
2024-01-26 00:13:20 GSD getOne 第 1 次 等待 3 秒
2024-01-26 00:13:23 查询号码 【1770060】，返回信息 {"status":"ok","msg":"河南-郑州","gid":"208756","time_insert":"2021-07-06 20:46"}
2024-01-26 00:13:23 查询号码 【1770060】，GSD为【"河南-郑州"】

2024-01-26 00:13:24 开始第 148 次操作

2024-01-26 00:13:24 开始操作号码 【1770061】
2024-01-26 00:13:48 GSD getOne 第 1 次 等待 3 秒
2024-01-26 00:13:51 查询号码 【1770061】，返回信息 {"status":"ok","msg":"河南-郑州","gid":"208790","time_insert":"2021-07-06 20:57"}
2024-01-26 00:13:51 查询号码 【1770061】，GSD为【"河南-郑州"】

