2024-07-26 00:12:59 开始第 8653 次操作

2024-07-26 00:12:59 开始操作号码 【1558562】
2024-07-26 00:13:08 GSD getOne 第 1 次 等待 3 秒
2024-07-26 00:13:11 查询号码 【1558562】，返回信息 {"status":"ok","msg":"吉林-松原","gid":"383047","time_insert":"2021-07-25 00:06"}
2024-07-26 00:13:11 查询号码 【1558562】，GSD为【"吉林-松原"】

2024-07-26 00:13:12 开始第 8654 次操作

2024-07-26 00:13:12 开始操作号码 【1558563】
2024-07-26 00:13:20 GSD getOne 第 1 次 等待 3 秒
2024-07-26 00:13:23 查询号码 【1558563】，返回信息 {"status":"ok","msg":"吉林-松原","gid":"383036","time_insert":"2021-07-25 00:06"}
2024-07-26 00:13:23 查询号码 【1558563】，GSD为【"吉林-松原"】

2024-07-26 00:13:24 开始第 8655 次操作

2024-07-26 00:13:24 开始操作号码 【1558564】
2024-07-26 00:13:33 GSD getOne 第 1 次 等待 3 秒
2024-07-26 00:13:36 查询号码 【1558564】，返回信息 {"status":"ok","msg":"吉林-四平","gid":"383024","time_insert":"2021-07-25 00:05"}
2024-07-26 00:13:36 查询号码 【1558564】，GSD为【"吉林-四平"】

2024-07-26 00:13:37 开始第 8656 次操作

2024-07-26 00:13:37 开始操作号码 【1558565】
2024-07-26 00:13:45 GSD getOne 第 1 次 等待 3 秒
2024-07-26 00:13:48 查询号码 【1558565】，返回信息 {"status":"ok","msg":"吉林-通化","gid":"383015","time_insert":"2021-07-25 00:04"}
2024-07-26 00:13:48 查询号码 【1558565】，GSD为【"吉林-通化"】

2024-07-26 00:39:36 开始第 8657 次操作

2024-07-26 00:39:36 开始操作号码 【1558566】
2024-07-26 00:39:50 GSD getOne 第 1 次 等待 3 秒
2024-07-26 00:39:53 查询号码 【1558566】，返回信息 {"status":"ok","msg":"吉林-通化","gid":"383006","time_insert":"2021-07-25 00:04"}
2024-07-26 00:39:53 查询号码 【1558566】，GSD为【"吉林-通化"】

2024-07-26 00:39:54 开始第 8658 次操作

2024-07-26 00:39:54 开始操作号码 【1558567】
2024-07-26 00:40:03 GSD getOne 第 1 次 等待 3 秒
2024-07-26 00:40:06 查询号码 【1558567】，返回信息 {"status":"ok","msg":"吉林-通化","gid":"382998","time_insert":"2021-07-25 00:03"}
2024-07-26 00:40:06 查询号码 【1558567】，GSD为【"吉林-通化"】

2024-07-26 00:40:07 开始第 8659 次操作

2024-07-26 00:40:07 开始操作号码 【1558568】
2024-07-26 00:40:18 GSD getOne 第 1 次 等待 3 秒
2024-07-26 00:40:21 查询号码 【1558568】，返回信息 {"status":"ok","msg":"吉林-通化","gid":"382990","time_insert":"2021-07-25 00:03"}
2024-07-26 00:40:21 查询号码 【1558568】，GSD为【"吉林-通化"】

2024-07-26 00:40:22 开始第 8660 次操作

2024-07-26 00:40:22 开始操作号码 【1558569】
2024-07-26 00:40:31 GSD getOne 第 1 次 等待 3 秒
2024-07-26 00:40:34 查询号码 【1558569】，返回信息 {"status":"ok","msg":"吉林-通化","gid":"382977","time_insert":"2021-07-25 00:02"}
2024-07-26 00:40:34 查询号码 【1558569】，GSD为【"吉林-通化"】

