2024-04-11 00:13:38 开始第 3109 次操作

2024-04-11 00:13:38 开始操作号码 【1663023】
2024-04-11 00:13:45 GSD getOne 第 1 次 等待 3 秒
2024-04-11 00:13:48 查询号码 【1663023】，返回信息 {"status":"ok","msg":"河北-保定","gid":"133134","time_insert":"2021-06-26 17:03"}
2024-04-11 00:13:48 查询号码 【1663023】，GSD为【"河北-保定"】

2024-04-11 00:13:49 开始第 3110 次操作

2024-04-11 00:13:49 开始操作号码 【1663024】
2024-04-11 00:13:55 GSD getOne 第 1 次 等待 3 秒
2024-04-11 00:13:58 查询号码 【1663024】，返回信息 {"status":"ok","msg":"河北-保定","gid":"133140","time_insert":"2021-06-26 17:04"}
2024-04-11 00:13:58 查询号码 【1663024】，GSD为【"河北-保定"】

2024-04-11 00:13:59 开始第 3111 次操作

2024-04-11 00:13:59 开始操作号码 【1663025】
2024-04-11 00:14:03 GSD getOne 第 1 次 等待 3 秒
2024-04-11 00:14:06 查询号码 【1663025】，返回信息 {"status":"ok","msg":"河北-保定","gid":"133324","time_insert":"2021-06-26 17:47"}
2024-04-11 00:14:06 查询号码 【1663025】，GSD为【"河北-保定"】

2024-04-11 00:14:07 开始第 3112 次操作

2024-04-11 00:14:07 开始操作号码 【1663026】
2024-04-11 00:14:12 GSD getOne 第 1 次 等待 3 秒
2024-04-11 00:14:15 查询号码 【1663026】，返回信息 {"status":"ok","msg":"河北-保定","gid":"133334","time_insert":"2021-06-26 17:48"}
2024-04-11 00:14:15 查询号码 【1663026】，GSD为【"河北-保定"】

2024-04-11 00:38:17 开始第 3113 次操作

2024-04-11 00:38:17 开始操作号码 【1663027】
2024-04-11 00:38:25 GSD getOne 第 1 次 等待 3 秒
2024-04-11 00:38:28 查询号码 【1663027】，返回信息 {"status":"ok","msg":"河北-保定","gid":"133344","time_insert":"2021-06-26 17:49"}
2024-04-11 00:38:28 查询号码 【1663027】，GSD为【"河北-保定"】

2024-04-11 00:38:29 开始第 3114 次操作

2024-04-11 00:38:29 开始操作号码 【1663028】
2024-04-11 00:38:36 GSD getOne 第 1 次 等待 3 秒
2024-04-11 00:38:39 查询号码 【1663028】，返回信息 {"status":"ok","msg":"河北-保定","gid":"133355","time_insert":"2021-06-26 17:50"}
2024-04-11 00:38:39 查询号码 【1663028】，GSD为【"河北-保定"】

2024-04-11 00:38:40 开始第 3115 次操作

2024-04-11 00:38:40 开始操作号码 【1663029】
2024-04-11 00:38:45 GSD getOne 第 1 次 等待 3 秒
2024-04-11 00:38:48 查询号码 【1663029】，返回信息 {"status":"ok","msg":"河北-保定","gid":"133364","time_insert":"2021-06-26 17:50"}
2024-04-11 00:38:48 查询号码 【1663029】，GSD为【"河北-保定"】

2024-04-11 00:38:49 开始第 3116 次操作

2024-04-11 00:38:49 开始操作号码 【1663030】
2024-04-11 00:38:55 GSD getOne 第 1 次 等待 3 秒
2024-04-11 00:38:58 查询号码 【1663030】，返回信息 {"status":"ok","msg":"河北-张家口","gid":"133374","time_insert":"2021-06-26 17:51"}
2024-04-11 00:38:58 查询号码 【1663030】，GSD为【"河北-张家口"】

