2024-10-23 00:14:46 开始第 953 次操作

2024-10-23 00:14:46 开始操作号码 【1330952】
2024-10-23 00:14:48 GSD getOne 第 1 次 等待 3 秒
2024-10-23 00:14:51 查询号码 【1330952】，返回信息 {"status":"ok","msg":"宁夏-石嘴山","gid":"62319","time_insert":"2021-05-19 07:14"}
2024-10-23 00:14:52 查询号码 【1330952】，GSD为【"宁夏-石嘴山"】

2024-10-23 00:14:53 开始第 954 次操作

2024-10-23 00:14:53 开始操作号码 【1330953】
2024-10-23 00:14:54 GSD getOne 第 1 次 等待 3 秒
2024-10-23 00:14:57 查询号码 【1330953】，返回信息 {"status":"ok","msg":"宁夏-吴忠","gid":"62331","time_insert":"2021-05-19 07:40"}
2024-10-23 00:14:57 查询号码 【1330953】，GSD为【"宁夏-吴忠"】

2024-10-23 00:14:58 开始第 955 次操作

2024-10-23 00:14:58 开始操作号码 【1330954】
2024-10-23 00:14:59 GSD getOne 第 1 次 等待 3 秒
2024-10-23 00:15:02 查询号码 【1330954】，返回信息 {"status":"ok","msg":"宁夏-固原","gid":"62339","time_insert":"2021-05-19 08:01"}
2024-10-23 00:15:02 查询号码 【1330954】，GSD为【"宁夏-固原"】

2024-10-23 00:15:03 开始第 956 次操作

2024-10-23 00:15:03 开始操作号码 【1330955】
2024-10-23 00:15:04 GSD getOne 第 1 次 等待 3 秒
2024-10-23 00:15:07 查询号码 【1330955】，返回信息 {"status":"ok","msg":"宁夏-吴忠","gid":"62351","time_insert":"2021-05-19 08:30"}
2024-10-23 00:15:07 查询号码 【1330955】，GSD为【"宁夏-吴忠"】

