2021-08-03 00:00:40 开始第 20 次操作

2021-08-03 00:00:40 开始操作号码 【1956784】
2021-08-03 00:00:44 GSD getOne 第 1 次 等待 3 秒
2021-08-03 00:00:47 查询号码 【1956784】，返回信息 {"status":"bad","msg":""}
2021-08-03 00:00:47 查询号码 【1956784】，GSD为【""】
2021-08-03 00:00:47 bad
2021-08-03 00:00:49 CHB 1956784?1627920047 第 1 次 等待 3 秒
2021-08-03 00:00:52 CHB 1956784?1627920047 第 1 次 获取到号码【1956784】GSD
2021-08-03 00:00:52 未获取到号码【1956784】GSD，可能号码格式错误
2021-08-03 00:00:52 获取到号码【1956784】的GSD为【-】
2021-08-03 00:01:01 GSD insert 第 1 次 等待 3 秒
2021-08-03 00:01:04 {"status":"ok","gid":484603,"msg":"添加成功！"}
2021-08-03 00:01:04 下次操作: 2021-08-03 00:01:25

2021-08-03 00:01:25 开始第 21 次操作

2021-08-03 00:01:25 开始操作号码 【1956783】
2021-08-03 00:02:24 GSD getOne 第 1 次 等待 3 秒
2021-08-03 00:02:27 查询号码 【1956783】，返回信息 {"status":"bad","msg":""}
2021-08-03 00:02:27 查询号码 【1956783】，GSD为【""】
2021-08-03 00:02:27 bad
2021-08-03 00:02:29 CHB 1956783?1627920147 第 1 次 等待 3 秒
2021-08-03 00:02:32 CHB 1956783?1627920147 第 1 次 获取到号码【1956783】GSD
2021-08-03 00:02:32 未获取到号码【1956783】GSD，可能号码格式错误
2021-08-03 00:02:32 获取到号码【1956783】的GSD为【-】
2021-08-03 00:02:49 GSD insert 第 1 次 等待 3 秒
2021-08-03 00:02:52 {"status":"ok","gid":484618,"msg":"添加成功！"}
2021-08-03 00:02:52 下次操作: 2021-08-03 00:03:05

2021-08-03 00:03:05 开始第 22 次操作

2021-08-03 00:03:05 开始操作号码 【1956782】
2021-08-03 00:03:14 GSD getOne 第 1 次 等待 3 秒
2021-08-03 00:03:17 查询号码 【1956782】，返回信息 {"status":"bad","msg":""}
2021-08-03 00:03:17 查询号码 【1956782】，GSD为【""】
2021-08-03 00:03:17 bad
2021-08-03 00:03:19 CHB 1956782?1627920197 第 1 次 等待 3 秒
2021-08-03 00:03:22 CHB 1956782?1627920197 第 1 次 获取到号码【1956782】GSD
2021-08-03 00:03:22 未获取到号码【1956782】GSD，可能号码格式错误
2021-08-03 00:03:22 获取到号码【1956782】的GSD为【-】
2021-08-03 00:03:27 GSD insert 第 1 次 等待 3 秒
2021-08-03 00:03:30 {"status":"ok","gid":484624,"msg":"添加成功！"}
2021-08-03 00:03:30 下次操作: 2021-08-03 00:03:46

2021-08-03 00:03:46 开始第 23 次操作

2021-08-03 00:03:46 开始操作号码 【1956781】
2021-08-03 00:03:52 GSD getOne 第 1 次 等待 3 秒
2021-08-03 00:03:55 查询号码 【1956781】，返回信息 {"status":"bad","msg":""}
2021-08-03 00:03:55 查询号码 【1956781】，GSD为【""】
2021-08-03 00:03:55 bad
2021-08-03 00:04:02 CHB 1956781?1627920235 第 1 次 等待 3 秒
2021-08-03 00:04:05 CHB 1956781?1627920235 第 1 次 获取到号码【1956781】GSD
2021-08-03 00:04:05 未获取到号码【1956781】GSD，可能号码格式错误
2021-08-03 00:04:05 获取到号码【1956781】的GSD为【-】
2021-08-03 00:04:09 GSD insert 第 1 次 等待 3 秒
2021-08-03 00:04:12 {"status":"ok","gid":484634,"msg":"添加成功！"}
2021-08-03 00:04:12 下次操作: 2021-08-03 00:04:29

2021-08-03 00:04:29 开始第 24 次操作

2021-08-03 00:04:29 开始操作号码 【1956780】
2021-08-03 00:04:34 GSD getOne 第 1 次 等待 3 秒
2021-08-03 00:04:37 查询号码 【1956780】，返回信息 {"status":"bad","msg":""}
2021-08-03 00:04:37 查询号码 【1956780】，GSD为【""】
2021-08-03 00:04:37 bad
2021-08-03 00:04:43 CHB 1956780?1627920277 第 1 次 等待 3 秒
2021-08-03 00:04:46 CHB 1956780?1627920277 第 1 次 获取到号码【1956780】GSD
2021-08-03 00:04:46 未获取到号码【1956780】GSD，可能号码格式错误
2021-08-03 00:04:46 获取到号码【1956780】的GSD为【-】
2021-08-03 00:04:57 GSD insert 第 1 次 等待 3 秒
2021-08-03 00:05:00 {"status":"ok","gid":484643,"msg":"添加成功！"}
2021-08-03 00:05:00 下次操作: 2021-08-03 00:05:22

2021-08-03 00:05:22 开始第 25 次操作

2021-08-03 00:05:22 开始操作号码 【1956779】
2021-08-03 00:05:35 GSD getOne 第 1 次 等待 3 秒
2021-08-03 00:05:38 查询号码 【1956779】，返回信息 {"status":"bad","msg":""}
2021-08-03 00:05:38 查询号码 【1956779】，GSD为【""】
2021-08-03 00:05:38 bad
2021-08-03 00:05:40 CHB 1956779?1627920338 第 1 次 等待 3 秒
2021-08-03 00:05:43 CHB 1956779?1627920338 第 1 次 获取到号码【1956779】GSD
2021-08-03 00:05:43 获取到号码【1956779】的GSD为【广东-深圳】
2021-08-03 00:05:51 GSD insert 第 1 次 等待 3 秒
2021-08-03 00:05:54 {"status":"ok","gid":484654,"msg":"添加成功！"}
2021-08-03 00:05:54 下次操作: 2021-08-03 00:06:11

2021-08-03 00:06:11 开始第 26 次操作

2021-08-03 00:06:11 开始操作号码 【1956778】
2021-08-03 00:06:16 GSD getOne 第 1 次 等待 3 秒
2021-08-03 00:06:19 查询号码 【1956778】，返回信息 {"status":"bad","msg":""}
2021-08-03 00:06:19 查询号码 【1956778】，GSD为【""】
2021-08-03 00:06:19 bad
2021-08-03 00:06:21 CHB 1956778?1627920379 第 1 次 等待 3 秒
2021-08-03 00:06:24 CHB 1956778?1627920379 第 1 次 获取到号码【1956778】GSD
2021-08-03 00:06:24 获取到号码【1956778】的GSD为【广东-广州】
2021-08-03 00:06:30 GSD insert 第 1 次 等待 3 秒
2021-08-03 00:06:33 {"status":"ok","gid":484659,"msg":"添加成功！"}
2021-08-03 00:06:33 下次操作: 2021-08-03 00:06:46

2021-08-03 00:06:46 开始第 27 次操作

2021-08-03 00:06:46 开始操作号码 【1956777】
2021-08-03 00:06:52 GSD getOne 第 1 次 等待 3 秒
2021-08-03 00:06:55 查询号码 【1956777】，返回信息 {"status":"bad","msg":""}
2021-08-03 00:06:56 查询号码 【1956777】，GSD为【""】
2021-08-03 00:06:56 bad
2021-08-03 00:06:57 CHB 1956777?1627920416 第 1 次 等待 3 秒
2021-08-03 00:07:00 CHB 1956777?1627920416 第 1 次 获取到号码【1956777】GSD
2021-08-03 00:07:00 获取到号码【1956777】的GSD为【广东-深圳】
2021-08-03 00:07:23 GSD insert 第 1 次 等待 3 秒
2021-08-03 00:07:26 {"status":"ok","gid":484668,"msg":"添加成功！"}
2021-08-03 00:07:26 下次操作: 2021-08-03 00:07:45

2021-08-03 00:07:45 开始第 28 次操作

2021-08-03 00:07:45 开始操作号码 【1956776】
2021-08-03 00:08:40 GSD getOne 第 1 次 等待 3 秒
2021-08-03 00:08:43 查询号码 【1956776】，返回信息 {"status":"bad","msg":""}
2021-08-03 00:08:43 查询号码 【1956776】，GSD为【""】
2021-08-03 00:08:43 bad
2021-08-03 00:08:48 CHB 1956776?1627920523 第 1 次 等待 3 秒
2021-08-03 00:08:51 CHB 1956776?1627920523 第 1 次 获取到号码【1956776】GSD
2021-08-03 00:08:51 获取到号码【1956776】的GSD为【广东-广州】
2021-08-03 00:08:57 GSD insert 第 1 次 等待 3 秒
2021-08-03 00:09:00 {"status":"ok","gid":484679,"msg":"添加成功！"}
2021-08-03 00:09:00 下次操作: 2021-08-03 00:09:16

2021-08-03 00:09:16 开始第 29 次操作

2021-08-03 00:09:16 开始操作号码 【1956775】
2021-08-03 00:09:20 GSD getOne 第 1 次 等待 3 秒
2021-08-03 00:09:23 查询号码 【1956775】，返回信息 {"status":"bad","msg":""}
2021-08-03 00:09:23 查询号码 【1956775】，GSD为【""】
2021-08-03 00:09:23 bad
2021-08-03 00:09:25 CHB 1956775?1627920563 第 1 次 等待 3 秒
2021-08-03 00:09:28 CHB 1956775?1627920563 第 1 次 获取到号码【1956775】GSD
2021-08-03 00:09:28 获取到号码【1956775】的GSD为【广东-东莞】
2021-08-03 00:09:36 GSD insert 第 1 次 等待 3 秒
2021-08-03 00:09:39 {"status":"ok","gid":484687,"msg":"添加成功！"}
2021-08-03 00:09:39 下次操作: 2021-08-03 00:10:01

2021-08-03 00:10:01 开始第 30 次操作

2021-08-03 00:10:01 开始操作号码 【1956774】
2021-08-03 00:10:06 GSD getOne 第 1 次 等待 3 秒
2021-08-03 00:10:09 查询号码 【1956774】，返回信息 {"status":"bad","msg":""}
2021-08-03 00:10:09 查询号码 【1956774】，GSD为【""】
2021-08-03 00:10:09 bad
2021-08-03 00:10:11 CHB 1956774?1627920609 第 1 次 等待 3 秒
2021-08-03 00:10:14 CHB 1956774?1627920609 第 1 次 获取到号码【1956774】GSD
2021-08-03 00:10:14 获取到号码【1956774】的GSD为【广东-茂名】
2021-08-03 00:10:22 GSD insert 第 1 次 等待 3 秒
2021-08-03 00:10:25 {"status":"ok","gid":484698,"msg":"添加成功！"}
2021-08-03 00:10:25 下次操作: 2021-08-03 00:10:49

2021-08-03 00:10:49 开始第 31 次操作

2021-08-03 00:10:49 开始操作号码 【1956773】
2021-08-03 00:10:56 GSD getOne 第 1 次 等待 3 秒
2021-08-03 00:10:59 查询号码 【1956773】，返回信息 {"status":"bad","msg":""}
2021-08-03 00:10:59 查询号码 【1956773】，GSD为【""】
2021-08-03 00:10:59 bad
2021-08-03 00:11:05 CHB 1956773?1627920659 第 1 次 等待 3 秒
2021-08-03 00:11:08 CHB 1956773?1627920659 第 1 次 获取到号码【1956773】GSD
2021-08-03 00:11:08 获取到号码【1956773】的GSD为【广东-佛山】
2021-08-03 00:11:22 GSD insert 第 1 次 等待 3 秒
2021-08-03 00:11:25 {"status":"ok","gid":484707,"msg":"添加成功！"}
2021-08-03 00:11:25 下次操作: 2021-08-03 00:11:43

2021-08-03 00:11:43 开始第 32 次操作

2021-08-03 00:11:43 开始操作号码 【1956772】
2021-08-03 00:11:46 GSD getOne 第 1 次 等待 3 秒
2021-08-03 00:11:49 查询号码 【1956772】，返回信息 {"status":"bad","msg":""}
2021-08-03 00:11:49 查询号码 【1956772】，GSD为【""】
2021-08-03 00:11:49 bad
2021-08-03 00:11:52 CHB 1956772?1627920709 第 1 次 等待 3 秒
2021-08-03 00:11:55 CHB 1956772?1627920709 第 1 次 获取到号码【1956772】GSD
2021-08-03 00:11:55 获取到号码【1956772】的GSD为【广东-江门】
2021-08-03 00:12:49 GSD insert 第 1 次 等待 3 秒
2021-08-03 00:12:52 {"status":"ok","gid":484721,"msg":"添加成功！"}
2021-08-03 00:12:52 下次操作: 2021-08-03 00:13:16

2021-08-03 00:13:16 开始第 33 次操作

2021-08-03 00:13:16 开始操作号码 【1956771】
2021-08-03 00:13:24 GSD getOne 第 1 次 等待 3 秒
2021-08-03 00:13:27 查询号码 【1956771】，返回信息 {"status":"bad","msg":""}
2021-08-03 00:13:27 查询号码 【1956771】，GSD为【""】
2021-08-03 00:13:27 bad
2021-08-03 00:13:29 CHB 1956771?1627920807 第 1 次 等待 3 秒
2021-08-03 00:13:32 CHB 1956771?1627920807 第 1 次 获取到号码【1956771】GSD
2021-08-03 00:13:32 获取到号码【1956771】的GSD为【广东-东莞】
2021-08-03 00:13:37 GSD insert 第 1 次 等待 3 秒
2021-08-03 00:13:40 {"status":"ok","gid":484730,"msg":"添加成功！"}
2021-08-03 00:13:40 下次操作: 2021-08-03 00:13:58

2021-08-03 00:13:58 开始第 34 次操作

2021-08-03 00:13:58 开始操作号码 【1956770】
2021-08-03 00:14:02 GSD getOne 第 1 次 等待 3 秒
2021-08-03 00:14:05 查询号码 【1956770】，返回信息 {"status":"bad","msg":""}
2021-08-03 00:14:05 查询号码 【1956770】，GSD为【""】
2021-08-03 00:14:05 bad
2021-08-03 00:14:07 CHB 1956770?1627920845 第 1 次 等待 3 秒
2021-08-03 00:14:10 CHB 1956770?1627920845 第 1 次 获取到号码【1956770】GSD
2021-08-03 00:14:10 获取到号码【1956770】的GSD为【广东-佛山】
2021-08-03 00:14:15 GSD insert 第 1 次 等待 3 秒
2021-08-03 00:14:18 {"status":"ok","gid":484739,"msg":"添加成功！"}
2021-08-03 00:14:18 下次操作: 2021-08-03 00:14:42

2021-08-03 00:14:42 开始第 35 次操作

2021-08-03 00:14:42 开始操作号码 【1956769】
2021-08-03 00:16:06 GSD getOne 第 1 次 等待 3 秒
2021-08-03 00:16:09 查询号码 【1956769】，返回信息 {"status":"bad","msg":""}
2021-08-03 00:16:09 查询号码 【1956769】，GSD为【""】
2021-08-03 00:16:09 bad
2021-08-03 00:16:11 CHB 1956769?1627920969 第 1 次 等待 3 秒
2021-08-03 00:16:14 CHB 1956769?1627920969 第 1 次 获取到号码【1956769】GSD
2021-08-03 00:16:14 未获取到号码【1956769】GSD，可能号码格式错误
2021-08-03 00:16:14 获取到号码【1956769】的GSD为【-】
2021-08-03 00:16:24 GSD insert 第 1 次 等待 3 秒
2021-08-03 00:16:27 {"status":"ok","gid":484760,"msg":"添加成功！"}
2021-08-03 00:16:27 下次操作: 2021-08-03 00:16:51

2021-08-03 00:16:51 开始第 36 次操作

2021-08-03 00:16:51 开始操作号码 【1956768】
2021-08-03 00:17:01 GSD getOne 第 1 次 等待 3 秒
2021-08-03 00:17:04 查询号码 【1956768】，返回信息 {"status":"bad","msg":""}
2021-08-03 00:17:04 查询号码 【1956768】，GSD为【""】
2021-08-03 00:17:04 bad
2021-08-03 00:17:06 CHB 1956768?1627921024 第 1 次 等待 3 秒
2021-08-03 00:17:09 CHB 1956768?1627921024 第 1 次 获取到号码【1956768】GSD
2021-08-03 00:17:09 未获取到号码【1956768】GSD，可能号码格式错误
2021-08-03 00:17:09 获取到号码【1956768】的GSD为【-】
2021-08-03 00:17:18 GSD insert 第 1 次 等待 3 秒
2021-08-03 00:17:21 {"status":"ok","gid":484772,"msg":"添加成功！"}
2021-08-03 00:17:21 下次操作: 2021-08-03 00:17:45

2021-08-03 00:17:45 开始第 37 次操作

2021-08-03 00:17:45 开始操作号码 【1956767】
2021-08-03 00:17:50 GSD getOne 第 1 次 等待 3 秒
2021-08-03 00:17:53 查询号码 【1956767】，返回信息 {"status":"bad","msg":""}
2021-08-03 00:17:53 查询号码 【1956767】，GSD为【""】
2021-08-03 00:17:53 bad
2021-08-03 00:17:55 CHB 1956767?1627921073 第 1 次 等待 3 秒
2021-08-03 00:17:58 CHB 1956767?1627921073 第 1 次 获取到号码【1956767】GSD
2021-08-03 00:17:58 未获取到号码【1956767】GSD，可能号码格式错误
2021-08-03 00:17:58 获取到号码【1956767】的GSD为【-】
2021-08-03 00:18:05 GSD insert 第 1 次 等待 3 秒
2021-08-03 00:18:08 {"status":"ok","gid":484780,"msg":"添加成功！"}
2021-08-03 00:18:08 下次操作: 2021-08-03 00:18:32

2021-08-03 00:18:32 开始第 38 次操作

2021-08-03 00:18:32 开始操作号码 【1956766】
2021-08-03 00:18:37 GSD getOne 第 1 次 等待 3 秒
2021-08-03 00:18:40 查询号码 【1956766】，返回信息 {"status":"bad","msg":""}
2021-08-03 00:18:40 查询号码 【1956766】，GSD为【""】
2021-08-03 00:18:40 bad
2021-08-03 00:18:41 CHB 1956766?1627921120 第 1 次 等待 3 秒
2021-08-03 00:18:44 CHB 1956766?1627921120 第 1 次 获取到号码【1956766】GSD
2021-08-03 00:18:44 未获取到号码【1956766】GSD，可能号码格式错误
2021-08-03 00:18:44 获取到号码【1956766】的GSD为【-】
2021-08-03 00:19:17 GSD insert 第 1 次 等待 3 秒
2021-08-03 00:19:20 {"status":"ok","gid":484790,"msg":"添加成功！"}
2021-08-03 00:19:20 下次操作: 2021-08-03 00:19:44

2021-08-03 00:19:44 开始第 39 次操作

2021-08-03 00:19:44 开始操作号码 【1956765】
2021-08-03 00:19:51 GSD getOne 第 1 次 等待 3 秒
2021-08-03 00:19:54 查询号码 【1956765】，返回信息 {"status":"bad","msg":""}
2021-08-03 00:19:54 查询号码 【1956765】，GSD为【""】
2021-08-03 00:19:54 bad
2021-08-03 00:19:56 CHB 1956765?1627921194 第 1 次 等待 3 秒
2021-08-03 00:19:59 CHB 1956765?1627921194 第 1 次 获取到号码【1956765】GSD
2021-08-03 00:19:59 未获取到号码【1956765】GSD，可能号码格式错误
2021-08-03 00:19:59 获取到号码【1956765】的GSD为【-】
2021-08-03 00:20:04 GSD insert 第 1 次 等待 3 秒
2021-08-03 00:20:07 {"status":"ok","gid":484795,"msg":"添加成功！"}
2021-08-03 00:20:07 下次操作: 2021-08-03 00:20:21

2021-08-03 00:20:21 开始第 40 次操作

2021-08-03 00:20:21 开始操作号码 【1956764】
2021-08-03 00:20:25 GSD getOne 第 1 次 等待 3 秒
2021-08-03 00:20:28 查询号码 【1956764】，返回信息 {"status":"bad","msg":""}
2021-08-03 00:20:28 查询号码 【1956764】，GSD为【""】
2021-08-03 00:20:28 bad
2021-08-03 00:20:30 CHB 1956764?1627921228 第 1 次 等待 3 秒
2021-08-03 00:20:33 CHB 1956764?1627921228 第 1 次 获取到号码【1956764】GSD
2021-08-03 00:20:33 未获取到号码【1956764】GSD，可能号码格式错误
2021-08-03 00:20:33 获取到号码【1956764】的GSD为【-】
2021-08-03 00:20:47 GSD insert 第 1 次 等待 3 秒
2021-08-03 00:20:50 {"status":"ok","gid":484800,"msg":"添加成功！"}

2021-08-03 01:02:45 开始第 1 次操作

2021-08-03 01:02:45 开始操作号码 【1956763】
2021-08-03 01:03:16 GSD getOne 第 1 次 等待 3 秒
2021-08-03 01:03:19 查询号码 【1956763】，返回信息 {"status":"bad","msg":""}
2021-08-03 01:03:19 查询号码 【1956763】，GSD为【""】
2021-08-03 01:03:19 bad
2021-08-03 01:03:21 CHB 1956763?1627923799 第 1 次 等待 3 秒
2021-08-03 01:03:24 CHB 1956763?1627923799 第 1 次 获取到号码【1956763】GSD
2021-08-03 01:03:24 未获取到号码【1956763】GSD，可能号码格式错误
2021-08-03 01:03:24 获取到号码【1956763】的GSD为【-】
2021-08-03 01:03:33 GSD insert 第 1 次 等待 3 秒
2021-08-03 01:03:36 {"status":"ok","gid":484931,"msg":"添加成功！"}
2021-08-03 01:03:36 下次操作: 2021-08-03 01:03:50

2021-08-03 01:03:50 开始第 2 次操作

2021-08-03 01:03:50 开始操作号码 【1956762】
2021-08-03 01:03:54 GSD getOne 第 1 次 等待 3 秒
2021-08-03 01:03:57 查询号码 【1956762】，返回信息 {"status":"bad","msg":""}
2021-08-03 01:03:57 查询号码 【1956762】，GSD为【""】
2021-08-03 01:03:57 bad
2021-08-03 01:03:59 CHB 1956762?1627923837 第 1 次 等待 3 秒
2021-08-03 01:04:02 CHB 1956762?1627923837 第 1 次 获取到号码【1956762】GSD
2021-08-03 01:04:02 未获取到号码【1956762】GSD，可能号码格式错误
2021-08-03 01:04:02 获取到号码【1956762】的GSD为【-】
2021-08-03 01:04:07 GSD insert 第 1 次 等待 3 秒
2021-08-03 01:04:10 {"status":"ok","gid":484940,"msg":"添加成功！"}
2021-08-03 01:04:10 下次操作: 2021-08-03 01:04:23

2021-08-03 01:04:24 开始第 3 次操作

2021-08-03 01:04:24 开始操作号码 【1956761】
2021-08-03 01:04:30 GSD getOne 第 1 次 等待 3 秒
2021-08-03 01:04:33 查询号码 【1956761】，返回信息 {"status":"bad","msg":""}
2021-08-03 01:04:33 查询号码 【1956761】，GSD为【""】
2021-08-03 01:04:33 bad
2021-08-03 01:04:35 CHB 1956761?1627923873 第 1 次 等待 3 秒
2021-08-03 01:04:38 CHB 1956761?1627923873 第 1 次 获取到号码【1956761】GSD
2021-08-03 01:04:38 未获取到号码【1956761】GSD，可能号码格式错误
2021-08-03 01:04:38 获取到号码【1956761】的GSD为【-】
2021-08-03 01:04:42 GSD insert 第 1 次 等待 3 秒
2021-08-03 01:04:45 {"status":"ok","gid":484945,"msg":"添加成功！"}
2021-08-03 01:04:45 下次操作: 2021-08-03 01:05:06

2021-08-03 01:05:06 开始第 4 次操作

2021-08-03 01:05:06 开始操作号码 【1956760】
2021-08-03 01:05:15 GSD getOne 第 1 次 等待 3 秒
2021-08-03 01:05:18 查询号码 【1956760】，返回信息 {"status":"bad","msg":""}
2021-08-03 01:05:18 查询号码 【1956760】，GSD为【""】
2021-08-03 01:05:18 bad
2021-08-03 01:05:19 CHB 1956760?1627923918 第 1 次 等待 3 秒
2021-08-03 01:05:22 CHB 1956760?1627923918 第 1 次 获取到号码【1956760】GSD
2021-08-03 01:05:22 未获取到号码【1956760】GSD，可能号码格式错误
2021-08-03 01:05:22 获取到号码【1956760】的GSD为【-】
2021-08-03 01:05:26 GSD insert 第 1 次 等待 3 秒
2021-08-03 01:05:29 {"status":"ok","gid":484955,"msg":"添加成功！"}
2021-08-03 01:05:29 下次操作: 2021-08-03 01:05:49

2021-08-03 01:05:49 开始第 5 次操作

2021-08-03 01:05:49 开始操作号码 【1956759】
2021-08-03 01:06:00 GSD getOne 第 1 次 等待 3 秒
2021-08-03 01:06:03 查询号码 【1956759】，返回信息 {"status":"bad","msg":""}
2021-08-03 01:06:03 查询号码 【1956759】，GSD为【""】
2021-08-03 01:06:03 bad
2021-08-03 01:06:04 CHB 1956759?1627923963 第 1 次 等待 3 秒
2021-08-03 01:06:07 CHB 1956759?1627923963 第 1 次 获取到号码【1956759】GSD
2021-08-03 01:06:07 未获取到号码【1956759】GSD，可能号码格式错误
2021-08-03 01:06:07 获取到号码【1956759】的GSD为【-】
2021-08-03 01:06:11 GSD insert 第 1 次 等待 3 秒
2021-08-03 01:06:14 {"status":"ok","gid":484965,"msg":"添加成功！"}
2021-08-03 01:06:14 下次操作: 2021-08-03 01:06:35

2021-08-03 01:06:35 开始第 6 次操作

2021-08-03 01:06:35 开始操作号码 【1956758】
2021-08-03 01:06:42 GSD getOne 第 1 次 等待 3 秒
2021-08-03 01:06:45 查询号码 【1956758】，返回信息 {"status":"bad","msg":""}
2021-08-03 01:06:45 查询号码 【1956758】，GSD为【""】
2021-08-03 01:06:45 bad
2021-08-03 01:06:47 CHB 1956758?1627924005 第 1 次 等待 3 秒
2021-08-03 01:06:50 CHB 1956758?1627924005 第 1 次 获取到号码【1956758】GSD
2021-08-03 01:06:50 未获取到号码【1956758】GSD，可能号码格式错误
2021-08-03 01:06:50 获取到号码【1956758】的GSD为【-】
2021-08-03 01:06:56 GSD insert 第 1 次 等待 3 秒
2021-08-03 01:06:59 {"status":"ok","gid":484974,"msg":"添加成功！"}
2021-08-03 01:06:59 下次操作: 2021-08-03 01:07:21

2021-08-03 01:07:21 开始第 7 次操作

2021-08-03 01:07:21 开始操作号码 【1956757】
2021-08-03 01:07:27 GSD getOne 第 1 次 等待 3 秒
2021-08-03 01:07:30 查询号码 【1956757】，返回信息 {"status":"bad","msg":""}
2021-08-03 01:07:30 查询号码 【1956757】，GSD为【""】
2021-08-03 01:07:30 bad
2021-08-03 01:07:32 CHB 1956757?1627924050 第 1 次 等待 3 秒
2021-08-03 01:07:35 CHB 1956757?1627924050 第 1 次 获取到号码【1956757】GSD
2021-08-03 01:07:35 未获取到号码【1956757】GSD，可能号码格式错误
2021-08-03 01:07:35 获取到号码【1956757】的GSD为【-】
2021-08-03 01:07:42 GSD insert 第 1 次 等待 3 秒
2021-08-03 01:07:45 {"status":"ok","gid":484984,"msg":"添加成功！"}
2021-08-03 01:07:45 下次操作: 2021-08-03 01:07:59

2021-08-03 01:07:59 开始第 8 次操作

2021-08-03 01:07:59 开始操作号码 【1956756】
2021-08-03 01:08:06 GSD getOne 第 1 次 等待 3 秒
2021-08-03 01:08:09 查询号码 【1956756】，返回信息 {"status":"bad","msg":""}
2021-08-03 01:08:09 查询号码 【1956756】，GSD为【""】
2021-08-03 01:08:09 bad
2021-08-03 01:08:10 CHB 1956756?1627924089 第 1 次 等待 3 秒
2021-08-03 01:08:13 CHB 1956756?1627924089 第 1 次 获取到号码【1956756】GSD
2021-08-03 01:08:13 未获取到号码【1956756】GSD，可能号码格式错误
2021-08-03 01:08:13 获取到号码【1956756】的GSD为【-】
2021-08-03 01:08:22 GSD insert 第 1 次 等待 3 秒
2021-08-03 01:08:25 {"status":"ok","gid":484991,"msg":"添加成功！"}
2021-08-03 01:08:25 下次操作: 2021-08-03 01:08:44

2021-08-03 01:08:44 开始第 9 次操作

2021-08-03 01:08:44 开始操作号码 【1956755】
2021-08-03 01:08:55 GSD getOne 第 1 次 等待 3 秒
2021-08-03 01:08:58 查询号码 【1956755】，返回信息 {"status":"bad","msg":""}
2021-08-03 01:08:58 查询号码 【1956755】，GSD为【""】
2021-08-03 01:08:58 bad
2021-08-03 01:09:00 CHB 1956755?1627924138 第 1 次 等待 3 秒
2021-08-03 01:09:03 CHB 1956755?1627924138 第 1 次 获取到号码【1956755】GSD
2021-08-03 01:09:03 未获取到号码【1956755】GSD，可能号码格式错误
2021-08-03 01:09:03 获取到号码【1956755】的GSD为【-】
2021-08-03 01:09:06 GSD insert 第 1 次 等待 3 秒
2021-08-03 01:09:09 {"status":"ok","gid":484999,"msg":"添加成功！"}
2021-08-03 01:09:09 下次操作: 2021-08-03 01:09:31

2021-08-03 01:09:31 开始第 10 次操作

2021-08-03 01:09:31 开始操作号码 【1956754】
2021-08-03 01:09:38 GSD getOne 第 1 次 等待 3 秒
2021-08-03 01:09:41 查询号码 【1956754】，返回信息 {"status":"bad","msg":""}
2021-08-03 01:09:41 查询号码 【1956754】，GSD为【""】
2021-08-03 01:09:41 bad
2021-08-03 01:09:42 CHB 1956754?1627924181 第 1 次 等待 3 秒
2021-08-03 01:09:45 CHB 1956754?1627924181 第 1 次 获取到号码【1956754】GSD
2021-08-03 01:09:45 未获取到号码【1956754】GSD，可能号码格式错误
2021-08-03 01:09:45 获取到号码【1956754】的GSD为【-】
2021-08-03 01:09:50 GSD insert 第 1 次 等待 3 秒
2021-08-03 01:09:53 {"status":"ok","gid":485007,"msg":"添加成功！"}
2021-08-03 01:09:53 下次操作: 2021-08-03 01:10:12

2021-08-03 01:10:12 开始第 11 次操作

2021-08-03 01:10:12 开始操作号码 【1956753】
2021-08-03 01:10:26 GSD getOne 第 1 次 等待 3 秒
2021-08-03 01:10:29 查询号码 【1956753】，返回信息 {"status":"bad","msg":""}
2021-08-03 01:10:30 查询号码 【1956753】，GSD为【""】
2021-08-03 01:10:30 bad
2021-08-03 01:10:31 CHB 1956753?1627924230 第 1 次 等待 3 秒
2021-08-03 01:10:34 CHB 1956753?1627924230 第 1 次 获取到号码【1956753】GSD
2021-08-03 01:10:34 未获取到号码【1956753】GSD，可能号码格式错误
2021-08-03 01:10:34 获取到号码【1956753】的GSD为【-】
2021-08-03 01:10:41 GSD insert 第 1 次 等待 3 秒
2021-08-03 01:10:44 {"status":"ok","gid":485016,"msg":"添加成功！"}
2021-08-03 01:10:44 下次操作: 2021-08-03 01:11:04

2021-08-03 01:11:04 开始第 12 次操作

2021-08-03 01:11:04 开始操作号码 【1956752】
2021-08-03 01:11:13 GSD getOne 第 1 次 等待 3 秒
2021-08-03 01:11:16 查询号码 【1956752】，返回信息 {"status":"bad","msg":""}
2021-08-03 01:11:16 查询号码 【1956752】，GSD为【""】
2021-08-03 01:11:16 bad
2021-08-03 01:11:19 CHB 1956752?1627924276 第 1 次 等待 3 秒
2021-08-03 01:11:22 CHB 1956752?1627924276 第 1 次 获取到号码【1956752】GSD
2021-08-03 01:11:22 未获取到号码【1956752】GSD，可能号码格式错误
2021-08-03 01:11:22 获取到号码【1956752】的GSD为【-】
2021-08-03 01:11:27 GSD insert 第 1 次 等待 3 秒
2021-08-03 01:11:30 {"status":"ok","gid":485026,"msg":"添加成功！"}
2021-08-03 01:11:30 下次操作: 2021-08-03 01:11:53

2021-08-03 01:11:53 开始第 13 次操作

2021-08-03 01:11:53 开始操作号码 【1956751】
2021-08-03 01:11:57 GSD getOne 第 1 次 等待 3 秒
2021-08-03 01:12:00 查询号码 【1956751】，返回信息 {"status":"bad","msg":""}
2021-08-03 01:12:00 查询号码 【1956751】，GSD为【""】
2021-08-03 01:12:00 bad
2021-08-03 01:12:04 CHB 1956751?1627924320 第 1 次 等待 3 秒
2021-08-03 01:12:07 CHB 1956751?1627924320 第 1 次 获取到号码【1956751】GSD
2021-08-03 01:12:07 未获取到号码【1956751】GSD，可能号码格式错误
2021-08-03 01:12:07 获取到号码【1956751】的GSD为【-】
2021-08-03 01:12:14 GSD insert 第 1 次 等待 3 秒
2021-08-03 01:12:17 {"status":"ok","gid":485036,"msg":"添加成功！"}
2021-08-03 01:12:17 下次操作: 2021-08-03 01:12:32

2021-08-03 01:12:32 开始第 14 次操作

2021-08-03 01:12:32 开始操作号码 【1956750】
2021-08-03 01:12:42 GSD getOne 第 1 次 等待 3 秒
2021-08-03 01:12:45 查询号码 【1956750】，返回信息 {"status":"bad","msg":""}
2021-08-03 01:12:45 查询号码 【1956750】，GSD为【""】
2021-08-03 01:12:45 bad
2021-08-03 01:12:47 CHB 1956750?1627924365 第 1 次 等待 3 秒
2021-08-03 01:12:50 CHB 1956750?1627924365 第 1 次 获取到号码【1956750】GSD
2021-08-03 01:12:50 未获取到号码【1956750】GSD，可能号码格式错误
2021-08-03 01:12:50 获取到号码【1956750】的GSD为【-】
2021-08-03 01:12:55 GSD insert 第 1 次 等待 3 秒
2021-08-03 01:12:58 {"status":"ok","gid":485043,"msg":"添加成功！"}
2021-08-03 01:12:58 下次操作: 2021-08-03 01:13:10

2021-08-03 01:13:10 开始第 15 次操作

2021-08-03 01:13:10 开始操作号码 【1956749】
2021-08-03 01:13:17 GSD getOne 第 1 次 等待 3 秒
2021-08-03 01:13:20 查询号码 【1956749】，返回信息 {"status":"bad","msg":""}
2021-08-03 01:13:20 查询号码 【1956749】，GSD为【""】
2021-08-03 01:13:20 bad
2021-08-03 01:13:25 CHB 1956749?1627924400 第 1 次 等待 3 秒
2021-08-03 01:13:28 CHB 1956749?1627924400 第 1 次 获取到号码【1956749】GSD
2021-08-03 01:13:28 获取到号码【1956749】的GSD为【江苏-常州】
2021-08-03 01:13:34 GSD insert 第 1 次 等待 3 秒
2021-08-03 01:13:37 {"status":"ok","gid":485052,"msg":"添加成功！"}
2021-08-03 01:13:37 下次操作: 2021-08-03 01:13:51

2021-08-03 01:13:51 开始第 16 次操作

2021-08-03 01:13:51 开始操作号码 【1956748】
2021-08-03 01:13:56 GSD getOne 第 1 次 等待 3 秒
2021-08-03 01:13:59 查询号码 【1956748】，返回信息 {"status":"bad","msg":""}
2021-08-03 01:13:59 查询号码 【1956748】，GSD为【""】
2021-08-03 01:13:59 bad
2021-08-03 01:14:01 CHB 1956748?1627924439 第 1 次 等待 3 秒
2021-08-03 01:14:04 CHB 1956748?1627924439 第 1 次 获取到号码【1956748】GSD
2021-08-03 01:14:04 获取到号码【1956748】的GSD为【江苏-常州】
2021-08-03 01:14:08 GSD insert 第 1 次 等待 3 秒
2021-08-03 01:14:11 {"status":"ok","gid":485057,"msg":"添加成功！"}
2021-08-03 01:14:11 下次操作: 2021-08-03 01:14:29

2021-08-03 01:14:29 开始第 17 次操作

2021-08-03 01:14:29 开始操作号码 【1956747】
2021-08-03 01:14:34 GSD getOne 第 1 次 等待 3 秒
2021-08-03 01:14:37 查询号码 【1956747】，返回信息 {"status":"bad","msg":""}
2021-08-03 01:14:37 查询号码 【1956747】，GSD为【""】
2021-08-03 01:14:37 bad
2021-08-03 01:14:39 CHB 1956747?1627924477 第 1 次 等待 3 秒
2021-08-03 01:14:42 CHB 1956747?1627924477 第 1 次 获取到号码【1956747】GSD
2021-08-03 01:14:42 获取到号码【1956747】的GSD为【江苏-常州】
2021-08-03 01:14:48 GSD insert 第 1 次 等待 3 秒
2021-08-03 01:14:51 {"status":"ok","gid":485066,"msg":"添加成功！"}
2021-08-03 01:14:51 下次操作: 2021-08-03 01:15:12

2021-08-03 01:15:12 开始第 18 次操作

2021-08-03 01:15:12 开始操作号码 【1956746】
2021-08-03 01:15:22 GSD getOne 第 1 次 等待 3 秒
2021-08-03 01:15:25 查询号码 【1956746】，返回信息 {"status":"bad","msg":""}
2021-08-03 01:15:25 查询号码 【1956746】，GSD为【""】
2021-08-03 01:15:25 bad
2021-08-03 01:15:26 CHB 1956746?1627924525 第 1 次 等待 3 秒
2021-08-03 01:15:29 CHB 1956746?1627924525 第 1 次 获取到号码【1956746】GSD
2021-08-03 01:15:30 获取到号码【1956746】的GSD为【江苏-常州】
2021-08-03 01:16:00 GSD insert 第 1 次 等待 3 秒
2021-08-03 01:16:03 {"status":"ok","gid":485080,"msg":"添加成功！"}
2021-08-03 01:16:03 下次操作: 2021-08-03 01:16:22

2021-08-03 01:16:22 开始第 19 次操作

2021-08-03 01:16:22 开始操作号码 【1956745】
2021-08-03 01:16:36 GSD getOne 第 1 次 等待 3 秒
2021-08-03 01:16:39 查询号码 【1956745】，返回信息 {"status":"bad","msg":""}
2021-08-03 01:16:39 查询号码 【1956745】，GSD为【""】
2021-08-03 01:16:39 bad
2021-08-03 01:16:40 CHB 1956745?1627924599 第 1 次 等待 3 秒
2021-08-03 01:16:43 CHB 1956745?1627924599 第 1 次 获取到号码【1956745】GSD
2021-08-03 01:16:43 获取到号码【1956745】的GSD为【江苏-常州】
2021-08-03 01:16:58 GSD insert 第 1 次 等待 3 秒
2021-08-03 01:17:01 {"status":"ok","gid":485089,"msg":"添加成功！"}
2021-08-03 01:17:01 下次操作: 2021-08-03 01:17:25

2021-08-03 01:17:25 开始第 20 次操作

2021-08-03 01:17:25 开始操作号码 【1956744】
2021-08-03 01:17:29 GSD getOne 第 1 次 等待 3 秒
2021-08-03 01:17:32 查询号码 【1956744】，返回信息 {"status":"bad","msg":""}
2021-08-03 01:17:32 查询号码 【1956744】，GSD为【""】
2021-08-03 01:17:32 bad
2021-08-03 01:17:35 CHB 1956744?1627924652 第 1 次 等待 3 秒
2021-08-03 01:17:38 CHB 1956744?1627924652 第 1 次 获取到号码【1956744】GSD
2021-08-03 01:17:38 获取到号码【1956744】的GSD为【江苏-连云港】
2021-08-03 01:17:43 GSD insert 第 1 次 等待 3 秒
2021-08-03 01:17:46 {"status":"ok","gid":485098,"msg":"添加成功！"}
2021-08-03 01:17:46 下次操作: 2021-08-03 01:18:03

2021-08-03 01:18:03 开始第 21 次操作

2021-08-03 01:18:03 开始操作号码 【1956743】
2021-08-03 01:18:08 GSD getOne 第 1 次 等待 3 秒
2021-08-03 01:18:11 查询号码 【1956743】，返回信息 {"status":"bad","msg":""}
2021-08-03 01:18:11 查询号码 【1956743】，GSD为【""】
2021-08-03 01:18:11 bad
2021-08-03 01:18:12 CHB 1956743?1627924691 第 1 次 等待 3 秒
2021-08-03 01:18:15 CHB 1956743?1627924691 第 1 次 获取到号码【1956743】GSD
2021-08-03 01:18:15 获取到号码【1956743】的GSD为【江苏-连云港】
2021-08-03 01:18:21 GSD insert 第 1 次 等待 3 秒
2021-08-03 01:18:24 {"status":"ok","gid":485107,"msg":"添加成功！"}
2021-08-03 01:18:24 下次操作: 2021-08-03 01:18:36

2021-08-03 01:18:36 开始第 22 次操作

2021-08-03 01:18:36 开始操作号码 【1956742】
2021-08-03 01:18:42 GSD getOne 第 1 次 等待 3 秒
2021-08-03 01:18:45 查询号码 【1956742】，返回信息 {"status":"bad","msg":""}
2021-08-03 01:18:45 查询号码 【1956742】，GSD为【""】
2021-08-03 01:18:45 bad
2021-08-03 01:18:46 CHB 1956742?1627924725 第 1 次 等待 3 秒
2021-08-03 01:18:49 CHB 1956742?1627924725 第 1 次 获取到号码【1956742】GSD
2021-08-03 01:18:49 获取到号码【1956742】的GSD为【江苏-连云港】
2021-08-03 01:18:53 GSD insert 第 1 次 等待 3 秒
2021-08-03 01:18:56 {"status":"ok","gid":485113,"msg":"添加成功！"}
2021-08-03 01:18:56 下次操作: 2021-08-03 01:19:08

2021-08-03 01:19:08 开始第 23 次操作

2021-08-03 01:19:08 开始操作号码 【1956741】
2021-08-03 01:19:15 GSD getOne 第 1 次 等待 3 秒
2021-08-03 01:19:18 查询号码 【1956741】，返回信息 {"status":"bad","msg":""}
2021-08-03 01:19:18 查询号码 【1956741】，GSD为【""】
2021-08-03 01:19:18 bad
2021-08-03 01:19:19 CHB 1956741?1627924758 第 1 次 等待 3 秒
2021-08-03 01:19:22 CHB 1956741?1627924758 第 1 次 获取到号码【1956741】GSD
2021-08-03 01:19:22 获取到号码【1956741】的GSD为【江苏-连云港】
2021-08-03 01:19:34 GSD insert 第 1 次 等待 3 秒
2021-08-03 01:19:37 {"status":"ok","gid":485121,"msg":"添加成功！"}
2021-08-03 01:19:37 下次操作: 2021-08-03 01:19:55

2021-08-03 01:19:56 开始第 24 次操作

2021-08-03 01:19:56 开始操作号码 【1956740】
2021-08-03 01:19:59 GSD getOne 第 1 次 等待 3 秒
2021-08-03 01:20:02 查询号码 【1956740】，返回信息 {"status":"bad","msg":""}
2021-08-03 01:20:02 查询号码 【1956740】，GSD为【""】
2021-08-03 01:20:02 bad
2021-08-03 01:20:03 CHB 1956740?1627924802 第 1 次 等待 3 秒
2021-08-03 01:20:06 CHB 1956740?1627924802 第 1 次 获取到号码【1956740】GSD
2021-08-03 01:20:06 获取到号码【1956740】的GSD为【江苏-连云港】
2021-08-03 01:20:10 GSD insert 第 1 次 等待 3 秒
2021-08-03 01:20:13 {"status":"ok","gid":485129,"msg":"添加成功！"}
2021-08-03 01:20:13 下次操作: 2021-08-03 01:20:32

2021-08-03 01:20:32 开始第 25 次操作

2021-08-03 01:20:32 开始操作号码 【1956739】
2021-08-03 01:20:45 GSD getOne 第 1 次 等待 3 秒
2021-08-03 01:20:48 查询号码 【1956739】，返回信息 {"status":"bad","msg":""}
2021-08-03 01:20:48 查询号码 【1956739】，GSD为【""】
2021-08-03 01:20:48 bad
2021-08-03 01:20:51 CHB 1956739?1627924848 第 1 次 等待 3 秒
2021-08-03 01:20:54 CHB 1956739?1627924848 第 1 次 获取到号码【1956739】GSD
2021-08-03 01:20:54 未获取到号码【1956739】GSD，可能号码格式错误
2021-08-03 01:20:54 获取到号码【1956739】的GSD为【-】
2021-08-03 01:20:58 GSD insert 第 1 次 等待 3 秒
2021-08-03 01:21:01 {"status":"ok","gid":485140,"msg":"添加成功！"}
2021-08-03 01:21:01 下次操作: 2021-08-03 01:21:24

2021-08-03 01:21:24 开始第 26 次操作

2021-08-03 01:21:24 开始操作号码 【1956738】
2021-08-03 01:21:28 GSD getOne 第 1 次 等待 3 秒
2021-08-03 01:21:31 查询号码 【1956738】，返回信息 {"status":"bad","msg":""}
2021-08-03 01:21:31 查询号码 【1956738】，GSD为【""】
2021-08-03 01:21:31 bad
2021-08-03 01:21:33 CHB 1956738?1627924891 第 1 次 等待 3 秒
2021-08-03 01:21:36 CHB 1956738?1627924891 第 1 次 获取到号码【1956738】GSD
2021-08-03 01:21:36 未获取到号码【1956738】GSD，可能号码格式错误
2021-08-03 01:21:36 获取到号码【1956738】的GSD为【-】
2021-08-03 01:21:41 GSD insert 第 1 次 等待 3 秒
2021-08-03 01:21:44 {"status":"ok","gid":485148,"msg":"添加成功！"}
2021-08-03 01:21:44 下次操作: 2021-08-03 01:22:02

2021-08-03 01:22:02 开始第 27 次操作

2021-08-03 01:22:02 开始操作号码 【1956737】
2021-08-03 01:22:09 GSD getOne 第 1 次 等待 3 秒
2021-08-03 01:22:12 查询号码 【1956737】，返回信息 {"status":"bad","msg":""}
2021-08-03 01:22:12 查询号码 【1956737】，GSD为【""】
2021-08-03 01:22:12 bad
2021-08-03 01:22:13 CHB 1956737?1627924932 第 1 次 等待 3 秒
2021-08-03 01:22:16 CHB 1956737?1627924932 第 1 次 获取到号码【1956737】GSD
2021-08-03 01:22:16 未获取到号码【1956737】GSD，可能号码格式错误
2021-08-03 01:22:16 获取到号码【1956737】的GSD为【-】
2021-08-03 01:22:20 GSD insert 第 1 次 等待 3 秒
2021-08-03 01:22:23 {"status":"ok","gid":485157,"msg":"添加成功！"}
2021-08-03 01:22:23 下次操作: 2021-08-03 01:22:43

2021-08-03 01:22:43 开始第 28 次操作

2021-08-03 01:22:43 开始操作号码 【1956736】
2021-08-03 01:22:50 GSD getOne 第 1 次 等待 3 秒
2021-08-03 01:22:53 查询号码 【1956736】，返回信息 {"status":"bad","msg":""}
2021-08-03 01:22:53 查询号码 【1956736】，GSD为【""】
2021-08-03 01:22:53 bad
2021-08-03 01:22:55 CHB 1956736?1627924973 第 1 次 等待 3 秒
2021-08-03 01:22:58 CHB 1956736?1627924973 第 1 次 获取到号码【1956736】GSD
2021-08-03 01:22:58 未获取到号码【1956736】GSD，可能号码格式错误
2021-08-03 01:22:58 获取到号码【1956736】的GSD为【-】
2021-08-03 01:23:04 GSD insert 第 1 次 等待 3 秒
2021-08-03 01:23:07 {"status":"ok","gid":485166,"msg":"添加成功！"}
2021-08-03 01:23:07 下次操作: 2021-08-03 01:23:25

2021-08-03 01:23:25 开始第 29 次操作

2021-08-03 01:23:25 开始操作号码 【1956735】
2021-08-03 01:23:29 GSD getOne 第 1 次 等待 3 秒
2021-08-03 01:23:32 查询号码 【1956735】，返回信息 {"status":"bad","msg":""}
2021-08-03 01:23:32 查询号码 【1956735】，GSD为【""】
2021-08-03 01:23:32 bad
2021-08-03 01:23:34 CHB 1956735?1627925012 第 1 次 等待 3 秒
2021-08-03 01:23:37 CHB 1956735?1627925012 第 1 次 获取到号码【1956735】GSD
2021-08-03 01:23:37 未获取到号码【1956735】GSD，可能号码格式错误
2021-08-03 01:23:37 获取到号码【1956735】的GSD为【-】
2021-08-03 01:23:43 GSD insert 第 1 次 等待 3 秒
2021-08-03 01:23:46 {"status":"ok","gid":485175,"msg":"添加成功！"}
2021-08-03 01:23:46 下次操作: 2021-08-03 01:24:00

2021-08-03 01:24:00 开始第 30 次操作

2021-08-03 01:24:00 开始操作号码 【1956734】
2021-08-03 01:24:12 GSD getOne 第 1 次 等待 3 秒
2021-08-03 01:24:15 查询号码 【1956734】，返回信息 {"status":"bad","msg":""}
2021-08-03 01:24:15 查询号码 【1956734】，GSD为【""】
2021-08-03 01:24:15 bad
2021-08-03 01:24:16 CHB 1956734?1627925055 第 1 次 等待 3 秒
2021-08-03 01:24:19 CHB 1956734?1627925055 第 1 次 获取到号码【1956734】GSD
2021-08-03 01:24:19 未获取到号码【1956734】GSD，查号吧 400 错误
2021-08-03 01:24:19 获取到号码【1956734】的GSD为【-】
2021-08-03 01:24:22 GSD insert 第 1 次 等待 3 秒
2021-08-03 01:24:25 {"status":"ok","gid":485185,"msg":"添加成功！"}
2021-08-03 01:24:25 下次操作: 2021-08-03 01:24:38

2021-08-03 01:24:38 开始第 31 次操作

2021-08-03 01:24:38 开始操作号码 【1956733】
2021-08-03 01:24:46 GSD getOne 第 1 次 等待 3 秒
2021-08-03 01:24:49 查询号码 【1956733】，返回信息 {"status":"bad","msg":""}
2021-08-03 01:24:49 查询号码 【1956733】，GSD为【""】
2021-08-03 01:24:49 bad
2021-08-03 01:24:51 CHB 1956733?1627925089 第 1 次 等待 3 秒
2021-08-03 01:24:54 CHB 1956733?1627925089 第 1 次 获取到号码【1956733】GSD
2021-08-03 01:24:54 未获取到号码【1956733】GSD，可能号码格式错误
2021-08-03 01:24:54 获取到号码【1956733】的GSD为【-】
2021-08-03 01:24:58 GSD insert 第 1 次 等待 3 秒
2021-08-03 01:25:01 {"status":"ok","gid":485191,"msg":"添加成功！"}
2021-08-03 01:25:01 下次操作: 2021-08-03 01:25:16

2021-08-03 01:25:16 开始第 32 次操作

2021-08-03 01:25:16 开始操作号码 【1956732】
2021-08-03 01:25:23 GSD getOne 第 1 次 等待 3 秒
2021-08-03 01:25:26 查询号码 【1956732】，返回信息 {"status":"bad","msg":""}
2021-08-03 01:25:26 查询号码 【1956732】，GSD为【""】
2021-08-03 01:25:26 bad
2021-08-03 01:25:27 CHB 1956732?1627925126 第 1 次 等待 3 秒
2021-08-03 01:25:30 CHB 1956732?1627925126 第 1 次 获取到号码【1956732】GSD
2021-08-03 01:25:30 未获取到号码【1956732】GSD，可能号码格式错误
2021-08-03 01:25:30 获取到号码【1956732】的GSD为【-】
2021-08-03 01:25:35 GSD insert 第 1 次 等待 3 秒
2021-08-03 01:25:38 {"status":"ok","gid":485199,"msg":"添加成功！"}
2021-08-03 01:25:38 下次操作: 2021-08-03 01:25:58

2021-08-03 01:25:58 开始第 33 次操作

2021-08-03 01:25:58 开始操作号码 【1956731】
2021-08-03 01:26:06 GSD getOne 第 1 次 等待 3 秒
2021-08-03 01:26:09 查询号码 【1956731】，返回信息 {"status":"bad","msg":""}
2021-08-03 01:26:09 查询号码 【1956731】，GSD为【""】
2021-08-03 01:26:09 bad
2021-08-03 01:26:11 CHB 1956731?1627925169 第 1 次 等待 3 秒
2021-08-03 01:26:14 CHB 1956731?1627925169 第 1 次 获取到号码【1956731】GSD
2021-08-03 01:26:14 未获取到号码【1956731】GSD，可能号码格式错误
2021-08-03 01:26:14 获取到号码【1956731】的GSD为【-】
2021-08-03 01:26:18 GSD insert 第 1 次 等待 3 秒
2021-08-03 01:26:21 {"status":"ok","gid":485208,"msg":"添加成功！"}
2021-08-03 01:26:21 下次操作: 2021-08-03 01:26:45

2021-08-03 01:26:45 开始第 34 次操作

2021-08-03 01:26:45 开始操作号码 【1956730】
2021-08-03 01:26:51 GSD getOne 第 1 次 等待 3 秒
2021-08-03 01:26:54 查询号码 【1956730】，返回信息 {"status":"bad","msg":""}
2021-08-03 01:26:54 查询号码 【1956730】，GSD为【""】
2021-08-03 01:26:54 bad
2021-08-03 01:26:55 CHB 1956730?1627925214 第 1 次 等待 3 秒
2021-08-03 01:26:58 CHB 1956730?1627925214 第 1 次 获取到号码【1956730】GSD
2021-08-03 01:26:58 未获取到号码【1956730】GSD，可能号码格式错误
2021-08-03 01:26:58 获取到号码【1956730】的GSD为【-】
2021-08-03 01:27:08 GSD insert 第 1 次 等待 3 秒
2021-08-03 01:27:11 {"status":"ok","gid":485216,"msg":"添加成功！"}
2021-08-03 01:27:11 下次操作: 2021-08-03 01:27:33

2021-08-03 01:27:33 开始第 35 次操作

2021-08-03 01:27:33 开始操作号码 【1956729】
2021-08-03 01:27:37 GSD getOne 第 1 次 等待 3 秒
2021-08-03 01:27:40 查询号码 【1956729】，返回信息 {"status":"bad","msg":""}
2021-08-03 01:27:41 查询号码 【1956729】，GSD为【""】
2021-08-03 01:27:41 bad
2021-08-03 01:27:42 CHB 1956729?1627925261 第 1 次 等待 3 秒
2021-08-03 01:27:45 CHB 1956729?1627925261 第 1 次 获取到号码【1956729】GSD
2021-08-03 01:27:45 获取到号码【1956729】的GSD为【安徽-蚌埠】
2021-08-03 01:28:12 GSD insert 第 1 次 等待 3 秒
2021-08-03 01:28:15 {"status":"ok","gid":485228,"msg":"添加成功！"}
2021-08-03 01:28:15 下次操作: 2021-08-03 01:28:29

2021-08-03 01:28:29 开始第 36 次操作

2021-08-03 01:28:29 开始操作号码 【1956728】
2021-08-03 01:28:34 GSD getOne 第 1 次 等待 3 秒
2021-08-03 01:28:37 查询号码 【1956728】，返回信息 {"status":"bad","msg":""}
2021-08-03 01:28:37 查询号码 【1956728】，GSD为【""】
2021-08-03 01:28:37 bad
2021-08-03 01:28:39 CHB 1956728?1627925317 第 1 次 等待 3 秒
2021-08-03 01:28:42 CHB 1956728?1627925317 第 1 次 获取到号码【1956728】GSD
2021-08-03 01:28:42 获取到号码【1956728】的GSD为【安徽-蚌埠】
2021-08-03 01:28:47 GSD insert 第 1 次 等待 3 秒
2021-08-03 01:28:50 {"status":"ok","gid":485235,"msg":"添加成功！"}
2021-08-03 01:28:50 下次操作: 2021-08-03 01:29:05

2021-08-03 01:29:05 开始第 37 次操作

2021-08-03 01:29:05 开始操作号码 【1956727】
2021-08-03 01:29:12 GSD getOne 第 1 次 等待 3 秒
2021-08-03 01:29:15 查询号码 【1956727】，返回信息 {"status":"bad","msg":""}
2021-08-03 01:29:15 查询号码 【1956727】，GSD为【""】
2021-08-03 01:29:15 bad
2021-08-03 01:29:17 CHB 1956727?1627925355 第 1 次 等待 3 秒
2021-08-03 01:29:20 CHB 1956727?1627925355 第 1 次 获取到号码【1956727】GSD
2021-08-03 01:29:20 获取到号码【1956727】的GSD为【安徽-蚌埠】
2021-08-03 01:29:24 GSD insert 第 1 次 等待 3 秒
2021-08-03 01:29:27 {"status":"ok","gid":485244,"msg":"添加成功！"}
2021-08-03 01:29:27 下次操作: 2021-08-03 01:29:44

2021-08-03 01:29:44 开始第 38 次操作

2021-08-03 01:29:44 开始操作号码 【1956726】
2021-08-03 01:29:50 GSD getOne 第 1 次 等待 3 秒
2021-08-03 01:29:53 查询号码 【1956726】，返回信息 {"status":"bad","msg":""}
2021-08-03 01:29:53 查询号码 【1956726】，GSD为【""】
2021-08-03 01:29:53 bad
2021-08-03 01:29:55 CHB 1956726?1627925393 第 1 次 等待 3 秒
2021-08-03 01:29:58 CHB 1956726?1627925393 第 1 次 获取到号码【1956726】GSD
2021-08-03 01:29:58 获取到号码【1956726】的GSD为【安徽-蚌埠】
2021-08-03 01:30:01 GSD insert 第 1 次 等待 3 秒
2021-08-03 01:30:04 {"status":"ok","gid":485253,"msg":"添加成功！"}
2021-08-03 01:30:04 下次操作: 2021-08-03 01:30:19

2021-08-03 01:30:19 开始第 39 次操作

2021-08-03 01:30:19 开始操作号码 【1956725】
2021-08-03 01:30:24 GSD getOne 第 1 次 等待 3 秒
2021-08-03 01:30:27 查询号码 【1956725】，返回信息 {"status":"bad","msg":""}
2021-08-03 01:30:27 查询号码 【1956725】，GSD为【""】
2021-08-03 01:30:27 bad
2021-08-03 01:30:32 CHB 1956725?1627925427 第 1 次 等待 3 秒
2021-08-03 01:30:35 CHB 1956725?1627925427 第 1 次 获取到号码【1956725】GSD
2021-08-03 01:30:35 获取到号码【1956725】的GSD为【安徽-铜陵】
2021-08-03 01:30:41 GSD insert 第 1 次 等待 3 秒
2021-08-03 01:30:44 {"status":"ok","gid":485260,"msg":"添加成功！"}
2021-08-03 01:30:44 下次操作: 2021-08-03 01:31:08

2021-08-03 01:31:08 开始第 40 次操作

2021-08-03 01:31:08 开始操作号码 【1956724】
2021-08-03 01:31:18 GSD getOne 第 1 次 等待 3 秒
2021-08-03 01:31:21 查询号码 【1956724】，返回信息 {"status":"bad","msg":""}
2021-08-03 01:31:22 查询号码 【1956724】，GSD为【""】
2021-08-03 01:31:22 bad
2021-08-03 01:31:23 CHB 1956724?1627925482 第 1 次 等待 3 秒
2021-08-03 01:31:26 CHB 1956724?1627925482 第 1 次 获取到号码【1956724】GSD
2021-08-03 01:31:26 获取到号码【1956724】的GSD为【安徽-铜陵】
2021-08-03 01:31:31 GSD insert 第 1 次 等待 3 秒
2021-08-03 01:31:34 {"status":"ok","gid":485267,"msg":"添加成功！"}

