2024-02-03 00:09:33 开始第 1617 次操作

2024-02-03 00:09:33 开始操作号码 【1771530】
2024-02-03 00:09:37 GSD getOne 第 1 次 等待 3 秒
2024-02-03 00:09:40 查询号码 【1771530】，返回信息 {"status":"ok","msg":"江苏-无锡","gid":"295391","time_insert":"2021-07-16 17:59"}
2024-02-03 00:09:40 查询号码 【1771530】，GSD为【"江苏-无锡"】

2024-02-03 00:09:41 开始第 1618 次操作

2024-02-03 00:09:41 开始操作号码 【1771531】
2024-02-03 00:09:46 GSD getOne 第 1 次 等待 3 秒
2024-02-03 00:09:49 查询号码 【1771531】，返回信息 {"status":"ok","msg":"江苏-无锡","gid":"295380","time_insert":"2021-07-16 17:58","time_update":"2021-07-17 03:12"}
2024-02-03 00:09:49 查询号码 【1771531】，GSD为【"江苏-无锡"】

2024-02-03 00:09:50 开始第 1619 次操作

2024-02-03 00:09:50 开始操作号码 【1771532】
2024-02-03 00:09:55 GSD getOne 第 1 次 等待 3 秒
2024-02-03 00:09:58 查询号码 【1771532】，返回信息 {"status":"ok","msg":"江苏-常州","gid":"295369","time_insert":"2021-07-16 17:57","time_update":"2021-07-17 03:23"}
2024-02-03 00:09:58 查询号码 【1771532】，GSD为【"江苏-常州"】

2024-02-03 00:09:59 开始第 1620 次操作

2024-02-03 00:09:59 开始操作号码 【1771533】
2024-02-03 00:10:04 GSD getOne 第 1 次 等待 3 秒
2024-02-03 00:10:07 查询号码 【1771533】，返回信息 {"status":"ok","msg":"江苏-常州","gid":"295361","time_insert":"2021-07-16 17:57"}
2024-02-03 00:10:07 查询号码 【1771533】，GSD为【"江苏-常州"】

