2023-12-15 00:09:58 开始第 3313 次操作

2023-12-15 00:09:58 开始操作号码 【1883226】
2023-12-15 00:10:02 GSD getOne 第 1 次 等待 3 秒
2023-12-15 00:10:05 查询号码 【1883226】，返回信息 {"status":"ok","msg":"河北-保定","gid":"483450","time_insert":"2021-08-02 21:39"}
2023-12-15 00:10:05 查询号码 【1883226】，GSD为【"河北-保定"】

2023-12-15 00:10:06 开始第 3314 次操作

2023-12-15 00:10:06 开始操作号码 【1883227】
2023-12-15 00:10:10 GSD getOne 第 1 次 等待 3 秒
2023-12-15 00:10:13 查询号码 【1883227】，返回信息 {"status":"ok","msg":"河北-保定","gid":"44037","time_insert":"2020-02-04 15:54","time_update":"2020-08-18 21:52"}
2023-12-15 00:10:13 查询号码 【1883227】，GSD为【"河北-保定"】

2023-12-15 00:10:14 开始第 3315 次操作

2023-12-15 00:10:14 开始操作号码 【1883228】
2023-12-15 00:10:17 GSD getOne 第 1 次 等待 3 秒
2023-12-15 00:10:20 查询号码 【1883228】，返回信息 {"status":"ok","msg":"河北-保定","gid":"483441","time_insert":"2021-08-02 21:37"}
2023-12-15 00:10:20 查询号码 【1883228】，GSD为【"河北-保定"】

2023-12-15 00:10:21 开始第 3316 次操作

2023-12-15 00:10:21 开始操作号码 【1883229】
2023-12-15 00:10:26 GSD getOne 第 1 次 等待 3 秒
2023-12-15 00:10:29 查询号码 【1883229】，返回信息 {"status":"ok","msg":"河北-保定","gid":"483434","time_insert":"2021-08-02 21:36"}
2023-12-15 00:10:29 查询号码 【1883229】，GSD为【"河北-保定"】

