2023-10-22 00:09:47 开始第 4509 次操作

2023-10-22 00:09:47 开始操作号码 【1984422】
2023-10-22 00:09:53 GSD getOne 第 1 次 等待 3 秒
2023-10-22 00:09:56 查询号码 【1984422】，返回信息 {"status":"ok","msg":"浙江-舟山","gid":"510018","time_insert":"2021-08-14 15:56"}
2023-10-22 00:09:56 查询号码 【1984422】，GSD为【"浙江-舟山"】

2023-10-22 00:09:57 开始第 4510 次操作

2023-10-22 00:09:57 开始操作号码 【1984423】
2023-10-22 00:10:03 GSD getOne 第 1 次 等待 3 秒
2023-10-22 00:10:06 查询号码 【1984423】，返回信息 {"status":"ok","msg":"浙江-舟山","gid":"510022","time_insert":"2021-08-14 15:58"}
2023-10-22 00:10:06 查询号码 【1984423】，GSD为【"浙江-舟山"】

2023-10-22 00:10:07 开始第 4511 次操作

2023-10-22 00:10:07 开始操作号码 【1984424】
2023-10-22 00:10:14 GSD getOne 第 1 次 等待 3 秒
2023-10-22 00:10:17 查询号码 【1984424】，返回信息 {"status":"ok","msg":"浙江-舟山","gid":"510031","time_insert":"2021-08-14 16:06"}
2023-10-22 00:10:17 查询号码 【1984424】，GSD为【"浙江-舟山"】

2023-10-22 00:10:18 开始第 4512 次操作

2023-10-22 00:10:18 开始操作号码 【1984425】
2023-10-22 00:10:21 GSD getOne 第 1 次 等待 3 秒
2023-10-22 00:10:24 查询号码 【1984425】，返回信息 {"status":"ok","msg":"浙江-舟山","gid":"510034","time_insert":"2021-08-14 16:08"}
2023-10-22 00:10:24 查询号码 【1984425】，GSD为【"浙江-舟山"】

2023-10-22 00:35:43 开始第 4513 次操作

2023-10-22 00:35:43 开始操作号码 【1984426】
2023-10-22 00:35:46 GSD getOne 第 1 次 等待 3 秒
2023-10-22 00:35:49 查询号码 【1984426】，返回信息 {"status":"ok","msg":"浙江-嘉兴","gid":"510048","time_insert":"2021-08-14 16:19"}
2023-10-22 00:35:49 查询号码 【1984426】，GSD为【"浙江-嘉兴"】

2023-10-22 00:35:50 开始第 4514 次操作

2023-10-22 00:35:50 开始操作号码 【1984427】
2023-10-22 00:35:53 GSD getOne 第 1 次 等待 3 秒
2023-10-22 00:35:56 查询号码 【1984427】，返回信息 {"status":"ok","msg":"浙江-嘉兴","gid":"510052","time_insert":"2021-08-14 16:21"}
2023-10-22 00:35:56 查询号码 【1984427】，GSD为【"浙江-嘉兴"】

2023-10-22 00:35:57 开始第 4515 次操作

2023-10-22 00:35:57 开始操作号码 【1984428】
2023-10-22 00:36:01 GSD getOne 第 1 次 等待 3 秒
2023-10-22 00:36:04 查询号码 【1984428】，返回信息 {"status":"ok","msg":"浙江-嘉兴","gid":"510060","time_insert":"2021-08-14 16:29"}
2023-10-22 00:36:04 查询号码 【1984428】，GSD为【"浙江-嘉兴"】

2023-10-22 00:36:05 开始第 4516 次操作

2023-10-22 00:36:05 开始操作号码 【1984429】
2023-10-22 00:36:12 GSD getOne 第 1 次 等待 3 秒
2023-10-22 00:36:15 查询号码 【1984429】，返回信息 {"status":"ok","msg":"浙江-嘉兴","gid":"510066","time_insert":"2021-08-14 16:32"}
2023-10-22 00:36:15 查询号码 【1984429】，GSD为【"浙江-嘉兴"】

