2024-02-12 00:10:16 开始第 3273 次操作

2024-02-12 00:10:16 开始操作号码 【1773186】
2024-02-12 00:10:24 GSD getOne 第 1 次 等待 3 秒
2024-02-12 00:10:27 查询号码 【1773186】，返回信息 {"status":"ok","msg":"河北-保定","gid":"276042","time_insert":"2021-07-14 17:43"}
2024-02-12 00:10:27 查询号码 【1773186】，GSD为【"河北-保定"】

2024-02-12 00:10:28 开始第 3274 次操作

2024-02-12 00:10:28 开始操作号码 【1773187】
2024-02-12 00:10:32 GSD getOne 第 1 次 等待 3 秒
2024-02-12 00:10:35 查询号码 【1773187】，返回信息 {"status":"ok","msg":"河北-保定","gid":"30619","time_insert":"2016-08-11 21:54","time_update":"2020-08-18 22:00"}
2024-02-12 00:10:35 查询号码 【1773187】，GSD为【"河北-保定"】

2024-02-12 00:10:36 开始第 3275 次操作

2024-02-12 00:10:36 开始操作号码 【1773188】
2024-02-12 00:10:40 GSD getOne 第 1 次 等待 3 秒
2024-02-12 00:10:43 查询号码 【1773188】，返回信息 {"status":"ok","msg":"河北-保定","gid":"276030","time_insert":"2021-07-14 17:42"}
2024-02-12 00:10:43 查询号码 【1773188】，GSD为【"河北-保定"】

2024-02-12 00:10:44 开始第 3276 次操作

2024-02-12 00:10:44 开始操作号码 【1773189】
2024-02-12 00:10:48 GSD getOne 第 1 次 等待 3 秒
2024-02-12 00:10:51 查询号码 【1773189】，返回信息 {"status":"ok","msg":"河北-保定","gid":"276026","time_insert":"2021-07-14 17:42"}
2024-02-12 00:10:51 查询号码 【1773189】，GSD为【"河北-保定"】

