2024-05-09 00:12:00 开始第 8109 次操作

2024-05-09 00:12:00 开始操作号码 【1668023】
2024-05-09 00:12:08 GSD getOne 第 1 次 等待 3 秒
2024-05-09 00:12:11 查询号码 【1668023】，返回信息 {"status":"ok","msg":"湖南-娄底","gid":"188316","time_insert":"2021-07-04 07:41"}
2024-05-09 00:12:11 查询号码 【1668023】，GSD为【"湖南-娄底"】

2024-05-09 00:12:12 开始第 8110 次操作

2024-05-09 00:12:12 开始操作号码 【1668024】
2024-05-09 00:12:23 GSD getOne 第 1 次 等待 3 秒
2024-05-09 00:12:26 查询号码 【1668024】，返回信息 {"status":"ok","msg":"湖南-娄底","gid":"188327","time_insert":"2021-07-04 07:42"}
2024-05-09 00:12:26 查询号码 【1668024】，GSD为【"湖南-娄底"】

2024-05-09 00:12:27 开始第 8111 次操作

2024-05-09 00:12:27 开始操作号码 【1668025】
2024-05-09 00:12:33 GSD getOne 第 1 次 等待 3 秒
2024-05-09 00:12:36 查询号码 【1668025】，返回信息 {"status":"ok","msg":"湖南-娄底","gid":"188343","time_insert":"2021-07-04 07:43"}
2024-05-09 00:12:36 查询号码 【1668025】，GSD为【"湖南-娄底"】

2024-05-09 00:12:37 开始第 8112 次操作

2024-05-09 00:12:37 开始操作号码 【1668026】
2024-05-09 00:12:44 GSD getOne 第 1 次 等待 3 秒
2024-05-09 00:12:47 查询号码 【1668026】，返回信息 {"status":"ok","msg":"湖南-娄底","gid":"188357","time_insert":"2021-07-04 07:44"}
2024-05-09 00:12:47 查询号码 【1668026】，GSD为【"湖南-娄底"】

2024-05-09 00:38:47 开始第 8113 次操作

2024-05-09 00:38:47 开始操作号码 【1668027】
2024-05-09 00:38:54 GSD getOne 第 1 次 等待 3 秒
2024-05-09 00:38:57 查询号码 【1668027】，返回信息 {"status":"ok","msg":"湖南-娄底","gid":"188367","time_insert":"2021-07-04 07:45"}
2024-05-09 00:38:57 查询号码 【1668027】，GSD为【"湖南-娄底"】

2024-05-09 00:38:58 开始第 8114 次操作

2024-05-09 00:38:58 开始操作号码 【1668028】
2024-05-09 00:39:06 GSD getOne 第 1 次 等待 3 秒
2024-05-09 00:39:09 查询号码 【1668028】，返回信息 {"status":"ok","msg":"湖南-娄底","gid":"188377","time_insert":"2021-07-04 07:45"}
2024-05-09 00:39:09 查询号码 【1668028】，GSD为【"湖南-娄底"】

2024-05-09 00:39:10 开始第 8115 次操作

2024-05-09 00:39:10 开始操作号码 【1668029】
2024-05-09 00:39:16 GSD getOne 第 1 次 等待 3 秒
2024-05-09 00:39:19 查询号码 【1668029】，返回信息 {"status":"ok","msg":"湖南-娄底","gid":"188389","time_insert":"2021-07-04 07:46"}
2024-05-09 00:39:19 查询号码 【1668029】，GSD为【"湖南-娄底"】

2024-05-09 00:39:20 开始第 8116 次操作

2024-05-09 00:39:20 开始操作号码 【1668030】
2024-05-09 00:39:27 GSD getOne 第 1 次 等待 3 秒
2024-05-09 00:39:30 查询号码 【1668030】，返回信息 {"status":"ok","msg":"湖南-娄底","gid":"188404","time_insert":"2021-07-04 07:47"}
2024-05-09 00:39:30 查询号码 【1668030】，GSD为【"湖南-娄底"】

