2024-10-31 00:14:59 开始第 2361 次操作

2024-10-31 00:14:59 开始操作号码 【1332360】
2024-10-31 00:15:00 GSD getOne 第 1 次 等待 3 秒
2024-10-31 00:15:03 查询号码 【1332360】，返回信息 {"status":"ok","msg":"河南-商丘","gid":"84385","time_insert":"2021-06-07 12:13"}
2024-10-31 00:15:03 查询号码 【1332360】，GSD为【"河南-商丘"】

2024-10-31 00:15:04 开始第 2362 次操作

2024-10-31 00:15:04 开始操作号码 【1332361】
2024-10-31 00:15:05 GSD getOne 第 1 次 等待 3 秒
2024-10-31 00:15:08 查询号码 【1332361】，返回信息 {"status":"ok","msg":"河南-鹤壁","gid":"2992","time_insert":"2019-11-07 14:23","time_update":"2020-09-14 10:20"}
2024-10-31 00:15:08 查询号码 【1332361】，GSD为【"河南-鹤壁"】

2024-10-31 00:15:09 开始第 2363 次操作

2024-10-31 00:15:09 开始操作号码 【1332362】
2024-10-31 00:15:11 GSD getOne 第 1 次 等待 3 秒
2024-10-31 00:15:14 查询号码 【1332362】，返回信息 {"status":"ok","msg":"河南-安阳","gid":"84412","time_insert":"2021-06-07 12:34"}
2024-10-31 00:15:14 查询号码 【1332362】，GSD为【"河南-安阳"】

2024-10-31 00:15:15 开始第 2364 次操作

2024-10-31 00:15:15 开始操作号码 【1332363】
2024-10-31 00:15:16 GSD getOne 第 1 次 等待 3 秒
2024-10-31 00:15:19 查询号码 【1332363】，返回信息 {"status":"ok","msg":"河南-濮阳","gid":"84444","time_insert":"2021-06-07 13:01"}
2024-10-31 00:15:19 查询号码 【1332363】，GSD为【"河南-濮阳"】

2024-10-31 00:44:53 开始第 2365 次操作

2024-10-31 00:44:53 开始操作号码 【1332364】
2024-10-31 00:44:54 GSD getOne 第 1 次 等待 3 秒
2024-10-31 00:44:57 查询号码 【1332364】，返回信息 {"status":"ok","msg":"河南-驻马店","gid":"84467","time_insert":"2021-06-07 13:24"}
2024-10-31 00:44:57 查询号码 【1332364】，GSD为【"河南-驻马店"】

2024-10-31 00:44:58 开始第 2366 次操作

2024-10-31 00:44:58 开始操作号码 【1332365】
2024-10-31 00:44:59 GSD getOne 第 1 次 等待 3 秒
2024-10-31 00:45:02 查询号码 【1332365】，返回信息 {"status":"ok","msg":"河南-开封","gid":"84495","time_insert":"2021-06-07 13:46"}
2024-10-31 00:45:02 查询号码 【1332365】，GSD为【"河南-开封"】

2024-10-31 00:45:03 开始第 2367 次操作

2024-10-31 00:45:03 开始操作号码 【1332366】
2024-10-31 00:45:04 GSD getOne 第 1 次 等待 3 秒
2024-10-31 00:45:07 查询号码 【1332366】，返回信息 {"status":"ok","msg":"河南-三门峡","gid":"53166","time_insert":"2020-11-24 08:38"}
2024-10-31 00:45:07 查询号码 【1332366】，GSD为【"河南-三门峡"】

2024-10-31 00:45:08 开始第 2368 次操作

2024-10-31 00:45:08 开始操作号码 【1332367】
2024-10-31 00:45:09 GSD getOne 第 1 次 等待 3 秒
2024-10-31 00:45:12 查询号码 【1332367】，返回信息 {"status":"ok","msg":"河南-漯河","gid":"2993","time_insert":"2017-04-19 11:23","time_update":"2020-09-14 09:41"}
2024-10-31 00:45:12 查询号码 【1332367】，GSD为【"河南-漯河"】

2024-10-31 01:11:18 开始第 2369 次操作

2024-10-31 01:11:18 开始操作号码 【1332368】
2024-10-31 01:11:19 GSD getOne 第 1 次 等待 3 秒
2024-10-31 01:11:22 查询号码 【1332368】，返回信息 {"status":"ok","msg":"河南-南阳","gid":"84526","time_insert":"2021-06-07 14:11"}
2024-10-31 01:11:22 查询号码 【1332368】，GSD为【"河南-南阳"】

2024-10-31 01:11:23 开始第 2370 次操作

2024-10-31 01:11:23 开始操作号码 【1332369】
2024-10-31 01:11:24 GSD getOne 第 1 次 等待 3 秒
2024-10-31 01:11:27 查询号码 【1332369】，返回信息 {"status":"ok","msg":"河南-南阳","gid":"84554","time_insert":"2021-06-07 14:35"}
2024-10-31 01:11:27 查询号码 【1332369】，GSD为【"河南-南阳"】

2024-10-31 01:11:28 开始第 2371 次操作

2024-10-31 01:11:28 开始操作号码 【1332370】
2024-10-31 01:11:29 GSD getOne 第 1 次 等待 3 秒
2024-10-31 01:11:32 查询号码 【1332370】，返回信息 {"status":"ok","msg":"河南-商丘","gid":"84580","time_insert":"2021-06-07 14:58"}
2024-10-31 01:11:32 查询号码 【1332370】，GSD为【"河南-商丘"】

2024-10-31 01:11:33 开始第 2372 次操作

2024-10-31 01:11:33 开始操作号码 【1332371】
2024-10-31 01:11:34 GSD getOne 第 1 次 等待 3 秒
2024-10-31 01:11:37 查询号码 【1332371】，返回信息 {"status":"ok","msg":"河南-郑州","gid":"84642","time_insert":"2021-06-07 15:26"}
2024-10-31 01:11:37 查询号码 【1332371】，GSD为【"河南-郑州"】

2024-10-31 01:37:01 开始第 2373 次操作

2024-10-31 01:37:01 开始操作号码 【1332372】
2024-10-31 01:37:02 GSD getOne 第 1 次 等待 3 秒
2024-10-31 01:37:05 查询号码 【1332372】，返回信息 {"status":"ok","msg":"河南-安阳","gid":"84667","time_insert":"2021-06-07 15:42"}
2024-10-31 01:37:05 查询号码 【1332372】，GSD为【"河南-安阳"】

2024-10-31 01:37:06 开始第 2374 次操作

2024-10-31 01:37:06 开始操作号码 【1332373】
2024-10-31 01:37:07 GSD getOne 第 1 次 等待 3 秒
2024-10-31 01:37:10 查询号码 【1332373】，返回信息 {"status":"ok","msg":"河南-新乡","gid":"84702","time_insert":"2021-06-07 16:07"}
2024-10-31 01:37:10 查询号码 【1332373】，GSD为【"河南-新乡"】

2024-10-31 01:37:11 开始第 2375 次操作

2024-10-31 01:37:11 开始操作号码 【1332374】
2024-10-31 01:37:12 GSD getOne 第 1 次 等待 3 秒
2024-10-31 01:37:15 查询号码 【1332374】，返回信息 {"status":"ok","msg":"河南-许昌","gid":"84724","time_insert":"2021-06-07 16:27"}
2024-10-31 01:37:15 查询号码 【1332374】，GSD为【"河南-许昌"】

2024-10-31 01:37:16 开始第 2376 次操作

2024-10-31 01:37:16 开始操作号码 【1332375】
2024-10-31 01:37:17 GSD getOne 第 1 次 等待 3 秒
2024-10-31 01:37:20 查询号码 【1332375】，返回信息 {"status":"ok","msg":"河南-平顶山","gid":"84763","time_insert":"2021-06-07 16:53"}
2024-10-31 01:37:20 查询号码 【1332375】，GSD为【"河南-平顶山"】

2024-10-31 02:16:43 开始第 2377 次操作

2024-10-31 02:16:43 开始操作号码 【1332376】
2024-10-31 02:16:44 GSD getOne 第 1 次 等待 3 秒
2024-10-31 02:16:47 查询号码 【1332376】，返回信息 {"status":"ok","msg":"河南-信阳","gid":"53167","time_insert":"2020-07-11 20:10"}
2024-10-31 02:16:47 查询号码 【1332376】，GSD为【"河南-信阳"】

2024-10-31 02:16:48 开始第 2378 次操作

2024-10-31 02:16:48 开始操作号码 【1332377】
2024-10-31 02:16:50 GSD getOne 第 1 次 等待 3 秒
2024-10-31 02:16:53 查询号码 【1332377】，返回信息 {"status":"ok","msg":"河南-南阳","gid":"84795","time_insert":"2021-06-07 17:21"}
2024-10-31 02:16:53 查询号码 【1332377】，GSD为【"河南-南阳"】

2024-10-31 02:16:54 开始第 2379 次操作

2024-10-31 02:16:54 开始操作号码 【1332378】
2024-10-31 02:16:55 GSD getOne 第 1 次 等待 3 秒
2024-10-31 02:16:58 查询号码 【1332378】，返回信息 {"status":"ok","msg":"河南-开封","gid":"53168","time_insert":"2020-03-13 14:59"}
2024-10-31 02:16:58 查询号码 【1332378】，GSD为【"河南-开封"】

2024-10-31 02:16:59 开始第 2380 次操作

2024-10-31 02:16:59 开始操作号码 【1332379】
2024-10-31 02:17:00 GSD getOne 第 1 次 等待 3 秒
2024-10-31 02:17:03 查询号码 【1332379】，返回信息 {"status":"ok","msg":"河南-洛阳","gid":"84827","time_insert":"2021-06-07 17:51"}
2024-10-31 02:17:03 查询号码 【1332379】，GSD为【"河南-洛阳"】

2024-10-31 02:42:46 开始第 2381 次操作

2024-10-31 02:42:46 开始操作号码 【1332380】
2024-10-31 02:42:47 GSD getOne 第 1 次 等待 3 秒
2024-10-31 02:42:50 查询号码 【1332380】，返回信息 {"status":"ok","msg":"河南-新乡","gid":"53170","time_insert":"2020-07-22 10:57"}
2024-10-31 02:42:50 查询号码 【1332380】，GSD为【"河南-新乡"】

2024-10-31 02:42:51 开始第 2382 次操作

2024-10-31 02:42:51 开始操作号码 【1332381】
2024-10-31 02:42:52 GSD getOne 第 1 次 等待 3 秒
2024-10-31 02:42:55 查询号码 【1332381】，返回信息 {"status":"ok","msg":"河南-郑州","gid":"53171","time_insert":"2020-01-25 08:08"}
2024-10-31 02:42:55 查询号码 【1332381】，GSD为【"河南-郑州"】

2024-10-31 02:42:56 开始第 2383 次操作

2024-10-31 02:42:56 开始操作号码 【1332382】
2024-10-31 02:42:57 GSD getOne 第 1 次 等待 3 秒
2024-10-31 02:43:00 查询号码 【1332382】，返回信息 {"status":"ok","msg":"河南-郑州","gid":"53172","time_insert":"2021-01-17 08:39"}
2024-10-31 02:43:00 查询号码 【1332382】，GSD为【"河南-郑州"】

2024-10-31 02:43:01 开始第 2384 次操作

2024-10-31 02:43:01 开始操作号码 【1332383】
2024-10-31 02:43:02 GSD getOne 第 1 次 等待 3 秒
2024-10-31 02:43:05 查询号码 【1332383】，返回信息 {"status":"ok","msg":"河南-郑州","gid":"53173","time_insert":"2020-09-16 07:28"}
2024-10-31 02:43:05 查询号码 【1332383】，GSD为【"河南-郑州"】

