2024-07-05 00:11:52 开始第 4865 次操作

2024-07-05 00:11:52 开始操作号码 【1554774】
2024-07-05 00:12:03 GSD getOne 第 1 次 等待 3 秒
2024-07-05 00:12:06 查询号码 【1554774】，返回信息 {"status":"ok","msg":"内蒙古-鄂尔多斯","gid":"367630","time_insert":"2021-07-23 16:16"}
2024-07-05 00:12:06 查询号码 【1554774】，GSD为【"内蒙古-鄂尔多斯"】

2024-07-05 00:12:07 开始第 4866 次操作

2024-07-05 00:12:07 开始操作号码 【1554775】
2024-07-05 00:12:15 GSD getOne 第 1 次 等待 3 秒
2024-07-05 00:12:18 查询号码 【1554775】，返回信息 {"status":"ok","msg":"内蒙古-鄂尔多斯","gid":"367650","time_insert":"2021-07-23 16:25"}
2024-07-05 00:12:18 查询号码 【1554775】，GSD为【"内蒙古-鄂尔多斯"】

2024-07-05 00:12:19 开始第 4867 次操作

2024-07-05 00:12:19 开始操作号码 【1554776】
2024-07-05 00:12:26 GSD getOne 第 1 次 等待 3 秒
2024-07-05 00:12:29 查询号码 【1554776】，返回信息 {"status":"ok","msg":"内蒙古-鄂尔多斯","gid":"367672","time_insert":"2021-07-23 16:35"}
2024-07-05 00:12:29 查询号码 【1554776】，GSD为【"内蒙古-鄂尔多斯"】

2024-07-05 00:12:30 开始第 4868 次操作

2024-07-05 00:12:30 开始操作号码 【1554777】
2024-07-05 00:12:39 GSD getOne 第 1 次 等待 3 秒
2024-07-05 00:12:42 查询号码 【1554777】，返回信息 {"status":"ok","msg":"内蒙古-鄂尔多斯","gid":"367722","time_insert":"2021-07-23 16:44"}
2024-07-05 00:12:42 查询号码 【1554777】，GSD为【"内蒙古-鄂尔多斯"】

2024-07-05 00:37:18 开始第 4869 次操作

2024-07-05 00:37:18 开始操作号码 【1554778】
2024-07-05 00:37:26 GSD getOne 第 1 次 等待 3 秒
2024-07-05 00:37:29 查询号码 【1554778】，返回信息 {"status":"ok","msg":"内蒙古-鄂尔多斯","gid":"367862","time_insert":"2021-07-23 16:54"}
2024-07-05 00:37:29 查询号码 【1554778】，GSD为【"内蒙古-鄂尔多斯"】

2024-07-05 00:37:30 开始第 4870 次操作

2024-07-05 00:37:30 开始操作号码 【1554779】
2024-07-05 00:37:38 GSD getOne 第 1 次 等待 3 秒
2024-07-05 00:37:41 查询号码 【1554779】，返回信息 {"status":"ok","msg":"内蒙古-鄂尔多斯","gid":"367998","time_insert":"2021-07-23 17:03"}
2024-07-05 00:37:41 查询号码 【1554779】，GSD为【"内蒙古-鄂尔多斯"】

2024-07-05 00:37:42 开始第 4871 次操作

2024-07-05 00:37:42 开始操作号码 【1554780】
2024-07-05 00:37:53 GSD getOne 第 1 次 等待 3 秒
2024-07-05 00:37:56 查询号码 【1554780】，返回信息 {"status":"ok","msg":"内蒙古-巴彦淖尔","gid":"368080","time_insert":"2021-07-23 17:13"}
2024-07-05 00:37:56 查询号码 【1554780】，GSD为【"内蒙古-巴彦淖尔"】

2024-07-05 00:37:57 开始第 4872 次操作

2024-07-05 00:37:57 开始操作号码 【1554781】
2024-07-05 00:38:05 GSD getOne 第 1 次 等待 3 秒
2024-07-05 00:38:08 查询号码 【1554781】，返回信息 {"status":"ok","msg":"内蒙古-巴彦淖尔","gid":"368121","time_insert":"2021-07-23 17:23"}
2024-07-05 00:38:08 查询号码 【1554781】，GSD为【"内蒙古-巴彦淖尔"】

