2024-01-04 00:11:14 开始第 6981 次操作

2024-01-04 00:11:14 开始操作号码 【1886894】
2024-01-04 00:11:17 GSD getOne 第 1 次 等待 3 秒
2024-01-04 00:11:20 查询号码 【1886894】，返回信息 {"status":"ok","msg":"浙江-宁波","gid":"44290","time_insert":"2018-11-18 19:08","time_update":"2020-09-03 12:03"}
2024-01-04 00:11:20 查询号码 【1886894】，GSD为【"浙江-宁波"】

2024-01-04 00:11:21 开始第 6982 次操作

2024-01-04 00:11:21 开始操作号码 【1886895】
2024-01-04 00:11:24 GSD getOne 第 1 次 等待 3 秒
2024-01-04 00:11:27 查询号码 【1886895】，返回信息 {"status":"ok","msg":"浙江-宁波","gid":"44291","time_insert":"2014-07-02 15:00","time_update":"2020-09-03 12:08"}
2024-01-04 00:11:27 查询号码 【1886895】，GSD为【"浙江-宁波"】

2024-01-04 00:11:28 开始第 6983 次操作

2024-01-04 00:11:28 开始操作号码 【1886896】
2024-01-04 00:11:31 GSD getOne 第 1 次 等待 3 秒
2024-01-04 00:11:34 查询号码 【1886896】，返回信息 {"status":"ok","msg":"浙江-宁波","gid":"44292","time_insert":"2017-07-18 10:15","time_update":"2020-09-03 12:12"}
2024-01-04 00:11:34 查询号码 【1886896】，GSD为【"浙江-宁波"】

2024-01-04 00:11:35 开始第 6984 次操作

2024-01-04 00:11:35 开始操作号码 【1886897】
2024-01-04 00:11:38 GSD getOne 第 1 次 等待 3 秒
2024-01-04 00:11:41 查询号码 【1886897】，返回信息 {"status":"ok","msg":"浙江-宁波","gid":"441335","time_insert":"2021-07-30 05:55"}
2024-01-04 00:11:41 查询号码 【1886897】，GSD为【"浙江-宁波"】

