2024-01-12 00:12:10 开始第 8449 次操作

2024-01-12 00:12:10 开始操作号码 【1888362】
2024-01-12 00:12:13 GSD getOne 第 1 次 等待 3 秒
2024-01-12 00:12:16 查询号码 【1888362】，返回信息 {"status":"ok","msg":"重庆-万州","gid":"44628","time_insert":"2017-05-30 10:52","time_update":"2021-01-19 20:51"}
2024-01-12 00:12:16 查询号码 【1888362】，GSD为【"重庆-万州"】

2024-01-12 00:12:17 开始第 8450 次操作

2024-01-12 00:12:17 开始操作号码 【1888363】
2024-01-12 00:12:19 GSD getOne 第 1 次 等待 3 秒
2024-01-12 00:12:22 查询号码 【1888363】，返回信息 {"status":"ok","msg":"重庆-万州","gid":"44629","time_insert":"2019-11-06 18:54","time_update":"2021-01-19 20:57"}
2024-01-12 00:12:22 查询号码 【1888363】，GSD为【"重庆-万州"】

2024-01-12 00:12:23 开始第 8451 次操作

2024-01-12 00:12:23 开始操作号码 【1888364】
2024-01-12 00:12:28 GSD getOne 第 1 次 等待 3 秒
2024-01-12 00:12:31 查询号码 【1888364】，返回信息 {"status":"ok","msg":"重庆-万州","gid":"428922","time_insert":"2021-07-29 01:28"}
2024-01-12 00:12:31 查询号码 【1888364】，GSD为【"重庆-万州"】

2024-01-12 00:12:32 开始第 8452 次操作

2024-01-12 00:12:32 开始操作号码 【1888365】
2024-01-12 00:12:36 GSD getOne 第 1 次 等待 3 秒
2024-01-12 00:12:39 查询号码 【1888365】，返回信息 {"status":"ok","msg":"重庆-万州","gid":"44630","time_insert":"2020-01-13 21:58","time_update":"2021-01-19 20:59"}
2024-01-12 00:12:39 查询号码 【1888365】，GSD为【"重庆-万州"】

