2024-08-28 00:12:03 开始第 1549 次操作

2024-08-28 00:12:03 开始操作号码 【1441548】
2024-08-28 00:12:16 GSD getOne 第 1 次 等待 3 秒
2024-08-28 00:12:19 查询号码 【1441548】，返回信息 {"status":"ok","msg":"-","gid":"546061","time_insert":"2023-02-22 01:00"}
2024-08-28 00:12:19 查询号码 【1441548】，GSD为【"-"】
2024-08-28 00:12:19 ok && -
2024-08-28 00:12:21 CHB 1441548?1724775139 第 1 次 等待 3 秒
2024-08-28 00:12:24 CHB 1441548?1724775139 第 1 次 获取到号码【1441548】GSD
2024-08-28 00:12:24 未获取到号码【1441548】GSD，可能号码格式错误
2024-08-28 00:12:24 获取到号码【1441548】的GSD为【-】
2024-08-28 00:12:33 GSD insert 第 1 次 等待 3 秒
2024-08-28 00:12:36 {"status":"bad","gid":"546061","msg":"添加失败！号码【1441548(-|-)】已存在！"}
2024-08-28 00:12:36 随机等待 138 秒，约 2 分钟
2024-08-28 00:12:36 下次操作: 2024-08-28 00:14:54

2024-08-28 00:14:54 开始第 1550 次操作

2024-08-28 00:14:54 开始操作号码 【1441549】
2024-08-28 00:15:02 GSD getOne 第 1 次 等待 3 秒
2024-08-28 00:15:05 查询号码 【1441549】，返回信息 {"status":"ok","msg":"-","gid":"546075","time_insert":"2023-02-22 01:09"}
2024-08-28 00:15:05 查询号码 【1441549】，GSD为【"-"】
2024-08-28 00:15:05 ok && -
2024-08-28 00:15:07 CHB 1441549?1724775305 第 1 次 等待 3 秒
2024-08-28 00:15:10 CHB 1441549?1724775305 第 1 次 获取到号码【1441549】GSD
2024-08-28 00:15:10 未获取到号码【1441549】GSD，可能号码格式错误
2024-08-28 00:15:10 获取到号码【1441549】的GSD为【-】
2024-08-28 00:15:19 GSD insert 第 1 次 等待 3 秒
2024-08-28 00:15:22 {"status":"bad","gid":"546075","msg":"添加失败！号码【1441549(-|-)】已存在！"}
2024-08-28 00:15:22 随机等待 80 秒，约 1 分钟
2024-08-28 00:15:22 下次操作: 2024-08-28 00:16:42

2024-08-28 00:16:42 开始第 1551 次操作

2024-08-28 00:16:42 开始操作号码 【1441550】
2024-08-28 00:16:50 GSD getOne 第 1 次 等待 3 秒
2024-08-28 00:16:53 查询号码 【1441550】，返回信息 {"status":"ok","msg":"-","gid":"546097","time_insert":"2023-02-22 01:23"}
2024-08-28 00:16:53 查询号码 【1441550】，GSD为【"-"】
2024-08-28 00:16:53 ok && -
2024-08-28 00:16:55 CHB 1441550?1724775413 第 1 次 等待 3 秒
2024-08-28 00:16:58 CHB 1441550?1724775413 第 1 次 获取到号码【1441550】GSD
2024-08-28 00:16:58 未获取到号码【1441550】GSD，可能号码格式错误
2024-08-28 00:16:58 获取到号码【1441550】的GSD为【-】
2024-08-28 00:17:06 GSD insert 第 1 次 等待 3 秒
2024-08-28 00:17:09 {"status":"bad","gid":"546097","msg":"添加失败！号码【1441550(-|-)】已存在！"}
2024-08-28 00:17:09 随机等待 129 秒，约 2 分钟
2024-08-28 00:17:09 下次操作: 2024-08-28 00:19:18

2024-08-28 00:19:18 开始第 1552 次操作

2024-08-28 00:19:18 开始操作号码 【1441551】
2024-08-28 00:19:27 GSD getOne 第 1 次 等待 3 秒
2024-08-28 00:19:30 查询号码 【1441551】，返回信息 {"status":"ok","msg":"-","gid":"546123","time_insert":"2023-02-22 01:38"}
2024-08-28 00:19:30 查询号码 【1441551】，GSD为【"-"】
2024-08-28 00:19:30 ok && -
2024-08-28 00:19:32 CHB 1441551?1724775570 第 1 次 等待 3 秒
2024-08-28 00:19:35 CHB 1441551?1724775570 第 1 次 获取到号码【1441551】GSD
2024-08-28 00:19:35 未获取到号码【1441551】GSD，可能号码格式错误
2024-08-28 00:19:35 获取到号码【1441551】的GSD为【-】
2024-08-28 00:19:44 GSD insert 第 1 次 等待 3 秒
2024-08-28 00:19:47 {"status":"bad","gid":"546123","msg":"添加失败！号码【1441551(-|-)】已存在！"}

