2023-12-17 00:10:35 开始第 3681 次操作

2023-12-17 00:10:36 开始操作号码 【1883594】
2023-12-17 00:10:39 GSD getOne 第 1 次 等待 3 秒
2023-12-17 00:10:42 查询号码 【1883594】，返回信息 {"status":"ok","msg":"山西-运城","gid":"478953","time_insert":"2021-08-02 12:54"}
2023-12-17 00:10:42 查询号码 【1883594】，GSD为【"山西-运城"】

2023-12-17 00:10:43 开始第 3682 次操作

2023-12-17 00:10:43 开始操作号码 【1883595】
2023-12-17 00:10:47 GSD getOne 第 1 次 等待 3 秒
2023-12-17 00:10:50 查询号码 【1883595】，返回信息 {"status":"ok","msg":"山西-运城","gid":"478948","time_insert":"2021-08-02 12:54"}
2023-12-17 00:10:50 查询号码 【1883595】，GSD为【"山西-运城"】

2023-12-17 00:10:51 开始第 3683 次操作

2023-12-17 00:10:51 开始操作号码 【1883596】
2023-12-17 00:10:55 GSD getOne 第 1 次 等待 3 秒
2023-12-17 00:10:58 查询号码 【1883596】，返回信息 {"status":"ok","msg":"山西-运城","gid":"478939","time_insert":"2021-08-02 12:53"}
2023-12-17 00:10:58 查询号码 【1883596】，GSD为【"山西-运城"】

2023-12-17 00:10:59 开始第 3684 次操作

2023-12-17 00:10:59 开始操作号码 【1883597】
2023-12-17 00:11:03 GSD getOne 第 1 次 等待 3 秒
2023-12-17 00:11:06 查询号码 【1883597】，返回信息 {"status":"ok","msg":"山西-运城","gid":"478929","time_insert":"2021-08-02 12:52"}
2023-12-17 00:11:06 查询号码 【1883597】，GSD为【"山西-运城"】

