2024-04-15 06:19:50 开始第 3765 次操作

2024-04-15 06:19:50 开始操作号码 【1663679】
2024-04-15 06:20:05 GSD getOne 第 1 次 等待 3 秒
2024-04-15 06:20:08 查询号码 【1663679】，返回信息 {"status":"ok","msg":"山西-临汾","gid":"140528","time_insert":"2021-06-27 16:58","time_update":"2021-09-17 17:53"}
2024-04-15 06:20:08 查询号码 【1663679】，GSD为【"山西-临汾"】

2024-04-15 06:20:09 开始第 3766 次操作

2024-04-15 06:20:09 开始操作号码 【1663680】
2024-04-15 06:20:15 GSD getOne 第 1 次 等待 3 秒
2024-04-15 06:20:18 查询号码 【1663680】，返回信息 {"status":"ok","msg":"山西-吕梁","gid":"140537","time_insert":"2021-06-27 16:59","time_update":"2021-09-17 17:54"}
2024-04-15 06:20:18 查询号码 【1663680】，GSD为【"山西-吕梁"】

2024-04-15 06:20:19 开始第 3767 次操作

2024-04-15 06:20:19 开始操作号码 【1663681】
2024-04-15 06:20:24 GSD getOne 第 1 次 等待 3 秒
2024-04-15 06:20:27 查询号码 【1663681】，返回信息 {"status":"ok","msg":"山西-吕梁","gid":"140543","time_insert":"2021-06-27 16:59","time_update":"2021-09-17 17:55"}
2024-04-15 06:20:27 查询号码 【1663681】，GSD为【"山西-吕梁"】

2024-04-15 06:20:28 开始第 3768 次操作

2024-04-15 06:20:28 开始操作号码 【1663682】
2024-04-15 06:20:33 GSD getOne 第 1 次 等待 3 秒
2024-04-15 06:20:36 查询号码 【1663682】，返回信息 {"status":"ok","msg":"山西-吕梁","gid":"140555","time_insert":"2021-06-27 17:00","time_update":"2021-09-17 17:56"}
2024-04-15 06:20:36 查询号码 【1663682】，GSD为【"山西-吕梁"】

