2024-06-27 00:12:42 开始第 3413 次操作

2024-06-27 00:12:42 开始操作号码 【1553324】
2024-06-27 00:13:02 GSD getOne 第 1 次 等待 3 秒
2024-06-27 00:13:05 查询号码 【1553324】，返回信息 {"status":"ok","msg":"河北-保定","gid":"249719","time_insert":"2021-07-11 17:30"}
2024-06-27 00:13:05 查询号码 【1553324】，GSD为【"河北-保定"】

2024-06-27 00:13:06 开始第 3414 次操作

2024-06-27 00:13:06 开始操作号码 【1553325】
2024-06-27 00:13:24 GSD getOne 第 1 次 等待 3 秒
2024-06-27 00:13:27 查询号码 【1553325】，返回信息 {"status":"ok","msg":"河北-保定","gid":"249888","time_insert":"2021-07-11 17:48"}
2024-06-27 00:13:27 查询号码 【1553325】，GSD为【"河北-保定"】

2024-06-27 00:13:28 开始第 3415 次操作

2024-06-27 00:13:28 开始操作号码 【1553326】
2024-06-27 00:13:42 GSD getOne 第 1 次 等待 3 秒
2024-06-27 00:13:45 查询号码 【1553326】，返回信息 {"status":"ok","msg":"河北-保定","gid":"249996","time_insert":"2021-07-11 18:09"}
2024-06-27 00:13:46 查询号码 【1553326】，GSD为【"河北-保定"】

2024-06-27 00:13:47 开始第 3416 次操作

2024-06-27 00:13:47 开始操作号码 【1553327】
2024-06-27 00:14:12 GSD getOne 第 1 次 等待 3 秒
2024-06-27 00:14:15 查询号码 【1553327】，返回信息 {"status":"ok","msg":"河北-保定","gid":"250036","time_insert":"2021-07-11 18:32","time_update":"2021-07-12 12:07"}
2024-06-27 00:14:15 查询号码 【1553327】，GSD为【"河北-保定"】

