2024-03-06 00:10:38 开始第 7457 次操作

2024-03-06 00:10:38 开始操作号码 【1777370】
2024-03-06 00:10:43 GSD getOne 第 1 次 等待 3 秒
2024-03-06 00:10:46 查询号码 【1777370】，返回信息 {"status":"ok","msg":"湖南-益阳","gid":"230053","time_insert":"2021-07-09 10:48"}
2024-03-06 00:10:46 查询号码 【1777370】，GSD为【"湖南-益阳"】

2024-03-06 00:10:47 开始第 7458 次操作

2024-03-06 00:10:47 开始操作号码 【1777371】
2024-03-06 00:10:52 GSD getOne 第 1 次 等待 3 秒
2024-03-06 00:10:55 查询号码 【1777371】，返回信息 {"status":"ok","msg":"湖南-益阳","gid":"230049","time_insert":"2021-07-09 10:48"}
2024-03-06 00:10:55 查询号码 【1777371】，GSD为【"湖南-益阳"】

2024-03-06 00:10:56 开始第 7459 次操作

2024-03-06 00:10:56 开始操作号码 【1777372】
2024-03-06 00:11:01 GSD getOne 第 1 次 等待 3 秒
2024-03-06 00:11:04 查询号码 【1777372】，返回信息 {"status":"ok","msg":"湖南-益阳","gid":"230044","time_insert":"2021-07-09 10:47"}
2024-03-06 00:11:04 查询号码 【1777372】，GSD为【"湖南-益阳"】

2024-03-06 00:11:05 开始第 7460 次操作

2024-03-06 00:11:05 开始操作号码 【1777373】
2024-03-06 00:11:09 GSD getOne 第 1 次 等待 3 秒
2024-03-06 00:11:12 查询号码 【1777373】，返回信息 {"status":"ok","msg":"湖南-益阳","gid":"230040","time_insert":"2021-07-09 10:47"}
2024-03-06 00:11:12 查询号码 【1777373】，GSD为【"湖南-益阳"】

