2024-07-16 00:12:12 开始第 6849 次操作

2024-07-16 00:12:12 开始操作号码 【1556758】
2024-07-16 00:12:20 GSD getOne 第 1 次 等待 3 秒
2024-07-16 00:12:23 查询号码 【1556758】，返回信息 {"status":"ok","msg":"吉林-吉林","gid":"406391","time_insert":"2021-07-26 22:45"}
2024-07-16 00:12:23 查询号码 【1556758】，GSD为【"吉林-吉林"】

2024-07-16 00:12:24 开始第 6850 次操作

2024-07-16 00:12:24 开始操作号码 【1556759】
2024-07-16 00:12:33 GSD getOne 第 1 次 等待 3 秒
2024-07-16 00:12:36 查询号码 【1556759】，返回信息 {"status":"ok","msg":"吉林-白山","gid":"406380","time_insert":"2021-07-26 22:44"}
2024-07-16 00:12:36 查询号码 【1556759】，GSD为【"吉林-白山"】

2024-07-16 00:12:37 开始第 6851 次操作

2024-07-16 00:12:37 开始操作号码 【1556760】
2024-07-16 00:12:45 GSD getOne 第 1 次 等待 3 秒
2024-07-16 00:12:48 查询号码 【1556760】，返回信息 {"status":"ok","msg":"吉林-延边","gid":"406367","time_insert":"2021-07-26 22:43"}
2024-07-16 00:12:48 查询号码 【1556760】，GSD为【"吉林-延边"】

2024-07-16 00:12:49 开始第 6852 次操作

2024-07-16 00:12:49 开始操作号码 【1556761】
2024-07-16 00:12:57 GSD getOne 第 1 次 等待 3 秒
2024-07-16 00:13:00 查询号码 【1556761】，返回信息 {"status":"ok","msg":"吉林-延边","gid":"406352","time_insert":"2021-07-26 22:42"}
2024-07-16 00:13:00 查询号码 【1556761】，GSD为【"吉林-延边"】

