2024-05-13 00:11:03 开始第 8845 次操作

2024-05-13 00:11:03 开始操作号码 【1668759】
2024-05-13 00:11:10 GSD getOne 第 1 次 等待 3 秒
2024-05-13 00:11:13 查询号码 【1668759】，返回信息 {"status":"ok","msg":"云南-临沧","gid":"196455","time_insert":"2021-07-05 07:54"}
2024-05-13 00:11:13 查询号码 【1668759】，GSD为【"云南-临沧"】

2024-05-13 00:11:14 开始第 8846 次操作

2024-05-13 00:11:14 开始操作号码 【1668760】
2024-05-13 00:11:21 GSD getOne 第 1 次 等待 3 秒
2024-05-13 00:11:24 查询号码 【1668760】，返回信息 {"status":"ok","msg":"云南-临沧","gid":"196462","time_insert":"2021-07-05 07:55"}
2024-05-13 00:11:24 查询号码 【1668760】，GSD为【"云南-临沧"】

2024-05-13 00:11:25 开始第 8847 次操作

2024-05-13 00:11:25 开始操作号码 【1668761】
2024-05-13 00:11:32 GSD getOne 第 1 次 等待 3 秒
2024-05-13 00:11:35 查询号码 【1668761】，返回信息 {"status":"ok","msg":"云南-临沧","gid":"196470","time_insert":"2021-07-05 07:56"}
2024-05-13 00:11:36 查询号码 【1668761】，GSD为【"云南-临沧"】

2024-05-13 00:11:37 开始第 8848 次操作

2024-05-13 00:11:37 开始操作号码 【1668762】
2024-05-13 00:11:45 GSD getOne 第 1 次 等待 3 秒
2024-05-13 00:11:48 查询号码 【1668762】，返回信息 {"status":"ok","msg":"云南-文山","gid":"196479","time_insert":"2021-07-05 07:56"}
2024-05-13 00:11:48 查询号码 【1668762】，GSD为【"云南-文山"】

2024-05-13 00:35:05 开始第 8849 次操作

2024-05-13 00:35:05 开始操作号码 【1668763】
2024-05-13 00:35:30 GSD getOne 第 1 次 等待 3 秒
2024-05-13 00:35:33 查询号码 【1668763】，返回信息 {"status":"ok","msg":"云南-文山","gid":"196487","time_insert":"2021-07-05 07:57"}
2024-05-13 00:35:33 查询号码 【1668763】，GSD为【"云南-文山"】

2024-05-13 00:35:34 开始第 8850 次操作

2024-05-13 00:35:34 开始操作号码 【1668764】
2024-05-13 00:35:39 GSD getOne 第 1 次 等待 3 秒
2024-05-13 00:35:42 查询号码 【1668764】，返回信息 {"status":"ok","msg":"云南-文山","gid":"196492","time_insert":"2021-07-05 07:58"}
2024-05-13 00:35:42 查询号码 【1668764】，GSD为【"云南-文山"】

2024-05-13 00:35:43 开始第 8851 次操作

2024-05-13 00:35:43 开始操作号码 【1668765】
2024-05-13 00:35:49 GSD getOne 第 1 次 等待 3 秒
2024-05-13 00:35:52 查询号码 【1668765】，返回信息 {"status":"ok","msg":"云南-文山","gid":"196498","time_insert":"2021-07-05 07:59"}
2024-05-13 00:35:52 查询号码 【1668765】，GSD为【"云南-文山"】

2024-05-13 00:35:53 开始第 8852 次操作

2024-05-13 00:35:53 开始操作号码 【1668766】
2024-05-13 00:35:58 GSD getOne 第 1 次 等待 3 秒
2024-05-13 00:36:01 查询号码 【1668766】，返回信息 {"status":"ok","msg":"云南-文山","gid":"196504","time_insert":"2021-07-05 08:00"}
2024-05-13 00:36:01 查询号码 【1668766】，GSD为【"云南-文山"】

2024-05-13 01:07:22 开始第 8853 次操作

2024-05-13 01:07:22 开始操作号码 【1668767】
2024-05-13 01:07:28 GSD getOne 第 1 次 等待 3 秒
2024-05-13 01:07:31 查询号码 【1668767】，返回信息 {"status":"ok","msg":"云南-德宏","gid":"196508","time_insert":"2021-07-05 08:00"}
2024-05-13 01:07:31 查询号码 【1668767】，GSD为【"云南-德宏"】

2024-05-13 01:07:32 开始第 8854 次操作

2024-05-13 01:07:32 开始操作号码 【1668768】
2024-05-13 01:07:39 GSD getOne 第 1 次 等待 3 秒
2024-05-13 01:07:42 查询号码 【1668768】，返回信息 {"status":"ok","msg":"云南-德宏","gid":"196512","time_insert":"2021-07-05 08:00"}
2024-05-13 01:07:42 查询号码 【1668768】，GSD为【"云南-德宏"】

2024-05-13 01:07:43 开始第 8855 次操作

2024-05-13 01:07:43 开始操作号码 【1668769】
2024-05-13 01:07:51 GSD getOne 第 1 次 等待 3 秒
2024-05-13 01:07:54 查询号码 【1668769】，返回信息 {"status":"ok","msg":"云南-德宏","gid":"196515","time_insert":"2021-07-05 08:01"}
2024-05-13 01:07:54 查询号码 【1668769】，GSD为【"云南-德宏"】

2024-05-13 01:07:56 开始第 8856 次操作

2024-05-13 01:07:56 开始操作号码 【1668770】
2024-05-13 01:08:02 GSD getOne 第 1 次 等待 3 秒
2024-05-13 01:08:05 查询号码 【1668770】，返回信息 {"status":"ok","msg":"云南-德宏","gid":"196520","time_insert":"2021-07-05 08:01"}
2024-05-13 01:08:05 查询号码 【1668770】，GSD为【"云南-德宏"】

2024-05-13 01:34:16 开始第 8857 次操作

2024-05-13 01:34:16 开始操作号码 【1668771】
2024-05-13 01:34:25 GSD getOne 第 1 次 等待 3 秒
2024-05-13 01:34:28 查询号码 【1668771】，返回信息 {"status":"ok","msg":"云南-普洱","gid":"28495","time_insert":"2020-05-25 15:56","time_update":"2020-12-03 08:25"}
2024-05-13 01:34:28 查询号码 【1668771】，GSD为【"云南-普洱"】

2024-05-13 01:34:29 开始第 8858 次操作

2024-05-13 01:34:29 开始操作号码 【1668772】
2024-05-13 01:34:34 GSD getOne 第 1 次 等待 3 秒
2024-05-13 01:34:37 查询号码 【1668772】，返回信息 {"status":"ok","msg":"云南-普洱","gid":"196809","time_insert":"2021-07-05 10:14"}
2024-05-13 01:34:37 查询号码 【1668772】，GSD为【"云南-普洱"】

2024-05-13 01:34:38 开始第 8859 次操作

2024-05-13 01:34:38 开始操作号码 【1668773】
2024-05-13 01:34:47 GSD getOne 第 1 次 等待 3 秒
2024-05-13 01:34:50 查询号码 【1668773】，返回信息 {"status":"ok","msg":"云南-普洱","gid":"196818","time_insert":"2021-07-05 10:15"}
2024-05-13 01:34:50 查询号码 【1668773】，GSD为【"云南-普洱"】

2024-05-13 01:34:51 开始第 8860 次操作

2024-05-13 01:34:51 开始操作号码 【1668774】
2024-05-13 01:34:56 GSD getOne 第 1 次 等待 3 秒
2024-05-13 01:34:59 查询号码 【1668774】，返回信息 {"status":"ok","msg":"云南-普洱","gid":"196826","time_insert":"2021-07-05 10:15"}
2024-05-13 01:34:59 查询号码 【1668774】，GSD为【"云南-普洱"】

2024-05-13 02:12:53 开始第 8861 次操作

2024-05-13 02:12:53 开始操作号码 【1668775】
2024-05-13 02:12:58 GSD getOne 第 1 次 等待 3 秒
2024-05-13 02:13:01 查询号码 【1668775】，返回信息 {"status":"ok","msg":"云南-曲靖","gid":"196833","time_insert":"2021-07-05 10:16"}
2024-05-13 02:13:01 查询号码 【1668775】，GSD为【"云南-曲靖"】

2024-05-13 02:13:02 开始第 8862 次操作

2024-05-13 02:13:02 开始操作号码 【1668776】
2024-05-13 02:13:08 GSD getOne 第 1 次 等待 3 秒
2024-05-13 02:13:11 查询号码 【1668776】，返回信息 {"status":"ok","msg":"云南-曲靖","gid":"196843","time_insert":"2021-07-05 10:17"}
2024-05-13 02:13:11 查询号码 【1668776】，GSD为【"云南-曲靖"】

2024-05-13 02:13:12 开始第 8863 次操作

2024-05-13 02:13:12 开始操作号码 【1668777】
2024-05-13 02:13:17 GSD getOne 第 1 次 等待 3 秒
2024-05-13 02:13:20 查询号码 【1668777】，返回信息 {"status":"ok","msg":"云南-玉溪","gid":"196853","time_insert":"2021-07-05 10:18"}
2024-05-13 02:13:20 查询号码 【1668777】，GSD为【"云南-玉溪"】

2024-05-13 02:13:21 开始第 8864 次操作

2024-05-13 02:13:21 开始操作号码 【1668778】
2024-05-13 02:13:30 GSD getOne 第 1 次 等待 3 秒
2024-05-13 02:13:33 查询号码 【1668778】，返回信息 {"status":"ok","msg":"云南-昭通","gid":"196859","time_insert":"2021-07-05 10:19"}
2024-05-13 02:13:33 查询号码 【1668778】，GSD为【"云南-昭通"】

2024-05-13 02:34:33 开始第 8865 次操作

2024-05-13 02:34:33 开始操作号码 【1668779】
2024-05-13 02:34:39 GSD getOne 第 1 次 等待 3 秒
2024-05-13 02:34:42 查询号码 【1668779】，返回信息 {"status":"ok","msg":"云南-昆明","gid":"196867","time_insert":"2021-07-05 10:20"}
2024-05-13 02:34:42 查询号码 【1668779】，GSD为【"云南-昆明"】

2024-05-13 02:34:43 开始第 8866 次操作

2024-05-13 02:34:43 开始操作号码 【1668780】
2024-05-13 02:34:48 GSD getOne 第 1 次 等待 3 秒
2024-05-13 02:34:51 查询号码 【1668780】，返回信息 {"status":"ok","msg":"贵州-贵阳","gid":"196872","time_insert":"2021-07-05 10:20"}
2024-05-13 02:34:51 查询号码 【1668780】，GSD为【"贵州-贵阳"】

2024-05-13 02:34:52 开始第 8867 次操作

2024-05-13 02:34:52 开始操作号码 【1668781】
2024-05-13 02:35:00 GSD getOne 第 1 次 等待 3 秒
2024-05-13 02:35:03 查询号码 【1668781】，返回信息 {"status":"ok","msg":"贵州-贵阳","gid":"196884","time_insert":"2021-07-05 10:21"}
2024-05-13 02:35:03 查询号码 【1668781】，GSD为【"贵州-贵阳"】

2024-05-13 02:35:04 开始第 8868 次操作

2024-05-13 02:35:04 开始操作号码 【1668782】
2024-05-13 02:35:09 GSD getOne 第 1 次 等待 3 秒
2024-05-13 02:35:12 查询号码 【1668782】，返回信息 {"status":"ok","msg":"贵州-贵阳","gid":"196900","time_insert":"2021-07-05 10:22"}
2024-05-13 02:35:12 查询号码 【1668782】，GSD为【"贵州-贵阳"】

2024-05-13 03:07:29 开始第 8869 次操作

2024-05-13 03:07:29 开始操作号码 【1668783】
2024-05-13 03:07:34 GSD getOne 第 1 次 等待 3 秒
2024-05-13 03:07:37 查询号码 【1668783】，返回信息 {"status":"ok","msg":"贵州-贵阳","gid":"196908","time_insert":"2021-07-05 10:23"}
2024-05-13 03:07:37 查询号码 【1668783】，GSD为【"贵州-贵阳"】

2024-05-13 03:07:38 开始第 8870 次操作

2024-05-13 03:07:38 开始操作号码 【1668784】
2024-05-13 03:07:43 GSD getOne 第 1 次 等待 3 秒
2024-05-13 03:07:46 查询号码 【1668784】，返回信息 {"status":"ok","msg":"贵州-遵义","gid":"196916","time_insert":"2021-07-05 10:24"}
2024-05-13 03:07:46 查询号码 【1668784】，GSD为【"贵州-遵义"】

2024-05-13 03:07:47 开始第 8871 次操作

2024-05-13 03:07:47 开始操作号码 【1668785】
2024-05-13 03:07:52 GSD getOne 第 1 次 等待 3 秒
2024-05-13 03:07:55 查询号码 【1668785】，返回信息 {"status":"ok","msg":"贵州-遵义","gid":"196926","time_insert":"2021-07-05 10:25"}
2024-05-13 03:07:55 查询号码 【1668785】，GSD为【"贵州-遵义"】

2024-05-13 03:07:56 开始第 8872 次操作

2024-05-13 03:07:56 开始操作号码 【1668786】
2024-05-13 03:08:02 GSD getOne 第 1 次 等待 3 秒
2024-05-13 03:08:05 查询号码 【1668786】，返回信息 {"status":"ok","msg":"贵州-安顺","gid":"52676","time_insert":"2021-04-27 14:20"}
2024-05-13 03:08:05 查询号码 【1668786】，GSD为【"贵州-安顺"】

