2024-04-07 00:10:52 开始第 2373 次操作

2024-04-07 00:10:52 开始操作号码 【1662287】
2024-04-07 00:10:57 GSD getOne 第 1 次 等待 3 秒
2024-04-07 00:11:00 查询号码 【1662287】，返回信息 {"status":"ok","msg":"天津-天津","gid":"127943","time_insert":"2021-06-25 15:58"}
2024-04-07 00:11:00 查询号码 【1662287】，GSD为【"天津-天津"】

2024-04-07 00:11:01 开始第 2374 次操作

2024-04-07 00:11:01 开始操作号码 【1662288】
2024-04-07 00:11:06 GSD getOne 第 1 次 等待 3 秒
2024-04-07 00:11:09 查询号码 【1662288】，返回信息 {"status":"ok","msg":"天津-天津","gid":"127946","time_insert":"2021-06-25 15:59"}
2024-04-07 00:11:09 查询号码 【1662288】，GSD为【"天津-天津"】

2024-04-07 00:11:10 开始第 2375 次操作

2024-04-07 00:11:10 开始操作号码 【1662289】
2024-04-07 00:11:16 GSD getOne 第 1 次 等待 3 秒
2024-04-07 00:11:19 查询号码 【1662289】，返回信息 {"status":"ok","msg":"天津-天津","gid":"127950","time_insert":"2021-06-25 15:59"}
2024-04-07 00:11:19 查询号码 【1662289】，GSD为【"天津-天津"】

2024-04-07 00:11:20 开始第 2376 次操作

2024-04-07 00:11:20 开始操作号码 【1662290】
2024-04-07 00:11:29 GSD getOne 第 1 次 等待 3 秒
2024-04-07 00:11:32 查询号码 【1662290】，返回信息 {"status":"ok","msg":"天津-天津","gid":"127954","time_insert":"2021-06-25 16:00"}
2024-04-07 00:11:32 查询号码 【1662290】，GSD为【"天津-天津"】

2024-04-07 00:34:36 开始第 2377 次操作

2024-04-07 00:34:36 开始操作号码 【1662291】
2024-04-07 00:34:42 GSD getOne 第 1 次 等待 3 秒
2024-04-07 00:34:45 查询号码 【1662291】，返回信息 {"status":"ok","msg":"天津-天津","gid":"128026","time_insert":"2021-06-25 16:44"}
2024-04-07 00:34:45 查询号码 【1662291】，GSD为【"天津-天津"】

2024-04-07 00:34:47 开始第 2378 次操作

2024-04-07 00:34:47 开始操作号码 【1662292】
2024-04-07 00:34:52 GSD getOne 第 1 次 等待 3 秒
2024-04-07 00:34:55 查询号码 【1662292】，返回信息 {"status":"ok","msg":"天津-天津","gid":"128032","time_insert":"2021-06-25 16:45"}
2024-04-07 00:34:55 查询号码 【1662292】，GSD为【"天津-天津"】

2024-04-07 00:34:56 开始第 2379 次操作

2024-04-07 00:34:56 开始操作号码 【1662293】
2024-04-07 00:35:03 GSD getOne 第 1 次 等待 3 秒
2024-04-07 00:35:06 查询号码 【1662293】，返回信息 {"status":"ok","msg":"天津-天津","gid":"128039","time_insert":"2021-06-25 16:46"}
2024-04-07 00:35:06 查询号码 【1662293】，GSD为【"天津-天津"】

2024-04-07 00:35:07 开始第 2380 次操作

2024-04-07 00:35:07 开始操作号码 【1662294】
2024-04-07 00:35:13 GSD getOne 第 1 次 等待 3 秒
2024-04-07 00:35:16 查询号码 【1662294】，返回信息 {"status":"ok","msg":"天津-天津","gid":"128044","time_insert":"2021-06-25 16:47"}
2024-04-07 00:35:16 查询号码 【1662294】，GSD为【"天津-天津"】

