2024-03-18 00:09:35 开始第 9665 次操作

2024-03-18 00:09:35 开始操作号码 【1779578】
2024-03-18 00:09:40 GSD getOne 第 1 次 等待 3 秒
2024-03-18 00:09:43 查询号码 【1779578】，返回信息 {"status":"ok","msg":"陕西-西安","gid":"208899","time_insert":"2021-07-06 21:08"}
2024-03-18 00:09:43 查询号码 【1779578】，GSD为【"陕西-西安"】

2024-03-18 00:09:44 开始第 9666 次操作

2024-03-18 00:09:44 开始操作号码 【1779579】
2024-03-18 00:09:50 GSD getOne 第 1 次 等待 3 秒
2024-03-18 00:09:53 查询号码 【1779579】，返回信息 {"status":"ok","msg":"陕西-西安","gid":"208893","time_insert":"2021-07-06 21:07"}
2024-03-18 00:09:53 查询号码 【1779579】，GSD为【"陕西-西安"】

2024-03-18 00:09:54 开始第 9667 次操作

2024-03-18 00:09:54 开始操作号码 【1779580】
2024-03-18 00:09:59 GSD getOne 第 1 次 等待 3 秒
2024-03-18 00:10:02 查询号码 【1779580】，返回信息 {"status":"ok","msg":"陕西-西安","gid":"208889","time_insert":"2021-07-06 21:07"}
2024-03-18 00:10:02 查询号码 【1779580】，GSD为【"陕西-西安"】

2024-03-18 00:10:03 开始第 9668 次操作

2024-03-18 00:10:03 开始操作号码 【1779581】
2024-03-18 00:10:08 GSD getOne 第 1 次 等待 3 秒
2024-03-18 00:10:11 查询号码 【1779581】，返回信息 {"status":"ok","msg":"陕西-西安","gid":"208886","time_insert":"2021-07-06 21:06"}
2024-03-18 00:10:11 查询号码 【1779581】，GSD为【"陕西-西安"】

