2023-10-16 00:09:32 开始第 3421 次操作

2023-10-16 00:09:32 开始操作号码 【1983386】
2023-10-16 00:11:54 GSD getOne 第 1 次 等待 3 秒
2023-10-16 00:11:57 查询号码 【1983386】，返回信息 
2023-10-16 00:11:57 查询失败，3 秒后重新查询
2023-10-16 00:12:00 查询号码 【1983386】，返回信息 
2023-10-16 00:12:00 查询失败，结束本次操作，期待下次成功~
2023-10-16 00:12:00 随机等待 157 秒，约 2 分钟
2023-10-16 00:12:00 下次操作: 2023-10-16 00:14:37

2023-10-16 00:14:37 开始第 3422 次操作

2023-10-16 00:14:37 开始操作号码 【1983386】
2023-10-16 00:14:42 GSD getOne 第 1 次 等待 3 秒
2023-10-16 00:14:45 查询号码 【1983386】，返回信息 
2023-10-16 00:14:45 查询失败，3 秒后重新查询
2023-10-16 00:14:48 查询号码 【1983386】，返回信息 
2023-10-16 00:14:48 查询失败，结束本次操作，期待下次成功~
2023-10-16 00:14:48 随机等待 231 秒，约 3 分钟
2023-10-16 00:14:48 下次操作: 2023-10-16 00:18:39

2023-10-16 00:18:39 开始第 3423 次操作

2023-10-16 00:18:39 开始操作号码 【1983386】
2023-10-16 00:23:27 GSD getOne 第 1 次 等待 3 秒
2023-10-16 00:25:52 GSD getOne 第 2 次 等待 3 秒
2023-10-16 00:25:55 查询号码 【1983386】，返回信息 
2023-10-16 00:25:55 查询失败，3 秒后重新查询
2023-10-16 00:25:58 查询号码 【1983386】，返回信息 
2023-10-16 00:25:58 查询失败，结束本次操作，期待下次成功~
2023-10-16 00:25:58 随机等待 113 秒，约 1 分钟
2023-10-16 00:25:58 下次操作: 2023-10-16 00:27:51

2023-10-16 00:27:51 开始第 3424 次操作

2023-10-16 00:27:51 开始操作号码 【1983386】
2023-10-16 00:30:06 GSD getOne 第 1 次 等待 3 秒
2023-10-16 00:30:09 查询号码 【1983386】，返回信息 
2023-10-16 00:30:09 查询失败，3 秒后重新查询
2023-10-16 00:30:12 查询号码 【1983386】，返回信息 
2023-10-16 00:30:12 查询失败，结束本次操作，期待下次成功~

2023-10-16 00:35:21 开始第 3425 次操作

2023-10-16 00:35:21 开始操作号码 【1983386】
2023-10-16 00:40:40 GSD getOne 第 1 次 等待 3 秒
2023-10-16 00:40:50 GSD getOne 第 2 次 等待 3 秒
2023-10-16 00:40:53 查询号码 【1983386】，返回信息 
2023-10-16 00:40:53 查询失败，3 秒后重新查询
2023-10-16 00:40:56 查询号码 【1983386】，返回信息 
2023-10-16 00:40:56 查询失败，结束本次操作，期待下次成功~
2023-10-16 00:40:56 随机等待 178 秒，约 2 分钟
2023-10-16 00:40:56 下次操作: 2023-10-16 00:43:54

2023-10-16 00:43:54 开始第 3426 次操作

2023-10-16 00:43:54 开始操作号码 【1983386】
2023-10-16 00:46:11 GSD getOne 第 1 次 等待 3 秒
2023-10-16 00:46:14 查询号码 【1983386】，返回信息 
2023-10-16 00:46:14 查询失败，3 秒后重新查询
2023-10-16 00:46:17 查询号码 【1983386】，返回信息 
2023-10-16 00:46:17 查询失败，结束本次操作，期待下次成功~
2023-10-16 00:46:17 随机等待 207 秒，约 3 分钟
2023-10-16 00:46:17 下次操作: 2023-10-16 00:49:44

2023-10-16 00:49:44 开始第 3427 次操作

2023-10-16 00:49:44 开始操作号码 【1983386】
2023-10-16 00:55:02 GSD getOne 第 1 次 等待 3 秒
2023-10-16 00:55:15 GSD getOne 第 2 次 等待 3 秒
2023-10-16 00:55:18 查询号码 【1983386】，返回信息 
2023-10-16 00:55:18 查询失败，3 秒后重新查询
2023-10-16 00:55:21 查询号码 【1983386】，返回信息 
2023-10-16 00:55:21 查询失败，结束本次操作，期待下次成功~
2023-10-16 00:55:21 随机等待 119 秒，约 1 分钟
2023-10-16 00:55:21 下次操作: 2023-10-16 00:57:20

2023-10-16 00:57:20 开始第 3428 次操作

2023-10-16 00:57:20 开始操作号码 【1983386】
2023-10-16 01:00:05 GSD getOne 第 1 次 等待 3 秒
2023-10-16 01:00:08 查询号码 【1983386】，返回信息 
2023-10-16 01:00:08 查询失败，3 秒后重新查询
2023-10-16 01:00:11 查询号码 【1983386】，返回信息 
2023-10-16 01:00:11 查询失败，结束本次操作，期待下次成功~

