2024-01-28 00:09:39 开始第 513 次操作

2024-01-28 00:09:39 开始操作号码 【1770426】
2024-01-28 00:09:43 GSD getOne 第 1 次 等待 3 秒
2024-01-28 00:09:46 查询号码 【1770426】，返回信息 {"status":"ok","msg":"辽宁-锦州","gid":"233704","time_insert":"2021-07-09 20:27"}
2024-01-28 00:09:46 查询号码 【1770426】，GSD为【"辽宁-锦州"】

2024-01-28 00:09:47 开始第 514 次操作

2024-01-28 00:09:47 开始操作号码 【1770427】
2024-01-28 00:09:51 GSD getOne 第 1 次 等待 3 秒
2024-01-28 00:09:54 查询号码 【1770427】，返回信息 {"status":"ok","msg":"辽宁-盘锦","gid":"233725","time_insert":"2021-07-09 20:40"}
2024-01-28 00:09:55 查询号码 【1770427】，GSD为【"辽宁-盘锦"】

2024-01-28 00:09:56 开始第 515 次操作

2024-01-28 00:09:56 开始操作号码 【1770428】
2024-01-28 00:10:01 GSD getOne 第 1 次 等待 3 秒
2024-01-28 00:10:04 查询号码 【1770428】，返回信息 {"status":"ok","msg":"辽宁-葫芦岛","gid":"233742","time_insert":"2021-07-09 20:51"}
2024-01-28 00:10:04 查询号码 【1770428】，GSD为【"辽宁-葫芦岛"】

2024-01-28 00:10:05 开始第 516 次操作

2024-01-28 00:10:05 开始操作号码 【1770429】
2024-01-28 00:10:10 GSD getOne 第 1 次 等待 3 秒
2024-01-28 00:10:13 查询号码 【1770429】，返回信息 {"status":"ok","msg":"辽宁-葫芦岛","gid":"233809","time_insert":"2021-07-09 21:02"}
2024-01-28 00:10:13 查询号码 【1770429】，GSD为【"辽宁-葫芦岛"】

