2024-11-06 00:15:13 开始第 3425 次操作

2024-11-06 00:15:13 开始操作号码 【1333424】
2024-11-06 00:15:14 GSD getOne 第 1 次 等待 3 秒
2024-11-06 00:15:17 查询号码 【1333424】，返回信息 {"status":"ok","msg":"内蒙古-锡林郭勒","gid":"111311","time_insert":"2021-06-21 20:10"}
2024-11-06 00:15:17 查询号码 【1333424】，GSD为【"内蒙古-锡林郭勒"】

2024-11-06 00:15:19 开始第 3426 次操作

2024-11-06 00:15:19 开始操作号码 【1333425】
2024-11-06 00:15:20 GSD getOne 第 1 次 等待 3 秒
2024-11-06 00:15:23 查询号码 【1333425】，返回信息 {"status":"ok","msg":"内蒙古-呼和浩特","gid":"111337","time_insert":"2021-06-21 20:30"}
2024-11-06 00:15:23 查询号码 【1333425】，GSD为【"内蒙古-呼和浩特"】

2024-11-06 00:15:24 开始第 3427 次操作

2024-11-06 00:15:24 开始操作号码 【1333426】
2024-11-06 00:15:25 GSD getOne 第 1 次 等待 3 秒
2024-11-06 00:15:28 查询号码 【1333426】，返回信息 {"status":"ok","msg":"内蒙古-呼和浩特","gid":"111371","time_insert":"2021-06-21 20:53"}
2024-11-06 00:15:28 查询号码 【1333426】，GSD为【"内蒙古-呼和浩特"】

2024-11-06 00:15:29 开始第 3428 次操作

2024-11-06 00:15:29 开始操作号码 【1333427】
2024-11-06 00:15:30 GSD getOne 第 1 次 等待 3 秒
2024-11-06 00:15:33 查询号码 【1333427】，返回信息 {"status":"ok","msg":"内蒙古-呼和浩特","gid":"111401","time_insert":"2021-06-21 21:11"}
2024-11-06 00:15:33 查询号码 【1333427】，GSD为【"内蒙古-呼和浩特"】

