2021-06-30 17:21:19 开始第 1 次操作

2021-06-30 17:21:19 开始操作号码 【1740685】
2021-06-30 17:21:24 GSD getOne 第 1 次 等待 1 秒
2021-06-30 17:21:25 查询号码 【1740685】，返回信息 {"status":"ok","msg":"-","time_insert":"2021-06-27 15:44"}
2021-06-30 17:21:25 查询号码 【1740685】，GSD为【"-"】
2021-06-30 17:21:25 ok && -
2021-06-30 17:21:26 CHB 1740685?1625044885 第 1 次 等待 1 秒
2021-06-30 17:21:27 CHB 1740685?1625044885 第 1 次 获取到号码【1740685】GSD
2021-06-30 17:21:27 获取到号码【1740685】的GSD为【北京-北京】
2021-06-30 17:21:47 GSD insert 第 1 次 等待 1 秒
2021-06-30 17:21:48 {"status":"ok","msg":"添加号码已存在，但为‘-’，修改成功！"}
2021-06-30 17:21:48 下次操作: 2021-06-30 17:22:05

2021-06-30 17:22:05 开始第 2 次操作

2021-06-30 17:22:05 开始操作号码 【1740686】
2021-06-30 17:22:08 GSD getOne 第 1 次 等待 1 秒
2021-06-30 17:22:09 查询号码 【1740686】，返回信息 {"status":"ok","msg":"-","time_insert":"2021-06-27 15:45"}
2021-06-30 17:22:09 查询号码 【1740686】，GSD为【"-"】
2021-06-30 17:22:09 ok && -
2021-06-30 17:22:11 CHB 1740686?1625044929 第 1 次 等待 1 秒
2021-06-30 17:22:12 CHB 1740686?1625044929 第 1 次 获取到号码【1740686】GSD
2021-06-30 17:22:12 获取到号码【1740686】的GSD为【北京-北京】
2021-06-30 17:22:32 GSD insert 第 1 次 等待 1 秒
2021-06-30 17:22:33 {"status":"ok","msg":"添加号码已存在，但为‘-’，修改成功！"}
2021-06-30 17:22:33 下次操作: 2021-06-30 17:22:50

2021-06-30 17:22:50 开始第 3 次操作

2021-06-30 17:22:50 开始操作号码 【1740687】
2021-06-30 17:22:54 GSD getOne 第 1 次 等待 1 秒
2021-06-30 17:22:55 查询号码 【1740687】，返回信息 {"status":"ok","msg":"-","time_insert":"2021-06-27 15:46"}
2021-06-30 17:22:55 查询号码 【1740687】，GSD为【"-"】
2021-06-30 17:22:55 ok && -
2021-06-30 17:22:57 CHB 1740687?1625044975 第 1 次 等待 1 秒
2021-06-30 17:22:58 CHB 1740687?1625044975 第 1 次 获取到号码【1740687】GSD
2021-06-30 17:22:58 获取到号码【1740687】的GSD为【北京-北京】
2021-06-30 17:23:20 GSD insert 第 1 次 等待 1 秒
2021-06-30 17:23:21 {"status":"ok","msg":"添加号码已存在，但为‘-’，修改成功！"}
2021-06-30 17:23:21 下次操作: 2021-06-30 17:23:30

2021-06-30 17:23:30 开始第 4 次操作

2021-06-30 17:23:30 开始操作号码 【1740688】
2021-06-30 17:23:41 GSD getOne 第 1 次 等待 1 秒
2021-06-30 17:23:42 查询号码 【1740688】，返回信息 {"status":"ok","msg":"-","time_insert":"2021-06-27 15:46"}
2021-06-30 17:23:42 查询号码 【1740688】，GSD为【"-"】
2021-06-30 17:23:42 ok && -
2021-06-30 17:23:43 CHB 1740688?1625045022 第 1 次 等待 1 秒
2021-06-30 17:23:44 CHB 1740688?1625045022 第 1 次 获取到号码【1740688】GSD
2021-06-30 17:23:45 获取到号码【1740688】的GSD为【北京-北京】
2021-06-30 17:24:05 GSD insert 第 1 次 等待 1 秒
2021-06-30 17:24:06 {"status":"ok","msg":"添加号码已存在，但为‘-’，修改成功！"}
2021-06-30 17:24:06 下次操作: 2021-06-30 17:24:23

2021-06-30 17:24:23 开始第 5 次操作

2021-06-30 17:24:23 开始操作号码 【1740689】
2021-06-30 17:24:26 GSD getOne 第 1 次 等待 1 秒
2021-06-30 17:24:27 查询号码 【1740689】，返回信息 {"status":"ok","msg":"-","time_insert":"2021-06-27 15:47"}
2021-06-30 17:24:27 查询号码 【1740689】，GSD为【"-"】
2021-06-30 17:24:27 ok && -
2021-06-30 17:24:29 CHB 1740689?1625045067 第 1 次 等待 1 秒
2021-06-30 17:24:30 CHB 1740689?1625045067 第 1 次 获取到号码【1740689】GSD
2021-06-30 17:24:30 获取到号码【1740689】的GSD为【北京-北京】
2021-06-30 17:24:49 GSD insert 第 1 次 等待 1 秒
2021-06-30 17:24:50 {"status":"ok","msg":"添加号码已存在，但为‘-’，修改成功！"}
2021-06-30 17:24:50 下次操作: 2021-06-30 17:25:02

2021-06-30 17:25:02 开始第 6 次操作

2021-06-30 17:25:02 开始操作号码 【1740690】
2021-06-30 17:25:09 GSD getOne 第 1 次 等待 1 秒
2021-06-30 17:25:10 查询号码 【1740690】，返回信息 {"status":"ok","msg":"-","time_insert":"2021-06-27 16:43"}
2021-06-30 17:25:10 查询号码 【1740690】，GSD为【"-"】
2021-06-30 17:25:10 ok && -
2021-06-30 17:25:12 CHB 1740690?1625045110 第 1 次 等待 1 秒
2021-06-30 17:25:13 CHB 1740690?1625045110 第 1 次 获取到号码【1740690】GSD
2021-06-30 17:25:13 获取到号码【1740690】的GSD为【北京-北京】
2021-06-30 17:25:32 GSD insert 第 1 次 等待 1 秒
2021-06-30 17:25:33 {"status":"ok","msg":"添加号码已存在，但为‘-’，修改成功！"}
2021-06-30 17:25:33 下次操作: 2021-06-30 17:25:40

2021-06-30 17:25:40 开始第 7 次操作

2021-06-30 17:25:41 开始操作号码 【1740691】
2021-06-30 17:26:00 GSD getOne 第 1 次 等待 1 秒
2021-06-30 17:26:01 查询号码 【1740691】，返回信息 {"status":"ok","msg":"-","time_insert":"2021-06-27 16:44"}
2021-06-30 17:26:01 查询号码 【1740691】，GSD为【"-"】
2021-06-30 17:26:01 ok && -
2021-06-30 17:26:02 CHB 1740691?1625045161 第 1 次 等待 1 秒
2021-06-30 17:26:03 CHB 1740691?1625045161 第 1 次 获取到号码【1740691】GSD
2021-06-30 17:26:03 获取到号码【1740691】的GSD为【北京-北京】
2021-06-30 17:26:24 GSD insert 第 1 次 等待 1 秒
2021-06-30 17:26:25 {"status":"ok","msg":"添加号码已存在，但为‘-’，修改成功！"}
2021-06-30 17:26:25 下次操作: 2021-06-30 17:26:33

2021-06-30 17:26:33 开始第 8 次操作

2021-06-30 17:26:33 开始操作号码 【1740692】
2021-06-30 17:26:44 GSD getOne 第 1 次 等待 1 秒
2021-06-30 17:26:45 查询号码 【1740692】，返回信息 {"status":"ok","msg":"-","time_insert":"2021-06-27 16:45"}
2021-06-30 17:26:45 查询号码 【1740692】，GSD为【"-"】
2021-06-30 17:26:45 ok && -
2021-06-30 17:26:46 CHB 1740692?1625045205 第 1 次 等待 1 秒
2021-06-30 17:26:47 CHB 1740692?1625045205 第 1 次 获取到号码【1740692】GSD
2021-06-30 17:26:47 获取到号码【1740692】的GSD为【北京-北京】
2021-06-30 17:27:07 GSD insert 第 1 次 等待 1 秒
2021-06-30 17:27:08 {"status":"ok","msg":"添加号码已存在，但为‘-’，修改成功！"}
2021-06-30 17:27:08 下次操作: 2021-06-30 17:27:17

2021-06-30 17:27:17 开始第 9 次操作

2021-06-30 17:27:17 开始操作号码 【1740693】
2021-06-30 17:27:27 GSD getOne 第 1 次 等待 1 秒
2021-06-30 17:27:28 查询号码 【1740693】，返回信息 {"status":"ok","msg":"-","time_insert":"2021-06-27 16:46"}
2021-06-30 17:27:28 查询号码 【1740693】，GSD为【"-"】
2021-06-30 17:27:28 ok && -
2021-06-30 17:27:30 CHB 1740693?1625045248 第 1 次 等待 1 秒
2021-06-30 17:27:31 CHB 1740693?1625045248 第 1 次 获取到号码【1740693】GSD
2021-06-30 17:27:31 获取到号码【1740693】的GSD为【北京-北京】
2021-06-30 17:27:50 GSD insert 第 1 次 等待 1 秒
2021-06-30 17:27:51 {"status":"ok","msg":"添加号码已存在，但为‘-’，修改成功！"}
2021-06-30 17:27:51 下次操作: 2021-06-30 17:28:01

2021-06-30 17:28:01 开始第 10 次操作

2021-06-30 17:28:01 开始操作号码 【1740694】
2021-06-30 17:28:12 GSD getOne 第 1 次 等待 1 秒
2021-06-30 17:28:13 查询号码 【1740694】，返回信息 {"status":"ok","msg":"-","time_insert":"2021-06-27 16:47"}
2021-06-30 17:28:13 查询号码 【1740694】，GSD为【"-"】
2021-06-30 17:28:13 ok && -
2021-06-30 17:28:14 CHB 1740694?1625045293 第 1 次 等待 1 秒
2021-06-30 17:28:15 CHB 1740694?1625045293 第 1 次 获取到号码【1740694】GSD
2021-06-30 17:28:15 获取到号码【1740694】的GSD为【北京-北京】
2021-06-30 17:28:35 GSD insert 第 1 次 等待 1 秒
2021-06-30 17:28:36 {"status":"ok","msg":"添加号码已存在，但为‘-’，修改成功！"}
2021-06-30 17:28:36 下次操作: 2021-06-30 17:28:42

2021-06-30 17:28:42 开始第 11 次操作

2021-06-30 17:28:42 开始操作号码 【1740695】
2021-06-30 17:29:01 GSD getOne 第 1 次 等待 1 秒
2021-06-30 17:29:02 查询号码 【1740695】，返回信息 {"status":"ok","msg":"-","time_insert":"2021-06-27 16:47"}
2021-06-30 17:29:02 查询号码 【1740695】，GSD为【"-"】
2021-06-30 17:29:02 ok && -
2021-06-30 17:29:03 CHB 1740695?1625045342 第 1 次 等待 1 秒
2021-06-30 17:29:04 CHB 1740695?1625045342 第 1 次 获取到号码【1740695】GSD
2021-06-30 17:29:05 获取到号码【1740695】的GSD为【北京-北京】
2021-06-30 17:29:26 GSD insert 第 1 次 等待 1 秒
2021-06-30 17:29:27 {"status":"ok","msg":"添加号码已存在，但为‘-’，修改成功！"}
2021-06-30 17:29:27 下次操作: 2021-06-30 17:29:42

2021-06-30 17:29:42 开始第 12 次操作

2021-06-30 17:29:42 开始操作号码 【1740696】
2021-06-30 17:29:45 GSD getOne 第 1 次 等待 1 秒
2021-06-30 17:29:46 查询号码 【1740696】，返回信息 {"status":"ok","msg":"-","time_insert":"2021-06-27 16:48"}
2021-06-30 17:29:46 查询号码 【1740696】，GSD为【"-"】
2021-06-30 17:29:46 ok && -
2021-06-30 17:29:48 CHB 1740696?1625045386 第 1 次 等待 1 秒
2021-06-30 17:29:49 CHB 1740696?1625045386 第 1 次 获取到号码【1740696】GSD
2021-06-30 17:29:49 获取到号码【1740696】的GSD为【北京-北京】
2021-06-30 17:30:08 GSD insert 第 1 次 等待 1 秒
2021-06-30 17:30:09 {"status":"ok","msg":"添加号码已存在，但为‘-’，修改成功！"}
2021-06-30 17:30:09 下次操作: 2021-06-30 17:30:15

2021-06-30 17:30:15 开始第 13 次操作

2021-06-30 17:30:15 开始操作号码 【1740697】
2021-06-30 17:30:34 GSD getOne 第 1 次 等待 1 秒
2021-06-30 17:30:35 查询号码 【1740697】，返回信息 {"status":"ok","msg":"-","time_insert":"2021-06-27 16:49"}
2021-06-30 17:30:35 查询号码 【1740697】，GSD为【"-"】
2021-06-30 17:30:35 ok && -
2021-06-30 17:30:36 CHB 1740697?1625045435 第 1 次 等待 1 秒
2021-06-30 17:30:37 CHB 1740697?1625045435 第 1 次 获取到号码【1740697】GSD
2021-06-30 17:30:38 获取到号码【1740697】的GSD为【北京-北京】
2021-06-30 17:30:57 GSD insert 第 1 次 等待 1 秒
2021-06-30 17:30:58 {"status":"ok","msg":"添加号码已存在，但为‘-’，修改成功！"}
2021-06-30 17:30:58 下次操作: 2021-06-30 17:31:15

2021-06-30 17:31:15 开始第 14 次操作

2021-06-30 17:31:15 开始操作号码 【1740698】
2021-06-30 17:31:19 GSD getOne 第 1 次 等待 1 秒
2021-06-30 17:31:20 查询号码 【1740698】，返回信息 {"status":"ok","msg":"-","time_insert":"2021-06-27 16:50"}
2021-06-30 17:31:20 查询号码 【1740698】，GSD为【"-"】
2021-06-30 17:31:20 ok && -
2021-06-30 17:31:21 CHB 1740698?1625045480 第 1 次 等待 1 秒
2021-06-30 17:31:22 CHB 1740698?1625045480 第 1 次 获取到号码【1740698】GSD
2021-06-30 17:31:22 获取到号码【1740698】的GSD为【北京-北京】
2021-06-30 17:31:43 GSD insert 第 1 次 等待 1 秒
2021-06-30 17:31:44 {"status":"ok","msg":"添加号码已存在，但为‘-’，修改成功！"}
2021-06-30 17:31:44 下次操作: 2021-06-30 17:32:02

2021-06-30 17:32:02 开始第 15 次操作

2021-06-30 17:32:02 开始操作号码 【1740699】
2021-06-30 17:32:05 GSD getOne 第 1 次 等待 1 秒
2021-06-30 17:32:06 查询号码 【1740699】，返回信息 {"status":"ok","msg":"-","time_insert":"2021-06-27 16:50"}
2021-06-30 17:32:06 查询号码 【1740699】，GSD为【"-"】
2021-06-30 17:32:07 ok && -
2021-06-30 17:32:08 CHB 1740699?1625045527 第 1 次 等待 1 秒
2021-06-30 17:32:09 CHB 1740699?1625045527 第 1 次 获取到号码【1740699】GSD
2021-06-30 17:32:09 获取到号码【1740699】的GSD为【北京-北京】
2021-06-30 17:32:28 GSD insert 第 1 次 等待 1 秒
2021-06-30 17:32:29 {"status":"ok","msg":"添加号码已存在，但为‘-’，修改成功！"}
2021-06-30 17:32:29 下次操作: 2021-06-30 17:32:40

2021-06-30 17:32:40 开始第 16 次操作

2021-06-30 17:32:40 开始操作号码 【1740700】
2021-06-30 17:32:54 GSD getOne 第 1 次 等待 1 秒
2021-06-30 17:32:55 查询号码 【1740700】，返回信息 {"status":"ok","msg":"-","time_insert":"2021-06-27 16:51"}
2021-06-30 17:32:55 查询号码 【1740700】，GSD为【"-"】
2021-06-30 17:32:55 ok && -
2021-06-30 17:32:57 CHB 1740700?1625045575 第 1 次 等待 1 秒
2021-06-30 17:32:58 CHB 1740700?1625045575 第 1 次 获取到号码【1740700】GSD
2021-06-30 17:32:58 获取到号码【1740700】的GSD为【北京-北京】
2021-06-30 17:33:18 GSD insert 第 1 次 等待 1 秒
2021-06-30 17:33:19 {"status":"ok","msg":"添加号码已存在，但为‘-’，修改成功！"}
2021-06-30 17:33:19 下次操作: 2021-06-30 17:33:35

2021-06-30 17:33:35 开始第 17 次操作

2021-06-30 17:33:35 开始操作号码 【1740701】
2021-06-30 17:33:39 GSD getOne 第 1 次 等待 1 秒
2021-06-30 17:33:40 查询号码 【1740701】，返回信息 {"status":"ok","msg":"-","time_insert":"2021-06-27 16:52"}
2021-06-30 17:33:40 查询号码 【1740701】，GSD为【"-"】
2021-06-30 17:33:40 ok && -
2021-06-30 17:33:42 CHB 1740701?1625045620 第 1 次 等待 1 秒
2021-06-30 17:33:43 CHB 1740701?1625045620 第 1 次 获取到号码【1740701】GSD
2021-06-30 17:33:43 获取到号码【1740701】的GSD为【北京-北京】
2021-06-30 17:34:02 GSD insert 第 1 次 等待 1 秒
2021-06-30 17:34:03 {"status":"ok","msg":"添加号码已存在，但为‘-’，修改成功！"}
2021-06-30 17:34:03 下次操作: 2021-06-30 17:34:14

2021-06-30 17:34:14 开始第 18 次操作

2021-06-30 17:34:14 开始操作号码 【1740702】
2021-06-30 17:34:27 GSD getOne 第 1 次 等待 1 秒
2021-06-30 17:34:28 查询号码 【1740702】，返回信息 {"status":"ok","msg":"-","time_insert":"2021-06-27 16:53"}
2021-06-30 17:34:28 查询号码 【1740702】，GSD为【"-"】
2021-06-30 17:34:28 ok && -
2021-06-30 17:34:29 CHB 1740702?1625045668 第 1 次 等待 1 秒
2021-06-30 17:34:30 CHB 1740702?1625045668 第 1 次 获取到号码【1740702】GSD
2021-06-30 17:34:30 获取到号码【1740702】的GSD为【北京-北京】
2021-06-30 17:34:50 GSD insert 第 1 次 等待 1 秒
2021-06-30 17:34:51 {"status":"ok","msg":"添加号码已存在，但为‘-’，修改成功！"}
2021-06-30 17:34:51 下次操作: 2021-06-30 17:35:01

2021-06-30 17:35:01 开始第 19 次操作

2021-06-30 17:35:01 开始操作号码 【1740703】
2021-06-30 17:35:14 GSD getOne 第 1 次 等待 1 秒
2021-06-30 17:35:15 查询号码 【1740703】，返回信息 {"status":"ok","msg":"-","time_insert":"2021-06-27 16:53"}
2021-06-30 17:35:16 查询号码 【1740703】，GSD为【"-"】
2021-06-30 17:35:16 ok && -
2021-06-30 17:35:17 CHB 1740703?1625045716 第 1 次 等待 1 秒
2021-06-30 17:35:18 CHB 1740703?1625045716 第 1 次 获取到号码【1740703】GSD
2021-06-30 17:35:18 获取到号码【1740703】的GSD为【北京-北京】
2021-06-30 17:35:37 GSD insert 第 1 次 等待 1 秒
2021-06-30 17:35:38 {"status":"ok","msg":"添加号码已存在，但为‘-’，修改成功！"}
2021-06-30 17:35:38 下次操作: 2021-06-30 17:35:48

2021-06-30 17:35:48 开始第 20 次操作

2021-06-30 17:35:48 开始操作号码 【1740704】
2021-06-30 17:35:59 GSD getOne 第 1 次 等待 1 秒
2021-06-30 17:36:00 查询号码 【1740704】，返回信息 {"status":"ok","msg":"-","time_insert":"2021-06-27 16:54"}
2021-06-30 17:36:00 查询号码 【1740704】，GSD为【"-"】
2021-06-30 17:36:00 ok && -
2021-06-30 17:36:01 CHB 1740704?1625045760 第 1 次 等待 1 秒
2021-06-30 17:36:02 CHB 1740704?1625045760 第 1 次 获取到号码【1740704】GSD
2021-06-30 17:36:02 获取到号码【1740704】的GSD为【北京-北京】
2021-06-30 17:36:22 GSD insert 第 1 次 等待 1 秒
2021-06-30 17:36:23 {"status":"ok","msg":"添加号码已存在，但为‘-’，修改成功！"}
2021-06-30 17:36:23 下次操作: 2021-06-30 17:36:38

2021-06-30 17:36:38 开始第 21 次操作

2021-06-30 17:36:38 开始操作号码 【1740705】
2021-06-30 17:36:42 GSD getOne 第 1 次 等待 1 秒
2021-06-30 17:36:43 查询号码 【1740705】，返回信息 {"status":"ok","msg":"-","time_insert":"2021-06-27 16:55"}
2021-06-30 17:36:43 查询号码 【1740705】，GSD为【"-"】
2021-06-30 17:36:43 ok && -
2021-06-30 17:36:44 CHB 1740705?1625045803 第 1 次 等待 1 秒
2021-06-30 17:36:45 CHB 1740705?1625045803 第 1 次 获取到号码【1740705】GSD
2021-06-30 17:36:45 获取到号码【1740705】的GSD为【北京-北京】
2021-06-30 17:37:05 GSD insert 第 1 次 等待 1 秒
2021-06-30 17:37:06 {"status":"ok","msg":"添加号码已存在，但为‘-’，修改成功！"}
2021-06-30 17:37:06 下次操作: 2021-06-30 17:37:15

2021-06-30 17:37:15 开始第 22 次操作

2021-06-30 17:37:15 开始操作号码 【1740706】
2021-06-30 17:37:26 GSD getOne 第 1 次 等待 1 秒
2021-06-30 17:37:27 查询号码 【1740706】，返回信息 {"status":"ok","msg":"-","time_insert":"2021-06-27 16:56"}
2021-06-30 17:37:27 查询号码 【1740706】，GSD为【"-"】
2021-06-30 17:37:27 ok && -
2021-06-30 17:37:29 CHB 1740706?1625045847 第 1 次 等待 1 秒
2021-06-30 17:37:30 CHB 1740706?1625045847 第 1 次 获取到号码【1740706】GSD
2021-06-30 17:37:30 获取到号码【1740706】的GSD为【北京-北京】
2021-06-30 17:37:49 GSD insert 第 1 次 等待 1 秒
2021-06-30 17:37:50 {"status":"ok","msg":"添加号码已存在，但为‘-’，修改成功！"}
2021-06-30 17:37:50 下次操作: 2021-06-30 17:38:01

2021-06-30 17:38:01 开始第 23 次操作

2021-06-30 17:38:01 开始操作号码 【1740707】
2021-06-30 17:38:12 GSD getOne 第 1 次 等待 1 秒
2021-06-30 17:38:13 查询号码 【1740707】，返回信息 {"status":"ok","msg":"-","time_insert":"2021-06-27 16:56"}
2021-06-30 17:38:13 查询号码 【1740707】，GSD为【"-"】
2021-06-30 17:38:13 ok && -
2021-06-30 17:38:15 CHB 1740707?1625045893 第 1 次 等待 1 秒
2021-06-30 17:38:16 CHB 1740707?1625045893 第 1 次 获取到号码【1740707】GSD
2021-06-30 17:38:16 获取到号码【1740707】的GSD为【北京-北京】
2021-06-30 17:38:36 GSD insert 第 1 次 等待 1 秒
2021-06-30 17:38:37 {"status":"ok","msg":"添加号码已存在，但为‘-’，修改成功！"}
2021-06-30 17:38:37 下次操作: 2021-06-30 17:38:50

2021-06-30 17:38:50 开始第 24 次操作

2021-06-30 17:38:50 开始操作号码 【1740708】
2021-06-30 17:38:56 GSD getOne 第 1 次 等待 1 秒
2021-06-30 17:38:57 查询号码 【1740708】，返回信息 {"status":"ok","msg":"-","time_insert":"2021-06-27 16:57"}
2021-06-30 17:38:57 查询号码 【1740708】，GSD为【"-"】
2021-06-30 17:38:57 ok && -
2021-06-30 17:38:58 CHB 1740708?1625045937 第 1 次 等待 1 秒
2021-06-30 17:38:59 CHB 1740708?1625045937 第 1 次 获取到号码【1740708】GSD
2021-06-30 17:38:59 获取到号码【1740708】的GSD为【北京-北京】
2021-06-30 17:39:19 GSD insert 第 1 次 等待 1 秒
2021-06-30 17:39:20 {"status":"ok","msg":"添加号码已存在，但为‘-’，修改成功！"}
2021-06-30 17:39:20 下次操作: 2021-06-30 17:39:31

2021-06-30 17:39:31 开始第 25 次操作

2021-06-30 17:39:31 开始操作号码 【1740709】
2021-06-30 17:39:42 GSD getOne 第 1 次 等待 1 秒
2021-06-30 17:39:43 查询号码 【1740709】，返回信息 {"status":"ok","msg":"-","time_insert":"2021-06-27 16:58"}
2021-06-30 17:39:43 查询号码 【1740709】，GSD为【"-"】
2021-06-30 17:39:43 ok && -
2021-06-30 17:39:44 CHB 1740709?1625045983 第 1 次 等待 1 秒
2021-06-30 17:39:45 CHB 1740709?1625045983 第 1 次 获取到号码【1740709】GSD
2021-06-30 17:39:45 获取到号码【1740709】的GSD为【北京-北京】
2021-06-30 17:40:05 GSD insert 第 1 次 等待 1 秒
2021-06-30 17:40:06 {"status":"ok","msg":"添加号码已存在，但为‘-’，修改成功！"}
2021-06-30 17:40:06 下次操作: 2021-06-30 17:40:12

2021-06-30 17:40:12 开始第 26 次操作

2021-06-30 17:40:12 开始操作号码 【1740710】
2021-06-30 17:40:31 GSD getOne 第 1 次 等待 1 秒
2021-06-30 17:40:32 查询号码 【1740710】，返回信息 {"status":"ok","msg":"-","time_insert":"2021-06-27 16:59"}
2021-06-30 17:40:32 查询号码 【1740710】，GSD为【"-"】
2021-06-30 17:40:32 ok && -
2021-06-30 17:40:33 CHB 1740710?1625046032 第 1 次 等待 1 秒
2021-06-30 17:40:34 CHB 1740710?1625046032 第 1 次 获取到号码【1740710】GSD
2021-06-30 17:40:34 未获取到号码【1740710】GSD，可能号码格式错误
2021-06-30 17:40:34 获取到号码【1740710】的GSD为【-】
2021-06-30 17:40:55 GSD insert 第 1 次 等待 1 秒
2021-06-30 17:40:56 {"status":"bad","msg":"添加失败！号码【1740710(-|-)】已存在！"}
2021-06-30 17:40:56 下次操作: 2021-06-30 17:41:12

2021-06-30 17:41:12 开始第 27 次操作

2021-06-30 17:41:12 开始操作号码 【1740711】
2021-06-30 17:41:16 GSD getOne 第 1 次 等待 1 秒
2021-06-30 17:41:17 查询号码 【1740711】，返回信息 {"status":"ok","msg":"-","time_insert":"2021-06-27 16:59"}
2021-06-30 17:41:17 查询号码 【1740711】，GSD为【"-"】
2021-06-30 17:41:17 ok && -
2021-06-30 17:41:18 CHB 1740711?1625046077 第 1 次 等待 1 秒
2021-06-30 17:41:19 CHB 1740711?1625046077 第 1 次 获取到号码【1740711】GSD
2021-06-30 17:41:19 未获取到号码【1740711】GSD，可能号码格式错误
2021-06-30 17:41:19 获取到号码【1740711】的GSD为【-】
2021-06-30 17:41:38 GSD insert 第 1 次 等待 1 秒
2021-06-30 17:41:39 {"status":"bad","msg":"添加失败！号码【1740711(-|-)】已存在！"}
2021-06-30 17:41:39 下次操作: 2021-06-30 17:41:51

2021-06-30 17:41:51 开始第 28 次操作

2021-06-30 17:41:51 开始操作号码 【1740712】
2021-06-30 17:41:58 GSD getOne 第 1 次 等待 1 秒
2021-06-30 17:41:59 查询号码 【1740712】，返回信息 {"status":"ok","msg":"-","time_insert":"2021-06-27 17:00"}
2021-06-30 17:41:59 查询号码 【1740712】，GSD为【"-"】
2021-06-30 17:41:59 ok && -
2021-06-30 17:42:00 CHB 1740712?1625046119 第 1 次 等待 1 秒
2021-06-30 17:42:01 CHB 1740712?1625046119 第 1 次 获取到号码【1740712】GSD
2021-06-30 17:42:01 未获取到号码【1740712】GSD，可能号码格式错误
2021-06-30 17:42:01 获取到号码【1740712】的GSD为【-】
2021-06-30 17:42:20 GSD insert 第 1 次 等待 1 秒
2021-06-30 17:42:21 {"status":"bad","msg":"添加失败！号码【1740712(-|-)】已存在！"}
2021-06-30 17:42:21 下次操作: 2021-06-30 17:42:28

2021-06-30 17:42:28 开始第 29 次操作

2021-06-30 17:42:28 开始操作号码 【1740713】
2021-06-30 17:42:48 GSD getOne 第 1 次 等待 1 秒
2021-06-30 17:42:49 查询号码 【1740713】，返回信息 {"status":"ok","msg":"-","time_insert":"2021-06-27 17:01"}
2021-06-30 17:42:49 查询号码 【1740713】，GSD为【"-"】
2021-06-30 17:42:49 ok && -
2021-06-30 17:42:50 CHB 1740713?1625046169 第 1 次 等待 1 秒
2021-06-30 17:42:51 CHB 1740713?1625046169 第 1 次 获取到号码【1740713】GSD
2021-06-30 17:42:51 未获取到号码【1740713】GSD，可能号码格式错误
2021-06-30 17:42:51 获取到号码【1740713】的GSD为【-】
2021-06-30 17:43:10 GSD insert 第 1 次 等待 1 秒
2021-06-30 17:43:11 {"status":"bad","msg":"添加失败！号码【1740713(-|-)】已存在！"}
2021-06-30 17:43:11 下次操作: 2021-06-30 17:43:24

2021-06-30 17:43:24 开始第 30 次操作

2021-06-30 17:43:24 开始操作号码 【1740714】
2021-06-30 17:43:31 GSD getOne 第 1 次 等待 1 秒
2021-06-30 17:43:32 查询号码 【1740714】，返回信息 {"status":"ok","msg":"-","time_insert":"2021-06-27 17:01"}
2021-06-30 17:43:32 查询号码 【1740714】，GSD为【"-"】
2021-06-30 17:43:32 ok && -
2021-06-30 17:43:34 CHB 1740714?1625046212 第 1 次 等待 1 秒
2021-06-30 17:43:35 CHB 1740714?1625046212 第 1 次 获取到号码【1740714】GSD
2021-06-30 17:43:35 未获取到号码【1740714】GSD，可能号码格式错误
2021-06-30 17:43:35 获取到号码【1740714】的GSD为【-】
2021-06-30 17:43:56 GSD insert 第 1 次 等待 1 秒
2021-06-30 17:43:57 {"status":"bad","msg":"添加失败！号码【1740714(-|-)】已存在！"}

2021-06-30 17:48:45 开始第 1 次操作

2021-06-30 17:48:45 开始操作号码 【1740715】
2021-06-30 17:48:49 GSD getOne 第 1 次 等待 1 秒
2021-06-30 17:48:50 查询号码 【1740715】，返回信息 {"status":"ok","msg":"-","time_insert":"2021-06-27 17:02"}
2021-06-30 17:48:50 查询号码 【1740715】，GSD为【"-"】
2021-06-30 17:48:50 ok && -
2021-06-30 17:48:51 CHB 1740715?1625046530 第 1 次 等待 1 秒
2021-06-30 17:48:52 CHB 1740715?1625046530 第 1 次 获取到号码【1740715】GSD
2021-06-30 17:48:52 未获取到号码【1740715】GSD，查号吧 521 错误
2021-06-30 17:48:52 获取到号码【1740715】的GSD为【-】
2021-06-30 17:49:11 GSD insert 第 1 次 等待 1 秒
2021-06-30 17:49:12 {"status":"bad","msg":"添加失败！号码【1740715(-|-)】已存在！"}
2021-06-30 17:49:12 下次操作: 2021-06-30 17:49:30

2021-06-30 17:49:30 开始第 2 次操作

2021-06-30 17:49:30 开始操作号码 【1740716】
2021-06-30 17:49:33 GSD getOne 第 1 次 等待 1 秒
2021-06-30 17:49:34 查询号码 【1740716】，返回信息 {"status":"ok","msg":"-","time_insert":"2021-06-27 17:03"}
2021-06-30 17:49:34 查询号码 【1740716】，GSD为【"-"】
2021-06-30 17:49:34 ok && -
2021-06-30 17:49:44 CHB 1740716?1625046574 第 1 次 等待 1 秒
2021-06-30 17:49:45 CHB 1740716?1625046574 第 1 次 获取到号码【1740716】GSD
2021-06-30 17:49:45 未获取到号码【1740716】GSD，可能号码格式错误
2021-06-30 17:49:45 获取到号码【1740716】的GSD为【-】
2021-06-30 17:49:56 GSD insert 第 1 次 等待 1 秒
2021-06-30 17:49:57 {"status":"bad","msg":"添加失败！号码【1740716(-|-)】已存在！"}
2021-06-30 17:49:57 下次操作: 2021-06-30 17:50:15

2021-06-30 17:50:15 开始第 3 次操作

2021-06-30 17:50:15 开始操作号码 【1740717】
2021-06-30 17:50:19 GSD getOne 第 1 次 等待 1 秒
2021-06-30 17:50:20 查询号码 【1740717】，返回信息 {"status":"ok","msg":"-","time_insert":"2021-06-27 17:04"}
2021-06-30 17:50:20 查询号码 【1740717】，GSD为【"-"】
2021-06-30 17:50:20 ok && -
2021-06-30 17:50:35 CHB 1740717?1625046620 第 1 次 等待 1 秒
2021-06-30 17:50:36 CHB 1740717?1625046620 第 1 次 获取到号码【1740717】GSD
2021-06-30 17:50:36 未获取到号码【1740717】GSD，查号吧 522 错误
2021-06-30 17:50:36 获取到号码【1740717】的GSD为【-】
2021-06-30 17:50:40 GSD insert 第 1 次 等待 1 秒
2021-06-30 17:50:41 {"status":"bad","msg":"添加失败！号码【1740717(-|-)】已存在！"}
2021-06-30 17:50:41 下次操作: 2021-06-30 17:50:55

2021-06-30 17:50:55 开始第 4 次操作

2021-06-30 17:50:55 开始操作号码 【1740718】
2021-06-30 17:51:02 GSD getOne 第 1 次 等待 1 秒
2021-06-30 17:51:03 查询号码 【1740718】，返回信息 {"status":"ok","msg":"-","time_insert":"2021-06-27 17:04"}
2021-06-30 17:51:03 查询号码 【1740718】，GSD为【"-"】
2021-06-30 17:51:03 ok && -
2021-06-30 17:51:03 CHB 1740718?1625046663 第 1 次 等待 1 秒
2021-06-30 17:51:04 CHB 1740718?1625046663 第 1 次 获取到号码【1740718】GSD
2021-06-30 17:51:04 未获取到号码【1740718】GSD，查号吧 521 错误
2021-06-30 17:51:04 获取到号码【1740718】的GSD为【-】
2021-06-30 17:51:23 GSD insert 第 1 次 等待 1 秒
2021-06-30 17:51:24 {"status":"bad","msg":"添加失败！号码【1740718(-|-)】已存在！"}
2021-06-30 17:51:24 下次操作: 2021-06-30 17:51:41

2021-06-30 17:51:41 开始第 5 次操作

2021-06-30 17:51:41 开始操作号码 【1740719】
2021-06-30 17:51:45 GSD getOne 第 1 次 等待 1 秒
2021-06-30 17:51:46 查询号码 【1740719】，返回信息 {"status":"ok","msg":"-","time_insert":"2021-06-27 17:05"}
2021-06-30 17:51:46 查询号码 【1740719】，GSD为【"-"】
2021-06-30 17:51:46 ok && -
2021-06-30 17:51:47 CHB 1740719?1625046706 第 1 次 等待 1 秒
2021-06-30 17:51:48 CHB 1740719?1625046706 第 1 次 获取到号码【1740719】GSD
2021-06-30 17:51:48 未获取到号码【1740719】GSD，可能号码格式错误
2021-06-30 17:51:48 获取到号码【1740719】的GSD为【-】
2021-06-30 17:52:07 GSD insert 第 1 次 等待 1 秒
2021-06-30 17:52:08 {"status":"bad","msg":"添加失败！号码【1740719(-|-)】已存在！"}
2021-06-30 17:52:08 下次操作: 2021-06-30 17:52:22

2021-06-30 17:52:22 开始第 6 次操作

2021-06-30 17:52:22 开始操作号码 【1740720】
2021-06-30 17:52:29 GSD getOne 第 1 次 等待 1 秒
2021-06-30 17:52:30 查询号码 【1740720】，返回信息 {"status":"ok","msg":"-","time_insert":"2021-06-27 17:47"}
2021-06-30 17:52:30 查询号码 【1740720】，GSD为【"-"】
2021-06-30 17:52:30 ok && -
2021-06-30 17:52:31 CHB 1740720?1625046750 第 1 次 等待 1 秒
2021-06-30 17:52:32 CHB 1740720?1625046750 第 1 次 获取到号码【1740720】GSD
2021-06-30 17:52:32 未获取到号码【1740720】GSD，可能号码格式错误
2021-06-30 17:52:32 获取到号码【1740720】的GSD为【-】
2021-06-30 17:52:52 GSD insert 第 1 次 等待 1 秒
2021-06-30 17:52:53 {"status":"bad","msg":"添加失败！号码【1740720(-|-)】已存在！"}
2021-06-30 17:52:53 下次操作: 2021-06-30 17:52:59

2021-06-30 17:52:59 开始第 7 次操作

2021-06-30 17:52:59 开始操作号码 【1740721】
2021-06-30 17:53:18 GSD getOne 第 1 次 等待 1 秒
2021-06-30 17:53:19 查询号码 【1740721】，返回信息 {"status":"ok","msg":"-","time_insert":"2021-06-27 17:47"}
2021-06-30 17:53:19 查询号码 【1740721】，GSD为【"-"】
2021-06-30 17:53:19 ok && -
2021-06-30 17:53:20 CHB 1740721?1625046799 第 1 次 等待 1 秒
2021-06-30 17:53:21 CHB 1740721?1625046799 第 1 次 获取到号码【1740721】GSD
2021-06-30 17:53:21 未获取到号码【1740721】GSD，可能号码格式错误
2021-06-30 17:53:21 获取到号码【1740721】的GSD为【-】
2021-06-30 17:53:40 GSD insert 第 1 次 等待 1 秒
2021-06-30 17:53:41 {"status":"bad","msg":"添加失败！号码【1740721(-|-)】已存在！"}
2021-06-30 17:53:41 下次操作: 2021-06-30 17:53:51

2021-06-30 17:53:51 开始第 8 次操作

2021-06-30 17:53:51 开始操作号码 【1740722】
2021-06-30 17:54:02 GSD getOne 第 1 次 等待 1 秒
2021-06-30 17:54:03 查询号码 【1740722】，返回信息 {"status":"ok","msg":"-","time_insert":"2021-06-27 17:48"}
2021-06-30 17:54:03 查询号码 【1740722】，GSD为【"-"】
2021-06-30 17:54:03 ok && -
2021-06-30 17:54:05 CHB 1740722?1625046843 第 1 次 等待 1 秒
2021-06-30 17:54:06 CHB 1740722?1625046843 第 1 次 获取到号码【1740722】GSD
2021-06-30 17:54:06 未获取到号码【1740722】GSD，可能号码格式错误
2021-06-30 17:54:06 获取到号码【1740722】的GSD为【-】
2021-06-30 17:54:25 GSD insert 第 1 次 等待 1 秒
2021-06-30 17:54:26 {"status":"bad","msg":"添加失败！号码【1740722(-|-)】已存在！"}
2021-06-30 17:54:26 下次操作: 2021-06-30 17:54:38

2021-06-30 17:54:38 开始第 9 次操作

2021-06-30 17:54:38 开始操作号码 【1740723】
2021-06-30 17:54:51 GSD getOne 第 1 次 等待 1 秒
2021-06-30 17:54:52 查询号码 【1740723】，返回信息 {"status":"ok","msg":"-","time_insert":"2021-06-27 17:49"}
2021-06-30 17:54:52 查询号码 【1740723】，GSD为【"-"】
2021-06-30 17:54:52 ok && -
2021-06-30 17:54:54 CHB 1740723?1625046892 第 1 次 等待 1 秒
2021-06-30 17:54:55 CHB 1740723?1625046892 第 1 次 获取到号码【1740723】GSD
2021-06-30 17:54:55 未获取到号码【1740723】GSD，可能号码格式错误
2021-06-30 17:54:55 获取到号码【1740723】的GSD为【-】
2021-06-30 17:55:14 GSD insert 第 1 次 等待 1 秒
2021-06-30 17:55:15 {"status":"bad","msg":"添加失败！号码【1740723(-|-)】已存在！"}
2021-06-30 17:55:15 下次操作: 2021-06-30 17:55:33

2021-06-30 17:55:33 开始第 10 次操作

2021-06-30 17:55:33 开始操作号码 【1740724】
2021-06-30 17:55:37 GSD getOne 第 1 次 等待 1 秒
2021-06-30 17:55:38 查询号码 【1740724】，返回信息 {"status":"ok","msg":"-","time_insert":"2021-06-27 17:50"}
2021-06-30 17:55:38 查询号码 【1740724】，GSD为【"-"】
2021-06-30 17:55:38 ok && -
2021-06-30 17:55:39 CHB 1740724?1625046938 第 1 次 等待 1 秒
2021-06-30 17:55:40 CHB 1740724?1625046938 第 1 次 获取到号码【1740724】GSD
2021-06-30 17:55:40 未获取到号码【1740724】GSD，可能号码格式错误
2021-06-30 17:55:40 获取到号码【1740724】的GSD为【-】
2021-06-30 17:55:59 GSD insert 第 1 次 等待 1 秒
2021-06-30 17:56:00 {"status":"bad","msg":"添加失败！号码【1740724(-|-)】已存在！"}
2021-06-30 17:56:00 下次操作: 2021-06-30 17:56:12

2021-06-30 17:56:12 开始第 11 次操作

2021-06-30 17:56:12 开始操作号码 【1740725】
2021-06-30 17:56:26 GSD getOne 第 1 次 等待 1 秒
2021-06-30 17:56:27 查询号码 【1740725】，返回信息 {"status":"ok","msg":"-","time_insert":"2021-06-27 17:51"}
2021-06-30 17:56:27 查询号码 【1740725】，GSD为【"-"】
2021-06-30 17:56:27 ok && -
2021-06-30 17:56:28 CHB 1740725?1625046987 第 1 次 等待 1 秒
2021-06-30 17:56:29 CHB 1740725?1625046987 第 1 次 获取到号码【1740725】GSD
2021-06-30 17:56:29 未获取到号码【1740725】GSD，可能号码格式错误
2021-06-30 17:56:29 获取到号码【1740725】的GSD为【-】
2021-06-30 17:56:48 GSD insert 第 1 次 等待 1 秒
2021-06-30 17:56:49 {"status":"bad","msg":"添加失败！号码【1740725(-|-)】已存在！"}
2021-06-30 17:56:49 下次操作: 2021-06-30 17:57:03

2021-06-30 17:57:03 开始第 12 次操作

2021-06-30 17:57:03 开始操作号码 【1740726】
2021-06-30 17:57:09 GSD getOne 第 1 次 等待 1 秒
2021-06-30 17:57:10 查询号码 【1740726】，返回信息 {"status":"ok","msg":"-","time_insert":"2021-06-27 17:51"}
2021-06-30 17:57:11 查询号码 【1740726】，GSD为【"-"】
2021-06-30 17:57:11 ok && -
2021-06-30 17:57:14 CHB 1740726?1625047031 第 1 次 等待 1 秒
2021-06-30 17:57:15 CHB 1740726?1625047031 第 1 次 获取到号码【1740726】GSD
2021-06-30 17:57:15 未获取到号码【1740726】GSD，可能号码格式错误
2021-06-30 17:57:15 获取到号码【1740726】的GSD为【-】
2021-06-30 17:57:35 GSD insert 第 1 次 等待 1 秒
2021-06-30 17:57:36 {"status":"bad","msg":"添加失败！号码【1740726(-|-)】已存在！"}
2021-06-30 17:57:36 下次操作: 2021-06-30 17:57:48

2021-06-30 17:57:48 开始第 13 次操作

2021-06-30 17:57:48 开始操作号码 【1740727】
2021-06-30 17:57:59 GSD getOne 第 1 次 等待 1 秒
2021-06-30 17:58:00 查询号码 【1740727】，返回信息 {"status":"ok","msg":"-","time_insert":"2021-06-27 17:52"}
2021-06-30 17:58:00 查询号码 【1740727】，GSD为【"-"】
2021-06-30 17:58:00 ok && -
2021-06-30 17:58:04 CHB 1740727?1625047080 第 1 次 等待 1 秒
2021-06-30 17:58:05 CHB 1740727?1625047080 第 1 次 获取到号码【1740727】GSD
2021-06-30 17:58:05 未获取到号码【1740727】GSD，可能号码格式错误
2021-06-30 17:58:05 获取到号码【1740727】的GSD为【-】
2021-06-30 17:58:24 GSD insert 第 1 次 等待 1 秒
2021-06-30 17:58:25 {"status":"bad","msg":"添加失败！号码【1740727(-|-)】已存在！"}
2021-06-30 17:58:25 下次操作: 2021-06-30 17:58:33

2021-06-30 17:58:33 开始第 14 次操作

2021-06-30 17:58:33 开始操作号码 【1740728】
2021-06-30 17:58:52 GSD getOne 第 1 次 等待 1 秒
2021-06-30 17:58:53 查询号码 【1740728】，返回信息 {"status":"ok","msg":"-","time_insert":"2021-06-27 17:53"}
2021-06-30 17:58:53 查询号码 【1740728】，GSD为【"-"】
2021-06-30 17:58:53 ok && -
2021-06-30 17:58:54 CHB 1740728?1625047133 第 1 次 等待 1 秒
2021-06-30 17:58:55 CHB 1740728?1625047133 第 1 次 获取到号码【1740728】GSD
2021-06-30 17:58:55 未获取到号码【1740728】GSD，可能号码格式错误
2021-06-30 17:58:55 获取到号码【1740728】的GSD为【-】
2021-06-30 17:59:14 GSD insert 第 1 次 等待 1 秒
2021-06-30 17:59:15 {"status":"bad","msg":"添加失败！号码【1740728(-|-)】已存在！"}
2021-06-30 17:59:15 下次操作: 2021-06-30 17:59:33

2021-06-30 17:59:33 开始第 15 次操作

2021-06-30 17:59:33 开始操作号码 【1740729】
2021-06-30 17:59:38 GSD getOne 第 1 次 等待 1 秒
2021-06-30 17:59:39 查询号码 【1740729】，返回信息 {"status":"ok","msg":"-","time_insert":"2021-06-27 17:54"}
2021-06-30 17:59:39 查询号码 【1740729】，GSD为【"-"】
2021-06-30 17:59:39 ok && -
2021-06-30 17:59:40 CHB 1740729?1625047179 第 1 次 等待 1 秒
2021-06-30 17:59:41 CHB 1740729?1625047179 第 1 次 获取到号码【1740729】GSD
2021-06-30 17:59:41 未获取到号码【1740729】GSD，可能号码格式错误
2021-06-30 17:59:41 获取到号码【1740729】的GSD为【-】
2021-06-30 18:00:01 GSD insert 第 1 次 等待 1 秒
2021-06-30 18:00:02 {"status":"bad","msg":"添加失败！号码【1740729(-|-)】已存在！"}
2021-06-30 18:00:02 下次操作: 2021-06-30 18:00:11

2021-06-30 18:00:11 开始第 16 次操作

2021-06-30 18:00:11 开始操作号码 【1740730】
2021-06-30 18:00:22 GSD getOne 第 1 次 等待 1 秒
2021-06-30 18:00:23 查询号码 【1740730】，返回信息 {"status":"ok","msg":"-","time_insert":"2021-06-27 17:55"}
2021-06-30 18:00:23 查询号码 【1740730】，GSD为【"-"】
2021-06-30 18:00:23 ok && -
2021-06-30 18:00:24 CHB 1740730?1625047223 第 1 次 等待 1 秒
2021-06-30 18:00:25 CHB 1740730?1625047223 第 1 次 获取到号码【1740730】GSD
2021-06-30 18:00:25 未获取到号码【1740730】GSD，可能号码格式错误
2021-06-30 18:00:25 获取到号码【1740730】的GSD为【-】
2021-06-30 18:00:48 GSD insert 第 1 次 等待 1 秒
2021-06-30 18:00:49 {"status":"bad","msg":"添加失败！号码【1740730(-|-)】已存在！"}
2021-06-30 18:00:49 下次操作: 2021-06-30 18:01:00

2021-06-30 18:01:00 开始第 17 次操作

2021-06-30 18:01:00 开始操作号码 【1740731】
2021-06-30 18:01:11 GSD getOne 第 1 次 等待 1 秒
2021-06-30 18:01:12 查询号码 【1740731】，返回信息 {"status":"ok","msg":"-","time_insert":"2021-06-27 17:55"}
2021-06-30 18:01:12 查询号码 【1740731】，GSD为【"-"】
2021-06-30 18:01:12 ok && -
2021-06-30 18:01:13 CHB 1740731?1625047272 第 1 次 等待 1 秒
2021-06-30 18:01:14 CHB 1740731?1625047272 第 1 次 获取到号码【1740731】GSD
2021-06-30 18:01:14 未获取到号码【1740731】GSD，可能号码格式错误
2021-06-30 18:01:14 获取到号码【1740731】的GSD为【-】
2021-06-30 18:01:33 GSD insert 第 1 次 等待 1 秒
2021-06-30 18:01:34 {"status":"bad","msg":"添加失败！号码【1740731(-|-)】已存在！"}
2021-06-30 18:01:34 下次操作: 2021-06-30 18:01:43

2021-06-30 18:01:43 开始第 18 次操作

2021-06-30 18:01:43 开始操作号码 【1740732】
2021-06-30 18:02:01 GSD getOne 第 1 次 等待 1 秒
2021-06-30 18:02:02 查询号码 【1740732】，返回信息 {"status":"ok","msg":"-","time_insert":"2021-06-27 17:56"}
2021-06-30 18:02:03 查询号码 【1740732】，GSD为【"-"】
2021-06-30 18:02:03 ok && -
2021-06-30 18:02:04 CHB 1740732?1625047323 第 1 次 等待 1 秒
2021-06-30 18:02:05 CHB 1740732?1625047323 第 1 次 获取到号码【1740732】GSD
2021-06-30 18:02:05 未获取到号码【1740732】GSD，可能号码格式错误
2021-06-30 18:02:05 获取到号码【1740732】的GSD为【-】
2021-06-30 18:02:26 GSD insert 第 1 次 等待 1 秒
2021-06-30 18:02:27 {"status":"bad","msg":"添加失败！号码【1740732(-|-)】已存在！"}
2021-06-30 18:02:27 下次操作: 2021-06-30 18:02:40

2021-06-30 18:02:40 开始第 19 次操作

2021-06-30 18:02:40 开始操作号码 【1740733】
2021-06-30 18:02:50 GSD getOne 第 1 次 等待 1 秒
2021-06-30 18:02:51 查询号码 【1740733】，返回信息 {"status":"ok","msg":"-","time_insert":"2021-06-27 17:57"}
2021-06-30 18:02:52 查询号码 【1740733】，GSD为【"-"】
2021-06-30 18:02:52 ok && -
2021-06-30 18:02:53 CHB 1740733?1625047372 第 1 次 等待 1 秒
2021-06-30 18:02:54 CHB 1740733?1625047372 第 1 次 获取到号码【1740733】GSD
2021-06-30 18:02:54 未获取到号码【1740733】GSD，可能号码格式错误
2021-06-30 18:02:54 获取到号码【1740733】的GSD为【-】
2021-06-30 18:03:13 GSD insert 第 1 次 等待 1 秒
2021-06-30 18:03:14 {"status":"bad","msg":"添加失败！号码【1740733(-|-)】已存在！"}
2021-06-30 18:03:14 下次操作: 2021-06-30 18:03:28

2021-06-30 18:03:28 开始第 20 次操作

2021-06-30 18:03:28 开始操作号码 【1740734】
2021-06-30 18:03:34 GSD getOne 第 1 次 等待 1 秒
2021-06-30 18:03:35 查询号码 【1740734】，返回信息 {"status":"ok","msg":"-","time_insert":"2021-06-27 17:58"}
2021-06-30 18:03:35 查询号码 【1740734】，GSD为【"-"】
2021-06-30 18:03:35 ok && -
2021-06-30 18:03:37 CHB 1740734?1625047415 第 1 次 等待 1 秒
2021-06-30 18:03:38 CHB 1740734?1625047415 第 1 次 获取到号码【1740734】GSD
2021-06-30 18:03:38 未获取到号码【1740734】GSD，可能号码格式错误
2021-06-30 18:03:38 获取到号码【1740734】的GSD为【-】
2021-06-30 18:03:57 GSD insert 第 1 次 等待 1 秒
2021-06-30 18:03:58 {"status":"bad","msg":"添加失败！号码【1740734(-|-)】已存在！"}
2021-06-30 18:03:58 下次操作: 2021-06-30 18:04:13

2021-06-30 18:04:13 开始第 21 次操作

2021-06-30 18:04:13 开始操作号码 【1740735】
2021-06-30 18:04:19 GSD getOne 第 1 次 等待 1 秒
2021-06-30 18:04:20 查询号码 【1740735】，返回信息 {"status":"ok","msg":"-","time_insert":"2021-06-27 17:58"}
2021-06-30 18:04:21 查询号码 【1740735】，GSD为【"-"】
2021-06-30 18:04:21 ok && -
2021-06-30 18:04:22 CHB 1740735?1625047461 第 1 次 等待 1 秒
2021-06-30 18:04:23 CHB 1740735?1625047461 第 1 次 获取到号码【1740735】GSD
2021-06-30 18:04:23 未获取到号码【1740735】GSD，可能号码格式错误
2021-06-30 18:04:23 获取到号码【1740735】的GSD为【-】
2021-06-30 18:04:42 GSD insert 第 1 次 等待 1 秒
2021-06-30 18:04:43 {"status":"bad","msg":"添加失败！号码【1740735(-|-)】已存在！"}
2021-06-30 18:04:43 下次操作: 2021-06-30 18:04:57

2021-06-30 18:04:57 开始第 22 次操作

2021-06-30 18:04:57 开始操作号码 【1740736】
2021-06-30 18:05:04 GSD getOne 第 1 次 等待 1 秒
2021-06-30 18:05:05 查询号码 【1740736】，返回信息 {"status":"ok","msg":"-","time_insert":"2021-06-27 17:59"}
2021-06-30 18:05:05 查询号码 【1740736】，GSD为【"-"】
2021-06-30 18:05:05 ok && -
2021-06-30 18:05:06 CHB 1740736?1625047505 第 1 次 等待 1 秒
2021-06-30 18:05:07 CHB 1740736?1625047505 第 1 次 获取到号码【1740736】GSD
2021-06-30 18:05:07 未获取到号码【1740736】GSD，可能号码格式错误
2021-06-30 18:05:07 获取到号码【1740736】的GSD为【-】
2021-06-30 18:05:26 GSD insert 第 1 次 等待 1 秒
2021-06-30 18:05:27 {"status":"bad","msg":"添加失败！号码【1740736(-|-)】已存在！"}
2021-06-30 18:05:27 下次操作: 2021-06-30 18:05:39

2021-06-30 18:05:39 开始第 23 次操作

2021-06-30 18:05:39 开始操作号码 【1740737】
2021-06-30 18:05:50 GSD getOne 第 1 次 等待 1 秒
2021-06-30 18:05:51 查询号码 【1740737】，返回信息 {"status":"ok","msg":"-","time_insert":"2021-06-27 18:00"}
2021-06-30 18:05:51 查询号码 【1740737】，GSD为【"-"】
2021-06-30 18:05:51 ok && -
2021-06-30 18:05:53 CHB 1740737?1625047551 第 1 次 等待 1 秒
2021-06-30 18:05:54 CHB 1740737?1625047551 第 1 次 获取到号码【1740737】GSD
2021-06-30 18:05:54 未获取到号码【1740737】GSD，可能号码格式错误
2021-06-30 18:05:54 获取到号码【1740737】的GSD为【-】
2021-06-30 18:06:13 GSD insert 第 1 次 等待 1 秒
2021-06-30 18:06:14 {"status":"bad","msg":"添加失败！号码【1740737(-|-)】已存在！"}
2021-06-30 18:06:14 下次操作: 2021-06-30 18:06:31

2021-06-30 18:06:31 开始第 24 次操作

2021-06-30 18:06:31 开始操作号码 【1740738】
2021-06-30 18:06:36 GSD getOne 第 1 次 等待 1 秒
2021-06-30 18:06:37 查询号码 【1740738】，返回信息 {"status":"ok","msg":"-","time_insert":"2021-06-27 18:00"}
2021-06-30 18:06:37 查询号码 【1740738】，GSD为【"-"】
2021-06-30 18:06:37 ok && -
2021-06-30 18:06:38 CHB 1740738?1625047597 第 1 次 等待 1 秒
2021-06-30 18:06:39 CHB 1740738?1625047597 第 1 次 获取到号码【1740738】GSD
2021-06-30 18:06:39 未获取到号码【1740738】GSD，可能号码格式错误
2021-06-30 18:06:39 获取到号码【1740738】的GSD为【-】
2021-06-30 18:07:01 GSD insert 第 1 次 等待 1 秒
2021-06-30 18:07:02 {"status":"bad","msg":"添加失败！号码【1740738(-|-)】已存在！"}
2021-06-30 18:07:02 下次操作: 2021-06-30 18:07:15

2021-06-30 18:07:15 开始第 25 次操作

2021-06-30 18:07:15 开始操作号码 【1740739】
2021-06-30 18:07:23 GSD getOne 第 1 次 等待 1 秒
2021-06-30 18:07:24 查询号码 【1740739】，返回信息 {"status":"ok","msg":"-","time_insert":"2021-06-27 18:01"}
2021-06-30 18:07:24 查询号码 【1740739】，GSD为【"-"】
2021-06-30 18:07:24 ok && -
2021-06-30 18:07:26 CHB 1740739?1625047644 第 1 次 等待 1 秒
2021-06-30 18:07:27 CHB 1740739?1625047644 第 1 次 获取到号码【1740739】GSD
2021-06-30 18:07:27 未获取到号码【1740739】GSD，可能号码格式错误
2021-06-30 18:07:27 获取到号码【1740739】的GSD为【-】
2021-06-30 18:07:46 GSD insert 第 1 次 等待 1 秒
2021-06-30 18:07:47 {"status":"bad","msg":"添加失败！号码【1740739(-|-)】已存在！"}
2021-06-30 18:07:47 下次操作: 2021-06-30 18:07:56

2021-06-30 18:07:56 开始第 26 次操作

2021-06-30 18:07:56 开始操作号码 【1740740】
2021-06-30 18:08:15 GSD getOne 第 1 次 等待 1 秒
2021-06-30 18:08:16 查询号码 【1740740】，返回信息 {"status":"ok","msg":"-","time_insert":"2021-06-27 18:02"}
2021-06-30 18:08:16 查询号码 【1740740】，GSD为【"-"】
2021-06-30 18:08:16 ok && -
2021-06-30 18:08:17 CHB 1740740?1625047696 第 1 次 等待 1 秒
2021-06-30 18:08:18 CHB 1740740?1625047696 第 1 次 获取到号码【1740740】GSD
2021-06-30 18:08:18 未获取到号码【1740740】GSD，可能号码格式错误
2021-06-30 18:08:18 获取到号码【1740740】的GSD为【-】
2021-06-30 18:08:40 GSD insert 第 1 次 等待 1 秒
2021-06-30 18:08:41 {"status":"bad","msg":"添加失败！号码【1740740(-|-)】已存在！"}
2021-06-30 18:08:41 下次操作: 2021-06-30 18:08:53

2021-06-30 18:08:53 开始第 27 次操作

2021-06-30 18:08:53 开始操作号码 【1740741】
2021-06-30 18:09:05 GSD getOne 第 1 次 等待 1 秒
2021-06-30 18:09:06 查询号码 【1740741】，返回信息 {"status":"ok","msg":"-","time_insert":"2021-06-27 18:03"}
2021-06-30 18:09:06 查询号码 【1740741】，GSD为【"-"】
2021-06-30 18:09:06 ok && -
2021-06-30 18:09:07 CHB 1740741?1625047746 第 1 次 等待 1 秒
2021-06-30 18:09:08 CHB 1740741?1625047746 第 1 次 获取到号码【1740741】GSD
2021-06-30 18:09:08 未获取到号码【1740741】GSD，可能号码格式错误
2021-06-30 18:09:08 获取到号码【1740741】的GSD为【-】
2021-06-30 18:09:27 GSD insert 第 1 次 等待 1 秒
2021-06-30 18:09:28 {"status":"bad","msg":"添加失败！号码【1740741(-|-)】已存在！"}
2021-06-30 18:09:28 下次操作: 2021-06-30 18:09:38

2021-06-30 18:09:38 开始第 28 次操作

2021-06-30 18:09:38 开始操作号码 【1740742】
2021-06-30 18:09:52 GSD getOne 第 1 次 等待 1 秒
2021-06-30 18:09:53 查询号码 【1740742】，返回信息 {"status":"ok","msg":"-","time_insert":"2021-06-27 18:03"}
2021-06-30 18:09:54 查询号码 【1740742】，GSD为【"-"】
2021-06-30 18:09:54 ok && -
2021-06-30 18:09:55 CHB 1740742?1625047794 第 1 次 等待 1 秒
2021-06-30 18:09:56 CHB 1740742?1625047794 第 1 次 获取到号码【1740742】GSD
2021-06-30 18:09:56 未获取到号码【1740742】GSD，可能号码格式错误
2021-06-30 18:09:56 获取到号码【1740742】的GSD为【-】
2021-06-30 18:10:15 GSD insert 第 1 次 等待 1 秒
2021-06-30 18:10:16 {"status":"bad","msg":"添加失败！号码【1740742(-|-)】已存在！"}
2021-06-30 18:10:16 下次操作: 2021-06-30 18:10:33

2021-06-30 18:10:33 开始第 29 次操作

2021-06-30 18:10:33 开始操作号码 【1740743】
2021-06-30 18:10:36 GSD getOne 第 1 次 等待 1 秒
2021-06-30 18:10:37 查询号码 【1740743】，返回信息 {"status":"ok","msg":"-","time_insert":"2021-06-27 18:04"}
2021-06-30 18:10:37 查询号码 【1740743】，GSD为【"-"】
2021-06-30 18:10:37 ok && -
2021-06-30 18:10:39 CHB 1740743?1625047837 第 1 次 等待 1 秒
2021-06-30 18:10:40 CHB 1740743?1625047837 第 1 次 获取到号码【1740743】GSD
2021-06-30 18:10:40 未获取到号码【1740743】GSD，可能号码格式错误
2021-06-30 18:10:40 获取到号码【1740743】的GSD为【-】
2021-06-30 18:10:59 GSD insert 第 1 次 等待 1 秒
2021-06-30 18:11:00 {"status":"bad","msg":"添加失败！号码【1740743(-|-)】已存在！"}
2021-06-30 18:11:00 下次操作: 2021-06-30 18:11:11

2021-06-30 18:11:11 开始第 30 次操作

2021-06-30 18:11:11 开始操作号码 【1740744】
2021-06-30 18:11:23 GSD getOne 第 1 次 等待 1 秒
2021-06-30 18:11:24 查询号码 【1740744】，返回信息 {"status":"ok","msg":"-","time_insert":"2021-06-27 18:05"}
2021-06-30 18:11:24 查询号码 【1740744】，GSD为【"-"】
2021-06-30 18:11:24 ok && -
2021-06-30 18:11:25 CHB 1740744?1625047884 第 1 次 等待 1 秒
2021-06-30 18:11:26 CHB 1740744?1625047884 第 1 次 获取到号码【1740744】GSD
2021-06-30 18:11:26 未获取到号码【1740744】GSD，可能号码格式错误
2021-06-30 18:11:26 获取到号码【1740744】的GSD为【-】
2021-06-30 18:11:47 GSD insert 第 1 次 等待 1 秒
2021-06-30 18:11:48 {"status":"bad","msg":"添加失败！号码【1740744(-|-)】已存在！"}

2021-06-30 18:46:27 开始第 1 次操作

2021-06-30 18:46:27 开始操作号码 【1740745】
2021-06-30 18:46:31 GSD getOne 第 1 次 等待 1 秒
2021-06-30 18:46:32 查询号码 【1740745】，返回信息 {"status":"ok","msg":"-","time_insert":"2021-06-27 18:06"}
2021-06-30 18:46:32 查询号码 【1740745】，GSD为【"-"】
2021-06-30 18:46:32 ok && -
2021-06-30 18:46:34 CHB 1740745?1625049992 第 1 次 等待 1 秒
2021-06-30 18:46:35 CHB 1740745?1625049992 第 1 次 获取到号码【1740745】GSD
2021-06-30 18:46:35 未获取到号码【1740745】GSD，可能号码格式错误
2021-06-30 18:46:35 获取到号码【1740745】的GSD为【-】
2021-06-30 18:46:54 GSD insert 第 1 次 等待 1 秒
2021-06-30 18:46:55 {"status":"bad","msg":"添加失败！号码【1740745(-|-)】已存在！"}
2021-06-30 18:46:55 下次操作: 2021-06-30 18:47:03

2021-06-30 18:47:03 开始第 2 次操作

2021-06-30 18:47:03 开始操作号码 【1740746】
2021-06-30 18:47:17 GSD getOne 第 1 次 等待 1 秒
2021-06-30 18:47:18 查询号码 【1740746】，返回信息 {"status":"ok","msg":"-","time_insert":"2021-06-27 18:06"}
2021-06-30 18:47:18 查询号码 【1740746】，GSD为【"-"】
2021-06-30 18:47:18 ok && -
2021-06-30 18:47:20 CHB 1740746?1625050038 第 1 次 等待 1 秒
2021-06-30 18:47:21 CHB 1740746?1625050038 第 1 次 获取到号码【1740746】GSD
2021-06-30 18:47:21 未获取到号码【1740746】GSD，可能号码格式错误
2021-06-30 18:47:21 获取到号码【1740746】的GSD为【-】
2021-06-30 18:47:40 GSD insert 第 1 次 等待 1 秒
2021-06-30 18:47:41 {"status":"bad","msg":"添加失败！号码【1740746(-|-)】已存在！"}
2021-06-30 18:47:41 下次操作: 2021-06-30 18:47:47

2021-06-30 18:47:47 开始第 3 次操作

2021-06-30 18:47:47 开始操作号码 【1740747】
2021-06-30 18:48:09 GSD getOne 第 1 次 等待 1 秒
2021-06-30 18:48:10 查询号码 【1740747】，返回信息 {"status":"ok","msg":"-","time_insert":"2021-06-27 18:07"}
2021-06-30 18:48:10 查询号码 【1740747】，GSD为【"-"】
2021-06-30 18:48:10 ok && -
2021-06-30 18:48:12 CHB 1740747?1625050090 第 1 次 等待 1 秒
2021-06-30 18:48:13 CHB 1740747?1625050090 第 1 次 获取到号码【1740747】GSD
2021-06-30 18:48:13 未获取到号码【1740747】GSD，可能号码格式错误
2021-06-30 18:48:13 获取到号码【1740747】的GSD为【-】
2021-06-30 18:48:32 GSD insert 第 1 次 等待 1 秒
2021-06-30 18:48:33 {"status":"bad","msg":"添加失败！号码【1740747(-|-)】已存在！"}
2021-06-30 18:48:33 下次操作: 2021-06-30 18:48:49

2021-06-30 18:48:49 开始第 4 次操作

2021-06-30 18:48:49 开始操作号码 【1740748】
2021-06-30 18:48:53 GSD getOne 第 1 次 等待 1 秒
2021-06-30 18:48:54 查询号码 【1740748】，返回信息 {"status":"ok","msg":"-","time_insert":"2021-06-27 18:08"}
2021-06-30 18:48:54 查询号码 【1740748】，GSD为【"-"】
2021-06-30 18:48:54 ok && -
2021-06-30 18:48:56 CHB 1740748?1625050134 第 1 次 等待 1 秒
2021-06-30 18:48:57 CHB 1740748?1625050134 第 1 次 获取到号码【1740748】GSD
2021-06-30 18:48:57 未获取到号码【1740748】GSD，可能号码格式错误
2021-06-30 18:48:57 获取到号码【1740748】的GSD为【-】
2021-06-30 18:49:16 GSD insert 第 1 次 等待 1 秒
2021-06-30 18:49:17 {"status":"bad","msg":"添加失败！号码【1740748(-|-)】已存在！"}
2021-06-30 18:49:17 下次操作: 2021-06-30 18:49:30

2021-06-30 18:49:30 开始第 5 次操作

2021-06-30 18:49:30 开始操作号码 【1740749】
2021-06-30 18:49:37 GSD getOne 第 1 次 等待 1 秒
2021-06-30 18:49:38 查询号码 【1740749】，返回信息 {"status":"ok","msg":"-","time_insert":"2021-06-27 18:09"}
2021-06-30 18:49:38 查询号码 【1740749】，GSD为【"-"】
2021-06-30 18:49:38 ok && -
2021-06-30 18:49:40 CHB 1740749?1625050178 第 1 次 等待 1 秒
2021-06-30 18:49:41 CHB 1740749?1625050178 第 1 次 获取到号码【1740749】GSD
2021-06-30 18:49:41 未获取到号码【1740749】GSD，可能号码格式错误
2021-06-30 18:49:41 获取到号码【1740749】的GSD为【-】
2021-06-30 18:50:00 GSD insert 第 1 次 等待 1 秒
2021-06-30 18:50:01 {"status":"bad","msg":"添加失败！号码【1740749(-|-)】已存在！"}
2021-06-30 18:50:01 下次操作: 2021-06-30 18:50:13

2021-06-30 18:50:13 开始第 6 次操作

2021-06-30 18:50:13 开始操作号码 【1740750】
2021-06-30 18:50:20 GSD getOne 第 1 次 等待 1 秒
2021-06-30 18:50:21 查询号码 【1740750】，返回信息 {"status":"ok","msg":"-","time_insert":"2021-06-27 18:45"}
2021-06-30 18:50:21 查询号码 【1740750】，GSD为【"-"】
2021-06-30 18:50:21 ok && -
2021-06-30 18:50:22 CHB 1740750?1625050221 第 1 次 等待 1 秒
2021-06-30 18:50:23 CHB 1740750?1625050221 第 1 次 获取到号码【1740750】GSD
2021-06-30 18:50:23 未获取到号码【1740750】GSD，可能号码格式错误
2021-06-30 18:50:23 获取到号码【1740750】的GSD为【-】
2021-06-30 18:50:43 GSD insert 第 1 次 等待 1 秒
2021-06-30 18:50:44 {"status":"bad","msg":"添加失败！号码【1740750(-|-)】已存在！"}
2021-06-30 18:50:44 下次操作: 2021-06-30 18:50:59

2021-06-30 18:50:59 开始第 7 次操作

2021-06-30 18:50:59 开始操作号码 【1740751】
2021-06-30 18:51:03 GSD getOne 第 1 次 等待 1 秒
2021-06-30 18:51:04 查询号码 【1740751】，返回信息 {"status":"ok","msg":"-","time_insert":"2021-06-27 18:45"}
2021-06-30 18:51:04 查询号码 【1740751】，GSD为【"-"】
2021-06-30 18:51:04 ok && -
2021-06-30 18:51:05 CHB 1740751?1625050264 第 1 次 等待 1 秒
2021-06-30 18:51:06 CHB 1740751?1625050264 第 1 次 获取到号码【1740751】GSD
2021-06-30 18:51:06 未获取到号码【1740751】GSD，可能号码格式错误
2021-06-30 18:51:06 获取到号码【1740751】的GSD为【-】
2021-06-30 18:51:27 GSD insert 第 1 次 等待 1 秒
2021-06-30 18:51:28 {"status":"bad","msg":"添加失败！号码【1740751(-|-)】已存在！"}
2021-06-30 18:51:28 下次操作: 2021-06-30 18:51:35

2021-06-30 18:51:35 开始第 8 次操作

2021-06-30 18:51:35 开始操作号码 【1740752】
2021-06-30 18:51:55 GSD getOne 第 1 次 等待 1 秒
2021-06-30 18:51:56 查询号码 【1740752】，返回信息 {"status":"ok","msg":"-","time_insert":"2021-06-27 18:46"}
2021-06-30 18:51:56 查询号码 【1740752】，GSD为【"-"】
2021-06-30 18:51:56 ok && -
2021-06-30 18:51:58 CHB 1740752?1625050316 第 1 次 等待 1 秒
2021-06-30 18:51:59 CHB 1740752?1625050316 第 1 次 获取到号码【1740752】GSD
2021-06-30 18:51:59 未获取到号码【1740752】GSD，可能号码格式错误
2021-06-30 18:51:59 获取到号码【1740752】的GSD为【-】
2021-06-30 18:52:18 GSD insert 第 1 次 等待 1 秒
2021-06-30 18:52:19 {"status":"bad","msg":"添加失败！号码【1740752(-|-)】已存在！"}
2021-06-30 18:52:19 下次操作: 2021-06-30 18:52:35

2021-06-30 18:52:35 开始第 9 次操作

2021-06-30 18:52:35 开始操作号码 【1740753】
2021-06-30 18:52:39 GSD getOne 第 1 次 等待 1 秒
2021-06-30 18:52:40 查询号码 【1740753】，返回信息 {"status":"ok","msg":"-","time_insert":"2021-06-27 18:47"}
2021-06-30 18:52:40 查询号码 【1740753】，GSD为【"-"】
2021-06-30 18:52:40 ok && -
2021-06-30 18:52:41 CHB 1740753?1625050360 第 1 次 等待 1 秒
2021-06-30 18:52:42 CHB 1740753?1625050360 第 1 次 获取到号码【1740753】GSD
2021-06-30 18:52:42 未获取到号码【1740753】GSD，可能号码格式错误
2021-06-30 18:52:43 获取到号码【1740753】的GSD为【-】
2021-06-30 18:53:02 GSD insert 第 1 次 等待 1 秒
2021-06-30 18:53:03 {"status":"bad","msg":"添加失败！号码【1740753(-|-)】已存在！"}
2021-06-30 18:53:03 下次操作: 2021-06-30 18:53:11

2021-06-30 18:53:11 开始第 10 次操作

2021-06-30 18:53:11 开始操作号码 【1740754】
2021-06-30 18:53:22 GSD getOne 第 1 次 等待 1 秒
2021-06-30 18:53:23 查询号码 【1740754】，返回信息 {"status":"ok","msg":"-","time_insert":"2021-06-27 18:48"}
2021-06-30 18:53:23 查询号码 【1740754】，GSD为【"-"】
2021-06-30 18:53:23 ok && -
2021-06-30 18:53:25 CHB 1740754?1625050403 第 1 次 等待 1 秒
2021-06-30 18:53:26 CHB 1740754?1625050403 第 1 次 获取到号码【1740754】GSD
2021-06-30 18:53:26 未获取到号码【1740754】GSD，可能号码格式错误
2021-06-30 18:53:26 获取到号码【1740754】的GSD为【-】
2021-06-30 18:53:47 GSD insert 第 1 次 等待 1 秒
2021-06-30 18:53:48 {"status":"bad","msg":"添加失败！号码【1740754(-|-)】已存在！"}
2021-06-30 18:53:48 下次操作: 2021-06-30 18:54:06

2021-06-30 18:54:06 开始第 11 次操作

2021-06-30 18:54:06 开始操作号码 【1740755】
2021-06-30 18:54:10 GSD getOne 第 1 次 等待 1 秒
2021-06-30 18:54:11 查询号码 【1740755】，返回信息 {"status":"ok","msg":"-","time_insert":"2021-06-27 18:49"}
2021-06-30 18:54:11 查询号码 【1740755】，GSD为【"-"】
2021-06-30 18:54:11 ok && -
2021-06-30 18:54:13 CHB 1740755?1625050451 第 1 次 等待 1 秒
2021-06-30 18:54:14 CHB 1740755?1625050451 第 1 次 获取到号码【1740755】GSD
2021-06-30 18:54:14 未获取到号码【1740755】GSD，可能号码格式错误
2021-06-30 18:54:14 获取到号码【1740755】的GSD为【-】
2021-06-30 18:54:34 GSD insert 第 1 次 等待 1 秒
2021-06-30 18:54:35 {"status":"bad","msg":"添加失败！号码【1740755(-|-)】已存在！"}
2021-06-30 18:54:35 下次操作: 2021-06-30 18:54:47

2021-06-30 18:54:47 开始第 12 次操作

2021-06-30 18:54:47 开始操作号码 【1740756】
2021-06-30 18:54:54 GSD getOne 第 1 次 等待 1 秒
2021-06-30 18:54:55 查询号码 【1740756】，返回信息 {"status":"ok","msg":"-","time_insert":"2021-06-27 18:49"}
2021-06-30 18:54:55 查询号码 【1740756】，GSD为【"-"】
2021-06-30 18:54:55 ok && -
2021-06-30 18:54:56 CHB 1740756?1625050495 第 1 次 等待 1 秒
2021-06-30 18:54:57 CHB 1740756?1625050495 第 1 次 获取到号码【1740756】GSD
2021-06-30 18:54:57 未获取到号码【1740756】GSD，可能号码格式错误
2021-06-30 18:54:57 获取到号码【1740756】的GSD为【-】
2021-06-30 18:55:17 GSD insert 第 1 次 等待 1 秒
2021-06-30 18:55:18 {"status":"bad","msg":"添加失败！号码【1740756(-|-)】已存在！"}
2021-06-30 18:55:18 下次操作: 2021-06-30 18:55:24

2021-06-30 18:55:24 开始第 13 次操作

2021-06-30 18:55:24 开始操作号码 【1740757】
2021-06-30 18:55:43 GSD getOne 第 1 次 等待 1 秒
2021-06-30 18:55:44 查询号码 【1740757】，返回信息 {"status":"ok","msg":"-","time_insert":"2021-06-27 18:50"}
2021-06-30 18:55:44 查询号码 【1740757】，GSD为【"-"】
2021-06-30 18:55:44 ok && -
2021-06-30 18:55:46 CHB 1740757?1625050544 第 1 次 等待 1 秒
2021-06-30 18:55:47 CHB 1740757?1625050544 第 1 次 获取到号码【1740757】GSD
2021-06-30 18:55:47 未获取到号码【1740757】GSD，可能号码格式错误
2021-06-30 18:55:47 获取到号码【1740757】的GSD为【-】
2021-06-30 18:56:06 GSD insert 第 1 次 等待 1 秒
2021-06-30 18:56:07 {"status":"bad","msg":"添加失败！号码【1740757(-|-)】已存在！"}
2021-06-30 18:56:07 下次操作: 2021-06-30 18:56:21

2021-06-30 18:56:21 开始第 14 次操作

2021-06-30 18:56:21 开始操作号码 【1740758】
2021-06-30 18:56:26 GSD getOne 第 1 次 等待 1 秒
2021-06-30 18:56:27 查询号码 【1740758】，返回信息 {"status":"ok","msg":"-","time_insert":"2021-06-27 18:51"}
2021-06-30 18:56:27 查询号码 【1740758】，GSD为【"-"】
2021-06-30 18:56:27 ok && -
2021-06-30 18:56:28 CHB 1740758?1625050587 第 1 次 等待 1 秒
2021-06-30 18:56:29 CHB 1740758?1625050587 第 1 次 获取到号码【1740758】GSD
2021-06-30 18:56:29 未获取到号码【1740758】GSD，可能号码格式错误
2021-06-30 18:56:29 获取到号码【1740758】的GSD为【-】
2021-06-30 18:56:49 GSD insert 第 1 次 等待 1 秒
2021-06-30 18:56:50 {"status":"bad","msg":"添加失败！号码【1740758(-|-)】已存在！"}
2021-06-30 18:56:50 下次操作: 2021-06-30 18:56:58

2021-06-30 18:56:58 开始第 15 次操作

2021-06-30 18:56:58 开始操作号码 【1740759】
2021-06-30 18:57:09 GSD getOne 第 1 次 等待 1 秒
2021-06-30 18:57:10 查询号码 【1740759】，返回信息 {"status":"ok","msg":"-","time_insert":"2021-06-27 18:51"}
2021-06-30 18:57:10 查询号码 【1740759】，GSD为【"-"】
2021-06-30 18:57:10 ok && -
2021-06-30 18:57:11 CHB 1740759?1625050630 第 1 次 等待 1 秒
2021-06-30 18:57:12 CHB 1740759?1625050630 第 1 次 获取到号码【1740759】GSD
2021-06-30 18:57:12 未获取到号码【1740759】GSD，可能号码格式错误
2021-06-30 18:57:12 获取到号码【1740759】的GSD为【-】
2021-06-30 18:57:31 GSD insert 第 1 次 等待 1 秒
2021-06-30 18:57:32 {"status":"bad","msg":"添加失败！号码【1740759(-|-)】已存在！"}
2021-06-30 18:57:32 下次操作: 2021-06-30 18:57:39

2021-06-30 18:57:39 开始第 16 次操作

2021-06-30 18:57:39 开始操作号码 【1740760】
2021-06-30 18:57:59 GSD getOne 第 1 次 等待 1 秒
2021-06-30 18:58:00 查询号码 【1740760】，返回信息 {"status":"ok","msg":"-","time_insert":"2021-06-27 18:52"}
2021-06-30 18:58:00 查询号码 【1740760】，GSD为【"-"】
2021-06-30 18:58:00 ok && -
2021-06-30 18:58:02 CHB 1740760?1625050680 第 1 次 等待 1 秒
2021-06-30 18:58:03 CHB 1740760?1625050680 第 1 次 获取到号码【1740760】GSD
2021-06-30 18:58:03 未获取到号码【1740760】GSD，可能号码格式错误
2021-06-30 18:58:03 获取到号码【1740760】的GSD为【-】
2021-06-30 18:58:24 GSD insert 第 1 次 等待 1 秒
2021-06-30 18:58:25 {"status":"bad","msg":"添加失败！号码【1740760(-|-)】已存在！"}
2021-06-30 18:58:25 下次操作: 2021-06-30 18:58:31

2021-06-30 18:58:31 开始第 17 次操作

2021-06-30 18:58:31 开始操作号码 【1740761】
2021-06-30 18:58:54 GSD getOne 第 1 次 等待 1 秒
2021-06-30 18:58:55 查询号码 【1740761】，返回信息 {"status":"ok","msg":"-","time_insert":"2021-06-27 18:53"}
2021-06-30 18:58:55 查询号码 【1740761】，GSD为【"-"】
2021-06-30 18:58:55 ok && -
2021-06-30 18:58:57 CHB 1740761?1625050735 第 1 次 等待 1 秒
2021-06-30 18:58:58 CHB 1740761?1625050735 第 1 次 获取到号码【1740761】GSD
2021-06-30 18:58:58 未获取到号码【1740761】GSD，可能号码格式错误
2021-06-30 18:58:58 获取到号码【1740761】的GSD为【-】
2021-06-30 18:59:22 GSD insert 第 1 次 等待 1 秒
2021-06-30 18:59:23 {"status":"bad","msg":"添加失败！号码【1740761(-|-)】已存在！"}
2021-06-30 18:59:23 下次操作: 2021-06-30 18:59:31

2021-06-30 18:59:31 开始第 18 次操作

2021-06-30 18:59:31 开始操作号码 【1740762】
2021-06-30 18:59:42 GSD getOne 第 1 次 等待 1 秒
2021-06-30 18:59:43 查询号码 【1740762】，返回信息 {"status":"ok","msg":"-","time_insert":"2021-06-27 18:54"}
2021-06-30 18:59:43 查询号码 【1740762】，GSD为【"-"】
2021-06-30 18:59:43 ok && -
2021-06-30 18:59:44 CHB 1740762?1625050783 第 1 次 等待 1 秒
2021-06-30 18:59:45 CHB 1740762?1625050783 第 1 次 获取到号码【1740762】GSD
2021-06-30 18:59:45 未获取到号码【1740762】GSD，可能号码格式错误
2021-06-30 18:59:45 获取到号码【1740762】的GSD为【-】
2021-06-30 19:00:04 GSD insert 第 1 次 等待 1 秒
2021-06-30 19:00:05 {"status":"bad","msg":"添加失败！号码【1740762(-|-)】已存在！"}
2021-06-30 19:00:06 下次操作: 2021-06-30 19:00:15

2021-06-30 19:00:15 开始第 19 次操作

2021-06-30 19:00:15 开始操作号码 【1740763】
2021-06-30 19:00:27 GSD getOne 第 1 次 等待 1 秒
2021-06-30 19:00:28 查询号码 【1740763】，返回信息 {"status":"ok","msg":"-","time_insert":"2021-06-27 18:54"}
2021-06-30 19:00:28 查询号码 【1740763】，GSD为【"-"】
2021-06-30 19:00:28 ok && -
2021-06-30 19:00:30 CHB 1740763?1625050828 第 1 次 等待 1 秒
2021-06-30 19:00:31 CHB 1740763?1625050828 第 1 次 获取到号码【1740763】GSD
2021-06-30 19:00:31 未获取到号码【1740763】GSD，可能号码格式错误
2021-06-30 19:00:31 获取到号码【1740763】的GSD为【-】
2021-06-30 19:00:50 GSD insert 第 1 次 等待 1 秒
2021-06-30 19:00:51 {"status":"bad","msg":"添加失败！号码【1740763(-|-)】已存在！"}
2021-06-30 19:00:51 下次操作: 2021-06-30 19:01:07

2021-06-30 19:01:07 开始第 20 次操作

2021-06-30 19:01:07 开始操作号码 【1740764】
2021-06-30 19:01:13 GSD getOne 第 1 次 等待 1 秒
2021-06-30 19:01:14 查询号码 【1740764】，返回信息 {"status":"ok","msg":"-","time_insert":"2021-06-27 18:55"}
2021-06-30 19:01:14 查询号码 【1740764】，GSD为【"-"】
2021-06-30 19:01:14 ok && -
2021-06-30 19:01:15 CHB 1740764?1625050874 第 1 次 等待 1 秒
2021-06-30 19:01:16 CHB 1740764?1625050874 第 1 次 获取到号码【1740764】GSD
2021-06-30 19:01:16 未获取到号码【1740764】GSD，可能号码格式错误
2021-06-30 19:01:16 获取到号码【1740764】的GSD为【-】
2021-06-30 19:01:36 GSD insert 第 1 次 等待 1 秒
2021-06-30 19:01:37 {"status":"bad","msg":"添加失败！号码【1740764(-|-)】已存在！"}
2021-06-30 19:01:37 下次操作: 2021-06-30 19:01:54

2021-06-30 19:01:54 开始第 21 次操作

2021-06-30 19:01:54 开始操作号码 【1740765】
2021-06-30 19:01:58 GSD getOne 第 1 次 等待 1 秒
2021-06-30 19:01:59 查询号码 【1740765】，返回信息 {"status":"ok","msg":"-","time_insert":"2021-06-27 18:56"}
2021-06-30 19:01:59 查询号码 【1740765】，GSD为【"-"】
2021-06-30 19:01:59 ok && -
2021-06-30 19:02:01 CHB 1740765?1625050919 第 1 次 等待 1 秒
2021-06-30 19:02:02 CHB 1740765?1625050919 第 1 次 获取到号码【1740765】GSD
2021-06-30 19:02:02 未获取到号码【1740765】GSD，可能号码格式错误
2021-06-30 19:02:02 获取到号码【1740765】的GSD为【-】
2021-06-30 19:02:21 GSD insert 第 1 次 等待 1 秒
2021-06-30 19:02:22 {"status":"bad","msg":"添加失败！号码【1740765(-|-)】已存在！"}
2021-06-30 19:02:22 下次操作: 2021-06-30 19:02:28

2021-06-30 19:02:28 开始第 22 次操作

2021-06-30 19:02:28 开始操作号码 【1740766】
2021-06-30 19:02:47 GSD getOne 第 1 次 等待 1 秒
2021-06-30 19:02:48 查询号码 【1740766】，返回信息 {"status":"ok","msg":"-","time_insert":"2021-06-27 18:57"}
2021-06-30 19:02:48 查询号码 【1740766】，GSD为【"-"】
2021-06-30 19:02:48 ok && -
2021-06-30 19:02:50 CHB 1740766?1625050968 第 1 次 等待 1 秒
2021-06-30 19:02:51 CHB 1740766?1625050968 第 1 次 获取到号码【1740766】GSD
2021-06-30 19:02:51 未获取到号码【1740766】GSD，可能号码格式错误
2021-06-30 19:02:51 获取到号码【1740766】的GSD为【-】
2021-06-30 19:03:10 GSD insert 第 1 次 等待 1 秒
2021-06-30 19:03:11 {"status":"bad","msg":"添加失败！号码【1740766(-|-)】已存在！"}
2021-06-30 19:03:11 下次操作: 2021-06-30 19:03:17

2021-06-30 19:03:17 开始第 23 次操作

2021-06-30 19:03:17 开始操作号码 【1740767】
2021-06-30 19:03:36 GSD getOne 第 1 次 等待 1 秒
2021-06-30 19:03:37 查询号码 【1740767】，返回信息 {"status":"ok","msg":"-","time_insert":"2021-06-27 18:58"}
2021-06-30 19:03:38 查询号码 【1740767】，GSD为【"-"】
2021-06-30 19:03:38 ok && -
2021-06-30 19:03:39 CHB 1740767?1625051018 第 1 次 等待 1 秒
2021-06-30 19:03:40 CHB 1740767?1625051018 第 1 次 获取到号码【1740767】GSD
2021-06-30 19:03:40 未获取到号码【1740767】GSD，可能号码格式错误
2021-06-30 19:03:40 获取到号码【1740767】的GSD为【-】
2021-06-30 19:04:00 GSD insert 第 1 次 等待 1 秒
2021-06-30 19:04:01 {"status":"bad","msg":"添加失败！号码【1740767(-|-)】已存在！"}
2021-06-30 19:04:01 下次操作: 2021-06-30 19:04:15

2021-06-30 19:04:15 开始第 24 次操作

2021-06-30 19:04:15 开始操作号码 【1740768】
2021-06-30 19:04:19 GSD getOne 第 1 次 等待 1 秒
2021-06-30 19:04:20 查询号码 【1740768】，返回信息 {"status":"ok","msg":"-","time_insert":"2021-06-27 18:58"}
2021-06-30 19:04:21 查询号码 【1740768】，GSD为【"-"】
2021-06-30 19:04:21 ok && -
2021-06-30 19:04:22 CHB 1740768?1625051061 第 1 次 等待 1 秒
2021-06-30 19:04:23 CHB 1740768?1625051061 第 1 次 获取到号码【1740768】GSD
2021-06-30 19:04:23 未获取到号码【1740768】GSD，可能号码格式错误
2021-06-30 19:04:23 获取到号码【1740768】的GSD为【-】
2021-06-30 19:04:42 GSD insert 第 1 次 等待 1 秒
2021-06-30 19:04:43 {"status":"bad","msg":"添加失败！号码【1740768(-|-)】已存在！"}
2021-06-30 19:04:43 下次操作: 2021-06-30 19:04:56

2021-06-30 19:04:56 开始第 25 次操作

2021-06-30 19:04:56 开始操作号码 【1740769】
2021-06-30 19:05:05 GSD getOne 第 1 次 等待 1 秒
2021-06-30 19:05:06 查询号码 【1740769】，返回信息 {"status":"ok","msg":"-","time_insert":"2021-06-27 18:59"}
2021-06-30 19:05:06 查询号码 【1740769】，GSD为【"-"】
2021-06-30 19:05:06 ok && -
2021-06-30 19:05:08 CHB 1740769?1625051106 第 1 次 等待 1 秒
2021-06-30 19:05:09 CHB 1740769?1625051106 第 1 次 获取到号码【1740769】GSD
2021-06-30 19:05:09 未获取到号码【1740769】GSD，可能号码格式错误
2021-06-30 19:05:09 获取到号码【1740769】的GSD为【-】
2021-06-30 19:05:28 GSD insert 第 1 次 等待 1 秒
2021-06-30 19:05:29 {"status":"bad","msg":"添加失败！号码【1740769(-|-)】已存在！"}
2021-06-30 19:05:29 下次操作: 2021-06-30 19:05:44

2021-06-30 19:05:44 开始第 26 次操作

2021-06-30 19:05:44 开始操作号码 【1740770】
2021-06-30 19:05:48 GSD getOne 第 1 次 等待 1 秒
2021-06-30 19:05:49 查询号码 【1740770】，返回信息 {"status":"ok","msg":"-","time_insert":"2021-06-27 19:00"}
2021-06-30 19:05:49 查询号码 【1740770】，GSD为【"-"】
2021-06-30 19:05:49 ok && -
2021-06-30 19:05:51 CHB 1740770?1625051149 第 1 次 等待 1 秒
2021-06-30 19:05:52 CHB 1740770?1625051149 第 1 次 获取到号码【1740770】GSD
2021-06-30 19:05:52 未获取到号码【1740770】GSD，可能号码格式错误
2021-06-30 19:05:52 获取到号码【1740770】的GSD为【-】
2021-06-30 19:06:11 GSD insert 第 1 次 等待 1 秒
2021-06-30 19:06:12 {"status":"bad","msg":"添加失败！号码【1740770(-|-)】已存在！"}
2021-06-30 19:06:12 下次操作: 2021-06-30 19:06:24

2021-06-30 19:06:24 开始第 27 次操作

2021-06-30 19:06:24 开始操作号码 【1740771】
2021-06-30 19:06:31 GSD getOne 第 1 次 等待 1 秒
2021-06-30 19:06:32 查询号码 【1740771】，返回信息 {"status":"ok","msg":"-","time_insert":"2021-06-27 19:01"}
2021-06-30 19:06:32 查询号码 【1740771】，GSD为【"-"】
2021-06-30 19:06:32 ok && -
2021-06-30 19:06:34 CHB 1740771?1625051192 第 1 次 等待 1 秒
2021-06-30 19:06:35 CHB 1740771?1625051192 第 1 次 获取到号码【1740771】GSD
2021-06-30 19:06:35 未获取到号码【1740771】GSD，可能号码格式错误
2021-06-30 19:06:35 获取到号码【1740771】的GSD为【-】
2021-06-30 19:06:54 GSD insert 第 1 次 等待 1 秒
2021-06-30 19:06:55 {"status":"bad","msg":"添加失败！号码【1740771(-|-)】已存在！"}
2021-06-30 19:06:55 下次操作: 2021-06-30 19:07:12

2021-06-30 19:07:12 开始第 28 次操作

2021-06-30 19:07:12 开始操作号码 【1740772】
2021-06-30 19:07:16 GSD getOne 第 1 次 等待 1 秒
2021-06-30 19:07:17 查询号码 【1740772】，返回信息 {"status":"ok","msg":"-","time_insert":"2021-06-27 19:01"}
2021-06-30 19:07:17 查询号码 【1740772】，GSD为【"-"】
2021-06-30 19:07:17 ok && -
2021-06-30 19:07:19 CHB 1740772?1625051237 第 1 次 等待 1 秒
2021-06-30 19:07:20 CHB 1740772?1625051237 第 1 次 获取到号码【1740772】GSD
2021-06-30 19:07:20 未获取到号码【1740772】GSD，可能号码格式错误
2021-06-30 19:07:20 获取到号码【1740772】的GSD为【-】
2021-06-30 19:07:40 GSD insert 第 1 次 等待 1 秒
2021-06-30 19:07:41 {"status":"bad","msg":"添加失败！号码【1740772(-|-)】已存在！"}
2021-06-30 19:07:41 下次操作: 2021-06-30 19:07:49

2021-06-30 19:07:49 开始第 29 次操作

2021-06-30 19:07:49 开始操作号码 【1740773】
2021-06-30 19:08:00 GSD getOne 第 1 次 等待 1 秒
2021-06-30 19:08:01 查询号码 【1740773】，返回信息 {"status":"ok","msg":"-","time_insert":"2021-06-27 19:02"}
2021-06-30 19:08:01 查询号码 【1740773】，GSD为【"-"】
2021-06-30 19:08:01 ok && -
2021-06-30 19:08:03 CHB 1740773?1625051281 第 1 次 等待 1 秒
2021-06-30 19:08:04 CHB 1740773?1625051281 第 1 次 获取到号码【1740773】GSD
2021-06-30 19:08:04 未获取到号码【1740773】GSD，可能号码格式错误
2021-06-30 19:08:04 获取到号码【1740773】的GSD为【-】
2021-06-30 19:08:23 GSD insert 第 1 次 等待 1 秒
2021-06-30 19:08:24 {"status":"bad","msg":"添加失败！号码【1740773(-|-)】已存在！"}
2021-06-30 19:08:24 下次操作: 2021-06-30 19:08:38

2021-06-30 19:08:38 开始第 30 次操作

2021-06-30 19:08:38 开始操作号码 【1740774】
2021-06-30 19:08:43 GSD getOne 第 1 次 等待 1 秒
2021-06-30 19:08:44 查询号码 【1740774】，返回信息 {"status":"ok","msg":"-","time_insert":"2021-06-27 19:03"}
2021-06-30 19:08:44 查询号码 【1740774】，GSD为【"-"】
2021-06-30 19:08:44 ok && -
2021-06-30 19:08:46 CHB 1740774?1625051324 第 1 次 等待 1 秒
2021-06-30 19:08:47 CHB 1740774?1625051324 第 1 次 获取到号码【1740774】GSD
2021-06-30 19:08:47 未获取到号码【1740774】GSD，可能号码格式错误
2021-06-30 19:08:47 获取到号码【1740774】的GSD为【-】
2021-06-30 19:09:08 GSD insert 第 1 次 等待 1 秒
2021-06-30 19:09:09 {"status":"bad","msg":"添加失败！号码【1740774(-|-)】已存在！"}

