2023-10-10 00:11:36 开始第 2509 次操作

2023-10-10 00:11:36 开始操作号码 【1982508】
2023-10-10 00:11:48 GSD getOne 第 1 次 等待 3 秒
2023-10-10 00:11:51 查询号码 【1982508】，返回信息 {"status":"ok","msg":"江苏-南京","gid":"498861","time_insert":"2021-08-07 16:24"}
2023-10-10 00:11:51 查询号码 【1982508】，GSD为【"江苏-南京"】

2023-10-10 00:11:52 开始第 2510 次操作

2023-10-10 00:11:52 开始操作号码 【1982509】
2023-10-10 00:11:56 GSD getOne 第 1 次 等待 3 秒
2023-10-10 00:11:59 查询号码 【1982509】，返回信息 {"status":"ok","msg":"江苏-南京","gid":"498863","time_insert":"2021-08-07 16:25"}
2023-10-10 00:11:59 查询号码 【1982509】，GSD为【"江苏-南京"】

2023-10-10 00:12:00 开始第 2511 次操作

2023-10-10 00:12:00 开始操作号码 【1982510】
2023-10-10 00:12:04 GSD getOne 第 1 次 等待 3 秒
2023-10-10 00:12:07 查询号码 【1982510】，返回信息 {"status":"ok","msg":"江苏-宿迁","gid":"498872","time_insert":"2021-08-07 16:35"}
2023-10-10 00:12:07 查询号码 【1982510】，GSD为【"江苏-宿迁"】

2023-10-10 00:12:08 开始第 2512 次操作

2023-10-10 00:12:08 开始操作号码 【1982511】
2023-10-10 00:12:15 GSD getOne 第 1 次 等待 3 秒
2023-10-10 00:12:18 查询号码 【1982511】，返回信息 {"status":"ok","msg":"江苏-宿迁","gid":"498877","time_insert":"2021-08-07 16:44"}
2023-10-10 00:12:18 查询号码 【1982511】，GSD为【"江苏-宿迁"】

2023-10-10 00:37:18 开始第 2513 次操作

2023-10-10 00:37:18 开始操作号码 【1982512】
2023-10-10 00:37:21 GSD getOne 第 1 次 等待 3 秒
2023-10-10 00:37:24 查询号码 【1982512】，返回信息 {"status":"ok","msg":"江苏-常州","gid":"498879","time_insert":"2021-08-07 16:45"}
2023-10-10 00:37:24 查询号码 【1982512】，GSD为【"江苏-常州"】

2023-10-10 00:37:25 开始第 2514 次操作

2023-10-10 00:37:25 开始操作号码 【1982513】
2023-10-10 00:37:31 GSD getOne 第 1 次 等待 3 秒
2023-10-10 00:37:34 查询号码 【1982513】，返回信息 {"status":"ok","msg":"江苏-常州","gid":"498888","time_insert":"2021-08-07 16:55"}
2023-10-10 00:37:34 查询号码 【1982513】，GSD为【"江苏-常州"】

2023-10-10 00:37:35 开始第 2515 次操作

2023-10-10 00:37:35 开始操作号码 【1982514】
2023-10-10 00:37:38 GSD getOne 第 1 次 等待 3 秒
2023-10-10 00:37:41 查询号码 【1982514】，返回信息 {"status":"ok","msg":"江苏-常州","gid":"498897","time_insert":"2021-08-07 17:05"}
2023-10-10 00:37:41 查询号码 【1982514】，GSD为【"江苏-常州"】

2023-10-10 00:37:42 开始第 2516 次操作

2023-10-10 00:37:42 开始操作号码 【1982515】
2023-10-10 00:37:48 GSD getOne 第 1 次 等待 3 秒
2023-10-10 00:37:51 查询号码 【1982515】，返回信息 {"status":"ok","msg":"江苏-常州","gid":"498901","time_insert":"2021-08-07 17:14"}
2023-10-10 00:37:51 查询号码 【1982515】，GSD为【"江苏-常州"】

2023-10-10 01:07:48 开始第 2517 次操作

2023-10-10 01:07:48 开始操作号码 【1982516】
2023-10-10 01:07:52 GSD getOne 第 1 次 等待 3 秒
2023-10-10 01:07:55 查询号码 【1982516】，返回信息 {"status":"ok","msg":"江苏-常州","gid":"498907","time_insert":"2021-08-07 17:24"}
2023-10-10 01:07:55 查询号码 【1982516】，GSD为【"江苏-常州"】

2023-10-10 01:07:56 开始第 2518 次操作

2023-10-10 01:07:56 开始操作号码 【1982517】
2023-10-10 01:08:02 GSD getOne 第 1 次 等待 3 秒
2023-10-10 01:08:05 查询号码 【1982517】，返回信息 {"status":"ok","msg":"江苏-常州","gid":"498909","time_insert":"2021-08-07 17:25"}
2023-10-10 01:08:05 查询号码 【1982517】，GSD为【"江苏-常州"】

2023-10-10 01:08:06 开始第 2519 次操作

2023-10-10 01:08:06 开始操作号码 【1982518】
2023-10-10 01:08:09 GSD getOne 第 1 次 等待 3 秒
2023-10-10 01:08:12 查询号码 【1982518】，返回信息 {"status":"ok","msg":"江苏-常州","gid":"498915","time_insert":"2021-08-07 17:33"}
2023-10-10 01:08:12 查询号码 【1982518】，GSD为【"江苏-常州"】

2023-10-10 01:08:13 开始第 2520 次操作

2023-10-10 01:08:13 开始操作号码 【1982519】
2023-10-10 01:08:16 GSD getOne 第 1 次 等待 3 秒
2023-10-10 01:08:19 查询号码 【1982519】，返回信息 {"status":"ok","msg":"江苏-宿迁","gid":"498917","time_insert":"2021-08-07 17:35"}
2023-10-10 01:08:19 查询号码 【1982519】，GSD为【"江苏-宿迁"】

2023-10-10 01:33:07 开始第 2521 次操作

2023-10-10 01:33:07 开始操作号码 【1982520】
2023-10-10 01:33:10 GSD getOne 第 1 次 等待 3 秒
2023-10-10 01:33:13 查询号码 【1982520】，返回信息 {"status":"ok","msg":"江苏-宿迁","gid":"498923","time_insert":"2021-08-07 17:44"}
2023-10-10 01:33:13 查询号码 【1982520】，GSD为【"江苏-宿迁"】

2023-10-10 01:33:14 开始第 2522 次操作

2023-10-10 01:33:14 开始操作号码 【1982521】
2023-10-10 01:33:20 GSD getOne 第 1 次 等待 3 秒
2023-10-10 01:33:23 查询号码 【1982521】，返回信息 {"status":"ok","msg":"江苏-南通","gid":"498925","time_insert":"2021-08-07 17:45"}
2023-10-10 01:33:23 查询号码 【1982521】，GSD为【"江苏-南通"】

2023-10-10 01:33:24 开始第 2523 次操作

2023-10-10 01:33:24 开始操作号码 【1982522】
2023-10-10 01:33:27 GSD getOne 第 1 次 等待 3 秒
2023-10-10 01:33:30 查询号码 【1982522】，返回信息 {"status":"ok","msg":"江苏-南通","gid":"498933","time_insert":"2021-08-07 17:54"}
2023-10-10 01:33:31 查询号码 【1982522】，GSD为【"江苏-南通"】

2023-10-10 01:33:32 开始第 2524 次操作

2023-10-10 01:33:32 开始操作号码 【1982523】
2023-10-10 01:33:39 GSD getOne 第 1 次 等待 3 秒
2023-10-10 01:33:42 查询号码 【1982523】，返回信息 {"status":"ok","msg":"江苏-南通","gid":"498939","time_insert":"2021-08-07 18:05"}
2023-10-10 01:33:42 查询号码 【1982523】，GSD为【"江苏-南通"】

