2024-06-28 00:12:15 开始第 3597 次操作

2024-06-28 00:12:15 开始操作号码 【1553507】
2024-06-28 00:12:36 GSD getOne 第 1 次 等待 3 秒
2024-06-28 00:12:39 查询号码 【1553507】，返回信息 {"status":"ok","msg":"山西-忻州","gid":"269189","time_insert":"2021-07-13 22:49"}
2024-06-28 00:12:39 查询号码 【1553507】，GSD为【"山西-忻州"】

2024-06-28 00:12:40 开始第 3598 次操作

2024-06-28 00:12:40 开始操作号码 【1553508】
2024-06-28 00:13:09 GSD getOne 第 1 次 等待 3 秒
2024-06-28 00:13:12 查询号码 【1553508】，返回信息 {"status":"ok","msg":"山西-忻州","gid":"269293","time_insert":"2021-07-13 23:10"}
2024-06-28 00:13:12 查询号码 【1553508】，GSD为【"山西-忻州"】

2024-06-28 00:13:13 开始第 3599 次操作

2024-06-28 00:13:13 开始操作号码 【1553509】
2024-06-28 00:13:52 GSD getOne 第 1 次 等待 3 秒
2024-06-28 00:13:55 查询号码 【1553509】，返回信息 {"status":"ok","msg":"山西-忻州","gid":"269324","time_insert":"2021-07-13 23:28"}
2024-06-28 00:13:55 查询号码 【1553509】，GSD为【"山西-忻州"】

2024-06-28 00:13:56 开始第 3600 次操作

2024-06-28 00:13:56 开始操作号码 【1553510】
2024-06-28 00:14:10 GSD getOne 第 1 次 等待 3 秒
2024-06-28 00:14:13 查询号码 【1553510】，返回信息 {"status":"ok","msg":"山西-太原","gid":"269536","time_insert":"2021-07-13 23:57"}
2024-06-28 00:14:13 查询号码 【1553510】，GSD为【"山西-太原"】

