2024-02-23 00:10:55 开始第 5297 次操作

2024-02-23 00:10:55 开始操作号码 【1775210】
2024-02-23 00:11:00 GSD getOne 第 1 次 等待 3 秒
2024-02-23 00:11:03 查询号码 【1775210】，返回信息 {"status":"ok","msg":"甘肃-兰州","gid":"253536","time_insert":"2021-07-12 04:39"}
2024-02-23 00:11:03 查询号码 【1775210】，GSD为【"甘肃-兰州"】

2024-02-23 00:11:04 开始第 5298 次操作

2024-02-23 00:11:04 开始操作号码 【1775211】
2024-02-23 00:11:10 GSD getOne 第 1 次 等待 3 秒
2024-02-23 00:11:13 查询号码 【1775211】，返回信息 {"status":"ok","msg":"甘肃-兰州","gid":"253518","time_insert":"2021-07-12 04:38"}
2024-02-23 00:11:13 查询号码 【1775211】，GSD为【"甘肃-兰州"】

2024-02-23 00:11:14 开始第 5299 次操作

2024-02-23 00:11:14 开始操作号码 【1775212】
2024-02-23 00:11:18 GSD getOne 第 1 次 等待 3 秒
2024-02-23 00:11:21 查询号码 【1775212】，返回信息 {"status":"ok","msg":"甘肃-兰州","gid":"253508","time_insert":"2021-07-12 04:38"}
2024-02-23 00:11:21 查询号码 【1775212】，GSD为【"甘肃-兰州"】

2024-02-23 00:11:22 开始第 5300 次操作

2024-02-23 00:11:22 开始操作号码 【1775213】
2024-02-23 00:11:27 GSD getOne 第 1 次 等待 3 秒
2024-02-23 00:11:30 查询号码 【1775213】，返回信息 {"status":"ok","msg":"甘肃-兰州","gid":"253503","time_insert":"2021-07-12 04:37"}
2024-02-23 00:11:30 查询号码 【1775213】，GSD为【"甘肃-兰州"】

2024-02-23 00:35:33 开始第 5301 次操作

2024-02-23 00:35:33 开始操作号码 【1775214】
2024-02-23 00:35:41 GSD getOne 第 1 次 等待 3 秒
2024-02-23 00:35:44 查询号码 【1775214】，返回信息 {"status":"ok","msg":"甘肃-兰州","gid":"51301","time_insert":"2021-04-22 09:35"}
2024-02-23 00:35:44 查询号码 【1775214】，GSD为【"甘肃-兰州"】

2024-02-23 00:35:45 开始第 5302 次操作

2024-02-23 00:35:45 开始操作号码 【1775215】
2024-02-23 00:35:51 GSD getOne 第 1 次 等待 3 秒
2024-02-23 00:35:54 查询号码 【1775215】，返回信息 {"status":"ok","msg":"甘肃-武威","gid":"30824","time_insert":"2017-03-25 12:08","time_update":"2020-12-13 05:15"}
2024-02-23 00:35:54 查询号码 【1775215】，GSD为【"甘肃-武威"】

2024-02-23 00:35:55 开始第 5303 次操作

2024-02-23 00:35:55 开始操作号码 【1775216】
2024-02-23 00:36:02 GSD getOne 第 1 次 等待 3 秒
2024-02-23 00:36:05 查询号码 【1775216】，返回信息 {"status":"ok","msg":"甘肃-武威","gid":"253495","time_insert":"2021-07-12 04:37"}
2024-02-23 00:36:05 查询号码 【1775216】，GSD为【"甘肃-武威"】

2024-02-23 00:36:06 开始第 5304 次操作

2024-02-23 00:36:06 开始操作号码 【1775217】
2024-02-23 00:36:11 GSD getOne 第 1 次 等待 3 秒
2024-02-23 00:36:14 查询号码 【1775217】，返回信息 {"status":"ok","msg":"甘肃-武威","gid":"253421","time_insert":"2021-07-12 04:02"}
2024-02-23 00:36:14 查询号码 【1775217】，GSD为【"甘肃-武威"】

2024-02-23 01:07:56 开始第 5305 次操作

2024-02-23 01:07:56 开始操作号码 【1775218】
2024-02-23 01:08:00 GSD getOne 第 1 次 等待 3 秒
2024-02-23 01:08:03 查询号码 【1775218】，返回信息 {"status":"ok","msg":"甘肃-武威","gid":"253417","time_insert":"2021-07-12 04:02"}
2024-02-23 01:08:03 查询号码 【1775218】，GSD为【"甘肃-武威"】

2024-02-23 01:08:04 开始第 5306 次操作

2024-02-23 01:08:04 开始操作号码 【1775219】
2024-02-23 01:08:09 GSD getOne 第 1 次 等待 3 秒
2024-02-23 01:08:12 查询号码 【1775219】，返回信息 {"status":"ok","msg":"甘肃-武威","gid":"253415","time_insert":"2021-07-12 04:01"}
2024-02-23 01:08:12 查询号码 【1775219】，GSD为【"甘肃-武威"】

2024-02-23 01:08:13 开始第 5307 次操作

2024-02-23 01:08:13 开始操作号码 【1775220】
2024-02-23 01:08:18 GSD getOne 第 1 次 等待 3 秒
2024-02-23 01:08:21 查询号码 【1775220】，返回信息 {"status":"ok","msg":"甘肃-张掖","gid":"253414","time_insert":"2021-07-12 04:00"}
2024-02-23 01:08:21 查询号码 【1775220】，GSD为【"甘肃-张掖"】

2024-02-23 01:08:22 开始第 5308 次操作

2024-02-23 01:08:22 开始操作号码 【1775221】
2024-02-23 01:08:27 GSD getOne 第 1 次 等待 3 秒
2024-02-23 01:08:30 查询号码 【1775221】，返回信息 {"status":"ok","msg":"甘肃-张掖","gid":"253411","time_insert":"2021-07-12 03:59"}
2024-02-23 01:08:30 查询号码 【1775221】，GSD为【"甘肃-张掖"】

