2024-11-18 00:13:21 开始第 5549 次操作

2024-11-18 00:13:21 开始操作号码 【1335548】
2024-11-18 00:13:23 GSD getOne 第 1 次 等待 3 秒
2024-11-18 00:13:26 查询号码 【1335548】，返回信息 {"status":"ok","msg":"山东-泰安","gid":"259427","time_insert":"2021-07-12 21:06"}
2024-11-18 00:13:26 查询号码 【1335548】，GSD为【"山东-泰安"】

2024-11-18 00:13:27 开始第 5550 次操作

2024-11-18 00:13:27 开始操作号码 【1335549】
2024-11-18 00:13:28 GSD getOne 第 1 次 等待 3 秒
2024-11-18 00:13:31 查询号码 【1335549】，返回信息 {"status":"ok","msg":"山东-临沂","gid":"259552","time_insert":"2021-07-12 21:16"}
2024-11-18 00:13:31 查询号码 【1335549】，GSD为【"山东-临沂"】

2024-11-18 00:13:32 开始第 5551 次操作

2024-11-18 00:13:32 开始操作号码 【1335550】
2024-11-18 00:13:33 GSD getOne 第 1 次 等待 3 秒
2024-11-18 00:13:36 查询号码 【1335550】，返回信息 {"status":"ok","msg":"安徽-滁州","gid":"259635","time_insert":"2021-07-12 21:27"}
2024-11-18 00:13:36 查询号码 【1335550】，GSD为【"安徽-滁州"】

2024-11-18 00:13:37 开始第 5552 次操作

2024-11-18 00:13:37 开始操作号码 【1335551】
2024-11-18 00:13:38 GSD getOne 第 1 次 等待 3 秒
2024-11-18 00:13:41 查询号码 【1335551】，返回信息 {"status":"ok","msg":"安徽-合肥","gid":"259674","time_insert":"2021-07-12 21:40"}
2024-11-18 00:13:41 查询号码 【1335551】，GSD为【"安徽-合肥"】

2024-11-18 00:40:48 开始第 5553 次操作

2024-11-18 00:40:48 开始操作号码 【1335552】
2024-11-18 00:40:50 GSD getOne 第 1 次 等待 3 秒
2024-11-18 00:40:53 查询号码 【1335552】，返回信息 {"status":"ok","msg":"安徽-蚌埠","gid":"259807","time_insert":"2021-07-12 21:51"}
2024-11-18 00:40:53 查询号码 【1335552】，GSD为【"安徽-蚌埠"】

2024-11-18 00:40:54 开始第 5554 次操作

2024-11-18 00:40:54 开始操作号码 【1335553】
2024-11-18 00:40:55 GSD getOne 第 1 次 等待 3 秒
2024-11-18 00:40:58 查询号码 【1335553】，返回信息 {"status":"ok","msg":"安徽-芜湖","gid":"259952","time_insert":"2021-07-12 22:05"}
2024-11-18 00:40:58 查询号码 【1335553】，GSD为【"安徽-芜湖"】

2024-11-18 00:40:59 开始第 5555 次操作

2024-11-18 00:40:59 开始操作号码 【1335554】
2024-11-18 00:41:00 GSD getOne 第 1 次 等待 3 秒
2024-11-18 00:41:03 查询号码 【1335554】，返回信息 {"status":"ok","msg":"安徽-淮南","gid":"259982","time_insert":"2021-07-12 22:16"}
2024-11-18 00:41:03 查询号码 【1335554】，GSD为【"安徽-淮南"】

2024-11-18 00:41:04 开始第 5556 次操作

2024-11-18 00:41:04 开始操作号码 【1335555】
2024-11-18 00:41:05 GSD getOne 第 1 次 等待 3 秒
2024-11-18 00:41:08 查询号码 【1335555】，返回信息 {"status":"ok","msg":"安徽-马鞍山","gid":"260012","time_insert":"2021-07-12 22:28"}
2024-11-18 00:41:08 查询号码 【1335555】，GSD为【"安徽-马鞍山"】

2024-11-18 01:10:06 开始第 5557 次操作

2024-11-18 01:10:07 开始操作号码 【1335556】
2024-11-18 01:10:08 GSD getOne 第 1 次 等待 3 秒
2024-11-18 01:10:11 查询号码 【1335556】，返回信息 {"status":"ok","msg":"安徽-安庆","gid":"260088","time_insert":"2021-07-12 22:40"}
2024-11-18 01:10:11 查询号码 【1335556】，GSD为【"安徽-安庆"】

2024-11-18 01:10:12 开始第 5558 次操作

2024-11-18 01:10:12 开始操作号码 【1335557】
2024-11-18 01:10:13 GSD getOne 第 1 次 等待 3 秒
2024-11-18 01:10:16 查询号码 【1335557】，返回信息 {"status":"ok","msg":"安徽-宿州","gid":"260253","time_insert":"2021-07-12 22:52"}
2024-11-18 01:10:16 查询号码 【1335557】，GSD为【"安徽-宿州"】

2024-11-18 01:10:17 开始第 5559 次操作

2024-11-18 01:10:17 开始操作号码 【1335558】
2024-11-18 01:10:18 GSD getOne 第 1 次 等待 3 秒
2024-11-18 01:10:21 查询号码 【1335558】，返回信息 {"status":"ok","msg":"安徽-阜阳","gid":"260336","time_insert":"2021-07-12 23:06"}
2024-11-18 01:10:21 查询号码 【1335558】，GSD为【"安徽-阜阳"】

2024-11-18 01:10:22 开始第 5560 次操作

2024-11-18 01:10:22 开始操作号码 【1335559】
2024-11-18 01:10:23 GSD getOne 第 1 次 等待 3 秒
2024-11-18 01:10:26 查询号码 【1335559】，返回信息 {"status":"ok","msg":"安徽-黄山","gid":"260370","time_insert":"2021-07-12 23:19"}
2024-11-18 01:10:26 查询号码 【1335559】，GSD为【"安徽-黄山"】

