2023-12-24 00:09:56 开始第 4961 次操作

2023-12-24 00:09:56 开始操作号码 【1884874】
2023-12-24 00:09:59 GSD getOne 第 1 次 等待 3 秒
2023-12-24 00:10:02 查询号码 【1884874】，返回信息 {"status":"ok","msg":"云南-红河","gid":"44098","time_insert":"2018-12-24 12:33","time_update":"2020-12-07 06:42"}
2023-12-24 00:10:02 查询号码 【1884874】，GSD为【"云南-红河"】

2023-12-24 00:10:03 开始第 4962 次操作

2023-12-24 00:10:03 开始操作号码 【1884875】
2023-12-24 00:10:06 GSD getOne 第 1 次 等待 3 秒
2023-12-24 00:10:09 查询号码 【1884875】，返回信息 {"status":"ok","msg":"云南-红河","gid":"463911","time_insert":"2021-08-01 04:49"}
2023-12-24 00:10:09 查询号码 【1884875】，GSD为【"云南-红河"】

2023-12-24 00:10:10 开始第 4963 次操作

2023-12-24 00:10:10 开始操作号码 【1884876】
2023-12-24 00:10:14 GSD getOne 第 1 次 等待 3 秒
2023-12-24 00:10:17 查询号码 【1884876】，返回信息 {"status":"ok","msg":"云南-红河","gid":"44099","time_insert":"2017-06-11 22:37","time_update":"2020-12-07 06:46"}
2023-12-24 00:10:17 查询号码 【1884876】，GSD为【"云南-红河"】

2023-12-24 00:10:18 开始第 4964 次操作

2023-12-24 00:10:18 开始操作号码 【1884877】
2023-12-24 00:10:21 GSD getOne 第 1 次 等待 3 秒
2023-12-24 00:10:24 查询号码 【1884877】，返回信息 {"status":"ok","msg":"云南-红河","gid":"463898","time_insert":"2021-08-01 04:48"}
2023-12-24 00:10:24 查询号码 【1884877】，GSD为【"云南-红河"】

2023-12-24 00:35:59 开始第 4965 次操作

2023-12-24 00:35:59 开始操作号码 【1884878】
2023-12-24 00:36:02 GSD getOne 第 1 次 等待 3 秒
2023-12-24 00:36:05 查询号码 【1884878】，返回信息 {"status":"ok","msg":"云南-红河","gid":"463890","time_insert":"2021-08-01 04:47"}
2023-12-24 00:36:05 查询号码 【1884878】，GSD为【"云南-红河"】

2023-12-24 00:36:06 开始第 4966 次操作

2023-12-24 00:36:06 开始操作号码 【1884879】
2023-12-24 00:36:09 GSD getOne 第 1 次 等待 3 秒
2023-12-24 00:36:12 查询号码 【1884879】，返回信息 {"status":"ok","msg":"云南-红河","gid":"44100","time_insert":"2018-04-30 20:52","time_update":"2020-12-07 06:51"}
2023-12-24 00:36:12 查询号码 【1884879】，GSD为【"云南-红河"】

2023-12-24 00:36:13 开始第 4967 次操作

2023-12-24 00:36:13 开始操作号码 【1884880】
2023-12-24 00:36:21 GSD getOne 第 1 次 等待 3 秒
2023-12-24 00:36:24 查询号码 【1884880】，返回信息 {"status":"ok","msg":"河南-安阳","gid":"463879","time_insert":"2021-08-01 04:47"}
2023-12-24 00:36:24 查询号码 【1884880】，GSD为【"河南-安阳"】

2023-12-24 00:36:25 开始第 4968 次操作

2023-12-24 00:36:25 开始操作号码 【1884881】
2023-12-24 00:36:29 GSD getOne 第 1 次 等待 3 秒
2023-12-24 00:36:32 查询号码 【1884881】，返回信息 {"status":"ok","msg":"河南-安阳","gid":"463867","time_insert":"2021-08-01 04:46"}
2023-12-24 00:36:32 查询号码 【1884881】，GSD为【"河南-安阳"】

