2024-05-03 00:10:53 开始第 7001 次操作

2024-05-03 00:10:53 开始操作号码 【1666915】
2024-05-03 00:11:01 GSD getOne 第 1 次 等待 3 秒
2024-05-03 00:11:04 查询号码 【1666915】，返回信息 {"status":"ok","msg":"陕西-安康","gid":"175266","time_insert":"2021-07-02 16:56"}
2024-05-03 00:11:04 查询号码 【1666915】，GSD为【"陕西-安康"】

2024-05-03 00:11:05 开始第 7002 次操作

2024-05-03 00:11:05 开始操作号码 【1666916】
2024-05-03 00:11:16 GSD getOne 第 1 次 等待 3 秒
2024-05-03 00:11:19 查询号码 【1666916】，返回信息 {"status":"ok","msg":"陕西-汉中","gid":"175276","time_insert":"2021-07-02 16:57"}
2024-05-03 00:11:19 查询号码 【1666916】，GSD为【"陕西-汉中"】

2024-05-03 00:11:20 开始第 7003 次操作

2024-05-03 00:11:20 开始操作号码 【1666917】
2024-05-03 00:11:29 GSD getOne 第 1 次 等待 3 秒
2024-05-03 00:11:32 查询号码 【1666917】，返回信息 {"status":"ok","msg":"陕西-宝鸡","gid":"175284","time_insert":"2021-07-02 16:57"}
2024-05-03 00:11:32 查询号码 【1666917】，GSD为【"陕西-宝鸡"】

2024-05-03 00:11:33 开始第 7004 次操作

2024-05-03 00:11:33 开始操作号码 【1666918】
2024-05-03 00:11:39 GSD getOne 第 1 次 等待 3 秒
2024-05-03 00:11:42 查询号码 【1666918】，返回信息 {"status":"ok","msg":"陕西-西安","gid":"175292","time_insert":"2021-07-02 16:58"}
2024-05-03 00:11:42 查询号码 【1666918】，GSD为【"陕西-西安"】

