2024-02-14 00:11:20 开始第 3641 次操作

2024-02-14 00:11:20 开始操作号码 【1773554】
2024-02-14 00:11:27 GSD getOne 第 1 次 等待 3 秒
2024-02-14 00:11:30 查询号码 【1773554】，返回信息 {"status":"ok","msg":"山西-长治","gid":"271535","time_insert":"2021-07-14 04:57"}
2024-02-14 00:11:30 查询号码 【1773554】，GSD为【"山西-长治"】

2024-02-14 00:11:31 开始第 3642 次操作

2024-02-14 00:11:31 开始操作号码 【1773555】
2024-02-14 00:11:36 GSD getOne 第 1 次 等待 3 秒
2024-02-14 00:11:39 查询号码 【1773555】，返回信息 {"status":"ok","msg":"山西-长治","gid":"271533","time_insert":"2021-07-14 04:57"}
2024-02-14 00:11:39 查询号码 【1773555】，GSD为【"山西-长治"】

2024-02-14 00:11:40 开始第 3643 次操作

2024-02-14 00:11:40 开始操作号码 【1773556】
2024-02-14 00:11:44 GSD getOne 第 1 次 等待 3 秒
2024-02-14 00:11:47 查询号码 【1773556】，返回信息 {"status":"ok","msg":"山西-长治","gid":"271530","time_insert":"2021-07-14 04:56"}
2024-02-14 00:11:47 查询号码 【1773556】，GSD为【"山西-长治"】

2024-02-14 00:11:48 开始第 3644 次操作

2024-02-14 00:11:48 开始操作号码 【1773557】
2024-02-14 00:11:54 GSD getOne 第 1 次 等待 3 秒
2024-02-14 00:11:57 查询号码 【1773557】，返回信息 {"status":"ok","msg":"山西-太原","gid":"271527","time_insert":"2021-07-14 04:55"}
2024-02-14 00:11:57 查询号码 【1773557】，GSD为【"山西-太原"】

2024-02-14 00:38:06 开始第 3645 次操作

2024-02-14 00:38:06 开始操作号码 【1773558】
2024-02-14 00:38:12 GSD getOne 第 1 次 等待 3 秒
2024-02-14 00:38:15 查询号码 【1773558】，返回信息 {"status":"ok","msg":"山西-长治","gid":"271523","time_insert":"2021-07-14 04:54"}
2024-02-14 00:38:15 查询号码 【1773558】，GSD为【"山西-长治"】

2024-02-14 00:38:16 开始第 3646 次操作

2024-02-14 00:38:16 开始操作号码 【1773559】
2024-02-14 00:38:20 GSD getOne 第 1 次 等待 3 秒
2024-02-14 00:38:23 查询号码 【1773559】，返回信息 {"status":"ok","msg":"山西-长治","gid":"271520","time_insert":"2021-07-14 04:54"}
2024-02-14 00:38:23 查询号码 【1773559】，GSD为【"山西-长治"】

2024-02-14 00:38:24 开始第 3647 次操作

2024-02-14 00:38:24 开始操作号码 【1773560】
2024-02-14 00:38:31 GSD getOne 第 1 次 等待 3 秒
2024-02-14 00:38:34 查询号码 【1773560】，返回信息 {"status":"ok","msg":"山西-晋城","gid":"271516","time_insert":"2021-07-14 04:53"}
2024-02-14 00:38:34 查询号码 【1773560】，GSD为【"山西-晋城"】

2024-02-14 00:38:35 开始第 3648 次操作

2024-02-14 00:38:35 开始操作号码 【1773561】
2024-02-14 00:38:39 GSD getOne 第 1 次 等待 3 秒
2024-02-14 00:38:42 查询号码 【1773561】，返回信息 {"status":"ok","msg":"山西-太原","gid":"271512","time_insert":"2021-07-14 04:52"}
2024-02-14 00:38:42 查询号码 【1773561】，GSD为【"山西-太原"】

