2024-11-24 00:14:31 开始第 6585 次操作

2024-11-24 00:14:31 开始操作号码 【1336584】
2024-11-24 00:14:32 GSD getOne 第 1 次 等待 3 秒
2024-11-24 00:14:35 查询号码 【1336584】，返回信息 {"status":"ok","msg":"湖南-张家界","gid":"292231","time_insert":"2021-07-16 10:47"}
2024-11-24 00:14:35 查询号码 【1336584】，GSD为【"湖南-张家界"】

2024-11-24 00:14:36 开始第 6586 次操作

2024-11-24 00:14:36 开始操作号码 【1336585】
2024-11-24 00:14:38 GSD getOne 第 1 次 等待 3 秒
2024-11-24 00:14:41 查询号码 【1336585】，返回信息 {"status":"ok","msg":"湖南-郴州","gid":"292226","time_insert":"2021-07-16 10:46"}
2024-11-24 00:14:41 查询号码 【1336585】，GSD为【"湖南-郴州"】

2024-11-24 00:14:42 开始第 6587 次操作

2024-11-24 00:14:42 开始操作号码 【1336586】
2024-11-24 00:14:43 GSD getOne 第 1 次 等待 3 秒
2024-11-24 00:14:46 查询号码 【1336586】，返回信息 {"status":"ok","msg":"湖南-永州","gid":"292220","time_insert":"2021-07-16 10:45"}
2024-11-24 00:14:46 查询号码 【1336586】，GSD为【"湖南-永州"】

2024-11-24 00:14:47 开始第 6588 次操作

2024-11-24 00:14:47 开始操作号码 【1336587】
2024-11-24 00:14:48 GSD getOne 第 1 次 等待 3 秒
2024-11-24 00:14:51 查询号码 【1336587】，返回信息 {"status":"ok","msg":"湖南-益阳","gid":"292218","time_insert":"2021-07-16 10:44"}
2024-11-24 00:14:51 查询号码 【1336587】，GSD为【"湖南-益阳"】

