2024-06-23 00:11:47 开始第 2689 次操作

2024-06-23 00:11:47 开始操作号码 【1552602】
2024-06-23 00:12:03 GSD getOne 第 1 次 等待 3 秒
2024-06-23 00:12:06 查询号码 【1552602】，返回信息 {"status":"ok","msg":"湖南-邵阳","gid":"183441","time_insert":"2021-07-03 18:05"}
2024-06-23 00:12:06 查询号码 【1552602】，GSD为【"湖南-邵阳"】

2024-06-23 00:12:07 开始第 2690 次操作

2024-06-23 00:12:07 开始操作号码 【1552603】
2024-06-23 00:12:22 GSD getOne 第 1 次 等待 3 秒
2024-06-23 00:12:25 查询号码 【1552603】，返回信息 {"status":"ok","msg":"湖南-邵阳","gid":"183500","time_insert":"2021-07-03 18:23"}
2024-06-23 00:12:25 查询号码 【1552603】，GSD为【"湖南-邵阳"】

2024-06-23 00:12:26 开始第 2691 次操作

2024-06-23 00:12:26 开始操作号码 【1552604】
2024-06-23 00:12:39 GSD getOne 第 1 次 等待 3 秒
2024-06-23 00:12:42 查询号码 【1552604】，返回信息 {"status":"ok","msg":"湖南-邵阳","gid":"183547","time_insert":"2021-07-03 18:43"}
2024-06-23 00:12:42 查询号码 【1552604】，GSD为【"湖南-邵阳"】

2024-06-23 00:12:43 开始第 2692 次操作

2024-06-23 00:12:43 开始操作号码 【1552605】
2024-06-23 00:13:00 GSD getOne 第 1 次 等待 3 秒
2024-06-23 00:13:03 查询号码 【1552605】，返回信息 {"status":"ok","msg":"湖南-邵阳","gid":"183755","time_insert":"2021-07-03 19:00"}
2024-06-23 00:13:03 查询号码 【1552605】，GSD为【"湖南-邵阳"】

2024-06-23 00:36:43 开始第 2693 次操作

2024-06-23 00:36:43 开始操作号码 【1552606】
2024-06-23 00:36:57 GSD getOne 第 1 次 等待 3 秒
2024-06-23 00:37:00 查询号码 【1552606】，返回信息 {"status":"ok","msg":"湖南-邵阳","gid":"183870","time_insert":"2021-07-03 19:19"}
2024-06-23 00:37:00 查询号码 【1552606】，GSD为【"湖南-邵阳"】

2024-06-23 00:37:01 开始第 2694 次操作

2024-06-23 00:37:01 开始操作号码 【1552607】
2024-06-23 00:37:23 GSD getOne 第 1 次 等待 3 秒
2024-06-23 00:37:26 查询号码 【1552607】，返回信息 {"status":"ok","msg":"湖南-邵阳","gid":"183922","time_insert":"2021-07-03 19:37"}
2024-06-23 00:37:26 查询号码 【1552607】，GSD为【"湖南-邵阳"】

2024-06-23 00:37:27 开始第 2695 次操作

2024-06-23 00:37:27 开始操作号码 【1552608】
2024-06-23 00:38:12 GSD getOne 第 1 次 等待 3 秒
2024-06-23 00:38:15 查询号码 【1552608】，返回信息 {"status":"ok","msg":"湖南-邵阳","gid":"184183","time_insert":"2021-07-03 19:57"}
2024-06-23 00:38:15 查询号码 【1552608】，GSD为【"湖南-邵阳"】

2024-06-23 00:38:16 开始第 2696 次操作

2024-06-23 00:38:16 开始操作号码 【1552609】
2024-06-23 00:38:34 GSD getOne 第 1 次 等待 3 秒
2024-06-23 00:38:37 查询号码 【1552609】，返回信息 {"status":"ok","msg":"湖南-邵阳","gid":"184243","time_insert":"2021-07-03 20:16"}
2024-06-23 00:38:37 查询号码 【1552609】，GSD为【"湖南-邵阳"】

