2024-03-11 00:10:28 开始第 8381 次操作

2024-03-11 00:10:28 开始操作号码 【1778294】
2024-03-11 00:10:34 GSD getOne 第 1 次 等待 3 秒
2024-03-11 00:10:37 查询号码 【1778294】，返回信息 {"status":"ok","msg":"陕西-西安","gid":"221289","time_insert":"2021-07-08 09:44"}
2024-03-11 00:10:37 查询号码 【1778294】，GSD为【"陕西-西安"】

2024-03-11 00:10:38 开始第 8382 次操作

2024-03-11 00:10:38 开始操作号码 【1778295】
2024-03-11 00:10:47 GSD getOne 第 1 次 等待 3 秒
2024-03-11 00:10:50 查询号码 【1778295】，返回信息 {"status":"ok","msg":"陕西-西安","gid":"221286","time_insert":"2021-07-08 09:44"}
2024-03-11 00:10:50 查询号码 【1778295】，GSD为【"陕西-西安"】

2024-03-11 00:10:51 开始第 8383 次操作

2024-03-11 00:10:51 开始操作号码 【1778296】
2024-03-11 00:10:57 GSD getOne 第 1 次 等待 3 秒
2024-03-11 00:11:00 查询号码 【1778296】，返回信息 {"status":"ok","msg":"陕西-西安","gid":"221280","time_insert":"2021-07-08 09:43"}
2024-03-11 00:11:00 查询号码 【1778296】，GSD为【"陕西-西安"】

2024-03-11 00:11:01 开始第 8384 次操作

2024-03-11 00:11:01 开始操作号码 【1778297】
2024-03-11 00:11:05 GSD getOne 第 1 次 等待 3 秒
2024-03-11 00:11:08 查询号码 【1778297】，返回信息 {"status":"ok","msg":"陕西-西安","gid":"221274","time_insert":"2021-07-08 09:43"}
2024-03-11 00:11:08 查询号码 【1778297】，GSD为【"陕西-西安"】

2024-03-11 00:35:08 开始第 8385 次操作

2024-03-11 00:35:08 开始操作号码 【1778298】
2024-03-11 00:35:16 GSD getOne 第 1 次 等待 3 秒
2024-03-11 00:35:19 查询号码 【1778298】，返回信息 {"status":"ok","msg":"陕西-西安","gid":"221267","time_insert":"2021-07-08 09:42"}
2024-03-11 00:35:19 查询号码 【1778298】，GSD为【"陕西-西安"】

2024-03-11 00:35:20 开始第 8386 次操作

2024-03-11 00:35:20 开始操作号码 【1778299】
2024-03-11 00:35:24 GSD getOne 第 1 次 等待 3 秒
2024-03-11 00:35:27 查询号码 【1778299】，返回信息 {"status":"ok","msg":"陕西-西安","gid":"221262","time_insert":"2021-07-08 09:42"}
2024-03-11 00:35:27 查询号码 【1778299】，GSD为【"陕西-西安"】

2024-03-11 00:35:28 开始第 8387 次操作

2024-03-11 00:35:28 开始操作号码 【1778300】
2024-03-11 00:35:32 GSD getOne 第 1 次 等待 3 秒
2024-03-11 00:35:35 查询号码 【1778300】，返回信息 {"status":"ok","msg":"重庆-重庆","gid":"31195","time_insert":"2017-05-30 10:52","time_update":"2021-01-15 01:02"}
2024-03-11 00:35:35 查询号码 【1778300】，GSD为【"重庆-重庆"】

2024-03-11 00:35:36 开始第 8388 次操作

2024-03-11 00:35:36 开始操作号码 【1778301】
2024-03-11 00:35:41 GSD getOne 第 1 次 等待 3 秒
2024-03-11 00:35:44 查询号码 【1778301】，返回信息 {"status":"ok","msg":"重庆-重庆","gid":"31196","time_insert":"2017-03-25 10:42","time_update":"2021-01-15 01:09"}
2024-03-11 00:35:44 查询号码 【1778301】，GSD为【"重庆-重庆"】

