2024-11-03 00:13:08 开始第 2893 次操作

2024-11-03 00:13:08 开始操作号码 【1332892】
2024-11-03 00:13:09 GSD getOne 第 1 次 等待 3 秒
2024-11-03 00:13:12 查询号码 【1332892】，返回信息 {"status":"ok","msg":"福建-三明","gid":"97564","time_insert":"2021-06-15 06:27"}
2024-11-03 00:13:12 查询号码 【1332892】，GSD为【"福建-三明"】

2024-11-03 00:13:13 开始第 2894 次操作

2024-11-03 00:13:13 开始操作号码 【1332893】
2024-11-03 00:13:14 GSD getOne 第 1 次 等待 3 秒
2024-11-03 00:13:17 查询号码 【1332893】，返回信息 {"status":"ok","msg":"福建-宁德","gid":"97591","time_insert":"2021-06-15 06:49"}
2024-11-03 00:13:17 查询号码 【1332893】，GSD为【"福建-宁德"】

2024-11-03 00:13:18 开始第 2895 次操作

2024-11-03 00:13:18 开始操作号码 【1332894】
2024-11-03 00:13:19 GSD getOne 第 1 次 等待 3 秒
2024-11-03 00:13:22 查询号码 【1332894】，返回信息 {"status":"ok","msg":"福建-宁德","gid":"97614","time_insert":"2021-06-15 07:10"}
2024-11-03 00:13:22 查询号码 【1332894】，GSD为【"福建-宁德"】

2024-11-03 00:13:23 开始第 2896 次操作

2024-11-03 00:13:23 开始操作号码 【1332895】
2024-11-03 00:13:24 GSD getOne 第 1 次 等待 3 秒
2024-11-03 00:13:27 查询号码 【1332895】，返回信息 {"status":"ok","msg":"福建-宁德","gid":"97632","time_insert":"2021-06-15 07:27"}
2024-11-03 00:13:27 查询号码 【1332895】，GSD为【"福建-宁德"】

2024-11-03 00:42:15 开始第 2897 次操作

2024-11-03 00:42:15 开始操作号码 【1332896】
2024-11-03 00:42:16 GSD getOne 第 1 次 等待 3 秒
2024-11-03 00:42:19 查询号码 【1332896】，返回信息 {"status":"ok","msg":"福建-泉州","gid":"97662","time_insert":"2021-06-15 07:51"}
2024-11-03 00:42:20 查询号码 【1332896】，GSD为【"福建-泉州"】

2024-11-03 00:42:21 开始第 2898 次操作

2024-11-03 00:42:21 开始操作号码 【1332897】
2024-11-03 00:42:22 GSD getOne 第 1 次 等待 3 秒
2024-11-03 00:42:25 查询号码 【1332897】，返回信息 {"status":"ok","msg":"福建-泉州","gid":"97696","time_insert":"2021-06-15 08:19"}
2024-11-03 00:42:25 查询号码 【1332897】，GSD为【"福建-泉州"】

2024-11-03 00:42:26 开始第 2899 次操作

2024-11-03 00:42:26 开始操作号码 【1332898】
2024-11-03 00:42:27 GSD getOne 第 1 次 等待 3 秒
2024-11-03 00:42:30 查询号码 【1332898】，返回信息 {"status":"ok","msg":"福建-泉州","gid":"97716","time_insert":"2021-06-15 08:40"}
2024-11-03 00:42:30 查询号码 【1332898】，GSD为【"福建-泉州"】

2024-11-03 00:42:31 开始第 2900 次操作

2024-11-03 00:42:31 开始操作号码 【1332899】
2024-11-03 00:42:32 GSD getOne 第 1 次 等待 3 秒
2024-11-03 00:42:35 查询号码 【1332899】，返回信息 {"status":"ok","msg":"福建-泉州","gid":"97736","time_insert":"2021-06-15 08:57"}
2024-11-03 00:42:35 查询号码 【1332899】，GSD为【"福建-泉州"】

