2024-01-29 00:09:18 开始第 697 次操作

2024-01-29 00:09:18 开始操作号码 【1770610】
2024-01-29 00:09:24 GSD getOne 第 1 次 等待 3 秒
2024-01-29 00:09:27 查询号码 【1770610】，返回信息 {"status":"ok","msg":"江苏-镇江","gid":"248561","time_insert":"2021-07-11 13:57"}
2024-01-29 00:09:27 查询号码 【1770610】，GSD为【"江苏-镇江"】

2024-01-29 00:09:28 开始第 698 次操作

2024-01-29 00:09:28 开始操作号码 【1770611】
2024-01-29 00:09:32 GSD getOne 第 1 次 等待 3 秒
2024-01-29 00:09:35 查询号码 【1770611】，返回信息 {"status":"ok","msg":"江苏-常州","gid":"248582","time_insert":"2021-07-11 14:08"}
2024-01-29 00:09:35 查询号码 【1770611】，GSD为【"江苏-常州"】

2024-01-29 00:09:36 开始第 699 次操作

2024-01-29 00:09:36 开始操作号码 【1770612】
2024-01-29 00:09:40 GSD getOne 第 1 次 等待 3 秒
2024-01-29 00:09:43 查询号码 【1770612】，返回信息 {"status":"ok","msg":"江苏-常州","gid":"248617","time_insert":"2021-07-11 14:20"}
2024-01-29 00:09:43 查询号码 【1770612】，GSD为【"江苏-常州"】

2024-01-29 00:09:44 开始第 700 次操作

2024-01-29 00:09:44 开始操作号码 【1770613】
2024-01-29 00:09:48 GSD getOne 第 1 次 等待 3 秒
2024-01-29 00:09:51 查询号码 【1770613】，返回信息 {"status":"ok","msg":"江苏-苏州","gid":"248648","time_insert":"2021-07-11 14:32"}
2024-01-29 00:09:51 查询号码 【1770613】，GSD为【"江苏-苏州"】

2024-01-29 00:32:58 开始第 701 次操作

2024-01-29 00:32:58 开始操作号码 【1770614】
2024-01-29 00:33:02 GSD getOne 第 1 次 等待 3 秒
2024-01-29 00:33:05 查询号码 【1770614】，返回信息 {"status":"ok","msg":"江苏-常州","gid":"248675","time_insert":"2021-07-11 14:43"}
2024-01-29 00:33:05 查询号码 【1770614】，GSD为【"江苏-常州"】

2024-01-29 00:33:06 开始第 702 次操作

2024-01-29 00:33:06 开始操作号码 【1770615】
2024-01-29 00:33:10 GSD getOne 第 1 次 等待 3 秒
2024-01-29 00:33:13 查询号码 【1770615】，返回信息 {"status":"ok","msg":"江苏-无锡","gid":"248784","time_insert":"2021-07-11 14:54"}
2024-01-29 00:33:13 查询号码 【1770615】，GSD为【"江苏-无锡"】

2024-01-29 00:33:14 开始第 703 次操作

2024-01-29 00:33:14 开始操作号码 【1770616】
2024-01-29 00:33:19 GSD getOne 第 1 次 等待 3 秒
2024-01-29 00:33:22 查询号码 【1770616】，返回信息 {"status":"ok","msg":"江苏-无锡","gid":"248925","time_insert":"2021-07-11 15:05"}
2024-01-29 00:33:22 查询号码 【1770616】，GSD为【"江苏-无锡"】

2024-01-29 00:33:23 开始第 704 次操作

2024-01-29 00:33:23 开始操作号码 【1770617】
2024-01-29 00:33:27 GSD getOne 第 1 次 等待 3 秒
2024-01-29 00:33:30 查询号码 【1770617】，返回信息 {"status":"ok","msg":"江苏-无锡","gid":"248978","time_insert":"2021-07-11 15:18"}
2024-01-29 00:33:30 查询号码 【1770617】，GSD为【"江苏-无锡"】

