2023-11-10 00:11:10 开始第 7997 次操作

2023-11-10 00:11:10 开始操作号码 【1987909】
2023-11-10 00:11:17 GSD getOne 第 1 次 等待 3 秒
2023-11-10 00:11:20 查询号码 【1987909】，返回信息 {"status":"ok","msg":"广东-广州","gid":"481793","time_insert":"2021-08-02 18:11"}
2023-11-10 00:11:20 查询号码 【1987909】，GSD为【"广东-广州"】

2023-11-10 00:11:21 开始第 7998 次操作

2023-11-10 00:11:21 开始操作号码 【1987910】
2023-11-10 00:11:28 GSD getOne 第 1 次 等待 3 秒
2023-11-10 00:11:31 查询号码 【1987910】，返回信息 {"status":"ok","msg":"广东-佛山","gid":"481777","time_insert":"2021-08-02 18:10"}
2023-11-10 00:11:31 查询号码 【1987910】，GSD为【"广东-佛山"】

2023-11-10 00:11:32 开始第 7999 次操作

2023-11-10 00:11:32 开始操作号码 【1987911】
2023-11-10 00:11:35 GSD getOne 第 1 次 等待 3 秒
2023-11-10 00:11:38 查询号码 【1987911】，返回信息 {"status":"ok","msg":"广东-东莞","gid":"481763","time_insert":"2021-08-02 18:09"}
2023-11-10 00:11:38 查询号码 【1987911】，GSD为【"广东-东莞"】

2023-11-10 00:11:39 开始第 8000 次操作

2023-11-10 00:11:39 开始操作号码 【1987912】
2023-11-10 00:11:43 GSD getOne 第 1 次 等待 3 秒
2023-11-10 00:11:46 查询号码 【1987912】，返回信息 {"status":"ok","msg":"广东-佛山","gid":"481747","time_insert":"2021-08-02 18:08"}
2023-11-10 00:11:46 查询号码 【1987912】，GSD为【"广东-佛山"】

