2023-11-12 00:09:47 开始第 8361 次操作

2023-11-12 00:09:47 开始操作号码 【1988273】
2023-11-12 00:09:51 GSD getOne 第 1 次 等待 3 秒
2023-11-12 00:09:54 查询号码 【1988273】，返回信息 {"status":"ok","msg":"北京-北京","gid":"477511","time_insert":"2021-08-02 09:47"}
2023-11-12 00:09:54 查询号码 【1988273】，GSD为【"北京-北京"】

2023-11-12 00:09:55 开始第 8362 次操作

2023-11-12 00:09:55 开始操作号码 【1988274】
2023-11-12 00:09:58 GSD getOne 第 1 次 等待 3 秒
2023-11-12 00:10:01 查询号码 【1988274】，返回信息 {"status":"ok","msg":"北京-北京","gid":"477500","time_insert":"2021-08-02 09:46"}
2023-11-12 00:10:01 查询号码 【1988274】，GSD为【"北京-北京"】

2023-11-12 00:10:02 开始第 8363 次操作

2023-11-12 00:10:02 开始操作号码 【1988275】
2023-11-12 00:10:10 GSD getOne 第 1 次 等待 3 秒
2023-11-12 00:10:13 查询号码 【1988275】，返回信息 {"status":"ok","msg":"北京-北京","gid":"477491","time_insert":"2021-08-02 09:45"}
2023-11-12 00:10:13 查询号码 【1988275】，GSD为【"北京-北京"】

2023-11-12 00:10:14 开始第 8364 次操作

2023-11-12 00:10:14 开始操作号码 【1988276】
2023-11-12 00:10:19 GSD getOne 第 1 次 等待 3 秒
2023-11-12 00:10:22 查询号码 【1988276】，返回信息 {"status":"ok","msg":"北京-北京","gid":"477484","time_insert":"2021-08-02 09:45"}
2023-11-12 00:10:22 查询号码 【1988276】，GSD为【"北京-北京"】

2023-11-12 00:34:59 开始第 8365 次操作

2023-11-12 00:34:59 开始操作号码 【1988277】
2023-11-12 00:35:02 GSD getOne 第 1 次 等待 3 秒
2023-11-12 00:35:05 查询号码 【1988277】，返回信息 {"status":"ok","msg":"北京-北京","gid":"477475","time_insert":"2021-08-02 09:44"}
2023-11-12 00:35:05 查询号码 【1988277】，GSD为【"北京-北京"】

2023-11-12 00:35:06 开始第 8366 次操作

2023-11-12 00:35:06 开始操作号码 【1988278】
2023-11-12 00:35:09 GSD getOne 第 1 次 等待 3 秒
2023-11-12 00:35:12 查询号码 【1988278】，返回信息 {"status":"ok","msg":"北京-北京","gid":"477466","time_insert":"2021-08-02 09:44"}
2023-11-12 00:35:12 查询号码 【1988278】，GSD为【"北京-北京"】

2023-11-12 00:35:13 开始第 8367 次操作

2023-11-12 00:35:13 开始操作号码 【1988279】
2023-11-12 00:35:17 GSD getOne 第 1 次 等待 3 秒
2023-11-12 00:35:20 查询号码 【1988279】，返回信息 {"status":"ok","msg":"北京-北京","gid":"477456","time_insert":"2021-08-02 09:43"}
2023-11-12 00:35:20 查询号码 【1988279】，GSD为【"北京-北京"】

2023-11-12 00:35:21 开始第 8368 次操作

2023-11-12 00:35:21 开始操作号码 【1988280】
2023-11-12 00:35:24 GSD getOne 第 1 次 等待 3 秒
2023-11-12 00:35:27 查询号码 【1988280】，返回信息 {"status":"ok","msg":"北京-北京","gid":"477449","time_insert":"2021-08-02 09:42"}
2023-11-12 00:35:27 查询号码 【1988280】，GSD为【"北京-北京"】

