2024-02-18 00:10:15 开始第 4377 次操作

2024-02-18 00:10:15 开始操作号码 【1774290】
2024-02-18 00:10:21 GSD getOne 第 1 次 等待 3 秒
2024-02-18 00:10:24 查询号码 【1774290】，返回信息 {"status":"ok","msg":"辽宁-葫芦岛","gid":"264157","time_insert":"2021-07-13 09:50"}
2024-02-18 00:10:24 查询号码 【1774290】，GSD为【"辽宁-葫芦岛"】

2024-02-18 00:10:25 开始第 4378 次操作

2024-02-18 00:10:25 开始操作号码 【1774291】
2024-02-18 00:10:29 GSD getOne 第 1 次 等待 3 秒
2024-02-18 00:10:32 查询号码 【1774291】，返回信息 {"status":"ok","msg":"辽宁-葫芦岛","gid":"264146","time_insert":"2021-07-13 09:49"}
2024-02-18 00:10:32 查询号码 【1774291】，GSD为【"辽宁-葫芦岛"】

2024-02-18 00:10:33 开始第 4379 次操作

2024-02-18 00:10:33 开始操作号码 【1774292】
2024-02-18 00:10:37 GSD getOne 第 1 次 等待 3 秒
2024-02-18 00:10:40 查询号码 【1774292】，返回信息 {"status":"ok","msg":"辽宁-葫芦岛","gid":"264138","time_insert":"2021-07-13 09:49"}
2024-02-18 00:10:40 查询号码 【1774292】，GSD为【"辽宁-葫芦岛"】

2024-02-18 00:10:41 开始第 4380 次操作

2024-02-18 00:10:41 开始操作号码 【1774293】
2024-02-18 00:10:47 GSD getOne 第 1 次 等待 3 秒
2024-02-18 00:10:50 查询号码 【1774293】，返回信息 {"status":"ok","msg":"辽宁-葫芦岛","gid":"264128","time_insert":"2021-07-13 09:48"}
2024-02-18 00:10:50 查询号码 【1774293】，GSD为【"辽宁-葫芦岛"】

2024-02-18 00:33:21 开始第 4381 次操作

2024-02-18 00:33:21 开始操作号码 【1774294】
2024-02-18 00:33:26 GSD getOne 第 1 次 等待 3 秒
2024-02-18 00:33:29 查询号码 【1774294】，返回信息 {"status":"ok","msg":"辽宁-大连","gid":"264122","time_insert":"2021-07-13 09:48"}
2024-02-18 00:33:29 查询号码 【1774294】，GSD为【"辽宁-大连"】

2024-02-18 00:33:30 开始第 4382 次操作

2024-02-18 00:33:30 开始操作号码 【1774295】
2024-02-18 00:33:35 GSD getOne 第 1 次 等待 3 秒
2024-02-18 00:33:38 查询号码 【1774295】，返回信息 {"status":"ok","msg":"辽宁-大连","gid":"264112","time_insert":"2021-07-13 09:48"}
2024-02-18 00:33:38 查询号码 【1774295】，GSD为【"辽宁-大连"】

2024-02-18 00:33:39 开始第 4383 次操作

2024-02-18 00:33:39 开始操作号码 【1774296】
2024-02-18 00:33:44 GSD getOne 第 1 次 等待 3 秒
2024-02-18 00:33:47 查询号码 【1774296】，返回信息 {"status":"ok","msg":"辽宁-大连","gid":"264107","time_insert":"2021-07-13 09:47"}
2024-02-18 00:33:47 查询号码 【1774296】，GSD为【"辽宁-大连"】

2024-02-18 00:33:48 开始第 4384 次操作

2024-02-18 00:33:48 开始操作号码 【1774297】
2024-02-18 00:33:53 GSD getOne 第 1 次 等待 3 秒
2024-02-18 00:33:56 查询号码 【1774297】，返回信息 {"status":"ok","msg":"辽宁-盘锦","gid":"264098","time_insert":"2021-07-13 09:47"}
2024-02-18 00:33:56 查询号码 【1774297】，GSD为【"辽宁-盘锦"】

2024-02-18 01:08:02 开始第 4385 次操作

2024-02-18 01:08:02 开始操作号码 【1774298】
2024-02-18 01:08:07 GSD getOne 第 1 次 等待 3 秒
2024-02-18 01:08:10 查询号码 【1774298】，返回信息 {"status":"ok","msg":"辽宁-葫芦岛","gid":"264088","time_insert":"2021-07-13 09:47"}
2024-02-18 01:08:11 查询号码 【1774298】，GSD为【"辽宁-葫芦岛"】

2024-02-18 01:08:12 开始第 4386 次操作

2024-02-18 01:08:12 开始操作号码 【1774299】
2024-02-18 01:08:16 GSD getOne 第 1 次 等待 3 秒
2024-02-18 01:08:19 查询号码 【1774299】，返回信息 {"status":"ok","msg":"辽宁-葫芦岛","gid":"264080","time_insert":"2021-07-13 09:46"}
2024-02-18 01:08:19 查询号码 【1774299】，GSD为【"辽宁-葫芦岛"】

2024-02-18 01:08:20 开始第 4387 次操作

2024-02-18 01:08:20 开始操作号码 【1774300】
2024-02-18 01:08:26 GSD getOne 第 1 次 等待 3 秒
2024-02-18 01:08:29 查询号码 【1774300】，返回信息 {"status":"ok","msg":"吉林-长春","gid":"264071","time_insert":"2021-07-13 09:46"}
2024-02-18 01:08:29 查询号码 【1774300】，GSD为【"吉林-长春"】

2024-02-18 01:08:30 开始第 4388 次操作

2024-02-18 01:08:30 开始操作号码 【1774301】
2024-02-18 01:08:35 GSD getOne 第 1 次 等待 3 秒
2024-02-18 01:08:38 查询号码 【1774301】，返回信息 {"status":"ok","msg":"吉林-长春","gid":"264062","time_insert":"2021-07-13 09:45"}
2024-02-18 01:08:38 查询号码 【1774301】，GSD为【"吉林-长春"】

