2024-04-02 00:11:31 开始第 1457 次操作

2024-04-02 00:11:31 开始操作号码 【1661371】
2024-04-02 00:11:38 GSD getOne 第 1 次 等待 3 秒
2024-04-02 00:11:41 查询号码 【1661371】，返回信息 {"status":"ok","msg":"河南-郑州","gid":"121620","time_insert":"2021-06-24 07:51"}
2024-04-02 00:11:41 查询号码 【1661371】，GSD为【"河南-郑州"】

2024-04-02 00:11:42 开始第 1458 次操作

2024-04-02 00:11:42 开始操作号码 【1661372】
2024-04-02 00:11:50 GSD getOne 第 1 次 等待 3 秒
2024-04-02 00:11:53 查询号码 【1661372】，返回信息 {"status":"ok","msg":"河南-安阳","gid":"121624","time_insert":"2021-06-24 07:51"}
2024-04-02 00:11:53 查询号码 【1661372】，GSD为【"河南-安阳"】

2024-04-02 00:11:54 开始第 1459 次操作

2024-04-02 00:11:54 开始操作号码 【1661373】
2024-04-02 00:12:01 GSD getOne 第 1 次 等待 3 秒
2024-04-02 00:12:04 查询号码 【1661373】，返回信息 {"status":"ok","msg":"河南-新乡","gid":"121626","time_insert":"2021-06-24 07:51"}
2024-04-02 00:12:04 查询号码 【1661373】，GSD为【"河南-新乡"】

2024-04-02 00:12:05 开始第 1460 次操作

2024-04-02 00:12:05 开始操作号码 【1661374】
2024-04-02 00:12:10 GSD getOne 第 1 次 等待 3 秒
2024-04-02 00:12:13 查询号码 【1661374】，返回信息 {"status":"ok","msg":"河南-许昌","gid":"121630","time_insert":"2021-06-24 07:52"}
2024-04-02 00:12:13 查询号码 【1661374】，GSD为【"河南-许昌"】

