2024-09-18 00:13:09 开始第 5225 次操作

2024-09-18 00:13:09 开始操作号码 【1445222】
2024-09-18 00:13:17 GSD getOne 第 1 次 等待 3 秒
2024-09-18 00:13:20 查询号码 【1445222】，返回信息 {"status":"ok","msg":"-","gid":"635057","time_insert":"2023-04-05 00:26"}
2024-09-18 00:13:20 查询号码 【1445222】，GSD为【"-"】
2024-09-18 00:13:20 ok && -
2024-09-18 00:13:22 CHB 1445222?1726589600 第 1 次 等待 3 秒
2024-09-18 00:13:25 CHB 1445222?1726589600 第 1 次 获取到号码【1445222】GSD
2024-09-18 00:13:25 未获取到号码【1445222】GSD，可能号码格式错误
2024-09-18 00:13:25 获取到号码【1445222】的GSD为【-】
2024-09-18 00:13:33 GSD insert 第 1 次 等待 3 秒
2024-09-18 00:13:36 {"status":"bad","gid":"635057","msg":"添加失败！号码【1445222(-|-)】已存在！"}
2024-09-18 00:13:36 随机等待 167 秒，约 2 分钟
2024-09-18 00:13:36 下次操作: 2024-09-18 00:16:23

2024-09-18 00:16:23 开始第 5226 次操作

2024-09-18 00:16:23 开始操作号码 【1445223】
2024-09-18 00:16:32 GSD getOne 第 1 次 等待 3 秒
2024-09-18 00:16:35 查询号码 【1445223】，返回信息 {"status":"ok","msg":"-","gid":"635067","time_insert":"2023-04-05 00:35"}
2024-09-18 00:16:35 查询号码 【1445223】，GSD为【"-"】
2024-09-18 00:16:35 ok && -
2024-09-18 00:16:37 CHB 1445223?1726589795 第 1 次 等待 3 秒
2024-09-18 00:16:40 CHB 1445223?1726589795 第 1 次 获取到号码【1445223】GSD
2024-09-18 00:16:40 未获取到号码【1445223】GSD，可能号码格式错误
2024-09-18 00:16:40 获取到号码【1445223】的GSD为【-】
2024-09-18 00:16:48 GSD insert 第 1 次 等待 3 秒
2024-09-18 00:16:51 {"status":"bad","gid":"635067","msg":"添加失败！号码【1445223(-|-)】已存在！"}
2024-09-18 00:16:51 随机等待 166 秒，约 2 分钟
2024-09-18 00:16:51 下次操作: 2024-09-18 00:19:37

2024-09-18 00:19:37 开始第 5227 次操作

2024-09-18 00:19:37 开始操作号码 【1445224】
2024-09-18 00:19:46 GSD getOne 第 1 次 等待 3 秒
2024-09-18 00:19:49 查询号码 【1445224】，返回信息 {"status":"ok","msg":"-","gid":"635099","time_insert":"2023-04-05 00:54"}
2024-09-18 00:19:49 查询号码 【1445224】，GSD为【"-"】
2024-09-18 00:19:49 ok && -
2024-09-18 00:19:51 CHB 1445224?1726589989 第 1 次 等待 3 秒
2024-09-18 00:19:54 CHB 1445224?1726589989 第 1 次 获取到号码【1445224】GSD
2024-09-18 00:19:54 未获取到号码【1445224】GSD，可能号码格式错误
2024-09-18 00:19:54 获取到号码【1445224】的GSD为【-】
2024-09-18 00:20:03 GSD insert 第 1 次 等待 3 秒
2024-09-18 00:20:06 {"status":"bad","gid":"635099","msg":"添加失败！号码【1445224(-|-)】已存在！"}
2024-09-18 00:20:06 随机等待 84 秒，约 1 分钟
2024-09-18 00:20:06 下次操作: 2024-09-18 00:21:30

2024-09-18 00:21:30 开始第 5228 次操作

2024-09-18 00:21:30 开始操作号码 【1445225】
2024-09-18 00:21:41 GSD getOne 第 1 次 等待 3 秒
2024-09-18 00:21:44 查询号码 【1445225】，返回信息 {"status":"ok","msg":"-","gid":"635127","time_insert":"2023-04-05 01:14"}
2024-09-18 00:21:44 查询号码 【1445225】，GSD为【"-"】
2024-09-18 00:21:44 ok && -
2024-09-18 00:21:45 CHB 1445225?1726590104 第 1 次 等待 3 秒
2024-09-18 00:21:48 CHB 1445225?1726590104 第 1 次 获取到号码【1445225】GSD
2024-09-18 00:21:48 未获取到号码【1445225】GSD，可能号码格式错误
2024-09-18 00:21:48 获取到号码【1445225】的GSD为【-】
2024-09-18 00:22:00 GSD insert 第 1 次 等待 3 秒
2024-09-18 00:22:03 {"status":"bad","gid":"635127","msg":"添加失败！号码【1445225(-|-)】已存在！"}

