2024-01-25 00:12:20 开始第 87 次操作
2024-01-25 00:12:20 号码【188（0000 ---> 9999）】处理完毕
2024-01-25 00:38:26 开始第 87 次操作
2024-01-25 00:38:26 号码【188（0000 ---> 9999）】处理完毕
2024-01-25 01:08:33 开始第 87 次操作
2024-01-25 01:08:33 号码【188（0000 ---> 9999）】处理完毕
2024-01-25 01:33:19 开始第 87 次操作
2024-01-25 01:33:19 号码【188（0000 ---> 9999）】处理完毕
2024-01-25 02:11:51 开始第 87 次操作
2024-01-25 02:11:51 号码【188（0000 ---> 9999）】处理完毕
2024-01-25 02:34:29 开始第 87 次操作
2024-01-25 02:34:29 号码【188（0000 ---> 9999）】处理完毕
2024-01-25 03:08:03 开始第 87 次操作
2024-01-25 03:08:03 号码【188（0000 ---> 9999）】处理完毕
2024-01-25 03:33:10 开始第 87 次操作
2024-01-25 03:33:10 号码【188（0000 ---> 9999）】处理完毕
2024-01-25 04:10:16 开始第 87 次操作
2024-01-25 04:10:16 号码【188（0000 ---> 9999）】处理完毕
2024-01-25 04:33:29 开始第 87 次操作
2024-01-25 04:33:29 号码【188（0000 ---> 9999）】处理完毕
2024-01-25 05:08:18 开始第 87 次操作
2024-01-25 05:08:18 号码【188（0000 ---> 9999）】处理完毕
2024-01-25 05:33:32 开始第 87 次操作
2024-01-25 05:33:32 号码【188（0000 ---> 9999）】处理完毕
2024-01-25 06:08:49 开始第 87 次操作
2024-01-25 06:08:49 号码【188（0000 ---> 9999）】处理完毕
2024-01-25 06:34:45 开始第 87 次操作
2024-01-25 06:34:45 号码【188（0000 ---> 9999）】处理完毕
2024-01-25 07:09:09 开始第 87 次操作
2024-01-25 07:09:09 号码【188（0000 ---> 9999）】处理完毕
2024-01-25 07:33:33 开始第 87 次操作
2024-01-25 07:33:33 号码【188（0000 ---> 9999）】处理完毕
2024-01-25 08:43:39 开始第 87 次操作
2024-01-25 08:43:39 号码【188（0000 ---> 9999）】处理完毕
2024-01-25 09:55:23 开始第 87 次操作
2024-01-25 09:55:23 号码【188（0000 ---> 9999）】处理完毕
2024-01-25 10:26:58 开始第 87 次操作
2024-01-25 10:26:58 号码【188（0000 ---> 9999）】处理完毕
2024-01-25 10:43:58 开始第 87 次操作
2024-01-25 10:43:58 号码【188（0000 ---> 9999）】处理完毕
2024-01-25 11:10:06 开始第 87 次操作
2024-01-25 11:10:06 号码【188（0000 ---> 9999）】处理完毕
2024-01-25 11:33:49 开始第 87 次操作
2024-01-25 11:33:49 号码【188（0000 ---> 9999）】处理完毕
2024-01-25 12:11:59 开始第 87 次操作
2024-01-25 12:11:59 号码【188（0000 ---> 9999）】处理完毕
2024-01-25 12:36:10 开始第 87 次操作
2024-01-25 12:36:10 号码【188（0000 ---> 9999）】处理完毕
2024-01-25 13:09:06 开始第 87 次操作
2024-01-25 13:09:06 号码【188（0000 ---> 9999）】处理完毕
2024-01-25 13:33:46 开始第 87 次操作
2024-01-25 13:33:46 号码【188（0000 ---> 9999）】处理完毕
2024-01-25 14:12:36 开始第 87 次操作
2024-01-25 14:12:36 号码【188（0000 ---> 9999）】处理完毕
2024-01-25 14:36:17 开始第 87 次操作
2024-01-25 14:36:17 号码【188（0000 ---> 9999）】处理完毕
2024-01-25 15:08:52 开始第 87 次操作
2024-01-25 15:08:52 号码【188（0000 ---> 9999）】处理完毕
2024-01-25 15:33:08 开始第 87 次操作
2024-01-25 15:33:08 号码【188（0000 ---> 9999）】处理完毕
2024-01-25 16:12:23 开始第 87 次操作
2024-01-25 16:12:23 号码【188（0000 ---> 9999）】处理完毕
2024-01-25 16:35:34 开始第 87 次操作
2024-01-25 16:35:34 号码【188（0000 ---> 9999）】处理完毕
2024-01-25 16:44:15 开始第 87 次操作

2024-01-25 16:44:15 开始操作号码 【1770000】
2024-01-25 16:44:39 GSD getOne 第 1 次 等待 3 秒
2024-01-25 16:44:42 查询号码 【1770000】，返回信息 {"status":"ok","msg":"-","gid":"204547","time_insert":"2021-07-06 08:44"}
2024-01-25 16:44:42 查询号码 【1770000】，GSD为【"-"】
2024-01-25 16:44:42 ok && -
2024-01-25 16:44:44 CHB 1770000?1706172282 第 1 次 等待 3 秒
2024-01-25 16:44:47 CHB 1770000?1706172282 第 1 次 获取到号码【1770000】GSD
2024-01-25 16:44:47 未获取到号码【1770000】GSD，可能号码格式错误
2024-01-25 16:44:47 获取到号码【1770000】的GSD为【-】
2024-01-25 16:45:11 GSD insert 第 1 次 等待 3 秒
2024-01-25 16:45:14 {"status":"bad","gid":"204547","msg":"添加失败！号码【1770000(-|-)】已存在！"}
2024-01-25 16:45:14 随机等待 163 秒，约 2 分钟
2024-01-25 16:45:14 下次操作: 2024-01-25 16:47:57

2024-01-25 16:47:57 开始第 88 次操作

2024-01-25 16:47:57 开始操作号码 【1770001】
2024-01-25 16:48:20 GSD getOne 第 1 次 等待 3 秒
2024-01-25 16:48:23 查询号码 【1770001】，返回信息 {"status":"ok","msg":"-","gid":"204556","time_insert":"2021-07-06 08:49"}
2024-01-25 16:48:23 查询号码 【1770001】，GSD为【"-"】
2024-01-25 16:48:23 ok && -
2024-01-25 16:48:26 CHB 1770001?1706172503 第 1 次 等待 3 秒
2024-01-25 16:48:29 CHB 1770001?1706172503 第 1 次 获取到号码【1770001】GSD
2024-01-25 16:48:29 未获取到号码【1770001】GSD，可能号码格式错误
2024-01-25 16:48:29 获取到号码【1770001】的GSD为【-】
2024-01-25 16:48:52 GSD insert 第 1 次 等待 3 秒
2024-01-25 16:48:55 {"status":"bad","gid":"204556","msg":"添加失败！号码【1770001(-|-)】已存在！"}

2024-01-25 17:09:37 开始第 89 次操作

2024-01-25 17:09:37 开始操作号码 【1770002】
2024-01-25 17:10:02 GSD getOne 第 1 次 等待 3 秒
2024-01-25 17:10:05 查询号码 【1770002】，返回信息 {"status":"ok","msg":"-","gid":"204587","time_insert":"2021-07-06 09:01"}
2024-01-25 17:10:05 查询号码 【1770002】，GSD为【"-"】
2024-01-25 17:10:05 ok && -
2024-01-25 17:10:09 CHB 1770002?1706173805 第 1 次 等待 3 秒
2024-01-25 17:10:12 CHB 1770002?1706173805 第 1 次 获取到号码【1770002】GSD
2024-01-25 17:10:12 未获取到号码【1770002】GSD，可能号码格式错误
2024-01-25 17:10:12 获取到号码【1770002】的GSD为【-】
2024-01-25 17:10:36 GSD insert 第 1 次 等待 3 秒
2024-01-25 17:10:39 {"status":"bad","gid":"204587","msg":"添加失败！号码【1770002(-|-)】已存在！"}
2024-01-25 17:10:39 随机等待 131 秒，约 2 分钟
2024-01-25 17:10:39 下次操作: 2024-01-25 17:12:50

2024-01-25 17:12:50 开始第 90 次操作

2024-01-25 17:12:50 开始操作号码 【1770003】
2024-01-25 17:13:13 GSD getOne 第 1 次 等待 3 秒
2024-01-25 17:13:16 查询号码 【1770003】，返回信息 {"status":"ok","msg":"-","gid":"204633","time_insert":"2021-07-06 09:15"}
2024-01-25 17:13:16 查询号码 【1770003】，GSD为【"-"】
2024-01-25 17:13:16 ok && -
2024-01-25 17:13:19 CHB 1770003?1706173996 第 1 次 等待 3 秒
2024-01-25 17:13:22 CHB 1770003?1706173996 第 1 次 获取到号码【1770003】GSD
2024-01-25 17:13:22 未获取到号码【1770003】GSD，可能号码格式错误
2024-01-25 17:13:22 获取到号码【1770003】的GSD为【-】
2024-01-25 17:13:45 GSD insert 第 1 次 等待 3 秒
2024-01-25 17:13:48 {"status":"bad","gid":"204633","msg":"添加失败！号码【1770003(-|-)】已存在！"}
2024-01-25 17:13:48 随机等待 182 秒，约 3 分钟
2024-01-25 17:13:48 下次操作: 2024-01-25 17:16:50

2024-01-25 17:16:50 开始第 91 次操作

2024-01-25 17:16:50 开始操作号码 【1770004】
2024-01-25 17:17:14 GSD getOne 第 1 次 等待 3 秒
2024-01-25 17:17:17 查询号码 【1770004】，返回信息 {"status":"ok","msg":"-","gid":"204652","time_insert":"2021-07-06 09:27"}
2024-01-25 17:17:17 查询号码 【1770004】，GSD为【"-"】
2024-01-25 17:17:17 ok && -
2024-01-25 17:17:19 CHB 1770004?1706174237 第 1 次 等待 3 秒
2024-01-25 17:17:22 CHB 1770004?1706174237 第 1 次 获取到号码【1770004】GSD
2024-01-25 17:17:22 未获取到号码【1770004】GSD，可能号码格式错误
2024-01-25 17:17:22 获取到号码【1770004】的GSD为【-】
2024-01-25 17:17:46 GSD insert 第 1 次 等待 3 秒
2024-01-25 17:17:49 {"status":"bad","gid":"204652","msg":"添加失败！号码【1770004(-|-)】已存在！"}
2024-01-25 17:17:49 随机等待 197 秒，约 3 分钟
2024-01-25 17:17:49 下次操作: 2024-01-25 17:21:06

2024-01-25 17:21:06 开始第 92 次操作

2024-01-25 17:21:06 开始操作号码 【1770005】
2024-01-25 17:21:30 GSD getOne 第 1 次 等待 3 秒
2024-01-25 17:21:33 查询号码 【1770005】，返回信息 {"status":"ok","msg":"-","gid":"204679","time_insert":"2021-07-06 09:40"}
2024-01-25 17:21:33 查询号码 【1770005】，GSD为【"-"】
2024-01-25 17:21:33 ok && -
2024-01-25 17:21:35 CHB 1770005?1706174493 第 1 次 等待 3 秒
2024-01-25 17:21:38 CHB 1770005?1706174493 第 1 次 获取到号码【1770005】GSD
2024-01-25 17:21:39 未获取到号码【1770005】GSD，可能号码格式错误
2024-01-25 17:21:39 获取到号码【1770005】的GSD为【-】
2024-01-25 17:22:02 GSD insert 第 1 次 等待 3 秒
2024-01-25 17:22:05 {"status":"bad","gid":"204679","msg":"添加失败！号码【1770005(-|-)】已存在！"}

