2024-04-17 00:11:50 开始第 4057 次操作

2024-04-17 00:11:50 开始操作号码 【1663971】
2024-04-17 00:11:55 GSD getOne 第 1 次 等待 3 秒
2024-04-17 00:11:58 查询号码 【1663971】，返回信息 {"status":"ok","msg":"河南-驻马店","gid":"143588","time_insert":"2021-06-28 03:02"}
2024-04-17 00:11:58 查询号码 【1663971】，GSD为【"河南-驻马店"】

2024-04-17 00:11:59 开始第 4058 次操作

2024-04-17 00:11:59 开始操作号码 【1663972】
2024-04-17 00:12:03 GSD getOne 第 1 次 等待 3 秒
2024-04-17 00:12:06 查询号码 【1663972】，返回信息 {"status":"ok","msg":"河南-驻马店","gid":"143595","time_insert":"2021-06-28 03:03"}
2024-04-17 00:12:06 查询号码 【1663972】，GSD为【"河南-驻马店"】

2024-04-17 00:12:07 开始第 4059 次操作

2024-04-17 00:12:07 开始操作号码 【1663973】
2024-04-17 00:12:12 GSD getOne 第 1 次 等待 3 秒
2024-04-17 00:12:15 查询号码 【1663973】，返回信息 {"status":"ok","msg":"河南-驻马店","gid":"143604","time_insert":"2021-06-28 03:03"}
2024-04-17 00:12:15 查询号码 【1663973】，GSD为【"河南-驻马店"】

2024-04-17 00:12:16 开始第 4060 次操作

2024-04-17 00:12:16 开始操作号码 【1663974】
2024-04-17 00:12:21 GSD getOne 第 1 次 等待 3 秒
2024-04-17 00:12:24 查询号码 【1663974】，返回信息 {"status":"ok","msg":"河南-驻马店","gid":"143607","time_insert":"2021-06-28 03:03"}
2024-04-17 00:12:24 查询号码 【1663974】，GSD为【"河南-驻马店"】

