2023-12-23 00:10:38 开始第 4777 次操作

2023-12-23 00:10:38 开始操作号码 【1884690】
2023-12-23 00:10:42 GSD getOne 第 1 次 等待 3 秒
2023-12-23 00:10:45 查询号码 【1884690】，返回信息 {"status":"ok","msg":"黑龙江-双鸭山","gid":"465966","time_insert":"2021-08-01 10:01"}
2023-12-23 00:10:45 查询号码 【1884690】，GSD为【"黑龙江-双鸭山"】

2023-12-23 00:10:46 开始第 4778 次操作

2023-12-23 00:10:46 开始操作号码 【1884691】
2023-12-23 00:10:49 GSD getOne 第 1 次 等待 3 秒
2023-12-23 00:10:52 查询号码 【1884691】，返回信息 {"status":"ok","msg":"黑龙江-哈尔滨","gid":"465957","time_insert":"2021-08-01 10:00"}
2023-12-23 00:10:52 查询号码 【1884691】，GSD为【"黑龙江-哈尔滨"】

2023-12-23 00:10:53 开始第 4779 次操作

2023-12-23 00:10:53 开始操作号码 【1884692】
2023-12-23 00:10:57 GSD getOne 第 1 次 等待 3 秒
2023-12-23 00:11:00 查询号码 【1884692】，返回信息 {"status":"ok","msg":"黑龙江-哈尔滨","gid":"465946","time_insert":"2021-08-01 09:59"}
2023-12-23 00:11:00 查询号码 【1884692】，GSD为【"黑龙江-哈尔滨"】

2023-12-23 00:11:01 开始第 4780 次操作

2023-12-23 00:11:01 开始操作号码 【1884693】
2023-12-23 00:11:04 GSD getOne 第 1 次 等待 3 秒
2023-12-23 00:11:07 查询号码 【1884693】，返回信息 {"status":"ok","msg":"黑龙江-哈尔滨","gid":"465936","time_insert":"2021-08-01 09:59"}
2023-12-23 00:11:07 查询号码 【1884693】，GSD为【"黑龙江-哈尔滨"】

