2024-03-13 00:11:33 开始第 8749 次操作

2024-03-13 00:11:33 开始操作号码 【1778662】
2024-03-13 00:11:37 GSD getOne 第 1 次 等待 3 秒
2024-03-13 00:11:40 查询号码 【1778662】，返回信息 {"status":"ok","msg":"湖北-黄冈","gid":"218334","time_insert":"2021-07-08 01:10"}
2024-03-13 00:11:40 查询号码 【1778662】，GSD为【"湖北-黄冈"】

2024-03-13 00:11:41 开始第 8750 次操作

2024-03-13 00:11:41 开始操作号码 【1778663】
2024-03-13 00:11:47 GSD getOne 第 1 次 等待 3 秒
2024-03-13 00:11:50 查询号码 【1778663】，返回信息 {"status":"ok","msg":"湖北-黄冈","gid":"218329","time_insert":"2021-07-08 01:10"}
2024-03-13 00:11:50 查询号码 【1778663】，GSD为【"湖北-黄冈"】

2024-03-13 00:11:51 开始第 8751 次操作

2024-03-13 00:11:51 开始操作号码 【1778664】
2024-03-13 00:11:55 GSD getOne 第 1 次 等待 3 秒
2024-03-13 00:11:58 查询号码 【1778664】，返回信息 {"status":"ok","msg":"湖北-黄冈","gid":"218067","time_insert":"2021-07-08 00:07"}
2024-03-13 00:11:58 查询号码 【1778664】，GSD为【"湖北-黄冈"】

2024-03-13 00:11:59 开始第 8752 次操作

2024-03-13 00:11:59 开始操作号码 【1778665】
2024-03-13 00:12:04 GSD getOne 第 1 次 等待 3 秒
2024-03-13 00:12:07 查询号码 【1778665】，返回信息 {"status":"ok","msg":"湖北-黄冈","gid":"218063","time_insert":"2021-07-08 00:06"}
2024-03-13 00:12:07 查询号码 【1778665】，GSD为【"湖北-黄冈"】

2024-03-13 00:35:32 开始第 8753 次操作

2024-03-13 00:35:32 开始操作号码 【1778666】
2024-03-13 00:35:37 GSD getOne 第 1 次 等待 3 秒
2024-03-13 00:35:40 查询号码 【1778666】，返回信息 {"status":"ok","msg":"湖北-荆州","gid":"218059","time_insert":"2021-07-08 00:06"}
2024-03-13 00:35:40 查询号码 【1778666】，GSD为【"湖北-荆州"】

2024-03-13 00:35:41 开始第 8754 次操作

2024-03-13 00:35:41 开始操作号码 【1778667】
2024-03-13 00:35:46 GSD getOne 第 1 次 等待 3 秒
2024-03-13 00:35:49 查询号码 【1778667】，返回信息 {"status":"ok","msg":"湖北-荆州","gid":"218057","time_insert":"2021-07-08 00:05"}
2024-03-13 00:35:49 查询号码 【1778667】，GSD为【"湖北-荆州"】

2024-03-13 00:35:50 开始第 8755 次操作

2024-03-13 00:35:50 开始操作号码 【1778668】
2024-03-13 00:35:55 GSD getOne 第 1 次 等待 3 秒
2024-03-13 00:35:58 查询号码 【1778668】，返回信息 {"status":"ok","msg":"湖北-十堰","gid":"218049","time_insert":"2021-07-08 00:05","time_update":"2021-08-06 23:35"}
2024-03-13 00:35:58 查询号码 【1778668】，GSD为【"湖北-十堰"】

2024-03-13 00:35:59 开始第 8756 次操作

2024-03-13 00:35:59 开始操作号码 【1778669】
2024-03-13 00:36:03 GSD getOne 第 1 次 等待 3 秒
2024-03-13 00:36:06 查询号码 【1778669】，返回信息 {"status":"ok","msg":"湖北-十堰","gid":"218042","time_insert":"2021-07-08 00:04"}
2024-03-13 00:36:06 查询号码 【1778669】，GSD为【"湖北-十堰"】

