2024-07-10 00:12:48 开始第 5773 次操作

2024-07-10 00:12:48 开始操作号码 【1555682】
2024-07-10 00:12:56 GSD getOne 第 1 次 等待 3 秒
2024-07-10 00:12:59 查询号码 【1555682】，返回信息 {"status":"ok","msg":"安徽-阜阳","gid":"420184","time_insert":"2021-07-28 03:06"}
2024-07-10 00:12:59 查询号码 【1555682】，GSD为【"安徽-阜阳"】

2024-07-10 00:13:00 开始第 5774 次操作

2024-07-10 00:13:00 开始操作号码 【1555683】
2024-07-10 00:13:09 GSD getOne 第 1 次 等待 3 秒
2024-07-10 00:13:12 查询号码 【1555683】，返回信息 {"status":"ok","msg":"安徽-阜阳","gid":"420168","time_insert":"2021-07-28 03:06"}
2024-07-10 00:13:12 查询号码 【1555683】，GSD为【"安徽-阜阳"】

2024-07-10 00:13:13 开始第 5775 次操作

2024-07-10 00:13:13 开始操作号码 【1555684】
2024-07-10 00:13:22 GSD getOne 第 1 次 等待 3 秒
2024-07-10 00:13:25 查询号码 【1555684】，返回信息 {"status":"ok","msg":"安徽-阜阳","gid":"420155","time_insert":"2021-07-28 03:05"}
2024-07-10 00:13:25 查询号码 【1555684】，GSD为【"安徽-阜阳"】

2024-07-10 00:13:26 开始第 5776 次操作

2024-07-10 00:13:26 开始操作号码 【1555685】
2024-07-10 00:13:36 GSD getOne 第 1 次 等待 3 秒
2024-07-10 00:13:39 查询号码 【1555685】，返回信息 {"status":"ok","msg":"安徽-阜阳","gid":"420140","time_insert":"2021-07-28 03:04"}
2024-07-10 00:13:39 查询号码 【1555685】，GSD为【"安徽-阜阳"】

