2024-11-17 00:14:48 开始第 5377 次操作

2024-11-17 00:14:48 开始操作号码 【1335376】
2024-11-17 00:14:49 GSD getOne 第 1 次 等待 3 秒
2024-11-17 00:14:52 查询号码 【1335376】，返回信息 {"status":"ok","msg":"河南-信阳","gid":"53190","time_insert":"2020-08-14 13:53"}
2024-11-17 00:14:52 查询号码 【1335376】，GSD为【"河南-信阳"】

2024-11-17 00:14:53 开始第 5378 次操作

2024-11-17 00:14:53 开始操作号码 【1335377】
2024-11-17 00:14:54 GSD getOne 第 1 次 等待 3 秒
2024-11-17 00:14:57 查询号码 【1335377】，返回信息 {"status":"ok","msg":"河南-南阳","gid":"247577","time_insert":"2021-07-11 11:42"}
2024-11-17 00:14:57 查询号码 【1335377】，GSD为【"河南-南阳"】

2024-11-17 00:14:58 开始第 5379 次操作

2024-11-17 00:14:58 开始操作号码 【1335378】
2024-11-17 00:14:59 GSD getOne 第 1 次 等待 3 秒
2024-11-17 00:15:02 查询号码 【1335378】，返回信息 {"status":"ok","msg":"河南-开封","gid":"53191","time_insert":"2020-03-02 11:41"}
2024-11-17 00:15:02 查询号码 【1335378】，GSD为【"河南-开封"】

2024-11-17 00:15:03 开始第 5380 次操作

2024-11-17 00:15:03 开始操作号码 【1335379】
2024-11-17 00:15:05 GSD getOne 第 1 次 等待 3 秒
2024-11-17 00:15:08 查询号码 【1335379】，返回信息 {"status":"ok","msg":"河南-洛阳","gid":"247793","time_insert":"2021-07-11 11:55"}
2024-11-17 00:15:08 查询号码 【1335379】，GSD为【"河南-洛阳"】

2024-11-17 00:42:48 开始第 5381 次操作

2024-11-17 00:42:48 开始操作号码 【1335380】
2024-11-17 00:42:50 GSD getOne 第 1 次 等待 3 秒
2024-11-17 00:42:53 查询号码 【1335380】，返回信息 {"status":"ok","msg":"河南-郑州","gid":"3347","time_insert":"2018-05-18 23:04","time_update":"2020-09-14 08:57"}
2024-11-17 00:42:53 查询号码 【1335380】，GSD为【"河南-郑州"】

2024-11-17 00:42:54 开始第 5382 次操作

2024-11-17 00:42:54 开始操作号码 【1335381】
2024-11-17 00:42:55 GSD getOne 第 1 次 等待 3 秒
2024-11-17 00:42:58 查询号码 【1335381】，返回信息 {"status":"ok","msg":"河南-开封","gid":"247887","time_insert":"2021-07-11 12:11"}
2024-11-17 00:42:58 查询号码 【1335381】，GSD为【"河南-开封"】

2024-11-17 00:42:59 开始第 5383 次操作

2024-11-17 00:42:59 开始操作号码 【1335382】
2024-11-17 00:43:01 GSD getOne 第 1 次 等待 3 秒
2024-11-17 00:43:04 查询号码 【1335382】，返回信息 {"status":"ok","msg":"河南-开封","gid":"247915","time_insert":"2021-07-11 12:25"}
2024-11-17 00:43:04 查询号码 【1335382】，GSD为【"河南-开封"】

2024-11-17 00:43:05 开始第 5384 次操作

2024-11-17 00:43:05 开始操作号码 【1335383】
2024-11-17 00:43:06 GSD getOne 第 1 次 等待 3 秒
2024-11-17 00:43:09 查询号码 【1335383】，返回信息 {"status":"ok","msg":"河南-开封","gid":"247934","time_insert":"2021-07-11 12:36"}
2024-11-17 00:43:09 查询号码 【1335383】，GSD为【"河南-开封"】

2024-11-17 01:09:52 开始第 5385 次操作

2024-11-17 01:09:52 开始操作号码 【1335384】
2024-11-17 01:09:54 GSD getOne 第 1 次 等待 3 秒
2024-11-17 01:09:57 查询号码 【1335384】，返回信息 {"status":"ok","msg":"河南-周口","gid":"247958","time_insert":"2021-07-11 12:46"}
2024-11-17 01:09:57 查询号码 【1335384】，GSD为【"河南-周口"】

2024-11-17 01:09:58 开始第 5386 次操作

2024-11-17 01:09:58 开始操作号码 【1335385】
2024-11-17 01:09:59 GSD getOne 第 1 次 等待 3 秒
2024-11-17 01:10:02 查询号码 【1335385】，返回信息 {"status":"ok","msg":"河南-周口","gid":"248207","time_insert":"2021-07-11 13:00"}
2024-11-17 01:10:02 查询号码 【1335385】，GSD为【"河南-周口"】

2024-11-17 01:10:03 开始第 5387 次操作

2024-11-17 01:10:03 开始操作号码 【1335386】
2024-11-17 01:10:04 GSD getOne 第 1 次 等待 3 秒
2024-11-17 01:10:07 查询号码 【1335386】，返回信息 {"status":"ok","msg":"河南-周口","gid":"248262","time_insert":"2021-07-11 13:10"}
2024-11-17 01:10:07 查询号码 【1335386】，GSD为【"河南-周口"】

2024-11-17 01:10:08 开始第 5388 次操作

2024-11-17 01:10:08 开始操作号码 【1335387】
2024-11-17 01:10:09 GSD getOne 第 1 次 等待 3 秒
2024-11-17 01:10:12 查询号码 【1335387】，返回信息 {"status":"ok","msg":"河南-驻马店","gid":"248285","time_insert":"2021-07-11 13:21"}
2024-11-17 01:10:12 查询号码 【1335387】，GSD为【"河南-驻马店"】

2024-11-17 01:35:11 开始第 5389 次操作

2024-11-17 01:35:11 开始操作号码 【1335388】
2024-11-17 01:35:13 GSD getOne 第 1 次 等待 3 秒
2024-11-17 01:35:16 查询号码 【1335388】，返回信息 {"status":"ok","msg":"河南-驻马店","gid":"3348","time_insert":"2017-10-20 00:00","time_update":"2020-09-14 05:42"}
2024-11-17 01:35:16 查询号码 【1335388】，GSD为【"河南-驻马店"】

2024-11-17 01:35:17 开始第 5390 次操作

2024-11-17 01:35:17 开始操作号码 【1335389】
2024-11-17 01:35:18 GSD getOne 第 1 次 等待 3 秒
2024-11-17 01:35:21 查询号码 【1335389】，返回信息 {"status":"ok","msg":"河南-驻马店","gid":"248317","time_insert":"2021-07-11 13:33"}
2024-11-17 01:35:21 查询号码 【1335389】，GSD为【"河南-驻马店"】

2024-11-17 01:35:22 开始第 5391 次操作

2024-11-17 01:35:22 开始操作号码 【1335390】
2024-11-17 01:35:24 GSD getOne 第 1 次 等待 3 秒
2024-11-17 01:35:27 查询号码 【1335390】，返回信息 {"status":"ok","msg":"河南-洛阳","gid":"248481","time_insert":"2021-07-11 13:45"}
2024-11-17 01:35:27 查询号码 【1335390】，GSD为【"河南-洛阳"】

2024-11-17 01:35:28 开始第 5392 次操作

2024-11-17 01:35:28 开始操作号码 【1335391】
2024-11-17 01:35:29 GSD getOne 第 1 次 等待 3 秒
2024-11-17 01:35:32 查询号码 【1335391】，返回信息 {"status":"ok","msg":"河南-焦作","gid":"248563","time_insert":"2021-07-11 13:57"}
2024-11-17 01:35:32 查询号码 【1335391】，GSD为【"河南-焦作"】

2024-11-17 02:14:40 开始第 5393 次操作

2024-11-17 02:14:40 开始操作号码 【1335392】
2024-11-17 02:14:41 GSD getOne 第 1 次 等待 3 秒
2024-11-17 02:14:44 查询号码 【1335392】，返回信息 {"status":"ok","msg":"河南-鹤壁","gid":"248583","time_insert":"2021-07-11 14:08"}
2024-11-17 02:14:44 查询号码 【1335392】，GSD为【"河南-鹤壁"】

2024-11-17 02:14:45 开始第 5394 次操作

2024-11-17 02:14:45 开始操作号码 【1335393】
2024-11-17 02:14:46 GSD getOne 第 1 次 等待 3 秒
2024-11-17 02:14:49 查询号码 【1335393】，返回信息 {"status":"ok","msg":"河南-濮阳","gid":"53192","time_insert":"2021-03-31 09:50"}
2024-11-17 02:14:49 查询号码 【1335393】，GSD为【"河南-濮阳"】

2024-11-17 02:14:50 开始第 5395 次操作

2024-11-17 02:14:50 开始操作号码 【1335394】
2024-11-17 02:14:51 GSD getOne 第 1 次 等待 3 秒
2024-11-17 02:14:54 查询号码 【1335394】，返回信息 {"status":"ok","msg":"河南-周口","gid":"248618","time_insert":"2021-07-11 14:21"}
2024-11-17 02:14:54 查询号码 【1335394】，GSD为【"河南-周口"】

2024-11-17 02:14:55 开始第 5396 次操作

2024-11-17 02:14:55 开始操作号码 【1335395】
2024-11-17 02:14:56 GSD getOne 第 1 次 等待 3 秒
2024-11-17 02:14:59 查询号码 【1335395】，返回信息 {"status":"ok","msg":"河南-漯河","gid":"248649","time_insert":"2021-07-11 14:32"}
2024-11-17 02:14:59 查询号码 【1335395】，GSD为【"河南-漯河"】

2024-11-17 02:40:21 开始第 5397 次操作

2024-11-17 02:40:21 开始操作号码 【1335396】
2024-11-17 02:40:22 GSD getOne 第 1 次 等待 3 秒
2024-11-17 02:40:25 查询号码 【1335396】，返回信息 {"status":"ok","msg":"河南-驻马店","gid":"248677","time_insert":"2021-07-11 14:43"}
2024-11-17 02:40:25 查询号码 【1335396】，GSD为【"河南-驻马店"】

2024-11-17 02:40:27 开始第 5398 次操作

2024-11-17 02:40:27 开始操作号码 【1335397】
2024-11-17 02:40:27 GSD getOne 第 1 次 等待 3 秒
2024-11-17 02:40:30 查询号码 【1335397】，返回信息 {"status":"ok","msg":"河南-洛阳","gid":"248823","time_insert":"2021-07-11 14:57"}
2024-11-17 02:40:30 查询号码 【1335397】，GSD为【"河南-洛阳"】

2024-11-17 02:40:31 开始第 5399 次操作

2024-11-17 02:40:31 开始操作号码 【1335398】
2024-11-17 02:40:32 GSD getOne 第 1 次 等待 3 秒
2024-11-17 02:40:35 查询号码 【1335398】，返回信息 {"status":"ok","msg":"河南-三门峡","gid":"248947","time_insert":"2021-07-11 15:09"}
2024-11-17 02:40:35 查询号码 【1335398】，GSD为【"河南-三门峡"】

2024-11-17 02:40:36 开始第 5400 次操作

2024-11-17 02:40:36 开始操作号码 【1335399】
2024-11-17 02:40:37 GSD getOne 第 1 次 等待 3 秒
2024-11-17 02:40:40 查询号码 【1335399】，返回信息 {"status":"ok","msg":"河南-洛阳","gid":"248984","time_insert":"2021-07-11 15:21"}
2024-11-17 02:40:40 查询号码 【1335399】，GSD为【"河南-洛阳"】

2024-11-17 03:08:57 开始第 5401 次操作

2024-11-17 03:08:57 开始操作号码 【1335400】
2024-11-17 03:08:58 GSD getOne 第 1 次 等待 3 秒
2024-11-17 03:09:01 查询号码 【1335400】，返回信息 {"status":"ok","msg":"辽宁-大连","gid":"249012","time_insert":"2021-07-11 15:33","time_update":"2021-07-11 17:49"}
2024-11-17 03:09:01 查询号码 【1335400】，GSD为【"辽宁-大连"】

2024-11-17 03:09:02 开始第 5402 次操作

2024-11-17 03:09:02 开始操作号码 【1335401】
2024-11-17 03:09:03 GSD getOne 第 1 次 等待 3 秒
2024-11-17 03:09:06 查询号码 【1335401】，返回信息 {"status":"ok","msg":"辽宁-大连","gid":"249193","time_insert":"2021-07-11 15:45"}
2024-11-17 03:09:06 查询号码 【1335401】，GSD为【"辽宁-大连"】

2024-11-17 03:09:07 开始第 5403 次操作

2024-11-17 03:09:07 开始操作号码 【1335402】
2024-11-17 03:09:08 GSD getOne 第 1 次 等待 3 秒
2024-11-17 03:09:11 查询号码 【1335402】，返回信息 {"status":"ok","msg":"辽宁-大连","gid":"249308","time_insert":"2021-07-11 15:58"}
2024-11-17 03:09:11 查询号码 【1335402】，GSD为【"辽宁-大连"】

2024-11-17 03:09:12 开始第 5404 次操作

2024-11-17 03:09:12 开始操作号码 【1335403】
2024-11-17 03:09:13 GSD getOne 第 1 次 等待 3 秒
2024-11-17 03:09:16 查询号码 【1335403】，返回信息 {"status":"ok","msg":"辽宁-大连","gid":"249339","time_insert":"2021-07-11 16:11"}
2024-11-17 03:09:16 查询号码 【1335403】，GSD为【"辽宁-大连"】

2024-11-17 03:34:21 开始第 5405 次操作

2024-11-17 03:34:21 开始操作号码 【1335404】
2024-11-17 03:34:22 GSD getOne 第 1 次 等待 3 秒
2024-11-17 03:34:25 查询号码 【1335404】，返回信息 {"status":"ok","msg":"辽宁-大连","gid":"3349","time_insert":"2019-02-08 20:20","time_update":"2020-08-21 02:36"}
2024-11-17 03:34:25 查询号码 【1335404】，GSD为【"辽宁-大连"】

2024-11-17 03:34:26 开始第 5406 次操作

2024-11-17 03:34:26 开始操作号码 【1335405】
2024-11-17 03:34:27 GSD getOne 第 1 次 等待 3 秒
2024-11-17 03:34:30 查询号码 【1335405】，返回信息 {"status":"ok","msg":"辽宁-大连","gid":"249372","time_insert":"2021-07-11 16:28"}
2024-11-17 03:34:30 查询号码 【1335405】，GSD为【"辽宁-大连"】

2024-11-17 03:34:31 开始第 5407 次操作

2024-11-17 03:34:31 开始操作号码 【1335406】
2024-11-17 03:34:32 GSD getOne 第 1 次 等待 3 秒
2024-11-17 03:34:35 查询号码 【1335406】，返回信息 {"status":"ok","msg":"辽宁-大连","gid":"249402","time_insert":"2021-07-11 16:39"}
2024-11-17 03:34:35 查询号码 【1335406】，GSD为【"辽宁-大连"】

2024-11-17 03:34:36 开始第 5408 次操作

2024-11-17 03:34:36 开始操作号码 【1335407】
2024-11-17 03:34:37 GSD getOne 第 1 次 等待 3 秒
2024-11-17 03:34:40 查询号码 【1335407】，返回信息 {"status":"ok","msg":"辽宁-大连","gid":"249628","time_insert":"2021-07-11 16:54"}
2024-11-17 03:34:40 查询号码 【1335407】，GSD为【"辽宁-大连"】

