2024-12-14 00:15:41 开始第 9997 次操作

2024-12-14 00:15:41 开始操作号码 【1339996】
2024-12-14 00:15:42 GSD getOne 第 1 次 等待 3 秒
2024-12-14 00:15:45 查询号码 【1339996】，返回信息 {"status":"ok","msg":"新疆-库尔勒","gid":"254994","time_insert":"2021-07-12 08:46"}
2024-12-14 00:15:45 查询号码 【1339996】，GSD为【"新疆-库尔勒"】

2024-12-14 00:15:46 开始第 9998 次操作

2024-12-14 00:15:46 开始操作号码 【1339997】
2024-12-14 00:15:47 GSD getOne 第 1 次 等待 3 秒
2024-12-14 00:15:50 查询号码 【1339997】，返回信息 {"status":"ok","msg":"新疆-阿克苏","gid":"254991","time_insert":"2021-07-12 08:45"}
2024-12-14 00:15:50 查询号码 【1339997】，GSD为【"新疆-阿克苏"】

2024-12-14 00:15:51 开始第 9999 次操作

2024-12-14 00:15:51 开始操作号码 【1339998】
2024-12-14 00:15:53 GSD getOne 第 1 次 等待 3 秒
2024-12-14 00:15:56 查询号码 【1339998】，返回信息 {"status":"ok","msg":"新疆-喀什","gid":"3792","time_insert":"2018-02-22 13:31","time_update":"2020-12-24 18:23"}
2024-12-14 00:15:56 查询号码 【1339998】，GSD为【"新疆-喀什"】

2024-12-14 00:15:57 开始第 10000 次操作

2024-12-14 00:15:57 开始操作号码 【1339999】
2024-12-14 00:15:58 GSD getOne 第 1 次 等待 3 秒
2024-12-14 00:16:01 查询号码 【1339999】，返回信息 {"status":"ok","msg":"新疆-伊犁","gid":"254989","time_insert":"2021-07-12 08:44"}
2024-12-14 00:16:01 查询号码 【1339999】，GSD为【"新疆-伊犁"】

2024-12-14 01:11:42 开始第 1 次操作
2024-12-14 01:11:42 号码【133（0000 ---> 9999）】处理完毕
2024-12-14 01:38:04 开始第 1 次操作
2024-12-14 01:38:04 号码【133（0000 ---> 9999）】处理完毕
2024-12-14 02:17:36 开始第 1 次操作
2024-12-14 02:17:36 号码【133（0000 ---> 9999）】处理完毕
2024-12-14 02:44:26 开始第 1 次操作
2024-12-14 02:44:26 号码【133（0000 ---> 9999）】处理完毕
2024-12-14 03:10:17 开始第 1 次操作
2024-12-14 03:10:17 号码【133（0000 ---> 9999）】处理完毕
2024-12-14 03:34:58 开始第 1 次操作
2024-12-14 03:34:58 号码【133（0000 ---> 9999）】处理完毕
2024-12-14 04:14:15 开始第 1 次操作
2024-12-14 04:14:15 号码【133（0000 ---> 9999）】处理完毕
2024-12-14 04:38:26 开始第 1 次操作
2024-12-14 04:38:26 号码【133（0000 ---> 9999）】处理完毕
2024-12-14 05:11:34 开始第 1 次操作
2024-12-14 05:11:34 号码【133（0000 ---> 9999）】处理完毕
2024-12-14 05:35:43 开始第 1 次操作
2024-12-14 05:35:43 号码【133（0000 ---> 9999）】处理完毕
2024-12-14 06:11:53 开始第 1 次操作
2024-12-14 06:11:53 号码【133（0000 ---> 9999）】处理完毕
2024-12-14 06:40:01 开始第 1 次操作
2024-12-14 06:40:01 号码【133（0000 ---> 9999）】处理完毕
2024-12-14 07:12:21 开始第 1 次操作
2024-12-14 07:12:21 号码【133（0000 ---> 9999）】处理完毕
2024-12-14 07:36:26 开始第 1 次操作
2024-12-14 07:36:26 号码【133（0000 ---> 9999）】处理完毕
2024-12-14 09:01:12 开始第 1 次操作
2024-12-14 09:01:12 号码【133（0000 ---> 9999）】处理完毕
2024-12-14 10:41:10 开始第 1 次操作
2024-12-14 10:41:10 号码【133（0000 ---> 9999）】处理完毕
2024-12-14 11:25:56 开始第 1 次操作
2024-12-14 11:25:56 号码【133（0000 ---> 9999）】处理完毕
2024-12-14 11:47:23 开始第 1 次操作
2024-12-14 11:47:23 号码【133（0000 ---> 9999）】处理完毕
2024-12-14 12:15:19 开始第 1 次操作
2024-12-14 12:15:19 号码【133（0000 ---> 9999）】处理完毕
2024-12-14 12:40:46 开始第 1 次操作
2024-12-14 12:40:46 号码【133（0000 ---> 9999）】处理完毕
2024-12-14 13:11:58 开始第 1 次操作
2024-12-14 13:11:58 号码【133（0000 ---> 9999）】处理完毕
