2024-05-06 00:11:05 开始第 7553 次操作

2024-05-06 00:11:05 开始操作号码 【1667467】
2024-05-06 00:11:13 GSD getOne 第 1 次 等待 3 秒
2024-05-06 00:11:16 查询号码 【1667467】，返回信息 {"status":"ok","msg":"湖南-永州","gid":"181509","time_insert":"2021-07-03 13:09"}
2024-05-06 00:11:16 查询号码 【1667467】，GSD为【"湖南-永州"】

2024-05-06 00:11:17 开始第 7554 次操作

2024-05-06 00:11:17 开始操作号码 【1667468】
2024-05-06 00:11:23 GSD getOne 第 1 次 等待 3 秒
2024-05-06 00:11:27 查询号码 【1667468】，返回信息 {"status":"ok","msg":"湖南-永州","gid":"181517","time_insert":"2021-07-03 13:10"}
2024-05-06 00:11:27 查询号码 【1667468】，GSD为【"湖南-永州"】

2024-05-06 00:11:28 开始第 7555 次操作

2024-05-06 00:11:28 开始操作号码 【1667469】
2024-05-06 00:11:35 GSD getOne 第 1 次 等待 3 秒
2024-05-06 00:11:38 查询号码 【1667469】，返回信息 {"status":"ok","msg":"湖南-永州","gid":"181528","time_insert":"2021-07-03 13:11"}
2024-05-06 00:11:38 查询号码 【1667469】，GSD为【"湖南-永州"】

2024-05-06 00:11:39 开始第 7556 次操作

2024-05-06 00:11:39 开始操作号码 【1667470】
2024-05-06 00:11:48 GSD getOne 第 1 次 等待 3 秒
2024-05-06 00:11:51 查询号码 【1667470】，返回信息 {"status":"ok","msg":"湖南-衡阳","gid":"181537","time_insert":"2021-07-03 13:11"}
2024-05-06 00:11:51 查询号码 【1667470】，GSD为【"湖南-衡阳"】

