2024-02-04 00:10:50 开始第 1801 次操作

2024-02-04 00:10:50 开始操作号码 【1771714】
2024-02-04 00:10:55 GSD getOne 第 1 次 等待 3 秒
2024-02-04 00:10:58 查询号码 【1771714】，返回信息 {"status":"ok","msg":"河北-廊坊","gid":"293401","time_insert":"2021-07-16 13:30","time_update":"2021-07-17 06:48"}
2024-02-04 00:10:58 查询号码 【1771714】，GSD为【"河北-廊坊"】

2024-02-04 00:10:59 开始第 1802 次操作

2024-02-04 00:10:59 开始操作号码 【1771715】
2024-02-04 00:11:05 GSD getOne 第 1 次 等待 3 秒
2024-02-04 00:11:08 查询号码 【1771715】，返回信息 {"status":"ok","msg":"河北-秦皇岛","gid":"293396","time_insert":"2021-07-16 13:29","time_update":"2021-07-17 06:59"}
2024-02-04 00:11:08 查询号码 【1771715】，GSD为【"河北-秦皇岛"】

2024-02-04 00:11:09 开始第 1803 次操作

2024-02-04 00:11:09 开始操作号码 【1771716】
2024-02-04 00:11:13 GSD getOne 第 1 次 等待 3 秒
2024-02-04 00:11:16 查询号码 【1771716】，返回信息 {"status":"ok","msg":"河北-邯郸","gid":"293390","time_insert":"2021-07-16 13:28","time_update":"2021-07-17 07:14"}
2024-02-04 00:11:17 查询号码 【1771716】，GSD为【"河北-邯郸"】

2024-02-04 00:11:18 开始第 1804 次操作

2024-02-04 00:11:18 开始操作号码 【1771717】
2024-02-04 00:11:22 GSD getOne 第 1 次 等待 3 秒
2024-02-04 00:11:25 查询号码 【1771717】，返回信息 {"status":"ok","msg":"河北-保定","gid":"293385","time_insert":"2021-07-16 13:27","time_update":"2021-07-17 07:26"}
2024-02-04 00:11:26 查询号码 【1771717】，GSD为【"河北-保定"】

