2024-03-01 00:10:12 开始第 6585 次操作

2024-03-01 00:10:12 开始操作号码 【1776498】
2024-03-01 00:10:17 GSD getOne 第 1 次 等待 3 秒
2024-03-01 00:10:20 查询号码 【1776498】，返回信息 {"status":"ok","msg":"四川-成都","gid":"239498","time_insert":"2021-07-10 12:56"}
2024-03-01 00:10:20 查询号码 【1776498】，GSD为【"四川-成都"】

2024-03-01 00:10:21 开始第 6586 次操作

2024-03-01 00:10:21 开始操作号码 【1776499】
2024-03-01 00:10:28 GSD getOne 第 1 次 等待 3 秒
2024-03-01 00:10:31 查询号码 【1776499】，返回信息 {"status":"ok","msg":"四川-甘孜","gid":"239492","time_insert":"2021-07-10 12:56"}
2024-03-01 00:10:31 查询号码 【1776499】，GSD为【"四川-甘孜"】

2024-03-01 00:10:32 开始第 6587 次操作

2024-03-01 00:10:32 开始操作号码 【1776500】
2024-03-01 00:10:36 GSD getOne 第 1 次 等待 3 秒
2024-03-01 00:10:39 查询号码 【1776500】，返回信息 {"status":"ok","msg":"陕西-西安","gid":"239484","time_insert":"2021-07-10 12:55"}
2024-03-01 00:10:39 查询号码 【1776500】，GSD为【"陕西-西安"】

2024-03-01 00:10:40 开始第 6588 次操作

2024-03-01 00:10:40 开始操作号码 【1776501】
2024-03-01 00:10:45 GSD getOne 第 1 次 等待 3 秒
2024-03-01 00:10:48 查询号码 【1776501】，返回信息 {"status":"ok","msg":"陕西-西安","gid":"239478","time_insert":"2021-07-10 12:55"}
2024-03-01 00:10:48 查询号码 【1776501】，GSD为【"陕西-西安"】

2024-03-01 00:33:53 开始第 6589 次操作

2024-03-01 00:33:53 开始操作号码 【1776502】
2024-03-01 00:34:02 GSD getOne 第 1 次 等待 3 秒
2024-03-01 00:34:05 查询号码 【1776502】，返回信息 {"status":"ok","msg":"陕西-西安","gid":"239472","time_insert":"2021-07-10 12:54"}
2024-03-01 00:34:05 查询号码 【1776502】，GSD为【"陕西-西安"】

2024-03-01 00:34:06 开始第 6590 次操作

2024-03-01 00:34:06 开始操作号码 【1776503】
2024-03-01 00:34:14 GSD getOne 第 1 次 等待 3 秒
2024-03-01 00:34:17 查询号码 【1776503】，返回信息 {"status":"ok","msg":"陕西-西安","gid":"239468","time_insert":"2021-07-10 12:54"}
2024-03-01 00:34:17 查询号码 【1776503】，GSD为【"陕西-西安"】

2024-03-01 00:34:18 开始第 6591 次操作

2024-03-01 00:34:18 开始操作号码 【1776504】
2024-03-01 00:34:23 GSD getOne 第 1 次 等待 3 秒
2024-03-01 00:34:26 查询号码 【1776504】，返回信息 {"status":"ok","msg":"陕西-西安","gid":"239463","time_insert":"2021-07-10 12:54"}
2024-03-01 00:34:26 查询号码 【1776504】，GSD为【"陕西-西安"】

2024-03-01 00:34:27 开始第 6592 次操作

2024-03-01 00:34:27 开始操作号码 【1776505】
2024-03-01 00:34:33 GSD getOne 第 1 次 等待 3 秒
2024-03-01 00:34:36 查询号码 【1776505】，返回信息 {"status":"ok","msg":"陕西-西安","gid":"239458","time_insert":"2021-07-10 12:53"}
2024-03-01 00:34:36 查询号码 【1776505】，GSD为【"陕西-西安"】

