2024-01-11 00:11:51 开始第 8265 次操作

2024-01-11 00:11:51 开始操作号码 【1888178】
2024-01-11 00:11:54 GSD getOne 第 1 次 等待 3 秒
2024-01-11 00:11:57 查询号码 【1888178】，返回信息 {"status":"ok","msg":"四川-南充","gid":"44544","time_insert":"2019-06-23 13:00","time_update":"2020-11-14 00:12"}
2024-01-11 00:11:57 查询号码 【1888178】，GSD为【"四川-南充"】

2024-01-11 00:11:58 开始第 8266 次操作

2024-01-11 00:11:58 开始操作号码 【1888179】
2024-01-11 00:12:01 GSD getOne 第 1 次 等待 3 秒
2024-01-11 00:12:04 查询号码 【1888179】，返回信息 {"status":"ok","msg":"四川-南充","gid":"44545","time_insert":"2018-06-19 20:04","time_update":"2020-11-14 00:16"}
2024-01-11 00:12:04 查询号码 【1888179】，GSD为【"四川-南充"】

2024-01-11 00:12:05 开始第 8267 次操作

2024-01-11 00:12:05 开始操作号码 【1888180】
2024-01-11 00:12:08 GSD getOne 第 1 次 等待 3 秒
2024-01-11 00:12:11 查询号码 【1888180】，返回信息 {"status":"ok","msg":"四川-达州","gid":"44546","time_insert":"2016-09-29 15:58","time_update":"2020-11-14 00:20"}
2024-01-11 00:12:11 查询号码 【1888180】，GSD为【"四川-达州"】

2024-01-11 00:12:12 开始第 8268 次操作

2024-01-11 00:12:12 开始操作号码 【1888181】
2024-01-11 00:12:15 GSD getOne 第 1 次 等待 3 秒
2024-01-11 00:12:18 查询号码 【1888181】，返回信息 {"status":"ok","msg":"四川-达州","gid":"44547","time_insert":"2014-05-13 22:54","time_update":"2020-11-14 00:24"}
2024-01-11 00:12:18 查询号码 【1888181】，GSD为【"四川-达州"】

2024-01-11 00:37:29 开始第 8269 次操作

2024-01-11 00:37:29 开始操作号码 【1888182】
2024-01-11 00:37:35 GSD getOne 第 1 次 等待 3 秒
2024-01-11 00:37:38 查询号码 【1888182】，返回信息 {"status":"ok","msg":"四川-达州","gid":"44548","time_insert":"2017-03-24 10:25","time_update":"2021-01-19 17:36"}
2024-01-11 00:37:38 查询号码 【1888182】，GSD为【"四川-达州"】

2024-01-11 00:37:39 开始第 8270 次操作

2024-01-11 00:37:39 开始操作号码 【1888183】
2024-01-11 00:37:42 GSD getOne 第 1 次 等待 3 秒
2024-01-11 00:37:45 查询号码 【1888183】，返回信息 {"status":"ok","msg":"四川-达州","gid":"44549","time_insert":"2015-03-07 09:48","time_update":"2020-11-14 00:28"}
2024-01-11 00:37:45 查询号码 【1888183】，GSD为【"四川-达州"】

2024-01-11 00:37:46 开始第 8271 次操作

2024-01-11 00:37:46 开始操作号码 【1888184】
2024-01-11 00:37:50 GSD getOne 第 1 次 等待 3 秒
2024-01-11 00:37:53 查询号码 【1888184】，返回信息 {"status":"ok","msg":"四川-达州","gid":"44550","time_insert":"2015-11-12 09:58","time_update":"2020-11-14 00:33"}
2024-01-11 00:37:53 查询号码 【1888184】，GSD为【"四川-达州"】

2024-01-11 00:37:54 开始第 8272 次操作

2024-01-11 00:37:54 开始操作号码 【1888185】
2024-01-11 00:37:58 GSD getOne 第 1 次 等待 3 秒
2024-01-11 00:38:01 查询号码 【1888185】，返回信息 {"status":"ok","msg":"四川-达州","gid":"44551","time_insert":"2017-02-02 22:28","time_update":"2020-11-14 00:36"}
2024-01-11 00:38:01 查询号码 【1888185】，GSD为【"四川-达州"】

