2024-10-30 00:15:16 开始第 2185 次操作

2024-10-30 00:15:16 开始操作号码 【1332184】
2024-10-30 00:15:17 GSD getOne 第 1 次 等待 3 秒
2024-10-30 00:15:20 查询号码 【1332184】，返回信息 {"status":"ok","msg":"上海-上海","gid":"80289","time_insert":"2021-06-04 22:25"}
2024-10-30 00:15:20 查询号码 【1332184】，GSD为【"上海-上海"】

2024-10-30 00:15:21 开始第 2186 次操作

2024-10-30 00:15:21 开始操作号码 【1332185】
2024-10-30 00:15:22 GSD getOne 第 1 次 等待 3 秒
2024-10-30 00:15:25 查询号码 【1332185】，返回信息 {"status":"ok","msg":"上海-上海","gid":"80314","time_insert":"2021-06-04 22:53"}
2024-10-30 00:15:25 查询号码 【1332185】，GSD为【"上海-上海"】

2024-10-30 00:15:26 开始第 2187 次操作

2024-10-30 00:15:26 开始操作号码 【1332186】
2024-10-30 00:15:27 GSD getOne 第 1 次 等待 3 秒
2024-10-30 00:15:30 查询号码 【1332186】，返回信息 {"status":"ok","msg":"上海-上海","gid":"80334","time_insert":"2021-06-04 23:15"}
2024-10-30 00:15:31 查询号码 【1332186】，GSD为【"上海-上海"】

2024-10-30 00:15:32 开始第 2188 次操作

2024-10-30 00:15:32 开始操作号码 【1332187】
2024-10-30 00:15:33 GSD getOne 第 1 次 等待 3 秒
2024-10-30 00:15:36 查询号码 【1332187】，返回信息 {"status":"ok","msg":"上海-上海","gid":"80361","time_insert":"2021-06-04 23:41"}
2024-10-30 00:15:36 查询号码 【1332187】，GSD为【"上海-上海"】

2024-10-30 00:43:42 开始第 2189 次操作

2024-10-30 00:43:42 开始操作号码 【1332188】
2024-10-30 00:43:44 GSD getOne 第 1 次 等待 3 秒
2024-10-30 00:43:47 查询号码 【1332188】，返回信息 {"status":"ok","msg":"上海-上海","gid":"80388","time_insert":"2021-06-05 00:09"}
2024-10-30 00:43:47 查询号码 【1332188】，GSD为【"上海-上海"】

2024-10-30 00:43:48 开始第 2190 次操作

2024-10-30 00:43:48 开始操作号码 【1332189】
2024-10-30 00:43:49 GSD getOne 第 1 次 等待 3 秒
2024-10-30 00:43:52 查询号码 【1332189】，返回信息 {"status":"ok","msg":"上海-上海","gid":"80408","time_insert":"2021-06-05 00:26"}
2024-10-30 00:43:52 查询号码 【1332189】，GSD为【"上海-上海"】

2024-10-30 00:43:53 开始第 2191 次操作

2024-10-30 00:43:53 开始操作号码 【1332190】
2024-10-30 00:43:54 GSD getOne 第 1 次 等待 3 秒
2024-10-30 00:43:57 查询号码 【1332190】，返回信息 {"status":"ok","msg":"上海-上海","gid":"80431","time_insert":"2021-06-05 00:51"}
2024-10-30 00:43:57 查询号码 【1332190】，GSD为【"上海-上海"】

2024-10-30 00:43:58 开始第 2192 次操作

2024-10-30 00:43:58 开始操作号码 【1332191】
2024-10-30 00:43:59 GSD getOne 第 1 次 等待 3 秒
2024-10-30 00:44:02 查询号码 【1332191】，返回信息 {"status":"ok","msg":"上海-上海","gid":"80458","time_insert":"2021-06-05 01:13"}
2024-10-30 00:44:02 查询号码 【1332191】，GSD为【"上海-上海"】

2024-10-30 01:11:05 开始第 2193 次操作

2024-10-30 01:11:05 开始操作号码 【1332192】
2024-10-30 01:11:06 GSD getOne 第 1 次 等待 3 秒
2024-10-30 01:11:09 查询号码 【1332192】，返回信息 {"status":"ok","msg":"上海-上海","gid":"80484","time_insert":"2021-06-05 01:41"}
2024-10-30 01:11:09 查询号码 【1332192】，GSD为【"上海-上海"】

2024-10-30 01:11:10 开始第 2194 次操作

2024-10-30 01:11:10 开始操作号码 【1332193】
2024-10-30 01:11:11 GSD getOne 第 1 次 等待 3 秒
2024-10-30 01:11:14 查询号码 【1332193】，返回信息 {"status":"ok","msg":"上海-上海","gid":"80510","time_insert":"2021-06-05 02:09"}
2024-10-30 01:11:14 查询号码 【1332193】，GSD为【"上海-上海"】

2024-10-30 01:11:15 开始第 2195 次操作

2024-10-30 01:11:15 开始操作号码 【1332194】
2024-10-30 01:11:17 GSD getOne 第 1 次 等待 3 秒
2024-10-30 01:11:20 查询号码 【1332194】，返回信息 {"status":"ok","msg":"上海-上海","gid":"80533","time_insert":"2021-06-05 02:32"}
2024-10-30 01:11:20 查询号码 【1332194】，GSD为【"上海-上海"】

2024-10-30 01:11:21 开始第 2196 次操作

2024-10-30 01:11:21 开始操作号码 【1332195】
2024-10-30 01:11:22 GSD getOne 第 1 次 等待 3 秒
2024-10-30 01:11:25 查询号码 【1332195】，返回信息 {"status":"ok","msg":"上海-上海","gid":"80550","time_insert":"2021-06-05 02:50"}
2024-10-30 01:11:25 查询号码 【1332195】，GSD为【"上海-上海"】

2024-10-30 01:37:49 开始第 2197 次操作

2024-10-30 01:37:49 开始操作号码 【1332196】
2024-10-30 01:37:50 GSD getOne 第 1 次 等待 3 秒
2024-10-30 01:37:53 查询号码 【1332196】，返回信息 {"status":"ok","msg":"上海-上海","gid":"80566","time_insert":"2021-06-05 03:06"}
2024-10-30 01:37:53 查询号码 【1332196】，GSD为【"上海-上海"】

2024-10-30 01:37:54 开始第 2198 次操作

2024-10-30 01:37:54 开始操作号码 【1332197】
2024-10-30 01:37:55 GSD getOne 第 1 次 等待 3 秒
2024-10-30 01:37:58 查询号码 【1332197】，返回信息 {"status":"ok","msg":"上海-上海","gid":"80594","time_insert":"2021-06-05 03:34"}
2024-10-30 01:37:58 查询号码 【1332197】，GSD为【"上海-上海"】

2024-10-30 01:37:59 开始第 2199 次操作

2024-10-30 01:37:59 开始操作号码 【1332198】
2024-10-30 01:38:00 GSD getOne 第 1 次 等待 3 秒
2024-10-30 01:38:03 查询号码 【1332198】，返回信息 {"status":"ok","msg":"上海-上海","gid":"80617","time_insert":"2021-06-05 03:54"}
2024-10-30 01:38:03 查询号码 【1332198】，GSD为【"上海-上海"】

2024-10-30 01:38:04 开始第 2200 次操作

2024-10-30 01:38:04 开始操作号码 【1332199】
2024-10-30 01:38:05 GSD getOne 第 1 次 等待 3 秒
2024-10-30 01:38:08 查询号码 【1332199】，返回信息 {"status":"ok","msg":"上海-上海","gid":"80634","time_insert":"2021-06-05 04:13"}
2024-10-30 01:38:08 查询号码 【1332199】，GSD为【"上海-上海"】

2024-10-30 02:16:39 开始第 2201 次操作

2024-10-30 02:16:39 开始操作号码 【1332200】
2024-10-30 02:16:40 GSD getOne 第 1 次 等待 3 秒
2024-10-30 02:16:43 查询号码 【1332200】，返回信息 {"status":"ok","msg":"海南-海口","gid":"80662","time_insert":"2021-06-05 04:38"}
2024-10-30 02:16:44 查询号码 【1332200】，GSD为【"海南-海口"】

2024-10-30 02:16:45 开始第 2202 次操作

2024-10-30 02:16:45 开始操作号码 【1332201】
2024-10-30 02:16:46 GSD getOne 第 1 次 等待 3 秒
2024-10-30 02:16:49 查询号码 【1332201】，返回信息 {"status":"ok","msg":"海南-海口","gid":"80689","time_insert":"2021-06-05 05:08"}
2024-10-30 02:16:49 查询号码 【1332201】，GSD为【"海南-海口"】

2024-10-30 02:16:50 开始第 2203 次操作

2024-10-30 02:16:50 开始操作号码 【1332202】
2024-10-30 02:16:51 GSD getOne 第 1 次 等待 3 秒
2024-10-30 02:16:54 查询号码 【1332202】，返回信息 {"status":"ok","msg":"海南-海口","gid":"80715","time_insert":"2021-06-05 05:33"}
2024-10-30 02:16:54 查询号码 【1332202】，GSD为【"海南-海口"】

2024-10-30 02:16:55 开始第 2204 次操作

2024-10-30 02:16:55 开始操作号码 【1332203】
2024-10-30 02:16:56 GSD getOne 第 1 次 等待 3 秒
2024-10-30 02:16:59 查询号码 【1332203】，返回信息 {"status":"ok","msg":"海南-海口","gid":"80741","time_insert":"2021-06-05 06:00"}
2024-10-30 02:16:59 查询号码 【1332203】，GSD为【"海南-海口"】

2024-10-30 02:42:52 开始第 2205 次操作

2024-10-30 02:42:52 开始操作号码 【1332204】
2024-10-30 02:42:53 GSD getOne 第 1 次 等待 3 秒
2024-10-30 02:42:56 查询号码 【1332204】，返回信息 {"status":"ok","msg":"海南-海口","gid":"80774","time_insert":"2021-06-05 06:29"}
2024-10-30 02:42:56 查询号码 【1332204】，GSD为【"海南-海口"】

2024-10-30 02:42:57 开始第 2206 次操作

2024-10-30 02:42:57 开始操作号码 【1332205】
2024-10-30 02:42:58 GSD getOne 第 1 次 等待 3 秒
2024-10-30 02:43:01 查询号码 【1332205】，返回信息 {"status":"ok","msg":"海南-海口","gid":"80799","time_insert":"2021-06-05 06:54"}
2024-10-30 02:43:01 查询号码 【1332205】，GSD为【"海南-海口"】

2024-10-30 02:43:02 开始第 2207 次操作

2024-10-30 02:43:02 开始操作号码 【1332206】
2024-10-30 02:43:03 GSD getOne 第 1 次 等待 3 秒
2024-10-30 02:43:06 查询号码 【1332206】，返回信息 {"status":"ok","msg":"海南-海口","gid":"2977","time_insert":"2016-05-24 08:44","time_update":"2020-10-05 18:55"}
2024-10-30 02:43:06 查询号码 【1332206】，GSD为【"海南-海口"】

2024-10-30 02:43:07 开始第 2208 次操作

2024-10-30 02:43:07 开始操作号码 【1332207】
2024-10-30 02:43:08 GSD getOne 第 1 次 等待 3 秒
2024-10-30 02:43:11 查询号码 【1332207】，返回信息 {"status":"ok","msg":"海南-海口","gid":"80819","time_insert":"2021-06-05 07:13"}
2024-10-30 02:43:11 查询号码 【1332207】，GSD为【"海南-海口"】

