2023-10-05 00:11:51 开始第 1589 次操作

2023-10-05 00:11:51 开始操作号码 【1981588】
2023-10-05 00:11:57 GSD getOne 第 1 次 等待 3 秒
2023-10-05 00:12:00 查询号码 【1981588】，返回信息 {"status":"ok","msg":"甘肃-陇南","gid":"496130","time_insert":"2021-08-05 01:18"}
2023-10-05 00:12:00 查询号码 【1981588】，GSD为【"甘肃-陇南"】

2023-10-05 00:12:01 开始第 1590 次操作

2023-10-05 00:12:01 开始操作号码 【1981589】
2023-10-05 00:12:04 GSD getOne 第 1 次 等待 3 秒
2023-10-05 00:12:07 查询号码 【1981589】，返回信息 {"status":"ok","msg":"甘肃-庆阳","gid":"496133","time_insert":"2021-08-05 01:20"}
2023-10-05 00:12:07 查询号码 【1981589】，GSD为【"甘肃-庆阳"】

2023-10-05 00:12:08 开始第 1591 次操作

2023-10-05 00:12:08 开始操作号码 【1981590】
2023-10-05 00:12:11 GSD getOne 第 1 次 等待 3 秒
2023-10-05 00:12:14 查询号码 【1981590】，返回信息 {"status":"ok","msg":"甘肃-定西","gid":"496138","time_insert":"2021-08-05 01:28"}
2023-10-05 00:12:14 查询号码 【1981590】，GSD为【"甘肃-定西"】

2023-10-05 00:12:15 开始第 1592 次操作

2023-10-05 00:12:15 开始操作号码 【1981591】
2023-10-05 00:12:17 GSD getOne 第 1 次 等待 3 秒
2023-10-05 00:12:20 查询号码 【1981591】，返回信息 {"status":"ok","msg":"甘肃-临夏","gid":"496139","time_insert":"2021-08-05 01:30"}
2023-10-05 00:12:20 查询号码 【1981591】，GSD为【"甘肃-临夏"】

2023-10-05 00:37:14 开始第 1593 次操作

2023-10-05 00:37:14 开始操作号码 【1981592】
2023-10-05 00:37:17 GSD getOne 第 1 次 等待 3 秒
2023-10-05 00:37:20 查询号码 【1981592】，返回信息 {"status":"ok","msg":"甘肃-平凉","gid":"496142","time_insert":"2021-08-05 01:37","time_update":"2021-08-05 01:41"}
2023-10-05 00:37:20 查询号码 【1981592】，GSD为【"甘肃-平凉"】

2023-10-05 00:37:21 开始第 1594 次操作

2023-10-05 00:37:21 开始操作号码 【1981593】
2023-10-05 00:37:26 GSD getOne 第 1 次 等待 3 秒
2023-10-05 00:37:29 查询号码 【1981593】，返回信息 {"status":"ok","msg":"甘肃-白银","gid":"496149","time_insert":"2021-08-05 01:47"}
2023-10-05 00:37:29 查询号码 【1981593】，GSD为【"甘肃-白银"】

2023-10-05 00:37:30 开始第 1595 次操作

2023-10-05 00:37:30 开始操作号码 【1981594】
2023-10-05 00:37:33 GSD getOne 第 1 次 等待 3 秒
2023-10-05 00:37:36 查询号码 【1981594】，返回信息 {"status":"ok","msg":"甘肃-武威","gid":"496151","time_insert":"2021-08-05 01:51"}
2023-10-05 00:37:36 查询号码 【1981594】，GSD为【"甘肃-武威"】

2023-10-05 00:37:37 开始第 1596 次操作

2023-10-05 00:37:37 开始操作号码 【1981595】
2023-10-05 00:37:43 GSD getOne 第 1 次 等待 3 秒
2023-10-05 00:37:46 查询号码 【1981595】，返回信息 {"status":"ok","msg":"甘肃-酒泉","gid":"496157","time_insert":"2021-08-05 01:57"}
2023-10-05 00:37:46 查询号码 【1981595】，GSD为【"甘肃-酒泉"】

