2024-02-05 00:09:40 开始第 1985 次操作

2024-02-05 00:09:40 开始操作号码 【1771898】
2024-02-05 00:09:44 GSD getOne 第 1 次 等待 3 秒
2024-02-05 00:09:47 查询号码 【1771898】，返回信息 {"status":"ok","msg":"湖南-邵阳","gid":"291411","time_insert":"2021-07-16 07:45"}
2024-02-05 00:09:47 查询号码 【1771898】，GSD为【"湖南-邵阳"】

2024-02-05 00:09:48 开始第 1986 次操作

2024-02-05 00:09:48 开始操作号码 【1771899】
2024-02-05 00:09:52 GSD getOne 第 1 次 等待 3 秒
2024-02-05 00:09:55 查询号码 【1771899】，返回信息 {"status":"ok","msg":"湖南-邵阳","gid":"291405","time_insert":"2021-07-16 07:45"}
2024-02-05 00:09:55 查询号码 【1771899】，GSD为【"湖南-邵阳"】

2024-02-05 00:09:56 开始第 1987 次操作

2024-02-05 00:09:56 开始操作号码 【1771900】
2024-02-05 00:10:00 GSD getOne 第 1 次 等待 3 秒
2024-02-05 00:10:03 查询号码 【1771900】，返回信息 {"status":"ok","msg":"河南-商丘","gid":"291394","time_insert":"2021-07-16 07:44"}
2024-02-05 00:10:03 查询号码 【1771900】，GSD为【"河南-商丘"】

2024-02-05 00:10:04 开始第 1988 次操作

2024-02-05 00:10:04 开始操作号码 【1771901】
2024-02-05 00:10:10 GSD getOne 第 1 次 等待 3 秒
2024-02-05 00:10:13 查询号码 【1771901】，返回信息 {"status":"ok","msg":"河南-商丘","gid":"291387","time_insert":"2021-07-16 07:43"}
2024-02-05 00:10:13 查询号码 【1771901】，GSD为【"河南-商丘"】

2024-02-05 00:33:00 开始第 1989 次操作

2024-02-05 00:33:00 开始操作号码 【1771902】
2024-02-05 00:33:05 GSD getOne 第 1 次 等待 3 秒
2024-02-05 00:33:08 查询号码 【1771902】，返回信息 {"status":"ok","msg":"河南-商丘","gid":"291379","time_insert":"2021-07-16 07:43"}
2024-02-05 00:33:08 查询号码 【1771902】，GSD为【"河南-商丘"】

2024-02-05 00:33:09 开始第 1990 次操作

2024-02-05 00:33:09 开始操作号码 【1771903】
2024-02-05 00:33:13 GSD getOne 第 1 次 等待 3 秒
2024-02-05 00:33:16 查询号码 【1771903】，返回信息 {"status":"ok","msg":"河南-商丘","gid":"291373","time_insert":"2021-07-16 07:42"}
2024-02-05 00:33:16 查询号码 【1771903】，GSD为【"河南-商丘"】

2024-02-05 00:33:17 开始第 1991 次操作

2024-02-05 00:33:17 开始操作号码 【1771904】
2024-02-05 00:33:23 GSD getOne 第 1 次 等待 3 秒
2024-02-05 00:33:26 查询号码 【1771904】，返回信息 {"status":"ok","msg":"河南-商丘","gid":"291364","time_insert":"2021-07-16 07:42"}
2024-02-05 00:33:26 查询号码 【1771904】，GSD为【"河南-商丘"】

2024-02-05 00:33:28 开始第 1992 次操作

2024-02-05 00:33:28 开始操作号码 【1771905】
2024-02-05 00:33:35 GSD getOne 第 1 次 等待 3 秒
2024-02-05 00:33:38 查询号码 【1771905】，返回信息 {"status":"ok","msg":"河南-三门峡","gid":"291358","time_insert":"2021-07-16 07:41"}
2024-02-05 00:33:38 查询号码 【1771905】，GSD为【"河南-三门峡"】

