2021-07-10 00:00:07 开始第 5 次操作

2021-07-10 00:00:07 开始操作号码 【1746899】
2021-07-10 00:00:15 GSD getOne 第 1 次 等待 1 秒
2021-07-10 00:00:16 查询号码 【1746899】，返回信息 {"status":"bad","msg":""}
2021-07-10 00:00:16 查询号码 【1746899】，GSD为【""】
2021-07-10 00:00:16 bad
2021-07-10 00:00:18 CHB 1746899?1625846416 第 1 次 等待 1 秒
2021-07-10 00:00:19 CHB 1746899?1625846416 第 1 次 获取到号码【1746899】GSD
2021-07-10 00:00:19 未获取到号码【1746899】GSD，可能号码格式错误
2021-07-10 00:00:19 获取到号码【1746899】的GSD为【-】
2021-07-10 00:00:42 GSD insert 第 1 次 等待 1 秒
2021-07-10 00:00:43 {"status":"ok","msg":"添加成功！234994"}
2021-07-10 00:00:43 下次操作: 2021-07-10 00:00:54

2021-07-10 00:00:54 开始第 6 次操作

2021-07-10 00:00:54 开始操作号码 【1746900】
2021-07-10 00:01:07 GSD getOne 第 1 次 等待 1 秒
2021-07-10 00:01:08 查询号码 【1746900】，返回信息 {"status":"bad","msg":""}
2021-07-10 00:01:08 查询号码 【1746900】，GSD为【""】
2021-07-10 00:01:08 bad
2021-07-10 00:01:13 CHB 1746900?1625846468 第 1 次 等待 1 秒
2021-07-10 00:01:14 CHB 1746900?1625846468 第 1 次 获取到号码【1746900】GSD
2021-07-10 00:01:14 未获取到号码【1746900】GSD，可能号码格式错误
2021-07-10 00:01:14 获取到号码【1746900】的GSD为【-】
2021-07-10 00:01:33 GSD insert 第 1 次 等待 1 秒
2021-07-10 00:01:34 {"status":"ok","msg":"添加成功！235009"}
2021-07-10 00:01:34 下次操作: 2021-07-10 00:01:43

2021-07-10 00:01:43 开始第 7 次操作

2021-07-10 00:01:43 开始操作号码 【1746901】
2021-07-10 00:02:05 GSD getOne 第 1 次 等待 1 秒
2021-07-10 00:02:06 查询号码 【1746901】，返回信息 {"status":"bad","msg":""}
2021-07-10 00:02:06 查询号码 【1746901】，GSD为【""】
2021-07-10 00:02:06 bad
2021-07-10 00:02:11 CHB 1746901?1625846526 第 1 次 等待 1 秒
2021-07-10 00:02:12 CHB 1746901?1625846526 第 1 次 获取到号码【1746901】GSD
2021-07-10 00:02:12 未获取到号码【1746901】GSD，可能号码格式错误
2021-07-10 00:02:12 获取到号码【1746901】的GSD为【-】
2021-07-10 00:02:34 GSD insert 第 1 次 等待 1 秒
2021-07-10 00:02:35 {"status":"ok","msg":"添加成功！235021"}
2021-07-10 00:02:35 下次操作: 2021-07-10 00:02:53

2021-07-10 00:02:53 开始第 8 次操作

2021-07-10 00:02:53 开始操作号码 【1746902】
2021-07-10 00:03:01 GSD getOne 第 1 次 等待 1 秒
2021-07-10 00:03:02 查询号码 【1746902】，返回信息 {"status":"bad","msg":""}
2021-07-10 00:03:02 查询号码 【1746902】，GSD为【""】
2021-07-10 00:03:02 bad
2021-07-10 00:03:06 CHB 1746902?1625846582 第 1 次 等待 1 秒
2021-07-10 00:03:07 CHB 1746902?1625846582 第 1 次 获取到号码【1746902】GSD
2021-07-10 00:03:07 未获取到号码【1746902】GSD，可能号码格式错误
2021-07-10 00:03:07 获取到号码【1746902】的GSD为【-】
2021-07-10 00:03:28 GSD insert 第 1 次 等待 1 秒
2021-07-10 00:03:29 {"status":"ok","msg":"添加成功！235032"}
2021-07-10 00:03:29 下次操作: 2021-07-10 00:03:37

2021-07-10 00:03:37 开始第 9 次操作

2021-07-10 00:03:37 开始操作号码 【1746903】
2021-07-10 00:03:50 GSD getOne 第 1 次 等待 1 秒
2021-07-10 00:03:51 查询号码 【1746903】，返回信息 {"status":"bad","msg":""}
2021-07-10 00:03:52 查询号码 【1746903】，GSD为【""】
2021-07-10 00:03:52 bad
2021-07-10 00:03:54 CHB 1746903?1625846632 第 1 次 等待 1 秒
2021-07-10 00:03:55 CHB 1746903?1625846632 第 1 次 获取到号码【1746903】GSD
2021-07-10 00:03:55 未获取到号码【1746903】GSD，可能号码格式错误
2021-07-10 00:03:55 获取到号码【1746903】的GSD为【-】
2021-07-10 00:04:13 GSD insert 第 1 次 等待 1 秒
2021-07-10 00:04:14 {"status":"ok","msg":"添加成功！235039"}
2021-07-10 00:04:14 下次操作: 2021-07-10 00:04:27

2021-07-10 00:04:27 开始第 10 次操作

2021-07-10 00:04:27 开始操作号码 【1746904】
2021-07-10 00:04:35 GSD getOne 第 1 次 等待 1 秒
2021-07-10 00:04:36 查询号码 【1746904】，返回信息 {"status":"bad","msg":""}
2021-07-10 00:04:36 查询号码 【1746904】，GSD为【""】
2021-07-10 00:04:36 bad
2021-07-10 00:04:40 CHB 1746904?1625846676 第 1 次 等待 1 秒
2021-07-10 00:04:41 CHB 1746904?1625846676 第 1 次 获取到号码【1746904】GSD
2021-07-10 00:04:41 未获取到号码【1746904】GSD，可能号码格式错误
2021-07-10 00:04:41 获取到号码【1746904】的GSD为【-】
2021-07-10 00:05:02 GSD insert 第 1 次 等待 1 秒
2021-07-10 00:05:03 {"status":"ok","msg":"添加成功！235048"}
2021-07-10 00:05:03 下次操作: 2021-07-10 00:05:17

2021-07-10 00:05:17 开始第 11 次操作

2021-07-10 00:05:17 开始操作号码 【1746905】
2021-07-10 00:05:22 GSD getOne 第 1 次 等待 1 秒
2021-07-10 00:05:23 查询号码 【1746905】，返回信息 {"status":"bad","msg":""}
2021-07-10 00:05:23 查询号码 【1746905】，GSD为【""】
2021-07-10 00:05:23 bad
2021-07-10 00:05:25 CHB 1746905?1625846723 第 1 次 等待 1 秒
2021-07-10 00:05:26 CHB 1746905?1625846723 第 1 次 获取到号码【1746905】GSD
2021-07-10 00:05:27 未获取到号码【1746905】GSD，可能号码格式错误
2021-07-10 00:05:27 获取到号码【1746905】的GSD为【-】
2021-07-10 00:06:01 GSD insert 第 1 次 等待 1 秒
2021-07-10 00:06:02 {"status":"ok","msg":"添加成功！235055"}
2021-07-10 00:06:02 下次操作: 2021-07-10 00:06:10

2021-07-10 00:06:10 开始第 12 次操作

2021-07-10 00:06:10 开始操作号码 【1746906】
2021-07-10 00:06:20 GSD getOne 第 1 次 等待 1 秒
2021-07-10 00:06:21 查询号码 【1746906】，返回信息 {"status":"bad","msg":""}
2021-07-10 00:06:21 查询号码 【1746906】，GSD为【""】
2021-07-10 00:06:21 bad
2021-07-10 00:06:23 CHB 1746906?1625846781 第 1 次 等待 1 秒
2021-07-10 00:06:24 CHB 1746906?1625846781 第 1 次 获取到号码【1746906】GSD
2021-07-10 00:06:24 未获取到号码【1746906】GSD，可能号码格式错误
2021-07-10 00:06:24 获取到号码【1746906】的GSD为【-】
2021-07-10 00:06:42 GSD insert 第 1 次 等待 1 秒
2021-07-10 00:06:43 {"status":"ok","msg":"添加成功！235064"}
2021-07-10 00:06:43 下次操作: 2021-07-10 00:06:51

2021-07-10 00:06:51 开始第 13 次操作

2021-07-10 00:06:51 开始操作号码 【1746907】
2021-07-10 00:07:05 GSD getOne 第 1 次 等待 1 秒
2021-07-10 00:07:06 查询号码 【1746907】，返回信息 {"status":"bad","msg":""}
2021-07-10 00:07:06 查询号码 【1746907】，GSD为【""】
2021-07-10 00:07:06 bad
2021-07-10 00:07:08 CHB 1746907?1625846826 第 1 次 等待 1 秒
2021-07-10 00:07:09 CHB 1746907?1625846826 第 1 次 获取到号码【1746907】GSD
2021-07-10 00:07:09 未获取到号码【1746907】GSD，可能号码格式错误
2021-07-10 00:07:09 获取到号码【1746907】的GSD为【-】
2021-07-10 00:07:27 GSD insert 第 1 次 等待 1 秒
2021-07-10 00:07:28 {"status":"ok","msg":"添加成功！235072"}
2021-07-10 00:07:28 下次操作: 2021-07-10 00:07:43

2021-07-10 00:07:43 开始第 14 次操作

2021-07-10 00:07:43 开始操作号码 【1746908】
2021-07-10 00:07:50 GSD getOne 第 1 次 等待 1 秒
2021-07-10 00:07:51 查询号码 【1746908】，返回信息 {"status":"bad","msg":""}
2021-07-10 00:07:52 查询号码 【1746908】，GSD为【""】
2021-07-10 00:07:52 bad
2021-07-10 00:07:55 CHB 1746908?1625846872 第 1 次 等待 1 秒
2021-07-10 00:07:56 CHB 1746908?1625846872 第 1 次 获取到号码【1746908】GSD
2021-07-10 00:07:56 未获取到号码【1746908】GSD，可能号码格式错误
2021-07-10 00:07:56 获取到号码【1746908】的GSD为【-】
2021-07-10 00:08:31 GSD insert 第 1 次 等待 1 秒
2021-07-10 00:08:32 {"status":"ok","msg":"添加成功！235083"}
2021-07-10 00:08:32 下次操作: 2021-07-10 00:08:42

2021-07-10 00:08:42 开始第 15 次操作

2021-07-10 00:08:42 开始操作号码 【1746909】
2021-07-10 00:08:51 GSD getOne 第 1 次 等待 1 秒
2021-07-10 00:08:53 查询号码 【1746909】，返回信息 {"status":"bad","msg":""}
2021-07-10 00:08:53 查询号码 【1746909】，GSD为【""】
2021-07-10 00:08:53 bad
2021-07-10 00:08:54 CHB 1746909?1625846933 第 1 次 等待 1 秒
2021-07-10 00:08:55 CHB 1746909?1625846933 第 1 次 获取到号码【1746909】GSD
2021-07-10 00:08:55 未获取到号码【1746909】GSD，可能号码格式错误
2021-07-10 00:08:55 获取到号码【1746909】的GSD为【-】
2021-07-10 00:09:15 GSD insert 第 1 次 等待 1 秒
2021-07-10 00:09:16 {"status":"ok","msg":"添加成功！235090"}
2021-07-10 00:09:16 下次操作: 2021-07-10 00:09:29

2021-07-10 00:09:29 开始第 16 次操作

2021-07-10 00:09:29 开始操作号码 【1746910】
2021-07-10 00:09:39 GSD getOne 第 1 次 等待 1 秒
2021-07-10 00:09:40 查询号码 【1746910】，返回信息 {"status":"bad","msg":""}
2021-07-10 00:09:40 查询号码 【1746910】，GSD为【""】
2021-07-10 00:09:40 bad
2021-07-10 00:09:42 CHB 1746910?1625846980 第 1 次 等待 1 秒
2021-07-10 00:09:43 CHB 1746910?1625846980 第 1 次 获取到号码【1746910】GSD
2021-07-10 00:09:43 未获取到号码【1746910】GSD，可能号码格式错误
2021-07-10 00:09:43 获取到号码【1746910】的GSD为【-】
2021-07-10 00:10:05 GSD insert 第 1 次 等待 1 秒
2021-07-10 00:10:06 {"status":"ok","msg":"添加成功！235095"}
2021-07-10 00:10:06 下次操作: 2021-07-10 00:10:21

2021-07-10 00:10:21 开始第 17 次操作

2021-07-10 00:10:21 开始操作号码 【1746911】
2021-07-10 00:10:35 GSD getOne 第 1 次 等待 1 秒
2021-07-10 00:10:36 查询号码 【1746911】，返回信息 {"status":"bad","msg":""}
2021-07-10 00:10:36 查询号码 【1746911】，GSD为【""】
2021-07-10 00:10:36 bad
2021-07-10 00:10:38 CHB 1746911?1625847036 第 1 次 等待 1 秒
2021-07-10 00:10:39 CHB 1746911?1625847036 第 1 次 获取到号码【1746911】GSD
2021-07-10 00:10:39 未获取到号码【1746911】GSD，可能号码格式错误
2021-07-10 00:10:39 获取到号码【1746911】的GSD为【-】
2021-07-10 00:10:57 GSD insert 第 1 次 等待 1 秒
2021-07-10 00:10:58 {"status":"ok","msg":"添加成功！235102"}
2021-07-10 00:10:58 下次操作: 2021-07-10 00:11:12

2021-07-10 00:11:12 开始第 18 次操作

2021-07-10 00:11:12 开始操作号码 【1746912】
2021-07-10 00:11:17 GSD getOne 第 1 次 等待 1 秒
2021-07-10 00:11:18 查询号码 【1746912】，返回信息 {"status":"bad","msg":""}
2021-07-10 00:11:18 查询号码 【1746912】，GSD为【""】
2021-07-10 00:11:18 bad
2021-07-10 00:11:20 CHB 1746912?1625847078 第 1 次 等待 1 秒
2021-07-10 00:11:21 CHB 1746912?1625847078 第 1 次 获取到号码【1746912】GSD
2021-07-10 00:11:22 未获取到号码【1746912】GSD，可能号码格式错误
2021-07-10 00:11:22 获取到号码【1746912】的GSD为【-】
2021-07-10 00:11:39 GSD insert 第 1 次 等待 1 秒
2021-07-10 00:11:40 {"status":"ok","msg":"添加成功！235104"}
2021-07-10 00:11:40 下次操作: 2021-07-10 00:11:56

2021-07-10 00:11:56 开始第 19 次操作

2021-07-10 00:11:56 开始操作号码 【1746913】
2021-07-10 00:12:01 GSD getOne 第 1 次 等待 1 秒
2021-07-10 00:12:02 查询号码 【1746913】，返回信息 {"status":"bad","msg":""}
2021-07-10 00:12:03 查询号码 【1746913】，GSD为【""】
2021-07-10 00:12:03 bad
2021-07-10 00:12:08 CHB 1746913?1625847123 第 1 次 等待 1 秒
2021-07-10 00:12:09 CHB 1746913?1625847123 第 1 次 获取到号码【1746913】GSD
2021-07-10 00:12:09 未获取到号码【1746913】GSD，可能号码格式错误
2021-07-10 00:12:09 获取到号码【1746913】的GSD为【-】
2021-07-10 00:12:27 GSD insert 第 1 次 等待 1 秒
2021-07-10 00:12:28 {"status":"ok","msg":"添加成功！235108"}
2021-07-10 00:12:28 下次操作: 2021-07-10 00:12:35

2021-07-10 00:12:35 开始第 20 次操作

2021-07-10 00:12:35 开始操作号码 【1746914】
2021-07-10 00:12:53 GSD getOne 第 1 次 等待 1 秒
2021-07-10 00:12:54 查询号码 【1746914】，返回信息 {"status":"bad","msg":""}
2021-07-10 00:12:54 查询号码 【1746914】，GSD为【""】
2021-07-10 00:12:54 bad
2021-07-10 00:12:56 CHB 1746914?1625847174 第 1 次 等待 1 秒
2021-07-10 00:12:57 CHB 1746914?1625847174 第 1 次 获取到号码【1746914】GSD
2021-07-10 00:12:57 未获取到号码【1746914】GSD，可能号码格式错误
2021-07-10 00:12:57 获取到号码【1746914】的GSD为【-】
2021-07-10 00:13:16 GSD insert 第 1 次 等待 1 秒
2021-07-10 00:13:17 {"status":"ok","msg":"添加成功！235113"}
2021-07-10 00:13:17 下次操作: 2021-07-10 00:13:28

2021-07-10 00:13:28 开始第 21 次操作

2021-07-10 00:13:28 开始操作号码 【1746915】
2021-07-10 00:13:47 GSD getOne 第 1 次 等待 1 秒
2021-07-10 00:13:48 查询号码 【1746915】，返回信息 {"status":"bad","msg":""}
2021-07-10 00:13:48 查询号码 【1746915】，GSD为【""】
2021-07-10 00:13:48 bad
2021-07-10 00:13:52 CHB 1746915?1625847228 第 1 次 等待 1 秒
2021-07-10 00:13:53 CHB 1746915?1625847228 第 1 次 获取到号码【1746915】GSD
2021-07-10 00:13:53 未获取到号码【1746915】GSD，可能号码格式错误
2021-07-10 00:13:53 获取到号码【1746915】的GSD为【-】
2021-07-10 00:14:12 GSD insert 第 1 次 等待 1 秒
2021-07-10 00:14:13 {"status":"ok","msg":"添加成功！235116"}
2021-07-10 00:14:13 下次操作: 2021-07-10 00:14:30

2021-07-10 00:14:30 开始第 22 次操作

2021-07-10 00:14:30 开始操作号码 【1746916】
2021-07-10 00:14:32 GSD getOne 第 1 次 等待 1 秒
2021-07-10 00:14:33 查询号码 【1746916】，返回信息 {"status":"bad","msg":""}
2021-07-10 00:14:33 查询号码 【1746916】，GSD为【""】
2021-07-10 00:14:33 bad
2021-07-10 00:14:40 CHB 1746916?1625847273 第 1 次 等待 1 秒
2021-07-10 00:14:41 CHB 1746916?1625847273 第 1 次 获取到号码【1746916】GSD
2021-07-10 00:14:41 未获取到号码【1746916】GSD，可能号码格式错误
2021-07-10 00:14:41 获取到号码【1746916】的GSD为【-】
2021-07-10 00:14:50 GSD insert 第 1 次 等待 1 秒
2021-07-10 00:14:51 {"status":"ok","msg":"添加成功！235118"}
2021-07-10 00:14:51 下次操作: 2021-07-10 00:14:59

2021-07-10 00:14:59 开始第 23 次操作

2021-07-10 00:14:59 开始操作号码 【1746917】
2021-07-10 00:15:09 GSD getOne 第 1 次 等待 1 秒
2021-07-10 00:15:10 查询号码 【1746917】，返回信息 {"status":"bad","msg":""}
2021-07-10 00:15:10 查询号码 【1746917】，GSD为【""】
2021-07-10 00:15:10 bad
2021-07-10 00:15:14 CHB 1746917?1625847310 第 1 次 等待 1 秒
2021-07-10 00:15:15 CHB 1746917?1625847310 第 1 次 获取到号码【1746917】GSD
2021-07-10 00:15:15 未获取到号码【1746917】GSD，可能号码格式错误
2021-07-10 00:15:15 获取到号码【1746917】的GSD为【-】
2021-07-10 00:15:51 GSD insert 第 1 次 等待 1 秒
2021-07-10 00:15:52 {"status":"ok","msg":"添加成功！235120"}
2021-07-10 00:15:52 下次操作: 2021-07-10 00:16:06

2021-07-10 00:16:06 开始第 24 次操作

2021-07-10 00:16:06 开始操作号码 【1746918】
2021-07-10 00:16:21 GSD getOne 第 1 次 等待 1 秒
2021-07-10 00:16:22 查询号码 【1746918】，返回信息 {"status":"bad","msg":""}
2021-07-10 00:16:22 查询号码 【1746918】，GSD为【""】
2021-07-10 00:16:22 bad
2021-07-10 00:16:27 CHB 1746918?1625847382 第 1 次 等待 1 秒
2021-07-10 00:16:28 CHB 1746918?1625847382 第 1 次 获取到号码【1746918】GSD
2021-07-10 00:16:28 未获取到号码【1746918】GSD，可能号码格式错误
2021-07-10 00:16:28 获取到号码【1746918】的GSD为【-】
2021-07-10 00:16:47 GSD insert 第 1 次 等待 1 秒
2021-07-10 00:16:48 {"status":"ok","msg":"添加成功！235125"}
2021-07-10 00:16:48 下次操作: 2021-07-10 00:16:54

2021-07-10 00:16:54 开始第 25 次操作

2021-07-10 00:16:54 开始操作号码 【1746919】
2021-07-10 00:19:03 GSD getOne 第 1 次 等待 1 秒
2021-07-10 00:21:08 GSD getOne 第 2 次 等待 1 秒
2021-07-10 00:23:19 GSD getOne 第 3 次 等待 1 秒
2021-07-10 00:25:30 GSD getOne 第 4 次 等待 1 秒
2021-07-10 00:25:34 GSD getOne 第 5 次 等待 1 秒
2021-07-10 00:25:35 查询号码 【1746919】，返回信息 {"status":"bad","msg":""}
2021-07-10 00:25:35 查询号码 【1746919】，GSD为【""】
2021-07-10 00:25:35 bad
2021-07-10 00:25:37 CHB 1746919?1625847935 第 1 次 等待 1 秒
2021-07-10 00:25:38 CHB 1746919?1625847935 第 1 次 获取到号码【1746919】GSD
2021-07-10 00:25:38 未获取到号码【1746919】GSD，可能号码格式错误
2021-07-10 00:25:38 获取到号码【1746919】的GSD为【-】
2021-07-10 00:25:57 GSD insert 第 1 次 等待 1 秒
2021-07-10 00:25:58 {"status":"ok","msg":"添加成功！235146"}
2021-07-10 00:25:58 下次操作: 2021-07-10 00:26:12

2021-07-10 00:26:12 开始第 26 次操作

2021-07-10 00:26:12 开始操作号码 【1746920】
2021-07-10 00:26:19 GSD getOne 第 1 次 等待 1 秒
2021-07-10 00:26:20 查询号码 【1746920】，返回信息 {"status":"bad","msg":""}
2021-07-10 00:26:20 查询号码 【1746920】，GSD为【""】
2021-07-10 00:26:20 bad
2021-07-10 00:26:22 CHB 1746920?1625847980 第 1 次 等待 1 秒
2021-07-10 00:26:23 CHB 1746920?1625847980 第 1 次 获取到号码【1746920】GSD
2021-07-10 00:26:23 未获取到号码【1746920】GSD，可能号码格式错误
2021-07-10 00:26:23 获取到号码【1746920】的GSD为【-】
2021-07-10 00:27:38 GSD insert 第 1 次 等待 1 秒
2021-07-10 00:27:39 {"status":"ok","msg":"添加成功！235150"}
2021-07-10 00:27:39 下次操作: 2021-07-10 00:27:47

2021-07-10 00:27:47 开始第 27 次操作

2021-07-10 00:27:47 开始操作号码 【1746921】
2021-07-10 00:28:04 GSD getOne 第 1 次 等待 1 秒
2021-07-10 00:28:05 查询号码 【1746921】，返回信息 {"status":"bad","msg":""}
2021-07-10 00:28:05 查询号码 【1746921】，GSD为【""】
2021-07-10 00:28:05 bad
2021-07-10 00:28:07 CHB 1746921?1625848085 第 1 次 等待 1 秒
2021-07-10 00:28:08 CHB 1746921?1625848085 第 1 次 获取到号码【1746921】GSD
2021-07-10 00:28:08 未获取到号码【1746921】GSD，可能号码格式错误
2021-07-10 00:28:08 获取到号码【1746921】的GSD为【-】
2021-07-10 00:28:27 GSD insert 第 1 次 等待 1 秒
2021-07-10 00:28:28 {"status":"ok","msg":"添加成功！235152"}
2021-07-10 00:28:28 下次操作: 2021-07-10 00:28:43

2021-07-10 00:28:43 开始第 28 次操作

2021-07-10 00:28:43 开始操作号码 【1746922】
2021-07-10 00:29:01 GSD getOne 第 1 次 等待 1 秒
2021-07-10 00:29:02 查询号码 【1746922】，返回信息 {"status":"bad","msg":""}
2021-07-10 00:29:02 查询号码 【1746922】，GSD为【""】
2021-07-10 00:29:02 bad
2021-07-10 00:29:07 CHB 1746922?1625848142 第 1 次 等待 1 秒
2021-07-10 00:29:08 CHB 1746922?1625848142 第 1 次 获取到号码【1746922】GSD
2021-07-10 00:29:08 未获取到号码【1746922】GSD，可能号码格式错误
2021-07-10 00:29:08 获取到号码【1746922】的GSD为【-】
2021-07-10 00:29:42 GSD insert 第 1 次 等待 1 秒
2021-07-10 00:29:43 {"status":"ok","msg":"添加成功！235156"}
2021-07-10 00:29:43 下次操作: 2021-07-10 00:30:00

2021-07-10 00:30:00 开始第 29 次操作

2021-07-10 00:30:00 开始操作号码 【1746923】
2021-07-10 00:30:08 GSD getOne 第 1 次 等待 1 秒
2021-07-10 00:30:09 查询号码 【1746923】，返回信息 {"status":"bad","msg":""}
2021-07-10 00:30:09 查询号码 【1746923】，GSD为【""】
2021-07-10 00:30:09 bad
2021-07-10 00:30:11 CHB 1746923?1625848209 第 1 次 等待 1 秒
2021-07-10 00:30:12 CHB 1746923?1625848209 第 1 次 获取到号码【1746923】GSD
2021-07-10 00:30:12 未获取到号码【1746923】GSD，可能号码格式错误
2021-07-10 00:30:12 获取到号码【1746923】的GSD为【-】
2021-07-10 00:30:36 GSD insert 第 1 次 等待 1 秒
2021-07-10 00:30:37 {"status":"ok","msg":"添加成功！235157"}
2021-07-10 00:30:37 下次操作: 2021-07-10 00:30:44

2021-07-10 00:30:44 开始第 30 次操作

2021-07-10 00:30:44 开始操作号码 【1746924】
2021-07-10 00:31:02 GSD getOne 第 1 次 等待 1 秒
2021-07-10 00:31:03 查询号码 【1746924】，返回信息 {"status":"bad","msg":""}
2021-07-10 00:31:03 查询号码 【1746924】，GSD为【""】
2021-07-10 00:31:03 bad
2021-07-10 00:31:06 CHB 1746924?1625848263 第 1 次 等待 1 秒
2021-07-10 00:31:07 CHB 1746924?1625848263 第 1 次 获取到号码【1746924】GSD
2021-07-10 00:31:07 未获取到号码【1746924】GSD，可能号码格式错误
2021-07-10 00:31:07 获取到号码【1746924】的GSD为【-】
2021-07-10 00:31:41 GSD insert 第 1 次 等待 1 秒
2021-07-10 00:31:42 {"status":"ok","msg":"添加成功！235161"}

