2024-10-22 00:14:29 开始第 781 次操作

2024-10-22 00:14:29 开始操作号码 【1330780】
2024-10-22 00:14:31 GSD getOne 第 1 次 等待 3 秒
2024-10-22 00:14:34 查询号码 【1330780】，返回信息 {"status":"ok","msg":"广西-防城港","gid":"60721","time_insert":"2021-05-17 15:18","time_update":"2021-05-17 15:30"}
2024-10-22 00:14:34 查询号码 【1330780】，GSD为【"广西-防城港"】

2024-10-22 00:14:35 开始第 782 次操作

2024-10-22 00:14:35 开始操作号码 【1330781】
2024-10-22 00:14:36 GSD getOne 第 1 次 等待 3 秒
2024-10-22 00:14:39 查询号码 【1330781】，返回信息 {"status":"ok","msg":"广西-南宁","gid":"60738","time_insert":"2021-05-17 15:46"}
2024-10-22 00:14:39 查询号码 【1330781】，GSD为【"广西-南宁"】

2024-10-22 00:14:40 开始第 783 次操作

2024-10-22 00:14:40 开始操作号码 【1330782】
2024-10-22 00:14:41 GSD getOne 第 1 次 等待 3 秒
2024-10-22 00:14:44 查询号码 【1330782】，返回信息 {"status":"ok","msg":"广西-柳州","gid":"60785","time_insert":"2021-05-17 16:57"}
2024-10-22 00:14:44 查询号码 【1330782】，GSD为【"广西-柳州"】

2024-10-22 00:14:45 开始第 784 次操作

2024-10-22 00:14:45 开始操作号码 【1330783】
2024-10-22 00:14:47 GSD getOne 第 1 次 等待 3 秒
2024-10-22 00:14:50 查询号码 【1330783】，返回信息 {"status":"ok","msg":"广西-桂林","gid":"60811","time_insert":"2021-05-17 17:20"}
2024-10-22 00:14:50 查询号码 【1330783】，GSD为【"广西-桂林"】

