2024-08-26 00:11:09 开始第 1189 次操作

2024-08-26 00:11:09 开始操作号码 【1441188】
2024-08-26 00:11:19 GSD getOne 第 1 次 等待 3 秒
2024-08-26 00:11:22 查询号码 【1441188】，返回信息 {"status":"ok","msg":"-","gid":"538154","time_insert":"2023-02-18 14:43"}
2024-08-26 00:11:22 查询号码 【1441188】，GSD为【"-"】
2024-08-26 00:11:22 ok && -
2024-08-26 00:11:25 CHB 1441188?1724602282 第 1 次 等待 3 秒
2024-08-26 00:11:28 CHB 1441188?1724602282 第 1 次 获取到号码【1441188】GSD
2024-08-26 00:11:28 未获取到号码【1441188】GSD，可能号码格式错误
2024-08-26 00:11:28 获取到号码【1441188】的GSD为【-】
2024-08-26 00:11:36 GSD insert 第 1 次 等待 3 秒
2024-08-26 00:11:39 {"status":"bad","gid":"538154","msg":"添加失败！号码【1441188(-|-)】已存在！"}
2024-08-26 00:11:39 随机等待 185 秒，约 3 分钟
2024-08-26 00:11:39 下次操作: 2024-08-26 00:14:44

2024-08-26 00:14:44 开始第 1190 次操作

2024-08-26 00:14:44 开始操作号码 【1441189】
2024-08-26 00:14:52 GSD getOne 第 1 次 等待 3 秒
2024-08-26 00:14:55 查询号码 【1441189】，返回信息 {"status":"ok","msg":"-","gid":"538169","time_insert":"2023-02-18 14:51"}
2024-08-26 00:14:55 查询号码 【1441189】，GSD为【"-"】
2024-08-26 00:14:55 ok && -
2024-08-26 00:14:57 CHB 1441189?1724602495 第 1 次 等待 3 秒
2024-08-26 00:15:00 CHB 1441189?1724602495 第 1 次 获取到号码【1441189】GSD
2024-08-26 00:15:00 未获取到号码【1441189】GSD，可能号码格式错误
2024-08-26 00:15:00 获取到号码【1441189】的GSD为【-】
2024-08-26 00:15:07 GSD insert 第 1 次 等待 3 秒
2024-08-26 00:15:10 {"status":"bad","gid":"538169","msg":"添加失败！号码【1441189(-|-)】已存在！"}
2024-08-26 00:15:10 随机等待 105 秒，约 1 分钟
2024-08-26 00:15:10 下次操作: 2024-08-26 00:16:55

2024-08-26 00:16:55 开始第 1191 次操作

2024-08-26 00:16:55 开始操作号码 【1441190】
2024-08-26 00:17:04 GSD getOne 第 1 次 等待 3 秒
2024-08-26 00:17:07 查询号码 【1441190】，返回信息 {"status":"ok","msg":"-","gid":"538194","time_insert":"2023-02-18 15:08"}
2024-08-26 00:17:07 查询号码 【1441190】，GSD为【"-"】
2024-08-26 00:17:07 ok && -
2024-08-26 00:17:09 CHB 1441190?1724602627 第 1 次 等待 3 秒
2024-08-26 00:17:12 CHB 1441190?1724602627 第 1 次 获取到号码【1441190】GSD
2024-08-26 00:17:12 未获取到号码【1441190】GSD，可能号码格式错误
2024-08-26 00:17:12 获取到号码【1441190】的GSD为【-】
2024-08-26 00:17:20 GSD insert 第 1 次 等待 3 秒
2024-08-26 00:17:23 {"status":"bad","gid":"538194","msg":"添加失败！号码【1441190(-|-)】已存在！"}
2024-08-26 00:17:23 随机等待 140 秒，约 2 分钟
2024-08-26 00:17:23 下次操作: 2024-08-26 00:19:43

2024-08-26 00:19:43 开始第 1192 次操作

2024-08-26 00:19:43 开始操作号码 【1441191】
2024-08-26 00:19:51 GSD getOne 第 1 次 等待 3 秒
2024-08-26 00:19:54 查询号码 【1441191】，返回信息 {"status":"ok","msg":"-","gid":"538224","time_insert":"2023-02-18 15:25"}
2024-08-26 00:19:54 查询号码 【1441191】，GSD为【"-"】
2024-08-26 00:19:54 ok && -
2024-08-26 00:19:56 CHB 1441191?1724602794 第 1 次 等待 3 秒
2024-08-26 00:19:59 CHB 1441191?1724602794 第 1 次 获取到号码【1441191】GSD
2024-08-26 00:19:59 未获取到号码【1441191】GSD，可能号码格式错误
2024-08-26 00:19:59 获取到号码【1441191】的GSD为【-】
2024-08-26 00:20:07 GSD insert 第 1 次 等待 3 秒
2024-08-26 00:20:10 {"status":"bad","gid":"538224","msg":"添加失败！号码【1441191(-|-)】已存在！"}

