2024-10-29 00:15:11 开始第 2009 次操作

2024-10-29 00:15:11 开始操作号码 【1332008】
2024-10-29 00:15:12 GSD getOne 第 1 次 等待 3 秒
2024-10-29 00:15:15 查询号码 【1332008】，返回信息 {"status":"ok","msg":"江西-景德镇","gid":"78011","time_insert":"2021-06-03 05:30"}
2024-10-29 00:15:15 查询号码 【1332008】，GSD为【"江西-景德镇"】

2024-10-29 00:15:16 开始第 2010 次操作

2024-10-29 00:15:16 开始操作号码 【1332009】
2024-10-29 00:15:17 GSD getOne 第 1 次 等待 3 秒
2024-10-29 00:15:20 查询号码 【1332009】，返回信息 {"status":"ok","msg":"江西-萍乡","gid":"78025","time_insert":"2021-06-03 05:47"}
2024-10-29 00:15:20 查询号码 【1332009】，GSD为【"江西-萍乡"】

2024-10-29 00:15:21 开始第 2011 次操作

2024-10-29 00:15:21 开始操作号码 【1332010】
2024-10-29 00:15:24 GSD getOne 第 1 次 等待 3 秒
2024-10-29 00:15:27 查询号码 【1332010】，返回信息 {"status":"ok","msg":"江西-鹰潭","gid":"78043","time_insert":"2021-06-03 06:11"}
2024-10-29 00:15:27 查询号码 【1332010】，GSD为【"江西-鹰潭"】

2024-10-29 00:15:28 开始第 2012 次操作

2024-10-29 00:15:28 开始操作号码 【1332011】
2024-10-29 00:15:29 GSD getOne 第 1 次 等待 3 秒
2024-10-29 00:15:32 查询号码 【1332011】，返回信息 {"status":"ok","msg":"江西-南昌","gid":"78068","time_insert":"2021-06-03 06:39"}
2024-10-29 00:15:32 查询号码 【1332011】，GSD为【"江西-南昌"】

2024-10-29 00:44:21 开始第 2013 次操作

2024-10-29 00:44:21 开始操作号码 【1332012】
2024-10-29 00:44:22 GSD getOne 第 1 次 等待 3 秒
2024-10-29 00:44:25 查询号码 【1332012】，返回信息 {"status":"ok","msg":"江西-九江","gid":"78084","time_insert":"2021-06-03 07:00"}
2024-10-29 00:44:25 查询号码 【1332012】，GSD为【"江西-九江"】

2024-10-29 00:44:26 开始第 2014 次操作

2024-10-29 00:44:26 开始操作号码 【1332013】
2024-10-29 00:44:27 GSD getOne 第 1 次 等待 3 秒
2024-10-29 00:44:30 查询号码 【1332013】，返回信息 {"status":"ok","msg":"江西-上饶","gid":"78105","time_insert":"2021-06-03 07:24"}
2024-10-29 00:44:30 查询号码 【1332013】，GSD为【"江西-上饶"】

2024-10-29 00:44:31 开始第 2015 次操作

2024-10-29 00:44:31 开始操作号码 【1332014】
2024-10-29 00:44:32 GSD getOne 第 1 次 等待 3 秒
2024-10-29 00:44:35 查询号码 【1332014】，返回信息 {"status":"ok","msg":"江西-景德镇","gid":"78119","time_insert":"2021-06-03 07:42"}
2024-10-29 00:44:35 查询号码 【1332014】，GSD为【"江西-景德镇"】

2024-10-29 00:44:36 开始第 2016 次操作

2024-10-29 00:44:36 开始操作号码 【1332015】
2024-10-29 00:44:37 GSD getOne 第 1 次 等待 3 秒
2024-10-29 00:44:40 查询号码 【1332015】，返回信息 {"status":"ok","msg":"江西-宜春","gid":"78135","time_insert":"2021-06-03 08:00"}
2024-10-29 00:44:40 查询号码 【1332015】，GSD为【"江西-宜春"】

