2024-11-08 00:14:51 开始第 3781 次操作

2024-11-08 00:14:51 开始操作号码 【1333780】
2024-11-08 00:14:53 GSD getOne 第 1 次 等待 3 秒
2024-11-08 00:14:56 查询号码 【1333780】，返回信息 {"status":"ok","msg":"江苏-南京","gid":"3130","time_insert":"2017-12-21 09:11","time_update":"2020-08-23 23:38"}
2024-11-08 00:14:56 查询号码 【1333780】，GSD为【"江苏-南京"】

2024-11-08 00:14:57 开始第 3782 次操作

2024-11-08 00:14:57 开始操作号码 【1333781】
2024-11-08 00:14:58 GSD getOne 第 1 次 等待 3 秒
2024-11-08 00:15:01 查询号码 【1333781】，返回信息 {"status":"ok","msg":"江苏-南京","gid":"132466","time_insert":"2021-06-26 14:33"}
2024-11-08 00:15:02 查询号码 【1333781】，GSD为【"江苏-南京"】

2024-11-08 00:15:03 开始第 3783 次操作

2024-11-08 00:15:03 开始操作号码 【1333782】
2024-11-08 00:15:04 GSD getOne 第 1 次 等待 3 秒
2024-11-08 00:15:07 查询号码 【1333782】，返回信息 {"status":"ok","msg":"江苏-南京","gid":"132521","time_insert":"2021-06-26 14:53"}
2024-11-08 00:15:07 查询号码 【1333782】，GSD为【"江苏-南京"】

2024-11-08 00:15:08 开始第 3784 次操作

2024-11-08 00:15:08 开始操作号码 【1333783】
2024-11-08 00:15:10 GSD getOne 第 1 次 等待 3 秒
2024-11-08 00:15:13 查询号码 【1333783】，返回信息 {"status":"ok","msg":"江苏-南京","gid":"132640","time_insert":"2021-06-26 15:15"}
2024-11-08 00:15:13 查询号码 【1333783】，GSD为【"江苏-南京"】

2024-11-08 00:42:13 开始第 3785 次操作

2024-11-08 00:42:13 开始操作号码 【1333784】
2024-11-08 00:42:15 GSD getOne 第 1 次 等待 3 秒
2024-11-08 00:42:18 查询号码 【1333784】，返回信息 {"status":"ok","msg":"江苏-宿迁","gid":"132708","time_insert":"2021-06-26 15:35"}
2024-11-08 00:42:18 查询号码 【1333784】，GSD为【"江苏-宿迁"】

2024-11-08 00:42:19 开始第 3786 次操作

2024-11-08 00:42:19 开始操作号码 【1333785】
2024-11-08 00:42:21 GSD getOne 第 1 次 等待 3 秒
2024-11-08 00:42:24 查询号码 【1333785】，返回信息 {"status":"ok","msg":"江苏-宿迁","gid":"132859","time_insert":"2021-06-26 15:52"}
2024-11-08 00:42:24 查询号码 【1333785】，GSD为【"江苏-宿迁"】

2024-11-08 00:42:25 开始第 3787 次操作

2024-11-08 00:42:25 开始操作号码 【1333786】
2024-11-08 00:42:26 GSD getOne 第 1 次 等待 3 秒
2024-11-08 00:42:29 查询号码 【1333786】，返回信息 {"status":"ok","msg":"江苏-连云港","gid":"132918","time_insert":"2021-06-26 16:08"}
2024-11-08 00:42:29 查询号码 【1333786】，GSD为【"江苏-连云港"】

2024-11-08 00:42:30 开始第 3788 次操作

2024-11-08 00:42:30 开始操作号码 【1333787】
2024-11-08 00:42:32 GSD getOne 第 1 次 等待 3 秒
2024-11-08 00:42:35 查询号码 【1333787】，返回信息 {"status":"ok","msg":"江苏-连云港","gid":"132952","time_insert":"2021-06-26 16:28"}
2024-11-08 00:42:35 查询号码 【1333787】，GSD为【"江苏-连云港"】

