2023-10-24 00:11:16 开始第 4877 次操作

2023-10-24 00:11:16 开始操作号码 【1984790】
2023-10-24 00:11:18 GSD getOne 第 1 次 等待 3 秒
2023-10-24 00:11:21 查询号码 【1984790】，返回信息 {"status":"ok","msg":"内蒙古-赤峰","gid":"512149","time_insert":"2021-08-16 00:32"}
2023-10-24 00:11:21 查询号码 【1984790】，GSD为【"内蒙古-赤峰"】

2023-10-24 00:11:22 开始第 4878 次操作

2023-10-24 00:11:22 开始操作号码 【1984791】
2023-10-24 00:11:30 GSD getOne 第 1 次 等待 3 秒
2023-10-24 00:11:33 查询号码 【1984791】，返回信息 {"status":"ok","msg":"内蒙古-赤峰","gid":"512163","time_insert":"2021-08-16 00:42"}
2023-10-24 00:11:33 查询号码 【1984791】，GSD为【"内蒙古-赤峰"】

2023-10-24 00:11:34 开始第 4879 次操作

2023-10-24 00:11:34 开始操作号码 【1984792】
2023-10-24 00:11:37 GSD getOne 第 1 次 等待 3 秒
2023-10-24 00:11:40 查询号码 【1984792】，返回信息 {"status":"ok","msg":"内蒙古-赤峰","gid":"512165","time_insert":"2021-08-16 00:43"}
2023-10-24 00:11:41 查询号码 【1984792】，GSD为【"内蒙古-赤峰"】

2023-10-24 00:11:42 开始第 4880 次操作

2023-10-24 00:11:42 开始操作号码 【1984793】
2023-10-24 00:11:44 GSD getOne 第 1 次 等待 3 秒
2023-10-24 00:11:47 查询号码 【1984793】，返回信息 {"status":"ok","msg":"内蒙古-赤峰","gid":"512174","time_insert":"2021-08-16 00:51"}
2023-10-24 00:11:47 查询号码 【1984793】，GSD为【"内蒙古-赤峰"】

2023-10-24 00:36:30 开始第 4881 次操作

2023-10-24 00:36:30 开始操作号码 【1984794】
2023-10-24 00:36:32 GSD getOne 第 1 次 等待 3 秒
2023-10-24 00:36:35 查询号码 【1984794】，返回信息 {"status":"ok","msg":"内蒙古-赤峰","gid":"512176","time_insert":"2021-08-16 00:52"}
2023-10-24 00:36:36 查询号码 【1984794】，GSD为【"内蒙古-赤峰"】

2023-10-24 00:36:37 开始第 4882 次操作

2023-10-24 00:36:37 开始操作号码 【1984795】
2023-10-24 00:36:44 GSD getOne 第 1 次 等待 3 秒
2023-10-24 00:36:47 查询号码 【1984795】，返回信息 {"status":"ok","msg":"内蒙古-海拉尔","gid":"512187","time_insert":"2021-08-16 01:01"}
2023-10-24 00:36:47 查询号码 【1984795】，GSD为【"内蒙古-海拉尔"】

2023-10-24 00:36:48 开始第 4883 次操作

2023-10-24 00:36:48 开始操作号码 【1984796】
2023-10-24 00:36:53 GSD getOne 第 1 次 等待 3 秒
2023-10-24 00:36:56 查询号码 【1984796】，返回信息 {"status":"ok","msg":"内蒙古-海拉尔","gid":"512200","time_insert":"2021-08-16 01:10"}
2023-10-24 00:36:56 查询号码 【1984796】，GSD为【"内蒙古-海拉尔"】

2023-10-24 00:36:57 开始第 4884 次操作

2023-10-24 00:36:57 开始操作号码 【1984797】
2023-10-24 00:36:59 GSD getOne 第 1 次 等待 3 秒
2023-10-24 00:37:02 查询号码 【1984797】，返回信息 {"status":"ok","msg":"内蒙古-海拉尔","gid":"512202","time_insert":"2021-08-16 01:12"}
2023-10-24 00:37:02 查询号码 【1984797】，GSD为【"内蒙古-海拉尔"】

