2023-10-23 00:10:19 开始第 4693 次操作

2023-10-23 00:10:19 开始操作号码 【1984606】
2023-10-23 00:10:23 GSD getOne 第 1 次 等待 3 秒
2023-10-23 00:10:26 查询号码 【1984606】，返回信息 {"status":"ok","msg":"黑龙江-哈尔滨","gid":"510825","time_insert":"2021-08-15 08:04"}
2023-10-23 00:10:26 查询号码 【1984606】，GSD为【"黑龙江-哈尔滨"】

2023-10-23 00:10:27 开始第 4694 次操作

2023-10-23 00:10:27 开始操作号码 【1984607】
2023-10-23 00:10:30 GSD getOne 第 1 次 等待 3 秒
2023-10-23 00:10:33 查询号码 【1984607】，返回信息 {"status":"ok","msg":"黑龙江-哈尔滨","gid":"510828","time_insert":"2021-08-15 08:10"}
2023-10-23 00:10:33 查询号码 【1984607】，GSD为【"黑龙江-哈尔滨"】

2023-10-23 00:10:34 开始第 4695 次操作

2023-10-23 00:10:34 开始操作号码 【1984608】
2023-10-23 00:10:49 GSD getOne 第 1 次 等待 3 秒
2023-10-23 00:10:52 查询号码 【1984608】，返回信息 {"status":"ok","msg":"黑龙江-哈尔滨","gid":"510830","time_insert":"2021-08-15 08:14","time_update":"2021-08-15 08:20"}
2023-10-23 00:10:52 查询号码 【1984608】，GSD为【"黑龙江-哈尔滨"】

2023-10-23 00:10:53 开始第 4696 次操作

2023-10-23 00:10:53 开始操作号码 【1984609】
2023-10-23 00:10:59 GSD getOne 第 1 次 等待 3 秒
2023-10-23 00:11:02 查询号码 【1984609】，返回信息 {"status":"ok","msg":"黑龙江-哈尔滨","gid":"510833","time_insert":"2021-08-15 08:23"}
2023-10-23 00:11:02 查询号码 【1984609】，GSD为【"黑龙江-哈尔滨"】

