2024-09-09 00:12:18 开始第 3653 次操作

2024-09-09 00:12:18 开始操作号码 【1443651】
2024-09-09 00:12:28 GSD getOne 第 1 次 等待 3 秒
2024-09-09 00:12:31 查询号码 【1443651】，返回信息 {"status":"ok","msg":"-","gid":"593719","time_insert":"2023-03-16 04:40"}
2024-09-09 00:12:31 查询号码 【1443651】，GSD为【"-"】
2024-09-09 00:12:31 ok && -
2024-09-09 00:12:33 CHB 1443651?1725811951 第 1 次 等待 3 秒
2024-09-09 00:12:36 CHB 1443651?1725811951 第 1 次 获取到号码【1443651】GSD
2024-09-09 00:12:36 未获取到号码【1443651】GSD，可能号码格式错误
2024-09-09 00:12:36 获取到号码【1443651】的GSD为【-】
2024-09-09 00:12:46 GSD insert 第 1 次 等待 3 秒
2024-09-09 00:12:49 {"status":"bad","gid":"593719","msg":"添加失败！号码【1443651(-|-)】已存在！"}
2024-09-09 00:12:49 随机等待 127 秒，约 2 分钟
2024-09-09 00:12:49 下次操作: 2024-09-09 00:14:56

2024-09-09 00:14:56 开始第 3654 次操作

2024-09-09 00:14:56 开始操作号码 【1443652】
2024-09-09 00:15:04 GSD getOne 第 1 次 等待 3 秒
2024-09-09 00:15:07 查询号码 【1443652】，返回信息 {"status":"ok","msg":"-","gid":"593754","time_insert":"2023-03-16 05:01"}
2024-09-09 00:15:07 查询号码 【1443652】，GSD为【"-"】
2024-09-09 00:15:07 ok && -
2024-09-09 00:15:09 CHB 1443652?1725812107 第 1 次 等待 3 秒
2024-09-09 00:15:12 CHB 1443652?1725812107 第 1 次 获取到号码【1443652】GSD
2024-09-09 00:15:12 未获取到号码【1443652】GSD，可能号码格式错误
2024-09-09 00:15:12 获取到号码【1443652】的GSD为【-】
2024-09-09 00:15:20 GSD insert 第 1 次 等待 3 秒
2024-09-09 00:15:23 {"status":"bad","gid":"593754","msg":"添加失败！号码【1443652(-|-)】已存在！"}
2024-09-09 00:15:23 随机等待 190 秒，约 3 分钟
2024-09-09 00:15:23 下次操作: 2024-09-09 00:18:33

2024-09-09 00:18:33 开始第 3655 次操作

2024-09-09 00:18:33 开始操作号码 【1443653】
2024-09-09 00:18:50 GSD getOne 第 1 次 等待 3 秒
2024-09-09 00:18:53 查询号码 【1443653】，返回信息 {"status":"ok","msg":"-","gid":"593780","time_insert":"2023-03-16 05:20"}
2024-09-09 00:18:53 查询号码 【1443653】，GSD为【"-"】
2024-09-09 00:18:53 ok && -
2024-09-09 00:18:55 CHB 1443653?1725812333 第 1 次 等待 3 秒
2024-09-09 00:18:58 CHB 1443653?1725812333 第 1 次 获取到号码【1443653】GSD
2024-09-09 00:18:58 未获取到号码【1443653】GSD，可能号码格式错误
2024-09-09 00:18:58 获取到号码【1443653】的GSD为【-】
2024-09-09 00:19:06 GSD insert 第 1 次 等待 3 秒
2024-09-09 00:19:09 {"status":"bad","gid":"593780","msg":"添加失败！号码【1443653(-|-)】已存在！"}
2024-09-09 00:19:09 随机等待 66 秒，约 1 分钟
2024-09-09 00:19:09 下次操作: 2024-09-09 00:20:15

2024-09-09 00:20:15 开始第 3656 次操作

2024-09-09 00:20:15 开始操作号码 【1443654】
2024-09-09 00:20:23 GSD getOne 第 1 次 等待 3 秒
2024-09-09 00:20:26 查询号码 【1443654】，返回信息 {"status":"ok","msg":"-","gid":"593797","time_insert":"2023-03-16 05:30"}
2024-09-09 00:20:26 查询号码 【1443654】，GSD为【"-"】
2024-09-09 00:20:26 ok && -
2024-09-09 00:20:27 CHB 1443654?1725812426 第 1 次 等待 3 秒
2024-09-09 00:20:30 CHB 1443654?1725812426 第 1 次 获取到号码【1443654】GSD
2024-09-09 00:20:31 未获取到号码【1443654】GSD，可能号码格式错误
2024-09-09 00:20:31 获取到号码【1443654】的GSD为【-】
2024-09-09 00:20:38 GSD insert 第 1 次 等待 3 秒
2024-09-09 00:20:41 {"status":"bad","gid":"593797","msg":"添加失败！号码【1443654(-|-)】已存在！"}

2024-09-09 00:40:12 开始第 3657 次操作

2024-09-09 00:40:12 开始操作号码 【1443655】
2024-09-09 00:40:20 GSD getOne 第 1 次 等待 3 秒
2024-09-09 00:40:23 查询号码 【1443655】，返回信息 {"status":"ok","msg":"-","gid":"593821","time_insert":"2023-03-16 05:44"}
2024-09-09 00:40:23 查询号码 【1443655】，GSD为【"-"】
2024-09-09 00:40:23 ok && -
2024-09-09 00:40:24 CHB 1443655?1725813623 第 1 次 等待 3 秒
2024-09-09 00:40:27 CHB 1443655?1725813623 第 1 次 获取到号码【1443655】GSD
2024-09-09 00:40:27 未获取到号码【1443655】GSD，可能号码格式错误
2024-09-09 00:40:27 获取到号码【1443655】的GSD为【-】
2024-09-09 00:40:35 GSD insert 第 1 次 等待 3 秒
2024-09-09 00:40:38 {"status":"bad","gid":"593821","msg":"添加失败！号码【1443655(-|-)】已存在！"}
2024-09-09 00:40:38 随机等待 204 秒，约 3 分钟
2024-09-09 00:40:38 下次操作: 2024-09-09 00:44:02

2024-09-09 00:44:02 开始第 3658 次操作

2024-09-09 00:44:02 开始操作号码 【1443656】
2024-09-09 00:44:09 GSD getOne 第 1 次 等待 3 秒
2024-09-09 00:44:12 查询号码 【1443656】，返回信息 {"status":"ok","msg":"-","gid":"593845","time_insert":"2023-03-16 05:58"}
2024-09-09 00:44:12 查询号码 【1443656】，GSD为【"-"】
2024-09-09 00:44:12 ok && -
2024-09-09 00:44:14 CHB 1443656?1725813852 第 1 次 等待 3 秒
2024-09-09 00:44:17 CHB 1443656?1725813852 第 1 次 获取到号码【1443656】GSD
2024-09-09 00:44:17 未获取到号码【1443656】GSD，可能号码格式错误
2024-09-09 00:44:17 获取到号码【1443656】的GSD为【-】
2024-09-09 00:44:25 GSD insert 第 1 次 等待 3 秒
2024-09-09 00:44:28 {"status":"bad","gid":"593845","msg":"添加失败！号码【1443656(-|-)】已存在！"}
2024-09-09 00:44:28 随机等待 131 秒，约 2 分钟
2024-09-09 00:44:28 下次操作: 2024-09-09 00:46:39

2024-09-09 00:46:39 开始第 3659 次操作

2024-09-09 00:46:39 开始操作号码 【1443657】
2024-09-09 00:46:46 GSD getOne 第 1 次 等待 3 秒
2024-09-09 00:46:49 查询号码 【1443657】，返回信息 {"status":"ok","msg":"-","gid":"593855","time_insert":"2023-03-16 06:08"}
2024-09-09 00:46:49 查询号码 【1443657】，GSD为【"-"】
2024-09-09 00:46:49 ok && -
2024-09-09 00:46:51 CHB 1443657?1725814009 第 1 次 等待 3 秒
2024-09-09 00:46:54 CHB 1443657?1725814009 第 1 次 获取到号码【1443657】GSD
2024-09-09 00:46:54 未获取到号码【1443657】GSD，可能号码格式错误
2024-09-09 00:46:54 获取到号码【1443657】的GSD为【-】
2024-09-09 00:47:01 GSD insert 第 1 次 等待 3 秒
2024-09-09 00:47:04 {"status":"bad","gid":"593855","msg":"添加失败！号码【1443657(-|-)】已存在！"}
2024-09-09 00:47:04 随机等待 118 秒，约 1 分钟
2024-09-09 00:47:04 下次操作: 2024-09-09 00:49:02

2024-09-09 00:49:02 开始第 3660 次操作

2024-09-09 00:49:02 开始操作号码 【1443658】
2024-09-09 00:49:09 GSD getOne 第 1 次 等待 3 秒
2024-09-09 00:49:13 查询号码 【1443658】，返回信息 {"status":"ok","msg":"-","gid":"593880","time_insert":"2023-03-16 06:24"}
2024-09-09 00:49:13 查询号码 【1443658】，GSD为【"-"】
2024-09-09 00:49:13 ok && -
2024-09-09 00:49:19 CHB 1443658?1725814153 第 1 次 等待 3 秒
2024-09-09 00:49:22 CHB 1443658?1725814153 第 1 次 获取到号码【1443658】GSD
2024-09-09 00:49:22 未获取到号码【1443658】GSD，可能号码格式错误
2024-09-09 00:49:22 获取到号码【1443658】的GSD为【-】
2024-09-09 00:49:30 GSD insert 第 1 次 等待 3 秒
2024-09-09 00:49:33 {"status":"bad","gid":"593880","msg":"添加失败！号码【1443658(-|-)】已存在！"}

