2024-07-20 00:12:09 开始第 7569 次操作

2024-07-20 00:12:09 开始操作号码 【1557478】
2024-07-20 00:12:19 GSD getOne 第 1 次 等待 3 秒
2024-07-20 00:12:22 查询号码 【1557478】，返回信息 {"status":"ok","msg":"湖南-衡阳","gid":"22177","time_insert":"2018-05-18 22:25","time_update":"2020-09-22 22:10"}
2024-07-20 00:12:22 查询号码 【1557478】，GSD为【"湖南-衡阳"】

2024-07-20 00:12:23 开始第 7570 次操作

2024-07-20 00:12:23 开始操作号码 【1557479】
2024-07-20 00:12:32 GSD getOne 第 1 次 等待 3 秒
2024-07-20 00:12:35 查询号码 【1557479】，返回信息 {"status":"ok","msg":"湖南-衡阳","gid":"396768","time_insert":"2021-07-26 03:14"}
2024-07-20 00:12:35 查询号码 【1557479】，GSD为【"湖南-衡阳"】

2024-07-20 00:12:36 开始第 7571 次操作

2024-07-20 00:12:36 开始操作号码 【1557480】
2024-07-20 00:12:45 GSD getOne 第 1 次 等待 3 秒
2024-07-20 00:12:48 查询号码 【1557480】，返回信息 {"status":"ok","msg":"湖南-长沙","gid":"396762","time_insert":"2021-07-26 03:14"}
2024-07-20 00:12:48 查询号码 【1557480】，GSD为【"湖南-长沙"】

2024-07-20 00:12:50 开始第 7572 次操作

2024-07-20 00:12:50 开始操作号码 【1557481】
2024-07-20 00:12:58 GSD getOne 第 1 次 等待 3 秒
2024-07-20 00:13:01 查询号码 【1557481】，返回信息 {"status":"ok","msg":"湖南-长沙","gid":"396754","time_insert":"2021-07-26 03:13"}
2024-07-20 00:13:01 查询号码 【1557481】，GSD为【"湖南-长沙"】

2024-07-20 00:38:12 开始第 7573 次操作

2024-07-20 00:38:12 开始操作号码 【1557482】
2024-07-20 00:38:22 GSD getOne 第 1 次 等待 3 秒
2024-07-20 00:38:25 查询号码 【1557482】，返回信息 {"status":"ok","msg":"湖南-长沙","gid":"396742","time_insert":"2021-07-26 03:12","time_update":"2021-07-28 14:37"}
2024-07-20 00:38:25 查询号码 【1557482】，GSD为【"湖南-长沙"】

2024-07-20 00:38:26 开始第 7574 次操作

2024-07-20 00:38:26 开始操作号码 【1557483】
2024-07-20 00:38:33 GSD getOne 第 1 次 等待 3 秒
2024-07-20 00:38:36 查询号码 【1557483】，返回信息 {"status":"ok","msg":"湖南-长沙","gid":"396738","time_insert":"2021-07-26 03:12"}
2024-07-20 00:38:36 查询号码 【1557483】，GSD为【"湖南-长沙"】

2024-07-20 00:38:37 开始第 7575 次操作

2024-07-20 00:38:37 开始操作号码 【1557484】
2024-07-20 00:38:46 GSD getOne 第 1 次 等待 3 秒
2024-07-20 00:38:49 查询号码 【1557484】，返回信息 {"status":"ok","msg":"湖南-长沙","gid":"396729","time_insert":"2021-07-26 03:11"}
2024-07-20 00:38:49 查询号码 【1557484】，GSD为【"湖南-长沙"】

2024-07-20 00:38:50 开始第 7576 次操作

2024-07-20 00:38:50 开始操作号码 【1557485】
2024-07-20 00:38:57 GSD getOne 第 1 次 等待 3 秒
2024-07-20 00:39:00 查询号码 【1557485】，返回信息 {"status":"ok","msg":"湖南-长沙","gid":"396718","time_insert":"2021-07-26 03:10"}
2024-07-20 00:39:00 查询号码 【1557485】，GSD为【"湖南-长沙"】

2024-07-20 01:10:06 开始第 7577 次操作

2024-07-20 01:10:06 开始操作号码 【1557486】
2024-07-20 01:10:14 GSD getOne 第 1 次 等待 3 秒
2024-07-20 01:10:17 查询号码 【1557486】，返回信息 {"status":"ok","msg":"湖南-长沙","gid":"396708","time_insert":"2021-07-26 03:10"}
2024-07-20 01:10:17 查询号码 【1557486】，GSD为【"湖南-长沙"】

2024-07-20 01:10:18 开始第 7578 次操作

2024-07-20 01:10:18 开始操作号码 【1557487】
2024-07-20 01:10:35 GSD getOne 第 1 次 等待 3 秒
2024-07-20 01:10:38 查询号码 【1557487】，返回信息 {"status":"ok","msg":"湖南-长沙","gid":"396699","time_insert":"2021-07-26 03:09"}
2024-07-20 01:10:38 查询号码 【1557487】，GSD为【"湖南-长沙"】

2024-07-20 01:10:39 开始第 7579 次操作

2024-07-20 01:10:39 开始操作号码 【1557488】
2024-07-20 01:10:47 GSD getOne 第 1 次 等待 3 秒
2024-07-20 01:10:50 查询号码 【1557488】，返回信息 {"status":"ok","msg":"湖南-长沙","gid":"396688","time_insert":"2021-07-26 03:08"}
2024-07-20 01:10:50 查询号码 【1557488】，GSD为【"湖南-长沙"】

2024-07-20 01:10:51 开始第 7580 次操作

2024-07-20 01:10:51 开始操作号码 【1557489】
2024-07-20 01:10:59 GSD getOne 第 1 次 等待 3 秒
2024-07-20 01:11:02 查询号码 【1557489】，返回信息 {"status":"ok","msg":"湖南-长沙","gid":"396677","time_insert":"2021-07-26 03:07"}
2024-07-20 01:11:02 查询号码 【1557489】，GSD为【"湖南-长沙"】

2024-07-20 01:35:35 开始第 7581 次操作

2024-07-20 01:35:35 开始操作号码 【1557490】
2024-07-20 01:35:43 GSD getOne 第 1 次 等待 3 秒
2024-07-20 01:35:46 查询号码 【1557490】，返回信息 {"status":"ok","msg":"湖南-长沙","gid":"396669","time_insert":"2021-07-26 03:07"}
2024-07-20 01:35:46 查询号码 【1557490】，GSD为【"湖南-长沙"】

2024-07-20 01:35:47 开始第 7582 次操作

2024-07-20 01:35:47 开始操作号码 【1557491】
2024-07-20 01:35:55 GSD getOne 第 1 次 等待 3 秒
2024-07-20 01:35:58 查询号码 【1557491】，返回信息 {"status":"ok","msg":"湖南-长沙","gid":"396659","time_insert":"2021-07-26 03:06"}
2024-07-20 01:35:58 查询号码 【1557491】，GSD为【"湖南-长沙"】

2024-07-20 01:35:59 开始第 7583 次操作

2024-07-20 01:35:59 开始操作号码 【1557492】
2024-07-20 01:36:07 GSD getOne 第 1 次 等待 3 秒
2024-07-20 01:36:10 查询号码 【1557492】，返回信息 {"status":"ok","msg":"湖南-长沙","gid":"396648","time_insert":"2021-07-26 03:06"}
2024-07-20 01:36:10 查询号码 【1557492】，GSD为【"湖南-长沙"】

2024-07-20 01:36:11 开始第 7584 次操作

2024-07-20 01:36:11 开始操作号码 【1557493】
2024-07-20 01:36:18 GSD getOne 第 1 次 等待 3 秒
2024-07-20 01:36:21 查询号码 【1557493】，返回信息 {"status":"ok","msg":"湖南-长沙","gid":"396637","time_insert":"2021-07-26 03:05"}
2024-07-20 01:36:21 查询号码 【1557493】，GSD为【"湖南-长沙"】

2024-07-20 02:13:20 开始第 7585 次操作

2024-07-20 02:13:20 开始操作号码 【1557494】
2024-07-20 02:13:30 GSD getOne 第 1 次 等待 3 秒
2024-07-20 02:13:33 查询号码 【1557494】，返回信息 {"status":"ok","msg":"湖南-长沙","gid":"396629","time_insert":"2021-07-26 03:04"}
2024-07-20 02:13:33 查询号码 【1557494】，GSD为【"湖南-长沙"】

2024-07-20 02:13:34 开始第 7586 次操作

2024-07-20 02:13:34 开始操作号码 【1557495】
2024-07-20 02:13:42 GSD getOne 第 1 次 等待 3 秒
2024-07-20 02:13:45 查询号码 【1557495】，返回信息 {"status":"ok","msg":"湖南-长沙","gid":"396618","time_insert":"2021-07-26 03:04"}
2024-07-20 02:13:45 查询号码 【1557495】，GSD为【"湖南-长沙"】

2024-07-20 02:13:46 开始第 7587 次操作

2024-07-20 02:13:46 开始操作号码 【1557496】
2024-07-20 02:13:54 GSD getOne 第 1 次 等待 3 秒
2024-07-20 02:13:57 查询号码 【1557496】，返回信息 {"status":"ok","msg":"湖南-长沙","gid":"396606","time_insert":"2021-07-26 03:03"}
2024-07-20 02:13:57 查询号码 【1557496】，GSD为【"湖南-长沙"】

2024-07-20 02:13:58 开始第 7588 次操作

2024-07-20 02:13:58 开始操作号码 【1557497】
2024-07-20 02:14:06 GSD getOne 第 1 次 等待 3 秒
2024-07-20 02:14:09 查询号码 【1557497】，返回信息 {"status":"ok","msg":"湖南-长沙","gid":"396600","time_insert":"2021-07-26 03:02"}
2024-07-20 02:14:09 查询号码 【1557497】，GSD为【"湖南-长沙"】

2024-07-20 02:37:27 开始第 7589 次操作

2024-07-20 02:37:27 开始操作号码 【1557498】
2024-07-20 02:37:37 GSD getOne 第 1 次 等待 3 秒
2024-07-20 02:37:40 查询号码 【1557498】，返回信息 {"status":"ok","msg":"湖南-长沙","gid":"396593","time_insert":"2021-07-26 03:02"}
2024-07-20 02:37:40 查询号码 【1557498】，GSD为【"湖南-长沙"】

2024-07-20 02:37:41 开始第 7590 次操作

2024-07-20 02:37:41 开始操作号码 【1557499】
2024-07-20 02:37:49 GSD getOne 第 1 次 等待 3 秒
2024-07-20 02:37:52 查询号码 【1557499】，返回信息 {"status":"ok","msg":"湖南-长沙","gid":"396585","time_insert":"2021-07-26 03:01"}
2024-07-20 02:37:52 查询号码 【1557499】，GSD为【"湖南-长沙"】

2024-07-20 02:37:53 开始第 7591 次操作

2024-07-20 02:37:53 开始操作号码 【1557500】
2024-07-20 02:38:01 GSD getOne 第 1 次 等待 3 秒
2024-07-20 02:38:04 查询号码 【1557500】，返回信息 {"status":"ok","msg":"湖南-岳阳","gid":"396576","time_insert":"2021-07-26 03:01"}
2024-07-20 02:38:04 查询号码 【1557500】，GSD为【"湖南-岳阳"】

2024-07-20 02:38:05 开始第 7592 次操作

2024-07-20 02:38:05 开始操作号码 【1557501】
2024-07-20 02:38:12 GSD getOne 第 1 次 等待 3 秒
2024-07-20 02:38:15 查询号码 【1557501】，返回信息 {"status":"ok","msg":"湖南-岳阳","gid":"396566","time_insert":"2021-07-26 03:00"}
2024-07-20 02:38:15 查询号码 【1557501】，GSD为【"湖南-岳阳"】

2024-07-20 03:08:50 开始第 7593 次操作

2024-07-20 03:08:50 开始操作号码 【1557502】
2024-07-20 03:08:58 GSD getOne 第 1 次 等待 3 秒
2024-07-20 03:09:01 查询号码 【1557502】，返回信息 {"status":"ok","msg":"湖南-岳阳","gid":"396556","time_insert":"2021-07-26 02:59"}
2024-07-20 03:09:01 查询号码 【1557502】，GSD为【"湖南-岳阳"】

2024-07-20 03:09:02 开始第 7594 次操作

2024-07-20 03:09:02 开始操作号码 【1557503】
2024-07-20 03:09:10 GSD getOne 第 1 次 等待 3 秒
2024-07-20 03:09:13 查询号码 【1557503】，返回信息 {"status":"ok","msg":"湖南-岳阳","gid":"396546","time_insert":"2021-07-26 02:59"}
2024-07-20 03:09:13 查询号码 【1557503】，GSD为【"湖南-岳阳"】

2024-07-20 03:09:14 开始第 7595 次操作

2024-07-20 03:09:14 开始操作号码 【1557504】
2024-07-20 03:09:22 GSD getOne 第 1 次 等待 3 秒
2024-07-20 03:09:25 查询号码 【1557504】，返回信息 {"status":"ok","msg":"湖南-岳阳","gid":"396537","time_insert":"2021-07-26 02:58"}
2024-07-20 03:09:25 查询号码 【1557504】，GSD为【"湖南-岳阳"】

2024-07-20 03:09:26 开始第 7596 次操作

2024-07-20 03:09:26 开始操作号码 【1557505】
2024-07-20 03:09:33 GSD getOne 第 1 次 等待 3 秒
2024-07-20 03:09:36 查询号码 【1557505】，返回信息 {"status":"ok","msg":"湖南-岳阳","gid":"396525","time_insert":"2021-07-26 02:57"}
2024-07-20 03:09:37 查询号码 【1557505】，GSD为【"湖南-岳阳"】

2024-07-20 03:34:43 开始第 7597 次操作

2024-07-20 03:34:43 开始操作号码 【1557506】
2024-07-20 03:34:51 GSD getOne 第 1 次 等待 3 秒
2024-07-20 03:34:54 查询号码 【1557506】，返回信息 {"status":"ok","msg":"湖南-岳阳","gid":"396513","time_insert":"2021-07-26 02:57"}
2024-07-20 03:34:54 查询号码 【1557506】，GSD为【"湖南-岳阳"】

2024-07-20 03:34:55 开始第 7598 次操作

2024-07-20 03:34:55 开始操作号码 【1557507】
2024-07-20 03:35:02 GSD getOne 第 1 次 等待 3 秒
2024-07-20 03:35:05 查询号码 【1557507】，返回信息 {"status":"ok","msg":"湖南-岳阳","gid":"396506","time_insert":"2021-07-26 02:56"}
2024-07-20 03:35:05 查询号码 【1557507】，GSD为【"湖南-岳阳"】

2024-07-20 03:35:06 开始第 7599 次操作

2024-07-20 03:35:06 开始操作号码 【1557508】
2024-07-20 03:35:14 GSD getOne 第 1 次 等待 3 秒
2024-07-20 03:35:17 查询号码 【1557508】，返回信息 {"status":"ok","msg":"湖南-岳阳","gid":"396203","time_insert":"2021-07-26 02:01"}
2024-07-20 03:35:17 查询号码 【1557508】，GSD为【"湖南-岳阳"】

2024-07-20 03:35:18 开始第 7600 次操作

2024-07-20 03:35:18 开始操作号码 【1557509】
2024-07-20 03:35:26 GSD getOne 第 1 次 等待 3 秒
2024-07-20 03:35:29 查询号码 【1557509】，返回信息 {"status":"ok","msg":"湖南-岳阳","gid":"396194","time_insert":"2021-07-26 02:00"}
2024-07-20 03:35:29 查询号码 【1557509】，GSD为【"湖南-岳阳"】

2024-07-20 04:12:14 开始第 7601 次操作

2024-07-20 04:12:14 开始操作号码 【1557510】
2024-07-20 04:12:27 GSD getOne 第 1 次 等待 3 秒
2024-07-20 04:12:30 查询号码 【1557510】，返回信息 {"status":"ok","msg":"湖南-长沙","gid":"396183","time_insert":"2021-07-26 02:00"}
2024-07-20 04:12:30 查询号码 【1557510】，GSD为【"湖南-长沙"】

2024-07-20 04:12:31 开始第 7602 次操作

2024-07-20 04:12:31 开始操作号码 【1557511】
2024-07-20 04:12:39 GSD getOne 第 1 次 等待 3 秒
2024-07-20 04:12:42 查询号码 【1557511】，返回信息 {"status":"ok","msg":"湖南-长沙","gid":"396173","time_insert":"2021-07-26 01:59","time_update":"2021-07-28 14:49"}
2024-07-20 04:12:42 查询号码 【1557511】，GSD为【"湖南-长沙"】

2024-07-20 04:12:43 开始第 7603 次操作

2024-07-20 04:12:43 开始操作号码 【1557512】
2024-07-20 04:12:51 GSD getOne 第 1 次 等待 3 秒
2024-07-20 04:12:54 查询号码 【1557512】，返回信息 {"status":"ok","msg":"湖南-长沙","gid":"396165","time_insert":"2021-07-26 01:58"}
2024-07-20 04:12:54 查询号码 【1557512】，GSD为【"湖南-长沙"】

2024-07-20 04:12:56 开始第 7604 次操作

2024-07-20 04:12:56 开始操作号码 【1557513】
2024-07-20 04:13:03 GSD getOne 第 1 次 等待 3 秒
2024-07-20 04:13:06 查询号码 【1557513】，返回信息 {"status":"ok","msg":"湖南-长沙","gid":"396153","time_insert":"2021-07-26 01:58"}
2024-07-20 04:13:06 查询号码 【1557513】，GSD为【"湖南-长沙"】

2024-07-20 04:34:15 开始第 7605 次操作

2024-07-20 04:34:15 开始操作号码 【1557514】
2024-07-20 04:34:24 GSD getOne 第 1 次 等待 3 秒
2024-07-20 04:34:27 查询号码 【1557514】，返回信息 {"status":"ok","msg":"湖南-长沙","gid":"396142","time_insert":"2021-07-26 01:57"}
2024-07-20 04:34:27 查询号码 【1557514】，GSD为【"湖南-长沙"】

2024-07-20 04:34:28 开始第 7606 次操作

2024-07-20 04:34:28 开始操作号码 【1557515】
2024-07-20 04:34:35 GSD getOne 第 1 次 等待 3 秒
2024-07-20 04:34:38 查询号码 【1557515】，返回信息 {"status":"ok","msg":"湖南-长沙","gid":"396133","time_insert":"2021-07-26 01:57"}
2024-07-20 04:34:38 查询号码 【1557515】，GSD为【"湖南-长沙"】

2024-07-20 04:34:39 开始第 7607 次操作

2024-07-20 04:34:39 开始操作号码 【1557516】
2024-07-20 04:34:47 GSD getOne 第 1 次 等待 3 秒
2024-07-20 04:34:50 查询号码 【1557516】，返回信息 {"status":"ok","msg":"湖南-长沙","gid":"396125","time_insert":"2021-07-26 01:56"}
2024-07-20 04:34:50 查询号码 【1557516】，GSD为【"湖南-长沙"】

2024-07-20 04:34:51 开始第 7608 次操作

2024-07-20 04:34:51 开始操作号码 【1557517】
2024-07-20 04:34:58 GSD getOne 第 1 次 等待 3 秒
2024-07-20 04:35:01 查询号码 【1557517】，返回信息 {"status":"ok","msg":"湖南-长沙","gid":"396115","time_insert":"2021-07-26 01:56"}
2024-07-20 04:35:01 查询号码 【1557517】，GSD为【"湖南-长沙"】

2024-07-20 05:08:58 开始第 7609 次操作

2024-07-20 05:08:58 开始操作号码 【1557518】
2024-07-20 05:09:08 GSD getOne 第 1 次 等待 3 秒
2024-07-20 05:09:11 查询号码 【1557518】，返回信息 {"status":"ok","msg":"湖南-长沙","gid":"22178","time_insert":"2015-09-29 22:06","time_update":"2020-09-22 22:14"}
2024-07-20 05:09:11 查询号码 【1557518】，GSD为【"湖南-长沙"】

2024-07-20 05:09:12 开始第 7610 次操作

2024-07-20 05:09:12 开始操作号码 【1557519】
2024-07-20 05:09:20 GSD getOne 第 1 次 等待 3 秒
2024-07-20 05:09:23 查询号码 【1557519】，返回信息 {"status":"ok","msg":"湖南-长沙","gid":"396106","time_insert":"2021-07-26 01:55"}
2024-07-20 05:09:23 查询号码 【1557519】，GSD为【"湖南-长沙"】

2024-07-20 05:09:24 开始第 7611 次操作

2024-07-20 05:09:24 开始操作号码 【1557520】
2024-07-20 05:09:31 GSD getOne 第 1 次 等待 3 秒
2024-07-20 05:09:35 查询号码 【1557520】，返回信息 {"status":"ok","msg":"湖南-永州","gid":"396094","time_insert":"2021-07-26 01:54"}
2024-07-20 05:09:35 查询号码 【1557520】，GSD为【"湖南-永州"】

2024-07-20 05:09:36 开始第 7612 次操作

2024-07-20 05:09:36 开始操作号码 【1557521】
2024-07-20 05:09:45 GSD getOne 第 1 次 等待 3 秒
2024-07-20 05:09:48 查询号码 【1557521】，返回信息 {"status":"ok","msg":"湖南-永州","gid":"396081","time_insert":"2021-07-26 01:54"}
2024-07-20 05:09:48 查询号码 【1557521】，GSD为【"湖南-永州"】

2024-07-20 05:33:38 开始第 7613 次操作

2024-07-20 05:33:38 开始操作号码 【1557522】
2024-07-20 05:33:46 GSD getOne 第 1 次 等待 3 秒
2024-07-20 05:33:49 查询号码 【1557522】，返回信息 {"status":"ok","msg":"湖南-永州","gid":"396073","time_insert":"2021-07-26 01:53"}
2024-07-20 05:33:49 查询号码 【1557522】，GSD为【"湖南-永州"】

2024-07-20 05:33:50 开始第 7614 次操作

2024-07-20 05:33:50 开始操作号码 【1557523】
2024-07-20 05:33:58 GSD getOne 第 1 次 等待 3 秒
2024-07-20 05:34:01 查询号码 【1557523】，返回信息 {"status":"ok","msg":"湖南-永州","gid":"396064","time_insert":"2021-07-26 01:52"}
2024-07-20 05:34:01 查询号码 【1557523】，GSD为【"湖南-永州"】

2024-07-20 05:34:02 开始第 7615 次操作

2024-07-20 05:34:02 开始操作号码 【1557524】
2024-07-20 05:34:10 GSD getOne 第 1 次 等待 3 秒
2024-07-20 05:34:13 查询号码 【1557524】，返回信息 {"status":"ok","msg":"湖南-永州","gid":"396050","time_insert":"2021-07-26 01:52"}
2024-07-20 05:34:13 查询号码 【1557524】，GSD为【"湖南-永州"】

2024-07-20 05:34:14 开始第 7616 次操作

2024-07-20 05:34:14 开始操作号码 【1557525】
2024-07-20 05:34:22 GSD getOne 第 1 次 等待 3 秒
2024-07-20 05:34:25 查询号码 【1557525】，返回信息 {"status":"ok","msg":"湖南-永州","gid":"396041","time_insert":"2021-07-26 01:51","time_update":"2021-07-28 15:02"}
2024-07-20 05:34:25 查询号码 【1557525】，GSD为【"湖南-永州"】

2024-07-20 06:11:03 开始第 7617 次操作

2024-07-20 06:11:03 开始操作号码 【1557526】
2024-07-20 06:11:12 GSD getOne 第 1 次 等待 3 秒
2024-07-20 06:11:15 查询号码 【1557526】，返回信息 {"status":"ok","msg":"湖南-永州","gid":"396030","time_insert":"2021-07-26 01:51"}
2024-07-20 06:11:15 查询号码 【1557526】，GSD为【"湖南-永州"】

2024-07-20 06:11:16 开始第 7618 次操作

2024-07-20 06:11:16 开始操作号码 【1557527】
2024-07-20 06:11:24 GSD getOne 第 1 次 等待 3 秒
2024-07-20 06:11:27 查询号码 【1557527】，返回信息 {"status":"ok","msg":"湖南-永州","gid":"396020","time_insert":"2021-07-26 01:50"}
2024-07-20 06:11:27 查询号码 【1557527】，GSD为【"湖南-永州"】

2024-07-20 06:11:28 开始第 7619 次操作

2024-07-20 06:11:28 开始操作号码 【1557528】
2024-07-20 06:11:36 GSD getOne 第 1 次 等待 3 秒
2024-07-20 06:11:39 查询号码 【1557528】，返回信息 {"status":"ok","msg":"湖南-永州","gid":"396010","time_insert":"2021-07-26 01:50"}
2024-07-20 06:11:39 查询号码 【1557528】，GSD为【"湖南-永州"】

2024-07-20 06:11:40 开始第 7620 次操作

2024-07-20 06:11:40 开始操作号码 【1557529】
2024-07-20 06:11:48 GSD getOne 第 1 次 等待 3 秒
2024-07-20 06:11:51 查询号码 【1557529】，返回信息 {"status":"ok","msg":"湖南-永州","gid":"396004","time_insert":"2021-07-26 01:49"}
2024-07-20 06:11:51 查询号码 【1557529】，GSD为【"湖南-永州"】

2024-07-20 06:35:27 开始第 7621 次操作

2024-07-20 06:35:27 开始操作号码 【1557530】
2024-07-20 06:35:35 GSD getOne 第 1 次 等待 3 秒
2024-07-20 06:35:38 查询号码 【1557530】，返回信息 {"status":"ok","msg":"湖南-永州","gid":"395994","time_insert":"2021-07-26 01:49"}
2024-07-20 06:35:38 查询号码 【1557530】，GSD为【"湖南-永州"】

2024-07-20 06:35:39 开始第 7622 次操作

2024-07-20 06:35:39 开始操作号码 【1557531】
2024-07-20 06:35:46 GSD getOne 第 1 次 等待 3 秒
2024-07-20 06:35:49 查询号码 【1557531】，返回信息 {"status":"ok","msg":"湖南-永州","gid":"395982","time_insert":"2021-07-26 01:48"}
2024-07-20 06:35:49 查询号码 【1557531】，GSD为【"湖南-永州"】

2024-07-20 06:35:50 开始第 7623 次操作

2024-07-20 06:35:50 开始操作号码 【1557532】
2024-07-20 06:35:58 GSD getOne 第 1 次 等待 3 秒
2024-07-20 06:36:01 查询号码 【1557532】，返回信息 {"status":"ok","msg":"湖南-永州","gid":"395971","time_insert":"2021-07-26 01:47"}
2024-07-20 06:36:01 查询号码 【1557532】，GSD为【"湖南-永州"】

2024-07-20 06:36:02 开始第 7624 次操作

2024-07-20 06:36:02 开始操作号码 【1557533】
2024-07-20 06:36:10 GSD getOne 第 1 次 等待 3 秒
2024-07-20 06:36:13 查询号码 【1557533】，返回信息 {"status":"ok","msg":"湖南-永州","gid":"395960","time_insert":"2021-07-26 01:47"}
2024-07-20 06:36:13 查询号码 【1557533】，GSD为【"湖南-永州"】

2024-07-20 07:10:28 开始第 7625 次操作

2024-07-20 07:10:28 开始操作号码 【1557534】
2024-07-20 07:10:36 GSD getOne 第 1 次 等待 3 秒
2024-07-20 07:10:39 查询号码 【1557534】，返回信息 {"status":"ok","msg":"湖南-永州","gid":"395954","time_insert":"2021-07-26 01:46"}
2024-07-20 07:10:39 查询号码 【1557534】，GSD为【"湖南-永州"】

2024-07-20 07:10:40 开始第 7626 次操作

2024-07-20 07:10:40 开始操作号码 【1557535】
2024-07-20 07:10:48 GSD getOne 第 1 次 等待 3 秒
2024-07-20 07:10:51 查询号码 【1557535】，返回信息 {"status":"ok","msg":"湖南-永州","gid":"395945","time_insert":"2021-07-26 01:46"}
2024-07-20 07:10:51 查询号码 【1557535】，GSD为【"湖南-永州"】

2024-07-20 07:10:52 开始第 7627 次操作

2024-07-20 07:10:52 开始操作号码 【1557536】
2024-07-20 07:11:01 GSD getOne 第 1 次 等待 3 秒
2024-07-20 07:11:04 查询号码 【1557536】，返回信息 {"status":"ok","msg":"湖南-永州","gid":"395935","time_insert":"2021-07-26 01:45"}
2024-07-20 07:11:04 查询号码 【1557536】，GSD为【"湖南-永州"】

2024-07-20 07:11:05 开始第 7628 次操作

2024-07-20 07:11:05 开始操作号码 【1557537】
2024-07-20 07:11:17 GSD getOne 第 1 次 等待 3 秒
2024-07-20 07:11:20 查询号码 【1557537】，返回信息 {"status":"ok","msg":"湖南-永州","gid":"395923","time_insert":"2021-07-26 01:44"}
2024-07-20 07:11:20 查询号码 【1557537】，GSD为【"湖南-永州"】

2024-07-20 07:33:27 开始第 7629 次操作

2024-07-20 07:33:27 开始操作号码 【1557538】
2024-07-20 07:33:35 GSD getOne 第 1 次 等待 3 秒
2024-07-20 07:33:38 查询号码 【1557538】，返回信息 {"status":"ok","msg":"湖南-永州","gid":"395915","time_insert":"2021-07-26 01:44"}
2024-07-20 07:33:38 查询号码 【1557538】，GSD为【"湖南-永州"】

2024-07-20 07:33:39 开始第 7630 次操作

2024-07-20 07:33:39 开始操作号码 【1557539】
2024-07-20 07:33:47 GSD getOne 第 1 次 等待 3 秒
2024-07-20 07:33:50 查询号码 【1557539】，返回信息 {"status":"ok","msg":"湖南-永州","gid":"395906","time_insert":"2021-07-26 01:43"}
2024-07-20 07:33:50 查询号码 【1557539】，GSD为【"湖南-永州"】

2024-07-20 07:33:51 开始第 7631 次操作

2024-07-20 07:33:51 开始操作号码 【1557540】
2024-07-20 07:33:58 GSD getOne 第 1 次 等待 3 秒
2024-07-20 07:34:01 查询号码 【1557540】，返回信息 {"status":"ok","msg":"湖南-衡阳","gid":"395898","time_insert":"2021-07-26 01:43"}
2024-07-20 07:34:01 查询号码 【1557540】，GSD为【"湖南-衡阳"】

2024-07-20 07:34:02 开始第 7632 次操作

2024-07-20 07:34:02 开始操作号码 【1557541】
2024-07-20 07:34:04 GSD getOne 第 1 次 等待 3 秒
2024-07-20 07:34:07 查询号码 【1557541】，返回信息 {"status":"ok","msg":"湖南-衡阳","gid":"22179","time_insert":"2017-04-20 16:08","time_update":"2020-09-22 22:19"}
2024-07-20 07:34:07 查询号码 【1557541】，GSD为【"湖南-衡阳"】

2024-07-20 08:45:36 开始第 7633 次操作

2024-07-20 08:45:36 开始操作号码 【1557542】
2024-07-20 08:45:45 GSD getOne 第 1 次 等待 3 秒
2024-07-20 08:45:48 查询号码 【1557542】，返回信息 {"status":"ok","msg":"湖南-衡阳","gid":"395890","time_insert":"2021-07-26 01:42"}
2024-07-20 08:45:48 查询号码 【1557542】，GSD为【"湖南-衡阳"】

2024-07-20 08:45:49 开始第 7634 次操作

2024-07-20 08:45:49 开始操作号码 【1557543】
2024-07-20 08:45:59 GSD getOne 第 1 次 等待 3 秒
2024-07-20 08:46:02 查询号码 【1557543】，返回信息 {"status":"ok","msg":"湖南-衡阳","gid":"395880","time_insert":"2021-07-26 01:42"}
2024-07-20 08:46:02 查询号码 【1557543】，GSD为【"湖南-衡阳"】

2024-07-20 08:46:04 开始第 7635 次操作

2024-07-20 08:46:04 开始操作号码 【1557544】
2024-07-20 08:46:11 GSD getOne 第 1 次 等待 3 秒
2024-07-20 08:46:14 查询号码 【1557544】，返回信息 {"status":"ok","msg":"湖南-衡阳","gid":"395875","time_insert":"2021-07-26 01:41"}
2024-07-20 08:46:14 查询号码 【1557544】，GSD为【"湖南-衡阳"】

2024-07-20 08:46:15 开始第 7636 次操作

2024-07-20 08:46:15 开始操作号码 【1557545】
2024-07-20 08:46:23 GSD getOne 第 1 次 等待 3 秒
2024-07-20 08:46:26 查询号码 【1557545】，返回信息 {"status":"ok","msg":"湖南-衡阳","gid":"395870","time_insert":"2021-07-26 01:40"}
2024-07-20 08:46:26 查询号码 【1557545】，GSD为【"湖南-衡阳"】

2024-07-20 09:56:15 开始第 7637 次操作

2024-07-20 09:56:15 开始操作号码 【1557546】
2024-07-20 09:56:23 GSD getOne 第 1 次 等待 3 秒
2024-07-20 09:56:26 查询号码 【1557546】，返回信息 {"status":"ok","msg":"湖南-衡阳","gid":"395868","time_insert":"2021-07-26 01:40"}
2024-07-20 09:56:27 查询号码 【1557546】，GSD为【"湖南-衡阳"】

2024-07-20 09:56:28 开始第 7638 次操作

2024-07-20 09:56:28 开始操作号码 【1557547】
2024-07-20 09:56:36 GSD getOne 第 1 次 等待 3 秒
2024-07-20 09:56:39 查询号码 【1557547】，返回信息 {"status":"ok","msg":"湖南-衡阳","gid":"395859","time_insert":"2021-07-26 01:39"}
2024-07-20 09:56:39 查询号码 【1557547】，GSD为【"湖南-衡阳"】

2024-07-20 09:56:40 开始第 7639 次操作

2024-07-20 09:56:40 开始操作号码 【1557548】
2024-07-20 09:56:47 GSD getOne 第 1 次 等待 3 秒
2024-07-20 09:56:50 查询号码 【1557548】，返回信息 {"status":"ok","msg":"湖南-衡阳","gid":"395857","time_insert":"2021-07-26 01:39"}
2024-07-20 09:56:50 查询号码 【1557548】，GSD为【"湖南-衡阳"】

2024-07-20 09:56:51 开始第 7640 次操作

2024-07-20 09:56:51 开始操作号码 【1557549】
2024-07-20 09:57:01 GSD getOne 第 1 次 等待 3 秒
2024-07-20 09:57:04 查询号码 【1557549】，返回信息 {"status":"ok","msg":"湖南-衡阳","gid":"395853","time_insert":"2021-07-26 01:38"}
2024-07-20 09:57:04 查询号码 【1557549】，GSD为【"湖南-衡阳"】

2024-07-20 10:28:19 开始第 7641 次操作

2024-07-20 10:28:19 开始操作号码 【1557550】
2024-07-20 10:28:28 GSD getOne 第 1 次 等待 3 秒
2024-07-20 10:28:31 查询号码 【1557550】，返回信息 {"status":"ok","msg":"湖南-衡阳","gid":"395348","time_insert":"2021-07-26 00:18"}
2024-07-20 10:28:31 查询号码 【1557550】，GSD为【"湖南-衡阳"】

2024-07-20 10:28:32 开始第 7642 次操作

2024-07-20 10:28:32 开始操作号码 【1557551】
2024-07-20 10:28:40 GSD getOne 第 1 次 等待 3 秒
2024-07-20 10:28:43 查询号码 【1557551】，返回信息 {"status":"ok","msg":"湖南-衡阳","gid":"395345","time_insert":"2021-07-26 00:17"}
2024-07-20 10:28:43 查询号码 【1557551】，GSD为【"湖南-衡阳"】

2024-07-20 10:28:44 开始第 7643 次操作

2024-07-20 10:28:44 开始操作号码 【1557552】
2024-07-20 10:28:52 GSD getOne 第 1 次 等待 3 秒
2024-07-20 10:28:55 查询号码 【1557552】，返回信息 {"status":"ok","msg":"湖南-衡阳","gid":"395341","time_insert":"2021-07-26 00:17"}
2024-07-20 10:28:55 查询号码 【1557552】，GSD为【"湖南-衡阳"】

2024-07-20 10:28:56 开始第 7644 次操作

2024-07-20 10:28:56 开始操作号码 【1557553】
2024-07-20 10:29:04 GSD getOne 第 1 次 等待 3 秒
2024-07-20 10:29:07 查询号码 【1557553】，返回信息 {"status":"ok","msg":"湖南-衡阳","gid":"395335","time_insert":"2021-07-26 00:16"}
2024-07-20 10:29:07 查询号码 【1557553】，GSD为【"湖南-衡阳"】

2024-07-20 10:44:33 开始第 7645 次操作

2024-07-20 10:44:33 开始操作号码 【1557554】
2024-07-20 10:44:41 GSD getOne 第 1 次 等待 3 秒
2024-07-20 10:44:44 查询号码 【1557554】，返回信息 {"status":"ok","msg":"湖南-衡阳","gid":"395328","time_insert":"2021-07-26 00:16"}
2024-07-20 10:44:44 查询号码 【1557554】，GSD为【"湖南-衡阳"】

2024-07-20 10:44:45 开始第 7646 次操作

2024-07-20 10:44:45 开始操作号码 【1557555】
2024-07-20 10:44:54 GSD getOne 第 1 次 等待 3 秒
2024-07-20 10:44:57 查询号码 【1557555】，返回信息 {"status":"ok","msg":"湖南-衡阳","gid":"395322","time_insert":"2021-07-26 00:15"}
2024-07-20 10:44:57 查询号码 【1557555】，GSD为【"湖南-衡阳"】

2024-07-20 10:44:58 开始第 7647 次操作

2024-07-20 10:44:58 开始操作号码 【1557556】
2024-07-20 10:45:06 GSD getOne 第 1 次 等待 3 秒
2024-07-20 10:45:09 查询号码 【1557556】，返回信息 {"status":"ok","msg":"湖南-衡阳","gid":"22180","time_insert":"2017-04-19 11:23","time_update":"2020-09-22 22:22"}
2024-07-20 10:45:09 查询号码 【1557556】，GSD为【"湖南-衡阳"】

2024-07-20 10:45:10 开始第 7648 次操作

2024-07-20 10:45:10 开始操作号码 【1557557】
2024-07-20 10:45:18 GSD getOne 第 1 次 等待 3 秒
2024-07-20 10:45:21 查询号码 【1557557】，返回信息 {"status":"ok","msg":"湖南-衡阳","gid":"395315","time_insert":"2021-07-26 00:14"}
2024-07-20 10:45:21 查询号码 【1557557】，GSD为【"湖南-衡阳"】

2024-07-20 11:11:47 开始第 7649 次操作

2024-07-20 11:11:47 开始操作号码 【1557558】
2024-07-20 11:11:55 GSD getOne 第 1 次 等待 3 秒
2024-07-20 11:11:59 查询号码 【1557558】，返回信息 {"status":"ok","msg":"湖南-邵阳","gid":"395308","time_insert":"2021-07-26 00:14"}
2024-07-20 11:11:59 查询号码 【1557558】，GSD为【"湖南-邵阳"】

2024-07-20 11:12:00 开始第 7650 次操作

2024-07-20 11:12:00 开始操作号码 【1557559】
2024-07-20 11:12:08 GSD getOne 第 1 次 等待 3 秒
2024-07-20 11:12:11 查询号码 【1557559】，返回信息 {"status":"ok","msg":"湖南-邵阳","gid":"395299","time_insert":"2021-07-26 00:13"}
2024-07-20 11:12:11 查询号码 【1557559】，GSD为【"湖南-邵阳"】

2024-07-20 11:12:12 开始第 7651 次操作

2024-07-20 11:12:12 开始操作号码 【1557560】
2024-07-20 11:12:20 GSD getOne 第 1 次 等待 3 秒
2024-07-20 11:12:23 查询号码 【1557560】，返回信息 {"status":"ok","msg":"湖南-郴州","gid":"395291","time_insert":"2021-07-26 00:12"}
2024-07-20 11:12:23 查询号码 【1557560】，GSD为【"湖南-郴州"】

2024-07-20 11:12:24 开始第 7652 次操作

2024-07-20 11:12:24 开始操作号码 【1557561】
2024-07-20 11:12:32 GSD getOne 第 1 次 等待 3 秒
2024-07-20 11:12:35 查询号码 【1557561】，返回信息 {"status":"ok","msg":"湖南-郴州","gid":"395284","time_insert":"2021-07-26 00:12"}
2024-07-20 11:12:35 查询号码 【1557561】，GSD为【"湖南-郴州"】

2024-07-20 11:34:56 开始第 7653 次操作

2024-07-20 11:34:56 开始操作号码 【1557562】
2024-07-20 11:35:03 GSD getOne 第 1 次 等待 3 秒
2024-07-20 11:35:06 查询号码 【1557562】，返回信息 {"status":"ok","msg":"湖南-郴州","gid":"395274","time_insert":"2021-07-26 00:11"}
2024-07-20 11:35:06 查询号码 【1557562】，GSD为【"湖南-郴州"】

2024-07-20 11:35:08 开始第 7654 次操作

2024-07-20 11:35:08 开始操作号码 【1557563】
2024-07-20 11:35:15 GSD getOne 第 1 次 等待 3 秒
2024-07-20 11:35:18 查询号码 【1557563】，返回信息 {"status":"ok","msg":"湖南-郴州","gid":"395269","time_insert":"2021-07-26 00:11"}
2024-07-20 11:35:18 查询号码 【1557563】，GSD为【"湖南-郴州"】

2024-07-20 11:35:19 开始第 7655 次操作

2024-07-20 11:35:19 开始操作号码 【1557564】
2024-07-20 11:35:27 GSD getOne 第 1 次 等待 3 秒
2024-07-20 11:35:30 查询号码 【1557564】，返回信息 {"status":"ok","msg":"湖南-郴州","gid":"395262","time_insert":"2021-07-26 00:10"}
2024-07-20 11:35:30 查询号码 【1557564】，GSD为【"湖南-郴州"】

2024-07-20 11:35:31 开始第 7656 次操作

2024-07-20 11:35:31 开始操作号码 【1557565】
2024-07-20 11:35:39 GSD getOne 第 1 次 等待 3 秒
2024-07-20 11:35:42 查询号码 【1557565】，返回信息 {"status":"ok","msg":"湖南-郴州","gid":"395257","time_insert":"2021-07-26 00:10"}
2024-07-20 11:35:42 查询号码 【1557565】，GSD为【"湖南-郴州"】

2024-07-20 12:13:37 开始第 7657 次操作

2024-07-20 12:13:37 开始操作号码 【1557566】
2024-07-20 12:13:47 GSD getOne 第 1 次 等待 3 秒
2024-07-20 12:13:50 查询号码 【1557566】，返回信息 {"status":"ok","msg":"湖南-郴州","gid":"395252","time_insert":"2021-07-26 00:09"}
2024-07-20 12:13:50 查询号码 【1557566】，GSD为【"湖南-郴州"】

2024-07-20 12:13:51 开始第 7658 次操作

2024-07-20 12:13:51 开始操作号码 【1557567】
2024-07-20 12:13:59 GSD getOne 第 1 次 等待 3 秒
2024-07-20 12:14:02 查询号码 【1557567】，返回信息 {"status":"ok","msg":"湖南-郴州","gid":"395246","time_insert":"2021-07-26 00:08"}
2024-07-20 12:14:02 查询号码 【1557567】，GSD为【"湖南-郴州"】

2024-07-20 12:14:03 开始第 7659 次操作

2024-07-20 12:14:03 开始操作号码 【1557568】
2024-07-20 12:14:11 GSD getOne 第 1 次 等待 3 秒
2024-07-20 12:14:14 查询号码 【1557568】，返回信息 {"status":"ok","msg":"湖南-郴州","gid":"395233","time_insert":"2021-07-26 00:07"}
2024-07-20 12:14:14 查询号码 【1557568】，GSD为【"湖南-郴州"】

2024-07-20 12:14:15 开始第 7660 次操作

2024-07-20 12:14:15 开始操作号码 【1557569】
2024-07-20 12:14:23 GSD getOne 第 1 次 等待 3 秒
2024-07-20 12:14:26 查询号码 【1557569】，返回信息 {"status":"ok","msg":"湖南-郴州","gid":"395227","time_insert":"2021-07-26 00:07"}
2024-07-20 12:14:26 查询号码 【1557569】，GSD为【"湖南-郴州"】

2024-07-20 12:36:39 开始第 7661 次操作

2024-07-20 12:36:39 开始操作号码 【1557570】
2024-07-20 12:36:47 GSD getOne 第 1 次 等待 3 秒
2024-07-20 12:36:50 查询号码 【1557570】，返回信息 {"status":"ok","msg":"湖南-郴州","gid":"395220","time_insert":"2021-07-26 00:06"}
2024-07-20 12:36:50 查询号码 【1557570】，GSD为【"湖南-郴州"】

2024-07-20 12:36:51 开始第 7662 次操作

2024-07-20 12:36:51 开始操作号码 【1557571】
2024-07-20 12:36:59 GSD getOne 第 1 次 等待 3 秒
2024-07-20 12:37:02 查询号码 【1557571】，返回信息 {"status":"ok","msg":"湖南-郴州","gid":"395206","time_insert":"2021-07-26 00:05"}
2024-07-20 12:37:02 查询号码 【1557571】，GSD为【"湖南-郴州"】

2024-07-20 12:37:03 开始第 7663 次操作

2024-07-20 12:37:03 开始操作号码 【1557572】
2024-07-20 12:37:12 GSD getOne 第 1 次 等待 3 秒
2024-07-20 12:37:15 查询号码 【1557572】，返回信息 {"status":"ok","msg":"湖南-郴州","gid":"395197","time_insert":"2021-07-26 00:05"}
2024-07-20 12:37:15 查询号码 【1557572】，GSD为【"湖南-郴州"】

2024-07-20 12:37:16 开始第 7664 次操作

2024-07-20 12:37:16 开始操作号码 【1557573】
2024-07-20 12:37:24 GSD getOne 第 1 次 等待 3 秒
2024-07-20 12:37:27 查询号码 【1557573】，返回信息 {"status":"ok","msg":"湖南-郴州","gid":"395183","time_insert":"2021-07-26 00:04"}
2024-07-20 12:37:27 查询号码 【1557573】，GSD为【"湖南-郴州"】

2024-07-20 13:10:17 开始第 7665 次操作

2024-07-20 13:10:17 开始操作号码 【1557574】
2024-07-20 13:10:24 GSD getOne 第 1 次 等待 3 秒
2024-07-20 13:10:27 查询号码 【1557574】，返回信息 {"status":"ok","msg":"湖南-郴州","gid":"395174","time_insert":"2021-07-26 00:03"}
2024-07-20 13:10:27 查询号码 【1557574】，GSD为【"湖南-郴州"】

2024-07-20 13:10:28 开始第 7666 次操作

2024-07-20 13:10:28 开始操作号码 【1557575】
2024-07-20 13:10:36 GSD getOne 第 1 次 等待 3 秒
2024-07-20 13:10:39 查询号码 【1557575】，返回信息 {"status":"ok","msg":"湖南-郴州","gid":"395167","time_insert":"2021-07-26 00:02"}
2024-07-20 13:10:39 查询号码 【1557575】，GSD为【"湖南-郴州"】

2024-07-20 13:10:40 开始第 7667 次操作

2024-07-20 13:10:40 开始操作号码 【1557576】
2024-07-20 13:10:48 GSD getOne 第 1 次 等待 3 秒
2024-07-20 13:10:51 查询号码 【1557576】，返回信息 {"status":"ok","msg":"湖南-郴州","gid":"395156","time_insert":"2021-07-26 00:02"}
2024-07-20 13:10:51 查询号码 【1557576】，GSD为【"湖南-郴州"】

2024-07-20 13:10:52 开始第 7668 次操作

2024-07-20 13:10:52 开始操作号码 【1557577】
2024-07-20 13:11:00 GSD getOne 第 1 次 等待 3 秒
2024-07-20 13:11:03 查询号码 【1557577】，返回信息 {"status":"ok","msg":"湖南-郴州","gid":"395148","time_insert":"2021-07-26 00:01"}
2024-07-20 13:11:03 查询号码 【1557577】，GSD为【"湖南-郴州"】

2024-07-20 13:34:49 开始第 7669 次操作

2024-07-20 13:34:49 开始操作号码 【1557578】
2024-07-20 13:34:56 GSD getOne 第 1 次 等待 3 秒
2024-07-20 13:34:59 查询号码 【1557578】，返回信息 {"status":"ok","msg":"湖南-郴州","gid":"395139","time_insert":"2021-07-26 00:01"}
2024-07-20 13:35:00 查询号码 【1557578】，GSD为【"湖南-郴州"】

2024-07-20 13:35:01 开始第 7670 次操作

2024-07-20 13:35:01 开始操作号码 【1557579】
2024-07-20 13:35:09 GSD getOne 第 1 次 等待 3 秒
2024-07-20 13:35:12 查询号码 【1557579】，返回信息 {"status":"ok","msg":"湖南-郴州","gid":"395132","time_insert":"2021-07-26 00:00"}
2024-07-20 13:35:12 查询号码 【1557579】，GSD为【"湖南-郴州"】

2024-07-20 13:35:13 开始第 7671 次操作

2024-07-20 13:35:13 开始操作号码 【1557580】
2024-07-20 13:35:20 GSD getOne 第 1 次 等待 3 秒
2024-07-20 13:35:23 查询号码 【1557580】，返回信息 {"status":"ok","msg":"湖南-长沙","gid":"395118","time_insert":"2021-07-25 23:59","time_update":"2021-07-28 15:18"}
2024-07-20 13:35:23 查询号码 【1557580】，GSD为【"湖南-长沙"】

2024-07-20 13:35:24 开始第 7672 次操作

2024-07-20 13:35:24 开始操作号码 【1557581】
2024-07-20 13:35:32 GSD getOne 第 1 次 等待 3 秒
2024-07-20 13:35:35 查询号码 【1557581】，返回信息 {"status":"ok","msg":"湖南-长沙","gid":"395110","time_insert":"2021-07-25 23:58"}
2024-07-20 13:35:35 查询号码 【1557581】，GSD为【"湖南-长沙"】

2024-07-20 14:14:54 开始第 7673 次操作

2024-07-20 14:14:54 开始操作号码 【1557582】
2024-07-20 14:15:04 GSD getOne 第 1 次 等待 3 秒
2024-07-20 14:15:07 查询号码 【1557582】，返回信息 {"status":"ok","msg":"湖南-长沙","gid":"395101","time_insert":"2021-07-25 23:58"}
2024-07-20 14:15:07 查询号码 【1557582】，GSD为【"湖南-长沙"】

2024-07-20 14:15:08 开始第 7674 次操作

2024-07-20 14:15:08 开始操作号码 【1557583】
2024-07-20 14:15:17 GSD getOne 第 1 次 等待 3 秒
2024-07-20 14:15:20 查询号码 【1557583】，返回信息 {"status":"ok","msg":"湖南-长沙","gid":"395095","time_insert":"2021-07-25 23:57"}
2024-07-20 14:15:20 查询号码 【1557583】，GSD为【"湖南-长沙"】

2024-07-20 14:15:21 开始第 7675 次操作

2024-07-20 14:15:21 开始操作号码 【1557584】
2024-07-20 14:15:32 GSD getOne 第 1 次 等待 3 秒
2024-07-20 14:15:35 查询号码 【1557584】，返回信息 {"status":"ok","msg":"湖南-长沙","gid":"395086","time_insert":"2021-07-25 23:57"}
2024-07-20 14:15:35 查询号码 【1557584】，GSD为【"湖南-长沙"】

2024-07-20 14:15:36 开始第 7676 次操作

2024-07-20 14:15:36 开始操作号码 【1557585】
2024-07-20 14:15:44 GSD getOne 第 1 次 等待 3 秒
2024-07-20 14:15:47 查询号码 【1557585】，返回信息 {"status":"ok","msg":"湖南-长沙","gid":"395078","time_insert":"2021-07-25 23:56"}
2024-07-20 14:15:48 查询号码 【1557585】，GSD为【"湖南-长沙"】

2024-07-20 14:38:04 开始第 7677 次操作

2024-07-20 14:38:04 开始操作号码 【1557586】
2024-07-20 14:38:15 GSD getOne 第 1 次 等待 3 秒
2024-07-20 14:38:18 查询号码 【1557586】，返回信息 {"status":"ok","msg":"湖南-长沙","gid":"395071","time_insert":"2021-07-25 23:56"}
2024-07-20 14:38:18 查询号码 【1557586】，GSD为【"湖南-长沙"】

2024-07-20 14:38:19 开始第 7678 次操作

2024-07-20 14:38:19 开始操作号码 【1557587】
2024-07-20 14:38:27 GSD getOne 第 1 次 等待 3 秒
2024-07-20 14:38:30 查询号码 【1557587】，返回信息 {"status":"ok","msg":"湖南-长沙","gid":"395062","time_insert":"2021-07-25 23:55"}
2024-07-20 14:38:30 查询号码 【1557587】，GSD为【"湖南-长沙"】

2024-07-20 14:38:31 开始第 7679 次操作

2024-07-20 14:38:31 开始操作号码 【1557588】
2024-07-20 14:38:39 GSD getOne 第 1 次 等待 3 秒
2024-07-20 14:38:42 查询号码 【1557588】，返回信息 {"status":"ok","msg":"湖南-长沙","gid":"395052","time_insert":"2021-07-25 23:54"}
2024-07-20 14:38:42 查询号码 【1557588】，GSD为【"湖南-长沙"】

2024-07-20 14:38:43 开始第 7680 次操作

2024-07-20 14:38:43 开始操作号码 【1557589】
2024-07-20 14:38:51 GSD getOne 第 1 次 等待 3 秒
2024-07-20 14:38:54 查询号码 【1557589】，返回信息 {"status":"ok","msg":"湖南-长沙","gid":"395043","time_insert":"2021-07-25 23:54"}
2024-07-20 14:38:54 查询号码 【1557589】，GSD为【"湖南-长沙"】

2024-07-20 15:09:34 开始第 7681 次操作

2024-07-20 15:09:34 开始操作号码 【1557590】
2024-07-20 15:09:43 GSD getOne 第 1 次 等待 3 秒
2024-07-20 15:09:46 查询号码 【1557590】，返回信息 {"status":"ok","msg":"湖南-长沙","gid":"395036","time_insert":"2021-07-25 23:53"}
2024-07-20 15:09:46 查询号码 【1557590】，GSD为【"湖南-长沙"】

2024-07-20 15:09:47 开始第 7682 次操作

2024-07-20 15:09:47 开始操作号码 【1557591】
2024-07-20 15:09:55 GSD getOne 第 1 次 等待 3 秒
2024-07-20 15:09:58 查询号码 【1557591】，返回信息 {"status":"ok","msg":"湖南-长沙","gid":"394908","time_insert":"2021-07-25 23:23"}
2024-07-20 15:09:58 查询号码 【1557591】，GSD为【"湖南-长沙"】

2024-07-20 15:09:59 开始第 7683 次操作

2024-07-20 15:09:59 开始操作号码 【1557592】
2024-07-20 15:10:08 GSD getOne 第 1 次 等待 3 秒
2024-07-20 15:10:11 查询号码 【1557592】，返回信息 {"status":"ok","msg":"湖南-长沙","gid":"394905","time_insert":"2021-07-25 23:23"}
2024-07-20 15:10:11 查询号码 【1557592】，GSD为【"湖南-长沙"】

2024-07-20 15:10:12 开始第 7684 次操作

2024-07-20 15:10:12 开始操作号码 【1557593】
2024-07-20 15:10:22 GSD getOne 第 1 次 等待 3 秒
2024-07-20 15:10:25 查询号码 【1557593】，返回信息 {"status":"ok","msg":"湖南-长沙","gid":"394901","time_insert":"2021-07-25 23:22"}
2024-07-20 15:10:25 查询号码 【1557593】，GSD为【"湖南-长沙"】

2024-07-20 15:34:24 开始第 7685 次操作

2024-07-20 15:34:24 开始操作号码 【1557594】
2024-07-20 15:34:33 GSD getOne 第 1 次 等待 3 秒
2024-07-20 15:34:36 查询号码 【1557594】，返回信息 {"status":"ok","msg":"湖南-长沙","gid":"394899","time_insert":"2021-07-25 23:21"}
2024-07-20 15:34:36 查询号码 【1557594】，GSD为【"湖南-长沙"】

2024-07-20 15:34:37 开始第 7686 次操作

2024-07-20 15:34:37 开始操作号码 【1557595】
2024-07-20 15:34:45 GSD getOne 第 1 次 等待 3 秒
2024-07-20 15:34:48 查询号码 【1557595】，返回信息 {"status":"ok","msg":"湖南-长沙","gid":"394895","time_insert":"2021-07-25 23:21"}
2024-07-20 15:34:48 查询号码 【1557595】，GSD为【"湖南-长沙"】

2024-07-20 15:34:49 开始第 7687 次操作

2024-07-20 15:34:49 开始操作号码 【1557596】
2024-07-20 15:34:58 GSD getOne 第 1 次 等待 3 秒
2024-07-20 15:35:01 查询号码 【1557596】，返回信息 {"status":"ok","msg":"湖南-长沙","gid":"394893","time_insert":"2021-07-25 23:20"}
2024-07-20 15:35:01 查询号码 【1557596】，GSD为【"湖南-长沙"】

2024-07-20 15:35:02 开始第 7688 次操作

2024-07-20 15:35:02 开始操作号码 【1557597】
2024-07-20 15:35:10 GSD getOne 第 1 次 等待 3 秒
2024-07-20 15:35:13 查询号码 【1557597】，返回信息 {"status":"ok","msg":"湖南-长沙","gid":"22181","time_insert":"2017-04-19 11:23","time_update":"2020-09-22 22:25"}
2024-07-20 15:35:14 查询号码 【1557597】，GSD为【"湖南-长沙"】

2024-07-20 16:11:45 开始第 7689 次操作

2024-07-20 16:11:45 开始操作号码 【1557598】
2024-07-20 16:11:53 GSD getOne 第 1 次 等待 3 秒
2024-07-20 16:11:56 查询号码 【1557598】，返回信息 {"status":"ok","msg":"湖南-长沙","gid":"394889","time_insert":"2021-07-25 23:19"}
2024-07-20 16:11:56 查询号码 【1557598】，GSD为【"湖南-长沙"】

2024-07-20 16:11:57 开始第 7690 次操作

2024-07-20 16:11:57 开始操作号码 【1557599】
2024-07-20 16:12:04 GSD getOne 第 1 次 等待 3 秒
2024-07-20 16:12:07 查询号码 【1557599】，返回信息 {"status":"ok","msg":"湖南-长沙","gid":"394884","time_insert":"2021-07-25 23:19"}
2024-07-20 16:12:07 查询号码 【1557599】，GSD为【"湖南-长沙"】

2024-07-20 16:12:08 开始第 7691 次操作

2024-07-20 16:12:08 开始操作号码 【1557600】
2024-07-20 16:12:16 GSD getOne 第 1 次 等待 3 秒
2024-07-20 16:12:19 查询号码 【1557600】，返回信息 {"status":"ok","msg":"湖南-岳阳","gid":"394882","time_insert":"2021-07-25 23:18"}
2024-07-20 16:12:19 查询号码 【1557600】，GSD为【"湖南-岳阳"】

2024-07-20 16:12:20 开始第 7692 次操作

2024-07-20 16:12:20 开始操作号码 【1557601】
2024-07-20 16:12:28 GSD getOne 第 1 次 等待 3 秒
2024-07-20 16:12:31 查询号码 【1557601】，返回信息 {"status":"ok","msg":"湖南-岳阳","gid":"394876","time_insert":"2021-07-25 23:17"}
2024-07-20 16:12:31 查询号码 【1557601】，GSD为【"湖南-岳阳"】

2024-07-20 16:33:56 开始第 7693 次操作

2024-07-20 16:33:56 开始操作号码 【1557602】
2024-07-20 16:34:06 GSD getOne 第 1 次 等待 3 秒
2024-07-20 16:34:09 查询号码 【1557602】，返回信息 {"status":"ok","msg":"湖南-岳阳","gid":"394873","time_insert":"2021-07-25 23:17"}
2024-07-20 16:34:09 查询号码 【1557602】，GSD为【"湖南-岳阳"】

2024-07-20 16:34:10 开始第 7694 次操作

2024-07-20 16:34:10 开始操作号码 【1557603】
2024-07-20 16:34:18 GSD getOne 第 1 次 等待 3 秒
2024-07-20 16:34:21 查询号码 【1557603】，返回信息 {"status":"ok","msg":"湖南-岳阳","gid":"394867","time_insert":"2021-07-25 23:16"}
2024-07-20 16:34:21 查询号码 【1557603】，GSD为【"湖南-岳阳"】

2024-07-20 16:34:22 开始第 7695 次操作

2024-07-20 16:34:22 开始操作号码 【1557604】
2024-07-20 16:34:30 GSD getOne 第 1 次 等待 3 秒
2024-07-20 16:34:33 查询号码 【1557604】，返回信息 {"status":"ok","msg":"湖南-岳阳","gid":"394862","time_insert":"2021-07-25 23:16"}
2024-07-20 16:34:33 查询号码 【1557604】，GSD为【"湖南-岳阳"】

2024-07-20 16:34:34 开始第 7696 次操作

2024-07-20 16:34:34 开始操作号码 【1557605】
2024-07-20 16:34:42 GSD getOne 第 1 次 等待 3 秒
2024-07-20 16:34:45 查询号码 【1557605】，返回信息 {"status":"ok","msg":"湖南-岳阳","gid":"394858","time_insert":"2021-07-25 23:15"}
2024-07-20 16:34:45 查询号码 【1557605】，GSD为【"湖南-岳阳"】

2024-07-20 17:10:16 开始第 7697 次操作

2024-07-20 17:10:16 开始操作号码 【1557606】
2024-07-20 17:10:24 GSD getOne 第 1 次 等待 3 秒
2024-07-20 17:10:27 查询号码 【1557606】，返回信息 {"status":"ok","msg":"湖南-岳阳","gid":"394851","time_insert":"2021-07-25 23:14"}
2024-07-20 17:10:27 查询号码 【1557606】，GSD为【"湖南-岳阳"】

2024-07-20 17:10:28 开始第 7698 次操作

2024-07-20 17:10:28 开始操作号码 【1557607】
2024-07-20 17:10:35 GSD getOne 第 1 次 等待 3 秒
2024-07-20 17:10:38 查询号码 【1557607】，返回信息 {"status":"ok","msg":"湖南-岳阳","gid":"22182","time_insert":"2018-03-25 10:56","time_update":"2020-12-20 03:35"}
2024-07-20 17:10:39 查询号码 【1557607】，GSD为【"湖南-岳阳"】

2024-07-20 17:10:40 开始第 7699 次操作

2024-07-20 17:10:40 开始操作号码 【1557608】
2024-07-20 17:10:48 GSD getOne 第 1 次 等待 3 秒
2024-07-20 17:10:51 查询号码 【1557608】，返回信息 {"status":"ok","msg":"湖南-岳阳","gid":"394846","time_insert":"2021-07-25 23:13"}
2024-07-20 17:10:51 查询号码 【1557608】，GSD为【"湖南-岳阳"】

2024-07-20 17:10:52 开始第 7700 次操作

2024-07-20 17:10:52 开始操作号码 【1557609】
2024-07-20 17:10:59 GSD getOne 第 1 次 等待 3 秒
2024-07-20 17:11:02 查询号码 【1557609】，返回信息 {"status":"ok","msg":"湖南-岳阳","gid":"394839","time_insert":"2021-07-25 23:13"}
2024-07-20 17:11:03 查询号码 【1557609】，GSD为【"湖南-岳阳"】

2024-07-20 17:33:26 开始第 7701 次操作

2024-07-20 17:33:26 开始操作号码 【1557610】
2024-07-20 17:33:34 GSD getOne 第 1 次 等待 3 秒
2024-07-20 17:33:37 查询号码 【1557610】，返回信息 {"status":"ok","msg":"湖南-常德","gid":"394831","time_insert":"2021-07-25 23:12"}
2024-07-20 17:33:37 查询号码 【1557610】，GSD为【"湖南-常德"】

2024-07-20 17:33:38 开始第 7702 次操作

2024-07-20 17:33:38 开始操作号码 【1557611】
2024-07-20 17:33:46 GSD getOne 第 1 次 等待 3 秒
2024-07-20 17:33:49 查询号码 【1557611】，返回信息 {"status":"ok","msg":"湖南-常德","gid":"394820","time_insert":"2021-07-25 23:11"}
2024-07-20 17:33:49 查询号码 【1557611】，GSD为【"湖南-常德"】

2024-07-20 17:33:50 开始第 7703 次操作

2024-07-20 17:33:50 开始操作号码 【1557612】
2024-07-20 17:33:58 GSD getOne 第 1 次 等待 3 秒
2024-07-20 17:34:01 查询号码 【1557612】，返回信息 {"status":"ok","msg":"湖南-常德","gid":"394811","time_insert":"2021-07-25 23:11"}
2024-07-20 17:34:01 查询号码 【1557612】，GSD为【"湖南-常德"】

2024-07-20 17:34:02 开始第 7704 次操作

2024-07-20 17:34:02 开始操作号码 【1557613】
2024-07-20 17:34:10 GSD getOne 第 1 次 等待 3 秒
2024-07-20 17:34:13 查询号码 【1557613】，返回信息 {"status":"ok","msg":"湖南-常德","gid":"394802","time_insert":"2021-07-25 23:10"}
2024-07-20 17:34:13 查询号码 【1557613】，GSD为【"湖南-常德"】

2024-07-20 18:09:03 开始第 7705 次操作

2024-07-20 18:09:03 开始操作号码 【1557614】
2024-07-20 18:09:11 GSD getOne 第 1 次 等待 3 秒
2024-07-20 18:09:14 查询号码 【1557614】，返回信息 {"status":"ok","msg":"湖南-常德","gid":"394794","time_insert":"2021-07-25 23:09"}
2024-07-20 18:09:14 查询号码 【1557614】，GSD为【"湖南-常德"】

2024-07-20 18:09:15 开始第 7706 次操作

2024-07-20 18:09:15 开始操作号码 【1557615】
2024-07-20 18:09:26 GSD getOne 第 1 次 等待 3 秒
2024-07-20 18:09:29 查询号码 【1557615】，返回信息 {"status":"ok","msg":"湖南-常德","gid":"394786","time_insert":"2021-07-25 23:09"}
2024-07-20 18:09:30 查询号码 【1557615】，GSD为【"湖南-常德"】

2024-07-20 18:09:31 开始第 7707 次操作

2024-07-20 18:09:31 开始操作号码 【1557616】
2024-07-20 18:09:39 GSD getOne 第 1 次 等待 3 秒
2024-07-20 18:09:42 查询号码 【1557616】，返回信息 {"status":"ok","msg":"湖南-常德","gid":"394776","time_insert":"2021-07-25 23:08"}
2024-07-20 18:09:43 查询号码 【1557616】，GSD为【"湖南-常德"】

2024-07-20 18:09:44 开始第 7708 次操作

2024-07-20 18:09:44 开始操作号码 【1557617】
2024-07-20 18:09:52 GSD getOne 第 1 次 等待 3 秒
2024-07-20 18:09:55 查询号码 【1557617】，返回信息 {"status":"ok","msg":"湖南-常德","gid":"394766","time_insert":"2021-07-25 23:07"}
2024-07-20 18:09:55 查询号码 【1557617】，GSD为【"湖南-常德"】

2024-07-20 18:36:35 开始第 7709 次操作

2024-07-20 18:36:35 开始操作号码 【1557618】
2024-07-20 18:36:44 GSD getOne 第 1 次 等待 3 秒
2024-07-20 18:36:47 查询号码 【1557618】，返回信息 {"status":"ok","msg":"湖南-常德","gid":"394755","time_insert":"2021-07-25 23:07"}
2024-07-20 18:36:47 查询号码 【1557618】，GSD为【"湖南-常德"】

2024-07-20 18:36:48 开始第 7710 次操作

2024-07-20 18:36:48 开始操作号码 【1557619】
2024-07-20 18:36:56 GSD getOne 第 1 次 等待 3 秒
2024-07-20 18:36:59 查询号码 【1557619】，返回信息 {"status":"ok","msg":"湖南-常德","gid":"394745","time_insert":"2021-07-25 23:06"}
2024-07-20 18:36:59 查询号码 【1557619】，GSD为【"湖南-常德"】

2024-07-20 18:37:00 开始第 7711 次操作

2024-07-20 18:37:00 开始操作号码 【1557620】
2024-07-20 18:37:08 GSD getOne 第 1 次 等待 3 秒
2024-07-20 18:37:11 查询号码 【1557620】，返回信息 {"status":"ok","msg":"湖南-益阳","gid":"394736","time_insert":"2021-07-25 23:05"}
2024-07-20 18:37:11 查询号码 【1557620】，GSD为【"湖南-益阳"】

2024-07-20 18:37:12 开始第 7712 次操作

2024-07-20 18:37:12 开始操作号码 【1557621】
2024-07-20 18:37:20 GSD getOne 第 1 次 等待 3 秒
2024-07-20 18:37:23 查询号码 【1557621】，返回信息 {"status":"ok","msg":"湖南-益阳","gid":"394728","time_insert":"2021-07-25 23:05"}
2024-07-20 18:37:23 查询号码 【1557621】，GSD为【"湖南-益阳"】

2024-07-20 19:08:42 开始第 7713 次操作

2024-07-20 19:08:42 开始操作号码 【1557622】
2024-07-20 19:08:51 GSD getOne 第 1 次 等待 3 秒
2024-07-20 19:08:54 查询号码 【1557622】，返回信息 {"status":"ok","msg":"湖南-益阳","gid":"394718","time_insert":"2021-07-25 23:04"}
2024-07-20 19:08:54 查询号码 【1557622】，GSD为【"湖南-益阳"】

2024-07-20 19:08:55 开始第 7714 次操作

2024-07-20 19:08:55 开始操作号码 【1557623】
2024-07-20 19:09:05 GSD getOne 第 1 次 等待 3 秒
2024-07-20 19:09:08 查询号码 【1557623】，返回信息 {"status":"ok","msg":"湖南-益阳","gid":"394706","time_insert":"2021-07-25 23:03"}
2024-07-20 19:09:08 查询号码 【1557623】，GSD为【"湖南-益阳"】

2024-07-20 19:09:09 开始第 7715 次操作

2024-07-20 19:09:09 开始操作号码 【1557624】
2024-07-20 19:09:18 GSD getOne 第 1 次 等待 3 秒
2024-07-20 19:09:21 查询号码 【1557624】，返回信息 {"status":"ok","msg":"湖南-益阳","gid":"394695","time_insert":"2021-07-25 23:03"}
2024-07-20 19:09:21 查询号码 【1557624】，GSD为【"湖南-益阳"】

2024-07-20 19:09:22 开始第 7716 次操作

2024-07-20 19:09:22 开始操作号码 【1557625】
2024-07-20 19:09:30 GSD getOne 第 1 次 等待 3 秒
2024-07-20 19:09:33 查询号码 【1557625】，返回信息 {"status":"ok","msg":"湖南-益阳","gid":"394684","time_insert":"2021-07-25 23:02"}
2024-07-20 19:09:33 查询号码 【1557625】，GSD为【"湖南-益阳"】

2024-07-20 19:34:26 开始第 7717 次操作

2024-07-20 19:34:26 开始操作号码 【1557626】
2024-07-20 19:34:37 GSD getOne 第 1 次 等待 3 秒
2024-07-20 19:34:40 查询号码 【1557626】，返回信息 {"status":"ok","msg":"湖南-益阳","gid":"394676","time_insert":"2021-07-25 23:02"}
2024-07-20 19:34:40 查询号码 【1557626】，GSD为【"湖南-益阳"】

2024-07-20 19:34:41 开始第 7718 次操作

2024-07-20 19:34:41 开始操作号码 【1557627】
2024-07-20 19:34:48 GSD getOne 第 1 次 等待 3 秒
2024-07-20 19:34:51 查询号码 【1557627】，返回信息 {"status":"ok","msg":"湖南-益阳","gid":"394667","time_insert":"2021-07-25 23:01"}
2024-07-20 19:34:52 查询号码 【1557627】，GSD为【"湖南-益阳"】

2024-07-20 19:34:53 开始第 7719 次操作

2024-07-20 19:34:53 开始操作号码 【1557628】
2024-07-20 19:35:03 GSD getOne 第 1 次 等待 3 秒
2024-07-20 19:35:06 查询号码 【1557628】，返回信息 {"status":"ok","msg":"湖南-益阳","gid":"394658","time_insert":"2021-07-25 23:00"}
2024-07-20 19:35:06 查询号码 【1557628】，GSD为【"湖南-益阳"】

2024-07-20 19:35:07 开始第 7720 次操作

2024-07-20 19:35:07 开始操作号码 【1557629】
2024-07-20 19:35:15 GSD getOne 第 1 次 等待 3 秒
2024-07-20 19:35:18 查询号码 【1557629】，返回信息 {"status":"ok","msg":"湖南-益阳","gid":"394625","time_insert":"2021-07-25 22:54"}
2024-07-20 19:35:18 查询号码 【1557629】，GSD为【"湖南-益阳"】

2024-07-20 20:16:48 开始第 7721 次操作

2024-07-20 20:16:48 开始操作号码 【1557630】
2024-07-20 20:17:07 GSD getOne 第 1 次 等待 3 秒
2024-07-20 20:17:10 查询号码 【1557630】，返回信息 {"status":"ok","msg":"湖南-娄底","gid":"394617","time_insert":"2021-07-25 22:54"}
2024-07-20 20:17:10 查询号码 【1557630】，GSD为【"湖南-娄底"】

2024-07-20 20:17:11 开始第 7722 次操作

2024-07-20 20:17:11 开始操作号码 【1557631】
2024-07-20 20:17:19 GSD getOne 第 1 次 等待 3 秒
2024-07-20 20:17:22 查询号码 【1557631】，返回信息 {"status":"ok","msg":"湖南-娄底","gid":"394604","time_insert":"2021-07-25 22:53"}
2024-07-20 20:17:22 查询号码 【1557631】，GSD为【"湖南-娄底"】

2024-07-20 20:17:23 开始第 7723 次操作

2024-07-20 20:17:23 开始操作号码 【1557632】
2024-07-20 20:17:34 GSD getOne 第 1 次 等待 3 秒
2024-07-20 20:17:37 查询号码 【1557632】，返回信息 {"status":"ok","msg":"湖南-娄底","gid":"394382","time_insert":"2021-07-25 22:26"}
2024-07-20 20:17:38 查询号码 【1557632】，GSD为【"湖南-娄底"】

2024-07-20 20:17:39 开始第 7724 次操作

2024-07-20 20:17:39 开始操作号码 【1557633】
2024-07-20 20:17:47 GSD getOne 第 1 次 等待 3 秒
2024-07-20 20:17:50 查询号码 【1557633】，返回信息 {"status":"ok","msg":"湖南-娄底","gid":"394380","time_insert":"2021-07-25 22:26"}
2024-07-20 20:17:50 查询号码 【1557633】，GSD为【"湖南-娄底"】

2024-07-20 20:47:54 开始第 7725 次操作

2024-07-20 20:47:54 开始操作号码 【1557634】
2024-07-20 20:48:03 GSD getOne 第 1 次 等待 3 秒
2024-07-20 20:48:06 查询号码 【1557634】，返回信息 {"status":"ok","msg":"湖南-娄底","gid":"394377","time_insert":"2021-07-25 22:25"}
2024-07-20 20:48:06 查询号码 【1557634】，GSD为【"湖南-娄底"】

2024-07-20 20:48:07 开始第 7726 次操作

2024-07-20 20:48:07 开始操作号码 【1557635】
2024-07-20 20:48:32 GSD getOne 第 1 次 等待 3 秒
2024-07-20 20:48:35 查询号码 【1557635】，返回信息 {"status":"ok","msg":"湖南-娄底","gid":"394374","time_insert":"2021-07-25 22:24"}
2024-07-20 20:48:35 查询号码 【1557635】，GSD为【"湖南-娄底"】

2024-07-20 20:48:36 开始第 7727 次操作

2024-07-20 20:48:36 开始操作号码 【1557636】
2024-07-20 20:48:46 GSD getOne 第 1 次 等待 3 秒
2024-07-20 20:48:49 查询号码 【1557636】，返回信息 {"status":"ok","msg":"湖南-娄底","gid":"394370","time_insert":"2021-07-25 22:23"}
2024-07-20 20:48:49 查询号码 【1557636】，GSD为【"湖南-娄底"】

2024-07-20 20:48:50 开始第 7728 次操作

2024-07-20 20:48:50 开始操作号码 【1557637】
2024-07-20 20:48:58 GSD getOne 第 1 次 等待 3 秒
2024-07-20 20:49:01 查询号码 【1557637】，返回信息 {"status":"ok","msg":"湖南-娄底","gid":"394366","time_insert":"2021-07-25 22:22"}
2024-07-20 20:49:02 查询号码 【1557637】，GSD为【"湖南-娄底"】

2024-07-20 21:10:23 开始第 7729 次操作

2024-07-20 21:10:23 开始操作号码 【1557638】
2024-07-20 21:10:33 GSD getOne 第 1 次 等待 3 秒
2024-07-20 21:10:36 查询号码 【1557638】，返回信息 {"status":"ok","msg":"湖南-娄底","gid":"394363","time_insert":"2021-07-25 22:22"}
2024-07-20 21:10:36 查询号码 【1557638】，GSD为【"湖南-娄底"】

2024-07-20 21:10:37 开始第 7730 次操作

2024-07-20 21:10:37 开始操作号码 【1557639】
2024-07-20 21:10:50 GSD getOne 第 1 次 等待 3 秒
2024-07-20 21:10:53 查询号码 【1557639】，返回信息 {"status":"ok","msg":"湖南-娄底","gid":"394360","time_insert":"2021-07-25 22:21"}
2024-07-20 21:10:53 查询号码 【1557639】，GSD为【"湖南-娄底"】

2024-07-20 21:10:54 开始第 7731 次操作

2024-07-20 21:10:54 开始操作号码 【1557640】
2024-07-20 21:11:02 GSD getOne 第 1 次 等待 3 秒
2024-07-20 21:11:05 查询号码 【1557640】，返回信息 {"status":"ok","msg":"湖南-邵阳","gid":"394356","time_insert":"2021-07-25 22:20"}
2024-07-20 21:11:06 查询号码 【1557640】，GSD为【"湖南-邵阳"】

2024-07-20 21:11:07 开始第 7732 次操作

2024-07-20 21:11:07 开始操作号码 【1557641】
2024-07-20 21:11:17 GSD getOne 第 1 次 等待 3 秒
2024-07-20 21:11:20 查询号码 【1557641】，返回信息 {"status":"ok","msg":"湖南-邵阳","gid":"394352","time_insert":"2021-07-25 22:19"}
2024-07-20 21:11:20 查询号码 【1557641】，GSD为【"湖南-邵阳"】

2024-07-20 21:34:14 开始第 7733 次操作

2024-07-20 21:34:14 开始操作号码 【1557642】
2024-07-20 21:34:24 GSD getOne 第 1 次 等待 3 秒
2024-07-20 21:34:27 查询号码 【1557642】，返回信息 {"status":"ok","msg":"湖南-邵阳","gid":"394347","time_insert":"2021-07-25 22:18"}
2024-07-20 21:34:27 查询号码 【1557642】，GSD为【"湖南-邵阳"】

2024-07-20 21:34:28 开始第 7734 次操作

2024-07-20 21:34:28 开始操作号码 【1557643】
2024-07-20 21:34:36 GSD getOne 第 1 次 等待 3 秒
2024-07-20 21:34:39 查询号码 【1557643】，返回信息 {"status":"ok","msg":"湖南-邵阳","gid":"394344","time_insert":"2021-07-25 22:17"}
2024-07-20 21:34:39 查询号码 【1557643】，GSD为【"湖南-邵阳"】

2024-07-20 21:34:40 开始第 7735 次操作

2024-07-20 21:34:40 开始操作号码 【1557644】
2024-07-20 21:34:49 GSD getOne 第 1 次 等待 3 秒
2024-07-20 21:34:52 查询号码 【1557644】，返回信息 {"status":"ok","msg":"湖南-邵阳","gid":"394343","time_insert":"2021-07-25 22:16"}
2024-07-20 21:34:52 查询号码 【1557644】，GSD为【"湖南-邵阳"】

2024-07-20 21:34:53 开始第 7736 次操作

2024-07-20 21:34:53 开始操作号码 【1557645】
2024-07-20 21:35:01 GSD getOne 第 1 次 等待 3 秒
2024-07-20 21:35:04 查询号码 【1557645】，返回信息 {"status":"ok","msg":"湖南-邵阳","gid":"394341","time_insert":"2021-07-25 22:16"}
2024-07-20 21:35:04 查询号码 【1557645】，GSD为【"湖南-邵阳"】

2024-07-20 22:08:34 开始第 7737 次操作

2024-07-20 22:08:34 开始操作号码 【1557646】
2024-07-20 22:08:45 GSD getOne 第 1 次 等待 3 秒
2024-07-20 22:08:48 查询号码 【1557646】，返回信息 {"status":"ok","msg":"湖南-邵阳","gid":"394339","time_insert":"2021-07-25 22:15"}
2024-07-20 22:08:48 查询号码 【1557646】，GSD为【"湖南-邵阳"】

2024-07-20 22:08:49 开始第 7738 次操作

2024-07-20 22:08:49 开始操作号码 【1557647】
2024-07-20 22:08:59 GSD getOne 第 1 次 等待 3 秒
2024-07-20 22:09:02 查询号码 【1557647】，返回信息 {"status":"ok","msg":"湖南-邵阳","gid":"394337","time_insert":"2021-07-25 22:14"}
2024-07-20 22:09:02 查询号码 【1557647】，GSD为【"湖南-邵阳"】

2024-07-20 22:09:03 开始第 7739 次操作

2024-07-20 22:09:03 开始操作号码 【1557648】
2024-07-20 22:09:13 GSD getOne 第 1 次 等待 3 秒
2024-07-20 22:09:16 查询号码 【1557648】，返回信息 {"status":"ok","msg":"湖南-邵阳","gid":"394335","time_insert":"2021-07-25 22:13"}
2024-07-20 22:09:16 查询号码 【1557648】，GSD为【"湖南-邵阳"】

2024-07-20 22:09:17 开始第 7740 次操作

2024-07-20 22:09:17 开始操作号码 【1557649】
2024-07-20 22:09:25 GSD getOne 第 1 次 等待 3 秒
2024-07-20 22:09:28 查询号码 【1557649】，返回信息 {"status":"ok","msg":"湖南-邵阳","gid":"394331","time_insert":"2021-07-25 22:12"}
2024-07-20 22:09:28 查询号码 【1557649】，GSD为【"湖南-邵阳"】

