2024-02-20 00:12:41 开始第 4745 次操作

2024-02-20 00:12:41 开始操作号码 【1774658】
2024-02-20 00:12:45 GSD getOne 第 1 次 等待 3 秒
2024-02-20 00:12:48 查询号码 【1774658】，返回信息 {"status":"ok","msg":"北京-北京","gid":"259857","time_insert":"2021-07-12 21:55"}
2024-02-20 00:12:48 查询号码 【1774658】，GSD为【"北京-北京"】

2024-02-20 00:12:49 开始第 4746 次操作

2024-02-20 00:12:49 开始操作号码 【1774659】
2024-02-20 00:12:54 GSD getOne 第 1 次 等待 3 秒
2024-02-20 00:12:57 查询号码 【1774659】，返回信息 {"status":"ok","msg":"北京-北京","gid":"259852","time_insert":"2021-07-12 21:55"}
2024-02-20 00:12:57 查询号码 【1774659】，GSD为【"北京-北京"】

2024-02-20 00:12:58 开始第 4747 次操作

2024-02-20 00:12:58 开始操作号码 【1774660】
2024-02-20 00:13:05 GSD getOne 第 1 次 等待 3 秒
2024-02-20 00:13:08 查询号码 【1774660】，返回信息 {"status":"ok","msg":"江西-九江","gid":"259848","time_insert":"2021-07-12 21:55"}
2024-02-20 00:13:08 查询号码 【1774660】，GSD为【"江西-九江"】

2024-02-20 00:13:09 开始第 4748 次操作

2024-02-20 00:13:09 开始操作号码 【1774661】
2024-02-20 00:13:13 GSD getOne 第 1 次 等待 3 秒
2024-02-20 00:13:16 查询号码 【1774661】，返回信息 {"status":"ok","msg":"江西-南昌","gid":"259844","time_insert":"2021-07-12 21:54"}
2024-02-20 00:13:16 查询号码 【1774661】，GSD为【"江西-南昌"】

