2024-06-20 00:12:05 开始第 2137 次操作

2024-06-20 00:12:05 开始操作号码 【1552051】
2024-06-20 00:12:13 GSD getOne 第 1 次 等待 3 秒
2024-06-20 00:12:16 查询号码 【1552051】，返回信息 {"status":"ok","msg":"四川-广安","gid":"143542","time_insert":"2021-06-28 02:59"}
2024-06-20 00:12:16 查询号码 【1552051】，GSD为【"四川-广安"】

2024-06-20 00:12:17 开始第 2138 次操作

2024-06-20 00:12:17 开始操作号码 【1552052】
2024-06-20 00:12:26 GSD getOne 第 1 次 等待 3 秒
2024-06-20 00:12:29 查询号码 【1552052】，返回信息 {"status":"ok","msg":"四川-广安","gid":"21795","time_insert":"2018-06-07 08:00","time_update":"2020-10-22 20:05"}
2024-06-20 00:12:29 查询号码 【1552052】，GSD为【"四川-广安"】

2024-06-20 00:12:30 开始第 2139 次操作

2024-06-20 00:12:30 开始操作号码 【1552053】
2024-06-20 00:12:40 GSD getOne 第 1 次 等待 3 秒
2024-06-20 00:12:43 查询号码 【1552053】，返回信息 {"status":"ok","msg":"四川-绵阳","gid":"21796","time_insert":"2018-06-06 23:00","time_update":"2020-10-22 20:09"}
2024-06-20 00:12:43 查询号码 【1552053】，GSD为【"四川-绵阳"】

2024-06-20 00:12:44 开始第 2140 次操作

2024-06-20 00:12:44 开始操作号码 【1552054】
2024-06-20 00:12:50 GSD getOne 第 1 次 等待 3 秒
2024-06-20 00:12:53 查询号码 【1552054】，返回信息 {"status":"ok","msg":"四川-绵阳","gid":"21797","time_insert":"2018-10-08 23:23","time_update":"2020-10-22 20:13"}
2024-06-20 00:12:53 查询号码 【1552054】，GSD为【"四川-绵阳"】

2024-06-20 00:38:05 开始第 2141 次操作

2024-06-20 00:38:05 开始操作号码 【1552055】
2024-06-20 00:38:16 GSD getOne 第 1 次 等待 3 秒
2024-06-20 00:38:19 查询号码 【1552055】，返回信息 {"status":"ok","msg":"四川-绵阳","gid":"21798","time_insert":"2015-05-25 15:07","time_update":"2020-10-22 20:17"}
2024-06-20 00:38:19 查询号码 【1552055】，GSD为【"四川-绵阳"】

2024-06-20 00:38:20 开始第 2142 次操作

2024-06-20 00:38:20 开始操作号码 【1552056】
2024-06-20 00:38:28 GSD getOne 第 1 次 等待 3 秒
2024-06-20 00:38:31 查询号码 【1552056】，返回信息 {"status":"ok","msg":"四川-绵阳","gid":"21799","time_insert":"2014-03-18 10:38","time_update":"2020-10-22 20:20"}
2024-06-20 00:38:31 查询号码 【1552056】，GSD为【"四川-绵阳"】

2024-06-20 00:38:32 开始第 2143 次操作

2024-06-20 00:38:32 开始操作号码 【1552057】
2024-06-20 00:38:45 GSD getOne 第 1 次 等待 3 秒
2024-06-20 00:38:48 查询号码 【1552057】，返回信息 {"status":"ok","msg":"四川-绵阳","gid":"143746","time_insert":"2021-06-28 03:19"}
2024-06-20 00:38:48 查询号码 【1552057】，GSD为【"四川-绵阳"】

2024-06-20 00:38:49 开始第 2144 次操作

2024-06-20 00:38:49 开始操作号码 【1552058】
2024-06-20 00:38:56 GSD getOne 第 1 次 等待 3 秒
2024-06-20 00:38:59 查询号码 【1552058】，返回信息 {"status":"ok","msg":"四川-绵阳","gid":"21800","time_insert":"2020-01-28 17:39","time_update":"2020-10-22 20:24"}
2024-06-20 00:38:59 查询号码 【1552058】，GSD为【"四川-绵阳"】

2024-06-20 01:09:42 开始第 2145 次操作

2024-06-20 01:09:42 开始操作号码 【1552059】
2024-06-20 01:09:48 GSD getOne 第 1 次 等待 3 秒
2024-06-20 01:09:51 查询号码 【1552059】，返回信息 {"status":"ok","msg":"四川-绵阳","gid":"21801","time_insert":"2018-08-10 22:36","time_update":"2020-10-22 20:29"}
2024-06-20 01:09:51 查询号码 【1552059】，GSD为【"四川-绵阳"】

2024-06-20 01:09:52 开始第 2146 次操作

2024-06-20 01:09:52 开始操作号码 【1552060】
2024-06-20 01:10:00 GSD getOne 第 1 次 等待 3 秒
2024-06-20 01:10:03 查询号码 【1552060】，返回信息 {"status":"ok","msg":"四川-宜宾","gid":"21802","time_insert":"2019-04-01 09:31","time_update":"2020-10-22 20:34"}
2024-06-20 01:10:03 查询号码 【1552060】，GSD为【"四川-宜宾"】

2024-06-20 01:10:04 开始第 2147 次操作

2024-06-20 01:10:04 开始操作号码 【1552061】
2024-06-20 01:10:11 GSD getOne 第 1 次 等待 3 秒
2024-06-20 01:10:14 查询号码 【1552061】，返回信息 {"status":"ok","msg":"四川-宜宾","gid":"21803","time_insert":"2019-10-27 16:05","time_update":"2020-10-22 20:38"}
2024-06-20 01:10:14 查询号码 【1552061】，GSD为【"四川-宜宾"】

2024-06-20 01:10:15 开始第 2148 次操作

2024-06-20 01:10:15 开始操作号码 【1552062】
2024-06-20 01:10:21 GSD getOne 第 1 次 等待 3 秒
2024-06-20 01:10:24 查询号码 【1552062】，返回信息 {"status":"ok","msg":"四川-宜宾","gid":"21804","time_insert":"2018-01-13 14:28","time_update":"2020-10-22 20:39"}
2024-06-20 01:10:24 查询号码 【1552062】，GSD为【"四川-宜宾"】

2024-06-20 01:34:00 开始第 2149 次操作

2024-06-20 01:34:00 开始操作号码 【1552063】
2024-06-20 01:34:12 GSD getOne 第 1 次 等待 3 秒
2024-06-20 01:34:15 查询号码 【1552063】，返回信息 {"status":"ok","msg":"四川-宜宾","gid":"21805","time_insert":"2016-02-17 09:01","time_update":"2020-10-22 20:43"}
2024-06-20 01:34:15 查询号码 【1552063】，GSD为【"四川-宜宾"】

2024-06-20 01:34:16 开始第 2150 次操作

2024-06-20 01:34:16 开始操作号码 【1552064】
2024-06-20 01:34:30 GSD getOne 第 1 次 等待 3 秒
2024-06-20 01:34:33 查询号码 【1552064】，返回信息 {"status":"ok","msg":"四川-宜宾","gid":"21806","time_insert":"2016-05-10 11:58","time_update":"2020-10-22 20:48"}
2024-06-20 01:34:33 查询号码 【1552064】，GSD为【"四川-宜宾"】

2024-06-20 01:34:34 开始第 2151 次操作

2024-06-20 01:34:34 开始操作号码 【1552065】
2024-06-20 01:34:40 GSD getOne 第 1 次 等待 3 秒
2024-06-20 01:34:43 查询号码 【1552065】，返回信息 {"status":"ok","msg":"四川-资阳","gid":"21807","time_insert":"2018-03-09 17:22","time_update":"2020-10-22 20:52"}
2024-06-20 01:34:43 查询号码 【1552065】，GSD为【"四川-资阳"】

2024-06-20 01:34:44 开始第 2152 次操作

2024-06-20 01:34:44 开始操作号码 【1552066】
2024-06-20 01:34:49 GSD getOne 第 1 次 等待 3 秒
2024-06-20 01:34:52 查询号码 【1552066】，返回信息 {"status":"ok","msg":"四川-资阳","gid":"21808","time_insert":"2019-01-15 16:19","time_update":"2020-10-22 20:57"}
2024-06-20 01:34:52 查询号码 【1552066】，GSD为【"四川-资阳"】

