2024-07-22 00:13:07 开始第 7933 次操作

2024-07-22 00:13:07 开始操作号码 【1557842】
2024-07-22 00:13:15 GSD getOne 第 1 次 等待 3 秒
2024-07-22 00:13:18 查询号码 【1557842】，返回信息 {"status":"ok","msg":"广西-崇左","gid":"391664","time_insert":"2021-07-25 17:28"}
2024-07-22 00:13:18 查询号码 【1557842】，GSD为【"广西-崇左"】

2024-07-22 00:13:19 开始第 7934 次操作

2024-07-22 00:13:19 开始操作号码 【1557843】
2024-07-22 00:13:28 GSD getOne 第 1 次 等待 3 秒
2024-07-22 00:13:31 查询号码 【1557843】，返回信息 {"status":"ok","msg":"广西-南宁","gid":"391661","time_insert":"2021-07-25 17:27"}
2024-07-22 00:13:31 查询号码 【1557843】，GSD为【"广西-南宁"】

2024-07-22 00:13:32 开始第 7935 次操作

2024-07-22 00:13:32 开始操作号码 【1557844】
2024-07-22 00:13:41 GSD getOne 第 1 次 等待 3 秒
2024-07-22 00:13:44 查询号码 【1557844】，返回信息 {"status":"ok","msg":"广西-南宁","gid":"391657","time_insert":"2021-07-25 17:27"}
2024-07-22 00:13:44 查询号码 【1557844】，GSD为【"广西-南宁"】

2024-07-22 00:13:45 开始第 7936 次操作

2024-07-22 00:13:45 开始操作号码 【1557845】
2024-07-22 00:13:55 GSD getOne 第 1 次 等待 3 秒
2024-07-22 00:13:58 查询号码 【1557845】，返回信息 {"status":"ok","msg":"广西-崇左","gid":"391656","time_insert":"2021-07-25 17:26"}
2024-07-22 00:13:58 查询号码 【1557845】，GSD为【"广西-崇左"】

