2023-11-13 00:09:46 开始第 8545 次操作

2023-11-13 00:09:46 开始操作号码 【1988457】
2023-11-13 00:09:52 GSD getOne 第 1 次 等待 3 秒
2023-11-13 00:09:55 查询号码 【1988457】，返回信息 {"status":"ok","msg":"浙江-衢州","gid":"475102","time_insert":"2021-08-02 03:56"}
2023-11-13 00:09:55 查询号码 【1988457】，GSD为【"浙江-衢州"】

2023-11-13 00:09:56 开始第 8546 次操作

2023-11-13 00:09:56 开始操作号码 【1988458】
2023-11-13 00:10:00 GSD getOne 第 1 次 等待 3 秒
2023-11-13 00:10:03 查询号码 【1988458】，返回信息 {"status":"ok","msg":"浙江-衢州","gid":"475092","time_insert":"2021-08-02 03:55"}
2023-11-13 00:10:03 查询号码 【1988458】，GSD为【"浙江-衢州"】

2023-11-13 00:10:04 开始第 8547 次操作

2023-11-13 00:10:04 开始操作号码 【1988459】
2023-11-13 00:10:08 GSD getOne 第 1 次 等待 3 秒
2023-11-13 00:10:11 查询号码 【1988459】，返回信息 {"status":"ok","msg":"浙江-衢州","gid":"475082","time_insert":"2021-08-02 03:54"}
2023-11-13 00:10:11 查询号码 【1988459】，GSD为【"浙江-衢州"】

2023-11-13 00:10:12 开始第 8548 次操作

2023-11-13 00:10:12 开始操作号码 【1988460】
2023-11-13 00:10:16 GSD getOne 第 1 次 等待 3 秒
2023-11-13 00:10:19 查询号码 【1988460】，返回信息 {"status":"ok","msg":"浙江-温州","gid":"475074","time_insert":"2021-08-02 03:54"}
2023-11-13 00:10:19 查询号码 【1988460】，GSD为【"浙江-温州"】

2023-11-13 00:34:37 开始第 8549 次操作

2023-11-13 00:34:37 开始操作号码 【1988461】
2023-11-13 00:34:42 GSD getOne 第 1 次 等待 3 秒
2023-11-13 00:34:45 查询号码 【1988461】，返回信息 {"status":"ok","msg":"浙江-温州","gid":"475063","time_insert":"2021-08-02 03:53"}
2023-11-13 00:34:45 查询号码 【1988461】，GSD为【"浙江-温州"】

2023-11-13 00:34:46 开始第 8550 次操作

2023-11-13 00:34:46 开始操作号码 【1988462】
2023-11-13 00:34:49 GSD getOne 第 1 次 等待 3 秒
2023-11-13 00:34:52 查询号码 【1988462】，返回信息 {"status":"ok","msg":"浙江-温州","gid":"475053","time_insert":"2021-08-02 03:53"}
2023-11-13 00:34:52 查询号码 【1988462】，GSD为【"浙江-温州"】

2023-11-13 00:34:53 开始第 8551 次操作

2023-11-13 00:34:53 开始操作号码 【1988463】
2023-11-13 00:34:56 GSD getOne 第 1 次 等待 3 秒
2023-11-13 00:35:00 查询号码 【1988463】，返回信息 {"status":"ok","msg":"浙江-温州","gid":"475042","time_insert":"2021-08-02 03:52"}
2023-11-13 00:35:00 查询号码 【1988463】，GSD为【"浙江-温州"】

2023-11-13 00:35:01 开始第 8552 次操作

2023-11-13 00:35:01 开始操作号码 【1988464】
2023-11-13 00:35:04 GSD getOne 第 1 次 等待 3 秒
2023-11-13 00:35:07 查询号码 【1988464】，返回信息 {"status":"ok","msg":"浙江-温州","gid":"475032","time_insert":"2021-08-02 03:51"}
2023-11-13 00:35:07 查询号码 【1988464】，GSD为【"浙江-温州"】

2023-11-13 01:07:01 开始第 8553 次操作

2023-11-13 01:07:01 开始操作号码 【1988465】
2023-11-13 01:07:04 GSD getOne 第 1 次 等待 3 秒
2023-11-13 01:07:07 查询号码 【1988465】，返回信息 {"status":"ok","msg":"浙江-温州","gid":"475021","time_insert":"2021-08-02 03:51"}
2023-11-13 01:07:07 查询号码 【1988465】，GSD为【"浙江-温州"】

2023-11-13 01:07:08 开始第 8554 次操作

2023-11-13 01:07:08 开始操作号码 【1988466】
2023-11-13 01:07:11 GSD getOne 第 1 次 等待 3 秒
2023-11-13 01:07:14 查询号码 【1988466】，返回信息 {"status":"ok","msg":"浙江-温州","gid":"475011","time_insert":"2021-08-02 03:50"}
2023-11-13 01:07:14 查询号码 【1988466】，GSD为【"浙江-温州"】

2023-11-13 01:07:15 开始第 8555 次操作

2023-11-13 01:07:15 开始操作号码 【1988467】
2023-11-13 01:07:18 GSD getOne 第 1 次 等待 3 秒
2023-11-13 01:07:21 查询号码 【1988467】，返回信息 {"status":"ok","msg":"浙江-温州","gid":"475002","time_insert":"2021-08-02 03:49"}
2023-11-13 01:07:21 查询号码 【1988467】，GSD为【"浙江-温州"】

2023-11-13 01:07:22 开始第 8556 次操作

2023-11-13 01:07:22 开始操作号码 【1988468】
2023-11-13 01:07:25 GSD getOne 第 1 次 等待 3 秒
2023-11-13 01:07:28 查询号码 【1988468】，返回信息 {"status":"ok","msg":"浙江-温州","gid":"474993","time_insert":"2021-08-02 03:49"}
2023-11-13 01:07:28 查询号码 【1988468】，GSD为【"浙江-温州"】

2023-11-13 01:33:05 开始第 8557 次操作

2023-11-13 01:33:05 开始操作号码 【1988469】
2023-11-13 01:33:10 GSD getOne 第 1 次 等待 3 秒
2023-11-13 01:33:13 查询号码 【1988469】，返回信息 {"status":"ok","msg":"浙江-温州","gid":"474984","time_insert":"2021-08-02 03:48"}
2023-11-13 01:33:13 查询号码 【1988469】，GSD为【"浙江-温州"】

2023-11-13 01:33:14 开始第 8558 次操作

2023-11-13 01:33:14 开始操作号码 【1988470】
2023-11-13 01:33:20 GSD getOne 第 1 次 等待 3 秒
2023-11-13 01:33:23 查询号码 【1988470】，返回信息 {"status":"ok","msg":"浙江-温州","gid":"474975","time_insert":"2021-08-02 03:48"}
2023-11-13 01:33:23 查询号码 【1988470】，GSD为【"浙江-温州"】

2023-11-13 01:33:24 开始第 8559 次操作

2023-11-13 01:33:24 开始操作号码 【1988471】
2023-11-13 01:33:27 GSD getOne 第 1 次 等待 3 秒
2023-11-13 01:33:30 查询号码 【1988471】，返回信息 {"status":"ok","msg":"浙江-温州","gid":"474963","time_insert":"2021-08-02 03:47"}
2023-11-13 01:33:30 查询号码 【1988471】，GSD为【"浙江-温州"】

2023-11-13 01:33:31 开始第 8560 次操作

2023-11-13 01:33:31 开始操作号码 【1988472】
2023-11-13 01:33:34 GSD getOne 第 1 次 等待 3 秒
2023-11-13 01:33:37 查询号码 【1988472】，返回信息 {"status":"ok","msg":"浙江-温州","gid":"474953","time_insert":"2021-08-02 03:46"}
2023-11-13 01:33:37 查询号码 【1988472】，GSD为【"浙江-温州"】

