2024-02-08 00:12:10 开始第 2537 次操作

2024-02-08 00:12:10 开始操作号码 【1772450】
2024-02-08 00:12:15 GSD getOne 第 1 次 等待 3 秒
2024-02-08 00:12:18 查询号码 【1772450】，返回信息 {"status":"ok","msg":"广东-广州","gid":"283881","time_insert":"2021-07-15 13:00"}
2024-02-08 00:12:19 查询号码 【1772450】，GSD为【"广东-广州"】

2024-02-08 00:12:20 开始第 2538 次操作

2024-02-08 00:12:20 开始操作号码 【1772451】
2024-02-08 00:12:24 GSD getOne 第 1 次 等待 3 秒
2024-02-08 00:12:27 查询号码 【1772451】，返回信息 {"status":"ok","msg":"广东-广州","gid":"283876","time_insert":"2021-07-15 13:00"}
2024-02-08 00:12:27 查询号码 【1772451】，GSD为【"广东-广州"】

2024-02-08 00:12:28 开始第 2539 次操作

2024-02-08 00:12:28 开始操作号码 【1772452】
2024-02-08 00:12:33 GSD getOne 第 1 次 等待 3 秒
2024-02-08 00:12:36 查询号码 【1772452】，返回信息 {"status":"ok","msg":"广东-广州","gid":"283871","time_insert":"2021-07-15 13:00"}
2024-02-08 00:12:36 查询号码 【1772452】，GSD为【"广东-广州"】

2024-02-08 00:12:37 开始第 2540 次操作

2024-02-08 00:12:37 开始操作号码 【1772453】
2024-02-08 00:12:41 GSD getOne 第 1 次 等待 3 秒
2024-02-08 00:12:44 查询号码 【1772453】，返回信息 {"status":"ok","msg":"广东-江门","gid":"283866","time_insert":"2021-07-15 13:00"}
2024-02-08 00:12:44 查询号码 【1772453】，GSD为【"广东-江门"】

