2024-02-17 00:10:59 开始第 4193 次操作

2024-02-17 00:10:59 开始操作号码 【1774106】
2024-02-17 00:11:04 GSD getOne 第 1 次 等待 3 秒
2024-02-17 00:11:07 查询号码 【1774106】，返回信息 {"status":"ok","msg":"辽宁-铁岭","gid":"266461","time_insert":"2021-07-13 15:44"}
2024-02-17 00:11:07 查询号码 【1774106】，GSD为【"辽宁-铁岭"】

2024-02-17 00:11:08 开始第 4194 次操作

2024-02-17 00:11:08 开始操作号码 【1774107】
2024-02-17 00:11:17 GSD getOne 第 1 次 等待 3 秒
2024-02-17 00:11:20 查询号码 【1774107】，返回信息 {"status":"ok","msg":"辽宁-铁岭","gid":"266446","time_insert":"2021-07-13 15:43"}
2024-02-17 00:11:20 查询号码 【1774107】，GSD为【"辽宁-铁岭"】

2024-02-17 00:11:21 开始第 4195 次操作

2024-02-17 00:11:21 开始操作号码 【1774108】
2024-02-17 00:11:27 GSD getOne 第 1 次 等待 3 秒
2024-02-17 00:11:30 查询号码 【1774108】，返回信息 {"status":"ok","msg":"辽宁-大连","gid":"266431","time_insert":"2021-07-13 15:42"}
2024-02-17 00:11:30 查询号码 【1774108】，GSD为【"辽宁-大连"】

2024-02-17 00:11:31 开始第 4196 次操作

2024-02-17 00:11:31 开始操作号码 【1774109】
2024-02-17 00:11:35 GSD getOne 第 1 次 等待 3 秒
2024-02-17 00:11:38 查询号码 【1774109】，返回信息 {"status":"ok","msg":"辽宁-大连","gid":"266413","time_insert":"2021-07-13 15:42"}
2024-02-17 00:11:38 查询号码 【1774109】，GSD为【"辽宁-大连"】

