2024-05-04 00:11:41 开始第 7185 次操作

2024-05-04 00:11:41 开始操作号码 【1667099】
2024-05-04 00:11:51 GSD getOne 第 1 次 等待 3 秒
2024-05-04 00:11:54 查询号码 【1667099】，返回信息 {"status":"ok","msg":"湖南-衡阳","gid":"177163","time_insert":"2021-07-02 22:50"}
2024-05-04 00:11:54 查询号码 【1667099】，GSD为【"湖南-衡阳"】

2024-05-04 00:11:55 开始第 7186 次操作

2024-05-04 00:11:55 开始操作号码 【1667100】
2024-05-04 00:12:01 GSD getOne 第 1 次 等待 3 秒
2024-05-04 00:12:04 查询号码 【1667100】，返回信息 {"status":"ok","msg":"湖北-宜昌","gid":"177171","time_insert":"2021-07-02 22:50"}
2024-05-04 00:12:04 查询号码 【1667100】，GSD为【"湖北-宜昌"】

2024-05-04 00:12:05 开始第 7187 次操作

2024-05-04 00:12:05 开始操作号码 【1667101】
2024-05-04 00:12:14 GSD getOne 第 1 次 等待 3 秒
2024-05-04 00:12:17 查询号码 【1667101】，返回信息 {"status":"ok","msg":"湖北-鄂州","gid":"177182","time_insert":"2021-07-02 22:51"}
2024-05-04 00:12:17 查询号码 【1667101】，GSD为【"湖北-鄂州"】

2024-05-04 00:12:18 开始第 7188 次操作

2024-05-04 00:12:18 开始操作号码 【1667102】
2024-05-04 00:12:26 GSD getOne 第 1 次 等待 3 秒
2024-05-04 00:12:29 查询号码 【1667102】，返回信息 {"status":"ok","msg":"湖北-荆门","gid":"177189","time_insert":"2021-07-02 22:52"}
2024-05-04 00:12:29 查询号码 【1667102】，GSD为【"湖北-荆门"】

