2024-10-26 00:14:43 开始第 1481 次操作

2024-10-26 00:14:43 开始操作号码 【1331480】
2024-10-26 00:14:44 GSD getOne 第 1 次 等待 3 秒
2024-10-26 00:14:47 查询号码 【1331480】，返回信息 {"status":"ok","msg":"内蒙古-呼伦贝尔","gid":"69028","time_insert":"2021-05-26 14:44"}
2024-10-26 00:14:47 查询号码 【1331480】，GSD为【"内蒙古-呼伦贝尔"】

2024-10-26 00:14:48 开始第 1482 次操作

2024-10-26 00:14:48 开始操作号码 【1331481】
2024-10-26 00:14:49 GSD getOne 第 1 次 等待 3 秒
2024-10-26 00:14:52 查询号码 【1331481】，返回信息 {"status":"ok","msg":"内蒙古-呼伦贝尔","gid":"69047","time_insert":"2021-05-26 15:09"}
2024-10-26 00:14:52 查询号码 【1331481】，GSD为【"内蒙古-呼伦贝尔"】

2024-10-26 00:14:53 开始第 1483 次操作

2024-10-26 00:14:53 开始操作号码 【1331482】
2024-10-26 00:14:54 GSD getOne 第 1 次 等待 3 秒
2024-10-26 00:14:57 查询号码 【1331482】，返回信息 {"status":"ok","msg":"内蒙古-兴安盟","gid":"69058","time_insert":"2021-05-26 15:25"}
2024-10-26 00:14:57 查询号码 【1331482】，GSD为【"内蒙古-兴安盟"】

2024-10-26 00:14:59 开始第 1484 次操作

2024-10-26 00:14:59 开始操作号码 【1331483】
2024-10-26 00:15:00 GSD getOne 第 1 次 等待 3 秒
2024-10-26 00:15:03 查询号码 【1331483】，返回信息 {"status":"ok","msg":"内蒙古-呼伦贝尔","gid":"69079","time_insert":"2021-05-26 15:50"}
2024-10-26 00:15:03 查询号码 【1331483】，GSD为【"内蒙古-呼伦贝尔"】

