2023-10-20 00:11:34 开始第 4141 次操作

2023-10-20 00:11:34 开始操作号码 【1984054】
2023-10-20 00:11:39 GSD getOne 第 1 次 等待 3 秒
2023-10-20 00:11:42 查询号码 【1984054】，返回信息 {"status":"ok","msg":"福建-莆田","gid":"507273","time_insert":"2021-08-13 06:48"}
2023-10-20 00:11:43 查询号码 【1984054】，GSD为【"福建-莆田"】

2023-10-20 00:11:44 开始第 4142 次操作

2023-10-20 00:11:44 开始操作号码 【1984055】
2023-10-20 00:11:52 GSD getOne 第 1 次 等待 3 秒
2023-10-20 00:11:55 查询号码 【1984055】，返回信息 {"status":"ok","msg":"福建-泉州","gid":"507286","time_insert":"2021-08-13 06:58"}
2023-10-20 00:11:55 查询号码 【1984055】，GSD为【"福建-泉州"】

2023-10-20 00:11:56 开始第 4143 次操作

2023-10-20 00:11:56 开始操作号码 【1984056】
2023-10-20 00:12:01 GSD getOne 第 1 次 等待 3 秒
2023-10-20 00:12:04 查询号码 【1984056】，返回信息 {"status":"ok","msg":"福建-漳州","gid":"507298","time_insert":"2021-08-13 07:06"}
2023-10-20 00:12:05 查询号码 【1984056】，GSD为【"福建-漳州"】

2023-10-20 00:12:06 开始第 4144 次操作

2023-10-20 00:12:06 开始操作号码 【1984057】
2023-10-20 00:12:08 GSD getOne 第 1 次 等待 3 秒
2023-10-20 00:12:11 查询号码 【1984057】，返回信息 {"status":"ok","msg":"福建-龙岩","gid":"507307","time_insert":"2021-08-13 07:13"}
2023-10-20 00:12:11 查询号码 【1984057】，GSD为【"福建-龙岩"】

2023-10-20 00:36:20 开始第 4145 次操作

2023-10-20 00:36:20 开始操作号码 【1984058】
2023-10-20 00:36:23 GSD getOne 第 1 次 等待 3 秒
2023-10-20 00:36:26 查询号码 【1984058】，返回信息 {"status":"ok","msg":"福建-三明","gid":"507309","time_insert":"2021-08-13 07:15"}
2023-10-20 00:36:26 查询号码 【1984058】，GSD为【"福建-三明"】

2023-10-20 00:36:27 开始第 4146 次操作

2023-10-20 00:36:27 开始操作号码 【1984059】
2023-10-20 00:36:31 GSD getOne 第 1 次 等待 3 秒
2023-10-20 00:36:34 查询号码 【1984059】，返回信息 {"status":"ok","msg":"福建-南平","gid":"507319","time_insert":"2021-08-13 07:23"}
2023-10-20 00:36:34 查询号码 【1984059】，GSD为【"福建-南平"】

2023-10-20 00:36:35 开始第 4147 次操作

2023-10-20 00:36:35 开始操作号码 【1984060】
2023-10-20 00:36:37 GSD getOne 第 1 次 等待 3 秒
2023-10-20 00:36:40 查询号码 【1984060】，返回信息 {"status":"ok","msg":"北京-北京","gid":"507321","time_insert":"2021-08-13 07:25"}
2023-10-20 00:36:40 查询号码 【1984060】，GSD为【"北京-北京"】

2023-10-20 00:36:41 开始第 4148 次操作

2023-10-20 00:36:41 开始操作号码 【1984061】
2023-10-20 00:36:44 GSD getOne 第 1 次 等待 3 秒
2023-10-20 00:36:47 查询号码 【1984061】，返回信息 {"status":"ok","msg":"北京-北京","gid":"507331","time_insert":"2021-08-13 07:33"}
2023-10-20 00:36:47 查询号码 【1984061】，GSD为【"北京-北京"】

