2024-08-31 00:12:05 开始第 2077 次操作

2024-08-31 00:12:05 开始操作号码 【1442076】
2024-08-31 00:12:15 GSD getOne 第 1 次 等待 3 秒
2024-08-31 00:12:18 查询号码 【1442076】，返回信息 {"status":"ok","msg":"-","gid":"558256","time_insert":"2023-02-27 08:23"}
2024-08-31 00:12:18 查询号码 【1442076】，GSD为【"-"】
2024-08-31 00:12:18 ok && -
2024-08-31 00:12:19 CHB 1442076?1725034338 第 1 次 等待 3 秒
2024-08-31 00:12:22 CHB 1442076?1725034338 第 1 次 获取到号码【1442076】GSD
2024-08-31 00:12:22 未获取到号码【1442076】GSD，可能号码格式错误
2024-08-31 00:12:22 获取到号码【1442076】的GSD为【-】
2024-08-31 00:12:31 GSD insert 第 1 次 等待 3 秒
2024-08-31 00:12:34 {"status":"bad","gid":"558256","msg":"添加失败！号码【1442076(-|-)】已存在！"}
2024-08-31 00:12:34 随机等待 171 秒，约 2 分钟
2024-08-31 00:12:34 下次操作: 2024-08-31 00:15:25

2024-08-31 00:15:25 开始第 2078 次操作

2024-08-31 00:15:25 开始操作号码 【1442077】
2024-08-31 00:15:40 GSD getOne 第 1 次 等待 3 秒
2024-08-31 00:15:43 查询号码 【1442077】，返回信息 {"status":"ok","msg":"-","gid":"558267","time_insert":"2023-02-27 08:33"}
2024-08-31 00:15:43 查询号码 【1442077】，GSD为【"-"】
2024-08-31 00:15:43 ok && -
2024-08-31 00:15:46 CHB 1442077?1725034543 第 1 次 等待 3 秒
2024-08-31 00:15:49 CHB 1442077?1725034543 第 1 次 获取到号码【1442077】GSD
2024-08-31 00:15:49 未获取到号码【1442077】GSD，可能号码格式错误
2024-08-31 00:15:49 获取到号码【1442077】的GSD为【-】
2024-08-31 00:15:57 GSD insert 第 1 次 等待 3 秒
2024-08-31 00:16:00 {"status":"bad","gid":"558267","msg":"添加失败！号码【1442077(-|-)】已存在！"}
2024-08-31 00:16:00 随机等待 137 秒，约 2 分钟
2024-08-31 00:16:00 下次操作: 2024-08-31 00:18:17

2024-08-31 00:18:17 开始第 2079 次操作

2024-08-31 00:18:17 开始操作号码 【1442078】
2024-08-31 00:18:34 GSD getOne 第 1 次 等待 3 秒
2024-08-31 00:18:37 查询号码 【1442078】，返回信息 {"status":"ok","msg":"-","gid":"558280","time_insert":"2023-02-27 08:45"}
2024-08-31 00:18:37 查询号码 【1442078】，GSD为【"-"】
2024-08-31 00:18:37 ok && -
2024-08-31 00:18:38 CHB 1442078?1725034717 第 1 次 等待 3 秒
2024-08-31 00:18:41 CHB 1442078?1725034717 第 1 次 获取到号码【1442078】GSD
2024-08-31 00:18:41 未获取到号码【1442078】GSD，可能号码格式错误
2024-08-31 00:18:41 获取到号码【1442078】的GSD为【-】
2024-08-31 00:18:50 GSD insert 第 1 次 等待 3 秒
2024-08-31 00:18:53 {"status":"bad","gid":"558280","msg":"添加失败！号码【1442078(-|-)】已存在！"}
2024-08-31 00:18:53 随机等待 66 秒，约 1 分钟
2024-08-31 00:18:53 下次操作: 2024-08-31 00:19:59

2024-08-31 00:19:59 开始第 2080 次操作

2024-08-31 00:19:59 开始操作号码 【1442079】
2024-08-31 00:20:08 GSD getOne 第 1 次 等待 3 秒
2024-08-31 00:20:11 查询号码 【1442079】，返回信息 {"status":"ok","msg":"-","gid":"558296","time_insert":"2023-02-27 08:58"}
2024-08-31 00:20:11 查询号码 【1442079】，GSD为【"-"】
2024-08-31 00:20:11 ok && -
2024-08-31 00:20:12 CHB 1442079?1725034811 第 1 次 等待 3 秒
2024-08-31 00:20:15 CHB 1442079?1725034811 第 1 次 获取到号码【1442079】GSD
2024-08-31 00:20:15 未获取到号码【1442079】GSD，可能号码格式错误
2024-08-31 00:20:15 获取到号码【1442079】的GSD为【-】
2024-08-31 00:20:23 GSD insert 第 1 次 等待 3 秒
2024-08-31 00:20:26 {"status":"bad","gid":"558296","msg":"添加失败！号码【1442079(-|-)】已存在！"}

2024-08-31 00:39:20 开始第 2081 次操作

2024-08-31 00:39:20 开始操作号码 【1442080】
2024-08-31 00:39:29 GSD getOne 第 1 次 等待 3 秒
2024-08-31 00:39:33 查询号码 【1442080】，返回信息 {"status":"ok","msg":"-","gid":"558311","time_insert":"2023-02-27 09:11"}
2024-08-31 00:39:33 查询号码 【1442080】，GSD为【"-"】
2024-08-31 00:39:33 ok && -
2024-08-31 00:39:38 CHB 1442080?1725035973 第 1 次 等待 3 秒
2024-08-31 00:39:41 CHB 1442080?1725035973 第 1 次 获取到号码【1442080】GSD
2024-08-31 00:39:41 未获取到号码【1442080】GSD，可能号码格式错误
2024-08-31 00:39:41 获取到号码【1442080】的GSD为【-】
2024-08-31 00:39:41 GSD insert 第 1 次 等待 3 秒
2024-08-31 00:39:52 GSD insert 第 2 次 等待 3 秒
2024-08-31 00:39:55 {"status":"bad","gid":"558311","msg":"添加失败！号码【1442080(-|-)】已存在！"}
2024-08-31 00:39:55 随机等待 198 秒，约 3 分钟
2024-08-31 00:39:55 下次操作: 2024-08-31 00:43:13

2024-08-31 00:43:13 开始第 2082 次操作

2024-08-31 00:43:13 开始操作号码 【1442081】
2024-08-31 00:43:21 GSD getOne 第 1 次 等待 3 秒
2024-08-31 00:43:24 查询号码 【1442081】，返回信息 {"status":"ok","msg":"-","gid":"558327","time_insert":"2023-02-27 09:26"}
2024-08-31 00:43:24 查询号码 【1442081】，GSD为【"-"】
2024-08-31 00:43:24 ok && -
2024-08-31 00:43:26 CHB 1442081?1725036204 第 1 次 等待 3 秒
2024-08-31 00:43:29 CHB 1442081?1725036204 第 1 次 获取到号码【1442081】GSD
2024-08-31 00:43:29 未获取到号码【1442081】GSD，可能号码格式错误
2024-08-31 00:43:29 获取到号码【1442081】的GSD为【-】
2024-08-31 00:43:37 GSD insert 第 1 次 等待 3 秒
2024-08-31 00:43:40 {"status":"bad","gid":"558327","msg":"添加失败！号码【1442081(-|-)】已存在！"}
2024-08-31 00:43:40 随机等待 200 秒，约 3 分钟
2024-08-31 00:43:40 下次操作: 2024-08-31 00:47:00

2024-08-31 00:47:00 开始第 2083 次操作

2024-08-31 00:47:00 开始操作号码 【1442082】
2024-08-31 00:47:09 GSD getOne 第 1 次 等待 3 秒
2024-08-31 00:47:12 查询号码 【1442082】，返回信息 {"status":"ok","msg":"-","gid":"558348","time_insert":"2023-02-27 09:42"}
2024-08-31 00:47:12 查询号码 【1442082】，GSD为【"-"】
2024-08-31 00:47:12 ok && -
2024-08-31 00:47:14 CHB 1442082?1725036432 第 1 次 等待 3 秒
2024-08-31 00:47:17 CHB 1442082?1725036432 第 1 次 获取到号码【1442082】GSD
2024-08-31 00:47:17 未获取到号码【1442082】GSD，可能号码格式错误
2024-08-31 00:47:17 获取到号码【1442082】的GSD为【-】
2024-08-31 00:47:25 GSD insert 第 1 次 等待 3 秒
2024-08-31 00:47:28 {"status":"bad","gid":"558348","msg":"添加失败！号码【1442082(-|-)】已存在！"}
2024-08-31 00:47:28 随机等待 207 秒，约 3 分钟
2024-08-31 00:47:28 下次操作: 2024-08-31 00:50:55

2024-08-31 00:50:55 开始第 2084 次操作

2024-08-31 00:50:55 开始操作号码 【1442083】
2024-08-31 00:51:04 GSD getOne 第 1 次 等待 3 秒
2024-08-31 00:51:07 查询号码 【1442083】，返回信息 {"status":"ok","msg":"-","gid":"558366","time_insert":"2023-02-27 09:58"}
2024-08-31 00:51:07 查询号码 【1442083】，GSD为【"-"】
2024-08-31 00:51:07 ok && -
2024-08-31 00:51:09 CHB 1442083?1725036667 第 1 次 等待 3 秒
2024-08-31 00:51:12 CHB 1442083?1725036667 第 1 次 获取到号码【1442083】GSD
2024-08-31 00:51:12 未获取到号码【1442083】GSD，可能号码格式错误
2024-08-31 00:51:12 获取到号码【1442083】的GSD为【-】
2024-08-31 00:51:19 GSD insert 第 1 次 等待 3 秒
2024-08-31 00:51:22 {"status":"bad","gid":"558366","msg":"添加失败！号码【1442083(-|-)】已存在！"}

