2024-03-15 00:11:29 开始第 9113 次操作

2024-03-15 00:11:29 开始操作号码 【1779026】
2024-03-15 00:11:35 GSD getOne 第 1 次 等待 3 秒
2024-03-15 00:11:38 查询号码 【1779026】，返回信息 {"status":"ok","msg":"四川-成都","gid":"31357","time_insert":"2018-07-17 15:31","time_update":"2020-10-31 19:33"}
2024-03-15 00:11:38 查询号码 【1779026】，GSD为【"四川-成都"】

2024-03-15 00:11:39 开始第 9114 次操作

2024-03-15 00:11:39 开始操作号码 【1779027】
2024-03-15 00:11:44 GSD getOne 第 1 次 等待 3 秒
2024-03-15 00:11:47 查询号码 【1779027】，返回信息 {"status":"ok","msg":"四川-成都","gid":"31358","time_insert":"2017-04-23 09:43","time_update":"2020-10-31 19:37"}
2024-03-15 00:11:47 查询号码 【1779027】，GSD为【"四川-成都"】

2024-03-15 00:11:48 开始第 9115 次操作

2024-03-15 00:11:48 开始操作号码 【1779028】
2024-03-15 00:11:53 GSD getOne 第 1 次 等待 3 秒
2024-03-15 00:11:56 查询号码 【1779028】，返回信息 {"status":"ok","msg":"四川-成都","gid":"31359","time_insert":"2018-03-08 12:39","time_update":"2020-10-31 19:41"}
2024-03-15 00:11:56 查询号码 【1779028】，GSD为【"四川-成都"】

2024-03-15 00:11:57 开始第 9116 次操作

2024-03-15 00:11:57 开始操作号码 【1779029】
2024-03-15 00:12:02 GSD getOne 第 1 次 等待 3 秒
2024-03-15 00:12:05 查询号码 【1779029】，返回信息 {"status":"ok","msg":"四川-广安","gid":"31360","time_insert":"2020-08-03 12:03","time_update":"2020-10-31 19:45"}
2024-03-15 00:12:05 查询号码 【1779029】，GSD为【"四川-广安"】

2024-03-15 00:35:16 开始第 9117 次操作

2024-03-15 00:35:16 开始操作号码 【1779030】
2024-03-15 00:35:22 GSD getOne 第 1 次 等待 3 秒
2024-03-15 00:35:25 查询号码 【1779030】，返回信息 {"status":"ok","msg":"四川-达州","gid":"31361","time_insert":"2019-11-15 11:24","time_update":"2020-10-31 19:50"}
2024-03-15 00:35:25 查询号码 【1779030】，GSD为【"四川-达州"】

2024-03-15 00:35:26 开始第 9118 次操作

2024-03-15 00:35:26 开始操作号码 【1779031】
2024-03-15 00:35:31 GSD getOne 第 1 次 等待 3 秒
2024-03-15 00:35:34 查询号码 【1779031】，返回信息 {"status":"ok","msg":"四川-达州","gid":"214800","time_insert":"2021-07-07 15:01"}
2024-03-15 00:35:34 查询号码 【1779031】，GSD为【"四川-达州"】

2024-03-15 00:35:35 开始第 9119 次操作

2024-03-15 00:35:35 开始操作号码 【1779032】
2024-03-15 00:35:41 GSD getOne 第 1 次 等待 3 秒
2024-03-15 00:35:44 查询号码 【1779032】，返回信息 {"status":"ok","msg":"四川-遂宁","gid":"31362","time_insert":"2018-02-23 13:12","time_update":"2020-10-31 19:54"}
2024-03-15 00:35:44 查询号码 【1779032】，GSD为【"四川-遂宁"】

2024-03-15 00:35:45 开始第 9120 次操作

2024-03-15 00:35:45 开始操作号码 【1779033】
2024-03-15 00:35:51 GSD getOne 第 1 次 等待 3 秒
2024-03-15 00:35:54 查询号码 【1779033】，返回信息 {"status":"ok","msg":"四川-遂宁","gid":"31363","time_insert":"2018-06-15 23:09","time_update":"2020-10-31 19:58"}
2024-03-15 00:35:54 查询号码 【1779033】，GSD为【"四川-遂宁"】

2024-03-15 01:08:06 开始第 9121 次操作

2024-03-15 01:08:06 开始操作号码 【1779034】
2024-03-15 01:08:11 GSD getOne 第 1 次 等待 3 秒
2024-03-15 01:08:14 查询号码 【1779034】，返回信息 {"status":"ok","msg":"四川-绵阳","gid":"214781","time_insert":"2021-07-07 14:59"}
2024-03-15 01:08:14 查询号码 【1779034】，GSD为【"四川-绵阳"】

2024-03-15 01:08:15 开始第 9122 次操作

2024-03-15 01:08:15 开始操作号码 【1779035】
2024-03-15 01:08:21 GSD getOne 第 1 次 等待 3 秒
2024-03-15 01:08:24 查询号码 【1779035】，返回信息 {"status":"ok","msg":"四川-绵阳","gid":"214773","time_insert":"2021-07-07 14:59"}
2024-03-15 01:08:24 查询号码 【1779035】，GSD为【"四川-绵阳"】

2024-03-15 01:08:25 开始第 9123 次操作

2024-03-15 01:08:25 开始操作号码 【1779036】
2024-03-15 01:08:30 GSD getOne 第 1 次 等待 3 秒
2024-03-15 01:08:33 查询号码 【1779036】，返回信息 {"status":"ok","msg":"四川-广元","gid":"214767","time_insert":"2021-07-07 14:58"}
2024-03-15 01:08:33 查询号码 【1779036】，GSD为【"四川-广元"】

2024-03-15 01:08:34 开始第 9124 次操作

2024-03-15 01:08:34 开始操作号码 【1779037】
2024-03-15 01:08:39 GSD getOne 第 1 次 等待 3 秒
2024-03-15 01:08:42 查询号码 【1779037】，返回信息 {"status":"ok","msg":"四川-广元","gid":"31364","time_insert":"2018-11-11 20:41","time_update":"2020-10-31 20:03"}
2024-03-15 01:08:42 查询号码 【1779037】，GSD为【"四川-广元"】

