2024-12-04 00:15:44 开始第 8297 次操作

2024-12-04 00:15:44 开始操作号码 【1338296】
2024-12-04 00:15:45 GSD getOne 第 1 次 等待 3 秒
2024-12-04 00:15:48 查询号码 【1338296】，返回信息 {"status":"ok","msg":"江苏-连云港","gid":"273621","time_insert":"2021-07-14 11:41"}
2024-12-04 00:15:48 查询号码 【1338296】，GSD为【"江苏-连云港"】

2024-12-04 00:15:49 开始第 8298 次操作

2024-12-04 00:15:49 开始操作号码 【1338297】
2024-12-04 00:15:50 GSD getOne 第 1 次 等待 3 秒
2024-12-04 00:15:53 查询号码 【1338297】，返回信息 {"status":"ok","msg":"江苏-镇江","gid":"273617","time_insert":"2021-07-14 11:41"}
2024-12-04 00:15:53 查询号码 【1338297】，GSD为【"江苏-镇江"】

2024-12-04 00:15:54 开始第 8299 次操作

2024-12-04 00:15:54 开始操作号码 【1338298】
2024-12-04 00:15:55 GSD getOne 第 1 次 等待 3 秒
2024-12-04 00:15:58 查询号码 【1338298】，返回信息 {"status":"ok","msg":"江苏-镇江","gid":"273615","time_insert":"2021-07-14 11:41"}
2024-12-04 00:15:58 查询号码 【1338298】，GSD为【"江苏-镇江"】

2024-12-04 00:15:59 开始第 8300 次操作

2024-12-04 00:15:59 开始操作号码 【1338299】
2024-12-04 00:16:00 GSD getOne 第 1 次 等待 3 秒
2024-12-04 00:16:03 查询号码 【1338299】，返回信息 {"status":"ok","msg":"江苏-镇江","gid":"273613","time_insert":"2021-07-14 11:40"}
2024-12-04 00:16:03 查询号码 【1338299】，GSD为【"江苏-镇江"】

