2024-06-16 00:12:30 开始第 1413 次操作

2024-06-16 00:12:30 开始操作号码 【1551327】
2024-06-16 00:12:37 GSD getOne 第 1 次 等待 3 秒
2024-06-16 00:12:40 查询号码 【1551327】，返回信息 {"status":"ok","msg":"山西-太原","gid":"109450","time_insert":"2021-06-21 00:35"}
2024-06-16 00:12:40 查询号码 【1551327】，GSD为【"山西-太原"】

2024-06-16 00:12:41 开始第 1414 次操作

2024-06-16 00:12:41 开始操作号码 【1551328】
2024-06-16 00:12:49 GSD getOne 第 1 次 等待 3 秒
2024-06-16 00:12:52 查询号码 【1551328】，返回信息 {"status":"ok","msg":"山西-太原","gid":"109475","time_insert":"2021-06-21 00:53"}
2024-06-16 00:12:52 查询号码 【1551328】，GSD为【"山西-太原"】

2024-06-16 00:12:53 开始第 1415 次操作

2024-06-16 00:12:53 开始操作号码 【1551329】
2024-06-16 00:13:00 GSD getOne 第 1 次 等待 3 秒
2024-06-16 00:13:03 查询号码 【1551329】，返回信息 {"status":"ok","msg":"山西-太原","gid":"109498","time_insert":"2021-06-21 01:10"}
2024-06-16 00:13:03 查询号码 【1551329】，GSD为【"山西-太原"】

2024-06-16 00:13:04 开始第 1416 次操作

2024-06-16 00:13:04 开始操作号码 【1551330】
2024-06-16 00:13:12 GSD getOne 第 1 次 等待 3 秒
2024-06-16 00:13:15 查询号码 【1551330】，返回信息 {"status":"ok","msg":"山西-朔州","gid":"109523","time_insert":"2021-06-21 01:29"}
2024-06-16 00:13:15 查询号码 【1551330】，GSD为【"山西-朔州"】

2024-06-16 00:36:56 开始第 1417 次操作

2024-06-16 00:36:56 开始操作号码 【1551331】
2024-06-16 00:37:04 GSD getOne 第 1 次 等待 3 秒
2024-06-16 00:37:07 查询号码 【1551331】，返回信息 {"status":"ok","msg":"山西-朔州","gid":"109543","time_insert":"2021-06-21 01:45"}
2024-06-16 00:37:07 查询号码 【1551331】，GSD为【"山西-朔州"】

2024-06-16 00:37:08 开始第 1418 次操作

2024-06-16 00:37:08 开始操作号码 【1551332】
2024-06-16 00:37:15 GSD getOne 第 1 次 等待 3 秒
2024-06-16 00:37:18 查询号码 【1551332】，返回信息 {"status":"ok","msg":"山西-朔州","gid":"109570","time_insert":"2021-06-21 02:04"}
2024-06-16 00:37:19 查询号码 【1551332】，GSD为【"山西-朔州"】

2024-06-16 00:37:20 开始第 1419 次操作

2024-06-16 00:37:20 开始操作号码 【1551333】
2024-06-16 00:37:27 GSD getOne 第 1 次 等待 3 秒
2024-06-16 00:37:30 查询号码 【1551333】，返回信息 {"status":"ok","msg":"山西-朔州","gid":"109595","time_insert":"2021-06-21 02:23"}
2024-06-16 00:37:30 查询号码 【1551333】，GSD为【"山西-朔州"】

2024-06-16 00:37:31 开始第 1420 次操作

2024-06-16 00:37:31 开始操作号码 【1551334】
2024-06-16 00:37:41 GSD getOne 第 1 次 等待 3 秒
2024-06-16 00:37:44 查询号码 【1551334】，返回信息 {"status":"ok","msg":"山西-朔州","gid":"109622","time_insert":"2021-06-21 02:40"}
2024-06-16 00:37:44 查询号码 【1551334】，GSD为【"山西-朔州"】

