2024-06-08 00:11:35 开始第 87 次操作
2024-06-08 00:11:35 号码【166（0000 ---> 9999）】处理完毕
2024-06-08 00:39:21 开始第 87 次操作
2024-06-08 00:39:21 号码【166（0000 ---> 9999）】处理完毕
2024-06-08 01:09:03 开始第 87 次操作
2024-06-08 01:09:03 号码【166（0000 ---> 9999）】处理完毕
2024-06-08 01:32:57 开始第 87 次操作
2024-06-08 01:32:57 号码【166（0000 ---> 9999）】处理完毕
2024-06-08 02:13:34 开始第 87 次操作
2024-06-08 02:13:34 号码【166（0000 ---> 9999）】处理完毕
2024-06-08 02:37:36 开始第 87 次操作
2024-06-08 02:37:36 号码【166（0000 ---> 9999）】处理完毕
2024-06-08 03:08:26 开始第 87 次操作
2024-06-08 03:08:26 号码【166（0000 ---> 9999）】处理完毕
2024-06-08 03:33:36 开始第 87 次操作
2024-06-08 03:33:36 号码【166（0000 ---> 9999）】处理完毕
2024-06-08 04:10:12 开始第 87 次操作
2024-06-08 04:10:12 号码【166（0000 ---> 9999）】处理完毕
2024-06-08 04:33:19 开始第 87 次操作
2024-06-08 04:33:19 号码【166（0000 ---> 9999）】处理完毕
2024-06-08 05:11:27 开始第 87 次操作
2024-06-08 05:11:27 号码【166（0000 ---> 9999）】处理完毕
2024-06-08 05:33:07 开始第 87 次操作
2024-06-08 05:33:07 号码【166（0000 ---> 9999）】处理完毕
2024-06-08 06:09:50 开始第 87 次操作
2024-06-08 06:09:50 号码【166（0000 ---> 9999）】处理完毕
2024-06-08 06:34:10 开始第 87 次操作
2024-06-08 06:34:10 号码【166（0000 ---> 9999）】处理完毕
2024-06-08 07:10:45 开始第 87 次操作
2024-06-08 07:10:45 号码【166（0000 ---> 9999）】处理完毕
2024-06-08 07:33:20 开始第 87 次操作
2024-06-08 07:33:20 号码【166（0000 ---> 9999）】处理完毕
2024-06-08 08:44:06 开始第 87 次操作
2024-06-08 08:44:06 号码【166（0000 ---> 9999）】处理完毕
2024-06-08 09:54:11 开始第 87 次操作
2024-06-08 09:54:11 号码【166（0000 ---> 9999）】处理完毕
2024-06-08 10:26:10 开始第 87 次操作
2024-06-08 10:26:10 号码【166（0000 ---> 9999）】处理完毕
2024-06-08 10:42:57 开始第 87 次操作
2024-06-08 10:42:57 号码【166（0000 ---> 9999）】处理完毕
2024-06-08 11:10:30 开始第 87 次操作
2024-06-08 11:10:30 号码【166（0000 ---> 9999）】处理完毕
2024-06-08 11:33:04 开始第 87 次操作
2024-06-08 11:33:04 号码【166（0000 ---> 9999）】处理完毕
2024-06-08 12:12:22 开始第 87 次操作
2024-06-08 12:12:22 号码【166（0000 ---> 9999）】处理完毕
2024-06-08 12:35:01 开始第 87 次操作
2024-06-08 12:35:01 号码【166（0000 ---> 9999）】处理完毕
2024-06-08 13:09:29 开始第 87 次操作
2024-06-08 13:09:29 号码【166（0000 ---> 9999）】处理完毕
2024-06-08 13:33:10 开始第 87 次操作
2024-06-08 13:33:10 号码【166（0000 ---> 9999）】处理完毕
2024-06-08 14:12:18 开始第 87 次操作
2024-06-08 14:12:18 号码【166（0000 ---> 9999）】处理完毕
2024-06-08 14:35:55 开始第 87 次操作
2024-06-08 14:35:55 号码【166（0000 ---> 9999）】处理完毕
2024-06-08 15:10:00 开始第 87 次操作
2024-06-08 15:10:00 号码【166（0000 ---> 9999）】处理完毕
2024-06-08 15:33:36 开始第 87 次操作
2024-06-08 15:33:36 号码【166（0000 ---> 9999）】处理完毕
2024-06-08 16:11:22 开始第 87 次操作
2024-06-08 16:11:22 号码【166（0000 ---> 9999）】处理完毕
2024-06-08 16:33:06 开始第 87 次操作
2024-06-08 16:33:06 号码【166（0000 ---> 9999）】处理完毕
2024-06-08 17:11:05 开始第 87 次操作
2024-06-08 17:11:05 号码【166（0000 ---> 9999）】处理完毕
2024-06-08 17:30:18 开始第 87 次操作

2024-06-08 17:30:18 开始操作号码 【1550001】
2024-06-08 17:30:24 GSD getOne 第 1 次 等待 3 秒
2024-06-08 17:30:27 查询号码 【1550001】，返回信息 {"status":"ok","msg":"吉林-长春","gid":"79837","time_insert":"2021-06-04 15:21","time_update":"2021-06-04 15:35"}
2024-06-08 17:30:27 查询号码 【1550001】，GSD为【"吉林-长春"】

2024-06-08 17:30:28 开始第 88 次操作

2024-06-08 17:30:28 开始操作号码 【1550002】
2024-06-08 17:30:33 GSD getOne 第 1 次 等待 3 秒
2024-06-08 17:30:36 查询号码 【1550002】，返回信息 {"status":"ok","msg":"吉林-长春","gid":"79871","time_insert":"2021-06-04 15:42","time_update":"2021-06-04 15:47"}
2024-06-08 17:30:36 查询号码 【1550002】，GSD为【"吉林-长春"】

2024-06-08 17:34:31 开始第 89 次操作

2024-06-08 17:34:31 开始操作号码 【1550003】
2024-06-08 17:34:36 GSD getOne 第 1 次 等待 3 秒
2024-06-08 17:34:39 查询号码 【1550003】，返回信息 {"status":"ok","msg":"吉林-长春","gid":"79900","time_insert":"2021-06-04 15:58","time_update":"2021-06-04 16:01"}
2024-06-08 17:34:39 查询号码 【1550003】，GSD为【"吉林-长春"】

2024-06-08 17:34:41 开始第 90 次操作

2024-06-08 17:34:41 开始操作号码 【1550004】
2024-06-08 17:34:46 GSD getOne 第 1 次 等待 3 秒
2024-06-08 17:34:49 查询号码 【1550004】，返回信息 {"status":"ok","msg":"吉林-长春","gid":"79919","time_insert":"2021-06-04 16:09","time_update":"2021-06-04 16:18"}
2024-06-08 17:34:49 查询号码 【1550004】，GSD为【"吉林-长春"】

2024-06-08 17:34:50 开始第 91 次操作

2024-06-08 17:34:50 开始操作号码 【1550005】
2024-06-08 17:34:55 GSD getOne 第 1 次 等待 3 秒
2024-06-08 17:34:58 查询号码 【1550005】，返回信息 {"status":"ok","msg":"吉林-长春","gid":"79946","time_insert":"2021-06-04 16:26","time_update":"2021-06-04 16:35"}
2024-06-08 17:34:58 查询号码 【1550005】，GSD为【"吉林-长春"】

2024-06-08 17:34:59 开始第 92 次操作

2024-06-08 17:34:59 开始操作号码 【1550006】
2024-06-08 17:35:04 GSD getOne 第 1 次 等待 3 秒
2024-06-08 17:35:07 查询号码 【1550006】，返回信息 {"status":"ok","msg":"吉林-长春","gid":"80365","time_insert":"2021-06-04 23:44","time_update":"2021-06-04 23:46"}
2024-06-08 17:35:07 查询号码 【1550006】，GSD为【"吉林-长春"】

2024-06-08 18:10:04 开始第 93 次操作

2024-06-08 18:10:04 开始操作号码 【1550007】
2024-06-08 18:10:09 GSD getOne 第 1 次 等待 3 秒
2024-06-08 18:10:12 查询号码 【1550007】，返回信息 {"status":"ok","msg":"吉林-长春","gid":"80381","time_insert":"2021-06-05 00:00","time_update":"2021-06-05 00:04"}
2024-06-08 18:10:12 查询号码 【1550007】，GSD为【"吉林-长春"】

2024-06-08 18:10:13 开始第 94 次操作

2024-06-08 18:10:13 开始操作号码 【1550008】
2024-06-08 18:10:18 GSD getOne 第 1 次 等待 3 秒
2024-06-08 18:10:21 查询号码 【1550008】，返回信息 {"status":"ok","msg":"吉林-长春","gid":"80402","time_insert":"2021-06-05 00:18","time_update":"2021-06-05 00:31"}
2024-06-08 18:10:21 查询号码 【1550008】，GSD为【"吉林-长春"】

2024-06-08 18:10:22 开始第 95 次操作

2024-06-08 18:10:22 开始操作号码 【1550009】
2024-06-08 18:10:27 GSD getOne 第 1 次 等待 3 秒
2024-06-08 18:10:30 查询号码 【1550009】，返回信息 {"status":"ok","msg":"吉林-长春","gid":"80417","time_insert":"2021-06-05 00:37","time_update":"2021-06-05 00:49"}
2024-06-08 18:10:30 查询号码 【1550009】，GSD为【"吉林-长春"】

2024-06-08 18:10:31 开始第 96 次操作

2024-06-08 18:10:31 开始操作号码 【1550010】
2024-06-08 18:10:36 GSD getOne 第 1 次 等待 3 秒
2024-06-08 18:10:39 查询号码 【1550010】，返回信息 {"status":"ok","msg":"吉林-四平","gid":"80435","time_insert":"2021-06-05 00:54","time_update":"2021-06-05 01:02"}
2024-06-08 18:10:39 查询号码 【1550010】，GSD为【"吉林-四平"】

2024-06-08 18:34:32 开始第 97 次操作

2024-06-08 18:34:32 开始操作号码 【1550011】
2024-06-08 18:34:39 GSD getOne 第 1 次 等待 3 秒
2024-06-08 18:34:42 查询号码 【1550011】，返回信息 {"status":"ok","msg":"吉林-四平","gid":"80455","time_insert":"2021-06-05 01:11","time_update":"2021-06-05 01:15"}
2024-06-08 18:34:42 查询号码 【1550011】，GSD为【"吉林-四平"】

2024-06-08 18:34:44 开始第 98 次操作

2024-06-08 18:34:44 开始操作号码 【1550012】
2024-06-08 18:34:48 GSD getOne 第 1 次 等待 3 秒
2024-06-08 18:34:51 查询号码 【1550012】，返回信息 {"status":"ok","msg":"吉林-四平","gid":"80472","time_insert":"2021-06-05 01:28","time_update":"2021-06-05 01:31"}
2024-06-08 18:34:51 查询号码 【1550012】，GSD为【"吉林-四平"】

2024-06-08 18:34:52 开始第 99 次操作

2024-06-08 18:34:52 开始操作号码 【1550013】
2024-06-08 18:34:58 GSD getOne 第 1 次 等待 3 秒
2024-06-08 18:35:01 查询号码 【1550013】，返回信息 {"status":"ok","msg":"吉林-四平","gid":"80486","time_insert":"2021-06-05 01:44","time_update":"2021-06-05 01:50"}
2024-06-08 18:35:01 查询号码 【1550013】，GSD为【"吉林-四平"】

2024-06-08 18:35:02 开始第 100 次操作

2024-06-08 18:35:02 开始操作号码 【1550014】
2024-06-08 18:35:08 GSD getOne 第 1 次 等待 3 秒
2024-06-08 18:35:11 查询号码 【1550014】，返回信息 {"status":"ok","msg":"吉林-四平","gid":"80503","time_insert":"2021-06-05 02:00","time_update":"2021-06-05 02:01"}
2024-06-08 18:35:11 查询号码 【1550014】，GSD为【"吉林-四平"】

2024-06-08 19:08:31 开始第 101 次操作

2024-06-08 19:08:31 开始操作号码 【1550015】
2024-06-08 19:09:00 GSD getOne 第 1 次 等待 3 秒
2024-06-08 19:09:03 查询号码 【1550015】，返回信息 {"status":"ok","msg":"吉林-四平","gid":"80520","time_insert":"2021-06-05 02:16","time_update":"2021-06-05 02:17"}
2024-06-08 19:09:03 查询号码 【1550015】，GSD为【"吉林-四平"】

2024-06-08 19:09:05 开始第 102 次操作

2024-06-08 19:09:05 开始操作号码 【1550016】
2024-06-08 19:09:19 GSD getOne 第 1 次 等待 3 秒
2024-06-08 19:09:22 查询号码 【1550016】，返回信息 {"status":"ok","msg":"吉林-四平","gid":"80532","time_insert":"2021-06-05 02:32","time_update":"2021-06-05 02:48"}
2024-06-08 19:09:22 查询号码 【1550016】，GSD为【"吉林-四平"】

2024-06-08 19:09:23 开始第 103 次操作

2024-06-08 19:09:23 开始操作号码 【1550017】
2024-06-08 19:09:28 GSD getOne 第 1 次 等待 3 秒
2024-06-08 19:09:31 查询号码 【1550017】，返回信息 {"status":"ok","msg":"吉林-四平","gid":"80552","time_insert":"2021-06-05 02:51","time_update":"2021-06-05 03:01"}
2024-06-08 19:09:31 查询号码 【1550017】，GSD为【"吉林-四平"】

2024-06-08 19:09:32 开始第 104 次操作

2024-06-08 19:09:32 开始操作号码 【1550018】
2024-06-08 19:09:37 GSD getOne 第 1 次 等待 3 秒
2024-06-08 19:09:40 查询号码 【1550018】，返回信息 {"status":"ok","msg":"吉林-四平","gid":"80570","time_insert":"2021-06-05 03:08","time_update":"2021-06-05 03:17"}
2024-06-08 19:09:40 查询号码 【1550018】，GSD为【"吉林-四平"】

2024-06-08 19:32:55 开始第 105 次操作

2024-06-08 19:32:55 开始操作号码 【1550019】
2024-06-08 19:33:00 GSD getOne 第 1 次 等待 3 秒
2024-06-08 19:33:03 查询号码 【1550019】，返回信息 {"status":"ok","msg":"吉林-四平","gid":"80587","time_insert":"2021-06-05 03:24","time_update":"2021-06-05 03:32"}
2024-06-08 19:33:03 查询号码 【1550019】，GSD为【"吉林-四平"】

2024-06-08 19:33:04 开始第 106 次操作

2024-06-08 19:33:04 开始操作号码 【1550020】
2024-06-08 19:33:09 GSD getOne 第 1 次 等待 3 秒
2024-06-08 19:33:12 查询号码 【1550020】，返回信息 {"status":"ok","msg":"吉林-白山","gid":"80605","time_insert":"2021-06-05 03:43","time_update":"2021-06-05 03:47"}
2024-06-08 19:33:12 查询号码 【1550020】，GSD为【"吉林-白山"】

2024-06-08 19:33:13 开始第 107 次操作

2024-06-08 19:33:13 开始操作号码 【1550021】
2024-06-08 19:33:18 GSD getOne 第 1 次 等待 3 秒
2024-06-08 19:33:21 查询号码 【1550021】，返回信息 {"status":"ok","msg":"吉林-白山","gid":"80622","time_insert":"2021-06-05 04:00","time_update":"2021-06-05 04:05"}
2024-06-08 19:33:21 查询号码 【1550021】，GSD为【"吉林-白山"】

2024-06-08 19:33:22 开始第 108 次操作

2024-06-08 19:33:22 开始操作号码 【1550022】
2024-06-08 19:33:29 GSD getOne 第 1 次 等待 3 秒
2024-06-08 19:33:32 查询号码 【1550022】，返回信息 {"status":"ok","msg":"吉林-白山","gid":"80640","time_insert":"2021-06-05 04:17","time_update":"2021-06-05 04:31"}
2024-06-08 19:33:32 查询号码 【1550022】，GSD为【"吉林-白山"】

2024-06-08 20:16:01 开始第 109 次操作

2024-06-08 20:16:01 开始操作号码 【1550023】
2024-06-08 20:16:08 GSD getOne 第 1 次 等待 3 秒
2024-06-08 20:16:11 查询号码 【1550023】，返回信息 {"status":"ok","msg":"吉林-白山","gid":"80660","time_insert":"2021-06-05 04:37","time_update":"2021-06-05 04:45"}
2024-06-08 20:16:11 查询号码 【1550023】，GSD为【"吉林-白山"】

2024-06-08 20:16:12 开始第 110 次操作

2024-06-08 20:16:12 开始操作号码 【1550024】
2024-06-08 20:16:17 GSD getOne 第 1 次 等待 3 秒
2024-06-08 20:16:20 查询号码 【1550024】，返回信息 {"status":"ok","msg":"吉林-白山","gid":"80679","time_insert":"2021-06-05 04:55","time_update":"2021-06-05 05:18"}
2024-06-08 20:16:20 查询号码 【1550024】，GSD为【"吉林-白山"】

2024-06-08 20:16:21 开始第 111 次操作

2024-06-08 20:16:21 开始操作号码 【1550025】
2024-06-08 20:16:32 GSD getOne 第 1 次 等待 3 秒
2024-06-08 20:16:35 查询号码 【1550025】，返回信息 {"status":"ok","msg":"吉林-白城","gid":"80698","time_insert":"2021-06-05 05:15","time_update":"2021-06-05 05:32"}
2024-06-08 20:16:35 查询号码 【1550025】，GSD为【"吉林-白城"】

2024-06-08 20:16:36 开始第 112 次操作

2024-06-08 20:16:36 开始操作号码 【1550026】
2024-06-08 20:16:42 GSD getOne 第 1 次 等待 3 秒
2024-06-08 20:16:45 查询号码 【1550026】，返回信息 {"status":"ok","msg":"吉林-白城","gid":"80714","time_insert":"2021-06-05 05:31","time_update":"2021-06-05 05:49"}
2024-06-08 20:16:46 查询号码 【1550026】，GSD为【"吉林-白城"】

2024-06-08 20:46:35 开始第 113 次操作

2024-06-08 20:46:35 开始操作号码 【1550027】
2024-06-08 20:46:47 GSD getOne 第 1 次 等待 3 秒
2024-06-08 20:46:50 查询号码 【1550027】，返回信息 {"status":"ok","msg":"吉林-白城","gid":"80730","time_insert":"2021-06-05 05:47","time_update":"2021-06-05 06:18"}
2024-06-08 20:46:50 查询号码 【1550027】，GSD为【"吉林-白城"】

2024-06-08 20:46:51 开始第 114 次操作

2024-06-08 20:46:51 开始操作号码 【1550028】
2024-06-08 20:46:56 GSD getOne 第 1 次 等待 3 秒
2024-06-08 20:46:59 查询号码 【1550028】，返回信息 {"status":"ok","msg":"吉林-白城","gid":"80745","time_insert":"2021-06-05 06:04","time_update":"2021-06-05 06:30"}
2024-06-08 20:46:59 查询号码 【1550028】，GSD为【"吉林-白城"】

2024-06-08 20:47:00 开始第 115 次操作

2024-06-08 20:47:00 开始操作号码 【1550029】
2024-06-08 20:47:06 GSD getOne 第 1 次 等待 3 秒
2024-06-08 20:47:09 查询号码 【1550029】，返回信息 {"status":"ok","msg":"吉林-白城","gid":"80764","time_insert":"2021-06-05 06:22","time_update":"2021-06-05 07:00"}
2024-06-08 20:47:09 查询号码 【1550029】，GSD为【"吉林-白城"】

2024-06-08 20:47:10 开始第 116 次操作

2024-06-08 20:47:10 开始操作号码 【1550030】
2024-06-08 20:47:17 GSD getOne 第 1 次 等待 3 秒
2024-06-08 20:47:20 查询号码 【1550030】，返回信息 {"status":"ok","msg":"吉林-通化","gid":"80785","time_insert":"2021-06-05 06:41","time_update":"2021-06-05 07:17"}
2024-06-08 20:47:20 查询号码 【1550030】，GSD为【"吉林-通化"】

