2024-03-20 00:11:24 开始第 29 次操作

2024-03-20 00:11:24 开始操作号码 【1779942】
2024-03-20 00:11:31 GSD getOne 第 1 次 等待 3 秒
2024-03-20 00:11:34 查询号码 【1779942】，返回信息 {"status":"ok","msg":"新疆-奎屯","gid":"204735","time_insert":"2021-07-06 09:51"}
2024-03-20 00:11:34 查询号码 【1779942】，GSD为【"新疆-奎屯"】

2024-03-20 00:11:35 开始第 30 次操作

2024-03-20 00:11:35 开始操作号码 【1779943】
2024-03-20 00:11:39 GSD getOne 第 1 次 等待 3 秒
2024-03-20 00:11:42 查询号码 【1779943】，返回信息 {"status":"ok","msg":"新疆-石河子","gid":"204733","time_insert":"2021-07-06 09:50"}
2024-03-20 00:11:42 查询号码 【1779943】，GSD为【"新疆-石河子"】

2024-03-20 00:11:43 开始第 31 次操作

2024-03-20 00:11:43 开始操作号码 【1779944】
2024-03-20 00:11:49 GSD getOne 第 1 次 等待 3 秒
2024-03-20 00:11:52 查询号码 【1779944】，返回信息 {"status":"ok","msg":"新疆-库尔勒","gid":"204731","time_insert":"2021-07-06 09:50"}
2024-03-20 00:11:52 查询号码 【1779944】，GSD为【"新疆-库尔勒"】

2024-03-20 00:11:53 开始第 32 次操作

2024-03-20 00:11:53 开始操作号码 【1779945】
2024-03-20 00:11:58 GSD getOne 第 1 次 等待 3 秒
2024-03-20 00:12:01 查询号码 【1779945】，返回信息 {"status":"ok","msg":"新疆-库尔勒","gid":"204728","time_insert":"2021-07-06 09:50"}
2024-03-20 00:12:01 查询号码 【1779945】，GSD为【"新疆-库尔勒"】

