2023-10-12 00:09:37 开始第 2815 次操作

2023-10-12 00:09:37 开始操作号码 【1982803】
2023-10-12 00:11:48 GSD getOne 第 1 次 等待 3 秒
2023-10-12 00:14:01 GSD getOne 第 2 次 等待 3 秒
2023-10-12 00:16:14 GSD getOne 第 3 次 等待 3 秒
2023-10-12 00:18:27 GSD getOne 第 4 次 等待 3 秒
2023-10-12 00:20:40 GSD getOne 第 5 次 等待 3 秒
2023-10-12 00:22:54 GSD getOne 第 6 次 等待 3 秒
2023-10-12 00:25:07 GSD getOne 第 7 次 等待 3 秒
2023-10-12 00:27:20 GSD getOne 第 8 次 等待 3 秒
2023-10-12 00:29:33 GSD getOne 第 9 次 等待 3 秒
2023-10-12 00:31:46 GSD getOne 第 10 次 等待 3 秒
2023-10-12 00:31:49 查询号码 【1982803】，返回信息 
2023-10-12 00:31:49 查询失败，3 秒后重新查询
2023-10-12 00:34:03 GSD getOne 第 1 次 等待 3 秒
2023-10-12 00:36:16 GSD getOne 第 2 次 等待 3 秒
2023-10-12 00:38:29 GSD getOne 第 3 次 等待 3 秒
2023-10-12 00:40:43 GSD getOne 第 4 次 等待 3 秒
2023-10-12 00:42:56 GSD getOne 第 5 次 等待 3 秒
2023-10-12 00:45:09 GSD getOne 第 6 次 等待 3 秒
2023-10-12 00:47:22 GSD getOne 第 7 次 等待 3 秒
2023-10-12 00:49:35 GSD getOne 第 8 次 等待 3 秒
2023-10-12 00:51:48 GSD getOne 第 9 次 等待 3 秒
2023-10-12 00:54:01 GSD getOne 第 10 次 等待 3 秒
2023-10-12 00:54:04 查询号码 【1982803】，返回信息 
2023-10-12 00:54:04 查询失败，结束本次操作，期待下次成功~
2023-10-12 00:54:04 随机等待 170 秒，约 2 分钟
2023-10-12 00:54:04 下次操作: 2023-10-12 00:56:54

2023-10-12 00:56:54 开始第 2816 次操作

2023-10-12 00:56:54 开始操作号码 【1982803】
2023-10-12 00:59:04 GSD getOne 第 1 次 等待 3 秒
2023-10-12 01:01:18 GSD getOne 第 2 次 等待 3 秒
2023-10-12 01:03:31 GSD getOne 第 3 次 等待 3 秒
2023-10-12 01:05:44 GSD getOne 第 4 次 等待 3 秒
2023-10-12 01:07:57 GSD getOne 第 5 次 等待 3 秒
2023-10-12 01:10:10 GSD getOne 第 6 次 等待 3 秒
2023-10-12 01:12:23 GSD getOne 第 7 次 等待 3 秒
2023-10-12 01:14:36 GSD getOne 第 8 次 等待 3 秒
2023-10-12 01:16:49 GSD getOne 第 9 次 等待 3 秒
2023-10-12 01:19:02 GSD getOne 第 10 次 等待 3 秒
2023-10-12 01:19:05 查询号码 【1982803】，返回信息 
2023-10-12 01:19:05 查询失败，3 秒后重新查询
2023-10-12 01:21:20 GSD getOne 第 1 次 等待 3 秒
2023-10-12 01:23:33 GSD getOne 第 2 次 等待 3 秒
2023-10-12 01:25:46 GSD getOne 第 3 次 等待 3 秒
2023-10-12 01:27:59 GSD getOne 第 4 次 等待 3 秒
2023-10-12 01:30:12 GSD getOne 第 5 次 等待 3 秒
2023-10-12 01:32:25 GSD getOne 第 6 次 等待 3 秒
2023-10-12 01:34:38 GSD getOne 第 7 次 等待 3 秒
2023-10-12 01:36:52 GSD getOne 第 8 次 等待 3 秒
2023-10-12 01:39:05 GSD getOne 第 9 次 等待 3 秒
2023-10-12 01:41:18 GSD getOne 第 10 次 等待 3 秒
2023-10-12 01:41:21 查询号码 【1982803】，返回信息 
2023-10-12 01:41:21 查询失败，结束本次操作，期待下次成功~

