2024-04-09 00:12:06 开始第 2741 次操作

2024-04-09 00:12:06 开始操作号码 【1662655】
2024-04-09 00:12:11 GSD getOne 第 1 次 等待 3 秒
2024-04-09 00:12:14 查询号码 【1662655】，返回信息 {"status":"ok","msg":"广东-湛江","gid":"130579","time_insert":"2021-06-26 05:58"}
2024-04-09 00:12:14 查询号码 【1662655】，GSD为【"广东-湛江"】

2024-04-09 00:12:15 开始第 2742 次操作

2024-04-09 00:12:15 开始操作号码 【1662656】
2024-04-09 00:12:21 GSD getOne 第 1 次 等待 3 秒
2024-04-09 00:12:24 查询号码 【1662656】，返回信息 {"status":"ok","msg":"广东-湛江","gid":"130676","time_insert":"2021-06-26 06:43"}
2024-04-09 00:12:24 查询号码 【1662656】，GSD为【"广东-湛江"】

2024-04-09 00:12:25 开始第 2743 次操作

2024-04-09 00:12:25 开始操作号码 【1662657】
2024-04-09 00:12:31 GSD getOne 第 1 次 等待 3 秒
2024-04-09 00:12:34 查询号码 【1662657】，返回信息 {"status":"ok","msg":"广东-湛江","gid":"130684","time_insert":"2021-06-26 06:44"}
2024-04-09 00:12:34 查询号码 【1662657】，GSD为【"广东-湛江"】

2024-04-09 00:12:35 开始第 2744 次操作

2024-04-09 00:12:35 开始操作号码 【1662658】
2024-04-09 00:12:40 GSD getOne 第 1 次 等待 3 秒
2024-04-09 00:12:43 查询号码 【1662658】，返回信息 {"status":"ok","msg":"广东-湛江","gid":"130690","time_insert":"2021-06-26 06:45"}
2024-04-09 00:12:43 查询号码 【1662658】，GSD为【"广东-湛江"】

2024-04-09 00:35:56 开始第 2745 次操作

2024-04-09 00:35:56 开始操作号码 【1662659】
2024-04-09 00:36:04 GSD getOne 第 1 次 等待 3 秒
2024-04-09 00:36:07 查询号码 【1662659】，返回信息 {"status":"ok","msg":"广东-湛江","gid":"130697","time_insert":"2021-06-26 06:46"}
2024-04-09 00:36:07 查询号码 【1662659】，GSD为【"广东-湛江"】

2024-04-09 00:36:08 开始第 2746 次操作

2024-04-09 00:36:08 开始操作号码 【1662660】
2024-04-09 00:36:16 GSD getOne 第 1 次 等待 3 秒
2024-04-09 00:36:19 查询号码 【1662660】，返回信息 {"status":"ok","msg":"广东-湛江","gid":"130702","time_insert":"2021-06-26 06:47"}
2024-04-09 00:36:19 查询号码 【1662660】，GSD为【"广东-湛江"】

2024-04-09 00:36:20 开始第 2747 次操作

2024-04-09 00:36:20 开始操作号码 【1662661】
2024-04-09 00:36:26 GSD getOne 第 1 次 等待 3 秒
2024-04-09 00:36:29 查询号码 【1662661】，返回信息 {"status":"ok","msg":"广东-湛江","gid":"130712","time_insert":"2021-06-26 06:47"}
2024-04-09 00:36:29 查询号码 【1662661】，GSD为【"广东-湛江"】

2024-04-09 00:36:30 开始第 2748 次操作

2024-04-09 00:36:30 开始操作号码 【1662662】
2024-04-09 00:36:37 GSD getOne 第 1 次 等待 3 秒
2024-04-09 00:36:40 查询号码 【1662662】，返回信息 {"status":"ok","msg":"广东-湛江","gid":"130717","time_insert":"2021-06-26 06:48"}
2024-04-09 00:36:40 查询号码 【1662662】，GSD为【"广东-湛江"】

2024-04-09 01:09:15 开始第 2749 次操作

2024-04-09 01:09:15 开始操作号码 【1662663】
2024-04-09 01:09:23 GSD getOne 第 1 次 等待 3 秒
2024-04-09 01:09:26 查询号码 【1662663】，返回信息 {"status":"ok","msg":"广东-湛江","gid":"130723","time_insert":"2021-06-26 06:49"}
2024-04-09 01:09:26 查询号码 【1662663】，GSD为【"广东-湛江"】

2024-04-09 01:09:27 开始第 2750 次操作

2024-04-09 01:09:27 开始操作号码 【1662664】
2024-04-09 01:09:33 GSD getOne 第 1 次 等待 3 秒
2024-04-09 01:09:36 查询号码 【1662664】，返回信息 {"status":"ok","msg":"广东-湛江","gid":"130731","time_insert":"2021-06-26 06:50"}
2024-04-09 01:09:36 查询号码 【1662664】，GSD为【"广东-湛江"】

2024-04-09 01:09:37 开始第 2751 次操作

2024-04-09 01:09:37 开始操作号码 【1662665】
2024-04-09 01:09:44 GSD getOne 第 1 次 等待 3 秒
2024-04-09 01:09:47 查询号码 【1662665】，返回信息 {"status":"ok","msg":"广东-肇庆","gid":"130735","time_insert":"2021-06-26 06:51"}
2024-04-09 01:09:47 查询号码 【1662665】，GSD为【"广东-肇庆"】

2024-04-09 01:09:48 开始第 2752 次操作

2024-04-09 01:09:48 开始操作号码 【1662666】
2024-04-09 01:09:53 GSD getOne 第 1 次 等待 3 秒
2024-04-09 01:09:56 查询号码 【1662666】，返回信息 {"status":"ok","msg":"广东-肇庆","gid":"130741","time_insert":"2021-06-26 06:51"}
2024-04-09 01:09:56 查询号码 【1662666】，GSD为【"广东-肇庆"】

