2024-02-22 00:11:32 开始第 5113 次操作

2024-02-22 00:11:32 开始操作号码 【1775026】
2024-02-22 00:11:36 GSD getOne 第 1 次 等待 3 秒
2024-02-22 00:11:39 查询号码 【1775026】，返回信息 {"status":"ok","msg":"福建-福州","gid":"255928","time_insert":"2021-07-12 11:44"}
2024-02-22 00:11:39 查询号码 【1775026】，GSD为【"福建-福州"】

2024-02-22 00:11:40 开始第 5114 次操作

2024-02-22 00:11:40 开始操作号码 【1775027】
2024-02-22 00:11:47 GSD getOne 第 1 次 等待 3 秒
2024-02-22 00:11:50 查询号码 【1775027】，返回信息 {"status":"ok","msg":"福建-福州","gid":"255923","time_insert":"2021-07-12 11:44"}
2024-02-22 00:11:50 查询号码 【1775027】，GSD为【"福建-福州"】

2024-02-22 00:11:51 开始第 5115 次操作

2024-02-22 00:11:51 开始操作号码 【1775028】
2024-02-22 00:11:55 GSD getOne 第 1 次 等待 3 秒
2024-02-22 00:11:58 查询号码 【1775028】，返回信息 {"status":"ok","msg":"福建-福州","gid":"255846","time_insert":"2021-07-12 11:07"}
2024-02-22 00:11:58 查询号码 【1775028】，GSD为【"福建-福州"】

2024-02-22 00:11:59 开始第 5116 次操作

2024-02-22 00:11:59 开始操作号码 【1775029】
2024-02-22 00:12:03 GSD getOne 第 1 次 等待 3 秒
2024-02-22 00:12:06 查询号码 【1775029】，返回信息 {"status":"ok","msg":"福建-福州","gid":"255838","time_insert":"2021-07-12 11:06"}
2024-02-22 00:12:06 查询号码 【1775029】，GSD为【"福建-福州"】

2024-02-22 00:35:28 开始第 5117 次操作

2024-02-22 00:35:28 开始操作号码 【1775030】
2024-02-22 00:35:34 GSD getOne 第 1 次 等待 3 秒
2024-02-22 00:35:37 查询号码 【1775030】，返回信息 {"status":"ok","msg":"福建-福州","gid":"255828","time_insert":"2021-07-12 11:06"}
2024-02-22 00:35:37 查询号码 【1775030】，GSD为【"福建-福州"】

2024-02-22 00:35:38 开始第 5118 次操作

2024-02-22 00:35:38 开始操作号码 【1775031】
2024-02-22 00:35:42 GSD getOne 第 1 次 等待 3 秒
2024-02-22 00:35:45 查询号码 【1775031】，返回信息 {"status":"ok","msg":"福建-福州","gid":"255822","time_insert":"2021-07-12 11:05"}
2024-02-22 00:35:45 查询号码 【1775031】，GSD为【"福建-福州"】

2024-02-22 00:35:46 开始第 5119 次操作

2024-02-22 00:35:47 开始操作号码 【1775032】
2024-02-22 00:35:51 GSD getOne 第 1 次 等待 3 秒
2024-02-22 00:35:54 查询号码 【1775032】，返回信息 {"status":"ok","msg":"福建-福州","gid":"255813","time_insert":"2021-07-12 11:04"}
2024-02-22 00:35:54 查询号码 【1775032】，GSD为【"福建-福州"】

2024-02-22 00:35:55 开始第 5120 次操作

2024-02-22 00:35:55 开始操作号码 【1775033】
2024-02-22 00:35:59 GSD getOne 第 1 次 等待 3 秒
2024-02-22 00:36:02 查询号码 【1775033】，返回信息 {"status":"ok","msg":"福建-莆田","gid":"255803","time_insert":"2021-07-12 11:03"}
2024-02-22 00:36:02 查询号码 【1775033】，GSD为【"福建-莆田"】

2024-02-22 01:08:00 开始第 5121 次操作

2024-02-22 01:08:00 开始操作号码 【1775034】
2024-02-22 01:08:05 GSD getOne 第 1 次 等待 3 秒
2024-02-22 01:08:08 查询号码 【1775034】，返回信息 {"status":"ok","msg":"福建-莆田","gid":"255798","time_insert":"2021-07-12 11:03"}
2024-02-22 01:08:08 查询号码 【1775034】，GSD为【"福建-莆田"】

2024-02-22 01:08:09 开始第 5122 次操作

2024-02-22 01:08:09 开始操作号码 【1775035】
2024-02-22 01:08:14 GSD getOne 第 1 次 等待 3 秒
2024-02-22 01:08:17 查询号码 【1775035】，返回信息 {"status":"ok","msg":"福建-莆田","gid":"255793","time_insert":"2021-07-12 11:02"}
2024-02-22 01:08:17 查询号码 【1775035】，GSD为【"福建-莆田"】

2024-02-22 01:08:18 开始第 5123 次操作

2024-02-22 01:08:18 开始操作号码 【1775036】
2024-02-22 01:08:22 GSD getOne 第 1 次 等待 3 秒
2024-02-22 01:08:25 查询号码 【1775036】，返回信息 {"status":"ok","msg":"福建-莆田","gid":"255787","time_insert":"2021-07-12 11:01"}
2024-02-22 01:08:25 查询号码 【1775036】，GSD为【"福建-莆田"】

2024-02-22 01:08:26 开始第 5124 次操作

2024-02-22 01:08:26 开始操作号码 【1775037】
2024-02-22 01:08:31 GSD getOne 第 1 次 等待 3 秒
2024-02-22 01:08:34 查询号码 【1775037】，返回信息 {"status":"ok","msg":"福建-龙岩","gid":"255781","time_insert":"2021-07-12 11:00"}
2024-02-22 01:08:34 查询号码 【1775037】，GSD为【"福建-龙岩"】

2024-02-22 01:33:35 开始第 5125 次操作

2024-02-22 01:33:35 开始操作号码 【1775038】
2024-02-22 01:33:41 GSD getOne 第 1 次 等待 3 秒
2024-02-22 01:33:44 查询号码 【1775038】，返回信息 {"status":"ok","msg":"福建-龙岩","gid":"255773","time_insert":"2021-07-12 11:00"}
2024-02-22 01:33:44 查询号码 【1775038】，GSD为【"福建-龙岩"】

2024-02-22 01:33:45 开始第 5126 次操作

2024-02-22 01:33:45 开始操作号码 【1775039】
2024-02-22 01:33:50 GSD getOne 第 1 次 等待 3 秒
2024-02-22 01:33:53 查询号码 【1775039】，返回信息 {"status":"ok","msg":"福建-南平","gid":"255766","time_insert":"2021-07-12 10:59"}
2024-02-22 01:33:53 查询号码 【1775039】，GSD为【"福建-南平"】

2024-02-22 01:33:54 开始第 5127 次操作

2024-02-22 01:33:54 开始操作号码 【1775040】
2024-02-22 01:33:58 GSD getOne 第 1 次 等待 3 秒
2024-02-22 01:34:01 查询号码 【1775040】，返回信息 {"status":"ok","msg":"福建-福州","gid":"255756","time_insert":"2021-07-12 10:58"}
2024-02-22 01:34:01 查询号码 【1775040】，GSD为【"福建-福州"】

2024-02-22 01:34:02 开始第 5128 次操作

2024-02-22 01:34:02 开始操作号码 【1775041】
2024-02-22 01:34:07 GSD getOne 第 1 次 等待 3 秒
2024-02-22 01:34:10 查询号码 【1775041】，返回信息 {"status":"ok","msg":"福建-福州","gid":"255748","time_insert":"2021-07-12 10:57"}
2024-02-22 01:34:10 查询号码 【1775041】，GSD为【"福建-福州"】

2024-02-22 02:10:51 开始第 5129 次操作

2024-02-22 02:10:51 开始操作号码 【1775042】
2024-02-22 02:10:57 GSD getOne 第 1 次 等待 3 秒
2024-02-22 02:11:00 查询号码 【1775042】，返回信息 {"status":"ok","msg":"福建-福州","gid":"255740","time_insert":"2021-07-12 10:56"}
2024-02-22 02:11:00 查询号码 【1775042】，GSD为【"福建-福州"】

2024-02-22 02:11:01 开始第 5130 次操作

2024-02-22 02:11:01 开始操作号码 【1775043】
2024-02-22 02:11:05 GSD getOne 第 1 次 等待 3 秒
2024-02-22 02:11:08 查询号码 【1775043】，返回信息 {"status":"ok","msg":"福建-厦门","gid":"255730","time_insert":"2021-07-12 10:55"}
2024-02-22 02:11:08 查询号码 【1775043】，GSD为【"福建-厦门"】

2024-02-22 02:11:09 开始第 5131 次操作

2024-02-22 02:11:09 开始操作号码 【1775044】
2024-02-22 02:11:13 GSD getOne 第 1 次 等待 3 秒
2024-02-22 02:11:16 查询号码 【1775044】，返回信息 {"status":"ok","msg":"福建-莆田","gid":"255718","time_insert":"2021-07-12 10:55"}
2024-02-22 02:11:16 查询号码 【1775044】，GSD为【"福建-莆田"】

2024-02-22 02:11:17 开始第 5132 次操作

2024-02-22 02:11:17 开始操作号码 【1775045】
2024-02-22 02:11:22 GSD getOne 第 1 次 等待 3 秒
2024-02-22 02:11:25 查询号码 【1775045】，返回信息 {"status":"ok","msg":"福建-龙岩","gid":"255706","time_insert":"2021-07-12 10:54"}
2024-02-22 02:11:25 查询号码 【1775045】，GSD为【"福建-龙岩"】

2024-02-22 02:33:08 开始第 5133 次操作

2024-02-22 02:33:08 开始操作号码 【1775046】
2024-02-22 02:33:13 GSD getOne 第 1 次 等待 3 秒
2024-02-22 02:33:16 查询号码 【1775046】，返回信息 {"status":"ok","msg":"福建-三明","gid":"255691","time_insert":"2021-07-12 10:53"}
2024-02-22 02:33:16 查询号码 【1775046】，GSD为【"福建-三明"】

2024-02-22 02:33:17 开始第 5134 次操作

2024-02-22 02:33:17 开始操作号码 【1775047】
2024-02-22 02:33:22 GSD getOne 第 1 次 等待 3 秒
2024-02-22 02:33:25 查询号码 【1775047】，返回信息 {"status":"ok","msg":"福建-南平","gid":"255678","time_insert":"2021-07-12 10:52"}
2024-02-22 02:33:25 查询号码 【1775047】，GSD为【"福建-南平"】

2024-02-22 02:33:26 开始第 5135 次操作

2024-02-22 02:33:26 开始操作号码 【1775048】
2024-02-22 02:33:30 GSD getOne 第 1 次 等待 3 秒
2024-02-22 02:33:33 查询号码 【1775048】，返回信息 {"status":"ok","msg":"福建-泉州","gid":"255664","time_insert":"2021-07-12 10:52"}
2024-02-22 02:33:33 查询号码 【1775048】，GSD为【"福建-泉州"】

2024-02-22 02:33:34 开始第 5136 次操作

2024-02-22 02:33:34 开始操作号码 【1775049】
2024-02-22 02:33:39 GSD getOne 第 1 次 等待 3 秒
2024-02-22 02:33:42 查询号码 【1775049】，返回信息 {"status":"ok","msg":"福建-泉州","gid":"255651","time_insert":"2021-07-12 10:51"}
2024-02-22 02:33:42 查询号码 【1775049】，GSD为【"福建-泉州"】

2024-02-22 03:07:21 开始第 5137 次操作

2024-02-22 03:07:21 开始操作号码 【1775050】
2024-02-22 03:07:26 GSD getOne 第 1 次 等待 3 秒
2024-02-22 03:07:29 查询号码 【1775050】，返回信息 {"status":"ok","msg":"福建-泉州","gid":"255639","time_insert":"2021-07-12 10:50"}
2024-02-22 03:07:29 查询号码 【1775050】，GSD为【"福建-泉州"】

2024-02-22 03:07:30 开始第 5138 次操作

2024-02-22 03:07:30 开始操作号码 【1775051】
2024-02-22 03:07:34 GSD getOne 第 1 次 等待 3 秒
2024-02-22 03:07:37 查询号码 【1775051】，返回信息 {"status":"ok","msg":"福建-泉州","gid":"255630","time_insert":"2021-07-12 10:49"}
2024-02-22 03:07:37 查询号码 【1775051】，GSD为【"福建-泉州"】

2024-02-22 03:07:38 开始第 5139 次操作

2024-02-22 03:07:38 开始操作号码 【1775052】
2024-02-22 03:07:43 GSD getOne 第 1 次 等待 3 秒
2024-02-22 03:07:46 查询号码 【1775052】，返回信息 {"status":"ok","msg":"福建-泉州","gid":"255615","time_insert":"2021-07-12 10:48"}
2024-02-22 03:07:46 查询号码 【1775052】，GSD为【"福建-泉州"】

2024-02-22 03:07:47 开始第 5140 次操作

2024-02-22 03:07:47 开始操作号码 【1775053】
2024-02-22 03:07:51 GSD getOne 第 1 次 等待 3 秒
2024-02-22 03:07:54 查询号码 【1775053】，返回信息 {"status":"ok","msg":"福建-泉州","gid":"255599","time_insert":"2021-07-12 10:48"}
2024-02-22 03:07:54 查询号码 【1775053】，GSD为【"福建-泉州"】

2024-02-22 03:33:07 开始第 5141 次操作

2024-02-22 03:33:07 开始操作号码 【1775054】
2024-02-22 03:33:12 GSD getOne 第 1 次 等待 3 秒
2024-02-22 03:33:15 查询号码 【1775054】，返回信息 {"status":"ok","msg":"福建-泉州","gid":"255586","time_insert":"2021-07-12 10:47"}
2024-02-22 03:33:15 查询号码 【1775054】，GSD为【"福建-泉州"】

2024-02-22 03:33:16 开始第 5142 次操作

2024-02-22 03:33:16 开始操作号码 【1775055】
2024-02-22 03:33:21 GSD getOne 第 1 次 等待 3 秒
2024-02-22 03:33:24 查询号码 【1775055】，返回信息 {"status":"ok","msg":"福建-泉州","gid":"255575","time_insert":"2021-07-12 10:46"}
2024-02-22 03:33:24 查询号码 【1775055】，GSD为【"福建-泉州"】

2024-02-22 03:33:25 开始第 5143 次操作

2024-02-22 03:33:25 开始操作号码 【1775056】
2024-02-22 03:33:29 GSD getOne 第 1 次 等待 3 秒
2024-02-22 03:33:32 查询号码 【1775056】，返回信息 {"status":"ok","msg":"福建-泉州","gid":"255563","time_insert":"2021-07-12 10:45"}
2024-02-22 03:33:32 查询号码 【1775056】，GSD为【"福建-泉州"】

2024-02-22 03:33:33 开始第 5144 次操作

2024-02-22 03:33:33 开始操作号码 【1775057】
2024-02-22 03:33:38 GSD getOne 第 1 次 等待 3 秒
2024-02-22 03:33:41 查询号码 【1775057】，返回信息 {"status":"ok","msg":"福建-泉州","gid":"255554","time_insert":"2021-07-12 10:45"}
2024-02-22 03:33:41 查询号码 【1775057】，GSD为【"福建-泉州"】

