2024-08-21 00:11:26 开始第 289 次操作

2024-08-21 00:11:26 开始操作号码 【1440288】
2024-08-21 00:11:39 GSD getOne 第 1 次 等待 3 秒
2024-08-21 00:11:42 查询号码 【1440288】，返回信息 {"status":"ok","msg":"-","gid":"523359","time_insert":"2023-02-09 17:32"}
2024-08-21 00:11:42 查询号码 【1440288】，GSD为【"-"】
2024-08-21 00:11:42 ok && -
2024-08-21 00:11:44 CHB 1440288?1724170302 第 1 次 等待 3 秒
2024-08-21 00:11:47 CHB 1440288?1724170302 第 1 次 获取到号码【1440288】GSD
2024-08-21 00:11:47 未获取到号码【1440288】GSD，可能号码格式错误
2024-08-21 00:11:47 获取到号码【1440288】的GSD为【-】
2024-08-21 00:11:56 GSD insert 第 1 次 等待 3 秒
2024-08-21 00:11:59 {"status":"bad","gid":"523359","msg":"添加失败！号码【1440288(-|-)】已存在！"}
2024-08-21 00:11:59 随机等待 72 秒，约 1 分钟
2024-08-21 00:11:59 下次操作: 2024-08-21 00:13:11

2024-08-21 00:13:11 开始第 290 次操作

2024-08-21 00:13:11 开始操作号码 【1440289】
2024-08-21 00:13:19 GSD getOne 第 1 次 等待 3 秒
2024-08-21 00:13:22 查询号码 【1440289】，返回信息 {"status":"ok","msg":"-","gid":"523369","time_insert":"2023-02-09 17:43"}
2024-08-21 00:13:22 查询号码 【1440289】，GSD为【"-"】
2024-08-21 00:13:22 ok && -
2024-08-21 00:13:25 CHB 1440289?1724170402 第 1 次 等待 3 秒
2024-08-21 00:13:28 CHB 1440289?1724170402 第 1 次 获取到号码【1440289】GSD
2024-08-21 00:13:28 未获取到号码【1440289】GSD，可能号码格式错误
2024-08-21 00:13:28 获取到号码【1440289】的GSD为【-】
2024-08-21 00:13:36 GSD insert 第 1 次 等待 3 秒
2024-08-21 00:13:39 {"status":"bad","gid":"523369","msg":"添加失败！号码【1440289(-|-)】已存在！"}
2024-08-21 00:13:39 随机等待 176 秒，约 2 分钟
2024-08-21 00:13:39 下次操作: 2024-08-21 00:16:35

2024-08-21 00:16:35 开始第 291 次操作

2024-08-21 00:16:35 开始操作号码 【1440290】
2024-08-21 00:16:45 GSD getOne 第 1 次 等待 3 秒
2024-08-21 00:16:48 查询号码 【1440290】，返回信息 {"status":"ok","msg":"-","gid":"523384","time_insert":"2023-02-09 17:56"}
2024-08-21 00:16:48 查询号码 【1440290】，GSD为【"-"】
2024-08-21 00:16:48 ok && -
2024-08-21 00:16:50 CHB 1440290?1724170608 第 1 次 等待 3 秒
2024-08-21 00:16:53 CHB 1440290?1724170608 第 1 次 获取到号码【1440290】GSD
2024-08-21 00:16:53 未获取到号码【1440290】GSD，可能号码格式错误
2024-08-21 00:16:53 获取到号码【1440290】的GSD为【-】
2024-08-21 00:17:02 GSD insert 第 1 次 等待 3 秒
2024-08-21 00:17:05 {"status":"bad","gid":"523384","msg":"添加失败！号码【1440290(-|-)】已存在！"}
2024-08-21 00:17:05 随机等待 223 秒，约 3 分钟
2024-08-21 00:17:05 下次操作: 2024-08-21 00:20:48

2024-08-21 00:20:48 开始第 292 次操作

2024-08-21 00:20:48 开始操作号码 【1440291】
2024-08-21 00:20:57 GSD getOne 第 1 次 等待 3 秒
2024-08-21 00:21:00 查询号码 【1440291】，返回信息 {"status":"ok","msg":"-","gid":"523397","time_insert":"2023-02-09 18:08"}
2024-08-21 00:21:00 查询号码 【1440291】，GSD为【"-"】
2024-08-21 00:21:00 ok && -
2024-08-21 00:21:02 CHB 1440291?1724170860 第 1 次 等待 3 秒
2024-08-21 00:21:05 CHB 1440291?1724170860 第 1 次 获取到号码【1440291】GSD
2024-08-21 00:21:06 未获取到号码【1440291】GSD，可能号码格式错误
2024-08-21 00:21:06 获取到号码【1440291】的GSD为【-】
2024-08-21 00:21:14 GSD insert 第 1 次 等待 3 秒
2024-08-21 00:21:17 {"status":"bad","gid":"523397","msg":"添加失败！号码【1440291(-|-)】已存在！"}

2024-08-21 00:38:15 开始第 293 次操作

2024-08-21 00:38:15 开始操作号码 【1440292】
2024-08-21 00:38:24 GSD getOne 第 1 次 等待 3 秒
2024-08-21 00:38:27 查询号码 【1440292】，返回信息 {"status":"ok","msg":"-","gid":"523410","time_insert":"2023-02-09 18:20"}
2024-08-21 00:38:27 查询号码 【1440292】，GSD为【"-"】
2024-08-21 00:38:27 ok && -
2024-08-21 00:38:29 CHB 1440292?1724171907 第 1 次 等待 3 秒
2024-08-21 00:38:32 CHB 1440292?1724171907 第 1 次 获取到号码【1440292】GSD
2024-08-21 00:38:32 未获取到号码【1440292】GSD，可能号码格式错误
2024-08-21 00:38:32 获取到号码【1440292】的GSD为【-】
2024-08-21 00:38:40 GSD insert 第 1 次 等待 3 秒
2024-08-21 00:38:43 {"status":"bad","gid":"523410","msg":"添加失败！号码【1440292(-|-)】已存在！"}
2024-08-21 00:38:43 随机等待 79 秒，约 1 分钟
2024-08-21 00:38:43 下次操作: 2024-08-21 00:40:02

2024-08-21 00:40:02 开始第 294 次操作

2024-08-21 00:40:02 开始操作号码 【1440293】
2024-08-21 00:40:11 GSD getOne 第 1 次 等待 3 秒
2024-08-21 00:40:14 查询号码 【1440293】，返回信息 {"status":"ok","msg":"-","gid":"523422","time_insert":"2023-02-09 18:31"}
2024-08-21 00:40:14 查询号码 【1440293】，GSD为【"-"】
2024-08-21 00:40:14 ok && -
2024-08-21 00:40:16 CHB 1440293?1724172014 第 1 次 等待 3 秒
2024-08-21 00:40:19 CHB 1440293?1724172014 第 1 次 获取到号码【1440293】GSD
2024-08-21 00:40:19 未获取到号码【1440293】GSD，可能号码格式错误
2024-08-21 00:40:19 获取到号码【1440293】的GSD为【-】
2024-08-21 00:40:28 GSD insert 第 1 次 等待 3 秒
2024-08-21 00:40:31 {"status":"bad","gid":"523422","msg":"添加失败！号码【1440293(-|-)】已存在！"}
2024-08-21 00:40:31 随机等待 175 秒，约 2 分钟
2024-08-21 00:40:31 下次操作: 2024-08-21 00:43:26

2024-08-21 00:43:26 开始第 295 次操作

2024-08-21 00:43:26 开始操作号码 【1440294】
2024-08-21 00:43:38 GSD getOne 第 1 次 等待 3 秒
2024-08-21 00:43:41 查询号码 【1440294】，返回信息 {"status":"ok","msg":"-","gid":"523436","time_insert":"2023-02-09 18:45"}
2024-08-21 00:43:41 查询号码 【1440294】，GSD为【"-"】
2024-08-21 00:43:41 ok && -
2024-08-21 00:43:42 CHB 1440294?1724172221 第 1 次 等待 3 秒
2024-08-21 00:43:45 CHB 1440294?1724172221 第 1 次 获取到号码【1440294】GSD
2024-08-21 00:43:46 未获取到号码【1440294】GSD，可能号码格式错误
2024-08-21 00:43:46 获取到号码【1440294】的GSD为【-】
2024-08-21 00:43:56 GSD insert 第 1 次 等待 3 秒
2024-08-21 00:43:59 {"status":"bad","gid":"523436","msg":"添加失败！号码【1440294(-|-)】已存在！"}
2024-08-21 00:43:59 随机等待 147 秒，约 2 分钟
2024-08-21 00:43:59 下次操作: 2024-08-21 00:46:26

2024-08-21 00:46:26 开始第 296 次操作

2024-08-21 00:46:26 开始操作号码 【1440295】
2024-08-21 00:46:35 GSD getOne 第 1 次 等待 3 秒
2024-08-21 00:46:38 查询号码 【1440295】，返回信息 {"status":"ok","msg":"-","gid":"523449","time_insert":"2023-02-09 18:58"}
2024-08-21 00:46:38 查询号码 【1440295】，GSD为【"-"】
2024-08-21 00:46:38 ok && -
2024-08-21 00:46:41 CHB 1440295?1724172398 第 1 次 等待 3 秒
2024-08-21 00:46:44 CHB 1440295?1724172398 第 1 次 获取到号码【1440295】GSD
2024-08-21 00:46:44 未获取到号码【1440295】GSD，可能号码格式错误
2024-08-21 00:46:44 获取到号码【1440295】的GSD为【-】
2024-08-21 00:46:52 GSD insert 第 1 次 等待 3 秒
2024-08-21 00:46:55 {"status":"bad","gid":"523449","msg":"添加失败！号码【1440295(-|-)】已存在！"}

2024-08-21 01:09:03 开始第 297 次操作

2024-08-21 01:09:03 开始操作号码 【1440296】
2024-08-21 01:09:13 GSD getOne 第 1 次 等待 3 秒
2024-08-21 01:09:16 查询号码 【1440296】，返回信息 {"status":"ok","msg":"-","gid":"523461","time_insert":"2023-02-09 19:10"}
2024-08-21 01:09:16 查询号码 【1440296】，GSD为【"-"】
2024-08-21 01:09:16 ok && -
2024-08-21 01:09:18 CHB 1440296?1724173756 第 1 次 等待 3 秒
2024-08-21 01:09:21 CHB 1440296?1724173756 第 1 次 获取到号码【1440296】GSD
2024-08-21 01:09:21 未获取到号码【1440296】GSD，可能号码格式错误
2024-08-21 01:09:21 获取到号码【1440296】的GSD为【-】
2024-08-21 01:09:29 GSD insert 第 1 次 等待 3 秒
2024-08-21 01:09:32 {"status":"bad","gid":"523461","msg":"添加失败！号码【1440296(-|-)】已存在！"}
2024-08-21 01:09:32 随机等待 126 秒，约 2 分钟
2024-08-21 01:09:32 下次操作: 2024-08-21 01:11:38

2024-08-21 01:11:38 开始第 298 次操作

2024-08-21 01:11:38 开始操作号码 【1440297】
2024-08-21 01:11:46 GSD getOne 第 1 次 等待 3 秒
2024-08-21 01:11:49 查询号码 【1440297】，返回信息 {"status":"ok","msg":"-","gid":"523475","time_insert":"2023-02-09 19:23"}
2024-08-21 01:11:49 查询号码 【1440297】，GSD为【"-"】
2024-08-21 01:11:49 ok && -
2024-08-21 01:11:51 CHB 1440297?1724173909 第 1 次 等待 3 秒
2024-08-21 01:11:54 CHB 1440297?1724173909 第 1 次 获取到号码【1440297】GSD
2024-08-21 01:11:54 未获取到号码【1440297】GSD，可能号码格式错误
2024-08-21 01:11:54 获取到号码【1440297】的GSD为【-】
2024-08-21 01:12:02 GSD insert 第 1 次 等待 3 秒
2024-08-21 01:12:05 {"status":"bad","gid":"523475","msg":"添加失败！号码【1440297(-|-)】已存在！"}
2024-08-21 01:12:05 随机等待 158 秒，约 2 分钟
2024-08-21 01:12:05 下次操作: 2024-08-21 01:14:43

2024-08-21 01:14:43 开始第 299 次操作

2024-08-21 01:14:43 开始操作号码 【1440298】
2024-08-21 01:14:51 GSD getOne 第 1 次 等待 3 秒
2024-08-21 01:14:55 查询号码 【1440298】，返回信息 {"status":"ok","msg":"-","gid":"523487","time_insert":"2023-02-09 19:33"}
2024-08-21 01:14:55 查询号码 【1440298】，GSD为【"-"】
2024-08-21 01:14:55 ok && -
2024-08-21 01:14:56 CHB 1440298?1724174095 第 1 次 等待 3 秒
2024-08-21 01:14:59 CHB 1440298?1724174095 第 1 次 获取到号码【1440298】GSD
2024-08-21 01:14:59 未获取到号码【1440298】GSD，可能号码格式错误
2024-08-21 01:14:59 获取到号码【1440298】的GSD为【-】
2024-08-21 01:15:07 GSD insert 第 1 次 等待 3 秒
2024-08-21 01:15:10 {"status":"bad","gid":"523487","msg":"添加失败！号码【1440298(-|-)】已存在！"}
2024-08-21 01:15:10 随机等待 118 秒，约 1 分钟
2024-08-21 01:15:10 下次操作: 2024-08-21 01:17:08

2024-08-21 01:17:08 开始第 300 次操作

2024-08-21 01:17:08 开始操作号码 【1440299】
2024-08-21 01:17:16 GSD getOne 第 1 次 等待 3 秒
2024-08-21 01:17:19 查询号码 【1440299】，返回信息 {"status":"ok","msg":"-","gid":"523498","time_insert":"2023-02-09 19:45"}
2024-08-21 01:17:19 查询号码 【1440299】，GSD为【"-"】
2024-08-21 01:17:19 ok && -
2024-08-21 01:17:22 CHB 1440299?1724174239 第 1 次 等待 3 秒
2024-08-21 01:17:25 CHB 1440299?1724174239 第 1 次 获取到号码【1440299】GSD
2024-08-21 01:17:25 未获取到号码【1440299】GSD，可能号码格式错误
2024-08-21 01:17:25 获取到号码【1440299】的GSD为【-】
2024-08-21 01:17:33 GSD insert 第 1 次 等待 3 秒
2024-08-21 01:17:36 {"status":"bad","gid":"523498","msg":"添加失败！号码【1440299(-|-)】已存在！"}

