2024-04-20 00:11:06 开始第 4609 次操作

2024-04-20 00:11:06 开始操作号码 【1664523】
2024-04-20 00:11:12 GSD getOne 第 1 次 等待 3 秒
2024-04-20 00:11:15 查询号码 【1664523】，返回信息 {"status":"ok","msg":"黑龙江-哈尔滨","gid":"149602","time_insert":"2021-06-28 23:07"}
2024-04-20 00:11:16 查询号码 【1664523】，GSD为【"黑龙江-哈尔滨"】

2024-04-20 00:11:17 开始第 4610 次操作

2024-04-20 00:11:17 开始操作号码 【1664524】
2024-04-20 00:11:24 GSD getOne 第 1 次 等待 3 秒
2024-04-20 00:11:27 查询号码 【1664524】，返回信息 {"status":"ok","msg":"黑龙江-哈尔滨","gid":"149681","time_insert":"2021-06-28 23:56"}
2024-04-20 00:11:27 查询号码 【1664524】，GSD为【"黑龙江-哈尔滨"】

2024-04-20 00:11:28 开始第 4611 次操作

2024-04-20 00:11:28 开始操作号码 【1664525】
2024-04-20 00:11:33 GSD getOne 第 1 次 等待 3 秒
2024-04-20 00:11:36 查询号码 【1664525】，返回信息 {"status":"ok","msg":"黑龙江-哈尔滨","gid":"149697","time_insert":"2021-06-28 23:57"}
2024-04-20 00:11:36 查询号码 【1664525】，GSD为【"黑龙江-哈尔滨"】

2024-04-20 00:11:37 开始第 4612 次操作

2024-04-20 00:11:37 开始操作号码 【1664526】
2024-04-20 00:11:42 GSD getOne 第 1 次 等待 3 秒
2024-04-20 00:11:45 查询号码 【1664526】，返回信息 {"status":"ok","msg":"黑龙江-哈尔滨","gid":"149707","time_insert":"2021-06-28 23:58"}
2024-04-20 00:11:45 查询号码 【1664526】，GSD为【"黑龙江-哈尔滨"】

