2024-04-29 00:09:58 开始第 6265 次操作

2024-04-29 00:09:58 开始操作号码 【1666179】
2024-04-29 00:10:09 GSD getOne 第 1 次 等待 3 秒
2024-04-29 00:10:12 查询号码 【1666179】，返回信息 {"status":"ok","msg":"广西-来宾","gid":"166976","time_insert":"2021-07-01 13:52"}
2024-04-29 00:10:12 查询号码 【1666179】，GSD为【"广西-来宾"】

2024-04-29 00:10:13 开始第 6266 次操作

2024-04-29 00:10:13 开始操作号码 【1666180】
2024-04-29 00:10:21 GSD getOne 第 1 次 等待 3 秒
2024-04-29 00:10:24 查询号码 【1666180】，返回信息 {"status":"ok","msg":"北京-北京","gid":"166978","time_insert":"2021-07-01 13:52","time_update":"2021-09-17 23:24"}
2024-04-29 00:10:24 查询号码 【1666180】，GSD为【"北京-北京"】

2024-04-29 00:10:25 开始第 6267 次操作

2024-04-29 00:10:25 开始操作号码 【1666181】
2024-04-29 00:10:31 GSD getOne 第 1 次 等待 3 秒
2024-04-29 00:10:34 查询号码 【1666181】，返回信息 {"status":"ok","msg":"北京-北京","gid":"166984","time_insert":"2021-07-01 13:53","time_update":"2021-09-17 23:25"}
2024-04-29 00:10:34 查询号码 【1666181】，GSD为【"北京-北京"】

2024-04-29 00:10:35 开始第 6268 次操作

2024-04-29 00:10:35 开始操作号码 【1666182】
2024-04-29 00:10:47 GSD getOne 第 1 次 等待 3 秒
2024-04-29 00:10:50 查询号码 【1666182】，返回信息 {"status":"ok","msg":"北京-北京","gid":"167120","time_insert":"2021-07-01 15:00","time_update":"2021-09-17 23:26"}
2024-04-29 00:10:50 查询号码 【1666182】，GSD为【"北京-北京"】

2024-04-29 00:33:39 开始第 6269 次操作

2024-04-29 00:33:39 开始操作号码 【1666183】
2024-04-29 00:33:46 GSD getOne 第 1 次 等待 3 秒
2024-04-29 00:33:49 查询号码 【1666183】，返回信息 {"status":"ok","msg":"北京-北京","gid":"167125","time_insert":"2021-07-01 15:00","time_update":"2021-09-17 23:27"}
2024-04-29 00:33:49 查询号码 【1666183】，GSD为【"北京-北京"】

2024-04-29 00:33:50 开始第 6270 次操作

2024-04-29 00:33:50 开始操作号码 【1666184】
2024-04-29 00:33:57 GSD getOne 第 1 次 等待 3 秒
2024-04-29 00:34:00 查询号码 【1666184】，返回信息 {"status":"ok","msg":"北京-北京","gid":"167133","time_insert":"2021-07-01 15:00","time_update":"2021-09-17 23:28"}
2024-04-29 00:34:00 查询号码 【1666184】，GSD为【"北京-北京"】

2024-04-29 00:34:01 开始第 6271 次操作

2024-04-29 00:34:01 开始操作号码 【1666185】
2024-04-29 00:34:12 GSD getOne 第 1 次 等待 3 秒
2024-04-29 00:34:15 查询号码 【1666185】，返回信息 {"status":"ok","msg":"北京-北京","gid":"167142","time_insert":"2021-07-01 15:01","time_update":"2021-09-17 23:29"}
2024-04-29 00:34:15 查询号码 【1666185】，GSD为【"北京-北京"】

2024-04-29 00:34:16 开始第 6272 次操作

2024-04-29 00:34:16 开始操作号码 【1666186】
2024-04-29 00:34:31 GSD getOne 第 1 次 等待 3 秒
2024-04-29 00:34:34 查询号码 【1666186】，返回信息 {"status":"ok","msg":"北京-北京","gid":"167145","time_insert":"2021-07-01 15:01","time_update":"2021-09-17 23:30"}
2024-04-29 00:34:34 查询号码 【1666186】，GSD为【"北京-北京"】

