2024-09-06 00:12:29 开始第 3121 次操作

2024-09-06 00:12:29 开始操作号码 【1443120】
2024-09-06 00:12:39 GSD getOne 第 1 次 等待 3 秒
2024-09-06 00:12:42 查询号码 【1443120】，返回信息 {"status":"ok","msg":"-","gid":"581469","time_insert":"2023-03-10 10:09"}
2024-09-06 00:12:42 查询号码 【1443120】，GSD为【"-"】
2024-09-06 00:12:42 ok && -
2024-09-06 00:12:44 CHB 1443120?1725552762 第 1 次 等待 3 秒
2024-09-06 00:12:47 CHB 1443120?1725552762 第 1 次 获取到号码【1443120】GSD
2024-09-06 00:12:47 未获取到号码【1443120】GSD，可能号码格式错误
2024-09-06 00:12:47 获取到号码【1443120】的GSD为【-】
2024-09-06 00:12:55 GSD insert 第 1 次 等待 3 秒
2024-09-06 00:12:58 {"status":"bad","gid":"581469","msg":"添加失败！号码【1443120(-|-)】已存在！"}
2024-09-06 00:12:58 随机等待 139 秒，约 2 分钟
2024-09-06 00:12:58 下次操作: 2024-09-06 00:15:17

2024-09-06 00:15:17 开始第 3122 次操作

2024-09-06 00:15:17 开始操作号码 【1443121】
2024-09-06 00:15:25 GSD getOne 第 1 次 等待 3 秒
2024-09-06 00:15:28 查询号码 【1443121】，返回信息 {"status":"ok","msg":"-","gid":"581491","time_insert":"2023-03-10 10:29"}
2024-09-06 00:15:28 查询号码 【1443121】，GSD为【"-"】
2024-09-06 00:15:28 ok && -
2024-09-06 00:15:31 CHB 1443121?1725552928 第 1 次 等待 3 秒
2024-09-06 00:15:34 CHB 1443121?1725552928 第 1 次 获取到号码【1443121】GSD
2024-09-06 00:15:34 未获取到号码【1443121】GSD，可能号码格式错误
2024-09-06 00:15:34 获取到号码【1443121】的GSD为【-】
2024-09-06 00:15:42 GSD insert 第 1 次 等待 3 秒
2024-09-06 00:15:45 {"status":"bad","gid":"581491","msg":"添加失败！号码【1443121(-|-)】已存在！"}
2024-09-06 00:15:45 随机等待 151 秒，约 2 分钟
2024-09-06 00:15:45 下次操作: 2024-09-06 00:18:16

2024-09-06 00:18:16 开始第 3123 次操作

2024-09-06 00:18:16 开始操作号码 【1443122】
2024-09-06 00:18:24 GSD getOne 第 1 次 等待 3 秒
2024-09-06 00:18:27 查询号码 【1443122】，返回信息 {"status":"ok","msg":"-","gid":"581509","time_insert":"2023-03-10 10:46"}
2024-09-06 00:18:27 查询号码 【1443122】，GSD为【"-"】
2024-09-06 00:18:27 ok && -
2024-09-06 00:18:30 CHB 1443122?1725553107 第 1 次 等待 3 秒
2024-09-06 00:18:33 CHB 1443122?1725553107 第 1 次 获取到号码【1443122】GSD
2024-09-06 00:18:33 未获取到号码【1443122】GSD，可能号码格式错误
2024-09-06 00:18:33 获取到号码【1443122】的GSD为【-】
2024-09-06 00:18:41 GSD insert 第 1 次 等待 3 秒
2024-09-06 00:18:44 {"status":"bad","gid":"581509","msg":"添加失败！号码【1443122(-|-)】已存在！"}
2024-09-06 00:18:44 随机等待 190 秒，约 3 分钟
2024-09-06 00:18:44 下次操作: 2024-09-06 00:21:54

2024-09-06 00:21:54 开始第 3124 次操作

2024-09-06 00:21:54 开始操作号码 【1443123】
2024-09-06 00:22:02 GSD getOne 第 1 次 等待 3 秒
2024-09-06 00:22:05 查询号码 【1443123】，返回信息 {"status":"ok","msg":"-","gid":"581525","time_insert":"2023-03-10 11:00"}
2024-09-06 00:22:05 查询号码 【1443123】，GSD为【"-"】
2024-09-06 00:22:05 ok && -
2024-09-06 00:22:10 CHB 1443123?1725553325 第 1 次 等待 3 秒
2024-09-06 00:22:13 CHB 1443123?1725553325 第 1 次 获取到号码【1443123】GSD
2024-09-06 00:22:13 未获取到号码【1443123】GSD，可能号码格式错误
2024-09-06 00:22:13 获取到号码【1443123】的GSD为【-】
2024-09-06 00:22:21 GSD insert 第 1 次 等待 3 秒
2024-09-06 00:22:24 {"status":"bad","gid":"581525","msg":"添加失败！号码【1443123(-|-)】已存在！"}

2024-09-06 00:40:51 开始第 3125 次操作

2024-09-06 00:40:51 开始操作号码 【1443124】
2024-09-06 00:41:01 GSD getOne 第 1 次 等待 3 秒
2024-09-06 00:41:04 查询号码 【1443124】，返回信息 {"status":"ok","msg":"-","gid":"581538","time_insert":"2023-03-10 11:10"}
2024-09-06 00:41:04 查询号码 【1443124】，GSD为【"-"】
2024-09-06 00:41:04 ok && -
2024-09-06 00:41:06 CHB 1443124?1725554464 第 1 次 等待 3 秒
2024-09-06 00:41:09 CHB 1443124?1725554464 第 1 次 获取到号码【1443124】GSD
2024-09-06 00:41:09 未获取到号码【1443124】GSD，可能号码格式错误
2024-09-06 00:41:09 获取到号码【1443124】的GSD为【-】
2024-09-06 00:41:17 GSD insert 第 1 次 等待 3 秒
2024-09-06 00:41:20 {"status":"bad","gid":"581538","msg":"添加失败！号码【1443124(-|-)】已存在！"}
2024-09-06 00:41:20 随机等待 112 秒，约 1 分钟
2024-09-06 00:41:20 下次操作: 2024-09-06 00:43:12

2024-09-06 00:43:12 开始第 3126 次操作

2024-09-06 00:43:12 开始操作号码 【1443125】
2024-09-06 00:43:20 GSD getOne 第 1 次 等待 3 秒
2024-09-06 00:43:23 查询号码 【1443125】，返回信息 {"status":"ok","msg":"-","gid":"581563","time_insert":"2023-03-10 11:31"}
2024-09-06 00:43:23 查询号码 【1443125】，GSD为【"-"】
2024-09-06 00:43:23 ok && -
2024-09-06 00:43:25 CHB 1443125?1725554603 第 1 次 等待 3 秒
2024-09-06 00:43:28 CHB 1443125?1725554603 第 1 次 获取到号码【1443125】GSD
2024-09-06 00:43:28 未获取到号码【1443125】GSD，可能号码格式错误
2024-09-06 00:43:28 获取到号码【1443125】的GSD为【-】
2024-09-06 00:43:35 GSD insert 第 1 次 等待 3 秒
2024-09-06 00:43:38 {"status":"bad","gid":"581563","msg":"添加失败！号码【1443125(-|-)】已存在！"}
2024-09-06 00:43:38 随机等待 122 秒，约 2 分钟
2024-09-06 00:43:38 下次操作: 2024-09-06 00:45:40

2024-09-06 00:45:40 开始第 3127 次操作

2024-09-06 00:45:40 开始操作号码 【1443126】
2024-09-06 00:45:48 GSD getOne 第 1 次 等待 3 秒
2024-09-06 00:45:51 查询号码 【1443126】，返回信息 {"status":"ok","msg":"-","gid":"581586","time_insert":"2023-03-10 11:47"}
2024-09-06 00:45:51 查询号码 【1443126】，GSD为【"-"】
2024-09-06 00:45:51 ok && -
2024-09-06 00:45:54 CHB 1443126?1725554751 第 1 次 等待 3 秒
2024-09-06 00:45:57 CHB 1443126?1725554751 第 1 次 获取到号码【1443126】GSD
2024-09-06 00:45:57 未获取到号码【1443126】GSD，可能号码格式错误
2024-09-06 00:45:57 获取到号码【1443126】的GSD为【-】
2024-09-06 00:46:05 GSD insert 第 1 次 等待 3 秒
2024-09-06 00:46:08 {"status":"bad","gid":"581586","msg":"添加失败！号码【1443126(-|-)】已存在！"}
2024-09-06 00:46:08 随机等待 216 秒，约 3 分钟
2024-09-06 00:46:08 下次操作: 2024-09-06 00:49:44

2024-09-06 00:49:44 开始第 3128 次操作

2024-09-06 00:49:44 开始操作号码 【1443127】
2024-09-06 00:49:52 GSD getOne 第 1 次 等待 3 秒
2024-09-06 00:49:55 查询号码 【1443127】，返回信息 {"status":"ok","msg":"-","gid":"581610","time_insert":"2023-03-10 12:01"}
2024-09-06 00:49:55 查询号码 【1443127】，GSD为【"-"】
2024-09-06 00:49:55 ok && -
2024-09-06 00:49:57 CHB 1443127?1725554995 第 1 次 等待 3 秒
2024-09-06 00:50:00 CHB 1443127?1725554995 第 1 次 获取到号码【1443127】GSD
2024-09-06 00:50:00 未获取到号码【1443127】GSD，可能号码格式错误
2024-09-06 00:50:00 获取到号码【1443127】的GSD为【-】
2024-09-06 00:50:08 GSD insert 第 1 次 等待 3 秒
2024-09-06 00:50:11 {"status":"bad","gid":"581610","msg":"添加失败！号码【1443127(-|-)】已存在！"}

2024-09-06 01:09:22 开始第 3129 次操作

2024-09-06 01:09:22 开始操作号码 【1443128】
2024-09-06 01:09:30 GSD getOne 第 1 次 等待 3 秒
2024-09-06 01:09:33 查询号码 【1443128】，返回信息 {"status":"ok","msg":"-","gid":"581630","time_insert":"2023-03-10 12:15"}
2024-09-06 01:09:33 查询号码 【1443128】，GSD为【"-"】
2024-09-06 01:09:33 ok && -
2024-09-06 01:09:35 CHB 1443128?1725556173 第 1 次 等待 3 秒
2024-09-06 01:09:38 CHB 1443128?1725556173 第 1 次 获取到号码【1443128】GSD
2024-09-06 01:09:38 未获取到号码【1443128】GSD，可能号码格式错误
2024-09-06 01:09:38 获取到号码【1443128】的GSD为【-】
2024-09-06 01:09:46 GSD insert 第 1 次 等待 3 秒
2024-09-06 01:09:49 {"status":"bad","gid":"581630","msg":"添加失败！号码【1443128(-|-)】已存在！"}
2024-09-06 01:09:49 随机等待 99 秒，约 1 分钟
2024-09-06 01:09:49 下次操作: 2024-09-06 01:11:28

2024-09-06 01:11:28 开始第 3130 次操作

2024-09-06 01:11:28 开始操作号码 【1443129】
2024-09-06 01:11:36 GSD getOne 第 1 次 等待 3 秒
2024-09-06 01:11:39 查询号码 【1443129】，返回信息 {"status":"ok","msg":"-","gid":"581653","time_insert":"2023-03-10 12:33"}
2024-09-06 01:11:39 查询号码 【1443129】，GSD为【"-"】
2024-09-06 01:11:39 ok && -
2024-09-06 01:11:41 CHB 1443129?1725556299 第 1 次 等待 3 秒
2024-09-06 01:11:44 CHB 1443129?1725556299 第 1 次 获取到号码【1443129】GSD
2024-09-06 01:11:44 未获取到号码【1443129】GSD，可能号码格式错误
2024-09-06 01:11:44 获取到号码【1443129】的GSD为【-】
2024-09-06 01:11:53 GSD insert 第 1 次 等待 3 秒
2024-09-06 01:11:56 {"status":"bad","gid":"581653","msg":"添加失败！号码【1443129(-|-)】已存在！"}
2024-09-06 01:11:56 随机等待 206 秒，约 3 分钟
2024-09-06 01:11:56 下次操作: 2024-09-06 01:15:22

2024-09-06 01:15:22 开始第 3131 次操作

2024-09-06 01:15:22 开始操作号码 【1443130】
2024-09-06 01:15:30 GSD getOne 第 1 次 等待 3 秒
2024-09-06 01:15:33 查询号码 【1443130】，返回信息 {"status":"ok","msg":"-","gid":"581691","time_insert":"2023-03-10 12:55"}
2024-09-06 01:15:33 查询号码 【1443130】，GSD为【"-"】
2024-09-06 01:15:33 ok && -
2024-09-06 01:15:35 CHB 1443130?1725556533 第 1 次 等待 3 秒
2024-09-06 01:15:38 CHB 1443130?1725556533 第 1 次 获取到号码【1443130】GSD
2024-09-06 01:15:38 未获取到号码【1443130】GSD，可能号码格式错误
2024-09-06 01:15:38 获取到号码【1443130】的GSD为【-】
2024-09-06 01:15:45 GSD insert 第 1 次 等待 3 秒
2024-09-06 01:15:48 {"status":"bad","gid":"581691","msg":"添加失败！号码【1443130(-|-)】已存在！"}
2024-09-06 01:15:49 随机等待 176 秒，约 2 分钟
2024-09-06 01:15:49 下次操作: 2024-09-06 01:18:45

2024-09-06 01:18:45 开始第 3132 次操作

2024-09-06 01:18:45 开始操作号码 【1443131】
2024-09-06 01:18:56 GSD getOne 第 1 次 等待 3 秒
2024-09-06 01:18:59 查询号码 【1443131】，返回信息 {"status":"ok","msg":"-","gid":"581707","time_insert":"2023-03-10 13:04"}
2024-09-06 01:18:59 查询号码 【1443131】，GSD为【"-"】
2024-09-06 01:18:59 ok && -
2024-09-06 01:19:33 CHB 1443131?1725556739 第 1 次 等待 3 秒
2024-09-06 01:19:36 CHB 1443131?1725556739 第 1 次 获取到号码【1443131】GSD
2024-09-06 01:19:36 未获取到号码【1443131】GSD，可能号码格式错误
2024-09-06 01:19:36 获取到号码【1443131】的GSD为【-】
2024-09-06 01:19:44 GSD insert 第 1 次 等待 3 秒
2024-09-06 01:19:47 {"status":"bad","gid":"581707","msg":"添加失败！号码【1443131(-|-)】已存在！"}

2024-09-06 01:34:25 开始第 3133 次操作

2024-09-06 01:34:25 开始操作号码 【1443132】
2024-09-06 01:34:35 GSD getOne 第 1 次 等待 3 秒
2024-09-06 01:34:38 查询号码 【1443132】，返回信息 {"status":"ok","msg":"-","gid":"581723","time_insert":"2023-03-10 13:16"}
2024-09-06 01:34:38 查询号码 【1443132】，GSD为【"-"】
2024-09-06 01:34:38 ok && -
2024-09-06 01:34:40 CHB 1443132?1725557678 第 1 次 等待 3 秒
2024-09-06 01:34:43 CHB 1443132?1725557678 第 1 次 获取到号码【1443132】GSD
2024-09-06 01:34:43 未获取到号码【1443132】GSD，可能号码格式错误
2024-09-06 01:34:43 获取到号码【1443132】的GSD为【-】
2024-09-06 01:34:50 GSD insert 第 1 次 等待 3 秒
2024-09-06 01:34:53 {"status":"bad","gid":"581723","msg":"添加失败！号码【1443132(-|-)】已存在！"}
2024-09-06 01:34:53 随机等待 129 秒，约 2 分钟
2024-09-06 01:34:53 下次操作: 2024-09-06 01:37:02

2024-09-06 01:37:02 开始第 3134 次操作

2024-09-06 01:37:02 开始操作号码 【1443133】
2024-09-06 01:37:11 GSD getOne 第 1 次 等待 3 秒
2024-09-06 01:37:14 查询号码 【1443133】，返回信息 {"status":"ok","msg":"-","gid":"581750","time_insert":"2023-03-10 13:33"}
2024-09-06 01:37:14 查询号码 【1443133】，GSD为【"-"】
2024-09-06 01:37:14 ok && -
2024-09-06 01:37:16 CHB 1443133?1725557834 第 1 次 等待 3 秒
2024-09-06 01:37:19 CHB 1443133?1725557834 第 1 次 获取到号码【1443133】GSD
2024-09-06 01:37:19 未获取到号码【1443133】GSD，可能号码格式错误
2024-09-06 01:37:19 获取到号码【1443133】的GSD为【-】
2024-09-06 01:37:26 GSD insert 第 1 次 等待 3 秒
2024-09-06 01:37:29 {"status":"bad","gid":"581750","msg":"添加失败！号码【1443133(-|-)】已存在！"}
2024-09-06 01:37:29 随机等待 67 秒，约 1 分钟
2024-09-06 01:37:29 下次操作: 2024-09-06 01:38:36

2024-09-06 01:38:36 开始第 3135 次操作

2024-09-06 01:38:36 开始操作号码 【1443134】
2024-09-06 01:38:44 GSD getOne 第 1 次 等待 3 秒
2024-09-06 01:38:47 查询号码 【1443134】，返回信息 {"status":"ok","msg":"-","gid":"581784","time_insert":"2023-03-10 13:54"}
2024-09-06 01:38:47 查询号码 【1443134】，GSD为【"-"】
2024-09-06 01:38:47 ok && -
2024-09-06 01:38:49 CHB 1443134?1725557927 第 1 次 等待 3 秒
2024-09-06 01:38:52 CHB 1443134?1725557927 第 1 次 获取到号码【1443134】GSD
2024-09-06 01:38:52 未获取到号码【1443134】GSD，可能号码格式错误
2024-09-06 01:38:52 获取到号码【1443134】的GSD为【-】
2024-09-06 01:39:01 GSD insert 第 1 次 等待 3 秒
2024-09-06 01:39:04 {"status":"bad","gid":"581784","msg":"添加失败！号码【1443134(-|-)】已存在！"}
2024-09-06 01:39:04 随机等待 119 秒，约 1 分钟
2024-09-06 01:39:04 下次操作: 2024-09-06 01:41:03

2024-09-06 01:41:03 开始第 3136 次操作

2024-09-06 01:41:03 开始操作号码 【1443135】
2024-09-06 01:41:11 GSD getOne 第 1 次 等待 3 秒
2024-09-06 01:41:14 查询号码 【1443135】，返回信息 {"status":"ok","msg":"-","gid":"581811","time_insert":"2023-03-10 14:15"}
2024-09-06 01:41:14 查询号码 【1443135】，GSD为【"-"】
2024-09-06 01:41:14 ok && -
2024-09-06 01:41:16 CHB 1443135?1725558074 第 1 次 等待 3 秒
2024-09-06 01:41:19 CHB 1443135?1725558074 第 1 次 获取到号码【1443135】GSD
2024-09-06 01:41:19 未获取到号码【1443135】GSD，可能号码格式错误
2024-09-06 01:41:19 获取到号码【1443135】的GSD为【-】
2024-09-06 01:41:27 GSD insert 第 1 次 等待 3 秒
2024-09-06 01:41:30 {"status":"bad","gid":"581811","msg":"添加失败！号码【1443135(-|-)】已存在！"}

