2021-08-02 00:00:40 开始第 22 次操作

2021-08-02 00:00:40 开始操作号码 【1957704】
2021-08-02 00:00:48 GSD getOne 第 1 次 等待 3 秒
2021-08-02 00:00:51 查询号码 【1957704】，返回信息 {"status":"bad","msg":""}
2021-08-02 00:00:51 查询号码 【1957704】，GSD为【""】
2021-08-02 00:00:51 bad
2021-08-02 00:00:54 CHB 1957704?1627833651 第 1 次 等待 3 秒
2021-08-02 00:00:57 CHB 1957704?1627833651 第 1 次 获取到号码【1957704】GSD
2021-08-02 00:00:57 获取到号码【1957704】的GSD为【广西-钦州】
2021-08-02 00:01:01 GSD insert 第 1 次 等待 3 秒
2021-08-02 00:01:04 {"status":"ok","gid":473049,"msg":"添加成功！"}
2021-08-02 00:01:04 下次操作: 2021-08-02 00:01:26

2021-08-02 00:01:26 开始第 23 次操作

2021-08-02 00:01:26 开始操作号码 【1957703】
2021-08-02 00:01:32 GSD getOne 第 1 次 等待 3 秒
2021-08-02 00:01:35 查询号码 【1957703】，返回信息 {"status":"bad","msg":""}
2021-08-02 00:01:35 查询号码 【1957703】，GSD为【""】
2021-08-02 00:01:35 bad
2021-08-02 00:01:37 CHB 1957703?1627833695 第 1 次 等待 3 秒
2021-08-02 00:01:40 CHB 1957703?1627833695 第 1 次 获取到号码【1957703】GSD
2021-08-02 00:01:40 获取到号码【1957703】的GSD为【广西-钦州】
2021-08-02 00:01:48 GSD insert 第 1 次 等待 3 秒
2021-08-02 00:01:51 {"status":"ok","gid":473058,"msg":"添加成功！"}
2021-08-02 00:01:51 下次操作: 2021-08-02 00:02:12

2021-08-02 00:02:12 开始第 24 次操作

2021-08-02 00:02:12 开始操作号码 【1957702】
2021-08-02 00:02:26 GSD getOne 第 1 次 等待 3 秒
2021-08-02 00:02:29 查询号码 【1957702】，返回信息 {"status":"bad","msg":""}
2021-08-02 00:02:29 查询号码 【1957702】，GSD为【""】
2021-08-02 00:02:29 bad
2021-08-02 00:02:33 CHB 1957702?1627833749 第 1 次 等待 3 秒
2021-08-02 00:02:36 CHB 1957702?1627833749 第 1 次 获取到号码【1957702】GSD
2021-08-02 00:02:36 获取到号码【1957702】的GSD为【广西-钦州】
2021-08-02 00:02:40 GSD insert 第 1 次 等待 3 秒
2021-08-02 00:02:43 {"status":"ok","gid":473068,"msg":"添加成功！"}
2021-08-02 00:02:43 下次操作: 2021-08-02 00:03:07

2021-08-02 00:03:07 开始第 25 次操作

2021-08-02 00:03:07 开始操作号码 【1957701】
2021-08-02 00:03:15 GSD getOne 第 1 次 等待 3 秒
2021-08-02 00:03:18 查询号码 【1957701】，返回信息 {"status":"bad","msg":""}
2021-08-02 00:03:18 查询号码 【1957701】，GSD为【""】
2021-08-02 00:03:18 bad
2021-08-02 00:03:28 CHB 1957701?1627833798 第 1 次 等待 3 秒
2021-08-02 00:03:31 CHB 1957701?1627833798 第 1 次 获取到号码【1957701】GSD
2021-08-02 00:03:31 获取到号码【1957701】的GSD为【广西-钦州】
2021-08-02 00:03:45 GSD insert 第 1 次 等待 3 秒
2021-08-02 00:03:48 {"status":"ok","gid":473081,"msg":"添加成功！"}
2021-08-02 00:03:48 下次操作: 2021-08-02 00:04:08

2021-08-02 00:04:08 开始第 26 次操作

2021-08-02 00:04:08 开始操作号码 【1957700】
2021-08-02 00:04:11 GSD getOne 第 1 次 等待 3 秒
2021-08-02 00:04:14 查询号码 【1957700】，返回信息 {"status":"bad","msg":""}
2021-08-02 00:04:14 查询号码 【1957700】，GSD为【""】
2021-08-02 00:04:14 bad
2021-08-02 00:04:17 CHB 1957700?1627833854 第 1 次 等待 3 秒
2021-08-02 00:04:20 CHB 1957700?1627833854 第 1 次 获取到号码【1957700】GSD
2021-08-02 00:04:20 获取到号码【1957700】的GSD为【广西-钦州】
2021-08-02 00:04:27 GSD insert 第 1 次 等待 3 秒
2021-08-02 00:04:30 {"status":"ok","gid":473091,"msg":"添加成功！"}
2021-08-02 00:04:30 下次操作: 2021-08-02 00:04:51

2021-08-02 00:04:51 开始第 27 次操作

2021-08-02 00:04:51 开始操作号码 【1957699】
2021-08-02 00:04:55 GSD getOne 第 1 次 等待 3 秒
2021-08-02 00:04:58 查询号码 【1957699】，返回信息 {"status":"bad","msg":""}
2021-08-02 00:04:58 查询号码 【1957699】，GSD为【""】
2021-08-02 00:04:58 bad
2021-08-02 00:05:05 CHB 1957699?1627833898 第 1 次 等待 3 秒
2021-08-02 00:05:08 CHB 1957699?1627833898 第 1 次 获取到号码【1957699】GSD
2021-08-02 00:05:08 获取到号码【1957699】的GSD为【广东-东莞】
2021-08-02 00:05:13 GSD insert 第 1 次 等待 3 秒
2021-08-02 00:05:16 {"status":"ok","gid":473102,"msg":"添加成功！"}
2021-08-02 00:05:16 下次操作: 2021-08-02 00:05:33

2021-08-02 00:05:33 开始第 28 次操作

2021-08-02 00:05:33 开始操作号码 【1957698】
2021-08-02 00:05:49 GSD getOne 第 1 次 等待 3 秒
2021-08-02 00:05:52 查询号码 【1957698】，返回信息 {"status":"bad","msg":""}
2021-08-02 00:05:52 查询号码 【1957698】，GSD为【""】
2021-08-02 00:05:52 bad
2021-08-02 00:05:54 CHB 1957698?1627833952 第 1 次 等待 3 秒
2021-08-02 00:05:57 CHB 1957698?1627833952 第 1 次 获取到号码【1957698】GSD
2021-08-02 00:05:58 获取到号码【1957698】的GSD为【广东-东莞】
2021-08-02 00:06:02 GSD insert 第 1 次 等待 3 秒
2021-08-02 00:06:05 {"status":"ok","gid":473111,"msg":"添加成功！"}
2021-08-02 00:06:05 下次操作: 2021-08-02 00:06:22

2021-08-02 00:06:22 开始第 29 次操作

2021-08-02 00:06:22 开始操作号码 【1957697】
2021-08-02 00:06:34 GSD getOne 第 1 次 等待 3 秒
2021-08-02 00:06:37 查询号码 【1957697】，返回信息 {"status":"bad","msg":""}
2021-08-02 00:06:37 查询号码 【1957697】，GSD为【""】
2021-08-02 00:06:37 bad
2021-08-02 00:06:39 CHB 1957697?1627833997 第 1 次 等待 3 秒
2021-08-02 00:06:42 CHB 1957697?1627833997 第 1 次 获取到号码【1957697】GSD
2021-08-02 00:06:42 获取到号码【1957697】的GSD为【广东-东莞】
2021-08-02 00:06:48 GSD insert 第 1 次 等待 3 秒
2021-08-02 00:06:51 {"status":"ok","gid":473119,"msg":"添加成功！"}
2021-08-02 00:06:51 下次操作: 2021-08-02 00:07:04

2021-08-02 00:07:04 开始第 30 次操作

2021-08-02 00:07:04 开始操作号码 【1957696】
2021-08-02 00:07:10 GSD getOne 第 1 次 等待 3 秒
2021-08-02 00:07:13 查询号码 【1957696】，返回信息 {"status":"bad","msg":""}
2021-08-02 00:07:13 查询号码 【1957696】，GSD为【""】
2021-08-02 00:07:13 bad
2021-08-02 00:07:15 CHB 1957696?1627834033 第 1 次 等待 3 秒
2021-08-02 00:07:18 CHB 1957696?1627834033 第 1 次 获取到号码【1957696】GSD
2021-08-02 00:07:18 获取到号码【1957696】的GSD为【广东-东莞】
2021-08-02 00:07:36 GSD insert 第 1 次 等待 3 秒
2021-08-02 00:07:39 {"status":"ok","gid":473133,"msg":"添加成功！"}
2021-08-02 00:07:39 下次操作: 2021-08-02 00:07:59

2021-08-02 00:07:59 开始第 31 次操作

2021-08-02 00:07:59 开始操作号码 【1957695】
2021-08-02 00:08:08 GSD getOne 第 1 次 等待 3 秒
2021-08-02 00:08:11 查询号码 【1957695】，返回信息 {"status":"bad","msg":""}
2021-08-02 00:08:11 查询号码 【1957695】，GSD为【""】
2021-08-02 00:08:11 bad
2021-08-02 00:08:17 CHB 1957695?1627834091 第 1 次 等待 3 秒
2021-08-02 00:08:20 CHB 1957695?1627834091 第 1 次 获取到号码【1957695】GSD
2021-08-02 00:08:20 获取到号码【1957695】的GSD为【广东-东莞】
2021-08-02 00:08:24 GSD insert 第 1 次 等待 3 秒
2021-08-02 00:08:27 {"status":"ok","gid":473144,"msg":"添加成功！"}
2021-08-02 00:08:27 下次操作: 2021-08-02 00:08:51

2021-08-02 00:08:51 开始第 32 次操作

2021-08-02 00:08:51 开始操作号码 【1957694】
2021-08-02 00:08:56 GSD getOne 第 1 次 等待 3 秒
2021-08-02 00:08:59 查询号码 【1957694】，返回信息 {"status":"bad","msg":""}
2021-08-02 00:08:59 查询号码 【1957694】，GSD为【""】
2021-08-02 00:08:59 bad
2021-08-02 00:09:05 CHB 1957694?1627834139 第 1 次 等待 3 秒
2021-08-02 00:09:08 CHB 1957694?1627834139 第 1 次 获取到号码【1957694】GSD
2021-08-02 00:09:08 获取到号码【1957694】的GSD为【广东-东莞】
2021-08-02 00:10:08 GSD insert 第 1 次 等待 3 秒
2021-08-02 00:10:11 {"status":"ok","gid":473159,"msg":"添加成功！"}
2021-08-02 00:10:11 下次操作: 2021-08-02 00:10:24

2021-08-02 00:10:24 开始第 33 次操作

2021-08-02 00:10:24 开始操作号码 【1957693】
2021-08-02 00:10:28 GSD getOne 第 1 次 等待 3 秒
2021-08-02 00:10:31 查询号码 【1957693】，返回信息 {"status":"bad","msg":""}
2021-08-02 00:10:31 查询号码 【1957693】，GSD为【""】
2021-08-02 00:10:31 bad
2021-08-02 00:10:35 CHB 1957693?1627834231 第 1 次 等待 3 秒
2021-08-02 00:10:38 CHB 1957693?1627834231 第 1 次 获取到号码【1957693】GSD
2021-08-02 00:10:38 获取到号码【1957693】的GSD为【广东-东莞】
2021-08-02 00:10:44 GSD insert 第 1 次 等待 3 秒
2021-08-02 00:10:47 {"status":"ok","gid":473166,"msg":"添加成功！"}
2021-08-02 00:10:47 下次操作: 2021-08-02 00:11:10

2021-08-02 00:11:10 开始第 34 次操作

2021-08-02 00:11:10 开始操作号码 【1957692】
2021-08-02 00:11:14 GSD getOne 第 1 次 等待 3 秒
2021-08-02 00:11:17 查询号码 【1957692】，返回信息 {"status":"bad","msg":""}
2021-08-02 00:11:17 查询号码 【1957692】，GSD为【""】
2021-08-02 00:11:17 bad
2021-08-02 00:11:19 CHB 1957692?1627834277 第 1 次 等待 3 秒
2021-08-02 00:11:22 CHB 1957692?1627834277 第 1 次 获取到号码【1957692】GSD
2021-08-02 00:11:22 获取到号码【1957692】的GSD为【广东-东莞】
2021-08-02 00:11:27 GSD insert 第 1 次 等待 3 秒
2021-08-02 00:11:30 {"status":"ok","gid":473174,"msg":"添加成功！"}
2021-08-02 00:11:30 下次操作: 2021-08-02 00:11:43

2021-08-02 00:11:43 开始第 35 次操作

2021-08-02 00:11:43 开始操作号码 【1957691】
2021-08-02 00:11:48 GSD getOne 第 1 次 等待 3 秒
2021-08-02 00:11:51 查询号码 【1957691】，返回信息 {"status":"bad","msg":""}
2021-08-02 00:11:51 查询号码 【1957691】，GSD为【""】
2021-08-02 00:11:51 bad
2021-08-02 00:11:53 CHB 1957691?1627834311 第 1 次 等待 3 秒
2021-08-02 00:11:56 CHB 1957691?1627834311 第 1 次 获取到号码【1957691】GSD
2021-08-02 00:11:56 获取到号码【1957691】的GSD为【广东-东莞】
2021-08-02 00:12:04 GSD insert 第 1 次 等待 3 秒
2021-08-02 00:12:07 {"status":"ok","gid":473182,"msg":"添加成功！"}
2021-08-02 00:12:07 下次操作: 2021-08-02 00:12:20

2021-08-02 00:12:20 开始第 36 次操作

2021-08-02 00:12:20 开始操作号码 【1957690】
2021-08-02 00:12:25 GSD getOne 第 1 次 等待 3 秒
2021-08-02 00:12:28 查询号码 【1957690】，返回信息 {"status":"bad","msg":""}
2021-08-02 00:12:28 查询号码 【1957690】，GSD为【""】
2021-08-02 00:12:28 bad
2021-08-02 00:12:29 CHB 1957690?1627834348 第 1 次 等待 3 秒
2021-08-02 00:12:32 CHB 1957690?1627834348 第 1 次 获取到号码【1957690】GSD
2021-08-02 00:12:32 获取到号码【1957690】的GSD为【广东-东莞】
2021-08-02 00:12:41 GSD insert 第 1 次 等待 3 秒
2021-08-02 00:12:44 {"status":"ok","gid":473190,"msg":"添加成功！"}
2021-08-02 00:12:44 下次操作: 2021-08-02 00:13:00

2021-08-02 00:13:00 开始第 37 次操作

2021-08-02 00:13:00 开始操作号码 【1957689】
2021-08-02 00:13:04 GSD getOne 第 1 次 等待 3 秒
2021-08-02 00:13:07 查询号码 【1957689】，返回信息 {"status":"bad","msg":""}
2021-08-02 00:13:07 查询号码 【1957689】，GSD为【""】
2021-08-02 00:13:07 bad
2021-08-02 00:13:09 CHB 1957689?1627834387 第 1 次 等待 3 秒
2021-08-02 00:13:12 CHB 1957689?1627834387 第 1 次 获取到号码【1957689】GSD
2021-08-02 00:13:12 获取到号码【1957689】的GSD为【广东-惠州】
2021-08-02 00:14:17 GSD insert 第 1 次 等待 3 秒
2021-08-02 00:14:20 {"status":"ok","gid":473205,"msg":"添加成功！"}
2021-08-02 00:14:20 下次操作: 2021-08-02 00:14:32

2021-08-02 00:14:32 开始第 38 次操作

2021-08-02 00:14:32 开始操作号码 【1957688】
2021-08-02 00:15:04 GSD getOne 第 1 次 等待 3 秒
2021-08-02 00:15:07 查询号码 【1957688】，返回信息 {"status":"bad","msg":""}
2021-08-02 00:15:07 查询号码 【1957688】，GSD为【""】
2021-08-02 00:15:07 bad
2021-08-02 00:15:10 CHB 1957688?1627834507 第 1 次 等待 3 秒
2021-08-02 00:15:13 CHB 1957688?1627834507 第 1 次 获取到号码【1957688】GSD
2021-08-02 00:15:13 获取到号码【1957688】的GSD为【广东-深圳】
2021-08-02 00:15:21 GSD insert 第 1 次 等待 3 秒
2021-08-02 00:15:24 {"status":"ok","gid":473211,"msg":"添加成功！"}
2021-08-02 00:15:24 下次操作: 2021-08-02 00:15:39

2021-08-02 00:15:39 开始第 39 次操作

2021-08-02 00:15:39 开始操作号码 【1957687】
2021-08-02 00:15:50 GSD getOne 第 1 次 等待 3 秒
2021-08-02 00:15:53 查询号码 【1957687】，返回信息 {"status":"bad","msg":""}
2021-08-02 00:15:53 查询号码 【1957687】，GSD为【""】
2021-08-02 00:15:53 bad
2021-08-02 00:15:55 CHB 1957687?1627834553 第 1 次 等待 3 秒
2021-08-02 00:15:58 CHB 1957687?1627834553 第 1 次 获取到号码【1957687】GSD
2021-08-02 00:15:58 获取到号码【1957687】的GSD为【广东-东莞】
2021-08-02 00:16:03 GSD insert 第 1 次 等待 3 秒
2021-08-02 00:16:06 {"status":"ok","gid":473217,"msg":"添加成功！"}
2021-08-02 00:16:06 下次操作: 2021-08-02 00:16:29

2021-08-02 00:16:29 开始第 40 次操作

2021-08-02 00:16:29 开始操作号码 【1957686】
2021-08-02 00:16:41 GSD getOne 第 1 次 等待 3 秒
2021-08-02 00:16:44 查询号码 【1957686】，返回信息 {"status":"bad","msg":""}
2021-08-02 00:16:44 查询号码 【1957686】，GSD为【""】
2021-08-02 00:16:44 bad
2021-08-02 00:16:46 CHB 1957686?1627834604 第 1 次 等待 3 秒
2021-08-02 00:16:49 CHB 1957686?1627834604 第 1 次 获取到号码【1957686】GSD
2021-08-02 00:16:49 获取到号码【1957686】的GSD为【广东-佛山】
2021-08-02 00:17:09 GSD insert 第 1 次 等待 3 秒
2021-08-02 00:17:12 {"status":"ok","gid":473227,"msg":"添加成功！"}

