2024-06-19 00:12:34 开始第 1957 次操作

2024-06-19 00:12:34 开始操作号码 【1551871】
2024-06-19 00:12:40 GSD getOne 第 1 次 等待 3 秒
2024-06-19 00:12:43 查询号码 【1551871】，返回信息 {"status":"ok","msg":"河南-商丘","gid":"133292","time_insert":"2021-06-26 17:39"}
2024-06-19 00:12:43 查询号码 【1551871】，GSD为【"河南-商丘"】

2024-06-19 00:12:44 开始第 1958 次操作

2024-06-19 00:12:44 开始操作号码 【1551872】
2024-06-19 00:12:49 GSD getOne 第 1 次 等待 3 秒
2024-06-19 00:12:52 查询号码 【1551872】，返回信息 {"status":"ok","msg":"河南-商丘","gid":"133417","time_insert":"2021-06-26 17:54"}
2024-06-19 00:12:52 查询号码 【1551872】，GSD为【"河南-商丘"】

2024-06-19 00:12:53 开始第 1959 次操作

2024-06-19 00:12:53 开始操作号码 【1551873】
2024-06-19 00:12:58 GSD getOne 第 1 次 等待 3 秒
2024-06-19 00:13:01 查询号码 【1551873】，返回信息 {"status":"ok","msg":"河南-商丘","gid":"54484","time_insert":"2020-12-28 09:23"}
2024-06-19 00:13:01 查询号码 【1551873】，GSD为【"河南-商丘"】

2024-06-19 00:13:02 开始第 1960 次操作

2024-06-19 00:13:02 开始操作号码 【1551874】
2024-06-19 00:13:09 GSD getOne 第 1 次 等待 3 秒
2024-06-19 00:13:12 查询号码 【1551874】，返回信息 {"status":"ok","msg":"河南-商丘","gid":"133589","time_insert":"2021-06-26 18:12"}
2024-06-19 00:13:12 查询号码 【1551874】，GSD为【"河南-商丘"】

2024-06-19 00:38:18 开始第 1961 次操作

2024-06-19 00:38:18 开始操作号码 【1551875】
2024-06-19 00:38:26 GSD getOne 第 1 次 等待 3 秒
2024-06-19 00:38:29 查询号码 【1551875】，返回信息 {"status":"ok","msg":"河南-商丘","gid":"133621","time_insert":"2021-06-26 18:32"}
2024-06-19 00:38:29 查询号码 【1551875】，GSD为【"河南-商丘"】

2024-06-19 00:38:30 开始第 1962 次操作

2024-06-19 00:38:30 开始操作号码 【1551876】
2024-06-19 00:38:38 GSD getOne 第 1 次 等待 3 秒
2024-06-19 00:38:41 查询号码 【1551876】，返回信息 {"status":"ok","msg":"河南-商丘","gid":"133741","time_insert":"2021-06-26 18:52"}
2024-06-19 00:38:41 查询号码 【1551876】，GSD为【"河南-商丘"】

2024-06-19 00:38:42 开始第 1963 次操作

2024-06-19 00:38:42 开始操作号码 【1551877】
2024-06-19 00:38:50 GSD getOne 第 1 次 等待 3 秒
2024-06-19 00:38:53 查询号码 【1551877】，返回信息 {"status":"ok","msg":"河南-安阳","gid":"133917","time_insert":"2021-06-26 19:08"}
2024-06-19 00:38:53 查询号码 【1551877】，GSD为【"河南-安阳"】

2024-06-19 00:38:54 开始第 1964 次操作

2024-06-19 00:38:54 开始操作号码 【1551878】
2024-06-19 00:39:00 GSD getOne 第 1 次 等待 3 秒
2024-06-19 00:39:03 查询号码 【1551878】，返回信息 {"status":"ok","msg":"河南-安阳","gid":"133948","time_insert":"2021-06-26 19:28"}
2024-06-19 00:39:03 查询号码 【1551878】，GSD为【"河南-安阳"】

