2024-03-14 00:10:25 开始第 8933 次操作

2024-03-14 00:10:25 开始操作号码 【1778846】
2024-03-14 00:10:30 GSD getOne 第 1 次 等待 3 秒
2024-03-14 00:10:33 查询号码 【1778846】，返回信息 {"status":"ok","msg":"海南-海口","gid":"216350","time_insert":"2021-07-07 18:55","time_update":"2021-08-07 00:14"}
2024-03-14 00:10:33 查询号码 【1778846】，GSD为【"海南-海口"】

2024-03-14 00:10:34 开始第 8934 次操作

2024-03-14 00:10:34 开始操作号码 【1778847】
2024-03-14 00:10:38 GSD getOne 第 1 次 等待 3 秒
2024-03-14 00:10:41 查询号码 【1778847】，返回信息 {"status":"ok","msg":"海南-海口","gid":"216346","time_insert":"2021-07-07 18:54"}
2024-03-14 00:10:41 查询号码 【1778847】，GSD为【"海南-海口"】

2024-03-14 00:10:42 开始第 8935 次操作

2024-03-14 00:10:42 开始操作号码 【1778848】
2024-03-14 00:10:47 GSD getOne 第 1 次 等待 3 秒
2024-03-14 00:10:50 查询号码 【1778848】，返回信息 {"status":"ok","msg":"海南-海口","gid":"216343","time_insert":"2021-07-07 18:54"}
2024-03-14 00:10:50 查询号码 【1778848】，GSD为【"海南-海口"】

2024-03-14 00:10:51 开始第 8936 次操作

2024-03-14 00:10:51 开始操作号码 【1778849】
2024-03-14 00:10:55 GSD getOne 第 1 次 等待 3 秒
2024-03-14 00:10:58 查询号码 【1778849】，返回信息 {"status":"ok","msg":"海南-海口","gid":"216339","time_insert":"2021-07-07 18:53"}
2024-03-14 00:10:58 查询号码 【1778849】，GSD为【"海南-海口"】

