2023-12-07 00:12:33 开始第 1841 次操作

2023-12-07 00:12:33 开始操作号码 【1881754】
2023-12-07 00:12:38 GSD getOne 第 1 次 等待 3 秒
2023-12-07 00:12:41 查询号码 【1881754】，返回信息 {"status":"ok","msg":"上海-上海","gid":"470470","time_insert":"2021-08-01 18:53"}
2023-12-07 00:12:41 查询号码 【1881754】，GSD为【"上海-上海"】

2023-12-07 00:12:42 开始第 1842 次操作

2023-12-07 00:12:42 开始操作号码 【1881755】
2023-12-07 00:12:46 GSD getOne 第 1 次 等待 3 秒
2023-12-07 00:12:49 查询号码 【1881755】，返回信息 {"status":"ok","msg":"上海-上海","gid":"470637","time_insert":"2021-08-01 19:05"}
2023-12-07 00:12:49 查询号码 【1881755】，GSD为【"上海-上海"】

2023-12-07 00:12:50 开始第 1843 次操作

2023-12-07 00:12:50 开始操作号码 【1881756】
2023-12-07 00:12:54 GSD getOne 第 1 次 等待 3 秒
2023-12-07 00:12:57 查询号码 【1881756】，返回信息 {"status":"ok","msg":"上海-上海","gid":"470790","time_insert":"2021-08-01 19:17"}
2023-12-07 00:12:57 查询号码 【1881756】，GSD为【"上海-上海"】

2023-12-07 00:12:58 开始第 1844 次操作

2023-12-07 00:12:58 开始操作号码 【1881757】
2023-12-07 00:13:01 GSD getOne 第 1 次 等待 3 秒
2023-12-07 00:13:04 查询号码 【1881757】，返回信息 {"status":"ok","msg":"上海-上海","gid":"470806","time_insert":"2021-08-01 19:21"}
2023-12-07 00:13:04 查询号码 【1881757】，GSD为【"上海-上海"】

