2024-02-02 00:10:35 开始第 1433 次操作

2024-02-02 00:10:35 开始操作号码 【1771346】
2024-02-02 00:10:40 GSD getOne 第 1 次 等待 3 秒
2024-02-02 00:10:43 查询号码 【1771346】，返回信息 {"status":"ok","msg":"四川-广元","gid":"297117","time_insert":"2021-07-16 21:46"}
2024-02-02 00:10:43 查询号码 【1771346】，GSD为【"四川-广元"】

2024-02-02 00:10:44 开始第 1434 次操作

2024-02-02 00:10:44 开始操作号码 【1771347】
2024-02-02 00:10:48 GSD getOne 第 1 次 等待 3 秒
2024-02-02 00:10:51 查询号码 【1771347】，返回信息 {"status":"ok","msg":"四川-眉山","gid":"30405","time_insert":"2018-09-13 21:33","time_update":"2020-10-30 04:42"}
2024-02-02 00:10:51 查询号码 【1771347】，GSD为【"四川-眉山"】

2024-02-02 00:10:52 开始第 1435 次操作

2024-02-02 00:10:52 开始操作号码 【1771348】
2024-02-02 00:10:56 GSD getOne 第 1 次 等待 3 秒
2024-02-02 00:10:59 查询号码 【1771348】，返回信息 {"status":"ok","msg":"四川-内江","gid":"30406","time_insert":"2016-07-02 17:04","time_update":"2020-10-30 04:42"}
2024-02-02 00:10:59 查询号码 【1771348】，GSD为【"四川-内江"】

2024-02-02 00:11:00 开始第 1436 次操作

2024-02-02 00:11:00 开始操作号码 【1771349】
2024-02-02 00:11:05 GSD getOne 第 1 次 等待 3 秒
2024-02-02 00:11:08 查询号码 【1771349】，返回信息 {"status":"ok","msg":"四川-宜宾","gid":"30407","time_insert":"2019-01-21 14:22","time_update":"2020-10-30 04:47"}
2024-02-02 00:11:08 查询号码 【1771349】，GSD为【"四川-宜宾"】

