2024-10-24 00:14:47 开始第 1129 次操作

2024-10-24 00:14:47 开始操作号码 【1331128】
2024-10-24 00:14:48 GSD getOne 第 1 次 等待 3 秒
2024-10-24 00:14:51 查询号码 【1331128】，返回信息 {"status":"ok","msg":"北京-北京","gid":"64094","time_insert":"2021-05-21 16:40"}
2024-10-24 00:14:51 查询号码 【1331128】，GSD为【"北京-北京"】

2024-10-24 00:14:52 开始第 1130 次操作

2024-10-24 00:14:52 开始操作号码 【1331129】
2024-10-24 00:14:53 GSD getOne 第 1 次 等待 3 秒
2024-10-24 00:14:56 查询号码 【1331129】，返回信息 {"status":"ok","msg":"北京-北京","gid":"64111","time_insert":"2021-05-21 17:03"}
2024-10-24 00:14:56 查询号码 【1331129】，GSD为【"北京-北京"】

2024-10-24 00:14:57 开始第 1131 次操作

2024-10-24 00:14:57 开始操作号码 【1331130】
2024-10-24 00:14:58 GSD getOne 第 1 次 等待 3 秒
2024-10-24 00:15:01 查询号码 【1331130】，返回信息 {"status":"ok","msg":"北京-北京","gid":"64121","time_insert":"2021-05-21 17:28"}
2024-10-24 00:15:01 查询号码 【1331130】，GSD为【"北京-北京"】

2024-10-24 00:15:02 开始第 1132 次操作

2024-10-24 00:15:02 开始操作号码 【1331131】
2024-10-24 00:15:03 GSD getOne 第 1 次 等待 3 秒
2024-10-24 00:15:06 查询号码 【1331131】，返回信息 {"status":"ok","msg":"北京-北京","gid":"64131","time_insert":"2021-05-21 17:50"}
2024-10-24 00:15:06 查询号码 【1331131】，GSD为【"北京-北京"】

