2024-02-13 00:10:58 开始第 3457 次操作

2024-02-13 00:10:58 开始操作号码 【1773370】
2024-02-13 00:11:02 GSD getOne 第 1 次 等待 3 秒
2024-02-13 00:11:05 查询号码 【1773370】，返回信息 {"status":"ok","msg":"河北-沧州","gid":"274046","time_insert":"2021-07-14 12:51"}
2024-02-13 00:11:06 查询号码 【1773370】，GSD为【"河北-沧州"】

2024-02-13 00:11:07 开始第 3458 次操作

2024-02-13 00:11:07 开始操作号码 【1773371】
2024-02-13 00:11:11 GSD getOne 第 1 次 等待 3 秒
2024-02-13 00:11:14 查询号码 【1773371】，返回信息 {"status":"ok","msg":"河北-沧州","gid":"274039","time_insert":"2021-07-14 12:51","time_update":"2021-08-06 21:49"}
2024-02-13 00:11:14 查询号码 【1773371】，GSD为【"河北-沧州"】

2024-02-13 00:11:15 开始第 3459 次操作

2024-02-13 00:11:15 开始操作号码 【1773372】
2024-02-13 00:11:21 GSD getOne 第 1 次 等待 3 秒
2024-02-13 00:11:24 查询号码 【1773372】，返回信息 {"status":"ok","msg":"河北-沧州","gid":"274034","time_insert":"2021-07-14 12:50"}
2024-02-13 00:11:25 查询号码 【1773372】，GSD为【"河北-沧州"】

2024-02-13 00:11:26 开始第 3460 次操作

2024-02-13 00:11:26 开始操作号码 【1773373】
2024-02-13 00:11:30 GSD getOne 第 1 次 等待 3 秒
2024-02-13 00:11:33 查询号码 【1773373】，返回信息 {"status":"ok","msg":"河北-沧州","gid":"274030","time_insert":"2021-07-14 12:50"}
2024-02-13 00:11:33 查询号码 【1773373】，GSD为【"河北-沧州"】

