2023-09-29 00:11:00 开始第 485 次操作

2023-09-29 00:11:00 开始操作号码 【1980484】
2023-09-29 00:11:23 GSD getOne 第 1 次 等待 3 秒
2023-09-29 00:11:26 查询号码 【1980484】，返回信息 {"status":"ok","msg":"内蒙古-赤峰","gid":"449670","time_insert":"2021-07-30 23:34"}
2023-09-29 00:11:26 查询号码 【1980484】，GSD为【"内蒙古-赤峰"】

2023-09-29 00:11:27 开始第 486 次操作

2023-09-29 00:11:27 开始操作号码 【1980485】
2023-09-29 00:11:35 GSD getOne 第 1 次 等待 3 秒
2023-09-29 00:11:38 查询号码 【1980485】，返回信息 {"status":"ok","msg":"内蒙古-通辽","gid":"449675","time_insert":"2021-07-30 23:36"}
2023-09-29 00:11:38 查询号码 【1980485】，GSD为【"内蒙古-通辽"】

2023-09-29 00:11:39 开始第 487 次操作

2023-09-29 00:11:39 开始操作号码 【1980486】
2023-09-29 00:12:02 GSD getOne 第 1 次 等待 3 秒
2023-09-29 00:12:05 查询号码 【1980486】，返回信息 {"status":"ok","msg":"内蒙古-赤峰","gid":"449686","time_insert":"2021-07-30 23:43"}
2023-09-29 00:12:05 查询号码 【1980486】，GSD为【"内蒙古-赤峰"】

2023-09-29 00:12:06 开始第 488 次操作

2023-09-29 00:12:06 开始操作号码 【1980487】
2023-09-29 00:12:28 GSD getOne 第 1 次 等待 3 秒
2023-09-29 00:12:31 查询号码 【1980487】，返回信息 {"status":"ok","msg":"内蒙古-呼和浩特","gid":"449705","time_insert":"2021-07-30 23:46"}
2023-09-29 00:12:31 查询号码 【1980487】，GSD为【"内蒙古-呼和浩特"】

2023-09-29 00:37:09 开始第 489 次操作

2023-09-29 00:37:09 开始操作号码 【1980488】
2023-09-29 00:37:14 GSD getOne 第 1 次 等待 3 秒
2023-09-29 00:37:17 查询号码 【1980488】，返回信息 {"status":"ok","msg":"内蒙古-乌兰察布","gid":"449796","time_insert":"2021-07-30 23:57"}
2023-09-29 00:37:17 查询号码 【1980488】，GSD为【"内蒙古-乌兰察布"】

2023-09-29 00:37:18 开始第 490 次操作

2023-09-29 00:37:18 开始操作号码 【1980489】
2023-09-29 00:37:20 GSD getOne 第 1 次 等待 3 秒
2023-09-29 00:37:23 查询号码 【1980489】，返回信息 {"status":"ok","msg":"内蒙古-呼和浩特","gid":"449930","time_insert":"2021-07-31 00:05"}
2023-09-29 00:37:23 查询号码 【1980489】，GSD为【"内蒙古-呼和浩特"】

2023-09-29 00:37:24 开始第 491 次操作

2023-09-29 00:37:24 开始操作号码 【1980490】
2023-09-29 00:37:26 GSD getOne 第 1 次 等待 3 秒
2023-09-29 00:37:29 查询号码 【1980490】，返回信息 {"status":"ok","msg":"内蒙古-锡林郭勒","gid":"450079","time_insert":"2021-07-31 00:16"}
2023-09-29 00:37:29 查询号码 【1980490】，GSD为【"内蒙古-锡林郭勒"】

2023-09-29 00:37:30 开始第 492 次操作

2023-09-29 00:37:30 开始操作号码 【1980491】
2023-09-29 00:37:35 GSD getOne 第 1 次 等待 3 秒
2023-09-29 00:37:38 查询号码 【1980491】，返回信息 {"status":"ok","msg":"内蒙古-锡林郭勒","gid":"450101","time_insert":"2021-07-31 00:18"}
2023-09-29 00:37:38 查询号码 【1980491】，GSD为【"内蒙古-锡林郭勒"】

2023-09-29 01:08:00 开始第 493 次操作

2023-09-29 01:08:00 开始操作号码 【1980492】
2023-09-29 01:08:02 GSD getOne 第 1 次 等待 3 秒
2023-09-29 01:08:05 查询号码 【1980492】，返回信息 {"status":"ok","msg":"内蒙古-包头","gid":"450145","time_insert":"2021-07-31 00:26"}
2023-09-29 01:08:05 查询号码 【1980492】，GSD为【"内蒙古-包头"】

2023-09-29 01:08:06 开始第 494 次操作

2023-09-29 01:08:06 开始操作号码 【1980493】
2023-09-29 01:08:09 GSD getOne 第 1 次 等待 3 秒
2023-09-29 01:08:12 查询号码 【1980493】，返回信息 {"status":"ok","msg":"内蒙古-乌海","gid":"450156","time_insert":"2021-07-31 00:28"}
2023-09-29 01:08:12 查询号码 【1980493】，GSD为【"内蒙古-乌海"】

2023-09-29 01:08:13 开始第 495 次操作

2023-09-29 01:08:13 开始操作号码 【1980494】
2023-09-29 01:08:16 GSD getOne 第 1 次 等待 3 秒
2023-09-29 01:08:19 查询号码 【1980494】，返回信息 {"status":"ok","msg":"内蒙古-赤峰","gid":"450187","time_insert":"2021-07-31 00:36"}
2023-09-29 01:08:19 查询号码 【1980494】，GSD为【"内蒙古-赤峰"】

2023-09-29 01:08:20 开始第 496 次操作

2023-09-29 01:08:20 开始操作号码 【1980495】
2023-09-29 01:08:25 GSD getOne 第 1 次 等待 3 秒
2023-09-29 01:08:28 查询号码 【1980495】，返回信息 {"status":"ok","msg":"内蒙古-赤峰","gid":"450190","time_insert":"2021-07-31 00:37"}
2023-09-29 01:08:28 查询号码 【1980495】，GSD为【"内蒙古-赤峰"】

2023-09-29 01:33:16 开始第 497 次操作

2023-09-29 01:33:16 开始操作号码 【1980496】
2023-09-29 01:33:17 GSD getOne 第 1 次 等待 3 秒
2023-09-29 01:33:20 查询号码 【1980496】，返回信息 {"status":"ok","msg":"内蒙古-赤峰","gid":"450201","time_insert":"2021-07-31 00:46"}
2023-09-29 01:33:21 查询号码 【1980496】，GSD为【"内蒙古-赤峰"】

2023-09-29 01:33:22 开始第 498 次操作

2023-09-29 01:33:22 开始操作号码 【1980497】
2023-09-29 01:33:23 GSD getOne 第 1 次 等待 3 秒
2023-09-29 01:33:26 查询号码 【1980497】，返回信息 {"status":"ok","msg":"内蒙古-鄂尔多斯","gid":"450205","time_insert":"2021-07-31 00:47"}
2023-09-29 01:33:26 查询号码 【1980497】，GSD为【"内蒙古-鄂尔多斯"】

2023-09-29 01:33:27 开始第 499 次操作

2023-09-29 01:33:27 开始操作号码 【1980498】
2023-09-29 01:33:30 GSD getOne 第 1 次 等待 3 秒
2023-09-29 01:33:33 查询号码 【1980498】，返回信息 {"status":"ok","msg":"内蒙古-巴彦淖尔","gid":"450213","time_insert":"2021-07-31 00:56"}
2023-09-29 01:33:33 查询号码 【1980498】，GSD为【"内蒙古-巴彦淖尔"】

2023-09-29 01:33:34 开始第 500 次操作

2023-09-29 01:33:34 开始操作号码 【1980499】
2023-09-29 01:33:40 GSD getOne 第 1 次 等待 3 秒
2023-09-29 01:33:43 查询号码 【1980499】，返回信息 {"status":"ok","msg":"内蒙古-乌兰察布","gid":"450218","time_insert":"2021-07-31 00:58"}
2023-09-29 01:33:43 查询号码 【1980499】，GSD为【"内蒙古-乌兰察布"】

2023-09-29 02:10:51 开始第 501 次操作

2023-09-29 02:10:51 开始操作号码 【1980500】
2023-09-29 02:10:53 GSD getOne 第 1 次 等待 3 秒
2023-09-29 02:10:56 查询号码 【1980500】，返回信息 {"status":"ok","msg":"江苏-徐州","gid":"450307","time_insert":"2021-07-31 01:07"}
2023-09-29 02:10:56 查询号码 【1980500】，GSD为【"江苏-徐州"】

2023-09-29 02:10:57 开始第 502 次操作

2023-09-29 02:10:57 开始操作号码 【1980501】
2023-09-29 02:10:58 GSD getOne 第 1 次 等待 3 秒
2023-09-29 02:11:01 查询号码 【1980501】，返回信息 {"status":"ok","msg":"江苏-徐州","gid":"450323","time_insert":"2021-07-31 01:08"}
2023-09-29 02:11:01 查询号码 【1980501】，GSD为【"江苏-徐州"】

2023-09-29 02:11:03 开始第 503 次操作

2023-09-29 02:11:03 开始操作号码 【1980502】
2023-09-29 02:11:04 GSD getOne 第 1 次 等待 3 秒
2023-09-29 02:11:07 查询号码 【1980502】，返回信息 {"status":"ok","msg":"江苏-淮安","gid":"450437","time_insert":"2021-07-31 01:16"}
2023-09-29 02:11:07 查询号码 【1980502】，GSD为【"江苏-淮安"】

2023-09-29 02:11:08 开始第 504 次操作

2023-09-29 02:11:08 开始操作号码 【1980503】
2023-09-29 02:11:13 GSD getOne 第 1 次 等待 3 秒
2023-09-29 02:11:16 查询号码 【1980503】，返回信息 {"status":"ok","msg":"江苏-淮安","gid":"450480","time_insert":"2021-07-31 01:19"}
2023-09-29 02:11:16 查询号码 【1980503】，GSD为【"江苏-淮安"】

2023-09-29 02:34:06 开始第 505 次操作

2023-09-29 02:34:06 开始操作号码 【1980504】
2023-09-29 02:34:08 GSD getOne 第 1 次 等待 3 秒
2023-09-29 02:34:11 查询号码 【1980504】，返回信息 {"status":"ok","msg":"江苏-连云港","gid":"450557","time_insert":"2021-07-31 01:24"}
2023-09-29 02:34:11 查询号码 【1980504】，GSD为【"江苏-连云港"】

2023-09-29 02:34:12 开始第 506 次操作

2023-09-29 02:34:12 开始操作号码 【1980505】
2023-09-29 02:34:14 GSD getOne 第 1 次 等待 3 秒
2023-09-29 02:34:17 查询号码 【1980505】，返回信息 {"status":"ok","msg":"江苏-连云港","gid":"450605","time_insert":"2021-07-31 01:29"}
2023-09-29 02:34:17 查询号码 【1980505】，GSD为【"江苏-连云港"】

2023-09-29 02:34:18 开始第 507 次操作

2023-09-29 02:34:18 开始操作号码 【1980506】
2023-09-29 02:34:20 GSD getOne 第 1 次 等待 3 秒
2023-09-29 02:34:23 查询号码 【1980506】，返回信息 {"status":"ok","msg":"江苏-连云港","gid":"450621","time_insert":"2021-07-31 01:34"}
2023-09-29 02:34:23 查询号码 【1980506】，GSD为【"江苏-连云港"】

2023-09-29 02:34:24 开始第 508 次操作

2023-09-29 02:34:24 开始操作号码 【1980507】
2023-09-29 02:34:25 GSD getOne 第 1 次 等待 3 秒
2023-09-29 02:34:28 查询号码 【1980507】，返回信息 {"status":"ok","msg":"江苏-连云港","gid":"450646","time_insert":"2021-07-31 01:39"}
2023-09-29 02:34:28 查询号码 【1980507】，GSD为【"江苏-连云港"】

2023-09-29 03:07:03 开始第 509 次操作

2023-09-29 03:07:03 开始操作号码 【1980508】
2023-09-29 03:07:05 GSD getOne 第 1 次 等待 3 秒
2023-09-29 03:07:08 查询号码 【1980508】，返回信息 {"status":"ok","msg":"江苏-连云港","gid":"450702","time_insert":"2021-07-31 01:44"}
2023-09-29 03:07:08 查询号码 【1980508】，GSD为【"江苏-连云港"】

2023-09-29 03:07:09 开始第 510 次操作

2023-09-29 03:07:09 开始操作号码 【1980509】
2023-09-29 03:07:11 GSD getOne 第 1 次 等待 3 秒
2023-09-29 03:07:14 查询号码 【1980509】，返回信息 {"status":"ok","msg":"江苏-扬州","gid":"450768","time_insert":"2021-07-31 01:48"}
2023-09-29 03:07:14 查询号码 【1980509】，GSD为【"江苏-扬州"】

2023-09-29 03:07:15 开始第 511 次操作

2023-09-29 03:07:15 开始操作号码 【1980510】
2023-09-29 03:07:17 GSD getOne 第 1 次 等待 3 秒
2023-09-29 03:07:20 查询号码 【1980510】，返回信息 {"status":"ok","msg":"江苏-无锡","gid":"450869","time_insert":"2021-07-31 01:54"}
2023-09-29 03:07:20 查询号码 【1980510】，GSD为【"江苏-无锡"】

2023-09-29 03:07:21 开始第 512 次操作

2023-09-29 03:07:21 开始操作号码 【1980511】
2023-09-29 03:07:22 GSD getOne 第 1 次 等待 3 秒
2023-09-29 03:07:25 查询号码 【1980511】，返回信息 {"status":"ok","msg":"江苏-无锡","gid":"450940","time_insert":"2021-07-31 01:59"}
2023-09-29 03:07:25 查询号码 【1980511】，GSD为【"江苏-无锡"】

2023-09-29 03:32:59 开始第 513 次操作

2023-09-29 03:32:59 开始操作号码 【1980512】
2023-09-29 03:33:01 GSD getOne 第 1 次 等待 3 秒
2023-09-29 03:33:04 查询号码 【1980512】，返回信息 {"status":"ok","msg":"江苏-无锡","gid":"451034","time_insert":"2021-07-31 02:05"}
2023-09-29 03:33:04 查询号码 【1980512】，GSD为【"江苏-无锡"】

2023-09-29 03:33:05 开始第 514 次操作

2023-09-29 03:33:05 开始操作号码 【1980513】
2023-09-29 03:33:06 GSD getOne 第 1 次 等待 3 秒
2023-09-29 03:33:09 查询号码 【1980513】，返回信息 {"status":"ok","msg":"江苏-苏州","gid":"451076","time_insert":"2021-07-31 02:09"}
2023-09-29 03:33:10 查询号码 【1980513】，GSD为【"江苏-苏州"】

2023-09-29 03:33:11 开始第 515 次操作

2023-09-29 03:33:11 开始操作号码 【1980514】
2023-09-29 03:33:12 GSD getOne 第 1 次 等待 3 秒
2023-09-29 03:33:15 查询号码 【1980514】，返回信息 {"status":"ok","msg":"江苏-南京","gid":"451103","time_insert":"2021-07-31 02:14"}
2023-09-29 03:33:15 查询号码 【1980514】，GSD为【"江苏-南京"】

2023-09-29 03:33:16 开始第 516 次操作

2023-09-29 03:33:16 开始操作号码 【1980515】
2023-09-29 03:33:18 GSD getOne 第 1 次 等待 3 秒
2023-09-29 03:33:21 查询号码 【1980515】，返回信息 {"status":"ok","msg":"江苏-南京","gid":"451120","time_insert":"2021-07-31 02:18"}
2023-09-29 03:33:21 查询号码 【1980515】，GSD为【"江苏-南京"】

2023-09-29 04:08:28 开始第 517 次操作

2023-09-29 04:08:28 开始操作号码 【1980516】
2023-09-29 04:08:31 GSD getOne 第 1 次 等待 3 秒
2023-09-29 04:08:34 查询号码 【1980516】，返回信息 {"status":"ok","msg":"江苏-南京","gid":"451130","time_insert":"2021-07-31 02:23"}
2023-09-29 04:08:34 查询号码 【1980516】，GSD为【"江苏-南京"】

2023-09-29 04:08:35 开始第 518 次操作

2023-09-29 04:08:35 开始操作号码 【1980517】
2023-09-29 04:08:36 GSD getOne 第 1 次 等待 3 秒
2023-09-29 04:08:39 查询号码 【1980517】，返回信息 {"status":"ok","msg":"江苏-南京","gid":"46308","time_insert":"2019-02-12 15:41","time_update":"2020-08-26 22:39"}
2023-09-29 04:08:39 查询号码 【1980517】，GSD为【"江苏-南京"】

2023-09-29 04:08:40 开始第 519 次操作

2023-09-29 04:08:40 开始操作号码 【1980518】
2023-09-29 04:08:42 GSD getOne 第 1 次 等待 3 秒
2023-09-29 04:08:45 查询号码 【1980518】，返回信息 {"status":"ok","msg":"江苏-南京","gid":"451138","time_insert":"2021-07-31 02:29"}
2023-09-29 04:08:45 查询号码 【1980518】，GSD为【"江苏-南京"】

2023-09-29 04:08:46 开始第 520 次操作

2023-09-29 04:08:46 开始操作号码 【1980519】
2023-09-29 04:08:48 GSD getOne 第 1 次 等待 3 秒
2023-09-29 04:08:51 查询号码 【1980519】，返回信息 {"status":"ok","msg":"江苏-苏州","gid":"451142","time_insert":"2021-07-31 02:34"}
2023-09-29 04:08:51 查询号码 【1980519】，GSD为【"江苏-苏州"】

