2023-11-28 00:11:43 开始第 201 次操作

2023-11-28 00:11:43 开始操作号码 【1880114】
2023-11-28 00:11:47 GSD getOne 第 1 次 等待 3 秒
2023-11-28 00:11:50 查询号码 【1880114】，返回信息 {"status":"ok","msg":"北京-北京","gid":"362909","time_insert":"2021-07-23 05:51"}
2023-11-28 00:11:50 查询号码 【1880114】，GSD为【"北京-北京"】

2023-11-28 00:11:51 开始第 202 次操作

2023-11-28 00:11:51 开始操作号码 【1880115】
2023-11-28 00:11:55 GSD getOne 第 1 次 等待 3 秒
2023-11-28 00:11:58 查询号码 【1880115】，返回信息 {"status":"ok","msg":"北京-北京","gid":"363085","time_insert":"2021-07-23 06:03"}
2023-11-28 00:11:58 查询号码 【1880115】，GSD为【"北京-北京"】

2023-11-28 00:11:59 开始第 203 次操作

2023-11-28 00:11:59 开始操作号码 【1880116】
2023-11-28 00:12:03 GSD getOne 第 1 次 等待 3 秒
2023-11-28 00:12:06 查询号码 【1880116】，返回信息 {"status":"ok","msg":"北京-北京","gid":"363133","time_insert":"2021-07-23 06:16"}
2023-11-28 00:12:07 查询号码 【1880116】，GSD为【"北京-北京"】

2023-11-28 00:12:08 开始第 204 次操作

2023-11-28 00:12:08 开始操作号码 【1880117】
2023-11-28 00:12:11 GSD getOne 第 1 次 等待 3 秒
2023-11-28 00:12:14 查询号码 【1880117】，返回信息 {"status":"ok","msg":"北京-北京","gid":"363157","time_insert":"2021-07-23 06:28"}
2023-11-28 00:12:14 查询号码 【1880117】，GSD为【"北京-北京"】

2023-11-28 00:38:37 开始第 205 次操作

2023-11-28 00:38:37 开始操作号码 【1880118】
2023-11-28 00:38:41 GSD getOne 第 1 次 等待 3 秒
2023-11-28 00:38:44 查询号码 【1880118】，返回信息 {"status":"ok","msg":"北京-北京","gid":"363231","time_insert":"2021-07-23 06:42"}
2023-11-28 00:38:44 查询号码 【1880118】，GSD为【"北京-北京"】

2023-11-28 00:38:45 开始第 206 次操作

2023-11-28 00:38:45 开始操作号码 【1880119】
2023-11-28 00:38:49 GSD getOne 第 1 次 等待 3 秒
2023-11-28 00:38:52 查询号码 【1880119】，返回信息 {"status":"ok","msg":"北京-北京","gid":"363440","time_insert":"2021-07-23 06:57"}
2023-11-28 00:38:53 查询号码 【1880119】，GSD为【"北京-北京"】

2023-11-28 00:38:54 开始第 207 次操作

2023-11-28 00:38:54 开始操作号码 【1880120】
2023-11-28 00:38:58 GSD getOne 第 1 次 等待 3 秒
2023-11-28 00:39:01 查询号码 【1880120】，返回信息 {"status":"ok","msg":"北京-北京","gid":"363550","time_insert":"2021-07-23 07:11"}
2023-11-28 00:39:01 查询号码 【1880120】，GSD为【"北京-北京"】

2023-11-28 00:39:02 开始第 208 次操作

2023-11-28 00:39:02 开始操作号码 【1880121】
2023-11-28 00:39:06 GSD getOne 第 1 次 等待 3 秒
2023-11-28 00:39:09 查询号码 【1880121】，返回信息 {"status":"ok","msg":"北京-北京","gid":"363578","time_insert":"2021-07-23 07:22"}
2023-11-28 00:39:09 查询号码 【1880121】，GSD为【"北京-北京"】

