2021-07-27 00:00:32 开始第 13 次操作

2021-07-27 00:00:32 开始操作号码 【1536339】
2021-07-27 00:00:45 GSD getOne 第 1 次 等待 3 秒
2021-07-27 00:00:48 查询号码 【1536339】，返回信息 {"status":"bad","msg":""}
2021-07-27 00:00:48 查询号码 【1536339】，GSD为【""】
2021-07-27 00:00:48 bad
2021-07-27 00:00:50 CHB 1536339?1627315248 第 1 次 等待 3 秒
2021-07-27 00:00:53 CHB 1536339?1627315248 第 1 次 获取到号码【1536339】GSD
2021-07-27 00:00:53 获取到号码【1536339】的GSD为【广东-潮州】
2021-07-27 00:01:12 GSD insert 第 1 次 等待 3 秒
2021-07-27 00:01:15 {"status":"ok","gid":407061,"msg":"添加成功！"}
2021-07-27 00:01:15 下次操作: 2021-07-27 00:01:30

2021-07-27 00:01:30 开始第 14 次操作

2021-07-27 00:01:30 开始操作号码 【1536338】
2021-07-27 00:01:33 GSD getOne 第 1 次 等待 3 秒
2021-07-27 00:01:36 查询号码 【1536338】，返回信息 {"status":"bad","msg":""}
2021-07-27 00:01:36 查询号码 【1536338】，GSD为【""】
2021-07-27 00:01:36 bad
2021-07-27 00:01:38 CHB 1536338?1627315296 第 1 次 等待 3 秒
2021-07-27 00:01:41 CHB 1536338?1627315296 第 1 次 获取到号码【1536338】GSD
2021-07-27 00:01:41 获取到号码【1536338】的GSD为【广东-潮州】
2021-07-27 00:02:01 GSD insert 第 1 次 等待 3 秒
2021-07-27 00:02:04 {"status":"ok","gid":407073,"msg":"添加成功！"}
2021-07-27 00:02:04 下次操作: 2021-07-27 00:02:24

2021-07-27 00:02:24 开始第 15 次操作

2021-07-27 00:02:24 开始操作号码 【1536337】
2021-07-27 00:02:33 GSD getOne 第 1 次 等待 3 秒
2021-07-27 00:02:36 查询号码 【1536337】，返回信息 {"status":"bad","msg":""}
2021-07-27 00:02:36 查询号码 【1536337】，GSD为【""】
2021-07-27 00:02:36 bad
2021-07-27 00:02:38 CHB 1536337?1627315356 第 1 次 等待 3 秒
2021-07-27 00:02:41 CHB 1536337?1627315356 第 1 次 获取到号码【1536337】GSD
2021-07-27 00:02:41 获取到号码【1536337】的GSD为【广东-潮州】
2021-07-27 00:02:59 GSD insert 第 1 次 等待 3 秒
2021-07-27 00:03:02 {"status":"ok","gid":407090,"msg":"添加成功！"}
2021-07-27 00:03:02 下次操作: 2021-07-27 00:03:14

2021-07-27 00:03:14 开始第 16 次操作

2021-07-27 00:03:14 开始操作号码 【1536336】
2021-07-27 00:03:21 GSD getOne 第 1 次 等待 3 秒
2021-07-27 00:03:24 查询号码 【1536336】，返回信息 {"status":"bad","msg":""}
2021-07-27 00:03:24 查询号码 【1536336】，GSD为【""】
2021-07-27 00:03:24 bad
2021-07-27 00:03:26 CHB 1536336?1627315404 第 1 次 等待 3 秒
2021-07-27 00:03:29 CHB 1536336?1627315404 第 1 次 获取到号码【1536336】GSD
2021-07-27 00:03:29 获取到号码【1536336】的GSD为【广东-潮州】
2021-07-27 00:04:07 GSD insert 第 1 次 等待 3 秒
2021-07-27 00:04:10 {"status":"ok","gid":407113,"msg":"添加成功！"}
2021-07-27 00:04:10 下次操作: 2021-07-27 00:04:27

2021-07-27 00:04:27 开始第 17 次操作

2021-07-27 00:04:27 开始操作号码 【1536335】
2021-07-27 00:04:36 GSD getOne 第 1 次 等待 3 秒
2021-07-27 00:04:39 查询号码 【1536335】，返回信息 {"status":"bad","msg":""}
2021-07-27 00:04:39 查询号码 【1536335】，GSD为【""】
2021-07-27 00:04:39 bad
2021-07-27 00:04:41 CHB 1536335?1627315479 第 1 次 等待 3 秒
2021-07-27 00:04:44 CHB 1536335?1627315479 第 1 次 获取到号码【1536335】GSD
2021-07-27 00:04:44 获取到号码【1536335】的GSD为【广东-潮州】
2021-07-27 00:05:04 GSD insert 第 1 次 等待 3 秒
2021-07-27 00:05:07 {"status":"ok","gid":407129,"msg":"添加成功！"}
2021-07-27 00:05:07 下次操作: 2021-07-27 00:05:21

2021-07-27 00:05:21 开始第 18 次操作

2021-07-27 00:05:21 开始操作号码 【1536334】
2021-07-27 00:05:25 GSD getOne 第 1 次 等待 3 秒
2021-07-27 00:05:28 查询号码 【1536334】，返回信息 {"status":"bad","msg":""}
2021-07-27 00:05:28 查询号码 【1536334】，GSD为【""】
2021-07-27 00:05:28 bad
2021-07-27 00:05:30 CHB 1536334?1627315528 第 1 次 等待 3 秒
2021-07-27 00:05:33 CHB 1536334?1627315528 第 1 次 获取到号码【1536334】GSD
2021-07-27 00:05:33 获取到号码【1536334】的GSD为【广东-肇庆】
2021-07-27 00:05:51 GSD insert 第 1 次 等待 3 秒
2021-07-27 00:05:54 {"status":"ok","gid":407143,"msg":"添加成功！"}
2021-07-27 00:05:54 下次操作: 2021-07-27 00:06:18

2021-07-27 00:06:18 开始第 19 次操作

2021-07-27 00:06:18 开始操作号码 【1536333】
2021-07-27 00:06:23 GSD getOne 第 1 次 等待 3 秒
2021-07-27 00:06:26 查询号码 【1536333】，返回信息 {"status":"bad","msg":""}
2021-07-27 00:06:26 查询号码 【1536333】，GSD为【""】
2021-07-27 00:06:26 bad
2021-07-27 00:06:28 CHB 1536333?1627315586 第 1 次 等待 3 秒
2021-07-27 00:06:31 CHB 1536333?1627315586 第 1 次 获取到号码【1536333】GSD
2021-07-27 00:06:31 获取到号码【1536333】的GSD为【广东-肇庆】
2021-07-27 00:06:50 GSD insert 第 1 次 等待 3 秒
2021-07-27 00:06:53 {"status":"ok","gid":407158,"msg":"添加成功！"}
2021-07-27 00:06:53 下次操作: 2021-07-27 00:07:15

2021-07-27 00:07:15 开始第 20 次操作

2021-07-27 00:07:15 开始操作号码 【1536332】
2021-07-27 00:07:18 GSD getOne 第 1 次 等待 3 秒
2021-07-27 00:07:21 查询号码 【1536332】，返回信息 {"status":"bad","msg":""}
2021-07-27 00:07:21 查询号码 【1536332】，GSD为【""】
2021-07-27 00:07:21 bad
2021-07-27 00:07:23 CHB 1536332?1627315641 第 1 次 等待 3 秒
2021-07-27 00:07:26 CHB 1536332?1627315641 第 1 次 获取到号码【1536332】GSD
2021-07-27 00:07:26 获取到号码【1536332】的GSD为【广东-肇庆】
2021-07-27 00:07:46 GSD insert 第 1 次 等待 3 秒
2021-07-27 00:07:49 {"status":"ok","gid":407173,"msg":"添加成功！"}
2021-07-27 00:07:49 下次操作: 2021-07-27 00:08:04

2021-07-27 00:08:04 开始第 21 次操作

2021-07-27 00:08:04 开始操作号码 【1536331】
2021-07-27 00:08:08 GSD getOne 第 1 次 等待 3 秒
2021-07-27 00:08:11 查询号码 【1536331】，返回信息 {"status":"bad","msg":""}
2021-07-27 00:08:11 查询号码 【1536331】，GSD为【""】
2021-07-27 00:08:11 bad
2021-07-27 00:08:13 CHB 1536331?1627315691 第 1 次 等待 3 秒
2021-07-27 00:08:16 CHB 1536331?1627315691 第 1 次 获取到号码【1536331】GSD
2021-07-27 00:08:16 获取到号码【1536331】的GSD为【广东-肇庆】
2021-07-27 00:08:50 GSD insert 第 1 次 等待 3 秒
2021-07-27 00:08:53 {"status":"ok","gid":407189,"msg":"添加成功！"}
2021-07-27 00:08:53 下次操作: 2021-07-27 00:09:11

2021-07-27 00:09:11 开始第 22 次操作

2021-07-27 00:09:11 开始操作号码 【1536330】
2021-07-27 00:09:17 GSD getOne 第 1 次 等待 3 秒
2021-07-27 00:09:20 查询号码 【1536330】，返回信息 {"status":"bad","msg":""}
2021-07-27 00:09:21 查询号码 【1536330】，GSD为【""】
2021-07-27 00:09:21 bad
2021-07-27 00:09:22 CHB 1536330?1627315761 第 1 次 等待 3 秒
2021-07-27 00:09:25 CHB 1536330?1627315761 第 1 次 获取到号码【1536330】GSD
2021-07-27 00:09:25 获取到号码【1536330】的GSD为【广东-肇庆】
2021-07-27 00:10:00 GSD insert 第 1 次 等待 3 秒
2021-07-27 00:10:03 {"status":"ok","gid":407208,"msg":"添加成功！"}
2021-07-27 00:10:03 下次操作: 2021-07-27 00:10:21

2021-07-27 00:10:21 开始第 23 次操作

2021-07-27 00:10:21 开始操作号码 【1536329】
2021-07-27 00:10:32 GSD getOne 第 1 次 等待 3 秒
2021-07-27 00:10:35 查询号码 【1536329】，返回信息 {"status":"bad","msg":""}
2021-07-27 00:10:35 查询号码 【1536329】，GSD为【""】
2021-07-27 00:10:35 bad
2021-07-27 00:10:37 CHB 1536329?1627315835 第 1 次 等待 3 秒
2021-07-27 00:10:40 CHB 1536329?1627315835 第 1 次 获取到号码【1536329】GSD
2021-07-27 00:10:40 获取到号码【1536329】的GSD为【广东-韶关】
2021-07-27 00:10:58 GSD insert 第 1 次 等待 3 秒
2021-07-27 00:11:01 {"status":"ok","gid":407221,"msg":"添加成功！"}
2021-07-27 00:11:01 下次操作: 2021-07-27 00:11:24

2021-07-27 00:11:24 开始第 24 次操作

2021-07-27 00:11:24 开始操作号码 【1536328】
2021-07-27 00:11:28 GSD getOne 第 1 次 等待 3 秒
2021-07-27 00:11:31 查询号码 【1536328】，返回信息 {"status":"bad","msg":""}
2021-07-27 00:11:31 查询号码 【1536328】，GSD为【""】
2021-07-27 00:11:31 bad
2021-07-27 00:11:32 CHB 1536328?1627315891 第 1 次 等待 3 秒
2021-07-27 00:11:35 CHB 1536328?1627315891 第 1 次 获取到号码【1536328】GSD
2021-07-27 00:11:36 获取到号码【1536328】的GSD为【广东-韶关】
2021-07-27 00:11:54 GSD insert 第 1 次 等待 3 秒
2021-07-27 00:11:57 {"status":"ok","gid":407232,"msg":"添加成功！"}
2021-07-27 00:11:57 下次操作: 2021-07-27 00:12:21

2021-07-27 00:12:21 开始第 25 次操作

2021-07-27 00:12:21 开始操作号码 【1536327】
2021-07-27 00:12:25 GSD getOne 第 1 次 等待 3 秒
2021-07-27 00:12:28 查询号码 【1536327】，返回信息 {"status":"bad","msg":""}
2021-07-27 00:12:28 查询号码 【1536327】，GSD为【""】
2021-07-27 00:12:28 bad
2021-07-27 00:12:30 CHB 1536327?1627315948 第 1 次 等待 3 秒
2021-07-27 00:12:33 CHB 1536327?1627315948 第 1 次 获取到号码【1536327】GSD
2021-07-27 00:12:33 获取到号码【1536327】的GSD为【广东-韶关】
2021-07-27 00:12:52 GSD insert 第 1 次 等待 3 秒
2021-07-27 00:12:55 {"status":"ok","gid":407243,"msg":"添加成功！"}
2021-07-27 00:12:55 下次操作: 2021-07-27 00:13:18

2021-07-27 00:13:18 开始第 26 次操作

2021-07-27 00:13:18 开始操作号码 【1536326】
2021-07-27 00:13:23 GSD getOne 第 1 次 等待 3 秒
2021-07-27 00:13:26 查询号码 【1536326】，返回信息 {"status":"bad","msg":""}
2021-07-27 00:13:26 查询号码 【1536326】，GSD为【""】
2021-07-27 00:13:26 bad
2021-07-27 00:13:28 CHB 1536326?1627316006 第 1 次 等待 3 秒
2021-07-27 00:13:31 CHB 1536326?1627316006 第 1 次 获取到号码【1536326】GSD
2021-07-27 00:13:31 获取到号码【1536326】的GSD为【广东-韶关】
2021-07-27 00:14:40 GSD insert 第 1 次 等待 3 秒
2021-07-27 00:14:43 {"status":"ok","gid":407259,"msg":"添加成功！"}
2021-07-27 00:14:43 下次操作: 2021-07-27 00:15:01

2021-07-27 00:15:01 开始第 27 次操作

2021-07-27 00:15:01 开始操作号码 【1536325】
2021-07-27 00:15:06 GSD getOne 第 1 次 等待 3 秒
2021-07-27 00:15:09 查询号码 【1536325】，返回信息 {"status":"bad","msg":""}
2021-07-27 00:15:09 查询号码 【1536325】，GSD为【""】
2021-07-27 00:15:09 bad
2021-07-27 00:15:11 CHB 1536325?1627316109 第 1 次 等待 3 秒
2021-07-27 00:15:14 CHB 1536325?1627316109 第 1 次 获取到号码【1536325】GSD
2021-07-27 00:15:14 获取到号码【1536325】的GSD为【广东-韶关】
2021-07-27 00:15:56 GSD insert 第 1 次 等待 3 秒
2021-07-27 00:15:59 {"status":"ok","gid":407266,"msg":"添加成功！"}
2021-07-27 00:15:59 下次操作: 2021-07-27 00:16:16

2021-07-27 00:16:16 开始第 28 次操作

2021-07-27 00:16:16 开始操作号码 【1536324】
2021-07-27 00:16:24 GSD getOne 第 1 次 等待 3 秒
2021-07-27 00:16:27 查询号码 【1536324】，返回信息 {"status":"bad","msg":""}
2021-07-27 00:16:27 查询号码 【1536324】，GSD为【""】
2021-07-27 00:16:27 bad
2021-07-27 00:16:28 CHB 1536324?1627316187 第 1 次 等待 3 秒
2021-07-27 00:16:31 CHB 1536324?1627316187 第 1 次 获取到号码【1536324】GSD
2021-07-27 00:16:31 获取到号码【1536324】的GSD为【广东-韶关】
2021-07-27 00:16:50 GSD insert 第 1 次 等待 3 秒
2021-07-27 00:16:53 {"status":"ok","gid":407270,"msg":"添加成功！"}
2021-07-27 00:16:53 下次操作: 2021-07-27 00:17:14

2021-07-27 00:17:14 开始第 29 次操作

2021-07-27 00:17:14 开始操作号码 【1536323】
2021-07-27 00:17:16 GSD getOne 第 1 次 等待 3 秒
2021-07-27 00:17:19 查询号码 【1536323】，返回信息 {"status":"bad","msg":""}
2021-07-27 00:17:19 查询号码 【1536323】，GSD为【""】
2021-07-27 00:17:19 bad
2021-07-27 00:17:21 CHB 1536323?1627316239 第 1 次 等待 3 秒
2021-07-27 00:17:24 CHB 1536323?1627316239 第 1 次 获取到号码【1536323】GSD
2021-07-27 00:17:24 获取到号码【1536323】的GSD为【广东-韶关】
2021-07-27 00:17:46 GSD insert 第 1 次 等待 3 秒
2021-07-27 00:17:49 {"status":"ok","gid":407276,"msg":"添加成功！"}
2021-07-27 00:17:49 下次操作: 2021-07-27 00:18:07

2021-07-27 00:18:07 开始第 30 次操作

2021-07-27 00:18:07 开始操作号码 【1536322】
2021-07-27 00:18:14 GSD getOne 第 1 次 等待 3 秒
2021-07-27 00:18:17 查询号码 【1536322】，返回信息 {"status":"bad","msg":""}
2021-07-27 00:18:17 查询号码 【1536322】，GSD为【""】
2021-07-27 00:18:17 bad
2021-07-27 00:18:19 CHB 1536322?1627316297 第 1 次 等待 3 秒
2021-07-27 00:18:22 CHB 1536322?1627316297 第 1 次 获取到号码【1536322】GSD
2021-07-27 00:18:22 获取到号码【1536322】的GSD为【广东-韶关】
2021-07-27 00:18:41 GSD insert 第 1 次 等待 3 秒
2021-07-27 00:18:44 {"status":"ok","gid":407282,"msg":"添加成功！"}
2021-07-27 00:18:44 下次操作: 2021-07-27 00:18:59

2021-07-27 00:18:59 开始第 31 次操作

2021-07-27 00:18:59 开始操作号码 【1536321】
2021-07-27 00:19:04 GSD getOne 第 1 次 等待 3 秒
2021-07-27 00:19:07 查询号码 【1536321】，返回信息 {"status":"bad","msg":""}
2021-07-27 00:19:07 查询号码 【1536321】，GSD为【""】
2021-07-27 00:19:07 bad
2021-07-27 00:19:09 CHB 1536321?1627316347 第 1 次 等待 3 秒
2021-07-27 00:19:12 CHB 1536321?1627316347 第 1 次 获取到号码【1536321】GSD
2021-07-27 00:19:12 获取到号码【1536321】的GSD为【广东-韶关】
2021-07-27 00:19:24 GSD insert 第 1 次 等待 3 秒
2021-07-27 00:19:27 {"status":"ok","gid":407284,"msg":"添加成功！"}
2021-07-27 00:19:27 下次操作: 2021-07-27 00:19:48

2021-07-27 00:19:48 开始第 32 次操作

2021-07-27 00:19:48 开始操作号码 【1536320】
2021-07-27 00:19:56 GSD getOne 第 1 次 等待 3 秒
2021-07-27 00:19:59 查询号码 【1536320】，返回信息 {"status":"bad","msg":""}
2021-07-27 00:19:59 查询号码 【1536320】，GSD为【""】
2021-07-27 00:19:59 bad
2021-07-27 00:20:01 CHB 1536320?1627316399 第 1 次 等待 3 秒
2021-07-27 00:20:04 CHB 1536320?1627316399 第 1 次 获取到号码【1536320】GSD
2021-07-27 00:20:04 获取到号码【1536320】的GSD为【广东-韶关】
2021-07-27 00:20:23 GSD insert 第 1 次 等待 3 秒
2021-07-27 00:20:26 {"status":"ok","gid":407287,"msg":"添加成功！"}
2021-07-27 00:20:26 下次操作: 2021-07-27 00:20:43

2021-07-27 00:20:43 开始第 33 次操作

2021-07-27 00:20:43 开始操作号码 【1536319】
2021-07-27 00:20:46 GSD getOne 第 1 次 等待 3 秒
2021-07-27 00:20:49 查询号码 【1536319】，返回信息 {"status":"bad","msg":""}
2021-07-27 00:20:49 查询号码 【1536319】，GSD为【""】
2021-07-27 00:20:49 bad
2021-07-27 00:20:50 CHB 1536319?1627316449 第 1 次 等待 3 秒
2021-07-27 00:20:53 CHB 1536319?1627316449 第 1 次 获取到号码【1536319】GSD
2021-07-27 00:20:53 获取到号码【1536319】的GSD为【广东-茂名】
2021-07-27 00:21:12 GSD insert 第 1 次 等待 3 秒
2021-07-27 00:21:15 {"status":"ok","gid":407291,"msg":"添加成功！"}
2021-07-27 00:21:15 下次操作: 2021-07-27 00:21:33

2021-07-27 00:21:33 开始第 34 次操作

2021-07-27 00:21:33 开始操作号码 【1536318】
2021-07-27 00:21:42 GSD getOne 第 1 次 等待 3 秒
2021-07-27 00:21:45 查询号码 【1536318】，返回信息 {"status":"bad","msg":""}
2021-07-27 00:21:45 查询号码 【1536318】，GSD为【""】
2021-07-27 00:21:45 bad
2021-07-27 00:21:46 CHB 1536318?1627316505 第 1 次 等待 3 秒
2021-07-27 00:21:49 CHB 1536318?1627316505 第 1 次 获取到号码【1536318】GSD
2021-07-27 00:21:49 获取到号码【1536318】的GSD为【广东-茂名】
2021-07-27 00:22:08 GSD insert 第 1 次 等待 3 秒
2021-07-27 00:22:11 {"status":"ok","gid":407294,"msg":"添加成功！"}
2021-07-27 00:22:11 下次操作: 2021-07-27 00:22:27

2021-07-27 00:22:27 开始第 35 次操作

2021-07-27 00:22:27 开始操作号码 【1536317】
2021-07-27 00:22:30 GSD getOne 第 1 次 等待 3 秒
2021-07-27 00:22:33 查询号码 【1536317】，返回信息 {"status":"bad","msg":""}
2021-07-27 00:22:33 查询号码 【1536317】，GSD为【""】
2021-07-27 00:22:33 bad
2021-07-27 00:22:35 CHB 1536317?1627316553 第 1 次 等待 3 秒
2021-07-27 00:22:38 CHB 1536317?1627316553 第 1 次 获取到号码【1536317】GSD
2021-07-27 00:22:38 获取到号码【1536317】的GSD为【广东-茂名】
2021-07-27 00:22:56 GSD insert 第 1 次 等待 3 秒
2021-07-27 00:22:59 {"status":"ok","gid":407297,"msg":"添加成功！"}
2021-07-27 00:22:59 下次操作: 2021-07-27 00:23:16

2021-07-27 00:23:16 开始第 36 次操作

2021-07-27 00:23:16 开始操作号码 【1536316】
2021-07-27 00:23:26 GSD getOne 第 1 次 等待 3 秒
2021-07-27 00:23:29 查询号码 【1536316】，返回信息 {"status":"bad","msg":""}
2021-07-27 00:23:29 查询号码 【1536316】，GSD为【""】
2021-07-27 00:23:29 bad
2021-07-27 00:23:31 CHB 1536316?1627316609 第 1 次 等待 3 秒
2021-07-27 00:23:34 CHB 1536316?1627316609 第 1 次 获取到号码【1536316】GSD
2021-07-27 00:23:34 获取到号码【1536316】的GSD为【广东-茂名】
2021-07-27 00:23:55 GSD insert 第 1 次 等待 3 秒
2021-07-27 00:23:58 {"status":"ok","gid":407302,"msg":"添加成功！"}
2021-07-27 00:23:58 下次操作: 2021-07-27 00:24:17

2021-07-27 00:24:17 开始第 37 次操作

2021-07-27 00:24:17 开始操作号码 【1536315】
2021-07-27 00:24:20 GSD getOne 第 1 次 等待 3 秒
2021-07-27 00:24:23 查询号码 【1536315】，返回信息 {"status":"bad","msg":""}
2021-07-27 00:24:23 查询号码 【1536315】，GSD为【""】
2021-07-27 00:24:23 bad
2021-07-27 00:24:25 CHB 1536315?1627316663 第 1 次 等待 3 秒
2021-07-27 00:24:28 CHB 1536315?1627316663 第 1 次 获取到号码【1536315】GSD
2021-07-27 00:24:28 获取到号码【1536315】的GSD为【广东-茂名】
2021-07-27 00:24:48 GSD insert 第 1 次 等待 3 秒
2021-07-27 00:24:51 {"status":"ok","gid":407303,"msg":"添加成功！"}
2021-07-27 00:24:51 下次操作: 2021-07-27 00:25:10

2021-07-27 00:25:10 开始第 38 次操作

2021-07-27 00:25:10 开始操作号码 【1536314】
2021-07-27 00:25:15 GSD getOne 第 1 次 等待 3 秒
2021-07-27 00:25:18 查询号码 【1536314】，返回信息 {"status":"bad","msg":""}
2021-07-27 00:25:18 查询号码 【1536314】，GSD为【""】
2021-07-27 00:25:18 bad
2021-07-27 00:25:20 CHB 1536314?1627316718 第 1 次 等待 3 秒
2021-07-27 00:25:23 CHB 1536314?1627316718 第 1 次 获取到号码【1536314】GSD
2021-07-27 00:25:23 获取到号码【1536314】的GSD为【广东-茂名】
2021-07-27 00:25:44 GSD insert 第 1 次 等待 3 秒
2021-07-27 00:25:47 {"status":"ok","gid":407308,"msg":"添加成功！"}
2021-07-27 00:25:47 下次操作: 2021-07-27 00:26:02

2021-07-27 00:26:02 开始第 39 次操作

2021-07-27 00:26:02 开始操作号码 【1536313】
2021-07-27 00:26:08 GSD getOne 第 1 次 等待 3 秒
2021-07-27 00:26:11 查询号码 【1536313】，返回信息 {"status":"bad","msg":""}
2021-07-27 00:26:11 查询号码 【1536313】，GSD为【""】
2021-07-27 00:26:11 bad
2021-07-27 00:26:13 CHB 1536313?1627316771 第 1 次 等待 3 秒
2021-07-27 00:26:16 CHB 1536313?1627316771 第 1 次 获取到号码【1536313】GSD
2021-07-27 00:26:16 获取到号码【1536313】的GSD为【广东-茂名】
2021-07-27 00:26:34 GSD insert 第 1 次 等待 3 秒
2021-07-27 00:26:37 {"status":"ok","gid":407310,"msg":"添加成功！"}
2021-07-27 00:26:37 下次操作: 2021-07-27 00:26:50

2021-07-27 00:26:50 开始第 40 次操作

2021-07-27 00:26:50 开始操作号码 【1536312】
2021-07-27 00:26:54 GSD getOne 第 1 次 等待 3 秒
2021-07-27 00:26:57 查询号码 【1536312】，返回信息 {"status":"bad","msg":""}
2021-07-27 00:26:57 查询号码 【1536312】，GSD为【""】
2021-07-27 00:26:57 bad
2021-07-27 00:26:59 CHB 1536312?1627316817 第 1 次 等待 3 秒
2021-07-27 00:27:02 CHB 1536312?1627316817 第 1 次 获取到号码【1536312】GSD
2021-07-27 00:27:02 获取到号码【1536312】的GSD为【广东-茂名】
2021-07-27 00:27:21 GSD insert 第 1 次 等待 3 秒
2021-07-27 00:27:24 {"status":"ok","gid":407314,"msg":"添加成功！"}

2021-07-27 01:03:35 开始第 1 次操作

2021-07-27 01:03:35 开始操作号码 【1536311】
2021-07-27 01:03:39 GSD getOne 第 1 次 等待 3 秒
2021-07-27 01:03:42 查询号码 【1536311】，返回信息 {"status":"bad","msg":""}
2021-07-27 01:03:42 查询号码 【1536311】，GSD为【""】
2021-07-27 01:03:42 bad
2021-07-27 01:03:44 CHB 1536311?1627319022 第 1 次 等待 3 秒
2021-07-27 01:03:47 CHB 1536311?1627319022 第 1 次 获取到号码【1536311】GSD
2021-07-27 01:03:47 获取到号码【1536311】的GSD为【广东-茂名】
2021-07-27 01:03:50 GSD insert 第 1 次 等待 3 秒
2021-07-27 01:03:53 {"status":"ok","gid":407407,"msg":"添加成功！"}
2021-07-27 01:03:53 下次操作: 2021-07-27 01:04:15

2021-07-27 01:04:15 开始第 2 次操作

2021-07-27 01:04:15 开始操作号码 【1536310】
2021-07-27 01:04:18 GSD getOne 第 1 次 等待 3 秒
2021-07-27 01:04:21 查询号码 【1536310】，返回信息 {"status":"bad","msg":""}
2021-07-27 01:04:21 查询号码 【1536310】，GSD为【""】
2021-07-27 01:04:21 bad
2021-07-27 01:04:22 CHB 1536310?1627319061 第 1 次 等待 3 秒
2021-07-27 01:04:25 CHB 1536310?1627319061 第 1 次 获取到号码【1536310】GSD
2021-07-27 01:04:25 获取到号码【1536310】的GSD为【广东-茂名】
2021-07-27 01:04:28 GSD insert 第 1 次 等待 3 秒
2021-07-27 01:04:31 {"status":"ok","gid":407416,"msg":"添加成功！"}
2021-07-27 01:04:31 下次操作: 2021-07-27 01:04:47

2021-07-27 01:04:47 开始第 3 次操作

2021-07-27 01:04:47 开始操作号码 【1536309】
2021-07-27 01:04:49 GSD getOne 第 1 次 等待 3 秒
2021-07-27 01:04:52 查询号码 【1536309】，返回信息 {"status":"bad","msg":""}
2021-07-27 01:04:53 查询号码 【1536309】，GSD为【""】
2021-07-27 01:04:53 bad
2021-07-27 01:04:54 CHB 1536309?1627319093 第 1 次 等待 3 秒
2021-07-27 01:04:57 CHB 1536309?1627319093 第 1 次 获取到号码【1536309】GSD
2021-07-27 01:04:57 获取到号码【1536309】的GSD为【广东-佛山】
2021-07-27 01:05:00 GSD insert 第 1 次 等待 3 秒
2021-07-27 01:05:03 {"status":"ok","gid":407425,"msg":"添加成功！"}
2021-07-27 01:05:03 下次操作: 2021-07-27 01:05:27

2021-07-27 01:05:27 开始第 4 次操作

2021-07-27 01:05:27 开始操作号码 【1536308】
2021-07-27 01:05:29 GSD getOne 第 1 次 等待 3 秒
2021-07-27 01:05:32 查询号码 【1536308】，返回信息 {"status":"bad","msg":""}
2021-07-27 01:05:32 查询号码 【1536308】，GSD为【""】
2021-07-27 01:05:32 bad
2021-07-27 01:05:34 CHB 1536308?1627319132 第 1 次 等待 3 秒
2021-07-27 01:05:37 CHB 1536308?1627319132 第 1 次 获取到号码【1536308】GSD
2021-07-27 01:05:37 获取到号码【1536308】的GSD为【广东-佛山】
2021-07-27 01:05:41 GSD insert 第 1 次 等待 3 秒
2021-07-27 01:05:44 {"status":"ok","gid":407434,"msg":"添加成功！"}
2021-07-27 01:05:44 下次操作: 2021-07-27 01:05:59

2021-07-27 01:05:59 开始第 5 次操作

2021-07-27 01:05:59 开始操作号码 【1536307】
2021-07-27 01:06:03 GSD getOne 第 1 次 等待 3 秒
2021-07-27 01:06:06 查询号码 【1536307】，返回信息 {"status":"bad","msg":""}
2021-07-27 01:06:06 查询号码 【1536307】，GSD为【""】
2021-07-27 01:06:06 bad
2021-07-27 01:06:07 CHB 1536307?1627319166 第 1 次 等待 3 秒
2021-07-27 01:06:10 CHB 1536307?1627319166 第 1 次 获取到号码【1536307】GSD
2021-07-27 01:06:10 获取到号码【1536307】的GSD为【广东-佛山】
2021-07-27 01:06:13 GSD insert 第 1 次 等待 3 秒
2021-07-27 01:06:16 {"status":"ok","gid":407443,"msg":"添加成功！"}
2021-07-27 01:06:16 下次操作: 2021-07-27 01:06:35

2021-07-27 01:06:35 开始第 6 次操作

2021-07-27 01:06:35 开始操作号码 【1536306】
2021-07-27 01:06:38 GSD getOne 第 1 次 等待 3 秒
2021-07-27 01:06:41 查询号码 【1536306】，返回信息 {"status":"bad","msg":""}
2021-07-27 01:06:41 查询号码 【1536306】，GSD为【""】
2021-07-27 01:06:41 bad
2021-07-27 01:06:43 CHB 1536306?1627319201 第 1 次 等待 3 秒
2021-07-27 01:06:46 CHB 1536306?1627319201 第 1 次 获取到号码【1536306】GSD
2021-07-27 01:06:46 获取到号码【1536306】的GSD为【广东-佛山】
2021-07-27 01:06:48 GSD insert 第 1 次 等待 3 秒
2021-07-27 01:06:51 {"status":"ok","gid":407451,"msg":"添加成功！"}
2021-07-27 01:06:51 下次操作: 2021-07-27 01:07:06

2021-07-27 01:07:06 开始第 7 次操作

2021-07-27 01:07:06 开始操作号码 【1536305】
2021-07-27 01:07:09 GSD getOne 第 1 次 等待 3 秒
2021-07-27 01:07:12 查询号码 【1536305】，返回信息 {"status":"bad","msg":""}
2021-07-27 01:07:12 查询号码 【1536305】，GSD为【""】
2021-07-27 01:07:12 bad
2021-07-27 01:07:13 CHB 1536305?1627319232 第 1 次 等待 3 秒
2021-07-27 01:07:16 CHB 1536305?1627319232 第 1 次 获取到号码【1536305】GSD
2021-07-27 01:07:16 获取到号码【1536305】的GSD为【广东-佛山】
2021-07-27 01:07:19 GSD insert 第 1 次 等待 3 秒
2021-07-27 01:07:22 {"status":"ok","gid":407458,"msg":"添加成功！"}
2021-07-27 01:07:22 下次操作: 2021-07-27 01:07:45

2021-07-27 01:07:45 开始第 8 次操作

2021-07-27 01:07:45 开始操作号码 【1536304】
2021-07-27 01:07:49 GSD getOne 第 1 次 等待 3 秒
2021-07-27 01:07:52 查询号码 【1536304】，返回信息 {"status":"bad","msg":""}
2021-07-27 01:07:52 查询号码 【1536304】，GSD为【""】
2021-07-27 01:07:52 bad
2021-07-27 01:07:53 CHB 1536304?1627319272 第 1 次 等待 3 秒
2021-07-27 01:07:56 CHB 1536304?1627319272 第 1 次 获取到号码【1536304】GSD
2021-07-27 01:07:56 获取到号码【1536304】的GSD为【广东-佛山】
2021-07-27 01:08:01 GSD insert 第 1 次 等待 3 秒
2021-07-27 01:08:04 {"status":"ok","gid":407467,"msg":"添加成功！"}
2021-07-27 01:08:04 下次操作: 2021-07-27 01:08:18

2021-07-27 01:08:18 开始第 9 次操作

2021-07-27 01:08:18 开始操作号码 【1536303】
2021-07-27 01:08:24 GSD getOne 第 1 次 等待 3 秒
2021-07-27 01:08:27 查询号码 【1536303】，返回信息 {"status":"bad","msg":""}
2021-07-27 01:08:27 查询号码 【1536303】，GSD为【""】
2021-07-27 01:08:27 bad
2021-07-27 01:08:29 CHB 1536303?1627319307 第 1 次 等待 3 秒
2021-07-27 01:08:32 CHB 1536303?1627319307 第 1 次 获取到号码【1536303】GSD
2021-07-27 01:08:32 获取到号码【1536303】的GSD为【广东-佛山】
2021-07-27 01:08:34 GSD insert 第 1 次 等待 3 秒
2021-07-27 01:08:37 {"status":"ok","gid":407478,"msg":"添加成功！"}
2021-07-27 01:08:37 下次操作: 2021-07-27 01:08:50

2021-07-27 01:08:50 开始第 10 次操作

2021-07-27 01:08:50 开始操作号码 【1536302】
2021-07-27 01:08:53 GSD getOne 第 1 次 等待 3 秒
2021-07-27 01:08:56 查询号码 【1536302】，返回信息 {"status":"bad","msg":""}
2021-07-27 01:08:56 查询号码 【1536302】，GSD为【""】
2021-07-27 01:08:56 bad
2021-07-27 01:08:58 CHB 1536302?1627319336 第 1 次 等待 3 秒
2021-07-27 01:09:01 CHB 1536302?1627319336 第 1 次 获取到号码【1536302】GSD
2021-07-27 01:09:01 获取到号码【1536302】的GSD为【广东-佛山】
2021-07-27 01:09:05 GSD insert 第 1 次 等待 3 秒
2021-07-27 01:09:08 {"status":"ok","gid":407485,"msg":"添加成功！"}
2021-07-27 01:09:08 下次操作: 2021-07-27 01:09:25

2021-07-27 01:09:25 开始第 11 次操作

2021-07-27 01:09:25 开始操作号码 【1536301】
2021-07-27 01:09:27 GSD getOne 第 1 次 等待 3 秒
2021-07-27 01:09:30 查询号码 【1536301】，返回信息 {"status":"bad","msg":""}
2021-07-27 01:09:31 查询号码 【1536301】，GSD为【""】
2021-07-27 01:09:31 bad
2021-07-27 01:09:32 CHB 1536301?1627319371 第 1 次 等待 3 秒
2021-07-27 01:09:35 CHB 1536301?1627319371 第 1 次 获取到号码【1536301】GSD
2021-07-27 01:09:35 获取到号码【1536301】的GSD为【广东-佛山】
2021-07-27 01:09:37 GSD insert 第 1 次 等待 3 秒
2021-07-27 01:09:40 {"status":"ok","gid":407492,"msg":"添加成功！"}
2021-07-27 01:09:40 下次操作: 2021-07-27 01:10:01

2021-07-27 01:10:02 开始第 12 次操作

2021-07-27 01:10:02 开始操作号码 【1536300】
2021-07-27 01:10:05 GSD getOne 第 1 次 等待 3 秒
2021-07-27 01:10:08 查询号码 【1536300】，返回信息 {"status":"bad","msg":""}
2021-07-27 01:10:08 查询号码 【1536300】，GSD为【""】
2021-07-27 01:10:08 bad
2021-07-27 01:10:09 CHB 1536300?1627319408 第 1 次 等待 3 秒
2021-07-27 01:10:12 CHB 1536300?1627319408 第 1 次 获取到号码【1536300】GSD
2021-07-27 01:10:12 获取到号码【1536300】的GSD为【广东-佛山】
2021-07-27 01:10:15 GSD insert 第 1 次 等待 3 秒
2021-07-27 01:10:18 {"status":"ok","gid":407501,"msg":"添加成功！"}
2021-07-27 01:10:18 下次操作: 2021-07-27 01:10:31

2021-07-27 01:10:31 开始第 13 次操作

2021-07-27 01:10:31 开始操作号码 【1536299】
2021-07-27 01:10:33 GSD getOne 第 1 次 等待 3 秒
2021-07-27 01:10:36 查询号码 【1536299】，返回信息 {"status":"bad","msg":""}
2021-07-27 01:10:36 查询号码 【1536299】，GSD为【""】
2021-07-27 01:10:36 bad
2021-07-27 01:10:38 CHB 1536299?1627319436 第 1 次 等待 3 秒
2021-07-27 01:10:41 CHB 1536299?1627319436 第 1 次 获取到号码【1536299】GSD
2021-07-27 01:10:41 获取到号码【1536299】的GSD为【广东-中山】
2021-07-27 01:10:46 GSD insert 第 1 次 等待 3 秒
2021-07-27 01:10:49 {"status":"ok","gid":407511,"msg":"添加成功！"}
2021-07-27 01:10:49 下次操作: 2021-07-27 01:11:09

2021-07-27 01:11:09 开始第 14 次操作

2021-07-27 01:11:09 开始操作号码 【1536298】
2021-07-27 01:11:14 GSD getOne 第 1 次 等待 3 秒
2021-07-27 01:11:17 查询号码 【1536298】，返回信息 {"status":"bad","msg":""}
2021-07-27 01:11:17 查询号码 【1536298】，GSD为【""】
2021-07-27 01:11:17 bad
2021-07-27 01:11:18 CHB 1536298?1627319477 第 1 次 等待 3 秒
2021-07-27 01:11:21 CHB 1536298?1627319477 第 1 次 获取到号码【1536298】GSD
2021-07-27 01:11:22 获取到号码【1536298】的GSD为【广东-中山】
2021-07-27 01:11:27 GSD insert 第 1 次 等待 3 秒
2021-07-27 01:11:30 {"status":"ok","gid":407519,"msg":"添加成功！"}
2021-07-27 01:11:30 下次操作: 2021-07-27 01:11:43

2021-07-27 01:11:43 开始第 15 次操作

2021-07-27 01:11:43 开始操作号码 【1536297】
2021-07-27 01:11:46 GSD getOne 第 1 次 等待 3 秒
2021-07-27 01:11:49 查询号码 【1536297】，返回信息 {"status":"bad","msg":""}
2021-07-27 01:11:49 查询号码 【1536297】，GSD为【""】
2021-07-27 01:11:49 bad
2021-07-27 01:11:50 CHB 1536297?1627319509 第 1 次 等待 3 秒
2021-07-27 01:11:53 CHB 1536297?1627319509 第 1 次 获取到号码【1536297】GSD
2021-07-27 01:11:53 获取到号码【1536297】的GSD为【广东-中山】
2021-07-27 01:11:58 GSD insert 第 1 次 等待 3 秒
2021-07-27 01:12:02 {"status":"ok","gid":407528,"msg":"添加成功！"}
2021-07-27 01:12:02 下次操作: 2021-07-27 01:12:21

2021-07-27 01:12:21 开始第 16 次操作

2021-07-27 01:12:21 开始操作号码 【1536296】
2021-07-27 01:12:25 GSD getOne 第 1 次 等待 3 秒
2021-07-27 01:12:28 查询号码 【1536296】，返回信息 {"status":"bad","msg":""}
2021-07-27 01:12:28 查询号码 【1536296】，GSD为【""】
2021-07-27 01:12:28 bad
2021-07-27 01:12:29 CHB 1536296?1627319548 第 1 次 等待 3 秒
2021-07-27 01:12:32 CHB 1536296?1627319548 第 1 次 获取到号码【1536296】GSD
2021-07-27 01:12:32 获取到号码【1536296】的GSD为【广东-中山】
2021-07-27 01:12:36 GSD insert 第 1 次 等待 3 秒
2021-07-27 01:12:39 {"status":"ok","gid":407537,"msg":"添加成功！"}
2021-07-27 01:12:39 下次操作: 2021-07-27 01:13:00

2021-07-27 01:13:00 开始第 17 次操作

2021-07-27 01:13:00 开始操作号码 【1536295】
2021-07-27 01:13:02 GSD getOne 第 1 次 等待 3 秒
2021-07-27 01:13:05 查询号码 【1536295】，返回信息 {"status":"ok","msg":"广东-中山","gid":"21193","time_insert":"2017-04-19 11:23","time_update":"2020-09-29 18:09"}
2021-07-27 01:13:05 查询号码 【1536295】，GSD为【"广东-中山"】

2021-07-27 01:13:05 开始第 17 次操作

2021-07-27 01:13:05 开始操作号码 【1536294】
2021-07-27 01:13:08 GSD getOne 第 1 次 等待 3 秒
2021-07-27 01:13:11 查询号码 【1536294】，返回信息 {"status":"bad","msg":""}
2021-07-27 01:13:11 查询号码 【1536294】，GSD为【""】
2021-07-27 01:13:11 bad
2021-07-27 01:13:13 CHB 1536294?1627319591 第 1 次 等待 3 秒
2021-07-27 01:13:16 CHB 1536294?1627319591 第 1 次 获取到号码【1536294】GSD
2021-07-27 01:13:16 获取到号码【1536294】的GSD为【广东-中山】
2021-07-27 01:13:18 GSD insert 第 1 次 等待 3 秒
2021-07-27 01:13:21 {"status":"ok","gid":407548,"msg":"添加成功！"}
2021-07-27 01:13:21 下次操作: 2021-07-27 01:13:38

2021-07-27 01:13:38 开始第 18 次操作

2021-07-27 01:13:38 开始操作号码 【1536293】
2021-07-27 01:13:41 GSD getOne 第 1 次 等待 3 秒
2021-07-27 01:13:44 查询号码 【1536293】，返回信息 {"status":"bad","msg":""}
2021-07-27 01:13:45 查询号码 【1536293】，GSD为【""】
2021-07-27 01:13:45 bad
2021-07-27 01:13:46 CHB 1536293?1627319625 第 1 次 等待 3 秒
2021-07-27 01:13:49 CHB 1536293?1627319625 第 1 次 获取到号码【1536293】GSD
2021-07-27 01:13:49 获取到号码【1536293】的GSD为【广东-中山】
2021-07-27 01:13:52 GSD insert 第 1 次 等待 3 秒
2021-07-27 01:13:55 {"status":"ok","gid":407558,"msg":"添加成功！"}
2021-07-27 01:13:55 下次操作: 2021-07-27 01:14:11

2021-07-27 01:14:11 开始第 19 次操作

2021-07-27 01:14:11 开始操作号码 【1536292】
2021-07-27 01:14:13 GSD getOne 第 1 次 等待 3 秒
2021-07-27 01:14:16 查询号码 【1536292】，返回信息 {"status":"bad","msg":""}
2021-07-27 01:14:16 查询号码 【1536292】，GSD为【""】
2021-07-27 01:14:16 bad
2021-07-27 01:14:18 CHB 1536292?1627319656 第 1 次 等待 3 秒
2021-07-27 01:14:21 CHB 1536292?1627319656 第 1 次 获取到号码【1536292】GSD
2021-07-27 01:14:21 获取到号码【1536292】的GSD为【广东-中山】
2021-07-27 01:14:23 GSD insert 第 1 次 等待 3 秒
2021-07-27 01:14:26 {"status":"ok","gid":407566,"msg":"添加成功！"}
2021-07-27 01:14:26 下次操作: 2021-07-27 01:14:41

2021-07-27 01:14:41 开始第 20 次操作

2021-07-27 01:14:41 开始操作号码 【1536291】
2021-07-27 01:14:44 GSD getOne 第 1 次 等待 3 秒
2021-07-27 01:14:47 查询号码 【1536291】，返回信息 {"status":"bad","msg":""}
2021-07-27 01:14:47 查询号码 【1536291】，GSD为【""】
2021-07-27 01:14:47 bad
2021-07-27 01:14:48 CHB 1536291?1627319687 第 1 次 等待 3 秒
2021-07-27 01:14:51 CHB 1536291?1627319687 第 1 次 获取到号码【1536291】GSD
2021-07-27 01:14:52 获取到号码【1536291】的GSD为【广东-中山】
2021-07-27 01:14:54 GSD insert 第 1 次 等待 3 秒
2021-07-27 01:14:57 {"status":"ok","gid":407575,"msg":"添加成功！"}
2021-07-27 01:14:57 下次操作: 2021-07-27 01:15:13

2021-07-27 01:15:13 开始第 21 次操作

2021-07-27 01:15:13 开始操作号码 【1536290】
2021-07-27 01:15:19 GSD getOne 第 1 次 等待 3 秒
2021-07-27 01:15:22 查询号码 【1536290】，返回信息 {"status":"bad","msg":""}
2021-07-27 01:15:22 查询号码 【1536290】，GSD为【""】
2021-07-27 01:15:22 bad
2021-07-27 01:15:23 CHB 1536290?1627319722 第 1 次 等待 3 秒
2021-07-27 01:15:26 CHB 1536290?1627319722 第 1 次 获取到号码【1536290】GSD
2021-07-27 01:15:26 获取到号码【1536290】的GSD为【广东-中山】
2021-07-27 01:15:29 GSD insert 第 1 次 等待 3 秒
2021-07-27 01:15:32 {"status":"ok","gid":407583,"msg":"添加成功！"}
2021-07-27 01:15:32 下次操作: 2021-07-27 01:15:51

2021-07-27 01:15:51 开始第 22 次操作

2021-07-27 01:15:51 开始操作号码 【1536289】
2021-07-27 01:15:53 GSD getOne 第 1 次 等待 3 秒
2021-07-27 01:15:56 查询号码 【1536289】，返回信息 {"status":"bad","msg":""}
2021-07-27 01:15:56 查询号码 【1536289】，GSD为【""】
2021-07-27 01:15:56 bad
2021-07-27 01:15:58 CHB 1536289?1627319756 第 1 次 等待 3 秒
2021-07-27 01:16:01 CHB 1536289?1627319756 第 1 次 获取到号码【1536289】GSD
2021-07-27 01:16:01 获取到号码【1536289】的GSD为【广东-东莞】
2021-07-27 01:16:06 GSD insert 第 1 次 等待 3 秒
2021-07-27 01:16:09 {"status":"ok","gid":407591,"msg":"添加成功！"}
2021-07-27 01:16:09 下次操作: 2021-07-27 01:16:33

2021-07-27 01:16:33 开始第 23 次操作

2021-07-27 01:16:33 开始操作号码 【1536288】
2021-07-27 01:16:35 GSD getOne 第 1 次 等待 3 秒
2021-07-27 01:16:38 查询号码 【1536288】，返回信息 {"status":"bad","msg":""}
2021-07-27 01:16:38 查询号码 【1536288】，GSD为【""】
2021-07-27 01:16:38 bad
2021-07-27 01:16:40 CHB 1536288?1627319798 第 1 次 等待 3 秒
2021-07-27 01:16:43 CHB 1536288?1627319798 第 1 次 获取到号码【1536288】GSD
2021-07-27 01:16:43 获取到号码【1536288】的GSD为【广东-东莞】
2021-07-27 01:16:47 GSD insert 第 1 次 等待 3 秒
2021-07-27 01:16:50 {"status":"ok","gid":407599,"msg":"添加成功！"}
2021-07-27 01:16:50 下次操作: 2021-07-27 01:17:06

2021-07-27 01:17:06 开始第 24 次操作

2021-07-27 01:17:06 开始操作号码 【1536287】
2021-07-27 01:17:09 GSD getOne 第 1 次 等待 3 秒
2021-07-27 01:17:12 查询号码 【1536287】，返回信息 {"status":"bad","msg":""}
2021-07-27 01:17:12 查询号码 【1536287】，GSD为【""】
2021-07-27 01:17:12 bad
2021-07-27 01:17:13 CHB 1536287?1627319832 第 1 次 等待 3 秒
2021-07-27 01:17:16 CHB 1536287?1627319832 第 1 次 获取到号码【1536287】GSD
2021-07-27 01:17:16 获取到号码【1536287】的GSD为【广东-东莞】
2021-07-27 01:17:19 GSD insert 第 1 次 等待 3 秒
2021-07-27 01:17:22 {"status":"ok","gid":407608,"msg":"添加成功！"}
2021-07-27 01:17:22 下次操作: 2021-07-27 01:17:44

2021-07-27 01:17:44 开始第 25 次操作

2021-07-27 01:17:44 开始操作号码 【1536286】
2021-07-27 01:17:48 GSD getOne 第 1 次 等待 3 秒
2021-07-27 01:17:51 查询号码 【1536286】，返回信息 {"status":"bad","msg":""}
2021-07-27 01:17:51 查询号码 【1536286】，GSD为【""】
2021-07-27 01:17:51 bad
2021-07-27 01:17:53 CHB 1536286?1627319871 第 1 次 等待 3 秒
2021-07-27 01:17:56 CHB 1536286?1627319871 第 1 次 获取到号码【1536286】GSD
2021-07-27 01:17:56 获取到号码【1536286】的GSD为【广东-东莞】
2021-07-27 01:17:58 GSD insert 第 1 次 等待 3 秒
2021-07-27 01:18:01 {"status":"ok","gid":407618,"msg":"添加成功！"}
2021-07-27 01:18:01 下次操作: 2021-07-27 01:18:22

2021-07-27 01:18:22 开始第 26 次操作

2021-07-27 01:18:22 开始操作号码 【1536285】
2021-07-27 01:18:25 GSD getOne 第 1 次 等待 3 秒
2021-07-27 01:18:28 查询号码 【1536285】，返回信息 {"status":"bad","msg":""}
2021-07-27 01:18:28 查询号码 【1536285】，GSD为【""】
2021-07-27 01:18:28 bad
2021-07-27 01:18:29 CHB 1536285?1627319908 第 1 次 等待 3 秒
2021-07-27 01:18:32 CHB 1536285?1627319908 第 1 次 获取到号码【1536285】GSD
2021-07-27 01:18:32 获取到号码【1536285】的GSD为【广东-东莞】
2021-07-27 01:18:35 GSD insert 第 1 次 等待 3 秒
2021-07-27 01:18:38 {"status":"ok","gid":407626,"msg":"添加成功！"}
2021-07-27 01:18:38 下次操作: 2021-07-27 01:18:57

2021-07-27 01:18:57 开始第 27 次操作

2021-07-27 01:18:57 开始操作号码 【1536284】
2021-07-27 01:19:00 GSD getOne 第 1 次 等待 3 秒
2021-07-27 01:19:03 查询号码 【1536284】，返回信息 {"status":"bad","msg":""}
2021-07-27 01:19:03 查询号码 【1536284】，GSD为【""】
2021-07-27 01:19:03 bad
2021-07-27 01:19:04 CHB 1536284?1627319943 第 1 次 等待 3 秒
2021-07-27 01:19:07 CHB 1536284?1627319943 第 1 次 获取到号码【1536284】GSD
2021-07-27 01:19:07 获取到号码【1536284】的GSD为【广东-东莞】
2021-07-27 01:19:10 GSD insert 第 1 次 等待 3 秒
2021-07-27 01:19:13 {"status":"ok","gid":407635,"msg":"添加成功！"}
2021-07-27 01:19:13 下次操作: 2021-07-27 01:19:35

2021-07-27 01:19:35 开始第 28 次操作

2021-07-27 01:19:35 开始操作号码 【1536283】
2021-07-27 01:19:40 GSD getOne 第 1 次 等待 3 秒
2021-07-27 01:19:43 查询号码 【1536283】，返回信息 {"status":"bad","msg":""}
2021-07-27 01:19:43 查询号码 【1536283】，GSD为【""】
2021-07-27 01:19:43 bad
2021-07-27 01:19:45 CHB 1536283?1627319983 第 1 次 等待 3 秒
2021-07-27 01:19:48 CHB 1536283?1627319983 第 1 次 获取到号码【1536283】GSD
2021-07-27 01:19:48 获取到号码【1536283】的GSD为【广东-东莞】
2021-07-27 01:19:50 GSD insert 第 1 次 等待 3 秒
2021-07-27 01:19:53 {"status":"ok","gid":407645,"msg":"添加成功！"}
2021-07-27 01:19:53 下次操作: 2021-07-27 01:20:12

2021-07-27 01:20:12 开始第 29 次操作

2021-07-27 01:20:12 开始操作号码 【1536282】
2021-07-27 01:20:17 GSD getOne 第 1 次 等待 3 秒
2021-07-27 01:20:20 查询号码 【1536282】，返回信息 {"status":"bad","msg":""}
2021-07-27 01:20:20 查询号码 【1536282】，GSD为【""】
2021-07-27 01:20:20 bad
2021-07-27 01:20:21 CHB 1536282?1627320020 第 1 次 等待 3 秒
2021-07-27 01:20:24 CHB 1536282?1627320020 第 1 次 获取到号码【1536282】GSD
2021-07-27 01:20:24 获取到号码【1536282】的GSD为【广东-东莞】
2021-07-27 01:20:28 GSD insert 第 1 次 等待 3 秒
2021-07-27 01:20:31 {"status":"ok","gid":407654,"msg":"添加成功！"}
2021-07-27 01:20:31 下次操作: 2021-07-27 01:20:46

2021-07-27 01:20:46 开始第 30 次操作

2021-07-27 01:20:46 开始操作号码 【1536281】
2021-07-27 01:20:49 GSD getOne 第 1 次 等待 3 秒
2021-07-27 01:20:52 查询号码 【1536281】，返回信息 {"status":"bad","msg":""}
2021-07-27 01:20:52 查询号码 【1536281】，GSD为【""】
2021-07-27 01:20:52 bad
2021-07-27 01:20:53 CHB 1536281?1627320052 第 1 次 等待 3 秒
2021-07-27 01:20:56 CHB 1536281?1627320052 第 1 次 获取到号码【1536281】GSD
2021-07-27 01:20:56 获取到号码【1536281】的GSD为【广东-东莞】
2021-07-27 01:20:59 GSD insert 第 1 次 等待 3 秒
2021-07-27 01:21:02 {"status":"ok","gid":407664,"msg":"添加成功！"}
2021-07-27 01:21:02 下次操作: 2021-07-27 01:21:19

2021-07-27 01:21:19 开始第 31 次操作

2021-07-27 01:21:19 开始操作号码 【1536280】
2021-07-27 01:21:22 GSD getOne 第 1 次 等待 3 秒
2021-07-27 01:21:25 查询号码 【1536280】，返回信息 {"status":"bad","msg":""}
2021-07-27 01:21:25 查询号码 【1536280】，GSD为【""】
2021-07-27 01:21:25 bad
2021-07-27 01:21:26 CHB 1536280?1627320085 第 1 次 等待 3 秒
2021-07-27 01:21:29 CHB 1536280?1627320085 第 1 次 获取到号码【1536280】GSD
2021-07-27 01:21:29 获取到号码【1536280】的GSD为【广东-东莞】
2021-07-27 01:21:32 GSD insert 第 1 次 等待 3 秒
2021-07-27 01:21:35 {"status":"ok","gid":407673,"msg":"添加成功！"}
2021-07-27 01:21:35 下次操作: 2021-07-27 01:21:48

2021-07-27 01:21:48 开始第 32 次操作

2021-07-27 01:21:48 开始操作号码 【1536279】
2021-07-27 01:21:50 GSD getOne 第 1 次 等待 3 秒
2021-07-27 01:21:53 查询号码 【1536279】，返回信息 {"status":"bad","msg":""}
2021-07-27 01:21:53 查询号码 【1536279】，GSD为【""】
2021-07-27 01:21:53 bad
2021-07-27 01:21:55 CHB 1536279?1627320113 第 1 次 等待 3 秒
2021-07-27 01:21:58 CHB 1536279?1627320113 第 1 次 获取到号码【1536279】GSD
2021-07-27 01:21:58 获取到号码【1536279】的GSD为【广东-珠海】
2021-07-27 01:22:00 GSD insert 第 1 次 等待 3 秒
2021-07-27 01:22:03 {"status":"ok","gid":407680,"msg":"添加成功！"}
2021-07-27 01:22:03 下次操作: 2021-07-27 01:22:24

2021-07-27 01:22:24 开始第 33 次操作

2021-07-27 01:22:24 开始操作号码 【1536278】
2021-07-27 01:22:29 GSD getOne 第 1 次 等待 3 秒
2021-07-27 01:22:32 查询号码 【1536278】，返回信息 {"status":"bad","msg":""}
2021-07-27 01:22:32 查询号码 【1536278】，GSD为【""】
2021-07-27 01:22:32 bad
2021-07-27 01:22:34 CHB 1536278?1627320152 第 1 次 等待 3 秒
2021-07-27 01:22:37 CHB 1536278?1627320152 第 1 次 获取到号码【1536278】GSD
2021-07-27 01:22:37 获取到号码【1536278】的GSD为【广东-珠海】
2021-07-27 01:22:41 GSD insert 第 1 次 等待 3 秒
2021-07-27 01:22:44 {"status":"ok","gid":407690,"msg":"添加成功！"}
2021-07-27 01:22:44 下次操作: 2021-07-27 01:23:05

2021-07-27 01:23:05 开始第 34 次操作

2021-07-27 01:23:05 开始操作号码 【1536277】
2021-07-27 01:23:07 GSD getOne 第 1 次 等待 3 秒
2021-07-27 01:23:10 查询号码 【1536277】，返回信息 {"status":"bad","msg":""}
2021-07-27 01:23:10 查询号码 【1536277】，GSD为【""】
2021-07-27 01:23:10 bad
2021-07-27 01:23:12 CHB 1536277?1627320190 第 1 次 等待 3 秒
2021-07-27 01:23:15 CHB 1536277?1627320190 第 1 次 获取到号码【1536277】GSD
2021-07-27 01:23:15 获取到号码【1536277】的GSD为【广东-珠海】
2021-07-27 01:23:19 GSD insert 第 1 次 等待 3 秒
2021-07-27 01:23:22 {"status":"ok","gid":407702,"msg":"添加成功！"}
2021-07-27 01:23:22 下次操作: 2021-07-27 01:23:45

2021-07-27 01:23:45 开始第 35 次操作

2021-07-27 01:23:45 开始操作号码 【1536276】
2021-07-27 01:23:48 GSD getOne 第 1 次 等待 3 秒
2021-07-27 01:23:51 查询号码 【1536276】，返回信息 {"status":"bad","msg":""}
2021-07-27 01:23:51 查询号码 【1536276】，GSD为【""】
2021-07-27 01:23:51 bad
2021-07-27 01:23:52 CHB 1536276?1627320231 第 1 次 等待 3 秒
2021-07-27 01:23:55 CHB 1536276?1627320231 第 1 次 获取到号码【1536276】GSD
2021-07-27 01:23:56 获取到号码【1536276】的GSD为【广东-清远】
2021-07-27 01:24:01 GSD insert 第 1 次 等待 3 秒
2021-07-27 01:24:04 {"status":"ok","gid":407713,"msg":"添加成功！"}
2021-07-27 01:24:04 下次操作: 2021-07-27 01:24:26

2021-07-27 01:24:26 开始第 36 次操作

2021-07-27 01:24:26 开始操作号码 【1536275】
2021-07-27 01:24:29 GSD getOne 第 1 次 等待 3 秒
2021-07-27 01:24:32 查询号码 【1536275】，返回信息 {"status":"bad","msg":""}
2021-07-27 01:24:32 查询号码 【1536275】，GSD为【""】
2021-07-27 01:24:32 bad
2021-07-27 01:24:34 CHB 1536275?1627320272 第 1 次 等待 3 秒
2021-07-27 01:24:37 CHB 1536275?1627320272 第 1 次 获取到号码【1536275】GSD
2021-07-27 01:24:37 获取到号码【1536275】的GSD为【广东-清远】
2021-07-27 01:24:39 GSD insert 第 1 次 等待 3 秒
2021-07-27 01:24:42 {"status":"ok","gid":407719,"msg":"添加成功！"}
2021-07-27 01:24:42 下次操作: 2021-07-27 01:24:59

2021-07-27 01:24:59 开始第 37 次操作

2021-07-27 01:24:59 开始操作号码 【1536274】
2021-07-27 01:25:05 GSD getOne 第 1 次 等待 3 秒
2021-07-27 01:25:08 查询号码 【1536274】，返回信息 {"status":"bad","msg":""}
2021-07-27 01:25:08 查询号码 【1536274】，GSD为【""】
2021-07-27 01:25:08 bad
2021-07-27 01:25:09 CHB 1536274?1627320308 第 1 次 等待 3 秒
2021-07-27 01:25:12 CHB 1536274?1627320308 第 1 次 获取到号码【1536274】GSD
2021-07-27 01:25:12 获取到号码【1536274】的GSD为【广东-中山】
2021-07-27 01:25:16 GSD insert 第 1 次 等待 3 秒
2021-07-27 01:25:19 {"status":"ok","gid":407728,"msg":"添加成功！"}
2021-07-27 01:25:19 下次操作: 2021-07-27 01:25:40

2021-07-27 01:25:40 开始第 38 次操作

2021-07-27 01:25:40 开始操作号码 【1536273】
2021-07-27 01:25:43 GSD getOne 第 1 次 等待 3 秒
2021-07-27 01:25:46 查询号码 【1536273】，返回信息 {"status":"bad","msg":""}
2021-07-27 01:25:47 查询号码 【1536273】，GSD为【""】
2021-07-27 01:25:47 bad
2021-07-27 01:25:48 CHB 1536273?1627320347 第 1 次 等待 3 秒
2021-07-27 01:25:51 CHB 1536273?1627320347 第 1 次 获取到号码【1536273】GSD
2021-07-27 01:25:51 获取到号码【1536273】的GSD为【广东-中山】
2021-07-27 01:25:54 GSD insert 第 1 次 等待 3 秒
2021-07-27 01:25:57 {"status":"ok","gid":407737,"msg":"添加成功！"}
2021-07-27 01:25:57 下次操作: 2021-07-27 01:26:15

2021-07-27 01:26:15 开始第 39 次操作

2021-07-27 01:26:15 开始操作号码 【1536272】
2021-07-27 01:26:18 GSD getOne 第 1 次 等待 3 秒
2021-07-27 01:26:21 查询号码 【1536272】，返回信息 {"status":"bad","msg":""}
2021-07-27 01:26:22 查询号码 【1536272】，GSD为【""】
2021-07-27 01:26:22 bad
2021-07-27 01:31:22 CHB 1536272?1627320382 第 1 次 等待 3 秒
2021-07-27 01:31:25 CHB 1536272?1627320382 第 1 次 未获取到 等待 17 秒 下次操作: 2021-07-27 01:31:42
2021-07-27 01:31:43 CHB 1536272?1627320702 第 2 次 等待 3 秒
2021-07-27 01:31:46 CHB 1536272?1627320702 第 2 次 获取到号码【1536272】GSD
2021-07-27 01:31:46 获取到号码【1536272】的GSD为【广东-中山】
2021-07-27 01:31:49 GSD insert 第 1 次 等待 3 秒
2021-07-27 01:31:52 {"status":"ok","gid":407761,"msg":"添加成功！"}
2021-07-27 01:31:52 下次操作: 2021-07-27 01:32:07

2021-07-27 01:32:07 开始第 40 次操作

2021-07-27 01:32:07 开始操作号码 【1536271】
2021-07-27 01:32:10 GSD getOne 第 1 次 等待 3 秒
2021-07-27 01:32:13 查询号码 【1536271】，返回信息 {"status":"bad","msg":""}
2021-07-27 01:32:13 查询号码 【1536271】，GSD为【""】
2021-07-27 01:32:13 bad
2021-07-27 01:32:15 CHB 1536271?1627320733 第 1 次 等待 3 秒
2021-07-27 01:32:18 CHB 1536271?1627320733 第 1 次 获取到号码【1536271】GSD
2021-07-27 01:32:18 获取到号码【1536271】的GSD为【广东-中山】
2021-07-27 01:32:20 GSD insert 第 1 次 等待 3 秒
2021-07-27 01:32:23 {"status":"ok","gid":407763,"msg":"添加成功！"}

