2023-12-21 00:09:40 开始第 4409 次操作

2023-12-21 00:09:40 开始操作号码 【1884322】
2023-12-21 00:09:45 GSD getOne 第 1 次 等待 3 秒
2023-12-21 00:09:48 查询号码 【1884322】，返回信息 {"status":"ok","msg":"吉林-吉林","gid":"470513","time_insert":"2021-08-01 18:55"}
2023-12-21 00:09:48 查询号码 【1884322】，GSD为【"吉林-吉林"】

2023-12-21 00:09:49 开始第 4410 次操作

2023-12-21 00:09:49 开始操作号码 【1884323】
2023-12-21 00:09:52 GSD getOne 第 1 次 等待 3 秒
2023-12-21 00:09:55 查询号码 【1884323】，返回信息 {"status":"ok","msg":"吉林-吉林","gid":"470501","time_insert":"2021-08-01 18:54"}
2023-12-21 00:09:55 查询号码 【1884323】，GSD为【"吉林-吉林"】

2023-12-21 00:09:56 开始第 4411 次操作

2023-12-21 00:09:56 开始操作号码 【1884324】
2023-12-21 00:10:00 GSD getOne 第 1 次 等待 3 秒
2023-12-21 00:10:03 查询号码 【1884324】，返回信息 {"status":"ok","msg":"吉林-吉林","gid":"470489","time_insert":"2021-08-01 18:54"}
2023-12-21 00:10:03 查询号码 【1884324】，GSD为【"吉林-吉林"】

2023-12-21 00:10:04 开始第 4412 次操作

2023-12-21 00:10:04 开始操作号码 【1884325】
2023-12-21 00:10:08 GSD getOne 第 1 次 等待 3 秒
2023-12-21 00:10:11 查询号码 【1884325】，返回信息 {"status":"ok","msg":"吉林-吉林","gid":"470481","time_insert":"2021-08-01 18:53"}
2023-12-21 00:10:11 查询号码 【1884325】，GSD为【"吉林-吉林"】

2023-12-21 00:37:19 开始第 4413 次操作

2023-12-21 00:37:19 开始操作号码 【1884326】
2023-12-21 00:37:23 GSD getOne 第 1 次 等待 3 秒
2023-12-21 00:37:26 查询号码 【1884326】，返回信息 {"status":"ok","msg":"吉林-吉林","gid":"470468","time_insert":"2021-08-01 18:53"}
2023-12-21 00:37:26 查询号码 【1884326】，GSD为【"吉林-吉林"】

2023-12-21 00:37:27 开始第 4414 次操作

2023-12-21 00:37:27 开始操作号码 【1884327】
2023-12-21 00:37:31 GSD getOne 第 1 次 等待 3 秒
2023-12-21 00:37:34 查询号码 【1884327】，返回信息 {"status":"ok","msg":"吉林-吉林","gid":"44071","time_insert":"2018-02-09 14:25","time_update":"2020-08-21 13:37"}
2023-12-21 00:37:34 查询号码 【1884327】，GSD为【"吉林-吉林"】

2023-12-21 00:37:35 开始第 4415 次操作

2023-12-21 00:37:35 开始操作号码 【1884328】
2023-12-21 00:37:39 GSD getOne 第 1 次 等待 3 秒
2023-12-21 00:37:42 查询号码 【1884328】，返回信息 {"status":"ok","msg":"吉林-吉林","gid":"470458","time_insert":"2021-08-01 18:52"}
2023-12-21 00:37:42 查询号码 【1884328】，GSD为【"吉林-吉林"】

2023-12-21 00:37:43 开始第 4416 次操作

2023-12-21 00:37:43 开始操作号码 【1884329】
2023-12-21 00:37:46 GSD getOne 第 1 次 等待 3 秒
2023-12-21 00:37:49 查询号码 【1884329】，返回信息 {"status":"ok","msg":"吉林-吉林","gid":"470448","time_insert":"2021-08-01 18:51"}
2023-12-21 00:37:49 查询号码 【1884329】，GSD为【"吉林-吉林"】

2023-12-21 01:07:34 开始第 4417 次操作

2023-12-21 01:07:34 开始操作号码 【1884330】
2023-12-21 01:07:38 GSD getOne 第 1 次 等待 3 秒
2023-12-21 01:07:41 查询号码 【1884330】，返回信息 {"status":"ok","msg":"吉林-延边","gid":"470440","time_insert":"2021-08-01 18:51"}
2023-12-21 01:07:42 查询号码 【1884330】，GSD为【"吉林-延边"】

2023-12-21 01:07:43 开始第 4418 次操作

2023-12-21 01:07:43 开始操作号码 【1884331】
2023-12-21 01:07:46 GSD getOne 第 1 次 等待 3 秒
2023-12-21 01:07:49 查询号码 【1884331】，返回信息 {"status":"ok","msg":"吉林-延边","gid":"470421","time_insert":"2021-08-01 18:49"}
2023-12-21 01:07:49 查询号码 【1884331】，GSD为【"吉林-延边"】

2023-12-21 01:07:50 开始第 4419 次操作

2023-12-21 01:07:50 开始操作号码 【1884332】
2023-12-21 01:07:55 GSD getOne 第 1 次 等待 3 秒
2023-12-21 01:07:58 查询号码 【1884332】，返回信息 {"status":"ok","msg":"吉林-延边","gid":"470407","time_insert":"2021-08-01 18:48"}
2023-12-21 01:07:58 查询号码 【1884332】，GSD为【"吉林-延边"】

2023-12-21 01:07:59 开始第 4420 次操作

2023-12-21 01:07:59 开始操作号码 【1884333】
2023-12-21 01:08:06 GSD getOne 第 1 次 等待 3 秒
2023-12-21 01:08:09 查询号码 【1884333】，返回信息 {"status":"ok","msg":"吉林-延边","gid":"470400","time_insert":"2021-08-01 18:47"}
2023-12-21 01:08:09 查询号码 【1884333】，GSD为【"吉林-延边"】

2023-12-21 01:33:03 开始第 4421 次操作

2023-12-21 01:33:03 开始操作号码 【1884334】
2023-12-21 01:33:07 GSD getOne 第 1 次 等待 3 秒
2023-12-21 01:33:10 查询号码 【1884334】，返回信息 {"status":"ok","msg":"吉林-延边","gid":"470390","time_insert":"2021-08-01 18:47"}
2023-12-21 01:33:10 查询号码 【1884334】，GSD为【"吉林-延边"】

2023-12-21 01:33:11 开始第 4422 次操作

2023-12-21 01:33:11 开始操作号码 【1884335】
2023-12-21 01:33:14 GSD getOne 第 1 次 等待 3 秒
2023-12-21 01:33:17 查询号码 【1884335】，返回信息 {"status":"ok","msg":"吉林-延边","gid":"470384","time_insert":"2021-08-01 18:46"}
2023-12-21 01:33:17 查询号码 【1884335】，GSD为【"吉林-延边"】

2023-12-21 01:33:18 开始第 4423 次操作

2023-12-21 01:33:18 开始操作号码 【1884336】
2023-12-21 01:33:22 GSD getOne 第 1 次 等待 3 秒
2023-12-21 01:33:25 查询号码 【1884336】，返回信息 {"status":"ok","msg":"吉林-延边","gid":"470375","time_insert":"2021-08-01 18:45"}
2023-12-21 01:33:25 查询号码 【1884336】，GSD为【"吉林-延边"】

2023-12-21 01:33:26 开始第 4424 次操作

2023-12-21 01:33:26 开始操作号码 【1884337】
2023-12-21 01:33:30 GSD getOne 第 1 次 等待 3 秒
2023-12-21 01:33:33 查询号码 【1884337】，返回信息 {"status":"ok","msg":"吉林-延边","gid":"470368","time_insert":"2021-08-01 18:45"}
2023-12-21 01:33:33 查询号码 【1884337】，GSD为【"吉林-延边"】

2023-12-21 02:11:12 开始第 4425 次操作

2023-12-21 02:11:12 开始操作号码 【1884338】
2023-12-21 02:11:16 GSD getOne 第 1 次 等待 3 秒
2023-12-21 02:11:19 查询号码 【1884338】，返回信息 {"status":"ok","msg":"吉林-延边","gid":"470350","time_insert":"2021-08-01 18:43"}
2023-12-21 02:11:19 查询号码 【1884338】，GSD为【"吉林-延边"】

2023-12-21 02:11:20 开始第 4426 次操作

2023-12-21 02:11:20 开始操作号码 【1884339】
2023-12-21 02:11:24 GSD getOne 第 1 次 等待 3 秒
2023-12-21 02:11:27 查询号码 【1884339】，返回信息 {"status":"ok","msg":"吉林-延边","gid":"470341","time_insert":"2021-08-01 18:42"}
2023-12-21 02:11:27 查询号码 【1884339】，GSD为【"吉林-延边"】

2023-12-21 02:11:28 开始第 4427 次操作

2023-12-21 02:11:28 开始操作号码 【1884340】
2023-12-21 02:11:32 GSD getOne 第 1 次 等待 3 秒
2023-12-21 02:11:35 查询号码 【1884340】，返回信息 {"status":"ok","msg":"吉林-四平","gid":"470331","time_insert":"2021-08-01 18:42"}
2023-12-21 02:11:35 查询号码 【1884340】，GSD为【"吉林-四平"】

2023-12-21 02:11:36 开始第 4428 次操作

2023-12-21 02:11:36 开始操作号码 【1884341】
2023-12-21 02:11:40 GSD getOne 第 1 次 等待 3 秒
2023-12-21 02:11:43 查询号码 【1884341】，返回信息 {"status":"ok","msg":"吉林-四平","gid":"470323","time_insert":"2021-08-01 18:41"}
2023-12-21 02:11:43 查询号码 【1884341】，GSD为【"吉林-四平"】

