2021-07-09 00:02:38 开始第 1 次操作

2021-07-09 00:02:38 开始操作号码 【1746265】
2021-07-09 00:02:43 GSD getOne 第 1 次 等待 1 秒
2021-07-09 00:02:44 查询号码 【1746265】，返回信息 {"status":"bad","msg":""}
2021-07-09 00:02:44 查询号码 【1746265】，GSD为【""】
2021-07-09 00:02:44 bad
2021-07-09 00:02:48 CHB 1746265?1625760164 第 1 次 等待 1 秒
2021-07-09 00:02:49 CHB 1746265?1625760164 第 1 次 获取到号码【1746265】GSD
2021-07-09 00:02:49 未获取到号码【1746265】GSD，可能号码格式错误
2021-07-09 00:02:49 获取到号码【1746265】的GSD为【-】
2021-07-09 00:02:57 GSD insert 第 1 次 等待 1 秒
2021-07-09 00:02:58 {"status":"ok","msg":"添加成功！226445"}
2021-07-09 00:02:58 下次操作: 2021-07-09 00:03:04

2021-07-09 00:03:04 开始第 2 次操作

2021-07-09 00:03:04 开始操作号码 【1746266】
2021-07-09 00:03:12 GSD getOne 第 1 次 等待 1 秒
2021-07-09 00:03:13 查询号码 【1746266】，返回信息 {"status":"bad","msg":""}
2021-07-09 00:03:13 查询号码 【1746266】，GSD为【""】
2021-07-09 00:03:13 bad
2021-07-09 00:03:14 CHB 1746266?1625760193 第 1 次 等待 1 秒
2021-07-09 00:03:15 CHB 1746266?1625760193 第 1 次 获取到号码【1746266】GSD
2021-07-09 00:03:15 未获取到号码【1746266】GSD，可能号码格式错误
2021-07-09 00:03:15 获取到号码【1746266】的GSD为【-】
2021-07-09 00:03:20 GSD insert 第 1 次 等待 1 秒
2021-07-09 00:03:21 {"status":"ok","msg":"添加成功！226453"}
2021-07-09 00:03:21 下次操作: 2021-07-09 00:03:32

2021-07-09 00:03:32 开始第 3 次操作

2021-07-09 00:03:32 开始操作号码 【1746267】
2021-07-09 00:03:39 GSD getOne 第 1 次 等待 1 秒
2021-07-09 00:03:40 查询号码 【1746267】，返回信息 {"status":"bad","msg":""}
2021-07-09 00:03:40 查询号码 【1746267】，GSD为【""】
2021-07-09 00:03:40 bad
2021-07-09 00:03:43 CHB 1746267?1625760220 第 1 次 等待 1 秒
2021-07-09 00:03:44 CHB 1746267?1625760220 第 1 次 获取到号码【1746267】GSD
2021-07-09 00:03:44 未获取到号码【1746267】GSD，可能号码格式错误
2021-07-09 00:03:44 获取到号码【1746267】的GSD为【-】
2021-07-09 00:03:48 GSD insert 第 1 次 等待 1 秒
2021-07-09 00:03:49 {"status":"ok","msg":"添加成功！226461"}
2021-07-09 00:03:49 下次操作: 2021-07-09 00:04:00

2021-07-09 00:04:00 开始第 4 次操作

2021-07-09 00:04:00 开始操作号码 【1746268】
2021-07-09 00:04:03 GSD getOne 第 1 次 等待 1 秒
2021-07-09 00:04:05 查询号码 【1746268】，返回信息 {"status":"bad","msg":""}
2021-07-09 00:04:05 查询号码 【1746268】，GSD为【""】
2021-07-09 00:04:05 bad
2021-07-09 00:04:08 CHB 1746268?1625760245 第 1 次 等待 1 秒
2021-07-09 00:04:09 CHB 1746268?1625760245 第 1 次 获取到号码【1746268】GSD
2021-07-09 00:04:09 未获取到号码【1746268】GSD，可能号码格式错误
2021-07-09 00:04:09 获取到号码【1746268】的GSD为【-】
2021-07-09 00:04:14 GSD insert 第 1 次 等待 1 秒
2021-07-09 00:04:15 {"status":"ok","msg":"添加成功！226466"}
2021-07-09 00:04:15 下次操作: 2021-07-09 00:04:25

2021-07-09 00:04:25 开始第 5 次操作

2021-07-09 00:04:25 开始操作号码 【1746269】
2021-07-09 00:04:29 GSD getOne 第 1 次 等待 1 秒
2021-07-09 00:04:30 查询号码 【1746269】，返回信息 {"status":"bad","msg":""}
2021-07-09 00:04:30 查询号码 【1746269】，GSD为【""】
2021-07-09 00:04:30 bad
2021-07-09 00:04:34 CHB 1746269?1625760270 第 1 次 等待 1 秒
2021-07-09 00:04:35 CHB 1746269?1625760270 第 1 次 获取到号码【1746269】GSD
2021-07-09 00:04:35 未获取到号码【1746269】GSD，可能号码格式错误
2021-07-09 00:04:35 获取到号码【1746269】的GSD为【-】
2021-07-09 00:04:41 GSD insert 第 1 次 等待 1 秒
2021-07-09 00:04:42 {"status":"ok","msg":"添加成功！226476"}
2021-07-09 00:04:42 下次操作: 2021-07-09 00:04:56

2021-07-09 00:04:56 开始第 6 次操作

2021-07-09 00:04:56 开始操作号码 【1746270】
2021-07-09 00:05:04 GSD getOne 第 1 次 等待 1 秒
2021-07-09 00:05:05 查询号码 【1746270】，返回信息 {"status":"bad","msg":""}
2021-07-09 00:05:05 查询号码 【1746270】，GSD为【""】
2021-07-09 00:05:05 bad
2021-07-09 00:05:14 CHB 1746270?1625760305 第 1 次 等待 1 秒
2021-07-09 00:05:15 CHB 1746270?1625760305 第 1 次 获取到号码【1746270】GSD
2021-07-09 00:05:15 未获取到号码【1746270】GSD，可能号码格式错误
2021-07-09 00:05:15 获取到号码【1746270】的GSD为【-】
2021-07-09 00:05:21 GSD insert 第 1 次 等待 1 秒
2021-07-09 00:05:22 {"status":"ok","msg":"添加成功！226488"}
2021-07-09 00:05:22 下次操作: 2021-07-09 00:05:36

2021-07-09 00:05:36 开始第 7 次操作

2021-07-09 00:05:36 开始操作号码 【1746271】
2021-07-09 00:05:41 GSD getOne 第 1 次 等待 1 秒
2021-07-09 00:05:42 查询号码 【1746271】，返回信息 {"status":"bad","msg":""}
2021-07-09 00:05:42 查询号码 【1746271】，GSD为【""】
2021-07-09 00:05:42 bad
2021-07-09 00:05:44 CHB 1746271?1625760342 第 1 次 等待 1 秒
2021-07-09 00:05:45 CHB 1746271?1625760342 第 1 次 获取到号码【1746271】GSD
2021-07-09 00:05:45 未获取到号码【1746271】GSD，可能号码格式错误
2021-07-09 00:05:45 获取到号码【1746271】的GSD为【-】
2021-07-09 00:05:49 GSD insert 第 1 次 等待 1 秒
2021-07-09 00:05:50 {"status":"ok","msg":"添加成功！226494"}
2021-07-09 00:05:50 下次操作: 2021-07-09 00:06:00

2021-07-09 00:06:00 开始第 8 次操作

2021-07-09 00:06:00 开始操作号码 【1746272】
2021-07-09 00:06:07 GSD getOne 第 1 次 等待 1 秒
2021-07-09 00:06:08 查询号码 【1746272】，返回信息 {"status":"bad","msg":""}
2021-07-09 00:06:08 查询号码 【1746272】，GSD为【""】
2021-07-09 00:06:08 bad
2021-07-09 00:06:12 CHB 1746272?1625760368 第 1 次 等待 1 秒
2021-07-09 00:06:13 CHB 1746272?1625760368 第 1 次 获取到号码【1746272】GSD
2021-07-09 00:06:13 未获取到号码【1746272】GSD，可能号码格式错误
2021-07-09 00:06:13 获取到号码【1746272】的GSD为【-】
2021-07-09 00:06:21 GSD insert 第 1 次 等待 1 秒
2021-07-09 00:06:22 {"status":"ok","msg":"添加成功！226501"}
2021-07-09 00:06:22 下次操作: 2021-07-09 00:06:34

2021-07-09 00:06:34 开始第 9 次操作

2021-07-09 00:06:34 开始操作号码 【1746273】
2021-07-09 00:06:41 GSD getOne 第 1 次 等待 1 秒
2021-07-09 00:06:42 查询号码 【1746273】，返回信息 {"status":"bad","msg":""}
2021-07-09 00:06:42 查询号码 【1746273】，GSD为【""】
2021-07-09 00:06:42 bad
2021-07-09 00:06:46 CHB 1746273?1625760402 第 1 次 等待 1 秒
2021-07-09 00:06:47 CHB 1746273?1625760402 第 1 次 获取到号码【1746273】GSD
2021-07-09 00:06:47 未获取到号码【1746273】GSD，可能号码格式错误
2021-07-09 00:06:47 获取到号码【1746273】的GSD为【-】
2021-07-09 00:06:52 GSD insert 第 1 次 等待 1 秒
2021-07-09 00:06:53 {"status":"ok","msg":"添加成功！226508"}
2021-07-09 00:06:53 下次操作: 2021-07-09 00:07:04

2021-07-09 00:07:04 开始第 10 次操作

2021-07-09 00:07:04 开始操作号码 【1746274】
2021-07-09 00:07:18 GSD getOne 第 1 次 等待 1 秒
2021-07-09 00:07:19 查询号码 【1746274】，返回信息 {"status":"bad","msg":""}
2021-07-09 00:07:19 查询号码 【1746274】，GSD为【""】
2021-07-09 00:07:19 bad
2021-07-09 00:07:23 CHB 1746274?1625760439 第 1 次 等待 1 秒
2021-07-09 00:07:24 CHB 1746274?1625760439 第 1 次 获取到号码【1746274】GSD
2021-07-09 00:07:24 未获取到号码【1746274】GSD，可能号码格式错误
2021-07-09 00:07:24 获取到号码【1746274】的GSD为【-】
2021-07-09 00:07:27 GSD insert 第 1 次 等待 1 秒
2021-07-09 00:07:28 {"status":"ok","msg":"添加成功！226517"}
2021-07-09 00:07:28 下次操作: 2021-07-09 00:07:46

2021-07-09 00:07:46 开始第 11 次操作

2021-07-09 00:07:46 开始操作号码 【1746275】
2021-07-09 00:07:58 GSD getOne 第 1 次 等待 1 秒
2021-07-09 00:07:59 查询号码 【1746275】，返回信息 {"status":"bad","msg":""}
2021-07-09 00:07:59 查询号码 【1746275】，GSD为【""】
2021-07-09 00:07:59 bad
2021-07-09 00:08:03 CHB 1746275?1625760479 第 1 次 等待 1 秒
2021-07-09 00:08:04 CHB 1746275?1625760479 第 1 次 获取到号码【1746275】GSD
2021-07-09 00:08:05 未获取到号码【1746275】GSD，可能号码格式错误
2021-07-09 00:08:05 获取到号码【1746275】的GSD为【-】
2021-07-09 00:08:11 GSD insert 第 1 次 等待 1 秒
2021-07-09 00:08:12 {"status":"ok","msg":"添加成功！226526"}
2021-07-09 00:08:12 下次操作: 2021-07-09 00:08:29

2021-07-09 00:08:29 开始第 12 次操作

2021-07-09 00:08:29 开始操作号码 【1746276】
2021-07-09 00:08:34 GSD getOne 第 1 次 等待 1 秒
2021-07-09 00:08:35 查询号码 【1746276】，返回信息 {"status":"bad","msg":""}
2021-07-09 00:08:35 查询号码 【1746276】，GSD为【""】
2021-07-09 00:08:35 bad
2021-07-09 00:08:37 CHB 1746276?1625760516 第 1 次 等待 1 秒
2021-07-09 00:08:38 CHB 1746276?1625760516 第 1 次 获取到号码【1746276】GSD
2021-07-09 00:08:38 未获取到号码【1746276】GSD，可能号码格式错误
2021-07-09 00:08:38 获取到号码【1746276】的GSD为【-】
2021-07-09 00:08:42 GSD insert 第 1 次 等待 1 秒
2021-07-09 00:08:43 {"status":"ok","msg":"添加成功！226530"}
2021-07-09 00:08:43 下次操作: 2021-07-09 00:08:52

2021-07-09 00:08:52 开始第 13 次操作

2021-07-09 00:08:52 开始操作号码 【1746277】
2021-07-09 00:08:59 GSD getOne 第 1 次 等待 1 秒
2021-07-09 00:09:00 查询号码 【1746277】，返回信息 {"status":"bad","msg":""}
2021-07-09 00:09:00 查询号码 【1746277】，GSD为【""】
2021-07-09 00:09:00 bad
2021-07-09 00:09:02 CHB 1746277?1625760540 第 1 次 等待 1 秒
2021-07-09 00:09:03 CHB 1746277?1625760540 第 1 次 获取到号码【1746277】GSD
2021-07-09 00:09:03 未获取到号码【1746277】GSD，可能号码格式错误
2021-07-09 00:09:03 获取到号码【1746277】的GSD为【-】
2021-07-09 00:09:18 GSD insert 第 1 次 等待 1 秒
2021-07-09 00:09:19 {"status":"ok","msg":"添加成功！226538"}
2021-07-09 00:09:19 下次操作: 2021-07-09 00:09:29

2021-07-09 00:09:29 开始第 14 次操作

2021-07-09 00:09:29 开始操作号码 【1746278】
2021-07-09 00:09:51 GSD getOne 第 1 次 等待 1 秒
2021-07-09 00:09:52 查询号码 【1746278】，返回信息 {"status":"bad","msg":""}
2021-07-09 00:09:52 查询号码 【1746278】，GSD为【""】
2021-07-09 00:09:52 bad
2021-07-09 00:09:54 CHB 1746278?1625760592 第 1 次 等待 1 秒
2021-07-09 00:09:55 CHB 1746278?1625760592 第 1 次 获取到号码【1746278】GSD
2021-07-09 00:09:55 未获取到号码【1746278】GSD，可能号码格式错误
2021-07-09 00:09:55 获取到号码【1746278】的GSD为【-】
2021-07-09 00:10:02 GSD insert 第 1 次 等待 1 秒
2021-07-09 00:10:03 {"status":"ok","msg":"添加成功！226545"}
2021-07-09 00:10:03 下次操作: 2021-07-09 00:10:13

2021-07-09 00:10:13 开始第 15 次操作

2021-07-09 00:10:13 开始操作号码 【1746279】
2021-07-09 00:10:17 GSD getOne 第 1 次 等待 1 秒
2021-07-09 00:10:18 查询号码 【1746279】，返回信息 {"status":"bad","msg":""}
2021-07-09 00:10:18 查询号码 【1746279】，GSD为【""】
2021-07-09 00:10:18 bad
2021-07-09 00:10:22 CHB 1746279?1625760618 第 1 次 等待 1 秒
2021-07-09 00:10:23 CHB 1746279?1625760618 第 1 次 获取到号码【1746279】GSD
2021-07-09 00:10:23 未获取到号码【1746279】GSD，可能号码格式错误
2021-07-09 00:10:23 获取到号码【1746279】的GSD为【-】
2021-07-09 00:10:35 GSD insert 第 1 次 等待 1 秒
2021-07-09 00:10:36 {"status":"ok","msg":"添加成功！226549"}
2021-07-09 00:10:36 下次操作: 2021-07-09 00:10:50

2021-07-09 00:10:50 开始第 16 次操作

2021-07-09 00:10:50 开始操作号码 【1746280】
2021-07-09 00:10:53 GSD getOne 第 1 次 等待 1 秒
2021-07-09 00:10:54 查询号码 【1746280】，返回信息 {"status":"bad","msg":""}
2021-07-09 00:10:54 查询号码 【1746280】，GSD为【""】
2021-07-09 00:10:54 bad
2021-07-09 00:11:03 CHB 1746280?1625760654 第 1 次 等待 1 秒
2021-07-09 00:11:04 CHB 1746280?1625760654 第 1 次 获取到号码【1746280】GSD
2021-07-09 00:11:04 未获取到号码【1746280】GSD，可能号码格式错误
2021-07-09 00:11:04 获取到号码【1746280】的GSD为【-】
2021-07-09 00:11:10 GSD insert 第 1 次 等待 1 秒
2021-07-09 00:11:11 {"status":"ok","msg":"添加成功！226555"}
2021-07-09 00:11:11 下次操作: 2021-07-09 00:11:23

2021-07-09 00:11:23 开始第 17 次操作

2021-07-09 00:11:23 开始操作号码 【1746281】
2021-07-09 00:11:35 GSD getOne 第 1 次 等待 1 秒
2021-07-09 00:11:36 查询号码 【1746281】，返回信息 {"status":"bad","msg":""}
2021-07-09 00:11:36 查询号码 【1746281】，GSD为【""】
2021-07-09 00:11:36 bad
2021-07-09 00:11:39 CHB 1746281?1625760696 第 1 次 等待 1 秒
2021-07-09 00:11:40 CHB 1746281?1625760696 第 1 次 获取到号码【1746281】GSD
2021-07-09 00:11:40 未获取到号码【1746281】GSD，可能号码格式错误
2021-07-09 00:11:40 获取到号码【1746281】的GSD为【-】
2021-07-09 00:11:43 GSD insert 第 1 次 等待 1 秒
2021-07-09 00:11:44 {"status":"ok","msg":"添加成功！226557"}
2021-07-09 00:11:44 下次操作: 2021-07-09 00:11:54

2021-07-09 00:11:54 开始第 18 次操作

2021-07-09 00:11:54 开始操作号码 【1746282】
2021-07-09 00:11:59 GSD getOne 第 1 次 等待 1 秒
2021-07-09 00:12:00 查询号码 【1746282】，返回信息 {"status":"bad","msg":""}
2021-07-09 00:12:00 查询号码 【1746282】，GSD为【""】
2021-07-09 00:12:00 bad
2021-07-09 00:12:04 CHB 1746282?1625760720 第 1 次 等待 1 秒
2021-07-09 00:12:05 CHB 1746282?1625760720 第 1 次 获取到号码【1746282】GSD
2021-07-09 00:12:05 未获取到号码【1746282】GSD，可能号码格式错误
2021-07-09 00:12:05 获取到号码【1746282】的GSD为【-】
2021-07-09 00:12:09 GSD insert 第 1 次 等待 1 秒
2021-07-09 00:12:10 {"status":"ok","msg":"添加成功！226561"}
2021-07-09 00:12:10 下次操作: 2021-07-09 00:12:18

2021-07-09 00:12:18 开始第 19 次操作

2021-07-09 00:12:18 开始操作号码 【1746283】
2021-07-09 00:12:22 GSD getOne 第 1 次 等待 1 秒
2021-07-09 00:12:23 查询号码 【1746283】，返回信息 {"status":"bad","msg":""}
2021-07-09 00:12:23 查询号码 【1746283】，GSD为【""】
2021-07-09 00:12:23 bad
2021-07-09 00:12:24 CHB 1746283?1625760743 第 1 次 等待 1 秒
2021-07-09 00:12:25 CHB 1746283?1625760743 第 1 次 获取到号码【1746283】GSD
2021-07-09 00:12:25 未获取到号码【1746283】GSD，可能号码格式错误
2021-07-09 00:12:25 获取到号码【1746283】的GSD为【-】
2021-07-09 00:12:32 GSD insert 第 1 次 等待 1 秒
2021-07-09 00:12:33 {"status":"ok","msg":"添加成功！226564"}
2021-07-09 00:12:33 下次操作: 2021-07-09 00:12:39

2021-07-09 00:12:39 开始第 20 次操作

2021-07-09 00:12:39 开始操作号码 【1746284】
2021-07-09 00:12:43 GSD getOne 第 1 次 等待 1 秒
2021-07-09 00:12:44 查询号码 【1746284】，返回信息 {"status":"bad","msg":""}
2021-07-09 00:12:44 查询号码 【1746284】，GSD为【""】
2021-07-09 00:12:44 bad
2021-07-09 00:12:48 CHB 1746284?1625760764 第 1 次 等待 1 秒
2021-07-09 00:12:49 CHB 1746284?1625760764 第 1 次 获取到号码【1746284】GSD
2021-07-09 00:12:49 未获取到号码【1746284】GSD，可能号码格式错误
2021-07-09 00:12:49 获取到号码【1746284】的GSD为【-】
2021-07-09 00:12:56 GSD insert 第 1 次 等待 1 秒
2021-07-09 00:12:57 {"status":"ok","msg":"添加成功！226567"}
2021-07-09 00:12:57 下次操作: 2021-07-09 00:13:09

2021-07-09 00:13:09 开始第 21 次操作

2021-07-09 00:13:09 开始操作号码 【1746285】
2021-07-09 00:13:15 GSD getOne 第 1 次 等待 1 秒
2021-07-09 00:13:16 查询号码 【1746285】，返回信息 {"status":"bad","msg":""}
2021-07-09 00:13:16 查询号码 【1746285】，GSD为【""】
2021-07-09 00:13:16 bad
2021-07-09 00:13:20 CHB 1746285?1625760796 第 1 次 等待 1 秒
2021-07-09 00:13:21 CHB 1746285?1625760796 第 1 次 获取到号码【1746285】GSD
2021-07-09 00:13:21 未获取到号码【1746285】GSD，可能号码格式错误
2021-07-09 00:13:21 获取到号码【1746285】的GSD为【-】
2021-07-09 00:13:32 GSD insert 第 1 次 等待 1 秒
2021-07-09 00:13:33 {"status":"ok","msg":"添加成功！226570"}
2021-07-09 00:13:33 下次操作: 2021-07-09 00:13:47

2021-07-09 00:13:47 开始第 22 次操作

2021-07-09 00:13:47 开始操作号码 【1746286】
2021-07-09 00:13:57 GSD getOne 第 1 次 等待 1 秒
2021-07-09 00:13:58 查询号码 【1746286】，返回信息 {"status":"bad","msg":""}
2021-07-09 00:13:58 查询号码 【1746286】，GSD为【""】
2021-07-09 00:13:58 bad
2021-07-09 00:14:04 CHB 1746286?1625760838 第 1 次 等待 1 秒
2021-07-09 00:14:05 CHB 1746286?1625760838 第 1 次 获取到号码【1746286】GSD
2021-07-09 00:14:06 未获取到号码【1746286】GSD，可能号码格式错误
2021-07-09 00:14:06 获取到号码【1746286】的GSD为【-】
2021-07-09 00:14:09 GSD insert 第 1 次 等待 1 秒
2021-07-09 00:14:10 {"status":"ok","msg":"添加成功！226575"}
2021-07-09 00:14:10 下次操作: 2021-07-09 00:14:21

2021-07-09 00:14:21 开始第 23 次操作

2021-07-09 00:14:21 开始操作号码 【1746287】
2021-07-09 00:14:25 GSD getOne 第 1 次 等待 1 秒
2021-07-09 00:14:26 查询号码 【1746287】，返回信息 {"status":"bad","msg":""}
2021-07-09 00:14:26 查询号码 【1746287】，GSD为【""】
2021-07-09 00:14:26 bad
2021-07-09 00:14:32 CHB 1746287?1625760866 第 1 次 等待 1 秒
2021-07-09 00:14:33 CHB 1746287?1625760866 第 1 次 获取到号码【1746287】GSD
2021-07-09 00:14:33 未获取到号码【1746287】GSD，可能号码格式错误
2021-07-09 00:14:33 获取到号码【1746287】的GSD为【-】
2021-07-09 00:15:08 GSD insert 第 1 次 等待 1 秒
2021-07-09 00:15:09 {"status":"ok","msg":"添加成功！226583"}
2021-07-09 00:15:09 下次操作: 2021-07-09 00:15:22

2021-07-09 00:15:22 开始第 24 次操作

2021-07-09 00:15:22 开始操作号码 【1746288】
2021-07-09 00:15:35 GSD getOne 第 1 次 等待 1 秒
2021-07-09 00:15:36 查询号码 【1746288】，返回信息 {"status":"bad","msg":""}
2021-07-09 00:15:36 查询号码 【1746288】，GSD为【""】
2021-07-09 00:15:36 bad
2021-07-09 00:15:38 CHB 1746288?1625760936 第 1 次 等待 1 秒
2021-07-09 00:15:39 CHB 1746288?1625760936 第 1 次 获取到号码【1746288】GSD
2021-07-09 00:15:39 未获取到号码【1746288】GSD，可能号码格式错误
2021-07-09 00:15:39 获取到号码【1746288】的GSD为【-】
2021-07-09 00:15:45 GSD insert 第 1 次 等待 1 秒
2021-07-09 00:15:46 {"status":"ok","msg":"添加成功！226587"}
2021-07-09 00:15:46 下次操作: 2021-07-09 00:15:52

2021-07-09 00:15:52 开始第 25 次操作

2021-07-09 00:15:52 开始操作号码 【1746289】
2021-07-09 00:15:56 GSD getOne 第 1 次 等待 1 秒
2021-07-09 00:15:57 查询号码 【1746289】，返回信息 {"status":"bad","msg":""}
2021-07-09 00:15:57 查询号码 【1746289】，GSD为【""】
2021-07-09 00:15:57 bad
2021-07-09 00:16:00 CHB 1746289?1625760957 第 1 次 等待 1 秒
2021-07-09 00:16:01 CHB 1746289?1625760957 第 1 次 获取到号码【1746289】GSD
2021-07-09 00:16:01 未获取到号码【1746289】GSD，可能号码格式错误
2021-07-09 00:16:01 获取到号码【1746289】的GSD为【-】
2021-07-09 00:16:06 GSD insert 第 1 次 等待 1 秒
2021-07-09 00:16:07 {"status":"ok","msg":"添加成功！226592"}
2021-07-09 00:16:07 下次操作: 2021-07-09 00:16:14

2021-07-09 00:16:14 开始第 26 次操作

2021-07-09 00:16:14 开始操作号码 【1746290】
2021-07-09 00:16:18 GSD getOne 第 1 次 等待 1 秒
2021-07-09 00:16:19 查询号码 【1746290】，返回信息 {"status":"bad","msg":""}
2021-07-09 00:16:19 查询号码 【1746290】，GSD为【""】
2021-07-09 00:16:19 bad
2021-07-09 00:16:22 CHB 1746290?1625760979 第 1 次 等待 1 秒
2021-07-09 00:16:23 CHB 1746290?1625760979 第 1 次 获取到号码【1746290】GSD
2021-07-09 00:16:23 未获取到号码【1746290】GSD，可能号码格式错误
2021-07-09 00:16:23 获取到号码【1746290】的GSD为【-】
2021-07-09 00:16:29 GSD insert 第 1 次 等待 1 秒
2021-07-09 00:16:30 {"status":"ok","msg":"添加成功！226594"}
2021-07-09 00:16:30 下次操作: 2021-07-09 00:16:43

2021-07-09 00:16:43 开始第 27 次操作

2021-07-09 00:16:43 开始操作号码 【1746291】
2021-07-09 00:16:47 GSD getOne 第 1 次 等待 1 秒
2021-07-09 00:16:48 查询号码 【1746291】，返回信息 {"status":"bad","msg":""}
2021-07-09 00:16:48 查询号码 【1746291】，GSD为【""】
2021-07-09 00:16:48 bad
2021-07-09 00:16:50 CHB 1746291?1625761008 第 1 次 等待 1 秒
2021-07-09 00:16:51 CHB 1746291?1625761008 第 1 次 获取到号码【1746291】GSD
2021-07-09 00:16:51 未获取到号码【1746291】GSD，可能号码格式错误
2021-07-09 00:16:51 获取到号码【1746291】的GSD为【-】
2021-07-09 00:16:55 GSD insert 第 1 次 等待 1 秒
2021-07-09 00:16:56 {"status":"ok","msg":"添加成功！226597"}
2021-07-09 00:16:56 下次操作: 2021-07-09 00:17:05

2021-07-09 00:17:05 开始第 28 次操作

2021-07-09 00:17:05 开始操作号码 【1746292】
2021-07-09 00:17:09 GSD getOne 第 1 次 等待 1 秒
2021-07-09 00:17:10 查询号码 【1746292】，返回信息 {"status":"bad","msg":""}
2021-07-09 00:17:10 查询号码 【1746292】，GSD为【""】
2021-07-09 00:17:10 bad
2021-07-09 00:17:16 CHB 1746292?1625761030 第 1 次 等待 1 秒
2021-07-09 00:17:17 CHB 1746292?1625761030 第 1 次 获取到号码【1746292】GSD
2021-07-09 00:17:17 未获取到号码【1746292】GSD，可能号码格式错误
2021-07-09 00:17:17 获取到号码【1746292】的GSD为【-】
2021-07-09 00:17:22 GSD insert 第 1 次 等待 1 秒
2021-07-09 00:17:23 {"status":"ok","msg":"添加成功！226602"}
2021-07-09 00:17:23 下次操作: 2021-07-09 00:17:36

2021-07-09 00:17:36 开始第 29 次操作

2021-07-09 00:17:36 开始操作号码 【1746293】
2021-07-09 00:17:43 GSD getOne 第 1 次 等待 1 秒
2021-07-09 00:17:44 查询号码 【1746293】，返回信息 {"status":"bad","msg":""}
2021-07-09 00:17:44 查询号码 【1746293】，GSD为【""】
2021-07-09 00:17:44 bad
2021-07-09 00:17:47 CHB 1746293?1625761064 第 1 次 等待 1 秒
2021-07-09 00:17:48 CHB 1746293?1625761064 第 1 次 获取到号码【1746293】GSD
2021-07-09 00:17:48 未获取到号码【1746293】GSD，可能号码格式错误
2021-07-09 00:17:48 获取到号码【1746293】的GSD为【-】
2021-07-09 00:17:54 GSD insert 第 1 次 等待 1 秒
2021-07-09 00:17:55 {"status":"ok","msg":"添加成功！226607"}
2021-07-09 00:17:55 下次操作: 2021-07-09 00:18:09

2021-07-09 00:18:09 开始第 30 次操作

2021-07-09 00:18:09 开始操作号码 【1746294】
2021-07-09 00:18:15 GSD getOne 第 1 次 等待 1 秒
2021-07-09 00:18:16 查询号码 【1746294】，返回信息 {"status":"bad","msg":""}
2021-07-09 00:18:16 查询号码 【1746294】，GSD为【""】
2021-07-09 00:18:16 bad
2021-07-09 00:18:19 CHB 1746294?1625761096 第 1 次 等待 1 秒
2021-07-09 00:18:20 CHB 1746294?1625761096 第 1 次 获取到号码【1746294】GSD
2021-07-09 00:18:20 未获取到号码【1746294】GSD，可能号码格式错误
2021-07-09 00:18:20 获取到号码【1746294】的GSD为【-】
2021-07-09 00:18:26 GSD insert 第 1 次 等待 1 秒
2021-07-09 00:18:27 {"status":"ok","msg":"添加成功！226612"}

2021-07-09 01:41:50 开始第 1 次操作

2021-07-09 01:41:50 开始操作号码 【1746295】
2021-07-09 01:42:00 GSD getOne 第 1 次 等待 1 秒
2021-07-09 01:42:01 查询号码 【1746295】，返回信息 {"status":"bad","msg":""}
2021-07-09 01:42:01 查询号码 【1746295】，GSD为【""】
2021-07-09 01:42:01 bad
2021-07-09 01:42:04 CHB 1746295?1625766122 第 1 次 等待 1 秒
2021-07-09 01:42:05 CHB 1746295?1625766122 第 1 次 获取到号码【1746295】GSD
2021-07-09 01:42:05 未获取到号码【1746295】GSD，可能号码格式错误
2021-07-09 01:42:05 获取到号码【1746295】的GSD为【-】
2021-07-09 01:42:27 GSD insert 第 1 次 等待 1 秒
2021-07-09 01:42:28 {"status":"ok","msg":"添加成功！226926"}
2021-07-09 01:42:28 下次操作: 2021-07-09 01:42:38

2021-07-09 01:42:38 开始第 2 次操作

2021-07-09 01:42:38 开始操作号码 【1746296】
2021-07-09 01:42:49 GSD getOne 第 1 次 等待 1 秒
2021-07-09 01:42:50 查询号码 【1746296】，返回信息 {"status":"bad","msg":""}
2021-07-09 01:42:50 查询号码 【1746296】，GSD为【""】
2021-07-09 01:42:50 bad
2021-07-09 01:42:53 CHB 1746296?1625766170 第 1 次 等待 1 秒
2021-07-09 01:42:54 CHB 1746296?1625766170 第 1 次 获取到号码【1746296】GSD
2021-07-09 01:42:54 未获取到号码【1746296】GSD，可能号码格式错误
2021-07-09 01:42:54 获取到号码【1746296】的GSD为【-】
2021-07-09 01:43:16 GSD insert 第 1 次 等待 1 秒
2021-07-09 01:43:17 {"status":"ok","msg":"添加成功！226933"}
2021-07-09 01:43:17 下次操作: 2021-07-09 01:43:35

2021-07-09 01:43:35 开始第 3 次操作

2021-07-09 01:43:35 开始操作号码 【1746297】
2021-07-09 01:43:38 GSD getOne 第 1 次 等待 1 秒
2021-07-09 01:43:39 查询号码 【1746297】，返回信息 {"status":"bad","msg":""}
2021-07-09 01:43:39 查询号码 【1746297】，GSD为【""】
2021-07-09 01:43:39 bad
2021-07-09 01:43:42 CHB 1746297?1625766219 第 1 次 等待 1 秒
2021-07-09 01:43:43 CHB 1746297?1625766219 第 1 次 获取到号码【1746297】GSD
2021-07-09 01:43:43 未获取到号码【1746297】GSD，可能号码格式错误
2021-07-09 01:43:43 获取到号码【1746297】的GSD为【-】
2021-07-09 01:44:05 GSD insert 第 1 次 等待 1 秒
2021-07-09 01:44:06 {"status":"ok","msg":"添加成功！226943"}
2021-07-09 01:44:06 下次操作: 2021-07-09 01:44:24

2021-07-09 01:44:24 开始第 4 次操作

2021-07-09 01:44:24 开始操作号码 【1746298】
2021-07-09 01:44:28 GSD getOne 第 1 次 等待 1 秒
2021-07-09 01:44:29 查询号码 【1746298】，返回信息 {"status":"bad","msg":""}
2021-07-09 01:44:29 查询号码 【1746298】，GSD为【""】
2021-07-09 01:44:29 bad
2021-07-09 01:44:31 CHB 1746298?1625766269 第 1 次 等待 1 秒
2021-07-09 01:44:32 CHB 1746298?1625766269 第 1 次 获取到号码【1746298】GSD
2021-07-09 01:44:32 未获取到号码【1746298】GSD，可能号码格式错误
2021-07-09 01:44:32 获取到号码【1746298】的GSD为【-】
2021-07-09 01:44:54 GSD insert 第 1 次 等待 1 秒
2021-07-09 01:44:55 {"status":"ok","msg":"添加成功！226949"}
2021-07-09 01:44:55 下次操作: 2021-07-09 01:45:11

2021-07-09 01:45:11 开始第 5 次操作

2021-07-09 01:45:11 开始操作号码 【1746299】
2021-07-09 01:45:15 GSD getOne 第 1 次 等待 1 秒
2021-07-09 01:45:16 查询号码 【1746299】，返回信息 {"status":"bad","msg":""}
2021-07-09 01:45:16 查询号码 【1746299】，GSD为【""】
2021-07-09 01:45:16 bad
2021-07-09 01:46:46 CHB 1746299?1625766316 第 1 次 等待 1 秒
2021-07-09 01:46:47 CHB 1746299?1625766316 第 1 次 获取到号码【1746299】GSD
2021-07-09 01:46:47 未获取到号码【1746299】GSD，查号吧 522 错误
2021-07-09 01:46:47 获取到号码【1746299】的GSD为【-】
2021-07-09 01:46:51 GSD insert 第 1 次 等待 1 秒
2021-07-09 01:46:52 {"status":"ok","msg":"添加成功！226962"}
2021-07-09 01:46:52 下次操作: 2021-07-09 01:47:07

2021-07-09 01:47:07 开始第 6 次操作

2021-07-09 01:47:07 开始操作号码 【1746300】
2021-07-09 01:47:14 GSD getOne 第 1 次 等待 1 秒
2021-07-09 01:47:15 查询号码 【1746300】，返回信息 {"status":"bad","msg":""}
2021-07-09 01:47:15 查询号码 【1746300】，GSD为【""】
2021-07-09 01:47:15 bad
2021-07-09 01:47:24 CHB 1746300?1625766435 第 1 次 等待 1 秒
2021-07-09 01:47:25 CHB 1746300?1625766435 第 1 次 获取到号码【1746300】GSD
2021-07-09 01:47:25 未获取到号码【1746300】GSD，可能号码格式错误
2021-07-09 01:47:25 获取到号码【1746300】的GSD为【-】
2021-07-09 01:47:36 GSD insert 第 1 次 等待 1 秒
2021-07-09 01:47:37 {"status":"ok","msg":"添加成功！226972"}
2021-07-09 01:47:37 下次操作: 2021-07-09 01:47:53

2021-07-09 01:47:53 开始第 7 次操作

2021-07-09 01:47:53 开始操作号码 【1746301】
2021-07-09 01:47:58 GSD getOne 第 1 次 等待 1 秒
2021-07-09 01:47:59 查询号码 【1746301】，返回信息 {"status":"bad","msg":""}
2021-07-09 01:48:00 查询号码 【1746301】，GSD为【""】
2021-07-09 01:48:00 bad
2021-07-09 01:48:03 CHB 1746301?1625766480 第 1 次 等待 1 秒
2021-07-09 01:48:04 CHB 1746301?1625766480 第 1 次 获取到号码【1746301】GSD
2021-07-09 01:48:04 未获取到号码【1746301】GSD，可能号码格式错误
2021-07-09 01:48:04 获取到号码【1746301】的GSD为【-】
2021-07-09 01:48:23 GSD insert 第 1 次 等待 1 秒
2021-07-09 01:48:24 {"status":"ok","msg":"添加成功！226988"}
2021-07-09 01:48:24 下次操作: 2021-07-09 01:48:31

2021-07-09 01:48:31 开始第 8 次操作

2021-07-09 01:48:31 开始操作号码 【1746302】
2021-07-09 01:48:59 GSD getOne 第 1 次 等待 1 秒
2021-07-09 01:49:00 查询号码 【1746302】，返回信息 {"status":"bad","msg":""}
2021-07-09 01:49:00 查询号码 【1746302】，GSD为【""】
2021-07-09 01:49:00 bad
2021-07-09 01:49:01 CHB 1746302?1625766540 第 1 次 等待 1 秒
2021-07-09 01:49:02 CHB 1746302?1625766540 第 1 次 获取到号码【1746302】GSD
2021-07-09 01:49:02 未获取到号码【1746302】GSD，可能号码格式错误
2021-07-09 01:49:02 获取到号码【1746302】的GSD为【-】
2021-07-09 01:49:23 GSD insert 第 1 次 等待 1 秒
2021-07-09 01:49:24 {"status":"ok","msg":"添加成功！227007"}
2021-07-09 01:49:24 下次操作: 2021-07-09 01:49:39

2021-07-09 01:49:39 开始第 9 次操作

2021-07-09 01:49:39 开始操作号码 【1746303】
2021-07-09 01:49:45 GSD getOne 第 1 次 等待 1 秒
2021-07-09 01:49:46 查询号码 【1746303】，返回信息 {"status":"bad","msg":""}
2021-07-09 01:49:47 查询号码 【1746303】，GSD为【""】
2021-07-09 01:49:47 bad
2021-07-09 01:49:48 CHB 1746303?1625766587 第 1 次 等待 1 秒
2021-07-09 01:49:49 CHB 1746303?1625766587 第 1 次 获取到号码【1746303】GSD
2021-07-09 01:49:49 未获取到号码【1746303】GSD，可能号码格式错误
2021-07-09 01:49:49 获取到号码【1746303】的GSD为【-】
2021-07-09 01:50:10 GSD insert 第 1 次 等待 1 秒
2021-07-09 01:50:11 {"status":"ok","msg":"添加成功！227023"}
2021-07-09 01:50:11 下次操作: 2021-07-09 01:50:28

2021-07-09 01:50:28 开始第 10 次操作

2021-07-09 01:50:28 开始操作号码 【1746304】
2021-07-09 01:50:32 GSD getOne 第 1 次 等待 1 秒
2021-07-09 01:50:33 查询号码 【1746304】，返回信息 {"status":"bad","msg":""}
2021-07-09 01:50:33 查询号码 【1746304】，GSD为【""】
2021-07-09 01:50:33 bad
2021-07-09 01:50:35 CHB 1746304?1625766633 第 1 次 等待 1 秒
2021-07-09 01:50:36 CHB 1746304?1625766633 第 1 次 获取到号码【1746304】GSD
2021-07-09 01:50:36 未获取到号码【1746304】GSD，可能号码格式错误
2021-07-09 01:50:36 获取到号码【1746304】的GSD为【-】
2021-07-09 01:50:54 GSD insert 第 1 次 等待 1 秒
2021-07-09 01:50:55 {"status":"ok","msg":"添加成功！227034"}
2021-07-09 01:50:55 下次操作: 2021-07-09 01:51:07

2021-07-09 01:51:07 开始第 11 次操作

2021-07-09 01:51:07 开始操作号码 【1746305】
2021-07-09 01:51:14 GSD getOne 第 1 次 等待 1 秒
2021-07-09 01:51:15 查询号码 【1746305】，返回信息 {"status":"bad","msg":""}
2021-07-09 01:51:15 查询号码 【1746305】，GSD为【""】
2021-07-09 01:51:15 bad
2021-07-09 01:51:17 CHB 1746305?1625766675 第 1 次 等待 1 秒
2021-07-09 01:51:18 CHB 1746305?1625766675 第 1 次 获取到号码【1746305】GSD
2021-07-09 01:51:18 未获取到号码【1746305】GSD，可能号码格式错误
2021-07-09 01:51:18 获取到号码【1746305】的GSD为【-】
2021-07-09 01:51:38 GSD insert 第 1 次 等待 1 秒
2021-07-09 01:51:39 {"status":"ok","msg":"添加成功！227047"}
2021-07-09 01:51:39 下次操作: 2021-07-09 01:51:45

2021-07-09 01:51:45 开始第 12 次操作

2021-07-09 01:51:45 开始操作号码 【1746306】
2021-07-09 01:52:04 GSD getOne 第 1 次 等待 1 秒
2021-07-09 01:52:05 查询号码 【1746306】，返回信息 {"status":"bad","msg":""}
2021-07-09 01:52:05 查询号码 【1746306】，GSD为【""】
2021-07-09 01:52:05 bad
2021-07-09 01:52:07 CHB 1746306?1625766725 第 1 次 等待 1 秒
2021-07-09 01:52:08 CHB 1746306?1625766725 第 1 次 获取到号码【1746306】GSD
2021-07-09 01:52:08 未获取到号码【1746306】GSD，可能号码格式错误
2021-07-09 01:52:08 获取到号码【1746306】的GSD为【-】
2021-07-09 01:52:30 GSD insert 第 1 次 等待 1 秒
2021-07-09 01:52:31 {"status":"ok","msg":"添加成功！227060"}
2021-07-09 01:52:31 下次操作: 2021-07-09 01:52:38

2021-07-09 01:52:38 开始第 13 次操作

2021-07-09 01:52:38 开始操作号码 【1746307】
2021-07-09 01:52:57 GSD getOne 第 1 次 等待 1 秒
2021-07-09 01:52:58 查询号码 【1746307】，返回信息 {"status":"bad","msg":""}
2021-07-09 01:52:58 查询号码 【1746307】，GSD为【""】
2021-07-09 01:52:58 bad
2021-07-09 01:53:09 CHB 1746307?1625766778 第 1 次 等待 1 秒
2021-07-09 01:53:10 CHB 1746307?1625766778 第 1 次 获取到号码【1746307】GSD
2021-07-09 01:53:10 未获取到号码【1746307】GSD，可能号码格式错误
2021-07-09 01:53:10 获取到号码【1746307】的GSD为【-】
2021-07-09 01:53:17 GSD insert 第 1 次 等待 1 秒
2021-07-09 01:53:18 {"status":"ok","msg":"添加成功！227073"}
2021-07-09 01:53:18 下次操作: 2021-07-09 01:53:36

2021-07-09 01:53:36 开始第 14 次操作

2021-07-09 01:53:36 开始操作号码 【1746308】
2021-07-09 01:53:40 GSD getOne 第 1 次 等待 1 秒
2021-07-09 01:53:41 查询号码 【1746308】，返回信息 {"status":"bad","msg":""}
2021-07-09 01:53:41 查询号码 【1746308】，GSD为【""】
2021-07-09 01:53:41 bad
2021-07-09 01:53:44 CHB 1746308?1625766821 第 1 次 等待 1 秒
2021-07-09 01:53:45 CHB 1746308?1625766821 第 1 次 获取到号码【1746308】GSD
2021-07-09 01:53:45 未获取到号码【1746308】GSD，可能号码格式错误
2021-07-09 01:53:45 获取到号码【1746308】的GSD为【-】
2021-07-09 01:54:04 GSD insert 第 1 次 等待 1 秒
2021-07-09 01:54:05 {"status":"ok","msg":"添加成功！227085"}
2021-07-09 01:54:05 下次操作: 2021-07-09 01:54:15

2021-07-09 01:54:15 开始第 15 次操作

2021-07-09 01:54:15 开始操作号码 【1746309】
2021-07-09 01:54:26 GSD getOne 第 1 次 等待 1 秒
2021-07-09 01:54:27 查询号码 【1746309】，返回信息 {"status":"bad","msg":""}
2021-07-09 01:54:27 查询号码 【1746309】，GSD为【""】
2021-07-09 01:54:27 bad
2021-07-09 01:54:28 CHB 1746309?1625766867 第 1 次 等待 1 秒
2021-07-09 01:54:29 CHB 1746309?1625766867 第 1 次 获取到号码【1746309】GSD
2021-07-09 01:54:29 未获取到号码【1746309】GSD，可能号码格式错误
2021-07-09 01:54:29 获取到号码【1746309】的GSD为【-】
2021-07-09 01:54:48 GSD insert 第 1 次 等待 1 秒
2021-07-09 01:54:49 {"status":"ok","msg":"添加成功！227097"}
2021-07-09 01:54:49 下次操作: 2021-07-09 01:55:02

2021-07-09 01:55:02 开始第 16 次操作

2021-07-09 01:55:02 开始操作号码 【1746310】
2021-07-09 01:55:15 GSD getOne 第 1 次 等待 1 秒
2021-07-09 01:55:16 查询号码 【1746310】，返回信息 {"status":"bad","msg":""}
2021-07-09 01:55:16 查询号码 【1746310】，GSD为【""】
2021-07-09 01:55:16 bad
2021-07-09 01:55:22 CHB 1746310?1625766916 第 1 次 等待 1 秒
2021-07-09 01:55:23 CHB 1746310?1625766916 第 1 次 获取到号码【1746310】GSD
2021-07-09 01:55:23 未获取到号码【1746310】GSD，可能号码格式错误
2021-07-09 01:55:23 获取到号码【1746310】的GSD为【-】
2021-07-09 01:55:42 GSD insert 第 1 次 等待 1 秒
2021-07-09 01:55:43 {"status":"ok","msg":"添加成功！227112"}
2021-07-09 01:55:43 下次操作: 2021-07-09 01:55:56

2021-07-09 01:55:56 开始第 17 次操作

2021-07-09 01:55:56 开始操作号码 【1746311】
2021-07-09 01:56:02 GSD getOne 第 1 次 等待 1 秒
2021-07-09 01:56:03 查询号码 【1746311】，返回信息 {"status":"bad","msg":""}
2021-07-09 01:56:03 查询号码 【1746311】，GSD为【""】
2021-07-09 01:56:03 bad
2021-07-09 01:56:10 CHB 1746311?1625766963 第 1 次 等待 1 秒
2021-07-09 01:56:11 CHB 1746311?1625766963 第 1 次 获取到号码【1746311】GSD
2021-07-09 01:56:11 未获取到号码【1746311】GSD，可能号码格式错误
2021-07-09 01:56:11 获取到号码【1746311】的GSD为【-】
2021-07-09 01:56:21 GSD insert 第 1 次 等待 1 秒
2021-07-09 01:56:22 {"status":"ok","msg":"添加成功！227126"}
2021-07-09 01:56:22 下次操作: 2021-07-09 01:56:40

2021-07-09 01:56:40 开始第 18 次操作

2021-07-09 01:56:40 开始操作号码 【1746312】
2021-07-09 01:56:44 GSD getOne 第 1 次 等待 1 秒
2021-07-09 01:56:45 查询号码 【1746312】，返回信息 {"status":"bad","msg":""}
2021-07-09 01:56:45 查询号码 【1746312】，GSD为【""】
2021-07-09 01:56:45 bad
2021-07-09 01:56:47 CHB 1746312?1625767005 第 1 次 等待 1 秒
2021-07-09 01:56:48 CHB 1746312?1625767005 第 1 次 获取到号码【1746312】GSD
2021-07-09 01:56:48 未获取到号码【1746312】GSD，可能号码格式错误
2021-07-09 01:56:48 获取到号码【1746312】的GSD为【-】
2021-07-09 01:57:10 GSD insert 第 1 次 等待 1 秒
2021-07-09 01:57:11 {"status":"ok","msg":"添加成功！227142"}
2021-07-09 01:57:11 下次操作: 2021-07-09 01:57:27

2021-07-09 01:57:27 开始第 19 次操作

2021-07-09 01:57:27 开始操作号码 【1746313】
2021-07-09 01:57:31 GSD getOne 第 1 次 等待 1 秒
2021-07-09 01:57:32 查询号码 【1746313】，返回信息 {"status":"bad","msg":""}
2021-07-09 01:57:32 查询号码 【1746313】，GSD为【""】
2021-07-09 01:57:32 bad
2021-07-09 01:57:51 CHB 1746313?1625767052 第 1 次 等待 1 秒
2021-07-09 01:57:52 CHB 1746313?1625767052 第 1 次 获取到号码【1746313】GSD
2021-07-09 01:57:52 未获取到号码【1746313】GSD，可能号码格式错误
2021-07-09 01:57:52 获取到号码【1746313】的GSD为【-】
2021-07-09 01:57:56 GSD insert 第 1 次 等待 1 秒
2021-07-09 01:57:57 {"status":"ok","msg":"添加成功！227152"}
2021-07-09 01:57:57 下次操作: 2021-07-09 01:58:07

2021-07-09 01:58:07 开始第 20 次操作

2021-07-09 01:58:07 开始操作号码 【1746314】
2021-07-09 01:58:21 GSD getOne 第 1 次 等待 1 秒
2021-07-09 01:58:22 查询号码 【1746314】，返回信息 {"status":"bad","msg":""}
2021-07-09 01:58:22 查询号码 【1746314】，GSD为【""】
2021-07-09 01:58:22 bad
2021-07-09 01:58:32 CHB 1746314?1625767102 第 1 次 等待 1 秒
2021-07-09 01:58:33 CHB 1746314?1625767102 第 1 次 获取到号码【1746314】GSD
2021-07-09 01:58:33 未获取到号码【1746314】GSD，可能号码格式错误
2021-07-09 01:58:33 获取到号码【1746314】的GSD为【-】
2021-07-09 01:58:44 GSD insert 第 1 次 等待 1 秒
2021-07-09 01:58:45 {"status":"ok","msg":"添加成功！227168"}
2021-07-09 01:58:45 下次操作: 2021-07-09 01:58:51

2021-07-09 01:58:51 开始第 21 次操作

2021-07-09 01:58:51 开始操作号码 【1746315】
2021-07-09 01:59:11 GSD getOne 第 1 次 等待 1 秒
2021-07-09 01:59:12 查询号码 【1746315】，返回信息 {"status":"bad","msg":""}
2021-07-09 01:59:12 查询号码 【1746315】，GSD为【""】
2021-07-09 01:59:12 bad
2021-07-09 02:00:46 CHB 1746315?1625767152 第 1 次 等待 1 秒
2021-07-09 02:00:47 CHB 1746315?1625767152 第 1 次 获取到号码【1746315】GSD
2021-07-09 02:00:47 未获取到号码【1746315】GSD，查号吧 522 错误
2021-07-09 02:00:47 获取到号码【1746315】的GSD为【-】
2021-07-09 02:00:51 GSD insert 第 1 次 等待 1 秒
2021-07-09 02:00:52 {"status":"ok","msg":"添加成功！227196"}
2021-07-09 02:00:52 下次操作: 2021-07-09 02:01:05

2021-07-09 02:01:05 开始第 22 次操作

2021-07-09 02:01:05 开始操作号码 【1746316】
2021-07-09 02:01:11 GSD getOne 第 1 次 等待 1 秒
2021-07-09 02:01:12 查询号码 【1746316】，返回信息 {"status":"bad","msg":""}
2021-07-09 02:01:12 查询号码 【1746316】，GSD为【""】
2021-07-09 02:01:12 bad
2021-07-09 02:01:14 CHB 1746316?1625767272 第 1 次 等待 1 秒
2021-07-09 02:01:15 CHB 1746316?1625767272 第 1 次 获取到号码【1746316】GSD
2021-07-09 02:01:15 未获取到号码【1746316】GSD，可能号码格式错误
2021-07-09 02:01:15 获取到号码【1746316】的GSD为【-】
2021-07-09 02:01:34 GSD insert 第 1 次 等待 1 秒
2021-07-09 02:01:35 {"status":"ok","msg":"添加成功！227205"}
2021-07-09 02:01:35 下次操作: 2021-07-09 02:01:48

2021-07-09 02:01:48 开始第 23 次操作

2021-07-09 02:01:48 开始操作号码 【1746317】
2021-07-09 02:01:55 GSD getOne 第 1 次 等待 1 秒
2021-07-09 02:01:56 查询号码 【1746317】，返回信息 {"status":"bad","msg":""}
2021-07-09 02:01:56 查询号码 【1746317】，GSD为【""】
2021-07-09 02:01:56 bad
2021-07-09 02:01:57 CHB 1746317?1625767316 第 1 次 等待 1 秒
2021-07-09 02:01:58 CHB 1746317?1625767316 第 1 次 获取到号码【1746317】GSD
2021-07-09 02:01:58 未获取到号码【1746317】GSD，可能号码格式错误
2021-07-09 02:01:58 获取到号码【1746317】的GSD为【-】
2021-07-09 02:02:17 GSD insert 第 1 次 等待 1 秒
2021-07-09 02:02:18 {"status":"ok","msg":"添加成功！227211"}
2021-07-09 02:02:18 下次操作: 2021-07-09 02:02:29

2021-07-09 02:02:29 开始第 24 次操作

2021-07-09 02:02:29 开始操作号码 【1746318】
2021-07-09 02:02:47 GSD getOne 第 1 次 等待 1 秒
2021-07-09 02:02:48 查询号码 【1746318】，返回信息 {"status":"bad","msg":""}
2021-07-09 02:02:48 查询号码 【1746318】，GSD为【""】
2021-07-09 02:02:48 bad
2021-07-09 02:02:51 CHB 1746318?1625767368 第 1 次 等待 1 秒
2021-07-09 02:02:52 CHB 1746318?1625767368 第 1 次 获取到号码【1746318】GSD
2021-07-09 02:02:52 未获取到号码【1746318】GSD，可能号码格式错误
2021-07-09 02:02:52 获取到号码【1746318】的GSD为【-】
2021-07-09 02:03:15 GSD insert 第 1 次 等待 1 秒
2021-07-09 02:03:16 {"status":"ok","msg":"添加成功！227215"}
2021-07-09 02:03:16 下次操作: 2021-07-09 02:03:26

2021-07-09 02:03:26 开始第 25 次操作

2021-07-09 02:03:26 开始操作号码 【1746319】
2021-07-09 02:03:37 GSD getOne 第 1 次 等待 1 秒
2021-07-09 02:03:38 查询号码 【1746319】，返回信息 {"status":"bad","msg":""}
2021-07-09 02:03:38 查询号码 【1746319】，GSD为【""】
2021-07-09 02:03:38 bad
2021-07-09 02:03:43 CHB 1746319?1625767418 第 1 次 等待 1 秒
2021-07-09 02:03:44 CHB 1746319?1625767418 第 1 次 获取到号码【1746319】GSD
2021-07-09 02:03:44 未获取到号码【1746319】GSD，可能号码格式错误
2021-07-09 02:03:44 获取到号码【1746319】的GSD为【-】
2021-07-09 02:04:03 GSD insert 第 1 次 等待 1 秒
2021-07-09 02:04:04 {"status":"ok","msg":"添加成功！227220"}
2021-07-09 02:04:04 下次操作: 2021-07-09 02:04:10

2021-07-09 02:04:10 开始第 26 次操作

2021-07-09 02:04:10 开始操作号码 【1746320】
2021-07-09 02:04:29 GSD getOne 第 1 次 等待 1 秒
2021-07-09 02:04:30 查询号码 【1746320】，返回信息 {"status":"bad","msg":""}
2021-07-09 02:04:30 查询号码 【1746320】，GSD为【""】
2021-07-09 02:04:30 bad
2021-07-09 02:04:32 CHB 1746320?1625767470 第 1 次 等待 1 秒
2021-07-09 02:04:33 CHB 1746320?1625767470 第 1 次 获取到号码【1746320】GSD
2021-07-09 02:04:33 未获取到号码【1746320】GSD，可能号码格式错误
2021-07-09 02:04:33 获取到号码【1746320】的GSD为【-】
2021-07-09 02:04:52 GSD insert 第 1 次 等待 1 秒
2021-07-09 02:04:53 {"status":"ok","msg":"添加成功！227225"}
2021-07-09 02:04:53 下次操作: 2021-07-09 02:05:00

2021-07-09 02:05:00 开始第 27 次操作

2021-07-09 02:05:00 开始操作号码 【1746321】
2021-07-09 02:05:18 GSD getOne 第 1 次 等待 1 秒
2021-07-09 02:05:19 查询号码 【1746321】，返回信息 {"status":"bad","msg":""}
2021-07-09 02:05:20 查询号码 【1746321】，GSD为【""】
2021-07-09 02:05:20 bad
2021-07-09 02:05:26 CHB 1746321?1625767520 第 1 次 等待 1 秒
2021-07-09 02:05:27 CHB 1746321?1625767520 第 1 次 获取到号码【1746321】GSD
2021-07-09 02:05:27 未获取到号码【1746321】GSD，可能号码格式错误
2021-07-09 02:05:27 获取到号码【1746321】的GSD为【-】
2021-07-09 02:05:46 GSD insert 第 1 次 等待 1 秒
2021-07-09 02:05:47 {"status":"ok","msg":"添加成功！227230"}
2021-07-09 02:05:47 下次操作: 2021-07-09 02:05:59

2021-07-09 02:05:59 开始第 28 次操作

2021-07-09 02:05:59 开始操作号码 【1746322】
2021-07-09 02:06:05 GSD getOne 第 1 次 等待 1 秒
2021-07-09 02:06:06 查询号码 【1746322】，返回信息 {"status":"bad","msg":""}
2021-07-09 02:06:06 查询号码 【1746322】，GSD为【""】
2021-07-09 02:06:06 bad
2021-07-09 02:06:12 CHB 1746322?1625767566 第 1 次 等待 1 秒
2021-07-09 02:06:13 CHB 1746322?1625767566 第 1 次 获取到号码【1746322】GSD
2021-07-09 02:06:13 未获取到号码【1746322】GSD，可能号码格式错误
2021-07-09 02:06:13 获取到号码【1746322】的GSD为【-】
2021-07-09 02:06:32 GSD insert 第 1 次 等待 1 秒
2021-07-09 02:06:33 {"status":"ok","msg":"添加成功！227233"}
2021-07-09 02:06:33 下次操作: 2021-07-09 02:06:39

2021-07-09 02:06:39 开始第 29 次操作

2021-07-09 02:06:39 开始操作号码 【1746323】
2021-07-09 02:06:57 GSD getOne 第 1 次 等待 1 秒
2021-07-09 02:06:58 查询号码 【1746323】，返回信息 {"status":"bad","msg":""}
2021-07-09 02:06:59 查询号码 【1746323】，GSD为【""】
2021-07-09 02:06:59 bad
2021-07-09 02:07:00 CHB 1746323?1625767619 第 1 次 等待 1 秒
2021-07-09 02:07:01 CHB 1746323?1625767619 第 1 次 获取到号码【1746323】GSD
2021-07-09 02:07:01 未获取到号码【1746323】GSD，可能号码格式错误
2021-07-09 02:07:01 获取到号码【1746323】的GSD为【-】
2021-07-09 02:07:20 GSD insert 第 1 次 等待 1 秒
2021-07-09 02:07:21 {"status":"ok","msg":"添加成功！227236"}
2021-07-09 02:07:21 下次操作: 2021-07-09 02:07:35

2021-07-09 02:07:35 开始第 30 次操作

2021-07-09 02:07:35 开始操作号码 【1746324】
2021-07-09 02:07:40 GSD getOne 第 1 次 等待 1 秒
2021-07-09 02:07:41 查询号码 【1746324】，返回信息 {"status":"bad","msg":""}
2021-07-09 02:07:41 查询号码 【1746324】，GSD为【""】
2021-07-09 02:07:41 bad
2021-07-09 02:07:42 CHB 1746324?1625767661 第 1 次 等待 1 秒
2021-07-09 02:07:43 CHB 1746324?1625767661 第 1 次 获取到号码【1746324】GSD
2021-07-09 02:07:43 未获取到号码【1746324】GSD，可能号码格式错误
2021-07-09 02:07:43 获取到号码【1746324】的GSD为【-】
2021-07-09 02:08:02 GSD insert 第 1 次 等待 1 秒
2021-07-09 02:08:03 {"status":"ok","msg":"添加成功！227238"}

