2023-11-14 00:11:25 开始第 8729 次操作

2023-11-14 00:11:25 开始操作号码 【1988641】
2023-11-14 00:11:29 GSD getOne 第 1 次 等待 3 秒
2023-11-14 00:11:32 查询号码 【1988641】，返回信息 {"status":"ok","msg":"广东-广州","gid":"472993","time_insert":"2021-08-01 23:57"}
2023-11-14 00:11:32 查询号码 【1988641】，GSD为【"广东-广州"】

2023-11-14 00:11:33 开始第 8730 次操作

2023-11-14 00:11:33 开始操作号码 【1988642】
2023-11-14 00:11:36 GSD getOne 第 1 次 等待 3 秒
2023-11-14 00:11:39 查询号码 【1988642】，返回信息 {"status":"ok","msg":"广东-深圳","gid":"472982","time_insert":"2021-08-01 23:56"}
2023-11-14 00:11:40 查询号码 【1988642】，GSD为【"广东-深圳"】

2023-11-14 00:11:41 开始第 8731 次操作

2023-11-14 00:11:41 开始操作号码 【1988643】
2023-11-14 00:11:44 GSD getOne 第 1 次 等待 3 秒
2023-11-14 00:11:47 查询号码 【1988643】，返回信息 {"status":"ok","msg":"广东-东莞","gid":"472970","time_insert":"2021-08-01 23:56"}
2023-11-14 00:11:47 查询号码 【1988643】，GSD为【"广东-东莞"】

2023-11-14 00:11:48 开始第 8732 次操作

2023-11-14 00:11:48 开始操作号码 【1988644】
2023-11-14 00:11:51 GSD getOne 第 1 次 等待 3 秒
2023-11-14 00:11:54 查询号码 【1988644】，返回信息 {"status":"ok","msg":"广东-广州","gid":"472957","time_insert":"2021-08-01 23:55"}
2023-11-14 00:11:54 查询号码 【1988644】，GSD为【"广东-广州"】

2023-11-14 00:38:10 开始第 8733 次操作

2023-11-14 00:38:10 开始操作号码 【1988645】
2023-11-14 00:38:13 GSD getOne 第 1 次 等待 3 秒
2023-11-14 00:38:16 查询号码 【1988645】，返回信息 {"status":"ok","msg":"广东-深圳","gid":"472950","time_insert":"2021-08-01 23:54"}
2023-11-14 00:38:16 查询号码 【1988645】，GSD为【"广东-深圳"】

2023-11-14 00:38:17 开始第 8734 次操作

2023-11-14 00:38:17 开始操作号码 【1988646】
2023-11-14 00:38:20 GSD getOne 第 1 次 等待 3 秒
2023-11-14 00:38:23 查询号码 【1988646】，返回信息 {"status":"ok","msg":"广东-东莞","gid":"472942","time_insert":"2021-08-01 23:54"}
2023-11-14 00:38:23 查询号码 【1988646】，GSD为【"广东-东莞"】

2023-11-14 00:38:24 开始第 8735 次操作

2023-11-14 00:38:24 开始操作号码 【1988647】
2023-11-14 00:38:30 GSD getOne 第 1 次 等待 3 秒
2023-11-14 00:38:33 查询号码 【1988647】，返回信息 {"status":"ok","msg":"广东-佛山","gid":"472934","time_insert":"2021-08-01 23:53"}
2023-11-14 00:38:33 查询号码 【1988647】，GSD为【"广东-佛山"】

2023-11-14 00:38:34 开始第 8736 次操作

2023-11-14 00:38:34 开始操作号码 【1988648】
2023-11-14 00:38:37 GSD getOne 第 1 次 等待 3 秒
2023-11-14 00:38:40 查询号码 【1988648】，返回信息 {"status":"ok","msg":"广东-潮州","gid":"472925","time_insert":"2021-08-01 23:52"}
2023-11-14 00:38:40 查询号码 【1988648】，GSD为【"广东-潮州"】

