2024-10-07 00:11:43 开始第 8517 次操作

2024-10-07 00:11:43 开始操作号码 【1448511】
2024-10-07 00:11:47 GSD getOne 第 1 次 等待 3 秒
2024-10-07 00:11:50 查询号码 【1448511】，返回信息 {"status":"ok","msg":"-","gid":"681585","time_insert":"2023-04-28 01:42"}
2024-10-07 00:11:50 查询号码 【1448511】，GSD为【"-"】
2024-10-07 00:11:50 ok && -
2024-10-07 00:11:52 CHB 1448511?1728231110 第 1 次 等待 3 秒
2024-10-07 00:11:55 CHB 1448511?1728231110 第 1 次 获取到号码【1448511】GSD
2024-10-07 00:11:55 未获取到号码【1448511】GSD，可能号码格式错误
2024-10-07 00:11:55 获取到号码【1448511】的GSD为【-】
2024-10-07 00:11:57 GSD insert 第 1 次 等待 3 秒
2024-10-07 00:12:00 {"status":"bad","gid":"681585","msg":"添加失败！号码【1448511(-|-)】已存在！"}
2024-10-07 00:12:00 随机等待 192 秒，约 3 分钟
2024-10-07 00:12:00 下次操作: 2024-10-07 00:15:12

2024-10-07 00:15:12 开始第 8518 次操作

2024-10-07 00:15:12 开始操作号码 【1448512】
2024-10-07 00:15:13 GSD getOne 第 1 次 等待 3 秒
2024-10-07 00:15:16 查询号码 【1448512】，返回信息 {"status":"ok","msg":"-","gid":"681578","time_insert":"2023-04-28 01:37"}
2024-10-07 00:15:16 查询号码 【1448512】，GSD为【"-"】
2024-10-07 00:15:16 ok && -
2024-10-07 00:15:18 CHB 1448512?1728231316 第 1 次 等待 3 秒
2024-10-07 00:15:21 CHB 1448512?1728231316 第 1 次 获取到号码【1448512】GSD
2024-10-07 00:15:21 未获取到号码【1448512】GSD，可能号码格式错误
2024-10-07 00:15:21 获取到号码【1448512】的GSD为【-】
2024-10-07 00:15:24 GSD insert 第 1 次 等待 3 秒
2024-10-07 00:15:27 {"status":"bad","gid":"681578","msg":"添加失败！号码【1448512(-|-)】已存在！"}
2024-10-07 00:15:27 随机等待 152 秒，约 2 分钟
2024-10-07 00:15:27 下次操作: 2024-10-07 00:17:59

2024-10-07 00:17:59 开始第 8519 次操作

2024-10-07 00:17:59 开始操作号码 【1448513】
2024-10-07 00:18:15 GSD getOne 第 1 次 等待 3 秒
2024-10-07 00:18:18 查询号码 【1448513】，返回信息 {"status":"ok","msg":"-","gid":"681576","time_insert":"2023-04-28 01:35"}
2024-10-07 00:18:18 查询号码 【1448513】，GSD为【"-"】
2024-10-07 00:18:18 ok && -
2024-10-07 00:18:20 CHB 1448513?1728231498 第 1 次 等待 3 秒
2024-10-07 00:18:23 CHB 1448513?1728231498 第 1 次 获取到号码【1448513】GSD
2024-10-07 00:18:23 未获取到号码【1448513】GSD，可能号码格式错误
2024-10-07 00:18:23 获取到号码【1448513】的GSD为【-】
2024-10-07 00:18:26 GSD insert 第 1 次 等待 3 秒
2024-10-07 00:18:29 {"status":"bad","gid":"681576","msg":"添加失败！号码【1448513(-|-)】已存在！"}
2024-10-07 00:18:29 随机等待 205 秒，约 3 分钟
2024-10-07 00:18:29 下次操作: 2024-10-07 00:21:54

2024-10-07 00:21:54 开始第 8520 次操作

2024-10-07 00:21:54 开始操作号码 【1448514】
2024-10-07 00:22:01 GSD getOne 第 1 次 等待 3 秒
2024-10-07 00:22:04 查询号码 【1448514】，返回信息 {"status":"ok","msg":"-","gid":"681574","time_insert":"2023-04-28 01:34"}
2024-10-07 00:22:04 查询号码 【1448514】，GSD为【"-"】
2024-10-07 00:22:04 ok && -
2024-10-07 00:22:06 CHB 1448514?1728231724 第 1 次 等待 3 秒
2024-10-07 00:22:09 CHB 1448514?1728231724 第 1 次 获取到号码【1448514】GSD
2024-10-07 00:22:09 未获取到号码【1448514】GSD，可能号码格式错误
2024-10-07 00:22:09 获取到号码【1448514】的GSD为【-】
2024-10-07 00:22:11 GSD insert 第 1 次 等待 3 秒
2024-10-07 00:22:14 {"status":"bad","gid":"681574","msg":"添加失败！号码【1448514(-|-)】已存在！"}

2024-10-07 00:39:20 开始第 8521 次操作

2024-10-07 00:39:20 开始操作号码 【1448515】
2024-10-07 00:39:23 GSD getOne 第 1 次 等待 3 秒
2024-10-07 00:39:26 查询号码 【1448515】，返回信息 {"status":"ok","msg":"-","gid":"681571","time_insert":"2023-04-28 01:32"}
2024-10-07 00:39:26 查询号码 【1448515】，GSD为【"-"】
2024-10-07 00:39:26 ok && -
2024-10-07 00:41:36 CHB 1448515?1728232766 第 1 次 等待 3 秒
2024-10-07 00:41:39 CHB 1448515?1728232766 第 1 次 未获取到 等待 123 秒 下次操作: 2024-10-07 00:43:42
2024-10-07 00:43:44 CHB 1448515?1728233022 第 2 次 等待 3 秒
2024-10-07 00:43:47 CHB 1448515?1728233022 第 2 次 获取到号码【1448515】GSD
2024-10-07 00:43:47 未获取到号码【1448515】GSD，可能号码格式错误
2024-10-07 00:43:47 获取到号码【1448515】的GSD为【-】
2024-10-07 00:43:51 GSD insert 第 1 次 等待 3 秒
2024-10-07 00:43:54 {"status":"bad","gid":"681571","msg":"添加失败！号码【1448515(-|-)】已存在！"}
2024-10-07 00:43:54 随机等待 168 秒，约 2 分钟
2024-10-07 00:43:54 下次操作: 2024-10-07 00:46:42

2024-10-07 00:46:42 开始第 8522 次操作

2024-10-07 00:46:42 开始操作号码 【1448516】
2024-10-07 00:46:45 GSD getOne 第 1 次 等待 3 秒
2024-10-07 00:46:48 查询号码 【1448516】，返回信息 {"status":"ok","msg":"-","gid":"681569","time_insert":"2023-04-28 01:30"}
2024-10-07 00:46:48 查询号码 【1448516】，GSD为【"-"】
2024-10-07 00:46:48 ok && -
2024-10-07 00:46:50 CHB 1448516?1728233208 第 1 次 等待 3 秒
2024-10-07 00:46:53 CHB 1448516?1728233208 第 1 次 获取到号码【1448516】GSD
2024-10-07 00:46:53 未获取到号码【1448516】GSD，可能号码格式错误
2024-10-07 00:46:53 获取到号码【1448516】的GSD为【-】
2024-10-07 00:46:55 GSD insert 第 1 次 等待 3 秒
2024-10-07 00:46:58 {"status":"bad","gid":"681569","msg":"添加失败！号码【1448516(-|-)】已存在！"}
2024-10-07 00:46:58 随机等待 124 秒，约 2 分钟
2024-10-07 00:46:58 下次操作: 2024-10-07 00:49:02

2024-10-07 00:49:02 开始第 8523 次操作

2024-10-07 00:49:02 开始操作号码 【1448517】
2024-10-07 00:49:04 GSD getOne 第 1 次 等待 3 秒
2024-10-07 00:49:07 查询号码 【1448517】，返回信息 {"status":"ok","msg":"-","gid":"681562","time_insert":"2023-04-28 01:28"}
2024-10-07 00:49:07 查询号码 【1448517】，GSD为【"-"】
2024-10-07 00:49:07 ok && -
2024-10-07 00:49:09 CHB 1448517?1728233347 第 1 次 等待 3 秒
2024-10-07 00:49:12 CHB 1448517?1728233347 第 1 次 获取到号码【1448517】GSD
2024-10-07 00:49:12 未获取到号码【1448517】GSD，可能号码格式错误
2024-10-07 00:49:12 获取到号码【1448517】的GSD为【-】
2024-10-07 00:49:14 GSD insert 第 1 次 等待 3 秒
2024-10-07 00:49:17 {"status":"bad","gid":"681562","msg":"添加失败！号码【1448517(-|-)】已存在！"}
2024-10-07 00:49:17 随机等待 175 秒，约 2 分钟
2024-10-07 00:49:17 下次操作: 2024-10-07 00:52:12

2024-10-07 00:52:12 开始第 8524 次操作

2024-10-07 00:52:12 开始操作号码 【1448518】
2024-10-07 00:52:15 GSD getOne 第 1 次 等待 3 秒
2024-10-07 00:52:18 查询号码 【1448518】，返回信息 {"status":"ok","msg":"-","gid":"681559","time_insert":"2023-04-28 01:26"}
2024-10-07 00:52:18 查询号码 【1448518】，GSD为【"-"】
2024-10-07 00:52:18 ok && -
2024-10-07 00:52:20 CHB 1448518?1728233538 第 1 次 等待 3 秒
2024-10-07 00:52:23 CHB 1448518?1728233538 第 1 次 获取到号码【1448518】GSD
2024-10-07 00:52:23 未获取到号码【1448518】GSD，可能号码格式错误
2024-10-07 00:52:23 获取到号码【1448518】的GSD为【-】
2024-10-07 00:52:25 GSD insert 第 1 次 等待 3 秒
2024-10-07 00:52:28 {"status":"bad","gid":"681559","msg":"添加失败！号码【1448518(-|-)】已存在！"}

2024-10-07 01:08:59 开始第 8525 次操作

2024-10-07 01:08:59 开始操作号码 【1448519】
2024-10-07 01:09:01 GSD getOne 第 1 次 等待 3 秒
2024-10-07 01:09:04 查询号码 【1448519】，返回信息 {"status":"ok","msg":"-","gid":"681557","time_insert":"2023-04-28 01:23"}
2024-10-07 01:09:04 查询号码 【1448519】，GSD为【"-"】
2024-10-07 01:09:04 ok && -
2024-10-07 01:12:04 CHB 1448519?1728234544 第 1 次 等待 3 秒
2024-10-07 01:12:07 CHB 1448519?1728234544 第 1 次 未获取到 等待 70 秒 下次操作: 2024-10-07 01:13:17
2024-10-07 01:13:19 CHB 1448519?1728234797 第 2 次 等待 3 秒
2024-10-07 01:13:22 CHB 1448519?1728234797 第 2 次 获取到号码【1448519】GSD
2024-10-07 01:13:22 未获取到号码【1448519】GSD，可能号码格式错误
2024-10-07 01:13:22 获取到号码【1448519】的GSD为【-】
2024-10-07 01:13:24 GSD insert 第 1 次 等待 3 秒
2024-10-07 01:13:27 {"status":"bad","gid":"681557","msg":"添加失败！号码【1448519(-|-)】已存在！"}
2024-10-07 01:13:27 随机等待 98 秒，约 1 分钟
2024-10-07 01:13:27 下次操作: 2024-10-07 01:15:05

2024-10-07 01:15:05 开始第 8526 次操作

2024-10-07 01:15:05 开始操作号码 【1448520】
2024-10-07 01:15:08 GSD getOne 第 1 次 等待 3 秒
2024-10-07 01:15:11 查询号码 【1448520】，返回信息 {"status":"ok","msg":"-","gid":"681545","time_insert":"2023-04-28 01:15"}
2024-10-07 01:15:11 查询号码 【1448520】，GSD为【"-"】
2024-10-07 01:15:11 ok && -
2024-10-07 01:15:13 CHB 1448520?1728234911 第 1 次 等待 3 秒
2024-10-07 01:15:16 CHB 1448520?1728234911 第 1 次 获取到号码【1448520】GSD
2024-10-07 01:15:16 未获取到号码【1448520】GSD，可能号码格式错误
2024-10-07 01:15:16 获取到号码【1448520】的GSD为【-】
2024-10-07 01:15:19 GSD insert 第 1 次 等待 3 秒
2024-10-07 01:15:22 {"status":"bad","gid":"681545","msg":"添加失败！号码【1448520(-|-)】已存在！"}
2024-10-07 01:15:22 随机等待 91 秒，约 1 分钟
2024-10-07 01:15:22 下次操作: 2024-10-07 01:16:53

2024-10-07 01:16:53 开始第 8527 次操作

2024-10-07 01:16:53 开始操作号码 【1448521】
2024-10-07 01:16:56 GSD getOne 第 1 次 等待 3 秒
2024-10-07 01:16:59 查询号码 【1448521】，返回信息 {"status":"ok","msg":"-","gid":"681544","time_insert":"2023-04-28 01:13"}
2024-10-07 01:16:59 查询号码 【1448521】，GSD为【"-"】
2024-10-07 01:16:59 ok && -
2024-10-07 01:17:01 CHB 1448521?1728235019 第 1 次 等待 3 秒
2024-10-07 01:17:04 CHB 1448521?1728235019 第 1 次 获取到号码【1448521】GSD
2024-10-07 01:17:04 未获取到号码【1448521】GSD，可能号码格式错误
2024-10-07 01:17:04 获取到号码【1448521】的GSD为【-】
2024-10-07 01:17:06 GSD insert 第 1 次 等待 3 秒
2024-10-07 01:17:09 {"status":"bad","gid":"681544","msg":"添加失败！号码【1448521(-|-)】已存在！"}
2024-10-07 01:17:09 随机等待 232 秒，约 3 分钟
2024-10-07 01:17:09 下次操作: 2024-10-07 01:21:01

2024-10-07 01:21:01 开始第 8528 次操作

2024-10-07 01:21:01 开始操作号码 【1448522】
2024-10-07 01:21:04 GSD getOne 第 1 次 等待 3 秒
2024-10-07 01:21:07 查询号码 【1448522】，返回信息 {"status":"ok","msg":"-","gid":"681541","time_insert":"2023-04-28 01:11"}
2024-10-07 01:21:07 查询号码 【1448522】，GSD为【"-"】
2024-10-07 01:21:07 ok && -
2024-10-07 01:21:09 CHB 1448522?1728235267 第 1 次 等待 3 秒
2024-10-07 01:21:12 CHB 1448522?1728235267 第 1 次 获取到号码【1448522】GSD
2024-10-07 01:21:12 未获取到号码【1448522】GSD，可能号码格式错误
2024-10-07 01:21:12 获取到号码【1448522】的GSD为【-】
2024-10-07 01:21:14 GSD insert 第 1 次 等待 3 秒
2024-10-07 01:21:17 {"status":"bad","gid":"681541","msg":"添加失败！号码【1448522(-|-)】已存在！"}

