2023-12-09 00:11:25 开始第 2209 次操作

2023-12-09 00:11:25 开始操作号码 【1882122】
2023-12-09 00:11:28 GSD getOne 第 1 次 等待 3 秒
2023-12-09 00:11:31 查询号码 【1882122】，返回信息 {"status":"ok","msg":"上海-上海","gid":"492777","time_insert":"2021-08-03 21:30"}
2023-12-09 00:11:31 查询号码 【1882122】，GSD为【"上海-上海"】

2023-12-09 00:11:32 开始第 2210 次操作

2023-12-09 00:11:32 开始操作号码 【1882123】
2023-12-09 00:11:35 GSD getOne 第 1 次 等待 3 秒
2023-12-09 00:11:39 查询号码 【1882123】，返回信息 {"status":"ok","msg":"上海-上海","gid":"492771","time_insert":"2021-08-03 21:29"}
2023-12-09 00:11:39 查询号码 【1882123】，GSD为【"上海-上海"】

2023-12-09 00:11:40 开始第 2211 次操作

2023-12-09 00:11:40 开始操作号码 【1882124】
2023-12-09 00:11:44 GSD getOne 第 1 次 等待 3 秒
2023-12-09 00:11:47 查询号码 【1882124】，返回信息 {"status":"ok","msg":"上海-上海","gid":"492761","time_insert":"2021-08-03 21:28"}
2023-12-09 00:11:47 查询号码 【1882124】，GSD为【"上海-上海"】

2023-12-09 00:11:48 开始第 2212 次操作

2023-12-09 00:11:48 开始操作号码 【1882125】
2023-12-09 00:11:55 GSD getOne 第 1 次 等待 3 秒
2023-12-09 00:11:58 查询号码 【1882125】，返回信息 {"status":"ok","msg":"上海-上海","gid":"492754","time_insert":"2021-08-03 21:27"}
2023-12-09 00:11:58 查询号码 【1882125】，GSD为【"上海-上海"】

2023-12-09 00:38:13 开始第 2213 次操作

2023-12-09 00:38:13 开始操作号码 【1882126】
2023-12-09 00:38:17 GSD getOne 第 1 次 等待 3 秒
2023-12-09 00:38:20 查询号码 【1882126】，返回信息 {"status":"ok","msg":"上海-上海","gid":"492747","time_insert":"2021-08-03 21:26"}
2023-12-09 00:38:20 查询号码 【1882126】，GSD为【"上海-上海"】

2023-12-09 00:38:21 开始第 2214 次操作

2023-12-09 00:38:21 开始操作号码 【1882127】
2023-12-09 00:38:48 GSD getOne 第 1 次 等待 3 秒
2023-12-09 00:38:51 查询号码 【1882127】，返回信息 {"status":"ok","msg":"上海-上海","gid":"492739","time_insert":"2021-08-03 21:25"}
2023-12-09 00:38:51 查询号码 【1882127】，GSD为【"上海-上海"】

2023-12-09 00:38:52 开始第 2215 次操作

2023-12-09 00:38:52 开始操作号码 【1882128】
2023-12-09 00:38:56 GSD getOne 第 1 次 等待 3 秒
2023-12-09 00:38:59 查询号码 【1882128】，返回信息 {"status":"ok","msg":"上海-上海","gid":"492732","time_insert":"2021-08-03 21:24"}
2023-12-09 00:38:59 查询号码 【1882128】，GSD为【"上海-上海"】

2023-12-09 00:39:00 开始第 2216 次操作

2023-12-09 00:39:00 开始操作号码 【1882129】
2023-12-09 00:39:04 GSD getOne 第 1 次 等待 3 秒
2023-12-09 00:39:07 查询号码 【1882129】，返回信息 {"status":"ok","msg":"上海-上海","gid":"492723","time_insert":"2021-08-03 21:22"}
2023-12-09 00:39:07 查询号码 【1882129】，GSD为【"上海-上海"】

