2024-11-12 00:14:37 开始第 4489 次操作

2024-11-12 00:14:37 开始操作号码 【1334488】
2024-11-12 00:14:39 GSD getOne 第 1 次 等待 3 秒
2024-11-12 00:14:42 查询号码 【1334488】，返回信息 {"status":"ok","msg":"江苏-南京","gid":"192925","time_insert":"2021-07-04 21:00"}
2024-11-12 00:14:42 查询号码 【1334488】，GSD为【"江苏-南京"】

2024-11-12 00:14:43 开始第 4490 次操作

2024-11-12 00:14:43 开始操作号码 【1334489】
2024-11-12 00:14:44 GSD getOne 第 1 次 等待 3 秒
2024-11-12 00:14:47 查询号码 【1334489】，返回信息 {"status":"ok","msg":"江苏-镇江","gid":"3201","time_insert":"2018-06-27 20:17","time_update":"2020-08-23 23:38"}
2024-11-12 00:14:47 查询号码 【1334489】，GSD为【"江苏-镇江"】

2024-11-12 00:14:48 开始第 4491 次操作

2024-11-12 00:14:48 开始操作号码 【1334490】
2024-11-12 00:14:49 GSD getOne 第 1 次 等待 3 秒
2024-11-12 00:14:52 查询号码 【1334490】，返回信息 {"status":"ok","msg":"江苏-镇江","gid":"193052","time_insert":"2021-07-04 21:14"}
2024-11-12 00:14:52 查询号码 【1334490】，GSD为【"江苏-镇江"】

2024-11-12 00:14:53 开始第 4492 次操作

2024-11-12 00:14:53 开始操作号码 【1334491】
2024-11-12 00:14:54 GSD getOne 第 1 次 等待 3 秒
2024-11-12 00:14:57 查询号码 【1334491】，返回信息 {"status":"ok","msg":"江苏-镇江","gid":"193219","time_insert":"2021-07-04 21:29"}
2024-11-12 00:14:57 查询号码 【1334491】，GSD为【"江苏-镇江"】

2024-11-12 00:42:16 开始第 4493 次操作

2024-11-12 00:42:16 开始操作号码 【1334492】
2024-11-12 00:42:17 GSD getOne 第 1 次 等待 3 秒
2024-11-12 00:42:20 查询号码 【1334492】，返回信息 {"status":"ok","msg":"江苏-镇江","gid":"193296","time_insert":"2021-07-04 21:41"}
2024-11-12 00:42:20 查询号码 【1334492】，GSD为【"江苏-镇江"】

2024-11-12 00:42:21 开始第 4494 次操作

2024-11-12 00:42:21 开始操作号码 【1334493】
2024-11-12 00:42:22 GSD getOne 第 1 次 等待 3 秒
2024-11-12 00:42:25 查询号码 【1334493】，返回信息 {"status":"ok","msg":"江苏-泰州","gid":"193441","time_insert":"2021-07-04 21:54"}
2024-11-12 00:42:25 查询号码 【1334493】，GSD为【"江苏-泰州"】

2024-11-12 00:42:26 开始第 4495 次操作

2024-11-12 00:42:26 开始操作号码 【1334494】
2024-11-12 00:42:27 GSD getOne 第 1 次 等待 3 秒
2024-11-12 00:42:30 查询号码 【1334494】，返回信息 {"status":"ok","msg":"江苏-泰州","gid":"193482","time_insert":"2021-07-04 22:06"}
2024-11-12 00:42:30 查询号码 【1334494】，GSD为【"江苏-泰州"】

2024-11-12 00:42:31 开始第 4496 次操作

2024-11-12 00:42:31 开始操作号码 【1334495】
2024-11-12 00:42:32 GSD getOne 第 1 次 等待 3 秒
2024-11-12 00:42:35 查询号码 【1334495】，返回信息 {"status":"ok","msg":"江苏-南京","gid":"193501","time_insert":"2021-07-04 22:16"}
2024-11-12 00:42:35 查询号码 【1334495】，GSD为【"江苏-南京"】

2024-11-12 01:10:24 开始第 4497 次操作

2024-11-12 01:10:24 开始操作号码 【1334496】
2024-11-12 01:10:25 GSD getOne 第 1 次 等待 3 秒
2024-11-12 01:10:28 查询号码 【1334496】，返回信息 {"status":"ok","msg":"江苏-南京","gid":"193525","time_insert":"2021-07-04 22:31"}
2024-11-12 01:10:28 查询号码 【1334496】，GSD为【"江苏-南京"】

2024-11-12 01:10:29 开始第 4498 次操作

2024-11-12 01:10:29 开始操作号码 【1334497】
2024-11-12 01:10:30 GSD getOne 第 1 次 等待 3 秒
2024-11-12 01:10:33 查询号码 【1334497】，返回信息 {"status":"ok","msg":"江苏-南京","gid":"193581","time_insert":"2021-07-04 22:41"}
2024-11-12 01:10:33 查询号码 【1334497】，GSD为【"江苏-南京"】

2024-11-12 01:10:35 开始第 4499 次操作

2024-11-12 01:10:35 开始操作号码 【1334498】
2024-11-12 01:10:36 GSD getOne 第 1 次 等待 3 秒
2024-11-12 01:10:39 查询号码 【1334498】，返回信息 {"status":"ok","msg":"江苏-南京","gid":"193712","time_insert":"2021-07-04 22:55"}
2024-11-12 01:10:39 查询号码 【1334498】，GSD为【"江苏-南京"】

2024-11-12 01:10:40 开始第 4500 次操作

2024-11-12 01:10:40 开始操作号码 【1334499】
2024-11-12 01:10:41 GSD getOne 第 1 次 等待 3 秒
2024-11-12 01:10:44 查询号码 【1334499】，返回信息 {"status":"ok","msg":"江苏-宿迁","gid":"193796","time_insert":"2021-07-04 23:08"}
2024-11-12 01:10:44 查询号码 【1334499】，GSD为【"江苏-宿迁"】

2024-11-12 01:35:21 开始第 4501 次操作

2024-11-12 01:35:21 开始操作号码 【1334500】
2024-11-12 01:35:23 GSD getOne 第 1 次 等待 3 秒
2024-11-12 01:35:26 查询号码 【1334500】，返回信息 {"status":"ok","msg":"山东-青岛","gid":"193826","time_insert":"2021-07-04 23:23"}
2024-11-12 01:35:26 查询号码 【1334500】，GSD为【"山东-青岛"】

2024-11-12 01:35:27 开始第 4502 次操作

2024-11-12 01:35:27 开始操作号码 【1334501】
2024-11-12 01:35:28 GSD getOne 第 1 次 等待 3 秒
2024-11-12 01:35:31 查询号码 【1334501】，返回信息 {"status":"ok","msg":"山东-青岛","gid":"193847","time_insert":"2021-07-04 23:36"}
2024-11-12 01:35:31 查询号码 【1334501】，GSD为【"山东-青岛"】

2024-11-12 01:35:32 开始第 4503 次操作

2024-11-12 01:35:32 开始操作号码 【1334502】
2024-11-12 01:35:33 GSD getOne 第 1 次 等待 3 秒
2024-11-12 01:35:36 查询号码 【1334502】，返回信息 {"status":"ok","msg":"山东-青岛","gid":"3202","time_insert":"2020-04-16 09:29","time_update":"2020-09-11 02:53"}
2024-11-12 01:35:36 查询号码 【1334502】，GSD为【"山东-青岛"】

2024-11-12 01:35:37 开始第 4504 次操作

2024-11-12 01:35:37 开始操作号码 【1334503】
2024-11-12 01:35:38 GSD getOne 第 1 次 等待 3 秒
2024-11-12 01:35:41 查询号码 【1334503】，返回信息 {"status":"ok","msg":"山东-东营","gid":"193878","time_insert":"2021-07-04 23:48"}
2024-11-12 01:35:41 查询号码 【1334503】，GSD为【"山东-东营"】

