2024-06-30 00:11:44 开始第 3961 次操作

2024-06-30 00:11:44 开始操作号码 【1553870】
2024-06-30 00:11:58 GSD getOne 第 1 次 等待 3 秒
2024-06-30 00:12:01 查询号码 【1553870】，返回信息 {"status":"ok","msg":"河南-郑州","gid":"306310","time_insert":"2021-07-17 19:23"}
2024-06-30 00:12:02 查询号码 【1553870】，GSD为【"河南-郑州"】

2024-06-30 00:12:03 开始第 3962 次操作

2024-06-30 00:12:03 开始操作号码 【1553871】
2024-06-30 00:12:16 GSD getOne 第 1 次 等待 3 秒
2024-06-30 00:12:19 查询号码 【1553871】，返回信息 {"status":"ok","msg":"河南-郑州","gid":"306341","time_insert":"2021-07-17 19:33"}
2024-06-30 00:12:19 查询号码 【1553871】，GSD为【"河南-郑州"】

2024-06-30 00:12:20 开始第 3963 次操作

2024-06-30 00:12:20 开始操作号码 【1553872】
2024-06-30 00:12:36 GSD getOne 第 1 次 等待 3 秒
2024-06-30 00:12:39 查询号码 【1553872】，返回信息 {"status":"ok","msg":"河南-南阳","gid":"306434","time_insert":"2021-07-17 19:42"}
2024-06-30 00:12:39 查询号码 【1553872】，GSD为【"河南-南阳"】

2024-06-30 00:12:41 开始第 3964 次操作

2024-06-30 00:12:41 开始操作号码 【1553873】
2024-06-30 00:12:55 GSD getOne 第 1 次 等待 3 秒
2024-06-30 00:12:58 查询号码 【1553873】，返回信息 {"status":"ok","msg":"河南-南阳","gid":"306583","time_insert":"2021-07-17 19:52"}
2024-06-30 00:12:58 查询号码 【1553873】，GSD为【"河南-南阳"】

2024-06-30 00:37:21 开始第 3965 次操作

2024-06-30 00:37:21 开始操作号码 【1553874】
2024-06-30 00:37:50 GSD getOne 第 1 次 等待 3 秒
2024-06-30 00:37:53 查询号码 【1553874】，返回信息 {"status":"ok","msg":"河南-南阳","gid":"306717","time_insert":"2021-07-17 20:02"}
2024-06-30 00:37:53 查询号码 【1553874】，GSD为【"河南-南阳"】

2024-06-30 00:37:54 开始第 3966 次操作

2024-06-30 00:37:54 开始操作号码 【1553875】
2024-06-30 00:38:16 GSD getOne 第 1 次 等待 3 秒
2024-06-30 00:38:19 查询号码 【1553875】，返回信息 {"status":"ok","msg":"河南-南阳","gid":"306777","time_insert":"2021-07-17 20:11"}
2024-06-30 00:38:19 查询号码 【1553875】，GSD为【"河南-南阳"】

2024-06-30 00:38:20 开始第 3967 次操作

2024-06-30 00:38:20 开始操作号码 【1553876】
2024-06-30 00:38:38 GSD getOne 第 1 次 等待 3 秒
2024-06-30 00:38:41 查询号码 【1553876】，返回信息 {"status":"ok","msg":"河南-南阳","gid":"306797","time_insert":"2021-07-17 20:21"}
2024-06-30 00:38:41 查询号码 【1553876】，GSD为【"河南-南阳"】

2024-06-30 00:38:42 开始第 3968 次操作

2024-06-30 00:38:42 开始操作号码 【1553877】
2024-06-30 00:38:57 GSD getOne 第 1 次 等待 3 秒
2024-06-30 00:39:00 查询号码 【1553877】，返回信息 {"status":"ok","msg":"河南-南阳","gid":"54523","time_insert":"2020-05-15 21:52"}
2024-06-30 00:39:00 查询号码 【1553877】，GSD为【"河南-南阳"】

