2024-01-10 00:11:38 开始第 8081 次操作

2024-01-10 00:11:38 开始操作号码 【1887994】
2024-01-10 00:11:42 GSD getOne 第 1 次 等待 3 秒
2024-01-10 00:11:45 查询号码 【1887994】，返回信息 {"status":"ok","msg":"江西-萍乡","gid":"431071","time_insert":"2021-07-29 06:56"}
2024-01-10 00:11:45 查询号码 【1887994】，GSD为【"江西-萍乡"】

2024-01-10 00:11:46 开始第 8082 次操作

2024-01-10 00:11:46 开始操作号码 【1887995】
2024-01-10 00:11:48 GSD getOne 第 1 次 等待 3 秒
2024-01-10 00:11:51 查询号码 【1887995】，返回信息 {"status":"ok","msg":"江西-萍乡","gid":"431063","time_insert":"2021-07-29 06:55"}
2024-01-10 00:11:51 查询号码 【1887995】，GSD为【"江西-萍乡"】

2024-01-10 00:11:52 开始第 8083 次操作

2024-01-10 00:11:52 开始操作号码 【1887996】
2024-01-10 00:11:55 GSD getOne 第 1 次 等待 3 秒
2024-01-10 00:11:58 查询号码 【1887996】，返回信息 {"status":"ok","msg":"江西-萍乡","gid":"431052","time_insert":"2021-07-29 06:54"}
2024-01-10 00:11:58 查询号码 【1887996】，GSD为【"江西-萍乡"】

2024-01-10 00:11:59 开始第 8084 次操作

2024-01-10 00:11:59 开始操作号码 【1887997】
2024-01-10 00:12:02 GSD getOne 第 1 次 等待 3 秒
2024-01-10 00:12:05 查询号码 【1887997】，返回信息 {"status":"ok","msg":"江西-萍乡","gid":"431045","time_insert":"2021-07-29 06:53"}
2024-01-10 00:12:05 查询号码 【1887997】，GSD为【"江西-萍乡"】

2024-01-10 00:38:36 开始第 8085 次操作

2024-01-10 00:38:36 开始操作号码 【1887998】
2024-01-10 00:38:40 GSD getOne 第 1 次 等待 3 秒
2024-01-10 00:38:43 查询号码 【1887998】，返回信息 {"status":"ok","msg":"江西-萍乡","gid":"431033","time_insert":"2021-07-29 06:52"}
2024-01-10 00:38:43 查询号码 【1887998】，GSD为【"江西-萍乡"】

2024-01-10 00:38:44 开始第 8086 次操作

2024-01-10 00:38:44 开始操作号码 【1887999】
2024-01-10 00:38:47 GSD getOne 第 1 次 等待 3 秒
2024-01-10 00:38:50 查询号码 【1887999】，返回信息 {"status":"ok","msg":"江西-萍乡","gid":"431024","time_insert":"2021-07-29 06:52"}
2024-01-10 00:38:50 查询号码 【1887999】，GSD为【"江西-萍乡"】

2024-01-10 00:38:51 开始第 8087 次操作

2024-01-10 00:38:51 开始操作号码 【1888000】
2024-01-10 00:38:55 GSD getOne 第 1 次 等待 3 秒
2024-01-10 00:38:58 查询号码 【1888000】，返回信息 {"status":"ok","msg":"四川-成都","gid":"431008","time_insert":"2021-07-29 06:51"}
2024-01-10 00:38:58 查询号码 【1888000】，GSD为【"四川-成都"】

2024-01-10 00:38:59 开始第 8088 次操作

2024-01-10 00:38:59 开始操作号码 【1888001】
2024-01-10 00:39:02 GSD getOne 第 1 次 等待 3 秒
2024-01-10 00:39:05 查询号码 【1888001】，返回信息 {"status":"ok","msg":"四川-成都","gid":"431000","time_insert":"2021-07-29 06:50"}
2024-01-10 00:39:05 查询号码 【1888001】，GSD为【"四川-成都"】

2024-01-10 01:08:30 开始第 8089 次操作

2024-01-10 01:08:30 开始操作号码 【1888002】
2024-01-10 01:08:35 GSD getOne 第 1 次 等待 3 秒
2024-01-10 01:08:38 查询号码 【1888002】，返回信息 {"status":"ok","msg":"四川-成都","gid":"430987","time_insert":"2021-07-29 06:49"}
2024-01-10 01:08:38 查询号码 【1888002】，GSD为【"四川-成都"】

2024-01-10 01:08:39 开始第 8090 次操作

2024-01-10 01:08:39 开始操作号码 【1888003】
2024-01-10 01:08:43 GSD getOne 第 1 次 等待 3 秒
2024-01-10 01:08:46 查询号码 【1888003】，返回信息 {"status":"ok","msg":"四川-成都","gid":"430976","time_insert":"2021-07-29 06:48"}
2024-01-10 01:08:46 查询号码 【1888003】，GSD为【"四川-成都"】

2024-01-10 01:08:47 开始第 8091 次操作

2024-01-10 01:08:47 开始操作号码 【1888004】
2024-01-10 01:08:50 GSD getOne 第 1 次 等待 3 秒
2024-01-10 01:08:53 查询号码 【1888004】，返回信息 {"status":"ok","msg":"四川-成都","gid":"430961","time_insert":"2021-07-29 06:47"}
2024-01-10 01:08:53 查询号码 【1888004】，GSD为【"四川-成都"】

2024-01-10 01:08:54 开始第 8092 次操作

2024-01-10 01:08:54 开始操作号码 【1888005】
2024-01-10 01:08:57 GSD getOne 第 1 次 等待 3 秒
2024-01-10 01:09:00 查询号码 【1888005】，返回信息 {"status":"ok","msg":"四川-成都","gid":"430945","time_insert":"2021-07-29 06:47"}
2024-01-10 01:09:00 查询号码 【1888005】，GSD为【"四川-成都"】

2024-01-10 01:33:08 开始第 8093 次操作

2024-01-10 01:33:08 开始操作号码 【1888006】
2024-01-10 01:33:11 GSD getOne 第 1 次 等待 3 秒
2024-01-10 01:33:14 查询号码 【1888006】，返回信息 {"status":"ok","msg":"四川-成都","gid":"430933","time_insert":"2021-07-29 06:46"}
2024-01-10 01:33:14 查询号码 【1888006】，GSD为【"四川-成都"】

2024-01-10 01:33:15 开始第 8094 次操作

2024-01-10 01:33:15 开始操作号码 【1888007】
2024-01-10 01:33:21 GSD getOne 第 1 次 等待 3 秒
2024-01-10 01:33:24 查询号码 【1888007】，返回信息 {"status":"ok","msg":"四川-成都","gid":"430918","time_insert":"2021-07-29 06:45"}
2024-01-10 01:33:24 查询号码 【1888007】，GSD为【"四川-成都"】

2024-01-10 01:33:25 开始第 8095 次操作

2024-01-10 01:33:25 开始操作号码 【1888008】
2024-01-10 01:33:28 GSD getOne 第 1 次 等待 3 秒
2024-01-10 01:33:31 查询号码 【1888008】，返回信息 {"status":"ok","msg":"四川-成都","gid":"430906","time_insert":"2021-07-29 06:44"}
2024-01-10 01:33:31 查询号码 【1888008】，GSD为【"四川-成都"】

2024-01-10 01:33:32 开始第 8096 次操作

2024-01-10 01:33:32 开始操作号码 【1888009】
2024-01-10 01:33:35 GSD getOne 第 1 次 等待 3 秒
2024-01-10 01:33:38 查询号码 【1888009】，返回信息 {"status":"ok","msg":"四川-成都","gid":"430892","time_insert":"2021-07-29 06:43"}
2024-01-10 01:33:38 查询号码 【1888009】，GSD为【"四川-成都"】

