2024-01-05 00:11:17 开始第 7165 次操作

2024-01-05 00:11:17 开始操作号码 【1887078】
2024-01-05 00:11:20 GSD getOne 第 1 次 等待 3 秒
2024-01-05 00:11:23 查询号码 【1887078】，返回信息 {"status":"ok","msg":"江西-赣州","gid":"439897","time_insert":"2021-07-30 03:05"}
2024-01-05 00:11:23 查询号码 【1887078】，GSD为【"江西-赣州"】

2024-01-05 00:11:24 开始第 7166 次操作

2024-01-05 00:11:24 开始操作号码 【1887079】
2024-01-05 00:11:27 GSD getOne 第 1 次 等待 3 秒
2024-01-05 00:11:30 查询号码 【1887079】，返回信息 {"status":"ok","msg":"江西-赣州","gid":"439889","time_insert":"2021-07-30 03:04"}
2024-01-05 00:11:30 查询号码 【1887079】，GSD为【"江西-赣州"】

2024-01-05 00:11:31 开始第 7167 次操作

2024-01-05 00:11:31 开始操作号码 【1887080】
2024-01-05 00:11:34 GSD getOne 第 1 次 等待 3 秒
2024-01-05 00:11:37 查询号码 【1887080】，返回信息 {"status":"ok","msg":"江西-南昌","gid":"439877","time_insert":"2021-07-30 03:04"}
2024-01-05 00:11:37 查询号码 【1887080】，GSD为【"江西-南昌"】

2024-01-05 00:11:38 开始第 7168 次操作

2024-01-05 00:11:38 开始操作号码 【1887081】
2024-01-05 00:11:42 GSD getOne 第 1 次 等待 3 秒
2024-01-05 00:11:45 查询号码 【1887081】，返回信息 {"status":"ok","msg":"江西-南昌","gid":"439868","time_insert":"2021-07-30 03:03"}
2024-01-05 00:11:45 查询号码 【1887081】，GSD为【"江西-南昌"】

