2024-08-23 00:13:44 开始第 649 次操作

2024-08-23 00:13:44 开始操作号码 【1440648】
2024-08-23 00:13:55 GSD getOne 第 1 次 等待 3 秒
2024-08-23 00:13:58 查询号码 【1440648】，返回信息 {"status":"ok","msg":"-","gid":"529282","time_insert":"2023-02-13 17:50"}
2024-08-23 00:13:58 查询号码 【1440648】，GSD为【"-"】
2024-08-23 00:13:58 ok && -
2024-08-23 00:14:00 CHB 1440648?1724343238 第 1 次 等待 3 秒
2024-08-23 00:14:03 CHB 1440648?1724343238 第 1 次 获取到号码【1440648】GSD
2024-08-23 00:14:03 未获取到号码【1440648】GSD，可能号码格式错误
2024-08-23 00:14:03 获取到号码【1440648】的GSD为【-】
2024-08-23 00:14:11 GSD insert 第 1 次 等待 3 秒
2024-08-23 00:14:14 {"status":"bad","gid":"529282","msg":"添加失败！号码【1440648(-|-)】已存在！"}
2024-08-23 00:14:14 随机等待 234 秒，约 3 分钟
2024-08-23 00:14:14 下次操作: 2024-08-23 00:18:08

2024-08-23 00:18:08 开始第 650 次操作

2024-08-23 00:18:08 开始操作号码 【1440649】
2024-08-23 00:18:16 GSD getOne 第 1 次 等待 3 秒
2024-08-23 00:18:19 查询号码 【1440649】，返回信息 {"status":"ok","msg":"-","gid":"529300","time_insert":"2023-02-13 18:03"}
2024-08-23 00:18:19 查询号码 【1440649】，GSD为【"-"】
2024-08-23 00:18:19 ok && -
2024-08-23 00:18:22 CHB 1440649?1724343499 第 1 次 等待 3 秒
2024-08-23 00:18:25 CHB 1440649?1724343499 第 1 次 获取到号码【1440649】GSD
2024-08-23 00:18:25 未获取到号码【1440649】GSD，可能号码格式错误
2024-08-23 00:18:25 获取到号码【1440649】的GSD为【-】
2024-08-23 00:18:34 GSD insert 第 1 次 等待 3 秒
2024-08-23 00:18:37 {"status":"bad","gid":"529300","msg":"添加失败！号码【1440649(-|-)】已存在！"}
2024-08-23 00:18:37 随机等待 74 秒，约 1 分钟
2024-08-23 00:18:37 下次操作: 2024-08-23 00:19:51

2024-08-23 00:19:51 开始第 651 次操作

2024-08-23 00:19:51 开始操作号码 【1440650】
2024-08-23 00:19:59 GSD getOne 第 1 次 等待 3 秒
2024-08-23 00:20:02 查询号码 【1440650】，返回信息 {"status":"ok","msg":"-","gid":"529315","time_insert":"2023-02-13 18:15"}
2024-08-23 00:20:02 查询号码 【1440650】，GSD为【"-"】
2024-08-23 00:20:02 ok && -
2024-08-23 00:20:04 CHB 1440650?1724343602 第 1 次 等待 3 秒
2024-08-23 00:20:07 CHB 1440650?1724343602 第 1 次 获取到号码【1440650】GSD
2024-08-23 00:20:07 未获取到号码【1440650】GSD，可能号码格式错误
2024-08-23 00:20:07 获取到号码【1440650】的GSD为【-】
2024-08-23 00:20:18 GSD insert 第 1 次 等待 3 秒
2024-08-23 00:20:21 {"status":"bad","gid":"529315","msg":"添加失败！号码【1440650(-|-)】已存在！"}
2024-08-23 00:20:21 随机等待 107 秒，约 1 分钟
2024-08-23 00:20:21 下次操作: 2024-08-23 00:22:08

2024-08-23 00:22:08 开始第 652 次操作

2024-08-23 00:22:08 开始操作号码 【1440651】
2024-08-23 00:22:16 GSD getOne 第 1 次 等待 3 秒
2024-08-23 00:22:19 查询号码 【1440651】，返回信息 {"status":"ok","msg":"-","gid":"529327","time_insert":"2023-02-13 18:27"}
2024-08-23 00:22:19 查询号码 【1440651】，GSD为【"-"】
2024-08-23 00:22:19 ok && -
2024-08-23 00:22:21 CHB 1440651?1724343739 第 1 次 等待 3 秒
2024-08-23 00:22:24 CHB 1440651?1724343739 第 1 次 获取到号码【1440651】GSD
2024-08-23 00:22:24 未获取到号码【1440651】GSD，可能号码格式错误
2024-08-23 00:22:24 获取到号码【1440651】的GSD为【-】
2024-08-23 00:22:32 GSD insert 第 1 次 等待 3 秒
2024-08-23 00:22:35 {"status":"bad","gid":"529327","msg":"添加失败！号码【1440651(-|-)】已存在！"}

2024-08-23 00:43:11 开始第 653 次操作

2024-08-23 00:43:11 开始操作号码 【1440652】
2024-08-23 00:43:30 GSD getOne 第 1 次 等待 3 秒
2024-08-23 00:43:33 查询号码 【1440652】，返回信息 {"status":"ok","msg":"-","gid":"529339","time_insert":"2023-02-13 18:37"}
2024-08-23 00:43:33 查询号码 【1440652】，GSD为【"-"】
2024-08-23 00:43:33 ok && -
2024-08-23 00:43:35 CHB 1440652?1724345013 第 1 次 等待 3 秒
2024-08-23 00:43:38 CHB 1440652?1724345013 第 1 次 获取到号码【1440652】GSD
2024-08-23 00:43:38 未获取到号码【1440652】GSD，可能号码格式错误
2024-08-23 00:43:38 获取到号码【1440652】的GSD为【-】
2024-08-23 00:43:49 GSD insert 第 1 次 等待 3 秒
2024-08-23 00:43:52 {"status":"bad","gid":"529339","msg":"添加失败！号码【1440652(-|-)】已存在！"}
2024-08-23 00:43:52 随机等待 130 秒，约 2 分钟
2024-08-23 00:43:52 下次操作: 2024-08-23 00:46:02

2024-08-23 00:46:02 开始第 654 次操作

2024-08-23 00:46:02 开始操作号码 【1440653】
2024-08-23 00:46:10 GSD getOne 第 1 次 等待 3 秒
2024-08-23 00:46:13 查询号码 【1440653】，返回信息 {"status":"ok","msg":"-","gid":"529355","time_insert":"2023-02-13 18:50"}
2024-08-23 00:46:13 查询号码 【1440653】，GSD为【"-"】
2024-08-23 00:46:13 ok && -
2024-08-23 00:46:15 CHB 1440653?1724345173 第 1 次 等待 3 秒
2024-08-23 00:46:18 CHB 1440653?1724345173 第 1 次 获取到号码【1440653】GSD
2024-08-23 00:46:19 未获取到号码【1440653】GSD，可能号码格式错误
2024-08-23 00:46:19 获取到号码【1440653】的GSD为【-】
2024-08-23 00:46:26 GSD insert 第 1 次 等待 3 秒
2024-08-23 00:46:29 {"status":"bad","gid":"529355","msg":"添加失败！号码【1440653(-|-)】已存在！"}
2024-08-23 00:46:29 随机等待 211 秒，约 3 分钟
2024-08-23 00:46:29 下次操作: 2024-08-23 00:50:00

2024-08-23 00:50:00 开始第 655 次操作

2024-08-23 00:50:00 开始操作号码 【1440654】
2024-08-23 00:50:08 GSD getOne 第 1 次 等待 3 秒
2024-08-23 00:50:11 查询号码 【1440654】，返回信息 {"status":"ok","msg":"-","gid":"529369","time_insert":"2023-02-13 19:02"}
2024-08-23 00:50:11 查询号码 【1440654】，GSD为【"-"】
2024-08-23 00:50:11 ok && -
2024-08-23 00:50:13 CHB 1440654?1724345411 第 1 次 等待 3 秒
2024-08-23 00:50:16 CHB 1440654?1724345411 第 1 次 获取到号码【1440654】GSD
2024-08-23 00:50:16 未获取到号码【1440654】GSD，可能号码格式错误
2024-08-23 00:50:16 获取到号码【1440654】的GSD为【-】
2024-08-23 00:50:24 GSD insert 第 1 次 等待 3 秒
2024-08-23 00:50:27 {"status":"bad","gid":"529369","msg":"添加失败！号码【1440654(-|-)】已存在！"}
2024-08-23 00:50:27 随机等待 114 秒，约 1 分钟
2024-08-23 00:50:27 下次操作: 2024-08-23 00:52:21

2024-08-23 00:52:21 开始第 656 次操作

2024-08-23 00:52:21 开始操作号码 【1440655】
2024-08-23 00:52:31 GSD getOne 第 1 次 等待 3 秒
2024-08-23 00:52:34 查询号码 【1440655】，返回信息 {"status":"ok","msg":"-","gid":"529385","time_insert":"2023-02-13 19:16"}
2024-08-23 00:52:34 查询号码 【1440655】，GSD为【"-"】
2024-08-23 00:52:34 ok && -
2024-08-23 00:52:37 CHB 1440655?1724345554 第 1 次 等待 3 秒
2024-08-23 00:52:40 CHB 1440655?1724345554 第 1 次 获取到号码【1440655】GSD
2024-08-23 00:52:40 未获取到号码【1440655】GSD，可能号码格式错误
2024-08-23 00:52:40 获取到号码【1440655】的GSD为【-】
2024-08-23 00:52:49 GSD insert 第 1 次 等待 3 秒
2024-08-23 00:52:52 {"status":"bad","gid":"529385","msg":"添加失败！号码【1440655(-|-)】已存在！"}

2024-08-23 01:09:04 开始第 657 次操作

2024-08-23 01:09:04 开始操作号码 【1440656】
2024-08-23 01:09:14 GSD getOne 第 1 次 等待 3 秒
2024-08-23 01:09:17 查询号码 【1440656】，返回信息 {"status":"ok","msg":"-","gid":"529399","time_insert":"2023-02-13 19:28"}
2024-08-23 01:09:18 查询号码 【1440656】，GSD为【"-"】
2024-08-23 01:09:18 ok && -
2024-08-23 01:09:19 CHB 1440656?1724346558 第 1 次 等待 3 秒
2024-08-23 01:09:22 CHB 1440656?1724346558 第 1 次 获取到号码【1440656】GSD
2024-08-23 01:09:22 未获取到号码【1440656】GSD，可能号码格式错误
2024-08-23 01:09:22 获取到号码【1440656】的GSD为【-】
2024-08-23 01:09:32 GSD insert 第 1 次 等待 3 秒
2024-08-23 01:09:35 {"status":"bad","gid":"529399","msg":"添加失败！号码【1440656(-|-)】已存在！"}
2024-08-23 01:09:35 随机等待 88 秒，约 1 分钟
2024-08-23 01:09:35 下次操作: 2024-08-23 01:11:03

2024-08-23 01:11:03 开始第 658 次操作

2024-08-23 01:11:03 开始操作号码 【1440657】
2024-08-23 01:11:15 GSD getOne 第 1 次 等待 3 秒
2024-08-23 01:11:18 查询号码 【1440657】，返回信息 {"status":"ok","msg":"-","gid":"529417","time_insert":"2023-02-13 19:41"}
2024-08-23 01:11:18 查询号码 【1440657】，GSD为【"-"】
2024-08-23 01:11:18 ok && -
2024-08-23 01:11:19 CHB 1440657?1724346678 第 1 次 等待 3 秒
2024-08-23 01:11:22 CHB 1440657?1724346678 第 1 次 获取到号码【1440657】GSD
2024-08-23 01:11:22 未获取到号码【1440657】GSD，可能号码格式错误
2024-08-23 01:11:22 获取到号码【1440657】的GSD为【-】
2024-08-23 01:11:30 GSD insert 第 1 次 等待 3 秒
2024-08-23 01:11:33 {"status":"bad","gid":"529417","msg":"添加失败！号码【1440657(-|-)】已存在！"}
2024-08-23 01:11:33 随机等待 118 秒，约 1 分钟
2024-08-23 01:11:33 下次操作: 2024-08-23 01:13:31

2024-08-23 01:13:31 开始第 659 次操作

2024-08-23 01:13:31 开始操作号码 【1440658】
2024-08-23 01:13:39 GSD getOne 第 1 次 等待 3 秒
2024-08-23 01:13:42 查询号码 【1440658】，返回信息 {"status":"ok","msg":"-","gid":"529431","time_insert":"2023-02-13 19:52"}
2024-08-23 01:13:42 查询号码 【1440658】，GSD为【"-"】
2024-08-23 01:13:42 ok && -
2024-08-23 01:13:44 CHB 1440658?1724346822 第 1 次 等待 3 秒
2024-08-23 01:13:47 CHB 1440658?1724346822 第 1 次 获取到号码【1440658】GSD
2024-08-23 01:13:47 未获取到号码【1440658】GSD，可能号码格式错误
2024-08-23 01:13:47 获取到号码【1440658】的GSD为【-】
2024-08-23 01:13:55 GSD insert 第 1 次 等待 3 秒
2024-08-23 01:13:58 {"status":"bad","gid":"529431","msg":"添加失败！号码【1440658(-|-)】已存在！"}
2024-08-23 01:13:58 随机等待 123 秒，约 2 分钟
2024-08-23 01:13:58 下次操作: 2024-08-23 01:16:01

2024-08-23 01:16:01 开始第 660 次操作

2024-08-23 01:16:01 开始操作号码 【1440659】
2024-08-23 01:16:09 GSD getOne 第 1 次 等待 3 秒
2024-08-23 01:16:12 查询号码 【1440659】，返回信息 {"status":"ok","msg":"-","gid":"529445","time_insert":"2023-02-13 20:04"}
2024-08-23 01:16:12 查询号码 【1440659】，GSD为【"-"】
2024-08-23 01:16:12 ok && -
2024-08-23 01:16:14 CHB 1440659?1724346972 第 1 次 等待 3 秒
2024-08-23 01:16:17 CHB 1440659?1724346972 第 1 次 获取到号码【1440659】GSD
2024-08-23 01:16:17 未获取到号码【1440659】GSD，可能号码格式错误
2024-08-23 01:16:17 获取到号码【1440659】的GSD为【-】
2024-08-23 01:16:27 GSD insert 第 1 次 等待 3 秒
2024-08-23 01:16:30 {"status":"bad","gid":"529445","msg":"添加失败！号码【1440659(-|-)】已存在！"}

