2024-03-28 00:12:16 开始第 537 次操作

2024-03-28 00:12:16 开始操作号码 【1660451】
2024-03-28 00:12:21 GSD getOne 第 1 次 等待 3 秒
2024-03-28 00:12:24 查询号码 【1660451】，返回信息 {"status":"ok","msg":"黑龙江-哈尔滨","gid":"115775","time_insert":"2021-06-23 01:51"}
2024-03-28 00:12:24 查询号码 【1660451】，GSD为【"黑龙江-哈尔滨"】

2024-03-28 00:12:25 开始第 538 次操作

2024-03-28 00:12:25 开始操作号码 【1660452】
2024-03-28 00:12:30 GSD getOne 第 1 次 等待 3 秒
2024-03-28 00:12:33 查询号码 【1660452】，返回信息 {"status":"ok","msg":"黑龙江-齐齐哈尔","gid":"115778","time_insert":"2021-06-23 01:51"}
2024-03-28 00:12:33 查询号码 【1660452】，GSD为【"黑龙江-齐齐哈尔"】

2024-03-28 00:12:34 开始第 539 次操作

2024-03-28 00:12:34 开始操作号码 【1660453】
2024-03-28 00:12:39 GSD getOne 第 1 次 等待 3 秒
2024-03-28 00:12:42 查询号码 【1660453】，返回信息 {"status":"ok","msg":"黑龙江-牡丹江","gid":"115780","time_insert":"2021-06-23 01:52"}
2024-03-28 00:12:42 查询号码 【1660453】，GSD为【"黑龙江-牡丹江"】

2024-03-28 00:12:43 开始第 540 次操作

2024-03-28 00:12:43 开始操作号码 【1660454】
2024-03-28 00:12:49 GSD getOne 第 1 次 等待 3 秒
2024-03-28 00:12:52 查询号码 【1660454】，返回信息 {"status":"ok","msg":"黑龙江-佳木斯","gid":"115785","time_insert":"2021-06-23 01:52"}
2024-03-28 00:12:52 查询号码 【1660454】，GSD为【"黑龙江-佳木斯"】

2024-03-28 00:38:09 开始第 541 次操作

2024-03-28 00:38:09 开始操作号码 【1660455】
2024-03-28 00:38:19 GSD getOne 第 1 次 等待 3 秒
2024-03-28 00:38:22 查询号码 【1660455】，返回信息 {"status":"ok","msg":"黑龙江-绥化","gid":"115789","time_insert":"2021-06-23 01:53"}
2024-03-28 00:38:22 查询号码 【1660455】，GSD为【"黑龙江-绥化"】

2024-03-28 00:38:23 开始第 542 次操作

2024-03-28 00:38:23 开始操作号码 【1660456】
2024-03-28 00:38:29 GSD getOne 第 1 次 等待 3 秒
2024-03-28 00:38:32 查询号码 【1660456】，返回信息 {"status":"ok","msg":"黑龙江-黑河","gid":"115792","time_insert":"2021-06-23 01:53"}
2024-03-28 00:38:32 查询号码 【1660456】，GSD为【"黑龙江-黑河"】

2024-03-28 00:38:33 开始第 543 次操作

2024-03-28 00:38:33 开始操作号码 【1660457】
2024-03-28 00:38:38 GSD getOne 第 1 次 等待 3 秒
2024-03-28 00:38:41 查询号码 【1660457】，返回信息 {"status":"ok","msg":"黑龙江-大兴安岭","gid":"115797","time_insert":"2021-06-23 01:54"}
2024-03-28 00:38:41 查询号码 【1660457】，GSD为【"黑龙江-大兴安岭"】

2024-03-28 00:38:42 开始第 544 次操作

2024-03-28 00:38:42 开始操作号码 【1660458】
2024-03-28 00:38:49 GSD getOne 第 1 次 等待 3 秒
2024-03-28 00:38:52 查询号码 【1660458】，返回信息 {"status":"ok","msg":"黑龙江-伊春","gid":"115801","time_insert":"2021-06-23 01:54"}
2024-03-28 00:38:52 查询号码 【1660458】，GSD为【"黑龙江-伊春"】

2024-03-28 01:07:48 开始第 545 次操作

2024-03-28 01:07:48 开始操作号码 【1660459】
2024-03-28 01:07:53 GSD getOne 第 1 次 等待 3 秒
2024-03-28 01:07:56 查询号码 【1660459】，返回信息 {"status":"ok","msg":"黑龙江-大庆","gid":"115805","time_insert":"2021-06-23 01:55"}
2024-03-28 01:07:57 查询号码 【1660459】，GSD为【"黑龙江-大庆"】

2024-03-28 01:07:58 开始第 546 次操作

2024-03-28 01:07:58 开始操作号码 【1660460】
2024-03-28 01:08:02 GSD getOne 第 1 次 等待 3 秒
2024-03-28 01:08:05 查询号码 【1660460】，返回信息 {"status":"ok","msg":"黑龙江-大庆","gid":"115807","time_insert":"2021-06-23 01:55"}
2024-03-28 01:08:05 查询号码 【1660460】，GSD为【"黑龙江-大庆"】

2024-03-28 01:08:06 开始第 547 次操作

2024-03-28 01:08:06 开始操作号码 【1660461】
2024-03-28 01:08:11 GSD getOne 第 1 次 等待 3 秒
2024-03-28 01:08:14 查询号码 【1660461】，返回信息 {"status":"ok","msg":"黑龙江-齐齐哈尔","gid":"115810","time_insert":"2021-06-23 01:56"}
2024-03-28 01:08:14 查询号码 【1660461】，GSD为【"黑龙江-齐齐哈尔"】

2024-03-28 01:08:15 开始第 548 次操作

2024-03-28 01:08:15 开始操作号码 【1660462】
2024-03-28 01:08:20 GSD getOne 第 1 次 等待 3 秒
2024-03-28 01:08:23 查询号码 【1660462】，返回信息 {"status":"ok","msg":"黑龙江-齐齐哈尔","gid":"115816","time_insert":"2021-06-23 01:57"}
2024-03-28 01:08:23 查询号码 【1660462】，GSD为【"黑龙江-齐齐哈尔"】

2024-03-28 01:32:55 开始第 549 次操作

2024-03-28 01:32:55 开始操作号码 【1660463】
2024-03-28 01:33:00 GSD getOne 第 1 次 等待 3 秒
2024-03-28 01:33:03 查询号码 【1660463】，返回信息 {"status":"ok","msg":"黑龙江-齐齐哈尔","gid":"115818","time_insert":"2021-06-23 01:57"}
2024-03-28 01:33:03 查询号码 【1660463】，GSD为【"黑龙江-齐齐哈尔"】

2024-03-28 01:33:04 开始第 550 次操作

2024-03-28 01:33:04 开始操作号码 【1660464】
2024-03-28 01:33:10 GSD getOne 第 1 次 等待 3 秒
2024-03-28 01:33:13 查询号码 【1660464】，返回信息 {"status":"ok","msg":"黑龙江-七台河","gid":"115822","time_insert":"2021-06-23 01:58"}
2024-03-28 01:33:13 查询号码 【1660464】，GSD为【"黑龙江-七台河"】

2024-03-28 01:33:14 开始第 551 次操作

2024-03-28 01:33:14 开始操作号码 【1660465】
2024-03-28 01:33:19 GSD getOne 第 1 次 等待 3 秒
2024-03-28 01:33:22 查询号码 【1660465】，返回信息 {"status":"ok","msg":"黑龙江-黑河","gid":"115825","time_insert":"2021-06-23 01:58"}
2024-03-28 01:33:22 查询号码 【1660465】，GSD为【"黑龙江-黑河"】

2024-03-28 01:33:23 开始第 552 次操作

2024-03-28 01:33:23 开始操作号码 【1660466】
2024-03-28 01:33:28 GSD getOne 第 1 次 等待 3 秒
2024-03-28 01:33:31 查询号码 【1660466】，返回信息 {"status":"ok","msg":"黑龙江-黑河","gid":"115829","time_insert":"2021-06-23 01:59"}
2024-03-28 01:33:31 查询号码 【1660466】，GSD为【"黑龙江-黑河"】

