2024-04-10 00:10:01 开始第 2925 次操作

2024-04-10 00:10:01 开始操作号码 【1662839】
2024-04-10 00:10:06 GSD getOne 第 1 次 等待 3 秒
2024-04-10 00:10:09 查询号码 【1662839】，返回信息 {"status":"ok","msg":"四川-广元","gid":"131847","time_insert":"2021-06-26 12:03"}
2024-04-10 00:10:09 查询号码 【1662839】，GSD为【"四川-广元"】

2024-04-10 00:10:10 开始第 2926 次操作

2024-04-10 00:10:10 开始操作号码 【1662840】
2024-04-10 00:10:18 GSD getOne 第 1 次 等待 3 秒
2024-04-10 00:10:21 查询号码 【1662840】，返回信息 {"status":"ok","msg":"上海-上海","gid":"131850","time_insert":"2021-06-26 12:03"}
2024-04-10 00:10:21 查询号码 【1662840】，GSD为【"上海-上海"】

2024-04-10 00:10:22 开始第 2927 次操作

2024-04-10 00:10:22 开始操作号码 【1662841】
2024-04-10 00:10:31 GSD getOne 第 1 次 等待 3 秒
2024-04-10 00:10:34 查询号码 【1662841】，返回信息 {"status":"ok","msg":"上海-上海","gid":"131852","time_insert":"2021-06-26 12:04"}
2024-04-10 00:10:34 查询号码 【1662841】，GSD为【"上海-上海"】

2024-04-10 00:10:35 开始第 2928 次操作

2024-04-10 00:10:35 开始操作号码 【1662842】
2024-04-10 00:10:42 GSD getOne 第 1 次 等待 3 秒
2024-04-10 00:10:45 查询号码 【1662842】，返回信息 {"status":"ok","msg":"上海-上海","gid":"131860","time_insert":"2021-06-26 12:04"}
2024-04-10 00:10:45 查询号码 【1662842】，GSD为【"上海-上海"】

2024-04-10 00:36:32 开始第 2929 次操作

2024-04-10 00:36:32 开始操作号码 【1662843】
2024-04-10 00:36:39 GSD getOne 第 1 次 等待 3 秒
2024-04-10 00:36:42 查询号码 【1662843】，返回信息 {"status":"ok","msg":"上海-上海","gid":"131862","time_insert":"2021-06-26 12:05"}
2024-04-10 00:36:42 查询号码 【1662843】，GSD为【"上海-上海"】

2024-04-10 00:36:43 开始第 2930 次操作

2024-04-10 00:36:43 开始操作号码 【1662844】
2024-04-10 00:36:49 GSD getOne 第 1 次 等待 3 秒
2024-04-10 00:36:52 查询号码 【1662844】，返回信息 {"status":"ok","msg":"上海-上海","gid":"131867","time_insert":"2021-06-26 12:05"}
2024-04-10 00:36:52 查询号码 【1662844】，GSD为【"上海-上海"】

2024-04-10 00:36:53 开始第 2931 次操作

2024-04-10 00:36:53 开始操作号码 【1662845】
2024-04-10 00:37:01 GSD getOne 第 1 次 等待 3 秒
2024-04-10 00:37:04 查询号码 【1662845】，返回信息 {"status":"ok","msg":"上海-上海","gid":"131976","time_insert":"2021-06-26 12:57"}
2024-04-10 00:37:04 查询号码 【1662845】，GSD为【"上海-上海"】

2024-04-10 00:37:05 开始第 2932 次操作

2024-04-10 00:37:05 开始操作号码 【1662846】
2024-04-10 00:37:12 GSD getOne 第 1 次 等待 3 秒
2024-04-10 00:37:15 查询号码 【1662846】，返回信息 {"status":"ok","msg":"上海-上海","gid":"131979","time_insert":"2021-06-26 12:58"}
2024-04-10 00:37:15 查询号码 【1662846】，GSD为【"上海-上海"】

2024-04-10 01:08:17 开始第 2933 次操作

2024-04-10 01:08:17 开始操作号码 【1662847】
2024-04-10 01:08:23 GSD getOne 第 1 次 等待 3 秒
2024-04-10 01:08:26 查询号码 【1662847】，返回信息 {"status":"ok","msg":"上海-上海","gid":"131985","time_insert":"2021-06-26 12:59"}
2024-04-10 01:08:27 查询号码 【1662847】，GSD为【"上海-上海"】

2024-04-10 01:08:28 开始第 2934 次操作

2024-04-10 01:08:28 开始操作号码 【1662848】
2024-04-10 01:08:33 GSD getOne 第 1 次 等待 3 秒
2024-04-10 01:08:36 查询号码 【1662848】，返回信息 {"status":"ok","msg":"上海-上海","gid":"131990","time_insert":"2021-06-26 12:59"}
2024-04-10 01:08:36 查询号码 【1662848】，GSD为【"上海-上海"】

2024-04-10 01:08:37 开始第 2935 次操作

2024-04-10 01:08:37 开始操作号码 【1662849】
2024-04-10 01:08:43 GSD getOne 第 1 次 等待 3 秒
2024-04-10 01:08:46 查询号码 【1662849】，返回信息 {"status":"ok","msg":"上海-上海","gid":"131993","time_insert":"2021-06-26 13:00"}
2024-04-10 01:08:46 查询号码 【1662849】，GSD为【"上海-上海"】

2024-04-10 01:08:47 开始第 2936 次操作

2024-04-10 01:08:47 开始操作号码 【1662850】
2024-04-10 01:08:52 GSD getOne 第 1 次 等待 3 秒
2024-04-10 01:08:55 查询号码 【1662850】，返回信息 {"status":"ok","msg":"上海-上海","gid":"131998","time_insert":"2021-06-26 13:01"}
2024-04-10 01:08:55 查询号码 【1662850】，GSD为【"上海-上海"】

2024-04-10 01:32:57 开始第 2937 次操作

2024-04-10 01:32:57 开始操作号码 【1662851】
2024-04-10 01:33:03 GSD getOne 第 1 次 等待 3 秒
2024-04-10 01:33:06 查询号码 【1662851】，返回信息 {"status":"ok","msg":"上海-上海","gid":"132002","time_insert":"2021-06-26 13:02"}
2024-04-10 01:33:06 查询号码 【1662851】，GSD为【"上海-上海"】

2024-04-10 01:33:07 开始第 2938 次操作

2024-04-10 01:33:07 开始操作号码 【1662852】
2024-04-10 01:33:13 GSD getOne 第 1 次 等待 3 秒
2024-04-10 01:33:16 查询号码 【1662852】，返回信息 {"status":"ok","msg":"上海-上海","gid":"132007","time_insert":"2021-06-26 13:02"}
2024-04-10 01:33:16 查询号码 【1662852】，GSD为【"上海-上海"】

2024-04-10 01:33:17 开始第 2939 次操作

2024-04-10 01:33:17 开始操作号码 【1662853】
2024-04-10 01:33:22 GSD getOne 第 1 次 等待 3 秒
2024-04-10 01:33:25 查询号码 【1662853】，返回信息 {"status":"ok","msg":"上海-上海","gid":"132012","time_insert":"2021-06-26 13:03"}
2024-04-10 01:33:26 查询号码 【1662853】，GSD为【"上海-上海"】

2024-04-10 01:33:27 开始第 2940 次操作

2024-04-10 01:33:27 开始操作号码 【1662854】
2024-04-10 01:33:32 GSD getOne 第 1 次 等待 3 秒
2024-04-10 01:33:35 查询号码 【1662854】，返回信息 {"status":"ok","msg":"上海-上海","gid":"132017","time_insert":"2021-06-26 13:04"}
2024-04-10 01:33:35 查询号码 【1662854】，GSD为【"上海-上海"】

