2024-03-27 00:11:25 开始第 353 次操作

2024-03-27 00:11:25 开始操作号码 【1660267】
2024-03-27 00:11:30 GSD getOne 第 1 次 等待 3 秒
2024-03-27 00:11:33 查询号码 【1660267】，返回信息 {"status":"ok","msg":"天津-天津","gid":"114382","time_insert":"2021-06-22 18:01"}
2024-03-27 00:11:33 查询号码 【1660267】，GSD为【"天津-天津"】

2024-03-27 00:11:34 开始第 354 次操作

2024-03-27 00:11:34 开始操作号码 【1660268】
2024-03-27 00:11:39 GSD getOne 第 1 次 等待 3 秒
2024-03-27 00:11:42 查询号码 【1660268】，返回信息 {"status":"ok","msg":"天津-天津","gid":"114385","time_insert":"2021-06-22 18:02"}
2024-03-27 00:11:42 查询号码 【1660268】，GSD为【"天津-天津"】

2024-03-27 00:11:43 开始第 355 次操作

2024-03-27 00:11:43 开始操作号码 【1660269】
2024-03-27 00:11:51 GSD getOne 第 1 次 等待 3 秒
2024-03-27 00:11:54 查询号码 【1660269】，返回信息 {"status":"ok","msg":"天津-天津","gid":"114387","time_insert":"2021-06-22 18:02"}
2024-03-27 00:11:54 查询号码 【1660269】，GSD为【"天津-天津"】

2024-03-27 00:11:55 开始第 356 次操作

2024-03-27 00:11:55 开始操作号码 【1660270】
2024-03-27 00:12:02 GSD getOne 第 1 次 等待 3 秒
2024-03-27 00:12:05 查询号码 【1660270】，返回信息 {"status":"ok","msg":"湖北-武汉","gid":"114390","time_insert":"2021-06-22 18:02"}
2024-03-27 00:12:05 查询号码 【1660270】，GSD为【"湖北-武汉"】

2024-03-27 00:35:45 开始第 357 次操作

2024-03-27 00:35:45 开始操作号码 【1660271】
2024-03-27 00:35:51 GSD getOne 第 1 次 等待 3 秒
2024-03-27 00:35:54 查询号码 【1660271】，返回信息 {"status":"ok","msg":"湖北-武汉","gid":"114391","time_insert":"2021-06-22 18:03"}
2024-03-27 00:35:54 查询号码 【1660271】，GSD为【"湖北-武汉"】

2024-03-27 00:35:55 开始第 358 次操作

2024-03-27 00:35:55 开始操作号码 【1660272】
2024-03-27 00:36:01 GSD getOne 第 1 次 等待 3 秒
2024-03-27 00:36:04 查询号码 【1660272】，返回信息 {"status":"ok","msg":"湖北-武汉","gid":"114394","time_insert":"2021-06-22 18:03"}
2024-03-27 00:36:04 查询号码 【1660272】，GSD为【"湖北-武汉"】

2024-03-27 00:36:05 开始第 359 次操作

2024-03-27 00:36:05 开始操作号码 【1660273】
2024-03-27 00:36:09 GSD getOne 第 1 次 等待 3 秒
2024-03-27 00:36:12 查询号码 【1660273】，返回信息 {"status":"ok","msg":"湖北-武汉","gid":"114396","time_insert":"2021-06-22 18:03"}
2024-03-27 00:36:13 查询号码 【1660273】，GSD为【"湖北-武汉"】

2024-03-27 00:36:14 开始第 360 次操作

2024-03-27 00:36:14 开始操作号码 【1660274】
2024-03-27 00:36:19 GSD getOne 第 1 次 等待 3 秒
2024-03-27 00:36:22 查询号码 【1660274】，返回信息 {"status":"ok","msg":"湖北-武汉","gid":"114399","time_insert":"2021-06-22 18:04"}
2024-03-27 00:36:22 查询号码 【1660274】，GSD为【"湖北-武汉"】

2024-03-27 01:07:45 开始第 361 次操作

2024-03-27 01:07:45 开始操作号码 【1660275】
2024-03-27 01:07:49 GSD getOne 第 1 次 等待 3 秒
2024-03-27 01:07:52 查询号码 【1660275】，返回信息 {"status":"ok","msg":"湖北-武汉","gid":"114401","time_insert":"2021-06-22 18:04"}
2024-03-27 01:07:52 查询号码 【1660275】，GSD为【"湖北-武汉"】

2024-03-27 01:07:53 开始第 362 次操作

2024-03-27 01:07:53 开始操作号码 【1660276】
2024-03-27 01:07:58 GSD getOne 第 1 次 等待 3 秒
2024-03-27 01:08:01 查询号码 【1660276】，返回信息 {"status":"ok","msg":"湖北-武汉","gid":"114402","time_insert":"2021-06-22 18:05"}
2024-03-27 01:08:01 查询号码 【1660276】，GSD为【"湖北-武汉"】

2024-03-27 01:08:02 开始第 363 次操作

2024-03-27 01:08:02 开始操作号码 【1660277】
2024-03-27 01:08:07 GSD getOne 第 1 次 等待 3 秒
2024-03-27 01:08:10 查询号码 【1660277】，返回信息 {"status":"ok","msg":"湖北-武汉","gid":"114406","time_insert":"2021-06-22 18:05"}
2024-03-27 01:08:10 查询号码 【1660277】，GSD为【"湖北-武汉"】

2024-03-27 01:08:11 开始第 364 次操作

2024-03-27 01:08:11 开始操作号码 【1660278】
2024-03-27 01:08:19 GSD getOne 第 1 次 等待 3 秒
2024-03-27 01:08:22 查询号码 【1660278】，返回信息 {"status":"ok","msg":"湖北-武汉","gid":"114407","time_insert":"2021-06-22 18:05"}
2024-03-27 01:08:22 查询号码 【1660278】，GSD为【"湖北-武汉"】

2024-03-27 01:34:16 开始第 365 次操作

2024-03-27 01:34:16 开始操作号码 【1660279】
2024-03-27 01:34:21 GSD getOne 第 1 次 等待 3 秒
2024-03-27 01:34:24 查询号码 【1660279】，返回信息 {"status":"ok","msg":"湖北-武汉","gid":"114411","time_insert":"2021-06-22 18:06"}
2024-03-27 01:34:24 查询号码 【1660279】，GSD为【"湖北-武汉"】

2024-03-27 01:34:25 开始第 366 次操作

2024-03-27 01:34:25 开始操作号码 【1660280】
2024-03-27 01:34:30 GSD getOne 第 1 次 等待 3 秒
2024-03-27 01:34:33 查询号码 【1660280】，返回信息 {"status":"ok","msg":"四川-成都","gid":"114413","time_insert":"2021-06-22 18:06"}
2024-03-27 01:34:33 查询号码 【1660280】，GSD为【"四川-成都"】

2024-03-27 01:34:34 开始第 367 次操作

2024-03-27 01:34:34 开始操作号码 【1660281】
2024-03-27 01:34:41 GSD getOne 第 1 次 等待 3 秒
2024-03-27 01:34:44 查询号码 【1660281】，返回信息 {"status":"ok","msg":"四川-成都","gid":"114414","time_insert":"2021-06-22 18:06"}
2024-03-27 01:34:44 查询号码 【1660281】，GSD为【"四川-成都"】

2024-03-27 01:34:45 开始第 368 次操作

2024-03-27 01:34:45 开始操作号码 【1660282】
2024-03-27 01:34:51 GSD getOne 第 1 次 等待 3 秒
2024-03-27 01:34:54 查询号码 【1660282】，返回信息 {"status":"ok","msg":"四川-成都","gid":"114419","time_insert":"2021-06-22 18:07"}
2024-03-27 01:34:54 查询号码 【1660282】，GSD为【"四川-成都"】

