2024-10-18 00:15:33 开始第 77 次操作

2024-10-18 00:15:33 开始操作号码 【1330076】
2024-10-18 00:15:34 GSD getOne 第 1 次 等待 3 秒
2024-10-18 00:15:37 查询号码 【1330076】，返回信息 {"status":"ok","msg":"黑龙江-哈尔滨","gid":"49346","time_insert":"2021-04-17 15:58"}
2024-10-18 00:15:37 查询号码 【1330076】，GSD为【"黑龙江-哈尔滨"】

2024-10-18 00:15:38 开始第 78 次操作

2024-10-18 00:15:38 开始操作号码 【1330077】
2024-10-18 00:15:39 GSD getOne 第 1 次 等待 3 秒
2024-10-18 00:15:42 查询号码 【1330077】，返回信息 {"status":"ok","msg":"广西-南宁","gid":"49348","time_insert":"2021-04-17 16:20"}
2024-10-18 00:15:42 查询号码 【1330077】，GSD为【"广西-南宁"】

2024-10-18 00:15:43 开始第 79 次操作

2024-10-18 00:15:43 开始操作号码 【1330078】
2024-10-18 00:15:44 GSD getOne 第 1 次 等待 3 秒
2024-10-18 00:15:47 查询号码 【1330078】，返回信息 {"status":"ok","msg":"广西-南宁","gid":"49356","time_insert":"2021-04-17 19:09"}
2024-10-18 00:15:47 查询号码 【1330078】，GSD为【"广西-南宁"】

2024-10-18 00:15:48 开始第 80 次操作

2024-10-18 00:15:48 开始操作号码 【1330079】
2024-10-18 00:15:49 GSD getOne 第 1 次 等待 3 秒
2024-10-18 00:15:52 查询号码 【1330079】，返回信息 {"status":"ok","msg":"黑龙江-哈尔滨","gid":"49362","time_insert":"2021-04-17 20:45"}
2024-10-18 00:15:52 查询号码 【1330079】，GSD为【"黑龙江-哈尔滨"】

2024-10-18 00:43:16 开始第 81 次操作

2024-10-18 00:43:16 开始操作号码 【1330080】
2024-10-18 00:43:17 GSD getOne 第 1 次 等待 3 秒
2024-10-18 00:43:20 查询号码 【1330080】，返回信息 {"status":"ok","msg":"上海-上海","gid":"49372","time_insert":"2021-04-17 23:23"}
2024-10-18 00:43:20 查询号码 【1330080】，GSD为【"上海-上海"】

2024-10-18 00:43:21 开始第 82 次操作

2024-10-18 00:43:21 开始操作号码 【1330081】
2024-10-18 00:43:22 GSD getOne 第 1 次 等待 3 秒
2024-10-18 00:43:25 查询号码 【1330081】，返回信息 {"status":"ok","msg":"上海-上海","gid":"49377","time_insert":"2021-04-18 00:31"}
2024-10-18 00:43:26 查询号码 【1330081】，GSD为【"上海-上海"】

2024-10-18 00:43:27 开始第 83 次操作

2024-10-18 00:43:27 开始操作号码 【1330082】
2024-10-18 00:43:28 GSD getOne 第 1 次 等待 3 秒
2024-10-18 00:43:31 查询号码 【1330082】，返回信息 {"status":"ok","msg":"上海-上海","gid":"49380","time_insert":"2021-04-18 01:08"}
2024-10-18 00:43:31 查询号码 【1330082】，GSD为【"上海-上海"】

2024-10-18 00:43:32 开始第 84 次操作

2024-10-18 00:43:32 开始操作号码 【1330083】
2024-10-18 00:43:33 GSD getOne 第 1 次 等待 3 秒
2024-10-18 00:43:36 查询号码 【1330083】，返回信息 {"status":"ok","msg":"上海-上海","gid":"49387","time_insert":"2021-04-18 03:44"}
2024-10-18 00:43:36 查询号码 【1330083】，GSD为【"上海-上海"】

2024-10-18 01:10:48 开始第 85 次操作

2024-10-18 01:10:48 开始操作号码 【1330084】
2024-10-18 01:10:49 GSD getOne 第 1 次 等待 3 秒
2024-10-18 01:10:52 查询号码 【1330084】，返回信息 {"status":"ok","msg":"上海-上海","gid":"49398","time_insert":"2021-04-18 06:28"}
2024-10-18 01:10:53 查询号码 【1330084】，GSD为【"上海-上海"】

2024-10-18 01:10:54 开始第 86 次操作

2024-10-18 01:10:54 开始操作号码 【1330085】
2024-10-18 01:10:55 GSD getOne 第 1 次 等待 3 秒
2024-10-18 01:10:58 查询号码 【1330085】，返回信息 {"status":"ok","msg":"上海-上海","gid":"49407","time_insert":"2021-04-18 09:09"}
2024-10-18 01:10:58 查询号码 【1330085】，GSD为【"上海-上海"】

2024-10-18 01:10:59 开始第 87 次操作

2024-10-18 01:10:59 开始操作号码 【1330086】
2024-10-18 01:11:01 GSD getOne 第 1 次 等待 3 秒
2024-10-18 01:11:04 查询号码 【1330086】，返回信息 {"status":"ok","msg":"上海-上海","gid":"49408","time_insert":"2021-04-18 10:08"}
2024-10-18 01:11:04 查询号码 【1330086】，GSD为【"上海-上海"】

2024-10-18 01:11:05 开始第 88 次操作

2024-10-18 01:11:05 开始操作号码 【1330087】
2024-10-18 01:11:06 GSD getOne 第 1 次 等待 3 秒
2024-10-18 01:11:09 查询号码 【1330087】，返回信息 {"status":"ok","msg":"上海-上海","gid":"49414","time_insert":"2021-04-18 12:10"}
2024-10-18 01:11:09 查询号码 【1330087】，GSD为【"上海-上海"】

2024-10-18 01:36:36 开始第 89 次操作

2024-10-18 01:36:36 开始操作号码 【1330088】
2024-10-18 01:36:37 GSD getOne 第 1 次 等待 3 秒
2024-10-18 01:36:40 查询号码 【1330088】，返回信息 {"status":"ok","msg":"上海-上海","gid":"49417","time_insert":"2021-04-18 12:44"}
2024-10-18 01:36:40 查询号码 【1330088】，GSD为【"上海-上海"】

2024-10-18 01:36:41 开始第 90 次操作

2024-10-18 01:36:41 开始操作号码 【1330089】
2024-10-18 01:36:42 GSD getOne 第 1 次 等待 3 秒
2024-10-18 01:36:45 查询号码 【1330089】，返回信息 {"status":"ok","msg":"上海-上海","gid":"49424","time_insert":"2021-04-18 15:08"}
2024-10-18 01:36:45 查询号码 【1330089】，GSD为【"上海-上海"】

2024-10-18 01:36:46 开始第 91 次操作

2024-10-18 01:36:46 开始操作号码 【1330090】
2024-10-18 01:36:47 GSD getOne 第 1 次 等待 3 秒
2024-10-18 01:36:50 查询号码 【1330090】，返回信息 {"status":"ok","msg":"河南-平顶山","gid":"49430","time_insert":"2021-04-18 17:31"}
2024-10-18 01:36:50 查询号码 【1330090】，GSD为【"河南-平顶山"】

2024-10-18 01:36:51 开始第 92 次操作

2024-10-18 01:36:51 开始操作号码 【1330091】
2024-10-18 01:36:52 GSD getOne 第 1 次 等待 3 秒
2024-10-18 01:36:55 查询号码 【1330091】，返回信息 {"status":"ok","msg":"河南-信阳","gid":"49433","time_insert":"2021-04-18 18:17"}
2024-10-18 01:36:55 查询号码 【1330091】，GSD为【"河南-信阳"】

