2024-10-21 00:13:25 开始第 605 次操作

2024-10-21 00:13:25 开始操作号码 【1330604】
2024-10-21 00:13:26 GSD getOne 第 1 次 等待 3 秒
2024-10-21 00:13:29 查询号码 【1330604】，返回信息 {"status":"ok","msg":"福建-厦门","gid":"58900","time_insert":"2021-05-15 01:06"}
2024-10-21 00:13:29 查询号码 【1330604】，GSD为【"福建-厦门"】

2024-10-21 00:13:30 开始第 606 次操作

2024-10-21 00:13:30 开始操作号码 【1330605】
2024-10-21 00:13:31 GSD getOne 第 1 次 等待 3 秒
2024-10-21 00:13:34 查询号码 【1330605】，返回信息 {"status":"ok","msg":"福建-厦门","gid":"58909","time_insert":"2021-05-15 01:28"}
2024-10-21 00:13:34 查询号码 【1330605】，GSD为【"福建-厦门"】

2024-10-21 00:13:35 开始第 607 次操作

2024-10-21 00:13:35 开始操作号码 【1330606】
2024-10-21 00:13:37 GSD getOne 第 1 次 等待 3 秒
2024-10-21 00:13:40 查询号码 【1330606】，返回信息 {"status":"ok","msg":"福建-漳州","gid":"58921","time_insert":"2021-05-15 01:50"}
2024-10-21 00:13:40 查询号码 【1330606】，GSD为【"福建-漳州"】

2024-10-21 00:13:41 开始第 608 次操作

2024-10-21 00:13:41 开始操作号码 【1330607】
2024-10-21 00:13:43 GSD getOne 第 1 次 等待 3 秒
2024-10-21 00:13:46 查询号码 【1330607】，返回信息 {"status":"ok","msg":"福建-龙岩","gid":"58931","time_insert":"2021-05-15 02:16"}
2024-10-21 00:13:46 查询号码 【1330607】，GSD为【"福建-龙岩"】

2024-10-21 00:40:23 开始第 609 次操作

2024-10-21 00:40:23 开始操作号码 【1330608】
2024-10-21 00:40:24 GSD getOne 第 1 次 等待 3 秒
2024-10-21 00:40:27 查询号码 【1330608】，返回信息 {"status":"ok","msg":"福建-三明","gid":"58947","time_insert":"2021-05-15 02:42"}
2024-10-21 00:40:27 查询号码 【1330608】，GSD为【"福建-三明"】

2024-10-21 00:40:28 开始第 610 次操作

2024-10-21 00:40:28 开始操作号码 【1330609】
2024-10-21 00:40:29 GSD getOne 第 1 次 等待 3 秒
2024-10-21 00:40:32 查询号码 【1330609】，返回信息 {"status":"ok","msg":"福建-泉州","gid":"58956","time_insert":"2021-05-15 03:00"}
2024-10-21 00:40:32 查询号码 【1330609】，GSD为【"福建-泉州"】

2024-10-21 00:40:33 开始第 611 次操作

2024-10-21 00:40:33 开始操作号码 【1330610】
2024-10-21 00:40:34 GSD getOne 第 1 次 等待 3 秒
2024-10-21 00:40:37 查询号码 【1330610】，返回信息 {"status":"ok","msg":"江苏-镇江","gid":"58968","time_insert":"2021-05-15 03:28"}
2024-10-21 00:40:37 查询号码 【1330610】，GSD为【"江苏-镇江"】

2024-10-21 00:40:38 开始第 612 次操作

2024-10-21 00:40:38 开始操作号码 【1330611】
2024-10-21 00:40:39 GSD getOne 第 1 次 等待 3 秒
2024-10-21 00:40:42 查询号码 【1330611】，返回信息 {"status":"ok","msg":"江苏-常州","gid":"58975","time_insert":"2021-05-15 03:43"}
2024-10-21 00:40:42 查询号码 【1330611】，GSD为【"江苏-常州"】

2024-10-21 01:10:55 开始第 613 次操作

2024-10-21 01:10:55 开始操作号码 【1330612】
2024-10-21 01:10:57 GSD getOne 第 1 次 等待 3 秒
2024-10-21 01:11:00 查询号码 【1330612】，返回信息 {"status":"ok","msg":"江苏-常州","gid":"58984","time_insert":"2021-05-15 03:59"}
2024-10-21 01:11:00 查询号码 【1330612】，GSD为【"江苏-常州"】

2024-10-21 01:11:01 开始第 614 次操作

2024-10-21 01:11:01 开始操作号码 【1330613】
2024-10-21 01:11:02 GSD getOne 第 1 次 等待 3 秒
2024-10-21 01:11:05 查询号码 【1330613】，返回信息 {"status":"ok","msg":"江苏-苏州","gid":"58994","time_insert":"2021-05-15 04:20"}
2024-10-21 01:11:05 查询号码 【1330613】，GSD为【"江苏-苏州"】

2024-10-21 01:11:06 开始第 615 次操作

2024-10-21 01:11:06 开始操作号码 【1330614】
2024-10-21 01:11:07 GSD getOne 第 1 次 等待 3 秒
2024-10-21 01:11:10 查询号码 【1330614】，返回信息 {"status":"ok","msg":"江苏-常州","gid":"59006","time_insert":"2021-05-15 04:48"}
2024-10-21 01:11:10 查询号码 【1330614】，GSD为【"江苏-常州"】

2024-10-21 01:11:11 开始第 616 次操作

2024-10-21 01:11:11 开始操作号码 【1330615】
2024-10-21 01:11:12 GSD getOne 第 1 次 等待 3 秒
2024-10-21 01:11:15 查询号码 【1330615】，返回信息 {"status":"ok","msg":"江苏-无锡","gid":"59019","time_insert":"2021-05-15 05:18"}
2024-10-21 01:11:15 查询号码 【1330615】，GSD为【"江苏-无锡"】

2024-10-21 01:36:07 开始第 617 次操作

2024-10-21 01:36:07 开始操作号码 【1330616】
2024-10-21 01:36:08 GSD getOne 第 1 次 等待 3 秒
2024-10-21 01:36:11 查询号码 【1330616】，返回信息 {"status":"ok","msg":"江苏-无锡","gid":"2729","time_insert":"2018-03-13 17:14","time_update":"2020-08-23 23:16"}
2024-10-21 01:36:11 查询号码 【1330616】，GSD为【"江苏-无锡"】

2024-10-21 01:36:12 开始第 618 次操作

2024-10-21 01:36:12 开始操作号码 【1330617】
2024-10-21 01:36:13 GSD getOne 第 1 次 等待 3 秒
2024-10-21 01:36:16 查询号码 【1330617】，返回信息 {"status":"ok","msg":"江苏-无锡","gid":"59031","time_insert":"2021-05-15 05:47"}
2024-10-21 01:36:16 查询号码 【1330617】，GSD为【"江苏-无锡"】

2024-10-21 01:36:17 开始第 619 次操作

2024-10-21 01:36:17 开始操作号码 【1330618】
2024-10-21 01:36:18 GSD getOne 第 1 次 等待 3 秒
2024-10-21 01:36:21 查询号码 【1330618】，返回信息 {"status":"ok","msg":"江苏-无锡","gid":"2730","time_insert":"2018-08-19 22:44","time_update":"2020-08-23 23:19"}
2024-10-21 01:36:21 查询号码 【1330618】，GSD为【"江苏-无锡"】

2024-10-21 01:36:22 开始第 620 次操作

2024-10-21 01:36:22 开始操作号码 【1330619】
2024-10-21 01:36:23 GSD getOne 第 1 次 等待 3 秒
2024-10-21 01:36:26 查询号码 【1330619】，返回信息 {"status":"ok","msg":"江苏-无锡","gid":"59044","time_insert":"2021-05-15 06:14"}
2024-10-21 01:36:26 查询号码 【1330619】，GSD为【"江苏-无锡"】

