2024-10-02 00:13:31 开始第 7641 次操作

2024-10-02 00:13:31 开始操作号码 【1447635】
2024-10-02 00:13:36 GSD getOne 第 1 次 等待 3 秒
2024-10-02 00:13:39 查询号码 【1447635】，返回信息 {"status":"ok","msg":"-","gid":"685941","time_insert":"2023-04-30 03:06"}
2024-10-02 00:13:39 查询号码 【1447635】，GSD为【"-"】
2024-10-02 00:13:39 ok && -
2024-10-02 00:13:42 CHB 1447635?1727799219 第 1 次 等待 3 秒
2024-10-02 00:13:45 CHB 1447635?1727799219 第 1 次 获取到号码【1447635】GSD
2024-10-02 00:13:45 未获取到号码【1447635】GSD，可能号码格式错误
2024-10-02 00:13:45 获取到号码【1447635】的GSD为【-】
2024-10-02 00:13:47 GSD insert 第 1 次 等待 3 秒
2024-10-02 00:13:50 {"status":"bad","gid":"685941","msg":"添加失败！号码【1447635(-|-)】已存在！"}
2024-10-02 00:13:50 随机等待 84 秒，约 1 分钟
2024-10-02 00:13:50 下次操作: 2024-10-02 00:15:14

2024-10-02 00:15:14 开始第 7642 次操作

2024-10-02 00:15:14 开始操作号码 【1447636】
2024-10-02 00:15:17 GSD getOne 第 1 次 等待 3 秒
2024-10-02 00:15:20 查询号码 【1447636】，返回信息 {"status":"ok","msg":"-","gid":"685932","time_insert":"2023-04-30 02:59"}
2024-10-02 00:15:20 查询号码 【1447636】，GSD为【"-"】
2024-10-02 00:15:20 ok && -
2024-10-02 00:15:23 CHB 1447636?1727799320 第 1 次 等待 3 秒
2024-10-02 00:15:26 CHB 1447636?1727799320 第 1 次 获取到号码【1447636】GSD
2024-10-02 00:15:27 未获取到号码【1447636】GSD，可能号码格式错误
2024-10-02 00:15:27 获取到号码【1447636】的GSD为【-】
2024-10-02 00:15:29 GSD insert 第 1 次 等待 3 秒
2024-10-02 00:15:32 {"status":"bad","gid":"685932","msg":"添加失败！号码【1447636(-|-)】已存在！"}
2024-10-02 00:15:32 随机等待 94 秒，约 1 分钟
2024-10-02 00:15:32 下次操作: 2024-10-02 00:17:06

2024-10-02 00:17:06 开始第 7643 次操作

2024-10-02 00:17:06 开始操作号码 【1447637】
2024-10-02 00:17:08 GSD getOne 第 1 次 等待 3 秒
2024-10-02 00:17:11 查询号码 【1447637】，返回信息 {"status":"ok","msg":"-","gid":"685928","time_insert":"2023-04-30 02:57"}
2024-10-02 00:17:11 查询号码 【1447637】，GSD为【"-"】
2024-10-02 00:17:11 ok && -
2024-10-02 00:17:14 CHB 1447637?1727799431 第 1 次 等待 3 秒
2024-10-02 00:17:17 CHB 1447637?1727799431 第 1 次 获取到号码【1447637】GSD
2024-10-02 00:17:18 未获取到号码【1447637】GSD，可能号码格式错误
2024-10-02 00:17:18 获取到号码【1447637】的GSD为【-】
2024-10-02 00:17:20 GSD insert 第 1 次 等待 3 秒
2024-10-02 00:17:23 {"status":"bad","gid":"685928","msg":"添加失败！号码【1447637(-|-)】已存在！"}
2024-10-02 00:17:23 随机等待 116 秒，约 1 分钟
2024-10-02 00:17:23 下次操作: 2024-10-02 00:19:19

2024-10-02 00:19:19 开始第 7644 次操作

2024-10-02 00:19:19 开始操作号码 【1447638】
2024-10-02 00:19:21 GSD getOne 第 1 次 等待 3 秒
2024-10-02 00:19:24 查询号码 【1447638】，返回信息 {"status":"ok","msg":"-","gid":"685925","time_insert":"2023-04-30 02:55"}
2024-10-02 00:19:24 查询号码 【1447638】，GSD为【"-"】
2024-10-02 00:19:24 ok && -
2024-10-02 00:19:26 CHB 1447638?1727799564 第 1 次 等待 3 秒
2024-10-02 00:19:29 CHB 1447638?1727799564 第 1 次 获取到号码【1447638】GSD
2024-10-02 00:19:29 未获取到号码【1447638】GSD，可能号码格式错误
2024-10-02 00:19:29 获取到号码【1447638】的GSD为【-】
2024-10-02 00:19:32 GSD insert 第 1 次 等待 3 秒
2024-10-02 00:19:35 {"status":"bad","gid":"685925","msg":"添加失败！号码【1447638(-|-)】已存在！"}

2024-10-02 00:43:09 开始第 7645 次操作

2024-10-02 00:43:09 开始操作号码 【1447639】
2024-10-02 00:43:11 GSD getOne 第 1 次 等待 3 秒
2024-10-02 00:43:14 查询号码 【1447639】，返回信息 {"status":"ok","msg":"-","gid":"685920","time_insert":"2023-04-30 02:53"}
2024-10-02 00:43:14 查询号码 【1447639】，GSD为【"-"】
2024-10-02 00:43:14 ok && -
2024-10-02 00:43:16 CHB 1447639?1727800994 第 1 次 等待 3 秒
2024-10-02 00:43:19 CHB 1447639?1727800994 第 1 次 获取到号码【1447639】GSD
2024-10-02 00:43:19 未获取到号码【1447639】GSD，可能号码格式错误
2024-10-02 00:43:19 获取到号码【1447639】的GSD为【-】
2024-10-02 00:43:21 GSD insert 第 1 次 等待 3 秒
2024-10-02 00:43:24 {"status":"bad","gid":"685920","msg":"添加失败！号码【1447639(-|-)】已存在！"}
2024-10-02 00:43:24 随机等待 213 秒，约 3 分钟
2024-10-02 00:43:24 下次操作: 2024-10-02 00:46:57

2024-10-02 00:46:57 开始第 7646 次操作

2024-10-02 00:46:57 开始操作号码 【1447640】
2024-10-02 00:47:01 GSD getOne 第 1 次 等待 3 秒
2024-10-02 00:47:04 查询号码 【1447640】，返回信息 {"status":"ok","msg":"-","gid":"685913","time_insert":"2023-04-30 02:50"}
2024-10-02 00:47:04 查询号码 【1447640】，GSD为【"-"】
2024-10-02 00:47:04 ok && -
2024-10-02 00:47:10 CHB 1447640?1727801224 第 1 次 等待 3 秒
2024-10-02 00:47:13 CHB 1447640?1727801224 第 1 次 获取到号码【1447640】GSD
2024-10-02 00:47:13 未获取到号码【1447640】GSD，可能号码格式错误
2024-10-02 00:47:13 获取到号码【1447640】的GSD为【-】
2024-10-02 00:47:15 GSD insert 第 1 次 等待 3 秒
2024-10-02 00:47:18 {"status":"bad","gid":"685913","msg":"添加失败！号码【1447640(-|-)】已存在！"}
2024-10-02 00:47:18 随机等待 69 秒，约 1 分钟
2024-10-02 00:47:18 下次操作: 2024-10-02 00:48:27

2024-10-02 00:48:27 开始第 7647 次操作

2024-10-02 00:48:27 开始操作号码 【1447641】
2024-10-02 00:48:29 GSD getOne 第 1 次 等待 3 秒
2024-10-02 00:48:32 查询号码 【1447641】，返回信息 {"status":"ok","msg":"-","gid":"685910","time_insert":"2023-04-30 02:48"}
2024-10-02 00:48:32 查询号码 【1447641】，GSD为【"-"】
2024-10-02 00:48:32 ok && -
2024-10-02 00:48:34 CHB 1447641?1727801312 第 1 次 等待 3 秒
2024-10-02 00:48:37 CHB 1447641?1727801312 第 1 次 获取到号码【1447641】GSD
2024-10-02 00:48:37 未获取到号码【1447641】GSD，可能号码格式错误
2024-10-02 00:48:37 获取到号码【1447641】的GSD为【-】
2024-10-02 00:48:39 GSD insert 第 1 次 等待 3 秒
2024-10-02 00:48:42 {"status":"bad","gid":"685910","msg":"添加失败！号码【1447641(-|-)】已存在！"}
2024-10-02 00:48:42 随机等待 167 秒，约 2 分钟
2024-10-02 00:48:42 下次操作: 2024-10-02 00:51:29

2024-10-02 00:51:29 开始第 7648 次操作

2024-10-02 00:51:29 开始操作号码 【1447642】
2024-10-02 00:51:31 GSD getOne 第 1 次 等待 3 秒
2024-10-02 00:51:34 查询号码 【1447642】，返回信息 {"status":"ok","msg":"-","gid":"685906","time_insert":"2023-04-30 02:46"}
2024-10-02 00:51:34 查询号码 【1447642】，GSD为【"-"】
2024-10-02 00:51:34 ok && -
2024-10-02 00:51:36 CHB 1447642?1727801494 第 1 次 等待 3 秒
2024-10-02 00:51:39 CHB 1447642?1727801494 第 1 次 获取到号码【1447642】GSD
2024-10-02 00:51:39 未获取到号码【1447642】GSD，可能号码格式错误
2024-10-02 00:51:39 获取到号码【1447642】的GSD为【-】
2024-10-02 00:51:42 GSD insert 第 1 次 等待 3 秒
2024-10-02 00:51:45 {"status":"bad","gid":"685906","msg":"添加失败！号码【1447642(-|-)】已存在！"}

