2021-07-15 00:00:27 开始第 30 次操作

2021-07-15 00:00:27 开始操作号码 【1830433】
2021-07-15 00:00:30 GSD getOne 第 1 次 等待 1 秒
2021-07-15 00:00:31 查询号码 【1830433】，返回信息 {"status":"bad","msg":""}
2021-07-15 00:00:31 查询号码 【1830433】，GSD为【""】
2021-07-15 00:00:31 bad
2021-07-15 00:00:32 CHB 1830433?1626278431 第 1 次 等待 1 秒
2021-07-15 00:00:33 CHB 1830433?1626278431 第 1 次 获取到号码【1830433】GSD
2021-07-15 00:00:33 获取到号码【1830433】的GSD为【吉林-延边】
2021-07-15 00:00:35 GSD insert 第 1 次 等待 1 秒
2021-07-15 00:00:36 {"status":"ok","gid":278501,"msg":"添加成功！"}

2021-07-15 01:02:46 开始第 1 次操作

2021-07-15 01:02:46 开始操作号码 【1830434】
2021-07-15 01:02:47 GSD getOne 第 1 次 等待 1 秒
2021-07-15 01:02:48 查询号码 【1830434】，返回信息 {"status":"bad","msg":""}
2021-07-15 01:02:49 查询号码 【1830434】，GSD为【""】
2021-07-15 01:02:49 bad
2021-07-15 01:02:50 CHB 1830434?1626282169 第 1 次 等待 1 秒
2021-07-15 01:02:51 CHB 1830434?1626282169 第 1 次 获取到号码【1830434】GSD
2021-07-15 01:02:51 获取到号码【1830434】的GSD为【吉林-四平】
2021-07-15 01:02:53 GSD insert 第 1 次 等待 1 秒
2021-07-15 01:02:54 {"status":"ok","gid":278688,"msg":"添加成功！"}
2021-07-15 01:02:54 下次操作: 2021-07-15 01:03:11

2021-07-15 01:03:11 开始第 2 次操作

2021-07-15 01:03:11 开始操作号码 【1830435】
2021-07-15 01:03:19 GSD getOne 第 1 次 等待 1 秒
2021-07-15 01:03:20 查询号码 【1830435】，返回信息 {"status":"bad","msg":""}
2021-07-15 01:03:20 查询号码 【1830435】，GSD为【""】
2021-07-15 01:03:20 bad
2021-07-15 01:03:25 CHB 1830435?1626282200 第 1 次 等待 1 秒
2021-07-15 01:03:26 CHB 1830435?1626282200 第 1 次 获取到号码【1830435】GSD
2021-07-15 01:03:26 获取到号码【1830435】的GSD为【吉林-通化】
2021-07-15 01:03:28 GSD insert 第 1 次 等待 1 秒
2021-07-15 01:03:29 {"status":"ok","gid":278694,"msg":"添加成功！"}
2021-07-15 01:03:29 下次操作: 2021-07-15 01:03:38

2021-07-15 01:03:38 开始第 3 次操作

2021-07-15 01:03:38 开始操作号码 【1830436】
2021-07-15 01:03:40 GSD getOne 第 1 次 等待 1 秒
2021-07-15 01:03:41 查询号码 【1830436】，返回信息 {"status":"bad","msg":""}
2021-07-15 01:03:41 查询号码 【1830436】，GSD为【""】
2021-07-15 01:03:41 bad
2021-07-15 01:03:43 CHB 1830436?1626282221 第 1 次 等待 1 秒
2021-07-15 01:03:44 CHB 1830436?1626282221 第 1 次 获取到号码【1830436】GSD
2021-07-15 01:03:44 获取到号码【1830436】的GSD为【吉林-白城】
2021-07-15 01:03:45 GSD insert 第 1 次 等待 1 秒
2021-07-15 01:03:46 {"status":"ok","gid":278701,"msg":"添加成功！"}
2021-07-15 01:03:46 下次操作: 2021-07-15 01:04:03

2021-07-15 01:04:04 开始第 4 次操作

2021-07-15 01:04:04 开始操作号码 【1830437】
2021-07-15 01:04:07 GSD getOne 第 1 次 等待 1 秒
2021-07-15 01:04:08 查询号码 【1830437】，返回信息 {"status":"bad","msg":""}
2021-07-15 01:04:09 查询号码 【1830437】，GSD为【""】
2021-07-15 01:04:09 bad
2021-07-15 01:04:14 CHB 1830437?1626282249 第 1 次 等待 1 秒
2021-07-15 01:04:15 CHB 1830437?1626282249 第 1 次 获取到号码【1830437】GSD
2021-07-15 01:04:15 获取到号码【1830437】的GSD为【吉林-辽源】
2021-07-15 01:04:20 GSD insert 第 1 次 等待 1 秒
2021-07-15 01:04:21 {"status":"ok","gid":278713,"msg":"添加成功！"}
2021-07-15 01:04:21 下次操作: 2021-07-15 01:04:35

2021-07-15 01:04:35 开始第 5 次操作

2021-07-15 01:04:35 开始操作号码 【1830438】
2021-07-15 01:04:36 GSD getOne 第 1 次 等待 1 秒
2021-07-15 01:04:37 查询号码 【1830438】，返回信息 {"status":"bad","msg":""}
2021-07-15 01:04:37 查询号码 【1830438】，GSD为【""】
2021-07-15 01:04:37 bad
2021-07-15 01:04:39 CHB 1830438?1626282277 第 1 次 等待 1 秒
2021-07-15 01:04:40 CHB 1830438?1626282277 第 1 次 获取到号码【1830438】GSD
2021-07-15 01:04:40 获取到号码【1830438】的GSD为【吉林-松原】
2021-07-15 01:04:42 GSD insert 第 1 次 等待 1 秒
2021-07-15 01:04:43 {"status":"ok","gid":278720,"msg":"添加成功！"}
2021-07-15 01:04:43 下次操作: 2021-07-15 01:04:58

2021-07-15 01:04:58 开始第 6 次操作

2021-07-15 01:04:58 开始操作号码 【1830439】
2021-07-15 01:05:00 GSD getOne 第 1 次 等待 1 秒
2021-07-15 01:05:01 查询号码 【1830439】，返回信息 {"status":"bad","msg":""}
2021-07-15 01:05:01 查询号码 【1830439】，GSD为【""】
2021-07-15 01:05:01 bad
2021-07-15 01:05:03 CHB 1830439?1626282301 第 1 次 等待 1 秒
2021-07-15 01:05:04 CHB 1830439?1626282301 第 1 次 获取到号码【1830439】GSD
2021-07-15 01:05:04 获取到号码【1830439】的GSD为【吉林-白山】
2021-07-15 01:05:09 GSD insert 第 1 次 等待 1 秒
2021-07-15 01:05:10 {"status":"ok","gid":278727,"msg":"添加成功！"}
2021-07-15 01:05:10 下次操作: 2021-07-15 01:05:19

2021-07-15 01:05:19 开始第 7 次操作

2021-07-15 01:05:19 开始操作号码 【1830440】
2021-07-15 01:05:22 GSD getOne 第 1 次 等待 1 秒
2021-07-15 01:05:23 查询号码 【1830440】，返回信息 {"status":"bad","msg":""}
2021-07-15 01:05:23 查询号码 【1830440】，GSD为【""】
2021-07-15 01:05:23 bad
2021-07-15 01:05:24 CHB 1830440?1626282323 第 1 次 等待 1 秒
2021-07-15 01:05:25 CHB 1830440?1626282323 第 1 次 获取到号码【1830440】GSD
2021-07-15 01:05:25 获取到号码【1830440】的GSD为【吉林-松原】
2021-07-15 01:05:33 GSD insert 第 1 次 等待 1 秒
2021-07-15 01:05:34 {"status":"ok","gid":278735,"msg":"添加成功！"}
2021-07-15 01:05:34 下次操作: 2021-07-15 01:05:52

2021-07-15 01:05:52 开始第 8 次操作

2021-07-15 01:05:52 开始操作号码 【1830441】
2021-07-15 01:05:53 GSD getOne 第 1 次 等待 1 秒
2021-07-15 01:05:54 查询号码 【1830441】，返回信息 {"status":"bad","msg":""}
2021-07-15 01:05:55 查询号码 【1830441】，GSD为【""】
2021-07-15 01:05:55 bad
2021-07-15 01:05:57 CHB 1830441?1626282355 第 1 次 等待 1 秒
2021-07-15 01:05:58 CHB 1830441?1626282355 第 1 次 获取到号码【1830441】GSD
2021-07-15 01:05:58 获取到号码【1830441】的GSD为【吉林-松原】
2021-07-15 01:05:59 GSD insert 第 1 次 等待 1 秒
2021-07-15 01:06:00 {"status":"ok","gid":278740,"msg":"添加成功！"}
2021-07-15 01:06:00 下次操作: 2021-07-15 01:06:18

2021-07-15 01:06:18 开始第 9 次操作

2021-07-15 01:06:18 开始操作号码 【1830442】
2021-07-15 01:06:20 GSD getOne 第 1 次 等待 1 秒
2021-07-15 01:06:21 查询号码 【1830442】，返回信息 {"status":"bad","msg":""}
2021-07-15 01:06:21 查询号码 【1830442】，GSD为【""】
2021-07-15 01:06:21 bad
2021-07-15 01:06:23 CHB 1830442?1626282381 第 1 次 等待 1 秒
2021-07-15 01:06:24 CHB 1830442?1626282381 第 1 次 获取到号码【1830442】GSD
2021-07-15 01:06:24 获取到号码【1830442】的GSD为【吉林-松原】
2021-07-15 01:06:35 GSD insert 第 1 次 等待 1 秒
2021-07-15 01:06:36 {"status":"ok","gid":278750,"msg":"添加成功！"}
2021-07-15 01:06:36 下次操作: 2021-07-15 01:06:45

2021-07-15 01:06:45 开始第 10 次操作

2021-07-15 01:06:45 开始操作号码 【1830443】
2021-07-15 01:06:56 GSD getOne 第 1 次 等待 1 秒
2021-07-15 01:06:57 查询号码 【1830443】，返回信息 {"status":"bad","msg":""}
2021-07-15 01:06:57 查询号码 【1830443】，GSD为【""】
2021-07-15 01:06:57 bad
2021-07-15 01:06:58 CHB 1830443?1626282417 第 1 次 等待 1 秒
2021-07-15 01:06:59 CHB 1830443?1626282417 第 1 次 获取到号码【1830443】GSD
2021-07-15 01:06:59 获取到号码【1830443】的GSD为【吉林-松原】
2021-07-15 01:07:01 GSD insert 第 1 次 等待 1 秒
2021-07-15 01:07:02 {"status":"ok","gid":278760,"msg":"添加成功！"}
2021-07-15 01:07:02 下次操作: 2021-07-15 01:07:18

2021-07-15 01:07:18 开始第 11 次操作

2021-07-15 01:07:18 开始操作号码 【1830444】
2021-07-15 01:07:26 GSD getOne 第 1 次 等待 1 秒
2021-07-15 01:07:27 查询号码 【1830444】，返回信息 {"status":"bad","msg":""}
2021-07-15 01:07:27 查询号码 【1830444】，GSD为【""】
2021-07-15 01:07:27 bad
2021-07-15 01:07:29 CHB 1830444?1626282447 第 1 次 等待 1 秒
2021-07-15 01:07:30 CHB 1830444?1626282447 第 1 次 获取到号码【1830444】GSD
2021-07-15 01:07:30 获取到号码【1830444】的GSD为【吉林-松原】
2021-07-15 01:07:33 GSD insert 第 1 次 等待 1 秒
2021-07-15 01:07:34 {"status":"ok","gid":278767,"msg":"添加成功！"}
2021-07-15 01:07:34 下次操作: 2021-07-15 01:07:43

2021-07-15 01:07:43 开始第 12 次操作

2021-07-15 01:07:43 开始操作号码 【1830445】
2021-07-15 01:07:44 GSD getOne 第 1 次 等待 1 秒
2021-07-15 01:07:45 查询号码 【1830445】，返回信息 {"status":"bad","msg":""}
2021-07-15 01:07:45 查询号码 【1830445】，GSD为【""】
2021-07-15 01:07:45 bad
2021-07-15 01:07:47 CHB 1830445?1626282465 第 1 次 等待 1 秒
2021-07-15 01:07:48 CHB 1830445?1626282465 第 1 次 获取到号码【1830445】GSD
2021-07-15 01:07:48 获取到号码【1830445】的GSD为【吉林-松原】
2021-07-15 01:07:52 GSD insert 第 1 次 等待 1 秒
2021-07-15 01:07:53 {"status":"ok","gid":278772,"msg":"添加成功！"}
2021-07-15 01:07:53 下次操作: 2021-07-15 01:08:11

2021-07-15 01:08:11 开始第 13 次操作

2021-07-15 01:08:11 开始操作号码 【1830446】
2021-07-15 01:08:13 GSD getOne 第 1 次 等待 1 秒
2021-07-15 01:08:14 查询号码 【1830446】，返回信息 {"status":"bad","msg":""}
2021-07-15 01:08:14 查询号码 【1830446】，GSD为【""】
2021-07-15 01:08:14 bad
2021-07-15 01:08:16 CHB 1830446?1626282494 第 1 次 等待 1 秒
2021-07-15 01:08:17 CHB 1830446?1626282494 第 1 次 获取到号码【1830446】GSD
2021-07-15 01:08:17 获取到号码【1830446】的GSD为【吉林-松原】
2021-07-15 01:08:18 GSD insert 第 1 次 等待 1 秒
2021-07-15 01:08:19 {"status":"ok","gid":278783,"msg":"添加成功！"}
2021-07-15 01:08:19 下次操作: 2021-07-15 01:08:28

2021-07-15 01:08:28 开始第 14 次操作

2021-07-15 01:08:28 开始操作号码 【1830447】
2021-07-15 01:08:30 GSD getOne 第 1 次 等待 1 秒
2021-07-15 01:08:31 查询号码 【1830447】，返回信息 {"status":"ok","msg":"吉林-松原","gid":"51056","time_insert":"2021-04-22 09:06"}
2021-07-15 01:08:31 查询号码 【1830447】，GSD为【"吉林-松原"】

2021-07-15 01:08:31 开始第 14 次操作

2021-07-15 01:08:31 开始操作号码 【1830448】
2021-07-15 01:08:33 GSD getOne 第 1 次 等待 1 秒
2021-07-15 01:08:34 查询号码 【1830448】，返回信息 {"status":"bad","msg":""}
2021-07-15 01:08:34 查询号码 【1830448】，GSD为【""】
2021-07-15 01:08:34 bad
2021-07-15 01:08:36 CHB 1830448?1626282514 第 1 次 等待 1 秒
2021-07-15 01:08:37 CHB 1830448?1626282514 第 1 次 获取到号码【1830448】GSD
2021-07-15 01:08:37 获取到号码【1830448】的GSD为【吉林-松原】
2021-07-15 01:08:42 GSD insert 第 1 次 等待 1 秒
2021-07-15 01:08:43 {"status":"ok","gid":278789,"msg":"添加成功！"}
2021-07-15 01:08:43 下次操作: 2021-07-15 01:09:01

2021-07-15 01:09:01 开始第 15 次操作

2021-07-15 01:09:01 开始操作号码 【1830449】
2021-07-15 01:09:05 GSD getOne 第 1 次 等待 1 秒
2021-07-15 01:09:06 查询号码 【1830449】，返回信息 {"status":"bad","msg":""}
2021-07-15 01:09:06 查询号码 【1830449】，GSD为【""】
2021-07-15 01:09:06 bad
2021-07-15 01:09:08 CHB 1830449?1626282546 第 1 次 等待 1 秒
2021-07-15 01:09:09 CHB 1830449?1626282546 第 1 次 获取到号码【1830449】GSD
2021-07-15 01:09:09 获取到号码【1830449】的GSD为【吉林-松原】
2021-07-15 01:09:10 GSD insert 第 1 次 等待 1 秒
2021-07-15 01:09:11 {"status":"ok","gid":278797,"msg":"添加成功！"}
2021-07-15 01:09:11 下次操作: 2021-07-15 01:09:19

2021-07-15 01:09:19 开始第 16 次操作

2021-07-15 01:09:19 开始操作号码 【1830450】
2021-07-15 01:09:23 GSD getOne 第 1 次 等待 1 秒
2021-07-15 01:09:24 查询号码 【1830450】，返回信息 {"status":"bad","msg":""}
2021-07-15 01:09:24 查询号码 【1830450】，GSD为【""】
2021-07-15 01:09:24 bad
2021-07-15 01:09:25 CHB 1830450?1626282564 第 1 次 等待 1 秒
2021-07-15 01:09:26 CHB 1830450?1626282564 第 1 次 获取到号码【1830450】GSD
2021-07-15 01:09:26 获取到号码【1830450】的GSD为【黑龙江-哈尔滨】
2021-07-15 01:09:29 GSD insert 第 1 次 等待 1 秒
2021-07-15 01:09:30 {"status":"ok","gid":278801,"msg":"添加成功！"}
2021-07-15 01:09:30 下次操作: 2021-07-15 01:09:43

2021-07-15 01:09:43 开始第 17 次操作

2021-07-15 01:09:43 开始操作号码 【1830451】
2021-07-15 01:09:49 GSD getOne 第 1 次 等待 1 秒
2021-07-15 01:09:50 查询号码 【1830451】，返回信息 {"status":"bad","msg":""}
2021-07-15 01:09:50 查询号码 【1830451】，GSD为【""】
2021-07-15 01:09:50 bad
2021-07-15 01:09:52 CHB 1830451?1626282590 第 1 次 等待 1 秒
2021-07-15 01:09:53 CHB 1830451?1626282590 第 1 次 获取到号码【1830451】GSD
2021-07-15 01:09:53 获取到号码【1830451】的GSD为【黑龙江-哈尔滨】
2021-07-15 01:10:04 GSD insert 第 1 次 等待 1 秒
2021-07-15 01:10:05 {"status":"ok","gid":278811,"msg":"添加成功！"}
2021-07-15 01:10:05 下次操作: 2021-07-15 01:10:22

2021-07-15 01:10:22 开始第 18 次操作

2021-07-15 01:10:22 开始操作号码 【1830452】
2021-07-15 01:10:54 GSD getOne 第 1 次 等待 1 秒
2021-07-15 01:10:55 查询号码 【1830452】，返回信息 {"status":"bad","msg":""}
2021-07-15 01:10:55 查询号码 【1830452】，GSD为【""】
2021-07-15 01:10:55 bad
2021-07-15 01:10:56 CHB 1830452?1626282655 第 1 次 等待 1 秒
2021-07-15 01:10:57 CHB 1830452?1626282655 第 1 次 获取到号码【1830452】GSD
2021-07-15 01:10:57 未获取到号码【1830452】GSD，查号吧 400 错误
2021-07-15 01:10:57 获取到号码【1830452】的GSD为【-】
2021-07-15 01:10:59 GSD insert 第 1 次 等待 1 秒
2021-07-15 01:11:00 {"status":"ok","gid":278823,"msg":"添加成功！"}
2021-07-15 01:11:00 下次操作: 2021-07-15 01:11:06

2021-07-15 01:11:06 开始第 19 次操作

2021-07-15 01:11:06 开始操作号码 【1830453】
2021-07-15 01:12:10 GSD getOne 第 1 次 等待 1 秒
2021-07-15 01:12:11 查询号码 【1830453】，返回信息 {"status":"bad","msg":""}
2021-07-15 01:12:11 查询号码 【1830453】，GSD为【""】
2021-07-15 01:12:11 bad
2021-07-15 01:12:13 CHB 1830453?1626282731 第 1 次 等待 1 秒
2021-07-15 01:12:14 CHB 1830453?1626282731 第 1 次 获取到号码【1830453】GSD
2021-07-15 01:12:14 获取到号码【1830453】的GSD为【黑龙江-牡丹江】
2021-07-15 01:12:16 GSD insert 第 1 次 等待 1 秒
2021-07-15 01:12:17 {"status":"ok","gid":278838,"msg":"添加成功！"}
2021-07-15 01:12:17 下次操作: 2021-07-15 01:12:25

2021-07-15 01:12:25 开始第 20 次操作

2021-07-15 01:12:25 开始操作号码 【1830454】
2021-07-15 01:12:26 GSD getOne 第 1 次 等待 1 秒
2021-07-15 01:12:27 查询号码 【1830454】，返回信息 {"status":"ok","msg":"黑龙江-佳木斯","gid":"37008","time_insert":"2018-09-23 08:59","time_update":"2020-08-23 03:15"}
2021-07-15 01:12:27 查询号码 【1830454】，GSD为【"黑龙江-佳木斯"】

2021-07-15 01:12:27 开始第 20 次操作

2021-07-15 01:12:27 开始操作号码 【1830455】
2021-07-15 01:12:30 GSD getOne 第 1 次 等待 1 秒
2021-07-15 01:12:31 查询号码 【1830455】，返回信息 {"status":"bad","msg":""}
2021-07-15 01:12:31 查询号码 【1830455】，GSD为【""】
2021-07-15 01:12:31 bad
2021-07-15 01:12:34 CHB 1830455?1626282751 第 1 次 等待 1 秒
2021-07-15 01:12:35 CHB 1830455?1626282751 第 1 次 获取到号码【1830455】GSD
2021-07-15 01:12:35 获取到号码【1830455】的GSD为【黑龙江-哈尔滨】
2021-07-15 01:12:36 GSD insert 第 1 次 等待 1 秒
2021-07-15 01:12:37 {"status":"ok","gid":278843,"msg":"添加成功！"}
2021-07-15 01:12:37 下次操作: 2021-07-15 01:12:50

2021-07-15 01:12:50 开始第 21 次操作

2021-07-15 01:12:50 开始操作号码 【1830456】
2021-07-15 01:12:55 GSD getOne 第 1 次 等待 1 秒
2021-07-15 01:12:56 查询号码 【1830456】，返回信息 {"status":"bad","msg":""}
2021-07-15 01:12:56 查询号码 【1830456】，GSD为【""】
2021-07-15 01:12:56 bad
2021-07-15 01:12:57 CHB 1830456?1626282776 第 1 次 等待 1 秒
2021-07-15 01:12:58 CHB 1830456?1626282776 第 1 次 获取到号码【1830456】GSD
2021-07-15 01:12:58 获取到号码【1830456】的GSD为【黑龙江-黑河】
2021-07-15 01:13:00 GSD insert 第 1 次 等待 1 秒
2021-07-15 01:13:01 {"status":"ok","gid":278849,"msg":"添加成功！"}
2021-07-15 01:13:01 下次操作: 2021-07-15 01:13:19

2021-07-15 01:13:19 开始第 22 次操作

2021-07-15 01:13:19 开始操作号码 【1830457】
2021-07-15 01:13:23 GSD getOne 第 1 次 等待 1 秒
2021-07-15 01:13:24 查询号码 【1830457】，返回信息 {"status":"bad","msg":""}
2021-07-15 01:13:24 查询号码 【1830457】，GSD为【""】
2021-07-15 01:13:24 bad
2021-07-15 01:13:26 CHB 1830457?1626282804 第 1 次 等待 1 秒
2021-07-15 01:13:27 CHB 1830457?1626282804 第 1 次 获取到号码【1830457】GSD
2021-07-15 01:13:27 获取到号码【1830457】的GSD为【黑龙江-鹤岗】
2021-07-15 01:13:31 GSD insert 第 1 次 等待 1 秒
2021-07-15 01:13:32 {"status":"ok","gid":278854,"msg":"添加成功！"}
2021-07-15 01:13:32 下次操作: 2021-07-15 01:13:49

2021-07-15 01:13:49 开始第 23 次操作

2021-07-15 01:13:49 开始操作号码 【1830458】
2021-07-15 01:13:53 GSD getOne 第 1 次 等待 1 秒
2021-07-15 01:13:54 查询号码 【1830458】，返回信息 {"status":"bad","msg":""}
2021-07-15 01:13:55 查询号码 【1830458】，GSD为【""】
2021-07-15 01:13:55 bad
2021-07-15 01:13:57 CHB 1830458?1626282835 第 1 次 等待 1 秒
2021-07-15 01:13:58 CHB 1830458?1626282835 第 1 次 获取到号码【1830458】GSD
2021-07-15 01:13:58 获取到号码【1830458】的GSD为【黑龙江-伊春】
2021-07-15 01:13:59 GSD insert 第 1 次 等待 1 秒
2021-07-15 01:14:00 {"status":"ok","gid":278861,"msg":"添加成功！"}
2021-07-15 01:14:00 下次操作: 2021-07-15 01:14:16

2021-07-15 01:14:16 开始第 24 次操作

2021-07-15 01:14:16 开始操作号码 【1830459】
2021-07-15 01:14:21 GSD getOne 第 1 次 等待 1 秒
2021-07-15 01:14:22 查询号码 【1830459】，返回信息 {"status":"bad","msg":""}
2021-07-15 01:14:22 查询号码 【1830459】，GSD为【""】
2021-07-15 01:14:22 bad
2021-07-15 01:14:24 CHB 1830459?1626282862 第 1 次 等待 1 秒
2021-07-15 01:14:25 CHB 1830459?1626282862 第 1 次 获取到号码【1830459】GSD
2021-07-15 01:14:25 获取到号码【1830459】的GSD为【黑龙江-大庆】
2021-07-15 01:14:29 GSD insert 第 1 次 等待 1 秒
2021-07-15 01:14:30 {"status":"ok","gid":278867,"msg":"添加成功！"}
2021-07-15 01:14:30 下次操作: 2021-07-15 01:14:42

2021-07-15 01:14:42 开始第 25 次操作

2021-07-15 01:14:42 开始操作号码 【1830460】
2021-07-15 01:14:45 GSD getOne 第 1 次 等待 1 秒
2021-07-15 01:14:46 查询号码 【1830460】，返回信息 {"status":"bad","msg":""}
2021-07-15 01:14:46 查询号码 【1830460】，GSD为【""】
2021-07-15 01:14:46 bad
2021-07-15 01:14:52 CHB 1830460?1626282886 第 1 次 等待 1 秒
2021-07-15 01:14:53 CHB 1830460?1626282886 第 1 次 获取到号码【1830460】GSD
2021-07-15 01:14:53 获取到号码【1830460】的GSD为【黑龙江-七台河】
2021-07-15 01:15:07 GSD insert 第 1 次 等待 1 秒
2021-07-15 01:15:08 {"status":"ok","gid":278874,"msg":"添加成功！"}
2021-07-15 01:15:08 下次操作: 2021-07-15 01:15:18

2021-07-15 01:15:18 开始第 26 次操作

2021-07-15 01:15:18 开始操作号码 【1830461】
2021-07-15 01:15:25 GSD getOne 第 1 次 等待 1 秒
2021-07-15 01:15:26 查询号码 【1830461】，返回信息 {"status":"bad","msg":""}
2021-07-15 01:15:26 查询号码 【1830461】，GSD为【""】
2021-07-15 01:15:26 bad
2021-07-15 01:15:28 CHB 1830461?1626282926 第 1 次 等待 1 秒
2021-07-15 01:15:29 CHB 1830461?1626282926 第 1 次 获取到号码【1830461】GSD
2021-07-15 01:15:29 获取到号码【1830461】的GSD为【黑龙江-哈尔滨】
2021-07-15 01:15:33 GSD insert 第 1 次 等待 1 秒
2021-07-15 01:15:35 {"status":"ok","gid":278878,"msg":"添加成功！"}
2021-07-15 01:15:35 下次操作: 2021-07-15 01:15:51

2021-07-15 01:15:51 开始第 27 次操作

2021-07-15 01:15:51 开始操作号码 【1830462】
2021-07-15 01:15:53 GSD getOne 第 1 次 等待 1 秒
2021-07-15 01:15:54 查询号码 【1830462】，返回信息 {"status":"bad","msg":""}
2021-07-15 01:15:55 查询号码 【1830462】，GSD为【""】
2021-07-15 01:15:55 bad
2021-07-15 01:15:56 CHB 1830462?1626282955 第 1 次 等待 1 秒
2021-07-15 01:15:57 CHB 1830462?1626282955 第 1 次 获取到号码【1830462】GSD
2021-07-15 01:15:57 获取到号码【1830462】的GSD为【黑龙江-哈尔滨】
2021-07-15 01:15:59 GSD insert 第 1 次 等待 1 秒
2021-07-15 01:16:00 {"status":"ok","gid":278881,"msg":"添加成功！"}
2021-07-15 01:16:00 下次操作: 2021-07-15 01:16:10

2021-07-15 01:16:10 开始第 28 次操作

2021-07-15 01:16:10 开始操作号码 【1830463】
2021-07-15 01:16:17 GSD getOne 第 1 次 等待 1 秒
2021-07-15 01:16:18 查询号码 【1830463】，返回信息 {"status":"bad","msg":""}
2021-07-15 01:16:18 查询号码 【1830463】，GSD为【""】
2021-07-15 01:16:18 bad
2021-07-15 01:16:20 CHB 1830463?1626282978 第 1 次 等待 1 秒
2021-07-15 01:16:21 CHB 1830463?1626282978 第 1 次 获取到号码【1830463】GSD
2021-07-15 01:16:21 获取到号码【1830463】的GSD为【黑龙江-哈尔滨】
2021-07-15 01:16:22 GSD insert 第 1 次 等待 1 秒
2021-07-15 01:16:23 {"status":"ok","gid":278884,"msg":"添加成功！"}
2021-07-15 01:16:23 下次操作: 2021-07-15 01:16:36

2021-07-15 01:16:37 开始第 29 次操作

2021-07-15 01:16:37 开始操作号码 【1830464】
2021-07-15 01:16:41 GSD getOne 第 1 次 等待 1 秒
2021-07-15 01:16:42 查询号码 【1830464】，返回信息 {"status":"ok","msg":"黑龙江-七台河","gid":"37009","time_insert":"2017-12-07 10:41","time_update":"2020-08-23 03:12"}
2021-07-15 01:16:42 查询号码 【1830464】，GSD为【"黑龙江-七台河"】

2021-07-15 01:16:42 开始第 29 次操作

2021-07-15 01:16:42 开始操作号码 【1830465】
2021-07-15 01:16:44 GSD getOne 第 1 次 等待 1 秒
2021-07-15 01:16:45 查询号码 【1830465】，返回信息 {"status":"bad","msg":""}
2021-07-15 01:16:45 查询号码 【1830465】，GSD为【""】
2021-07-15 01:16:45 bad
2021-07-15 01:16:47 CHB 1830465?1626283005 第 1 次 等待 1 秒
2021-07-15 01:16:48 CHB 1830465?1626283005 第 1 次 获取到号码【1830465】GSD
2021-07-15 01:16:48 获取到号码【1830465】的GSD为【黑龙江-七台河】
2021-07-15 01:16:50 GSD insert 第 1 次 等待 1 秒
2021-07-15 01:16:51 {"status":"ok","gid":278888,"msg":"添加成功！"}
2021-07-15 01:16:51 下次操作: 2021-07-15 01:17:04

2021-07-15 01:17:04 开始第 30 次操作

2021-07-15 01:17:04 开始操作号码 【1830466】
2021-07-15 01:17:43 GSD getOne 第 1 次 等待 1 秒
2021-07-15 01:17:44 查询号码 【1830466】，返回信息 {"status":"bad","msg":""}
2021-07-15 01:17:44 查询号码 【1830466】，GSD为【""】
2021-07-15 01:17:44 bad
2021-07-15 01:17:46 CHB 1830466?1626283064 第 1 次 等待 1 秒
2021-07-15 01:17:47 CHB 1830466?1626283064 第 1 次 获取到号码【1830466】GSD
2021-07-15 01:17:47 获取到号码【1830466】的GSD为【黑龙江-七台河】
2021-07-15 01:18:01 GSD insert 第 1 次 等待 1 秒
2021-07-15 01:18:02 {"status":"ok","gid":278896,"msg":"添加成功！"}

