2021-07-01 00:00:21 开始第 7 次操作

2021-07-01 00:00:21 开始操作号码 【1740981】
2021-07-01 00:00:32 GSD getOne 第 1 次 等待 1 秒
2021-07-01 00:00:33 查询号码 【1740981】，返回信息 {"status":"ok","msg":"-","time_insert":"2021-06-28 02:01"}
2021-07-01 00:00:33 查询号码 【1740981】，GSD为【"-"】
2021-07-01 00:00:33 ok && -
2021-07-01 00:00:37 CHB 1740981?1625068833 第 1 次 等待 1 秒
2021-07-01 00:00:38 CHB 1740981?1625068833 第 1 次 获取到号码【1740981】GSD
2021-07-01 00:00:38 未获取到号码【1740981】GSD，可能号码格式错误
2021-07-01 00:00:38 获取到号码【1740981】的GSD为【-】
2021-07-01 00:00:57 GSD insert 第 1 次 等待 1 秒
2021-07-01 00:00:58 {"status":"bad","msg":"添加失败！号码【1740981(-|-)】已存在！"}
2021-07-01 00:00:58 下次操作: 2021-07-01 00:01:06

2021-07-01 00:01:06 开始第 8 次操作

2021-07-01 00:01:06 开始操作号码 【1740982】
2021-07-01 00:01:17 GSD getOne 第 1 次 等待 1 秒
2021-07-01 00:01:18 查询号码 【1740982】，返回信息 {"status":"ok","msg":"-","time_insert":"2021-06-28 02:02"}
2021-07-01 00:01:18 查询号码 【1740982】，GSD为【"-"】
2021-07-01 00:01:18 ok && -
2021-07-01 00:01:23 CHB 1740982?1625068878 第 1 次 等待 1 秒
2021-07-01 00:01:24 CHB 1740982?1625068878 第 1 次 获取到号码【1740982】GSD
2021-07-01 00:01:24 未获取到号码【1740982】GSD，可能号码格式错误
2021-07-01 00:01:24 获取到号码【1740982】的GSD为【-】
2021-07-01 00:01:43 GSD insert 第 1 次 等待 1 秒
2021-07-01 00:01:44 {"status":"bad","msg":"添加失败！号码【1740982(-|-)】已存在！"}
2021-07-01 00:01:44 下次操作: 2021-07-01 00:01:56

2021-07-01 00:01:56 开始第 9 次操作

2021-07-01 00:01:56 开始操作号码 【1740983】
2021-07-01 00:02:04 GSD getOne 第 1 次 等待 1 秒
2021-07-01 00:02:05 查询号码 【1740983】，返回信息 {"status":"ok","msg":"-","time_insert":"2021-06-28 02:03"}
2021-07-01 00:02:05 查询号码 【1740983】，GSD为【"-"】
2021-07-01 00:02:05 ok && -
2021-07-01 00:02:09 CHB 1740983?1625068925 第 1 次 等待 1 秒
2021-07-01 00:02:10 CHB 1740983?1625068925 第 1 次 获取到号码【1740983】GSD
2021-07-01 00:02:11 未获取到号码【1740983】GSD，可能号码格式错误
2021-07-01 00:02:11 获取到号码【1740983】的GSD为【-】
2021-07-01 00:02:30 GSD insert 第 1 次 等待 1 秒
2021-07-01 00:02:31 {"status":"bad","msg":"添加失败！号码【1740983(-|-)】已存在！"}
2021-07-01 00:02:31 下次操作: 2021-07-01 00:02:38

2021-07-01 00:02:38 开始第 10 次操作

2021-07-01 00:02:38 开始操作号码 【1740984】
2021-07-01 00:02:58 GSD getOne 第 1 次 等待 1 秒
2021-07-01 00:02:59 查询号码 【1740984】，返回信息 {"status":"ok","msg":"-","time_insert":"2021-06-28 02:03"}
2021-07-01 00:02:59 查询号码 【1740984】，GSD为【"-"】
2021-07-01 00:02:59 ok && -
2021-07-01 00:03:01 CHB 1740984?1625068979 第 1 次 等待 1 秒
2021-07-01 00:03:02 CHB 1740984?1625068979 第 1 次 获取到号码【1740984】GSD
2021-07-01 00:03:02 未获取到号码【1740984】GSD，可能号码格式错误
2021-07-01 00:03:02 获取到号码【1740984】的GSD为【-】
2021-07-01 00:03:24 GSD insert 第 1 次 等待 1 秒
2021-07-01 00:03:25 {"status":"bad","msg":"添加失败！号码【1740984(-|-)】已存在！"}
2021-07-01 00:03:25 下次操作: 2021-07-01 00:03:32

2021-07-01 00:03:32 开始第 11 次操作

2021-07-01 00:03:32 开始操作号码 【1740985】
2021-07-01 00:03:52 GSD getOne 第 1 次 等待 1 秒
2021-07-01 00:03:53 查询号码 【1740985】，返回信息 {"status":"ok","msg":"-","time_insert":"2021-06-28 02:04"}
2021-07-01 00:03:53 查询号码 【1740985】，GSD为【"-"】
2021-07-01 00:03:53 ok && -
2021-07-01 00:03:55 CHB 1740985?1625069033 第 1 次 等待 1 秒
2021-07-01 00:03:56 CHB 1740985?1625069033 第 1 次 获取到号码【1740985】GSD
2021-07-01 00:03:56 未获取到号码【1740985】GSD，可能号码格式错误
2021-07-01 00:03:56 获取到号码【1740985】的GSD为【-】
2021-07-01 00:04:15 GSD insert 第 1 次 等待 1 秒
2021-07-01 00:04:16 {"status":"bad","msg":"添加失败！号码【1740985(-|-)】已存在！"}
2021-07-01 00:04:16 下次操作: 2021-07-01 00:04:22

2021-07-01 00:04:22 开始第 12 次操作

2021-07-01 00:04:22 开始操作号码 【1740986】
2021-07-01 00:04:42 GSD getOne 第 1 次 等待 1 秒
2021-07-01 00:04:43 查询号码 【1740986】，返回信息 {"status":"ok","msg":"-","time_insert":"2021-06-28 02:05"}
2021-07-01 00:04:43 查询号码 【1740986】，GSD为【"-"】
2021-07-01 00:04:43 ok && -
2021-07-01 00:04:45 CHB 1740986?1625069083 第 1 次 等待 1 秒
2021-07-01 00:04:46 CHB 1740986?1625069083 第 1 次 获取到号码【1740986】GSD
2021-07-01 00:04:46 未获取到号码【1740986】GSD，可能号码格式错误
2021-07-01 00:04:46 获取到号码【1740986】的GSD为【-】
2021-07-01 00:05:06 GSD insert 第 1 次 等待 1 秒
2021-07-01 00:05:07 {"status":"bad","msg":"添加失败！号码【1740986(-|-)】已存在！"}
2021-07-01 00:05:07 下次操作: 2021-07-01 00:05:25

2021-07-01 00:05:25 开始第 13 次操作

2021-07-01 00:05:25 开始操作号码 【1740987】
2021-07-01 00:05:29 GSD getOne 第 1 次 等待 1 秒
2021-07-01 00:05:30 查询号码 【1740987】，返回信息 {"status":"ok","msg":"-","time_insert":"2021-06-28 02:06"}
2021-07-01 00:05:30 查询号码 【1740987】，GSD为【"-"】
2021-07-01 00:05:30 ok && -
2021-07-01 00:05:35 CHB 1740987?1625069130 第 1 次 等待 1 秒
2021-07-01 00:05:36 CHB 1740987?1625069130 第 1 次 获取到号码【1740987】GSD
2021-07-01 00:05:36 未获取到号码【1740987】GSD，可能号码格式错误
2021-07-01 00:05:36 获取到号码【1740987】的GSD为【-】
2021-07-01 00:05:56 GSD insert 第 1 次 等待 1 秒
2021-07-01 00:05:57 {"status":"bad","msg":"添加失败！号码【1740987(-|-)】已存在！"}
2021-07-01 00:05:57 下次操作: 2021-07-01 00:06:10

2021-07-01 00:06:10 开始第 14 次操作

2021-07-01 00:06:10 开始操作号码 【1740988】
2021-07-01 00:06:18 GSD getOne 第 1 次 等待 1 秒
2021-07-01 00:06:19 查询号码 【1740988】，返回信息 {"status":"ok","msg":"-","time_insert":"2021-06-28 02:06"}
2021-07-01 00:06:19 查询号码 【1740988】，GSD为【"-"】
2021-07-01 00:06:19 ok && -
2021-07-01 00:06:23 CHB 1740988?1625069179 第 1 次 等待 1 秒
2021-07-01 00:06:24 CHB 1740988?1625069179 第 1 次 获取到号码【1740988】GSD
2021-07-01 00:06:24 未获取到号码【1740988】GSD，可能号码格式错误
2021-07-01 00:06:24 获取到号码【1740988】的GSD为【-】
2021-07-01 00:06:44 GSD insert 第 1 次 等待 1 秒
2021-07-01 00:06:45 {"status":"bad","msg":"添加失败！号码【1740988(-|-)】已存在！"}
2021-07-01 00:06:45 下次操作: 2021-07-01 00:06:56

2021-07-01 00:06:56 开始第 15 次操作

2021-07-01 00:06:56 开始操作号码 【1740989】
2021-07-01 00:07:10 GSD getOne 第 1 次 等待 1 秒
2021-07-01 00:07:11 查询号码 【1740989】，返回信息 {"status":"ok","msg":"-","time_insert":"2021-06-28 02:07"}
2021-07-01 00:07:11 查询号码 【1740989】，GSD为【"-"】
2021-07-01 00:07:11 ok && -
2021-07-01 00:07:14 CHB 1740989?1625069231 第 1 次 等待 1 秒
2021-07-01 00:07:15 CHB 1740989?1625069231 第 1 次 获取到号码【1740989】GSD
2021-07-01 00:07:15 未获取到号码【1740989】GSD，可能号码格式错误
2021-07-01 00:07:15 获取到号码【1740989】的GSD为【-】
2021-07-01 00:07:35 GSD insert 第 1 次 等待 1 秒
2021-07-01 00:07:36 {"status":"bad","msg":"添加失败！号码【1740989(-|-)】已存在！"}
2021-07-01 00:07:36 下次操作: 2021-07-01 00:07:53

2021-07-01 00:07:53 开始第 16 次操作

2021-07-01 00:07:53 开始操作号码 【1740990】
2021-07-01 00:07:57 GSD getOne 第 1 次 等待 1 秒
2021-07-01 00:07:58 查询号码 【1740990】，返回信息 {"status":"ok","msg":"-","time_insert":"2021-06-28 02:54"}
2021-07-01 00:07:58 查询号码 【1740990】，GSD为【"-"】
2021-07-01 00:07:58 ok && -
2021-07-01 00:08:01 CHB 1740990?1625069278 第 1 次 等待 1 秒
2021-07-01 00:08:02 CHB 1740990?1625069278 第 1 次 获取到号码【1740990】GSD
2021-07-01 00:08:02 未获取到号码【1740990】GSD，可能号码格式错误
2021-07-01 00:08:02 获取到号码【1740990】的GSD为【-】
2021-07-01 00:08:21 GSD insert 第 1 次 等待 1 秒
2021-07-01 00:08:22 {"status":"bad","msg":"添加失败！号码【1740990(-|-)】已存在！"}
2021-07-01 00:08:22 下次操作: 2021-07-01 00:08:32

2021-07-01 00:08:32 开始第 17 次操作

2021-07-01 00:08:32 开始操作号码 【1740991】
2021-07-01 00:08:46 GSD getOne 第 1 次 等待 1 秒
2021-07-01 00:08:47 查询号码 【1740991】，返回信息 {"status":"ok","msg":"-","time_insert":"2021-06-28 02:55"}
2021-07-01 00:08:47 查询号码 【1740991】，GSD为【"-"】
2021-07-01 00:08:47 ok && -
2021-07-01 00:08:50 CHB 1740991?1625069327 第 1 次 等待 1 秒
2021-07-01 00:08:51 CHB 1740991?1625069327 第 1 次 获取到号码【1740991】GSD
2021-07-01 00:08:51 未获取到号码【1740991】GSD，可能号码格式错误
2021-07-01 00:08:51 获取到号码【1740991】的GSD为【-】
2021-07-01 00:09:10 GSD insert 第 1 次 等待 1 秒
2021-07-01 00:09:11 {"status":"bad","msg":"添加失败！号码【1740991(-|-)】已存在！"}
2021-07-01 00:09:11 下次操作: 2021-07-01 00:09:25

2021-07-01 00:09:25 开始第 18 次操作

2021-07-01 00:09:25 开始操作号码 【1740992】
2021-07-01 00:09:33 GSD getOne 第 1 次 等待 1 秒
2021-07-01 00:09:34 查询号码 【1740992】，返回信息 {"status":"ok","msg":"-","time_insert":"2021-06-28 02:56"}
2021-07-01 00:09:34 查询号码 【1740992】，GSD为【"-"】
2021-07-01 00:09:34 ok && -
2021-07-01 00:09:36 CHB 1740992?1625069374 第 1 次 等待 1 秒
2021-07-01 00:09:37 CHB 1740992?1625069374 第 1 次 获取到号码【1740992】GSD
2021-07-01 00:09:37 未获取到号码【1740992】GSD，可能号码格式错误
2021-07-01 00:09:37 获取到号码【1740992】的GSD为【-】
2021-07-01 00:09:56 GSD insert 第 1 次 等待 1 秒
2021-07-01 00:09:57 {"status":"bad","msg":"添加失败！号码【1740992(-|-)】已存在！"}
2021-07-01 00:09:57 下次操作: 2021-07-01 00:10:10

2021-07-01 00:10:10 开始第 19 次操作

2021-07-01 00:10:10 开始操作号码 【1740993】
2021-07-01 00:10:17 GSD getOne 第 1 次 等待 1 秒
2021-07-01 00:10:18 查询号码 【1740993】，返回信息 {"status":"ok","msg":"-","time_insert":"2021-06-28 02:57"}
2021-07-01 00:10:18 查询号码 【1740993】，GSD为【"-"】
2021-07-01 00:10:18 ok && -
2021-07-01 00:10:20 CHB 1740993?1625069418 第 1 次 等待 1 秒
2021-07-01 00:10:21 CHB 1740993?1625069418 第 1 次 获取到号码【1740993】GSD
2021-07-01 00:10:21 未获取到号码【1740993】GSD，可能号码格式错误
2021-07-01 00:10:21 获取到号码【1740993】的GSD为【-】
2021-07-01 00:10:44 GSD insert 第 1 次 等待 1 秒
2021-07-01 00:10:45 {"status":"bad","msg":"添加失败！号码【1740993(-|-)】已存在！"}
2021-07-01 00:10:45 下次操作: 2021-07-01 00:10:59

2021-07-01 00:10:59 开始第 20 次操作

2021-07-01 00:10:59 开始操作号码 【1740994】
2021-07-01 00:11:08 GSD getOne 第 1 次 等待 1 秒
2021-07-01 00:11:09 查询号码 【1740994】，返回信息 {"status":"ok","msg":"-","time_insert":"2021-06-28 02:58"}
2021-07-01 00:11:09 查询号码 【1740994】，GSD为【"-"】
2021-07-01 00:11:09 ok && -
2021-07-01 00:11:11 CHB 1740994?1625069469 第 1 次 等待 1 秒
2021-07-01 00:11:12 CHB 1740994?1625069469 第 1 次 获取到号码【1740994】GSD
2021-07-01 00:11:12 未获取到号码【1740994】GSD，可能号码格式错误
2021-07-01 00:11:12 获取到号码【1740994】的GSD为【-】
2021-07-01 00:11:31 GSD insert 第 1 次 等待 1 秒
2021-07-01 00:11:32 {"status":"bad","msg":"添加失败！号码【1740994(-|-)】已存在！"}
2021-07-01 00:11:32 下次操作: 2021-07-01 00:11:49

2021-07-01 00:11:50 开始第 21 次操作

2021-07-01 00:11:50 开始操作号码 【1740995】
2021-07-01 00:11:54 GSD getOne 第 1 次 等待 1 秒
2021-07-01 00:11:55 查询号码 【1740995】，返回信息 {"status":"ok","msg":"-","time_insert":"2021-06-28 02:59"}
2021-07-01 00:11:55 查询号码 【1740995】，GSD为【"-"】
2021-07-01 00:11:55 ok && -
2021-07-01 00:11:57 CHB 1740995?1625069515 第 1 次 等待 1 秒
2021-07-01 00:11:58 CHB 1740995?1625069515 第 1 次 获取到号码【1740995】GSD
2021-07-01 00:11:58 未获取到号码【1740995】GSD，可能号码格式错误
2021-07-01 00:11:58 获取到号码【1740995】的GSD为【-】
2021-07-01 00:12:18 GSD insert 第 1 次 等待 1 秒
2021-07-01 00:12:19 {"status":"bad","msg":"添加失败！号码【1740995(-|-)】已存在！"}
2021-07-01 00:12:20 下次操作: 2021-07-01 00:12:31

2021-07-01 00:12:31 开始第 22 次操作

2021-07-01 00:12:31 开始操作号码 【1740996】
2021-07-01 00:12:43 GSD getOne 第 1 次 等待 1 秒
2021-07-01 00:12:44 查询号码 【1740996】，返回信息 {"status":"ok","msg":"-","time_insert":"2021-06-28 02:59"}
2021-07-01 00:12:45 查询号码 【1740996】，GSD为【"-"】
2021-07-01 00:12:45 ok && -
2021-07-01 00:12:47 CHB 1740996?1625069565 第 1 次 等待 1 秒
2021-07-01 00:12:48 CHB 1740996?1625069565 第 1 次 获取到号码【1740996】GSD
2021-07-01 00:12:48 未获取到号码【1740996】GSD，可能号码格式错误
2021-07-01 00:12:48 获取到号码【1740996】的GSD为【-】
2021-07-01 00:13:08 GSD insert 第 1 次 等待 1 秒
2021-07-01 00:13:09 {"status":"bad","msg":"添加失败！号码【1740996(-|-)】已存在！"}
2021-07-01 00:13:09 下次操作: 2021-07-01 00:13:16

2021-07-01 00:13:16 开始第 23 次操作

2021-07-01 00:13:16 开始操作号码 【1740997】
2021-07-01 00:13:30 GSD getOne 第 1 次 等待 1 秒
2021-07-01 00:13:31 查询号码 【1740997】，返回信息 {"status":"ok","msg":"-","time_insert":"2021-06-28 03:00"}
2021-07-01 00:13:31 查询号码 【1740997】，GSD为【"-"】
2021-07-01 00:13:31 ok && -
2021-07-01 00:13:34 CHB 1740997?1625069611 第 1 次 等待 1 秒
2021-07-01 00:13:35 CHB 1740997?1625069611 第 1 次 获取到号码【1740997】GSD
2021-07-01 00:13:35 未获取到号码【1740997】GSD，可能号码格式错误
2021-07-01 00:13:35 获取到号码【1740997】的GSD为【-】
2021-07-01 00:13:57 GSD insert 第 1 次 等待 1 秒
2021-07-01 00:13:58 {"status":"bad","msg":"添加失败！号码【1740997(-|-)】已存在！"}
2021-07-01 00:13:58 下次操作: 2021-07-01 00:14:14

2021-07-01 00:14:14 开始第 24 次操作

2021-07-01 00:14:14 开始操作号码 【1740998】
2021-07-01 00:14:21 GSD getOne 第 1 次 等待 1 秒
2021-07-01 00:14:22 查询号码 【1740998】，返回信息 {"status":"ok","msg":"-","time_insert":"2021-06-28 03:01"}
2021-07-01 00:14:22 查询号码 【1740998】，GSD为【"-"】
2021-07-01 00:14:22 ok && -
2021-07-01 00:14:26 CHB 1740998?1625069662 第 1 次 等待 1 秒
2021-07-01 00:14:27 CHB 1740998?1625069662 第 1 次 获取到号码【1740998】GSD
2021-07-01 00:14:27 未获取到号码【1740998】GSD，可能号码格式错误
2021-07-01 00:14:27 获取到号码【1740998】的GSD为【-】
2021-07-01 00:14:47 GSD insert 第 1 次 等待 1 秒
2021-07-01 00:14:48 {"status":"bad","msg":"添加失败！号码【1740998(-|-)】已存在！"}
2021-07-01 00:14:48 下次操作: 2021-07-01 00:15:00

2021-07-01 00:15:00 开始第 25 次操作

2021-07-01 00:15:00 开始操作号码 【1740999】
2021-07-01 00:15:07 GSD getOne 第 1 次 等待 1 秒
2021-07-01 00:15:08 查询号码 【1740999】，返回信息 {"status":"ok","msg":"-","time_insert":"2021-06-28 03:02"}
2021-07-01 00:15:08 查询号码 【1740999】，GSD为【"-"】
2021-07-01 00:15:08 ok && -
2021-07-01 00:15:12 CHB 1740999?1625069708 第 1 次 等待 1 秒
2021-07-01 00:15:13 CHB 1740999?1625069708 第 1 次 获取到号码【1740999】GSD
2021-07-01 00:15:13 未获取到号码【1740999】GSD，可能号码格式错误
2021-07-01 00:15:13 获取到号码【1740999】的GSD为【-】
2021-07-01 00:15:33 GSD insert 第 1 次 等待 1 秒
2021-07-01 00:15:34 {"status":"bad","msg":"添加失败！号码【1740999(-|-)】已存在！"}
2021-07-01 00:15:34 下次操作: 2021-07-01 00:15:42

2021-07-01 00:15:42 开始第 26 次操作

2021-07-01 00:15:42 开始操作号码 【1741000】
2021-07-01 00:15:53 GSD getOne 第 1 次 等待 1 秒
2021-07-01 00:15:54 查询号码 【1741000】，返回信息 {"status":"ok","msg":"-","time_insert":"2021-06-28 03:02"}
2021-07-01 00:15:54 查询号码 【1741000】，GSD为【"-"】
2021-07-01 00:15:54 ok && -
2021-07-01 00:15:56 CHB 1741000?1625069754 第 1 次 等待 1 秒
2021-07-01 00:15:57 CHB 1741000?1625069754 第 1 次 获取到号码【1741000】GSD
2021-07-01 00:15:57 未获取到号码【1741000】GSD，可能号码格式错误
2021-07-01 00:15:57 获取到号码【1741000】的GSD为【-】
2021-07-01 00:16:16 GSD insert 第 1 次 等待 1 秒
2021-07-01 00:16:17 {"status":"bad","msg":"添加失败！号码【1741000(-|-)】已存在！"}
2021-07-01 00:16:17 下次操作: 2021-07-01 00:16:35

2021-07-01 00:16:35 开始第 27 次操作

2021-07-01 00:16:35 开始操作号码 【1741001】
2021-07-01 00:16:43 GSD getOne 第 1 次 等待 1 秒
2021-07-01 00:16:45 查询号码 【1741001】，返回信息 {"status":"ok","msg":"-","time_insert":"2021-06-28 03:03"}
2021-07-01 00:16:45 查询号码 【1741001】，GSD为【"-"】
2021-07-01 00:16:45 ok && -
2021-07-01 00:16:47 CHB 1741001?1625069805 第 1 次 等待 1 秒
2021-07-01 00:16:48 CHB 1741001?1625069805 第 1 次 获取到号码【1741001】GSD
2021-07-01 00:16:48 未获取到号码【1741001】GSD，可能号码格式错误
2021-07-01 00:16:48 获取到号码【1741001】的GSD为【-】
2021-07-01 00:17:08 GSD insert 第 1 次 等待 1 秒
2021-07-01 00:17:09 {"status":"bad","msg":"添加失败！号码【1741001(-|-)】已存在！"}
2021-07-01 00:17:09 下次操作: 2021-07-01 00:17:27

2021-07-01 00:17:27 开始第 28 次操作

2021-07-01 00:17:27 开始操作号码 【1741002】
2021-07-01 00:17:31 GSD getOne 第 1 次 等待 1 秒
2021-07-01 00:17:32 查询号码 【1741002】，返回信息 {"status":"ok","msg":"-","time_insert":"2021-06-28 03:04"}
2021-07-01 00:17:32 查询号码 【1741002】，GSD为【"-"】
2021-07-01 00:17:32 ok && -
2021-07-01 00:17:34 CHB 1741002?1625069852 第 1 次 等待 1 秒
2021-07-01 00:17:35 CHB 1741002?1625069852 第 1 次 获取到号码【1741002】GSD
2021-07-01 00:17:35 未获取到号码【1741002】GSD，可能号码格式错误
2021-07-01 00:17:35 获取到号码【1741002】的GSD为【-】
2021-07-01 00:17:55 GSD insert 第 1 次 等待 1 秒
2021-07-01 00:17:56 {"status":"bad","msg":"添加失败！号码【1741002(-|-)】已存在！"}
2021-07-01 00:17:56 下次操作: 2021-07-01 00:18:10

2021-07-01 00:18:10 开始第 29 次操作

2021-07-01 00:18:10 开始操作号码 【1741003】
2021-07-01 00:18:15 GSD getOne 第 1 次 等待 1 秒
2021-07-01 00:18:16 查询号码 【1741003】，返回信息 {"status":"ok","msg":"-","time_insert":"2021-06-28 03:05"}
2021-07-01 00:18:16 查询号码 【1741003】，GSD为【"-"】
2021-07-01 00:18:16 ok && -
2021-07-01 00:18:18 CHB 1741003?1625069896 第 1 次 等待 1 秒
2021-07-01 00:18:19 CHB 1741003?1625069896 第 1 次 获取到号码【1741003】GSD
2021-07-01 00:18:19 未获取到号码【1741003】GSD，可能号码格式错误
2021-07-01 00:18:19 获取到号码【1741003】的GSD为【-】
2021-07-01 00:18:38 GSD insert 第 1 次 等待 1 秒
2021-07-01 00:18:39 {"status":"bad","msg":"添加失败！号码【1741003(-|-)】已存在！"}
2021-07-01 00:18:39 下次操作: 2021-07-01 00:18:50

2021-07-01 00:18:50 开始第 30 次操作

2021-07-01 00:18:50 开始操作号码 【1741004】
2021-07-01 00:19:01 GSD getOne 第 1 次 等待 1 秒
2021-07-01 00:19:02 查询号码 【1741004】，返回信息 {"status":"ok","msg":"-","time_insert":"2021-06-28 03:05"}
2021-07-01 00:19:02 查询号码 【1741004】，GSD为【"-"】
2021-07-01 00:19:02 ok && -
2021-07-01 00:19:04 CHB 1741004?1625069942 第 1 次 等待 1 秒
2021-07-01 00:19:05 CHB 1741004?1625069942 第 1 次 获取到号码【1741004】GSD
2021-07-01 00:19:05 未获取到号码【1741004】GSD，可能号码格式错误
2021-07-01 00:19:05 获取到号码【1741004】的GSD为【-】
2021-07-01 00:19:26 GSD insert 第 1 次 等待 1 秒
2021-07-01 00:19:27 {"status":"bad","msg":"添加失败！号码【1741004(-|-)】已存在！"}

