2023-10-03 00:11:03 开始第 1221 次操作

2023-10-03 00:11:03 开始操作号码 【1981220】
2023-10-03 00:11:09 GSD getOne 第 1 次 等待 3 秒
2023-10-03 00:11:12 查询号码 【1981220】，返回信息 {"status":"ok","msg":"广东-云浮","gid":"480888","time_insert":"2021-08-02 16:11"}
2023-10-03 00:11:12 查询号码 【1981220】，GSD为【"广东-云浮"】

2023-10-03 00:11:13 开始第 1222 次操作

2023-10-03 00:11:13 开始操作号码 【1981221】
2023-10-03 00:11:16 GSD getOne 第 1 次 等待 3 秒
2023-10-03 00:11:19 查询号码 【1981221】，返回信息 {"status":"ok","msg":"江苏-苏州","gid":"480915","time_insert":"2021-08-02 16:19"}
2023-10-03 00:11:19 查询号码 【1981221】，GSD为【"江苏-苏州"】

2023-10-03 00:11:20 开始第 1223 次操作

2023-10-03 00:11:20 开始操作号码 【1981222】
2023-10-03 00:11:23 GSD getOne 第 1 次 等待 3 秒
2023-10-03 00:11:26 查询号码 【1981222】，返回信息 {"status":"ok","msg":"江苏-南京","gid":"480919","time_insert":"2021-08-02 16:21"}
2023-10-03 00:11:26 查询号码 【1981222】，GSD为【"江苏-南京"】

2023-10-03 00:11:27 开始第 1224 次操作

2023-10-03 00:11:27 开始操作号码 【1981223】
2023-10-03 00:11:29 GSD getOne 第 1 次 等待 3 秒
2023-10-03 00:11:32 查询号码 【1981223】，返回信息 {"status":"ok","msg":"江苏-无锡","gid":"480931","time_insert":"2021-08-02 16:29"}
2023-10-03 00:11:32 查询号码 【1981223】，GSD为【"江苏-无锡"】

