2024-09-16 00:12:29 开始第 4881 次操作

2024-09-16 00:12:29 开始操作号码 【1444878】
2024-09-16 00:12:40 GSD getOne 第 1 次 等待 3 秒
2024-09-16 00:12:43 查询号码 【1444878】，返回信息 {"status":"ok","msg":"-","gid":"623608","time_insert":"2023-03-30 12:18"}
2024-09-16 00:12:43 查询号码 【1444878】，GSD为【"-"】
2024-09-16 00:12:43 ok && -
2024-09-16 00:12:46 CHB 1444878?1726416763 第 1 次 等待 3 秒
2024-09-16 00:12:49 CHB 1444878?1726416763 第 1 次 获取到号码【1444878】GSD
2024-09-16 00:12:49 未获取到号码【1444878】GSD，可能号码格式错误
2024-09-16 00:12:49 获取到号码【1444878】的GSD为【-】
2024-09-16 00:12:56 GSD insert 第 1 次 等待 3 秒
2024-09-16 00:12:59 {"status":"bad","gid":"623608","msg":"添加失败！号码【1444878(-|-)】已存在！"}
2024-09-16 00:12:59 随机等待 100 秒，约 1 分钟
2024-09-16 00:12:59 下次操作: 2024-09-16 00:14:39

2024-09-16 00:14:39 开始第 4882 次操作

2024-09-16 00:14:39 开始操作号码 【1444879】
2024-09-16 00:14:49 GSD getOne 第 1 次 等待 3 秒
2024-09-16 00:14:52 查询号码 【1444879】，返回信息 {"status":"ok","msg":"-","gid":"623632","time_insert":"2023-03-30 12:35"}
2024-09-16 00:14:52 查询号码 【1444879】，GSD为【"-"】
2024-09-16 00:14:52 ok && -
2024-09-16 00:14:54 CHB 1444879?1726416892 第 1 次 等待 3 秒
2024-09-16 00:14:57 CHB 1444879?1726416892 第 1 次 获取到号码【1444879】GSD
2024-09-16 00:14:57 未获取到号码【1444879】GSD，可能号码格式错误
2024-09-16 00:14:57 获取到号码【1444879】的GSD为【-】
2024-09-16 00:15:05 GSD insert 第 1 次 等待 3 秒
2024-09-16 00:15:08 {"status":"bad","gid":"623632","msg":"添加失败！号码【1444879(-|-)】已存在！"}
2024-09-16 00:15:08 随机等待 92 秒，约 1 分钟
2024-09-16 00:15:08 下次操作: 2024-09-16 00:16:40

2024-09-16 00:16:40 开始第 4883 次操作

2024-09-16 00:16:40 开始操作号码 【1444880】
2024-09-16 00:16:52 GSD getOne 第 1 次 等待 3 秒
2024-09-16 00:16:55 查询号码 【1444880】，返回信息 {"status":"ok","msg":"-","gid":"623659","time_insert":"2023-03-30 12:53"}
2024-09-16 00:16:55 查询号码 【1444880】，GSD为【"-"】
2024-09-16 00:16:55 ok && -
2024-09-16 00:16:57 CHB 1444880?1726417015 第 1 次 等待 3 秒
2024-09-16 00:17:00 CHB 1444880?1726417015 第 1 次 获取到号码【1444880】GSD
2024-09-16 00:17:00 未获取到号码【1444880】GSD，可能号码格式错误
2024-09-16 00:17:00 获取到号码【1444880】的GSD为【-】
2024-09-16 00:17:07 GSD insert 第 1 次 等待 3 秒
2024-09-16 00:17:10 {"status":"bad","gid":"623659","msg":"添加失败！号码【1444880(-|-)】已存在！"}
2024-09-16 00:17:10 随机等待 161 秒，约 2 分钟
2024-09-16 00:17:10 下次操作: 2024-09-16 00:19:51

2024-09-16 00:19:51 开始第 4884 次操作

2024-09-16 00:19:51 开始操作号码 【1444881】
2024-09-16 00:19:59 GSD getOne 第 1 次 等待 3 秒
2024-09-16 00:20:02 查询号码 【1444881】，返回信息 {"status":"ok","msg":"-","gid":"623682","time_insert":"2023-03-30 13:12"}
2024-09-16 00:20:02 查询号码 【1444881】，GSD为【"-"】
2024-09-16 00:20:02 ok && -
2024-09-16 00:20:05 CHB 1444881?1726417202 第 1 次 等待 3 秒
2024-09-16 00:20:08 CHB 1444881?1726417202 第 1 次 获取到号码【1444881】GSD
2024-09-16 00:20:08 未获取到号码【1444881】GSD，可能号码格式错误
2024-09-16 00:20:08 获取到号码【1444881】的GSD为【-】
2024-09-16 00:20:16 GSD insert 第 1 次 等待 3 秒
2024-09-16 00:20:19 {"status":"bad","gid":"623682","msg":"添加失败！号码【1444881(-|-)】已存在！"}

2024-09-16 00:40:35 开始第 4885 次操作

2024-09-16 00:40:35 开始操作号码 【1444882】
2024-09-16 00:40:47 GSD getOne 第 1 次 等待 3 秒
2024-09-16 00:40:50 查询号码 【1444882】，返回信息 {"status":"ok","msg":"-","gid":"623716","time_insert":"2023-03-30 13:33"}
2024-09-16 00:40:50 查询号码 【1444882】，GSD为【"-"】
2024-09-16 00:40:50 ok && -
2024-09-16 00:40:52 CHB 1444882?1726418450 第 1 次 等待 3 秒
2024-09-16 00:40:55 CHB 1444882?1726418450 第 1 次 获取到号码【1444882】GSD
2024-09-16 00:40:55 未获取到号码【1444882】GSD，可能号码格式错误
2024-09-16 00:40:55 获取到号码【1444882】的GSD为【-】
2024-09-16 00:41:14 GSD insert 第 1 次 等待 3 秒
2024-09-16 00:41:17 {"status":"bad","gid":"623716","msg":"添加失败！号码【1444882(-|-)】已存在！"}
2024-09-16 00:41:17 随机等待 104 秒，约 1 分钟
2024-09-16 00:41:17 下次操作: 2024-09-16 00:43:01

2024-09-16 00:43:01 开始第 4886 次操作

2024-09-16 00:43:01 开始操作号码 【1444883】
2024-09-16 00:43:09 GSD getOne 第 1 次 等待 3 秒
2024-09-16 00:43:12 查询号码 【1444883】，返回信息 {"status":"ok","msg":"-","gid":"623746","time_insert":"2023-03-30 13:51"}
2024-09-16 00:43:12 查询号码 【1444883】，GSD为【"-"】
2024-09-16 00:43:12 ok && -
2024-09-16 00:43:14 CHB 1444883?1726418592 第 1 次 等待 3 秒
2024-09-16 00:43:17 CHB 1444883?1726418592 第 1 次 获取到号码【1444883】GSD
2024-09-16 00:43:17 未获取到号码【1444883】GSD，可能号码格式错误
2024-09-16 00:43:17 获取到号码【1444883】的GSD为【-】
2024-09-16 00:43:25 GSD insert 第 1 次 等待 3 秒
2024-09-16 00:43:28 {"status":"bad","gid":"623746","msg":"添加失败！号码【1444883(-|-)】已存在！"}
2024-09-16 00:43:28 随机等待 224 秒，约 3 分钟
2024-09-16 00:43:28 下次操作: 2024-09-16 00:47:12

2024-09-16 00:47:12 开始第 4887 次操作

2024-09-16 00:47:12 开始操作号码 【1444884】
2024-09-16 00:47:21 GSD getOne 第 1 次 等待 3 秒
2024-09-16 00:47:24 查询号码 【1444884】，返回信息 {"status":"ok","msg":"-","gid":"623765","time_insert":"2023-03-30 14:02"}
2024-09-16 00:47:24 查询号码 【1444884】，GSD为【"-"】
2024-09-16 00:47:24 ok && -
2024-09-16 00:47:26 CHB 1444884?1726418844 第 1 次 等待 3 秒
2024-09-16 00:47:29 CHB 1444884?1726418844 第 1 次 获取到号码【1444884】GSD
2024-09-16 00:47:29 未获取到号码【1444884】GSD，可能号码格式错误
2024-09-16 00:47:29 获取到号码【1444884】的GSD为【-】
2024-09-16 00:47:37 GSD insert 第 1 次 等待 3 秒
2024-09-16 00:47:40 {"status":"bad","gid":"623765","msg":"添加失败！号码【1444884(-|-)】已存在！"}
2024-09-16 00:47:40 随机等待 146 秒，约 2 分钟
2024-09-16 00:47:40 下次操作: 2024-09-16 00:50:06

2024-09-16 00:50:06 开始第 4888 次操作

2024-09-16 00:50:06 开始操作号码 【1444885】
2024-09-16 00:50:16 GSD getOne 第 1 次 等待 3 秒
2024-09-16 00:50:19 查询号码 【1444885】，返回信息 {"status":"ok","msg":"-","gid":"623787","time_insert":"2023-03-30 14:19"}
2024-09-16 00:50:19 查询号码 【1444885】，GSD为【"-"】
2024-09-16 00:50:19 ok && -
2024-09-16 00:50:21 CHB 1444885?1726419019 第 1 次 等待 3 秒
2024-09-16 00:50:24 CHB 1444885?1726419019 第 1 次 获取到号码【1444885】GSD
2024-09-16 00:50:24 未获取到号码【1444885】GSD，可能号码格式错误
2024-09-16 00:50:24 获取到号码【1444885】的GSD为【-】
2024-09-16 00:50:32 GSD insert 第 1 次 等待 3 秒
2024-09-16 00:50:35 {"status":"bad","gid":"623787","msg":"添加失败！号码【1444885(-|-)】已存在！"}

