2024-01-27 00:10:43 开始第 329 次操作

2024-01-27 00:10:43 开始操作号码 【1770242】
2024-01-27 00:11:08 GSD getOne 第 1 次 等待 3 秒
2024-01-27 00:11:11 查询号码 【1770242】，返回信息 {"status":"ok","msg":"辽宁-沈阳","gid":"221093","time_insert":"2021-07-08 08:26"}
2024-01-27 00:11:11 查询号码 【1770242】，GSD为【"辽宁-沈阳"】

2024-01-27 00:11:12 开始第 330 次操作

2024-01-27 00:11:12 开始操作号码 【1770243】
2024-01-27 00:11:37 GSD getOne 第 1 次 等待 3 秒
2024-01-27 00:11:40 查询号码 【1770243】，返回信息 {"status":"ok","msg":"辽宁-沈阳","gid":"221115","time_insert":"2021-07-08 08:39"}
2024-01-27 00:11:40 查询号码 【1770243】，GSD为【"辽宁-沈阳"】

2024-01-27 00:11:41 开始第 331 次操作

2024-01-27 00:11:41 开始操作号码 【1770244】
2024-01-27 00:12:04 GSD getOne 第 1 次 等待 3 秒
2024-01-27 00:12:07 查询号码 【1770244】，返回信息 {"status":"ok","msg":"辽宁-沈阳","gid":"221136","time_insert":"2021-07-08 08:52"}
2024-01-27 00:12:07 查询号码 【1770244】，GSD为【"辽宁-沈阳"】

2024-01-27 00:12:09 开始第 332 次操作

2024-01-27 00:12:09 开始操作号码 【1770245】
2024-01-27 00:12:32 GSD getOne 第 1 次 等待 3 秒
2024-01-27 00:12:35 查询号码 【1770245】，返回信息 {"status":"ok","msg":"辽宁-沈阳","gid":"221161","time_insert":"2021-07-08 09:07"}
2024-01-27 00:12:35 查询号码 【1770245】，GSD为【"辽宁-沈阳"】

