2024-10-17 14:41:19 开始第 1 次操作

2024-10-17 14:41:19 开始操作号码 【1330000】
2024-10-17 14:41:20 GSD getOne 第 1 次 等待 3 秒
2024-10-17 14:41:23 查询号码 【1330000】，返回信息 {"status":"ok","msg":"广西-南宁","gid":"48856","time_insert":"2021-04-09 15:36"}
2024-10-17 14:41:23 查询号码 【1330000】，GSD为【"广西-南宁"】

2024-10-17 14:41:24 开始第 2 次操作

2024-10-17 14:41:24 开始操作号码 【1330001】
2024-10-17 14:41:25 GSD getOne 第 1 次 等待 3 秒
2024-10-17 14:41:28 查询号码 【1330001】，返回信息 {"status":"ok","msg":"安徽-安庆","gid":"48864","time_insert":"2021-04-09 15:56"}
2024-10-17 14:41:28 查询号码 【1330001】，GSD为【"安徽-安庆"】

2024-10-17 14:41:29 开始第 3 次操作

2024-10-17 14:41:29 开始操作号码 【1330002】
2024-10-17 14:41:30 GSD getOne 第 1 次 等待 3 秒
2024-10-17 14:41:33 查询号码 【1330002】，返回信息 {"status":"ok","msg":"重庆-重庆","gid":"48870","time_insert":"2021-04-09 16:14"}
2024-10-17 14:41:33 查询号码 【1330002】，GSD为【"重庆-重庆"】

2024-10-17 14:41:34 开始第 4 次操作

2024-10-17 14:41:34 开始操作号码 【1330003】
2024-10-17 14:41:35 GSD getOne 第 1 次 等待 3 秒
2024-10-17 14:41:38 查询号码 【1330003】，返回信息 {"status":"ok","msg":"重庆-重庆","gid":"48876","time_insert":"2021-04-09 16:32","time_update":"2021-05-07 16:14"}
2024-10-17 14:41:38 查询号码 【1330003】，GSD为【"重庆-重庆"】

2024-10-17 15:12:34 开始第 5 次操作

2024-10-17 15:12:34 开始操作号码 【1330004】
2024-10-17 15:12:35 GSD getOne 第 1 次 等待 3 秒
2024-10-17 15:12:38 查询号码 【1330004】，返回信息 {"status":"ok","msg":"广东-佛山","gid":"48883","time_insert":"2021-04-09 16:48","time_update":"2021-05-07 17:16"}
2024-10-17 15:12:39 查询号码 【1330004】，GSD为【"广东-佛山"】

2024-10-17 15:12:40 开始第 6 次操作

2024-10-17 15:12:40 开始操作号码 【1330005】
2024-10-17 15:12:41 GSD getOne 第 1 次 等待 3 秒
2024-10-17 15:12:44 查询号码 【1330005】，返回信息 {"status":"ok","msg":"广东-深圳","gid":"48890","time_insert":"2021-04-09 17:07","time_update":"2021-05-07 17:33"}
2024-10-17 15:12:44 查询号码 【1330005】，GSD为【"广东-深圳"】

2024-10-17 15:12:45 开始第 7 次操作

2024-10-17 15:12:45 开始操作号码 【1330006】
2024-10-17 15:12:46 GSD getOne 第 1 次 等待 3 秒
2024-10-17 15:12:49 查询号码 【1330006】，返回信息 {"status":"ok","msg":"广东-深圳","gid":"48897","time_insert":"2021-04-09 17:27","time_update":"2021-05-07 19:02"}
2024-10-17 15:12:49 查询号码 【1330006】，GSD为【"广东-深圳"】

2024-10-17 15:12:50 开始第 8 次操作

2024-10-17 15:12:50 开始操作号码 【1330007】
2024-10-17 15:12:51 GSD getOne 第 1 次 等待 3 秒
2024-10-17 15:12:54 查询号码 【1330007】，返回信息 {"status":"ok","msg":"广东-深圳","gid":"48903","time_insert":"2021-04-09 17:46","time_update":"2021-05-07 19:47"}
2024-10-17 15:12:54 查询号码 【1330007】，GSD为【"广东-深圳"】

2024-10-17 15:35:30 开始第 9 次操作

2024-10-17 15:35:30 开始操作号码 【1330008】
2024-10-17 15:35:32 GSD getOne 第 1 次 等待 3 秒
2024-10-17 15:35:35 查询号码 【1330008】，返回信息 {"status":"ok","msg":"广东-深圳","gid":"48909","time_insert":"2021-04-09 19:10","time_update":"2021-05-07 20:34"}
2024-10-17 15:35:35 查询号码 【1330008】，GSD为【"广东-深圳"】

2024-10-17 15:35:36 开始第 10 次操作

2024-10-17 15:35:36 开始操作号码 【1330009】
2024-10-17 15:35:37 GSD getOne 第 1 次 等待 3 秒
2024-10-17 15:35:40 查询号码 【1330009】，返回信息 {"status":"ok","msg":"广东-深圳","gid":"48914","time_insert":"2021-04-09 20:41","time_update":"2021-05-07 21:43"}
2024-10-17 15:35:40 查询号码 【1330009】，GSD为【"广东-深圳"】

2024-10-17 15:35:41 开始第 11 次操作

2024-10-17 15:35:41 开始操作号码 【1330010】
2024-10-17 15:35:42 GSD getOne 第 1 次 等待 3 秒
2024-10-17 15:35:45 查询号码 【1330010】，返回信息 {"status":"ok","msg":"北京-北京","gid":"48921","time_insert":"2021-04-09 22:08","time_update":"2021-05-07 22:44"}
2024-10-17 15:35:45 查询号码 【1330010】，GSD为【"北京-北京"】

2024-10-17 15:35:46 开始第 12 次操作

2024-10-17 15:35:46 开始操作号码 【1330011】
2024-10-17 15:35:47 GSD getOne 第 1 次 等待 3 秒
2024-10-17 15:35:50 查询号码 【1330011】，返回信息 {"status":"ok","msg":"北京-北京","gid":"48926","time_insert":"2021-04-09 23:43","time_update":"2021-05-07 23:40"}
2024-10-17 15:35:50 查询号码 【1330011】，GSD为【"北京-北京"】

2024-10-17 16:16:07 开始第 13 次操作

2024-10-17 16:16:07 开始操作号码 【1330012】
2024-10-17 16:16:08 GSD getOne 第 1 次 等待 3 秒
2024-10-17 16:16:11 查询号码 【1330012】，返回信息 {"status":"ok","msg":"广东-深圳","gid":"48932","time_insert":"2021-04-10 01:15","time_update":"2021-05-08 00:39"}
2024-10-17 16:16:11 查询号码 【1330012】，GSD为【"广东-深圳"】

2024-10-17 16:16:13 开始第 14 次操作

2024-10-17 16:16:13 开始操作号码 【1330013】
2024-10-17 16:16:14 GSD getOne 第 1 次 等待 3 秒
2024-10-17 16:16:17 查询号码 【1330013】，返回信息 {"status":"ok","msg":"广东-深圳","gid":"48938","time_insert":"2021-04-10 02:45","time_update":"2021-05-08 01:18"}
2024-10-17 16:16:17 查询号码 【1330013】，GSD为【"广东-深圳"】

2024-10-17 16:16:18 开始第 15 次操作

2024-10-17 16:16:18 开始操作号码 【1330014】
2024-10-17 16:16:19 GSD getOne 第 1 次 等待 3 秒
2024-10-17 16:16:22 查询号码 【1330014】，返回信息 {"status":"ok","msg":"广东-深圳","gid":"48943","time_insert":"2021-04-10 04:22","time_update":"2021-05-08 02:22"}
2024-10-17 16:16:22 查询号码 【1330014】，GSD为【"广东-深圳"】

2024-10-17 16:16:23 开始第 16 次操作

2024-10-17 16:16:23 开始操作号码 【1330015】
2024-10-17 16:16:24 GSD getOne 第 1 次 等待 3 秒
2024-10-17 16:16:27 查询号码 【1330015】，返回信息 {"status":"ok","msg":"河北-邯郸","gid":"48950","time_insert":"2021-04-10 06:01","time_update":"2021-05-08 03:10"}
2024-10-17 16:16:27 查询号码 【1330015】，GSD为【"河北-邯郸"】

