2024-04-04 00:10:44 开始第 1825 次操作

2024-04-04 00:10:44 开始操作号码 【1661739】
2024-04-04 00:10:51 GSD getOne 第 1 次 等待 3 秒
2024-04-04 00:10:54 查询号码 【1661739】，返回信息 {"status":"ok","msg":"湖南-邵阳","gid":"124265","time_insert":"2021-06-24 21:52"}
2024-04-04 00:10:54 查询号码 【1661739】，GSD为【"湖南-邵阳"】

2024-04-04 00:10:55 开始第 1826 次操作

2024-04-04 00:10:55 开始操作号码 【1661740】
2024-04-04 00:11:01 GSD getOne 第 1 次 等待 3 秒
2024-04-04 00:11:04 查询号码 【1661740】，返回信息 {"status":"ok","msg":"湖南-岳阳","gid":"124270","time_insert":"2021-06-24 21:53"}
2024-04-04 00:11:04 查询号码 【1661740】，GSD为【"湖南-岳阳"】

2024-04-04 00:11:05 开始第 1827 次操作

2024-04-04 00:11:05 开始操作号码 【1661741】
2024-04-04 00:11:10 GSD getOne 第 1 次 等待 3 秒
2024-04-04 00:11:13 查询号码 【1661741】，返回信息 {"status":"ok","msg":"湖南-株洲","gid":"124276","time_insert":"2021-06-24 21:54"}
2024-04-04 00:11:13 查询号码 【1661741】，GSD为【"湖南-株洲"】

2024-04-04 00:11:15 开始第 1828 次操作

2024-04-04 00:11:15 开始操作号码 【1661742】
2024-04-04 00:11:22 GSD getOne 第 1 次 等待 3 秒
2024-04-04 00:11:25 查询号码 【1661742】，返回信息 {"status":"ok","msg":"湖南-湘潭","gid":"124280","time_insert":"2021-06-24 21:54"}
2024-04-04 00:11:26 查询号码 【1661742】，GSD为【"湖南-湘潭"】

