2023-09-30 00:10:51 开始第 669 次操作

2023-09-30 00:10:51 开始操作号码 【1980668】
2023-09-30 00:10:56 GSD getOne 第 1 次 等待 3 秒
2023-09-30 00:10:59 查询号码 【1980668】，返回信息 {"status":"ok","msg":"广东-茂名","gid":"457288","time_insert":"2021-07-31 15:22"}
2023-09-30 00:10:59 查询号码 【1980668】，GSD为【"广东-茂名"】

2023-09-30 00:11:00 开始第 670 次操作

2023-09-30 00:11:00 开始操作号码 【1980669】
2023-09-30 00:11:03 GSD getOne 第 1 次 等待 3 秒
2023-09-30 00:11:06 查询号码 【1980669】，返回信息 {"status":"ok","msg":"广东-深圳","gid":"457317","time_insert":"2021-07-31 15:27"}
2023-09-30 00:11:06 查询号码 【1980669】，GSD为【"广东-深圳"】

2023-09-30 00:11:07 开始第 671 次操作

2023-09-30 00:11:07 开始操作号码 【1980670】
2023-09-30 00:11:10 GSD getOne 第 1 次 等待 3 秒
2023-09-30 00:11:13 查询号码 【1980670】，返回信息 {"status":"ok","msg":"广东-深圳","gid":"457332","time_insert":"2021-07-31 15:31"}
2023-09-30 00:11:13 查询号码 【1980670】，GSD为【"广东-深圳"】

2023-09-30 00:11:14 开始第 672 次操作

2023-09-30 00:11:14 开始操作号码 【1980671】
2023-09-30 00:11:16 GSD getOne 第 1 次 等待 3 秒
2023-09-30 00:11:19 查询号码 【1980671】，返回信息 {"status":"ok","msg":"广东-深圳","gid":"457370","time_insert":"2021-07-31 15:37"}
2023-09-30 00:11:19 查询号码 【1980671】，GSD为【"广东-深圳"】

2023-09-30 00:36:07 开始第 673 次操作

2023-09-30 00:36:07 开始操作号码 【1980672】
2023-09-30 00:36:09 GSD getOne 第 1 次 等待 3 秒
2023-09-30 00:36:12 查询号码 【1980672】，返回信息 {"status":"ok","msg":"广东-深圳","gid":"457420","time_insert":"2021-07-31 15:40"}
2023-09-30 00:36:12 查询号码 【1980672】，GSD为【"广东-深圳"】

2023-09-30 00:36:13 开始第 674 次操作

2023-09-30 00:36:13 开始操作号码 【1980673】
2023-09-30 00:36:17 GSD getOne 第 1 次 等待 3 秒
2023-09-30 00:36:20 查询号码 【1980673】，返回信息 {"status":"ok","msg":"广东-深圳","gid":"457502","time_insert":"2021-07-31 15:46"}
2023-09-30 00:36:20 查询号码 【1980673】，GSD为【"广东-深圳"】

2023-09-30 00:36:21 开始第 675 次操作

2023-09-30 00:36:21 开始操作号码 【1980674】
2023-09-30 00:36:26 GSD getOne 第 1 次 等待 3 秒
2023-09-30 00:36:29 查询号码 【1980674】，返回信息 {"status":"ok","msg":"广东-中山","gid":"457555","time_insert":"2021-07-31 15:51"}
2023-09-30 00:36:29 查询号码 【1980674】，GSD为【"广东-中山"】

2023-09-30 00:36:30 开始第 676 次操作

2023-09-30 00:36:30 开始操作号码 【1980675】
2023-09-30 00:36:39 GSD getOne 第 1 次 等待 3 秒
2023-09-30 00:36:42 查询号码 【1980675】，返回信息 {"status":"ok","msg":"广东-深圳","gid":"457639","time_insert":"2021-07-31 15:57"}
2023-09-30 00:36:42 查询号码 【1980675】，GSD为【"广东-深圳"】

2023-09-30 01:07:57 开始第 677 次操作

2023-09-30 01:07:57 开始操作号码 【1980676】
2023-09-30 01:08:07 GSD getOne 第 1 次 等待 3 秒
2023-09-30 01:08:10 查询号码 【1980676】，返回信息 {"status":"ok","msg":"广东-深圳","gid":"457689","time_insert":"2021-07-31 16:01"}
2023-09-30 01:08:10 查询号码 【1980676】，GSD为【"广东-深圳"】

2023-09-30 01:08:11 开始第 678 次操作

2023-09-30 01:08:11 开始操作号码 【1980677】
2023-09-30 01:08:13 GSD getOne 第 1 次 等待 3 秒
2023-09-30 01:08:16 查询号码 【1980677】，返回信息 {"status":"ok","msg":"广东-中山","gid":"457750","time_insert":"2021-07-31 16:07"}
2023-09-30 01:08:16 查询号码 【1980677】，GSD为【"广东-中山"】

2023-09-30 01:08:17 开始第 679 次操作

2023-09-30 01:08:17 开始操作号码 【1980678】
2023-09-30 01:08:18 GSD getOne 第 1 次 等待 3 秒
2023-09-30 01:08:21 查询号码 【1980678】，返回信息 {"status":"ok","msg":"广东-湛江","gid":"457773","time_insert":"2021-07-31 16:10"}
2023-09-30 01:08:22 查询号码 【1980678】，GSD为【"广东-湛江"】

2023-09-30 01:08:23 开始第 680 次操作

2023-09-30 01:08:23 开始操作号码 【1980679】
2023-09-30 01:08:24 GSD getOne 第 1 次 等待 3 秒
2023-09-30 01:08:27 查询号码 【1980679】，返回信息 {"status":"ok","msg":"广东-深圳","gid":"457802","time_insert":"2021-07-31 16:17"}
2023-09-30 01:08:27 查询号码 【1980679】，GSD为【"广东-深圳"】

2023-09-30 01:33:07 开始第 681 次操作

2023-09-30 01:33:07 开始操作号码 【1980680】
2023-09-30 01:33:09 GSD getOne 第 1 次 等待 3 秒
2023-09-30 01:33:12 查询号码 【1980680】，返回信息 {"status":"ok","msg":"广东-中山","gid":"457817","time_insert":"2021-07-31 16:22"}
2023-09-30 01:33:12 查询号码 【1980680】，GSD为【"广东-中山"】

2023-09-30 01:33:13 开始第 682 次操作

2023-09-30 01:33:13 开始操作号码 【1980681】
2023-09-30 01:33:15 GSD getOne 第 1 次 等待 3 秒
2023-09-30 01:33:18 查询号码 【1980681】，返回信息 {"status":"ok","msg":"广东-中山","gid":"457829","time_insert":"2021-07-31 16:27"}
2023-09-30 01:33:18 查询号码 【1980681】，GSD为【"广东-中山"】

2023-09-30 01:33:19 开始第 683 次操作

2023-09-30 01:33:19 开始操作号码 【1980682】
2023-09-30 01:33:20 GSD getOne 第 1 次 等待 3 秒
2023-09-30 01:33:23 查询号码 【1980682】，返回信息 {"status":"ok","msg":"广东-中山","gid":"457845","time_insert":"2021-07-31 16:32"}
2023-09-30 01:33:23 查询号码 【1980682】，GSD为【"广东-中山"】

2023-09-30 01:33:24 开始第 684 次操作

2023-09-30 01:33:24 开始操作号码 【1980683】
2023-09-30 01:33:26 GSD getOne 第 1 次 等待 3 秒
2023-09-30 01:33:29 查询号码 【1980683】，返回信息 {"status":"ok","msg":"广东-广州","gid":"457864","time_insert":"2021-07-31 16:37"}
2023-09-30 01:33:29 查询号码 【1980683】，GSD为【"广东-广州"】

2023-09-30 02:11:10 开始第 685 次操作

2023-09-30 02:11:10 开始操作号码 【1980684】
2023-09-30 02:11:32 GSD getOne 第 1 次 等待 3 秒
2023-09-30 02:11:35 查询号码 【1980684】，返回信息 {"status":"ok","msg":"广东-湛江","gid":"457897","time_insert":"2021-07-31 16:42"}
2023-09-30 02:11:35 查询号码 【1980684】，GSD为【"广东-湛江"】

2023-09-30 02:11:36 开始第 686 次操作

2023-09-30 02:11:36 开始操作号码 【1980685】
2023-09-30 02:11:38 GSD getOne 第 1 次 等待 3 秒
2023-09-30 02:11:41 查询号码 【1980685】，返回信息 {"status":"ok","msg":"广东-广州","gid":"457953","time_insert":"2021-07-31 16:46"}
2023-09-30 02:11:41 查询号码 【1980685】，GSD为【"广东-广州"】

2023-09-30 02:11:42 开始第 687 次操作

2023-09-30 02:11:42 开始操作号码 【1980686】
2023-09-30 02:11:49 GSD getOne 第 1 次 等待 3 秒
2023-09-30 02:11:52 查询号码 【1980686】，返回信息 {"status":"ok","msg":"广东-湛江","gid":"458010","time_insert":"2021-07-31 16:50"}
2023-09-30 02:11:52 查询号码 【1980686】，GSD为【"广东-湛江"】

2023-09-30 02:11:53 开始第 688 次操作

2023-09-30 02:11:53 开始操作号码 【1980687】
2023-09-30 02:11:56 GSD getOne 第 1 次 等待 3 秒
2023-09-30 02:11:59 查询号码 【1980687】，返回信息 {"status":"ok","msg":"广东-湛江","gid":"458139","time_insert":"2021-07-31 17:00"}
2023-09-30 02:11:59 查询号码 【1980687】，GSD为【"广东-湛江"】

2023-09-30 02:34:05 开始第 689 次操作

2023-09-30 02:34:05 开始操作号码 【1980688】
2023-09-30 02:34:07 GSD getOne 第 1 次 等待 3 秒
2023-09-30 02:34:10 查询号码 【1980688】，返回信息 {"status":"ok","msg":"广东-东莞","gid":"458147","time_insert":"2021-07-31 17:01"}
2023-09-30 02:34:10 查询号码 【1980688】，GSD为【"广东-东莞"】

2023-09-30 02:34:11 开始第 690 次操作

2023-09-30 02:34:11 开始操作号码 【1980689】
2023-09-30 02:34:13 GSD getOne 第 1 次 等待 3 秒
2023-09-30 02:34:16 查询号码 【1980689】，返回信息 {"status":"ok","msg":"广东-湛江","gid":"458283","time_insert":"2021-07-31 17:10"}
2023-09-30 02:34:16 查询号码 【1980689】，GSD为【"广东-湛江"】

2023-09-30 02:34:17 开始第 691 次操作

2023-09-30 02:34:17 开始操作号码 【1980690】
2023-09-30 02:34:19 GSD getOne 第 1 次 等待 3 秒
2023-09-30 02:34:22 查询号码 【1980690】，返回信息 {"status":"ok","msg":"云南-昭通","gid":"458301","time_insert":"2021-07-31 17:11"}
2023-09-30 02:34:22 查询号码 【1980690】，GSD为【"云南-昭通"】

2023-09-30 02:34:23 开始第 692 次操作

2023-09-30 02:34:23 开始操作号码 【1980691】
2023-09-30 02:34:25 GSD getOne 第 1 次 等待 3 秒
2023-09-30 02:34:28 查询号码 【1980691】，返回信息 {"status":"ok","msg":"云南-西双版纳","gid":"458369","time_insert":"2021-07-31 17:19"}
2023-09-30 02:34:28 查询号码 【1980691】，GSD为【"云南-西双版纳"】

2023-09-30 03:06:55 开始第 693 次操作

2023-09-30 03:06:55 开始操作号码 【1980692】
2023-09-30 03:06:57 GSD getOne 第 1 次 等待 3 秒
2023-09-30 03:07:00 查询号码 【1980692】，返回信息 {"status":"ok","msg":"云南-德宏","gid":"458371","time_insert":"2021-07-31 17:20"}
2023-09-30 03:07:00 查询号码 【1980692】，GSD为【"云南-德宏"】

2023-09-30 03:07:01 开始第 694 次操作

2023-09-30 03:07:01 开始操作号码 【1980693】
2023-09-30 03:07:03 GSD getOne 第 1 次 等待 3 秒
2023-09-30 03:07:06 查询号码 【1980693】，返回信息 {"status":"ok","msg":"云南-红河","gid":"458382","time_insert":"2021-07-31 17:29"}
2023-09-30 03:07:06 查询号码 【1980693】，GSD为【"云南-红河"】

2023-09-30 03:07:07 开始第 695 次操作

2023-09-30 03:07:07 开始操作号码 【1980694】
2023-09-30 03:07:08 GSD getOne 第 1 次 等待 3 秒
2023-09-30 03:07:11 查询号码 【1980694】，返回信息 {"status":"ok","msg":"云南-昭通","gid":"458386","time_insert":"2021-07-31 17:31"}
2023-09-30 03:07:11 查询号码 【1980694】，GSD为【"云南-昭通"】

2023-09-30 03:07:12 开始第 696 次操作

2023-09-30 03:07:12 开始操作号码 【1980695】
2023-09-30 03:07:14 GSD getOne 第 1 次 等待 3 秒
2023-09-30 03:07:17 查询号码 【1980695】，返回信息 {"status":"ok","msg":"云南-保山","gid":"458396","time_insert":"2021-07-31 17:38"}
2023-09-30 03:07:17 查询号码 【1980695】，GSD为【"云南-保山"】

2023-09-30 03:33:12 开始第 697 次操作

2023-09-30 03:33:12 开始操作号码 【1980696】
2023-09-30 03:33:20 GSD getOne 第 1 次 等待 3 秒
2023-09-30 03:33:23 查询号码 【1980696】，返回信息 {"status":"ok","msg":"云南-文山","gid":"458399","time_insert":"2021-07-31 17:39"}
2023-09-30 03:33:23 查询号码 【1980696】，GSD为【"云南-文山"】

2023-09-30 03:33:24 开始第 698 次操作

2023-09-30 03:33:24 开始操作号码 【1980697】
2023-09-30 03:33:27 GSD getOne 第 1 次 等待 3 秒
2023-09-30 03:33:30 查询号码 【1980697】，返回信息 {"status":"ok","msg":"云南-玉溪","gid":"458497","time_insert":"2021-07-31 17:50"}
2023-09-30 03:33:30 查询号码 【1980697】，GSD为【"云南-玉溪"】

2023-09-30 03:33:31 开始第 699 次操作

2023-09-30 03:33:31 开始操作号码 【1980698】
2023-09-30 03:33:34 GSD getOne 第 1 次 等待 3 秒
2023-09-30 03:33:37 查询号码 【1980698】，返回信息 {"status":"ok","msg":"云南-楚雄","gid":"458573","time_insert":"2021-07-31 17:59"}
2023-09-30 03:33:37 查询号码 【1980698】，GSD为【"云南-楚雄"】

2023-09-30 03:33:38 开始第 700 次操作

2023-09-30 03:33:38 开始操作号码 【1980699】
2023-09-30 03:33:40 GSD getOne 第 1 次 等待 3 秒
2023-09-30 03:33:43 查询号码 【1980699】，返回信息 {"status":"ok","msg":"云南-曲靖","gid":"458593","time_insert":"2021-07-31 18:01"}
2023-09-30 03:33:43 查询号码 【1980699】，GSD为【"云南-曲靖"】

2023-09-30 04:09:06 开始第 701 次操作

2023-09-30 04:09:06 开始操作号码 【1980700】
2023-09-30 04:09:08 GSD getOne 第 1 次 等待 3 秒
2023-09-30 04:09:11 查询号码 【1980700】，返回信息 {"status":"ok","msg":"江西-上饶","gid":"458649","time_insert":"2021-07-31 18:08"}
2023-09-30 04:09:11 查询号码 【1980700】，GSD为【"江西-上饶"】

2023-09-30 04:09:12 开始第 702 次操作

2023-09-30 04:09:12 开始操作号码 【1980701】
2023-09-30 04:09:14 GSD getOne 第 1 次 等待 3 秒
2023-09-30 04:09:17 查询号码 【1980701】，返回信息 {"status":"ok","msg":"江西-鹰潭","gid":"458698","time_insert":"2021-07-31 18:14"}
2023-09-30 04:09:17 查询号码 【1980701】，GSD为【"江西-鹰潭"】

2023-09-30 04:09:18 开始第 703 次操作

2023-09-30 04:09:18 开始操作号码 【1980702】
2023-09-30 04:09:20 GSD getOne 第 1 次 等待 3 秒
2023-09-30 04:09:23 查询号码 【1980702】，返回信息 {"status":"ok","msg":"江西-上饶","gid":"458744","time_insert":"2021-07-31 18:19"}
2023-09-30 04:09:23 查询号码 【1980702】，GSD为【"江西-上饶"】

2023-09-30 04:09:24 开始第 704 次操作

2023-09-30 04:09:24 开始操作号码 【1980703】
2023-09-30 04:09:26 GSD getOne 第 1 次 等待 3 秒
2023-09-30 04:09:29 查询号码 【1980703】，返回信息 {"status":"ok","msg":"江西-上饶","gid":"458791","time_insert":"2021-07-31 18:24"}
2023-09-30 04:09:29 查询号码 【1980703】，GSD为【"江西-上饶"】

