2024-09-28 00:41:52 开始第 6961 次操作

2024-09-28 00:41:52 开始操作号码 【1446958】
2024-09-28 00:41:59 GSD getOne 第 1 次 等待 3 秒
2024-09-28 00:42:02 查询号码 【1446958】，返回信息 {"status":"ok","msg":"-","gid":"683836","time_insert":"2023-04-29 03:57"}
2024-09-28 00:42:03 查询号码 【1446958】，GSD为【"-"】
2024-09-28 00:42:03 ok && -
2024-09-28 00:42:05 CHB 1446958?1727455323 第 1 次 等待 3 秒
2024-09-28 00:42:08 CHB 1446958?1727455323 第 1 次 获取到号码【1446958】GSD
2024-09-28 00:42:08 未获取到号码【1446958】GSD，可能号码格式错误
2024-09-28 00:42:08 获取到号码【1446958】的GSD为【-】
2024-09-28 00:42:11 GSD insert 第 1 次 等待 3 秒
2024-09-28 00:42:14 {"status":"bad","gid":"683836","msg":"添加失败！号码【1446958(-|-)】已存在！"}
2024-09-28 00:42:14 随机等待 178 秒，约 2 分钟
2024-09-28 00:42:14 下次操作: 2024-09-28 00:45:12

2024-09-28 00:45:12 开始第 6962 次操作

2024-09-28 00:45:12 开始操作号码 【1446959】
2024-09-28 00:45:14 GSD getOne 第 1 次 等待 3 秒
2024-09-28 00:45:17 查询号码 【1446959】，返回信息 {"status":"ok","msg":"-","gid":"683856","time_insert":"2023-04-29 04:13"}
2024-09-28 00:45:17 查询号码 【1446959】，GSD为【"-"】
2024-09-28 00:45:17 ok && -
2024-09-28 00:45:19 CHB 1446959?1727455517 第 1 次 等待 3 秒
2024-09-28 00:45:22 CHB 1446959?1727455517 第 1 次 获取到号码【1446959】GSD
2024-09-28 00:45:22 未获取到号码【1446959】GSD，可能号码格式错误
2024-09-28 00:45:22 获取到号码【1446959】的GSD为【-】
2024-09-28 00:45:24 GSD insert 第 1 次 等待 3 秒
2024-09-28 00:45:27 {"status":"bad","gid":"683856","msg":"添加失败！号码【1446959(-|-)】已存在！"}
2024-09-28 00:45:27 随机等待 91 秒，约 1 分钟
2024-09-28 00:45:27 下次操作: 2024-09-28 00:46:58

2024-09-28 00:46:58 开始第 6963 次操作

2024-09-28 00:46:58 开始操作号码 【1446960】
2024-09-28 00:47:00 GSD getOne 第 1 次 等待 3 秒
2024-09-28 00:47:03 查询号码 【1446960】，返回信息 {"status":"ok","msg":"-","gid":"683886","time_insert":"2023-04-29 04:31"}
2024-09-28 00:47:03 查询号码 【1446960】，GSD为【"-"】
2024-09-28 00:47:03 ok && -
2024-09-28 00:47:04 CHB 1446960?1727455623 第 1 次 等待 3 秒
2024-09-28 00:47:07 CHB 1446960?1727455623 第 1 次 获取到号码【1446960】GSD
2024-09-28 00:47:07 未获取到号码【1446960】GSD，可能号码格式错误
2024-09-28 00:47:07 获取到号码【1446960】的GSD为【-】
2024-09-28 00:47:09 GSD insert 第 1 次 等待 3 秒
2024-09-28 00:47:12 {"status":"bad","gid":"683886","msg":"添加失败！号码【1446960(-|-)】已存在！"}
2024-09-28 00:47:12 随机等待 142 秒，约 2 分钟
2024-09-28 00:47:12 下次操作: 2024-09-28 00:49:34

2024-09-28 00:49:34 开始第 6964 次操作

2024-09-28 00:49:34 开始操作号码 【1446961】
2024-09-28 00:49:39 GSD getOne 第 1 次 等待 3 秒
2024-09-28 00:49:42 查询号码 【1446961】，返回信息 {"status":"ok","msg":"-","gid":"683914","time_insert":"2023-04-29 04:48"}
2024-09-28 00:49:42 查询号码 【1446961】，GSD为【"-"】
2024-09-28 00:49:42 ok && -
2024-09-28 00:49:43 CHB 1446961?1727455782 第 1 次 等待 3 秒
2024-09-28 00:49:46 CHB 1446961?1727455782 第 1 次 获取到号码【1446961】GSD
2024-09-28 00:49:46 未获取到号码【1446961】GSD，可能号码格式错误
2024-09-28 00:49:46 获取到号码【1446961】的GSD为【-】
2024-09-28 00:49:48 GSD insert 第 1 次 等待 3 秒
2024-09-28 00:49:51 {"status":"bad","gid":"683914","msg":"添加失败！号码【1446961(-|-)】已存在！"}

2024-09-28 01:09:52 开始第 6965 次操作

2024-09-28 01:09:52 开始操作号码 【1446962】
2024-09-28 01:09:55 GSD getOne 第 1 次 等待 3 秒
2024-09-28 01:09:58 查询号码 【1446962】，返回信息 {"status":"ok","msg":"-","gid":"683939","time_insert":"2023-04-29 05:02"}
2024-09-28 01:09:58 查询号码 【1446962】，GSD为【"-"】
2024-09-28 01:09:58 ok && -
2024-09-28 01:10:00 CHB 1446962?1727456998 第 1 次 等待 3 秒
2024-09-28 01:10:03 CHB 1446962?1727456998 第 1 次 获取到号码【1446962】GSD
2024-09-28 01:10:03 未获取到号码【1446962】GSD，可能号码格式错误
2024-09-28 01:10:03 获取到号码【1446962】的GSD为【-】
2024-09-28 01:10:05 GSD insert 第 1 次 等待 3 秒
2024-09-28 01:10:08 {"status":"bad","gid":"683939","msg":"添加失败！号码【1446962(-|-)】已存在！"}
2024-09-28 01:10:08 随机等待 83 秒，约 1 分钟
2024-09-28 01:10:08 下次操作: 2024-09-28 01:11:31

2024-09-28 01:11:31 开始第 6966 次操作

2024-09-28 01:11:31 开始操作号码 【1446963】
2024-09-28 01:11:34 GSD getOne 第 1 次 等待 3 秒
2024-09-28 01:11:37 查询号码 【1446963】，返回信息 {"status":"ok","msg":"-","gid":"683958","time_insert":"2023-04-29 05:13"}
2024-09-28 01:11:37 查询号码 【1446963】，GSD为【"-"】
2024-09-28 01:11:37 ok && -
2024-09-28 01:11:38 CHB 1446963?1727457097 第 1 次 等待 3 秒
2024-09-28 01:11:41 CHB 1446963?1727457097 第 1 次 获取到号码【1446963】GSD
2024-09-28 01:11:41 未获取到号码【1446963】GSD，可能号码格式错误
2024-09-28 01:11:41 获取到号码【1446963】的GSD为【-】
2024-09-28 01:11:44 GSD insert 第 1 次 等待 3 秒
2024-09-28 01:11:47 {"status":"bad","gid":"683958","msg":"添加失败！号码【1446963(-|-)】已存在！"}
2024-09-28 01:11:47 随机等待 75 秒，约 1 分钟
2024-09-28 01:11:47 下次操作: 2024-09-28 01:13:02

2024-09-28 01:13:02 开始第 6967 次操作

2024-09-28 01:13:02 开始操作号码 【1446964】
2024-09-28 01:13:04 GSD getOne 第 1 次 等待 3 秒
2024-09-28 01:13:07 查询号码 【1446964】，返回信息 {"status":"ok","msg":"-","gid":"683989","time_insert":"2023-04-29 05:33"}
2024-09-28 01:13:07 查询号码 【1446964】，GSD为【"-"】
2024-09-28 01:13:07 ok && -
2024-09-28 01:13:09 CHB 1446964?1727457187 第 1 次 等待 3 秒
2024-09-28 01:13:12 CHB 1446964?1727457187 第 1 次 获取到号码【1446964】GSD
2024-09-28 01:13:12 未获取到号码【1446964】GSD，可能号码格式错误
2024-09-28 01:13:12 获取到号码【1446964】的GSD为【-】
2024-09-28 01:13:14 GSD insert 第 1 次 等待 3 秒
2024-09-28 01:13:17 {"status":"bad","gid":"683989","msg":"添加失败！号码【1446964(-|-)】已存在！"}
2024-09-28 01:13:17 随机等待 198 秒，约 3 分钟
2024-09-28 01:13:17 下次操作: 2024-09-28 01:16:35

2024-09-28 01:16:35 开始第 6968 次操作

2024-09-28 01:16:35 开始操作号码 【1446965】
2024-09-28 01:16:37 GSD getOne 第 1 次 等待 3 秒
2024-09-28 01:16:40 查询号码 【1446965】，返回信息 {"status":"ok","msg":"-","gid":"684022","time_insert":"2023-04-29 05:53"}
2024-09-28 01:16:40 查询号码 【1446965】，GSD为【"-"】
2024-09-28 01:16:40 ok && -
2024-09-28 01:21:40 CHB 1446965?1727457400 第 1 次 等待 3 秒
2024-09-28 01:21:43 CHB 1446965?1727457400 第 1 次 未获取到 等待 164 秒 下次操作: 2024-09-28 01:24:27
2024-09-28 01:24:29 CHB 1446965?1727457867 第 2 次 等待 3 秒
2024-09-28 01:24:32 CHB 1446965?1727457867 第 2 次 获取到号码【1446965】GSD
2024-09-28 01:24:32 未获取到号码【1446965】GSD，可能号码格式错误
2024-09-28 01:24:32 获取到号码【1446965】的GSD为【-】
2024-09-28 01:24:34 GSD insert 第 1 次 等待 3 秒
2024-09-28 01:24:37 {"status":"bad","gid":"684022","msg":"添加失败！号码【1446965(-|-)】已存在！"}

