2024-05-19 00:10:15 开始第 9949 次操作

2024-05-19 00:10:15 开始操作号码 【1669862】
2024-05-19 00:10:31 GSD getOne 第 1 次 等待 3 秒
2024-05-19 00:10:34 查询号码 【1669862】，返回信息 {"status":"ok","msg":"广东-珠海","gid":"209565","time_insert":"2021-07-06 22:43"}
2024-05-19 00:10:34 查询号码 【1669862】，GSD为【"广东-珠海"】

2024-05-19 00:10:35 开始第 9950 次操作

2024-05-19 00:10:35 开始操作号码 【1669863】
2024-05-19 00:10:46 GSD getOne 第 1 次 等待 3 秒
2024-05-19 00:10:49 查询号码 【1669863】，返回信息 {"status":"ok","msg":"广东-珠海","gid":"209570","time_insert":"2021-07-06 22:43"}
2024-05-19 00:10:49 查询号码 【1669863】，GSD为【"广东-珠海"】

2024-05-19 00:10:50 开始第 9951 次操作

2024-05-19 00:10:50 开始操作号码 【1669864】
2024-05-19 00:11:00 GSD getOne 第 1 次 等待 3 秒
2024-05-19 00:11:03 查询号码 【1669864】，返回信息 {"status":"ok","msg":"广东-珠海","gid":"209576","time_insert":"2021-07-06 22:44"}
2024-05-19 00:11:03 查询号码 【1669864】，GSD为【"广东-珠海"】

2024-05-19 00:11:04 开始第 9952 次操作

2024-05-19 00:11:04 开始操作号码 【1669865】
2024-05-19 00:11:11 GSD getOne 第 1 次 等待 3 秒
2024-05-19 00:11:14 查询号码 【1669865】，返回信息 {"status":"ok","msg":"广东-珠海","gid":"209583","time_insert":"2021-07-06 22:44"}
2024-05-19 00:11:14 查询号码 【1669865】，GSD为【"广东-珠海"】

