2024-04-03 00:10:48 开始第 1641 次操作

2024-04-03 00:10:48 开始操作号码 【1661555】
2024-04-03 00:10:53 GSD getOne 第 1 次 等待 3 秒
2024-04-03 00:10:56 查询号码 【1661555】，返回信息 {"status":"ok","msg":"山东-聊城","gid":"122935","time_insert":"2021-06-24 15:10"}
2024-04-03 00:10:56 查询号码 【1661555】，GSD为【"山东-聊城"】

2024-04-03 00:10:57 开始第 1642 次操作

2024-04-03 00:10:57 开始操作号码 【1661556】
2024-04-03 00:11:02 GSD getOne 第 1 次 等待 3 秒
2024-04-03 00:11:05 查询号码 【1661556】，返回信息 {"status":"ok","msg":"山东-聊城","gid":"122938","time_insert":"2021-06-24 15:10"}
2024-04-03 00:11:05 查询号码 【1661556】，GSD为【"山东-聊城"】

2024-04-03 00:11:06 开始第 1643 次操作

2024-04-03 00:11:06 开始操作号码 【1661557】
2024-04-03 00:11:10 GSD getOne 第 1 次 等待 3 秒
2024-04-03 00:11:13 查询号码 【1661557】，返回信息 {"status":"ok","msg":"山东-青岛","gid":"122943","time_insert":"2021-06-24 15:11"}
2024-04-03 00:11:13 查询号码 【1661557】，GSD为【"山东-青岛"】

2024-04-03 00:11:14 开始第 1644 次操作

2024-04-03 00:11:14 开始操作号码 【1661558】
2024-04-03 00:11:19 GSD getOne 第 1 次 等待 3 秒
2024-04-03 00:11:22 查询号码 【1661558】，返回信息 {"status":"ok","msg":"山东-青岛","gid":"122947","time_insert":"2021-06-24 15:11"}
2024-04-03 00:11:22 查询号码 【1661558】，GSD为【"山东-青岛"】

2024-04-03 00:36:47 开始第 1645 次操作

2024-04-03 00:36:47 开始操作号码 【1661559】
2024-04-03 00:36:53 GSD getOne 第 1 次 等待 3 秒
2024-04-03 00:36:56 查询号码 【1661559】，返回信息 {"status":"ok","msg":"山东-泰安","gid":"122949","time_insert":"2021-06-24 15:12"}
2024-04-03 00:36:56 查询号码 【1661559】，GSD为【"山东-泰安"】

2024-04-03 00:36:57 开始第 1646 次操作

2024-04-03 00:36:57 开始操作号码 【1661560】
2024-04-03 00:37:03 GSD getOne 第 1 次 等待 3 秒
2024-04-03 00:37:06 查询号码 【1661560】，返回信息 {"status":"ok","msg":"山东-济宁","gid":"122953","time_insert":"2021-06-24 15:12"}
2024-04-03 00:37:06 查询号码 【1661560】，GSD为【"山东-济宁"】

2024-04-03 00:37:07 开始第 1647 次操作

2024-04-03 00:37:07 开始操作号码 【1661561】
2024-04-03 00:37:11 GSD getOne 第 1 次 等待 3 秒
2024-04-03 00:37:14 查询号码 【1661561】，返回信息 {"status":"ok","msg":"山东-济宁","gid":"122956","time_insert":"2021-06-24 15:13"}
2024-04-03 00:37:15 查询号码 【1661561】，GSD为【"山东-济宁"】

2024-04-03 00:37:16 开始第 1648 次操作

2024-04-03 00:37:16 开始操作号码 【1661562】
2024-04-03 00:37:20 GSD getOne 第 1 次 等待 3 秒
2024-04-03 00:37:23 查询号码 【1661562】，返回信息 {"status":"ok","msg":"山东-济宁","gid":"122961","time_insert":"2021-06-24 15:13"}
2024-04-03 00:37:23 查询号码 【1661562】，GSD为【"山东-济宁"】

