2024-07-12 00:12:10 开始第 6133 次操作

2024-07-12 00:12:10 开始操作号码 【1556042】
2024-07-12 00:12:20 GSD getOne 第 1 次 等待 3 秒
2024-07-12 00:12:23 查询号码 【1556042】，返回信息 {"status":"ok","msg":"内蒙古-赤峰","gid":"415431","time_insert":"2021-07-27 17:49"}
2024-07-12 00:12:23 查询号码 【1556042】，GSD为【"内蒙古-赤峰"】

2024-07-12 00:12:24 开始第 6134 次操作

2024-07-12 00:12:24 开始操作号码 【1556043】
2024-07-12 00:12:32 GSD getOne 第 1 次 等待 3 秒
2024-07-12 00:12:35 查询号码 【1556043】，返回信息 {"status":"ok","msg":"内蒙古-赤峰","gid":"415416","time_insert":"2021-07-27 17:48"}
2024-07-12 00:12:35 查询号码 【1556043】，GSD为【"内蒙古-赤峰"】

2024-07-12 00:12:36 开始第 6135 次操作

2024-07-12 00:12:36 开始操作号码 【1556044】
2024-07-12 00:12:43 GSD getOne 第 1 次 等待 3 秒
2024-07-12 00:12:46 查询号码 【1556044】，返回信息 {"status":"ok","msg":"内蒙古-赤峰","gid":"415400","time_insert":"2021-07-27 17:47"}
2024-07-12 00:12:46 查询号码 【1556044】，GSD为【"内蒙古-赤峰"】

2024-07-12 00:12:47 开始第 6136 次操作

2024-07-12 00:12:47 开始操作号码 【1556045】
2024-07-12 00:12:57 GSD getOne 第 1 次 等待 3 秒
2024-07-12 00:13:00 查询号码 【1556045】，返回信息 {"status":"ok","msg":"内蒙古-赤峰","gid":"415301","time_insert":"2021-07-27 17:23"}
2024-07-12 00:13:00 查询号码 【1556045】，GSD为【"内蒙古-赤峰"】

