2024-07-17 00:11:33 开始第 7029 次操作

2024-07-17 00:11:33 开始操作号码 【1556938】
2024-07-17 00:11:42 GSD getOne 第 1 次 等待 3 秒
2024-07-17 00:11:45 查询号码 【1556938】，返回信息 {"status":"ok","msg":"新疆-阿克苏","gid":"403062","time_insert":"2021-07-26 15:58"}
2024-07-17 00:11:45 查询号码 【1556938】，GSD为【"新疆-阿克苏"】

2024-07-17 00:11:46 开始第 7030 次操作

2024-07-17 00:11:46 开始操作号码 【1556939】
2024-07-17 00:12:02 GSD getOne 第 1 次 等待 3 秒
2024-07-17 00:12:05 查询号码 【1556939】，返回信息 {"status":"ok","msg":"新疆-阿克苏","gid":"403053","time_insert":"2021-07-26 15:58"}
2024-07-17 00:12:05 查询号码 【1556939】，GSD为【"新疆-阿克苏"】

2024-07-17 00:12:06 开始第 7031 次操作

2024-07-17 00:12:06 开始操作号码 【1556940】
2024-07-17 00:12:14 GSD getOne 第 1 次 等待 3 秒
2024-07-17 00:12:17 查询号码 【1556940】，返回信息 {"status":"ok","msg":"新疆-喀什","gid":"403039","time_insert":"2021-07-26 15:57"}
2024-07-17 00:12:17 查询号码 【1556940】，GSD为【"新疆-喀什"】

2024-07-17 00:12:18 开始第 7032 次操作

2024-07-17 00:12:18 开始操作号码 【1556941】
2024-07-17 00:12:26 GSD getOne 第 1 次 等待 3 秒
2024-07-17 00:12:29 查询号码 【1556941】，返回信息 {"status":"ok","msg":"新疆-喀什","gid":"403028","time_insert":"2021-07-26 15:56"}
2024-07-17 00:12:29 查询号码 【1556941】，GSD为【"新疆-喀什"】

