2024-08-30 00:12:02 开始第 1897 次操作

2024-08-30 00:12:02 开始操作号码 【1441896】
2024-08-30 00:12:13 GSD getOne 第 1 次 等待 3 秒
2024-08-30 00:12:16 查询号码 【1441896】，返回信息 {"status":"ok","msg":"-","gid":"553379","time_insert":"2023-02-25 05:46"}
2024-08-30 00:12:16 查询号码 【1441896】，GSD为【"-"】
2024-08-30 00:12:16 ok && -
2024-08-30 00:12:19 CHB 1441896?1724947936 第 1 次 等待 3 秒
2024-08-30 00:12:22 CHB 1441896?1724947936 第 1 次 获取到号码【1441896】GSD
2024-08-30 00:12:22 未获取到号码【1441896】GSD，可能号码格式错误
2024-08-30 00:12:22 获取到号码【1441896】的GSD为【-】
2024-08-30 00:12:30 GSD insert 第 1 次 等待 3 秒
2024-08-30 00:12:33 {"status":"bad","gid":"553379","msg":"添加失败！号码【1441896(-|-)】已存在！"}
2024-08-30 00:12:33 随机等待 143 秒，约 2 分钟
2024-08-30 00:12:33 下次操作: 2024-08-30 00:14:56

2024-08-30 00:14:56 开始第 1898 次操作

2024-08-30 00:14:56 开始操作号码 【1441897】
2024-08-30 00:15:03 GSD getOne 第 1 次 等待 3 秒
2024-08-30 00:15:06 查询号码 【1441897】，返回信息 {"status":"ok","msg":"-","gid":"553399","time_insert":"2023-02-25 05:57"}
2024-08-30 00:15:06 查询号码 【1441897】，GSD为【"-"】
2024-08-30 00:15:06 ok && -
2024-08-30 00:15:08 CHB 1441897?1724948106 第 1 次 等待 3 秒
2024-08-30 00:15:11 CHB 1441897?1724948106 第 1 次 获取到号码【1441897】GSD
2024-08-30 00:15:11 未获取到号码【1441897】GSD，可能号码格式错误
2024-08-30 00:15:11 获取到号码【1441897】的GSD为【-】
2024-08-30 00:15:19 GSD insert 第 1 次 等待 3 秒
2024-08-30 00:15:22 {"status":"bad","gid":"553399","msg":"添加失败！号码【1441897(-|-)】已存在！"}
2024-08-30 00:15:22 随机等待 88 秒，约 1 分钟
2024-08-30 00:15:22 下次操作: 2024-08-30 00:16:50

2024-08-30 00:16:50 开始第 1899 次操作

2024-08-30 00:16:50 开始操作号码 【1441898】
2024-08-30 00:16:58 GSD getOne 第 1 次 等待 3 秒
2024-08-30 00:17:01 查询号码 【1441898】，返回信息 {"status":"ok","msg":"-","gid":"553425","time_insert":"2023-02-25 06:13"}
2024-08-30 00:17:01 查询号码 【1441898】，GSD为【"-"】
2024-08-30 00:17:01 ok && -
2024-08-30 00:17:04 CHB 1441898?1724948221 第 1 次 等待 3 秒
2024-08-30 00:17:07 CHB 1441898?1724948221 第 1 次 获取到号码【1441898】GSD
2024-08-30 00:17:07 未获取到号码【1441898】GSD，可能号码格式错误
2024-08-30 00:17:07 获取到号码【1441898】的GSD为【-】
2024-08-30 00:17:14 GSD insert 第 1 次 等待 3 秒
2024-08-30 00:17:17 {"status":"bad","gid":"553425","msg":"添加失败！号码【1441898(-|-)】已存在！"}
2024-08-30 00:17:17 随机等待 221 秒，约 3 分钟
2024-08-30 00:17:17 下次操作: 2024-08-30 00:20:58

2024-08-30 00:20:58 开始第 1900 次操作

2024-08-30 00:20:58 开始操作号码 【1441899】
2024-08-30 00:21:15 GSD getOne 第 1 次 等待 3 秒
2024-08-30 00:21:18 查询号码 【1441899】，返回信息 {"status":"ok","msg":"-","gid":"553444","time_insert":"2023-02-25 06:26"}
2024-08-30 00:21:18 查询号码 【1441899】，GSD为【"-"】
2024-08-30 00:21:18 ok && -
2024-08-30 00:21:20 CHB 1441899?1724948478 第 1 次 等待 3 秒
2024-08-30 00:21:23 CHB 1441899?1724948478 第 1 次 获取到号码【1441899】GSD
2024-08-30 00:21:23 未获取到号码【1441899】GSD，可能号码格式错误
2024-08-30 00:21:23 获取到号码【1441899】的GSD为【-】
2024-08-30 00:21:39 GSD insert 第 1 次 等待 3 秒
2024-08-30 00:21:42 {"status":"bad","gid":"553444","msg":"添加失败！号码【1441899(-|-)】已存在！"}

