2024-01-13 00:11:46 开始第 8633 次操作

2024-01-13 00:11:46 开始操作号码 【1888546】
2024-01-13 00:11:49 GSD getOne 第 1 次 等待 3 秒
2024-01-13 00:11:52 查询号码 【1888546】，返回信息 {"status":"ok","msg":"贵州-都匀","gid":"427806","time_insert":"2021-07-28 22:11"}
2024-01-13 00:11:53 查询号码 【1888546】，GSD为【"贵州-都匀"】

2024-01-13 00:11:54 开始第 8634 次操作

2024-01-13 00:11:54 开始操作号码 【1888547】
2024-01-13 00:11:56 GSD getOne 第 1 次 等待 3 秒
2024-01-13 00:11:59 查询号码 【1888547】，返回信息 {"status":"ok","msg":"贵州-都匀","gid":"44677","time_insert":"2017-12-30 11:11","time_update":"2020-11-24 08:34"}
2024-01-13 00:11:59 查询号码 【1888547】，GSD为【"贵州-都匀"】

2024-01-13 00:12:00 开始第 8635 次操作

2024-01-13 00:12:00 开始操作号码 【1888548】
2024-01-13 00:12:03 GSD getOne 第 1 次 等待 3 秒
2024-01-13 00:12:06 查询号码 【1888548】，返回信息 {"status":"ok","msg":"贵州-都匀","gid":"427803","time_insert":"2021-07-28 22:10"}
2024-01-13 00:12:06 查询号码 【1888548】，GSD为【"贵州-都匀"】

2024-01-13 00:12:07 开始第 8636 次操作

2024-01-13 00:12:07 开始操作号码 【1888549】
2024-01-13 00:12:10 GSD getOne 第 1 次 等待 3 秒
2024-01-13 00:12:13 查询号码 【1888549】，返回信息 {"status":"ok","msg":"贵州-都匀","gid":"99571","time_insert":"2021-06-16 11:47","time_update":"2021-06-21 18:20"}
2024-01-13 00:12:13 查询号码 【1888549】，GSD为【"贵州-都匀"】

2024-01-13 00:37:52 开始第 8637 次操作

2024-01-13 00:37:52 开始操作号码 【1888550】
2024-01-13 00:37:58 GSD getOne 第 1 次 等待 3 秒
2024-01-13 00:38:01 查询号码 【1888550】，返回信息 {"status":"ok","msg":"贵州-凯里","gid":"44678","time_insert":"2018-08-10 16:10","time_update":"2020-11-24 08:39"}
2024-01-13 00:38:01 查询号码 【1888550】，GSD为【"贵州-凯里"】

2024-01-13 00:38:02 开始第 8638 次操作

2024-01-13 00:38:02 开始操作号码 【1888551】
2024-01-13 00:38:07 GSD getOne 第 1 次 等待 3 秒
2024-01-13 00:38:10 查询号码 【1888551】，返回信息 {"status":"ok","msg":"贵州-凯里","gid":"427799","time_insert":"2021-07-28 22:09"}
2024-01-13 00:38:10 查询号码 【1888551】，GSD为【"贵州-凯里"】

2024-01-13 00:38:11 开始第 8639 次操作

2024-01-13 00:38:11 开始操作号码 【1888552】
2024-01-13 00:38:15 GSD getOne 第 1 次 等待 3 秒
2024-01-13 00:38:18 查询号码 【1888552】，返回信息 {"status":"ok","msg":"贵州-凯里","gid":"427796","time_insert":"2021-07-28 22:09"}
2024-01-13 00:38:18 查询号码 【1888552】，GSD为【"贵州-凯里"】

2024-01-13 00:38:19 开始第 8640 次操作

2024-01-13 00:38:19 开始操作号码 【1888553】
2024-01-13 00:38:39 GSD getOne 第 1 次 等待 3 秒
2024-01-13 00:38:42 查询号码 【1888553】，返回信息 {"status":"ok","msg":"贵州-凯里","gid":"427790","time_insert":"2021-07-28 22:08"}
2024-01-13 00:38:42 查询号码 【1888553】，GSD为【"贵州-凯里"】

