2024-02-29 00:10:43 开始第 6401 次操作

2024-02-29 00:10:43 开始操作号码 【1776314】
2024-02-29 00:10:51 GSD getOne 第 1 次 等待 3 秒
2024-02-29 00:10:54 查询号码 【1776314】，返回信息 {"status":"ok","msg":"山东-威海","gid":"241637","time_insert":"2021-07-10 18:42"}
2024-02-29 00:10:54 查询号码 【1776314】，GSD为【"山东-威海"】

2024-02-29 00:10:55 开始第 6402 次操作

2024-02-29 00:10:55 开始操作号码 【1776315】
2024-02-29 00:11:01 GSD getOne 第 1 次 等待 3 秒
2024-02-29 00:11:04 查询号码 【1776315】，返回信息 {"status":"ok","msg":"山东-威海","gid":"241632","time_insert":"2021-07-10 18:41"}
2024-02-29 00:11:04 查询号码 【1776315】，GSD为【"山东-威海"】

2024-02-29 00:11:05 开始第 6403 次操作

2024-02-29 00:11:05 开始操作号码 【1776316】
2024-02-29 00:11:09 GSD getOne 第 1 次 等待 3 秒
2024-02-29 00:11:12 查询号码 【1776316】，返回信息 {"status":"ok","msg":"山东-威海","gid":"241626","time_insert":"2021-07-10 18:41"}
2024-02-29 00:11:12 查询号码 【1776316】，GSD为【"山东-威海"】

2024-02-29 00:11:13 开始第 6404 次操作

2024-02-29 00:11:13 开始操作号码 【1776317】
2024-02-29 00:11:17 GSD getOne 第 1 次 等待 3 秒
2024-02-29 00:11:20 查询号码 【1776317】，返回信息 {"status":"ok","msg":"山东-德州","gid":"241621","time_insert":"2021-07-10 18:40"}
2024-02-29 00:11:20 查询号码 【1776317】，GSD为【"山东-德州"】

2024-02-29 00:35:48 开始第 6405 次操作

2024-02-29 00:35:48 开始操作号码 【1776318】
2024-02-29 00:35:52 GSD getOne 第 1 次 等待 3 秒
2024-02-29 00:35:55 查询号码 【1776318】，返回信息 {"status":"ok","msg":"山东-潍坊","gid":"241618","time_insert":"2021-07-10 18:40"}
2024-02-29 00:35:55 查询号码 【1776318】，GSD为【"山东-潍坊"】

2024-02-29 00:35:56 开始第 6406 次操作

2024-02-29 00:35:56 开始操作号码 【1776319】
2024-02-29 00:36:02 GSD getOne 第 1 次 等待 3 秒
2024-02-29 00:36:05 查询号码 【1776319】，返回信息 {"status":"ok","msg":"山东-潍坊","gid":"241444","time_insert":"2021-07-10 17:52"}
2024-02-29 00:36:05 查询号码 【1776319】，GSD为【"山东-潍坊"】

2024-02-29 00:36:06 开始第 6407 次操作

2024-02-29 00:36:06 开始操作号码 【1776320】
2024-02-29 00:36:10 GSD getOne 第 1 次 等待 3 秒
2024-02-29 00:36:13 查询号码 【1776320】，返回信息 {"status":"ok","msg":"山东-枣庄","gid":"241437","time_insert":"2021-07-10 17:52"}
2024-02-29 00:36:13 查询号码 【1776320】，GSD为【"山东-枣庄"】

2024-02-29 00:36:14 开始第 6408 次操作

2024-02-29 00:36:14 开始操作号码 【1776321】
2024-02-29 00:36:18 GSD getOne 第 1 次 等待 3 秒
2024-02-29 00:36:21 查询号码 【1776321】，返回信息 {"status":"ok","msg":"山东-枣庄","gid":"241433","time_insert":"2021-07-10 17:52"}
2024-02-29 00:36:21 查询号码 【1776321】，GSD为【"山东-枣庄"】

2024-02-29 01:08:19 开始第 6409 次操作

2024-02-29 01:08:19 开始操作号码 【1776322】
2024-02-29 01:08:24 GSD getOne 第 1 次 等待 3 秒
2024-02-29 01:08:27 查询号码 【1776322】，返回信息 {"status":"ok","msg":"山东-枣庄","gid":"241424","time_insert":"2021-07-10 17:51"}
2024-02-29 01:08:27 查询号码 【1776322】，GSD为【"山东-枣庄"】

2024-02-29 01:08:28 开始第 6410 次操作

2024-02-29 01:08:28 开始操作号码 【1776323】
2024-02-29 01:08:33 GSD getOne 第 1 次 等待 3 秒
2024-02-29 01:08:36 查询号码 【1776323】，返回信息 {"status":"ok","msg":"山东-青岛","gid":"241412","time_insert":"2021-07-10 17:51"}
2024-02-29 01:08:36 查询号码 【1776323】，GSD为【"山东-青岛"】

2024-02-29 01:08:37 开始第 6411 次操作

2024-02-29 01:08:37 开始操作号码 【1776324】
2024-02-29 01:08:41 GSD getOne 第 1 次 等待 3 秒
2024-02-29 01:08:44 查询号码 【1776324】，返回信息 {"status":"ok","msg":"山东-济南","gid":"241402","time_insert":"2021-07-10 17:50"}
2024-02-29 01:08:44 查询号码 【1776324】，GSD为【"山东-济南"】

2024-02-29 01:08:45 开始第 6412 次操作

2024-02-29 01:08:45 开始操作号码 【1776325】
2024-02-29 01:08:51 GSD getOne 第 1 次 等待 3 秒
2024-02-29 01:08:54 查询号码 【1776325】，返回信息 {"status":"ok","msg":"山东-烟台","gid":"241397","time_insert":"2021-07-10 17:50"}
2024-02-29 01:08:54 查询号码 【1776325】，GSD为【"山东-烟台"】

