2024-03-09 00:10:00 开始第 8013 次操作

2024-03-09 00:10:00 开始操作号码 【1777926】
2024-03-09 00:10:06 GSD getOne 第 1 次 等待 3 秒
2024-03-09 00:10:09 查询号码 【1777926】，返回信息 {"status":"ok","msg":"江西-九江","gid":"223887","time_insert":"2021-07-08 16:47"}
2024-03-09 00:10:09 查询号码 【1777926】，GSD为【"江西-九江"】

2024-03-09 00:10:10 开始第 8014 次操作

2024-03-09 00:10:10 开始操作号码 【1777927】
2024-03-09 00:10:15 GSD getOne 第 1 次 等待 3 秒
2024-03-09 00:10:18 查询号码 【1777927】，返回信息 {"status":"ok","msg":"江西-九江","gid":"223881","time_insert":"2021-07-08 16:47"}
2024-03-09 00:10:18 查询号码 【1777927】，GSD为【"江西-九江"】

2024-03-09 00:10:19 开始第 8015 次操作

2024-03-09 00:10:19 开始操作号码 【1777928】
2024-03-09 00:10:24 GSD getOne 第 1 次 等待 3 秒
2024-03-09 00:10:27 查询号码 【1777928】，返回信息 {"status":"ok","msg":"江西-九江","gid":"223871","time_insert":"2021-07-08 16:46"}
2024-03-09 00:10:27 查询号码 【1777928】，GSD为【"江西-九江"】

2024-03-09 00:10:28 开始第 8016 次操作

2024-03-09 00:10:28 开始操作号码 【1777929】
2024-03-09 00:10:32 GSD getOne 第 1 次 等待 3 秒
2024-03-09 00:10:35 查询号码 【1777929】，返回信息 {"status":"ok","msg":"江西-九江","gid":"223866","time_insert":"2021-07-08 16:46"}
2024-03-09 00:10:35 查询号码 【1777929】，GSD为【"江西-九江"】

2024-03-09 00:33:06 开始第 8017 次操作

2024-03-09 00:33:06 开始操作号码 【1777930】
2024-03-09 00:33:11 GSD getOne 第 1 次 等待 3 秒
2024-03-09 00:33:14 查询号码 【1777930】，返回信息 {"status":"ok","msg":"江西-上饶","gid":"223857","time_insert":"2021-07-08 16:45"}
2024-03-09 00:33:14 查询号码 【1777930】，GSD为【"江西-上饶"】

2024-03-09 00:33:15 开始第 8018 次操作

2024-03-09 00:33:15 开始操作号码 【1777931】
2024-03-09 00:33:21 GSD getOne 第 1 次 等待 3 秒
2024-03-09 00:33:24 查询号码 【1777931】，返回信息 {"status":"ok","msg":"江西-上饶","gid":"223851","time_insert":"2021-07-08 16:45"}
2024-03-09 00:33:24 查询号码 【1777931】，GSD为【"江西-上饶"】

2024-03-09 00:33:25 开始第 8019 次操作

2024-03-09 00:33:25 开始操作号码 【1777932】
2024-03-09 00:33:30 GSD getOne 第 1 次 等待 3 秒
2024-03-09 00:33:33 查询号码 【1777932】，返回信息 {"status":"ok","msg":"江西-上饶","gid":"223848","time_insert":"2021-07-08 16:44"}
2024-03-09 00:33:33 查询号码 【1777932】，GSD为【"江西-上饶"】

2024-03-09 00:33:34 开始第 8020 次操作

2024-03-09 00:33:34 开始操作号码 【1777933】
2024-03-09 00:33:39 GSD getOne 第 1 次 等待 3 秒
2024-03-09 00:33:42 查询号码 【1777933】，返回信息 {"status":"ok","msg":"江西-上饶","gid":"223842","time_insert":"2021-07-08 16:44"}
2024-03-09 00:33:42 查询号码 【1777933】，GSD为【"江西-上饶"】

2024-03-09 01:08:09 开始第 8021 次操作

2024-03-09 01:08:09 开始操作号码 【1777934】
2024-03-09 01:08:13 GSD getOne 第 1 次 等待 3 秒
2024-03-09 01:08:16 查询号码 【1777934】，返回信息 {"status":"ok","msg":"江西-上饶","gid":"223838","time_insert":"2021-07-08 16:44"}
2024-03-09 01:08:16 查询号码 【1777934】，GSD为【"江西-上饶"】

2024-03-09 01:08:17 开始第 8022 次操作

2024-03-09 01:08:17 开始操作号码 【1777935】
2024-03-09 01:08:23 GSD getOne 第 1 次 等待 3 秒
2024-03-09 01:08:26 查询号码 【1777935】，返回信息 {"status":"ok","msg":"江西-上饶","gid":"223834","time_insert":"2021-07-08 16:43"}
2024-03-09 01:08:26 查询号码 【1777935】，GSD为【"江西-上饶"】

2024-03-09 01:08:27 开始第 8023 次操作

2024-03-09 01:08:27 开始操作号码 【1777936】
2024-03-09 01:08:32 GSD getOne 第 1 次 等待 3 秒
2024-03-09 01:08:35 查询号码 【1777936】，返回信息 {"status":"ok","msg":"江西-上饶","gid":"223830","time_insert":"2021-07-08 16:43"}
2024-03-09 01:08:35 查询号码 【1777936】，GSD为【"江西-上饶"】

2024-03-09 01:08:36 开始第 8024 次操作

2024-03-09 01:08:36 开始操作号码 【1777937】
2024-03-09 01:08:41 GSD getOne 第 1 次 等待 3 秒
2024-03-09 01:08:44 查询号码 【1777937】，返回信息 {"status":"ok","msg":"江西-上饶","gid":"223823","time_insert":"2021-07-08 16:42"}
2024-03-09 01:08:44 查询号码 【1777937】，GSD为【"江西-上饶"】

2024-03-09 01:33:03 开始第 8025 次操作

2024-03-09 01:33:03 开始操作号码 【1777938】
2024-03-09 01:33:10 GSD getOne 第 1 次 等待 3 秒
2024-03-09 01:33:13 查询号码 【1777938】，返回信息 {"status":"ok","msg":"江西-上饶","gid":"223819","time_insert":"2021-07-08 16:42"}
2024-03-09 01:33:13 查询号码 【1777938】，GSD为【"江西-上饶"】

2024-03-09 01:33:14 开始第 8026 次操作

2024-03-09 01:33:14 开始操作号码 【1777939】
2024-03-09 01:33:19 GSD getOne 第 1 次 等待 3 秒
2024-03-09 01:33:22 查询号码 【1777939】，返回信息 {"status":"ok","msg":"江西-上饶","gid":"223817","time_insert":"2021-07-08 16:41"}
2024-03-09 01:33:22 查询号码 【1777939】，GSD为【"江西-上饶"】

2024-03-09 01:33:23 开始第 8027 次操作

2024-03-09 01:33:23 开始操作号码 【1777940】
2024-03-09 01:33:28 GSD getOne 第 1 次 等待 3 秒
2024-03-09 01:33:31 查询号码 【1777940】，返回信息 {"status":"ok","msg":"江西-抚州","gid":"223728","time_insert":"2021-07-08 15:59"}
2024-03-09 01:33:31 查询号码 【1777940】，GSD为【"江西-抚州"】

2024-03-09 01:33:32 开始第 8028 次操作

2024-03-09 01:33:32 开始操作号码 【1777941】
2024-03-09 01:33:36 GSD getOne 第 1 次 等待 3 秒
2024-03-09 01:33:39 查询号码 【1777941】，返回信息 {"status":"ok","msg":"江西-抚州","gid":"223722","time_insert":"2021-07-08 15:59"}
2024-03-09 01:33:39 查询号码 【1777941】，GSD为【"江西-抚州"】

2024-03-09 02:11:18 开始第 8029 次操作

2024-03-09 02:11:18 开始操作号码 【1777942】
2024-03-09 02:11:23 GSD getOne 第 1 次 等待 3 秒
2024-03-09 02:11:26 查询号码 【1777942】，返回信息 {"status":"ok","msg":"江西-抚州","gid":"223718","time_insert":"2021-07-08 15:58"}
2024-03-09 02:11:26 查询号码 【1777942】，GSD为【"江西-抚州"】

2024-03-09 02:11:27 开始第 8030 次操作

2024-03-09 02:11:27 开始操作号码 【1777943】
2024-03-09 02:11:31 GSD getOne 第 1 次 等待 3 秒
2024-03-09 02:11:34 查询号码 【1777943】，返回信息 {"status":"ok","msg":"江西-抚州","gid":"223713","time_insert":"2021-07-08 15:57"}
2024-03-09 02:11:34 查询号码 【1777943】，GSD为【"江西-抚州"】

2024-03-09 02:11:35 开始第 8031 次操作

2024-03-09 02:11:35 开始操作号码 【1777944】
2024-03-09 02:11:40 GSD getOne 第 1 次 等待 3 秒
2024-03-09 02:11:43 查询号码 【1777944】，返回信息 {"status":"ok","msg":"江西-抚州","gid":"223703","time_insert":"2021-07-08 15:56"}
2024-03-09 02:11:43 查询号码 【1777944】，GSD为【"江西-抚州"】

2024-03-09 02:11:44 开始第 8032 次操作

2024-03-09 02:11:44 开始操作号码 【1777945】
2024-03-09 02:11:48 GSD getOne 第 1 次 等待 3 秒
2024-03-09 02:11:51 查询号码 【1777945】，返回信息 {"status":"ok","msg":"江西-抚州","gid":"223697","time_insert":"2021-07-08 15:56"}
2024-03-09 02:11:51 查询号码 【1777945】，GSD为【"江西-抚州"】

2024-03-09 02:32:44 开始第 8033 次操作

2024-03-09 02:32:44 开始操作号码 【1777946】
2024-03-09 02:32:49 GSD getOne 第 1 次 等待 3 秒
2024-03-09 02:32:52 查询号码 【1777946】，返回信息 {"status":"ok","msg":"江西-抚州","gid":"223691","time_insert":"2021-07-08 15:55"}
2024-03-09 02:32:52 查询号码 【1777946】，GSD为【"江西-抚州"】

2024-03-09 02:32:53 开始第 8034 次操作

2024-03-09 02:32:53 开始操作号码 【1777947】
2024-03-09 02:32:57 GSD getOne 第 1 次 等待 3 秒
2024-03-09 02:33:00 查询号码 【1777947】，返回信息 {"status":"ok","msg":"江西-抚州","gid":"223686","time_insert":"2021-07-08 15:54"}
2024-03-09 02:33:00 查询号码 【1777947】，GSD为【"江西-抚州"】

2024-03-09 02:33:01 开始第 8035 次操作

2024-03-09 02:33:01 开始操作号码 【1777948】
2024-03-09 02:33:06 GSD getOne 第 1 次 等待 3 秒
2024-03-09 02:33:09 查询号码 【1777948】，返回信息 {"status":"ok","msg":"江西-抚州","gid":"223678","time_insert":"2021-07-08 15:53"}
2024-03-09 02:33:09 查询号码 【1777948】，GSD为【"江西-抚州"】

2024-03-09 02:33:10 开始第 8036 次操作

2024-03-09 02:33:10 开始操作号码 【1777949】
2024-03-09 02:33:14 GSD getOne 第 1 次 等待 3 秒
2024-03-09 02:33:17 查询号码 【1777949】，返回信息 {"status":"ok","msg":"江西-抚州","gid":"223674","time_insert":"2021-07-08 15:53"}
2024-03-09 02:33:17 查询号码 【1777949】，GSD为【"江西-抚州"】

2024-03-09 03:08:14 开始第 8037 次操作

2024-03-09 03:08:14 开始操作号码 【1777950】
2024-03-09 03:08:18 GSD getOne 第 1 次 等待 3 秒
2024-03-09 03:08:21 查询号码 【1777950】，返回信息 {"status":"ok","msg":"江西-宜春","gid":"223666","time_insert":"2021-07-08 15:52"}
2024-03-09 03:08:21 查询号码 【1777950】，GSD为【"江西-宜春"】

2024-03-09 03:08:22 开始第 8038 次操作

2024-03-09 03:08:22 开始操作号码 【1777951】
2024-03-09 03:08:27 GSD getOne 第 1 次 等待 3 秒
2024-03-09 03:08:30 查询号码 【1777951】，返回信息 {"status":"ok","msg":"江西-宜春","gid":"223662","time_insert":"2021-07-08 15:51"}
2024-03-09 03:08:30 查询号码 【1777951】，GSD为【"江西-宜春"】

2024-03-09 03:08:31 开始第 8039 次操作

2024-03-09 03:08:31 开始操作号码 【1777952】
2024-03-09 03:08:35 GSD getOne 第 1 次 等待 3 秒
2024-03-09 03:08:38 查询号码 【1777952】，返回信息 {"status":"ok","msg":"江西-宜春","gid":"223655","time_insert":"2021-07-08 15:50"}
2024-03-09 03:08:38 查询号码 【1777952】，GSD为【"江西-宜春"】

2024-03-09 03:08:39 开始第 8040 次操作

2024-03-09 03:08:39 开始操作号码 【1777953】
2024-03-09 03:08:44 GSD getOne 第 1 次 等待 3 秒
2024-03-09 03:08:47 查询号码 【1777953】，返回信息 {"status":"ok","msg":"江西-宜春","gid":"223645","time_insert":"2021-07-08 15:50"}
2024-03-09 03:08:47 查询号码 【1777953】，GSD为【"江西-宜春"】

