2024-04-24 00:11:24 开始第 5345 次操作

2024-04-24 00:11:24 开始操作号码 【1665259】
2024-04-24 00:11:32 GSD getOne 第 1 次 等待 3 秒
2024-04-24 00:11:35 查询号码 【1665259】，返回信息 {"status":"ok","msg":"山东-泰安","gid":"158025","time_insert":"2021-06-30 03:48"}
2024-04-24 00:11:35 查询号码 【1665259】，GSD为【"山东-泰安"】

2024-04-24 00:11:36 开始第 5346 次操作

2024-04-24 00:11:36 开始操作号码 【1665260】
2024-04-24 00:11:42 GSD getOne 第 1 次 等待 3 秒
2024-04-24 00:11:45 查询号码 【1665260】，返回信息 {"status":"ok","msg":"山东-日照","gid":"158035","time_insert":"2021-06-30 03:49"}
2024-04-24 00:11:45 查询号码 【1665260】，GSD为【"山东-日照"】

2024-04-24 00:11:46 开始第 5347 次操作

2024-04-24 00:11:46 开始操作号码 【1665261】
2024-04-24 00:11:51 GSD getOne 第 1 次 等待 3 秒
2024-04-24 00:11:54 查询号码 【1665261】，返回信息 {"status":"ok","msg":"山东-日照","gid":"158042","time_insert":"2021-06-30 03:49"}
2024-04-24 00:11:54 查询号码 【1665261】，GSD为【"山东-日照"】

2024-04-24 00:11:55 开始第 5348 次操作

2024-04-24 00:11:55 开始操作号码 【1665262】
2024-04-24 00:12:06 GSD getOne 第 1 次 等待 3 秒
2024-04-24 00:12:09 查询号码 【1665262】，返回信息 {"status":"ok","msg":"山东-淄博","gid":"158049","time_insert":"2021-06-30 03:50"}
2024-04-24 00:12:09 查询号码 【1665262】，GSD为【"山东-淄博"】

2024-04-24 00:35:53 开始第 5349 次操作

2024-04-24 00:35:53 开始操作号码 【1665263】
2024-04-24 00:36:18 GSD getOne 第 1 次 等待 3 秒
2024-04-24 00:36:21 查询号码 【1665263】，返回信息 {"status":"ok","msg":"山东-淄博","gid":"158055","time_insert":"2021-06-30 03:51"}
2024-04-24 00:36:21 查询号码 【1665263】，GSD为【"山东-淄博"】

2024-04-24 00:36:22 开始第 5350 次操作

2024-04-24 00:36:22 开始操作号码 【1665264】
2024-04-24 00:36:30 GSD getOne 第 1 次 等待 3 秒
2024-04-24 00:36:33 查询号码 【1665264】，返回信息 {"status":"ok","msg":"山东-淄博","gid":"158064","time_insert":"2021-06-30 03:52"}
2024-04-24 00:36:33 查询号码 【1665264】，GSD为【"山东-淄博"】

2024-04-24 00:36:34 开始第 5351 次操作

2024-04-24 00:36:34 开始操作号码 【1665265】
2024-04-24 00:36:45 GSD getOne 第 1 次 等待 3 秒
2024-04-24 00:36:48 查询号码 【1665265】，返回信息 {"status":"ok","msg":"山东-德州","gid":"158072","time_insert":"2021-06-30 03:52"}
2024-04-24 00:36:48 查询号码 【1665265】，GSD为【"山东-德州"】

2024-04-24 00:36:49 开始第 5352 次操作

2024-04-24 00:36:49 开始操作号码 【1665266】
2024-04-24 00:36:58 GSD getOne 第 1 次 等待 3 秒
2024-04-24 00:37:01 查询号码 【1665266】，返回信息 {"status":"ok","msg":"山东-德州","gid":"158077","time_insert":"2021-06-30 03:53"}
2024-04-24 00:37:01 查询号码 【1665266】，GSD为【"山东-德州"】

