2023-12-13 00:10:46 开始第 2945 次操作

2023-12-13 00:10:46 开始操作号码 【1882858】
2023-12-13 00:10:50 GSD getOne 第 1 次 等待 3 秒
2023-12-13 00:10:53 查询号码 【1882858】，返回信息 {"status":"ok","msg":"四川-德阳","gid":"487309","time_insert":"2021-08-03 05:51"}
2023-12-13 00:10:53 查询号码 【1882858】，GSD为【"四川-德阳"】

2023-12-13 00:10:54 开始第 2946 次操作

2023-12-13 00:10:54 开始操作号码 【1882859】
2023-12-13 00:11:32 GSD getOne 第 1 次 等待 3 秒
2023-12-13 00:11:35 查询号码 【1882859】，返回信息 {"status":"ok","msg":"四川-德阳","gid":"487300","time_insert":"2021-08-03 05:50"}
2023-12-13 00:11:35 查询号码 【1882859】，GSD为【"四川-德阳"】

2023-12-13 00:11:36 开始第 2947 次操作

2023-12-13 00:11:36 开始操作号码 【1882860】
2023-12-13 00:11:40 GSD getOne 第 1 次 等待 3 秒
2023-12-13 00:11:43 查询号码 【1882860】，返回信息 {"status":"ok","msg":"四川-雅安","gid":"487290","time_insert":"2021-08-03 05:49","time_update":"2021-08-05 18:13"}
2023-12-13 00:11:43 查询号码 【1882860】，GSD为【"四川-雅安"】

2023-12-13 00:11:44 开始第 2948 次操作

2023-12-13 00:11:44 开始操作号码 【1882861】
2023-12-13 00:11:48 GSD getOne 第 1 次 等待 3 秒
2023-12-13 00:11:51 查询号码 【1882861】，返回信息 {"status":"ok","msg":"四川-达州","gid":"487282","time_insert":"2021-08-03 05:49"}
2023-12-13 00:11:51 查询号码 【1882861】，GSD为【"四川-达州"】

2023-12-13 00:37:43 开始第 2949 次操作

2023-12-13 00:37:43 开始操作号码 【1882862】
2023-12-13 00:37:49 GSD getOne 第 1 次 等待 3 秒
2023-12-13 00:37:52 查询号码 【1882862】，返回信息 {"status":"ok","msg":"四川-达州","gid":"487270","time_insert":"2021-08-03 05:48"}
2023-12-13 00:37:52 查询号码 【1882862】，GSD为【"四川-达州"】

2023-12-13 00:37:53 开始第 2950 次操作

2023-12-13 00:37:53 开始操作号码 【1882863】
2023-12-13 00:37:57 GSD getOne 第 1 次 等待 3 秒
2023-12-13 00:38:00 查询号码 【1882863】，返回信息 {"status":"ok","msg":"四川-达州","gid":"487259","time_insert":"2021-08-03 05:47"}
2023-12-13 00:38:00 查询号码 【1882863】，GSD为【"四川-达州"】

2023-12-13 00:38:01 开始第 2951 次操作

2023-12-13 00:38:01 开始操作号码 【1882864】
2023-12-13 00:38:05 GSD getOne 第 1 次 等待 3 秒
2023-12-13 00:38:08 查询号码 【1882864】，返回信息 {"status":"ok","msg":"四川-达州","gid":"487252","time_insert":"2021-08-03 05:47"}
2023-12-13 00:38:08 查询号码 【1882864】，GSD为【"四川-达州"】

2023-12-13 00:38:09 开始第 2952 次操作

2023-12-13 00:38:09 开始操作号码 【1882865】
2023-12-13 00:38:13 GSD getOne 第 1 次 等待 3 秒
2023-12-13 00:38:16 查询号码 【1882865】，返回信息 {"status":"ok","msg":"四川-达州","gid":"487244","time_insert":"2021-08-03 05:46"}
2023-12-13 00:38:16 查询号码 【1882865】，GSD为【"四川-达州"】

2023-12-13 01:08:30 开始第 2953 次操作

2023-12-13 01:08:30 开始操作号码 【1882866】
2023-12-13 01:08:35 GSD getOne 第 1 次 等待 3 秒
2023-12-13 01:08:38 查询号码 【1882866】，返回信息 {"status":"ok","msg":"四川-达州","gid":"487235","time_insert":"2021-08-03 05:46"}
2023-12-13 01:08:38 查询号码 【1882866】，GSD为【"四川-达州"】

2023-12-13 01:08:39 开始第 2954 次操作

2023-12-13 01:08:39 开始操作号码 【1882867】
2023-12-13 01:08:42 GSD getOne 第 1 次 等待 3 秒
2023-12-13 01:08:45 查询号码 【1882867】，返回信息 {"status":"ok","msg":"四川-达州","gid":"487227","time_insert":"2021-08-03 05:45"}
2023-12-13 01:08:45 查询号码 【1882867】，GSD为【"四川-达州"】

2023-12-13 01:08:46 开始第 2955 次操作

2023-12-13 01:08:46 开始操作号码 【1882868】
2023-12-13 01:08:49 GSD getOne 第 1 次 等待 3 秒
2023-12-13 01:08:52 查询号码 【1882868】，返回信息 {"status":"ok","msg":"四川-达州","gid":"487219","time_insert":"2021-08-03 05:44"}
2023-12-13 01:08:52 查询号码 【1882868】，GSD为【"四川-达州"】

2023-12-13 01:08:53 开始第 2956 次操作

2023-12-13 01:08:53 开始操作号码 【1882869】
2023-12-13 01:08:56 GSD getOne 第 1 次 等待 3 秒
2023-12-13 01:09:00 查询号码 【1882869】，返回信息 {"status":"ok","msg":"四川-达州","gid":"487209","time_insert":"2021-08-03 05:44"}
2023-12-13 01:09:00 查询号码 【1882869】，GSD为【"四川-达州"】

2023-12-13 01:33:13 开始第 2957 次操作

2023-12-13 01:33:13 开始操作号码 【1882870】
2023-12-13 01:33:17 GSD getOne 第 1 次 等待 3 秒
2023-12-13 01:33:20 查询号码 【1882870】，返回信息 {"status":"ok","msg":"四川-资阳","gid":"487199","time_insert":"2021-08-03 05:43"}
2023-12-13 01:33:20 查询号码 【1882870】，GSD为【"四川-资阳"】

2023-12-13 01:33:21 开始第 2958 次操作

2023-12-13 01:33:21 开始操作号码 【1882871】
2023-12-13 01:33:24 GSD getOne 第 1 次 等待 3 秒
2023-12-13 01:33:27 查询号码 【1882871】，返回信息 {"status":"ok","msg":"四川-资阳","gid":"487189","time_insert":"2021-08-03 05:42"}
2023-12-13 01:33:27 查询号码 【1882871】，GSD为【"四川-资阳"】

2023-12-13 01:33:28 开始第 2959 次操作

2023-12-13 01:33:28 开始操作号码 【1882872】
2023-12-13 01:33:32 GSD getOne 第 1 次 等待 3 秒
2023-12-13 01:33:35 查询号码 【1882872】，返回信息 {"status":"ok","msg":"四川-资阳","gid":"44013","time_insert":"2018-01-24 18:23","time_update":"2020-11-13 20:45"}
2023-12-13 01:33:35 查询号码 【1882872】，GSD为【"四川-资阳"】

2023-12-13 01:33:36 开始第 2960 次操作

2023-12-13 01:33:36 开始操作号码 【1882873】
2023-12-13 01:33:40 GSD getOne 第 1 次 等待 3 秒
2023-12-13 01:33:43 查询号码 【1882873】，返回信息 {"status":"ok","msg":"四川-资阳","gid":"487180","time_insert":"2021-08-03 05:41"}
2023-12-13 01:33:43 查询号码 【1882873】，GSD为【"四川-资阳"】

2023-12-13 02:11:52 开始第 2961 次操作

2023-12-13 02:11:52 开始操作号码 【1882874】
2023-12-13 02:11:55 GSD getOne 第 1 次 等待 3 秒
2023-12-13 02:11:58 查询号码 【1882874】，返回信息 {"status":"ok","msg":"四川-资阳","gid":"487173","time_insert":"2021-08-03 05:41"}
2023-12-13 02:11:58 查询号码 【1882874】，GSD为【"四川-资阳"】

2023-12-13 02:11:59 开始第 2962 次操作

2023-12-13 02:11:59 开始操作号码 【1882875】
2023-12-13 02:12:02 GSD getOne 第 1 次 等待 3 秒
2023-12-13 02:12:05 查询号码 【1882875】，返回信息 {"status":"ok","msg":"四川-泸州","gid":"487167","time_insert":"2021-08-03 05:40"}
2023-12-13 02:12:05 查询号码 【1882875】，GSD为【"四川-泸州"】

2023-12-13 02:12:06 开始第 2963 次操作

2023-12-13 02:12:06 开始操作号码 【1882876】
2023-12-13 02:12:10 GSD getOne 第 1 次 等待 3 秒
2023-12-13 02:12:13 查询号码 【1882876】，返回信息 {"status":"ok","msg":"四川-泸州","gid":"487161","time_insert":"2021-08-03 05:40"}
2023-12-13 02:12:13 查询号码 【1882876】，GSD为【"四川-泸州"】

2023-12-13 02:12:14 开始第 2964 次操作

2023-12-13 02:12:14 开始操作号码 【1882877】
2023-12-13 02:12:17 GSD getOne 第 1 次 等待 3 秒
2023-12-13 02:12:20 查询号码 【1882877】，返回信息 {"status":"ok","msg":"四川-泸州","gid":"487087","time_insert":"2021-08-03 05:10"}
2023-12-13 02:12:20 查询号码 【1882877】，GSD为【"四川-泸州"】

2023-12-13 02:33:06 开始第 2965 次操作

2023-12-13 02:33:06 开始操作号码 【1882878】
2023-12-13 02:33:09 GSD getOne 第 1 次 等待 3 秒
2023-12-13 02:33:12 查询号码 【1882878】，返回信息 {"status":"ok","msg":"四川-泸州","gid":"487083","time_insert":"2021-08-03 05:10"}
2023-12-13 02:33:12 查询号码 【1882878】，GSD为【"四川-泸州"】

2023-12-13 02:33:13 开始第 2966 次操作

2023-12-13 02:33:13 开始操作号码 【1882879】
2023-12-13 02:33:17 GSD getOne 第 1 次 等待 3 秒
2023-12-13 02:33:20 查询号码 【1882879】，返回信息 {"status":"ok","msg":"四川-泸州","gid":"487077","time_insert":"2021-08-03 05:09"}
2023-12-13 02:33:20 查询号码 【1882879】，GSD为【"四川-泸州"】

2023-12-13 02:33:21 开始第 2967 次操作

2023-12-13 02:33:21 开始操作号码 【1882880】
2023-12-13 02:33:25 GSD getOne 第 1 次 等待 3 秒
2023-12-13 02:33:28 查询号码 【1882880】，返回信息 {"status":"ok","msg":"四川-阿坝","gid":"44014","time_insert":"2018-06-11 11:13","time_update":"2020-11-13 20:48"}
2023-12-13 02:33:28 查询号码 【1882880】，GSD为【"四川-阿坝"】

2023-12-13 02:33:29 开始第 2968 次操作

2023-12-13 02:33:29 开始操作号码 【1882881】
2023-12-13 02:33:32 GSD getOne 第 1 次 等待 3 秒
2023-12-13 02:33:35 查询号码 【1882881】，返回信息 {"status":"ok","msg":"四川-阿坝","gid":"44015","time_insert":"2018-10-25 12:40","time_update":"2020-11-13 20:52"}
2023-12-13 02:33:35 查询号码 【1882881】，GSD为【"四川-阿坝"】

2023-12-13 03:07:39 开始第 2969 次操作

2023-12-13 03:07:39 开始操作号码 【1882882】
2023-12-13 03:07:43 GSD getOne 第 1 次 等待 3 秒
2023-12-13 03:07:46 查询号码 【1882882】，返回信息 {"status":"ok","msg":"四川-攀枝花","gid":"487066","time_insert":"2021-08-03 05:08"}
2023-12-13 03:07:46 查询号码 【1882882】，GSD为【"四川-攀枝花"】

2023-12-13 03:07:47 开始第 2970 次操作

2023-12-13 03:07:47 开始操作号码 【1882883】
2023-12-13 03:07:50 GSD getOne 第 1 次 等待 3 秒
2023-12-13 03:07:53 查询号码 【1882883】，返回信息 {"status":"ok","msg":"四川-攀枝花","gid":"487058","time_insert":"2021-08-03 05:07"}
2023-12-13 03:07:53 查询号码 【1882883】，GSD为【"四川-攀枝花"】

2023-12-13 03:07:54 开始第 2971 次操作

2023-12-13 03:07:54 开始操作号码 【1882884】
2023-12-13 03:07:58 GSD getOne 第 1 次 等待 3 秒
2023-12-13 03:08:01 查询号码 【1882884】，返回信息 {"status":"ok","msg":"四川-攀枝花","gid":"487047","time_insert":"2021-08-03 05:07"}
2023-12-13 03:08:01 查询号码 【1882884】，GSD为【"四川-攀枝花"】

2023-12-13 03:08:02 开始第 2972 次操作

2023-12-13 03:08:02 开始操作号码 【1882885】
2023-12-13 03:08:05 GSD getOne 第 1 次 等待 3 秒
2023-12-13 03:08:08 查询号码 【1882885】，返回信息 {"status":"ok","msg":"四川-甘孜","gid":"50548","time_insert":"2021-04-21 16:40"}
2023-12-13 03:08:08 查询号码 【1882885】，GSD为【"四川-甘孜"】

2023-12-13 03:33:20 开始第 2973 次操作

2023-12-13 03:33:20 开始操作号码 【1882886】
2023-12-13 03:33:24 GSD getOne 第 1 次 等待 3 秒
2023-12-13 03:33:27 查询号码 【1882886】，返回信息 {"status":"ok","msg":"四川-甘孜","gid":"44016","time_insert":"2016-11-09 06:59","time_update":"2020-11-13 20:56"}
2023-12-13 03:33:27 查询号码 【1882886】，GSD为【"四川-甘孜"】

2023-12-13 03:33:28 开始第 2974 次操作

2023-12-13 03:33:28 开始操作号码 【1882887】
2023-12-13 03:33:32 GSD getOne 第 1 次 等待 3 秒
2023-12-13 03:33:35 查询号码 【1882887】，返回信息 {"status":"ok","msg":"四川-自贡","gid":"487026","time_insert":"2021-08-03 05:05"}
2023-12-13 03:33:35 查询号码 【1882887】，GSD为【"四川-自贡"】

2023-12-13 03:33:36 开始第 2975 次操作

2023-12-13 03:33:36 开始操作号码 【1882888】
2023-12-13 03:33:39 GSD getOne 第 1 次 等待 3 秒
2023-12-13 03:33:43 查询号码 【1882888】，返回信息 {"status":"ok","msg":"四川-自贡","gid":"44017","time_insert":"2019-11-15 11:24","time_update":"2020-11-13 21:00"}
2023-12-13 03:33:43 查询号码 【1882888】，GSD为【"四川-自贡"】

2023-12-13 03:33:44 开始第 2976 次操作

2023-12-13 03:33:44 开始操作号码 【1882889】
2023-12-13 03:33:47 GSD getOne 第 1 次 等待 3 秒
2023-12-13 03:33:50 查询号码 【1882889】，返回信息 {"status":"ok","msg":"四川-自贡","gid":"487013","time_insert":"2021-08-03 05:04"}
2023-12-13 03:33:50 查询号码 【1882889】，GSD为【"四川-自贡"】

2023-12-13 04:09:49 开始第 2977 次操作

2023-12-13 04:09:49 开始操作号码 【1882890】
2023-12-13 04:09:53 GSD getOne 第 1 次 等待 3 秒
2023-12-13 04:09:56 查询号码 【1882890】，返回信息 {"status":"ok","msg":"四川-雅安","gid":"487005","time_insert":"2021-08-03 05:03"}
2023-12-13 04:09:56 查询号码 【1882890】，GSD为【"四川-雅安"】

2023-12-13 04:09:57 开始第 2978 次操作

2023-12-13 04:09:57 开始操作号码 【1882891】
2023-12-13 04:10:02 GSD getOne 第 1 次 等待 3 秒
2023-12-13 04:10:05 查询号码 【1882891】，返回信息 {"status":"ok","msg":"四川-雅安","gid":"486997","time_insert":"2021-08-03 05:03"}
2023-12-13 04:10:05 查询号码 【1882891】，GSD为【"四川-雅安"】

2023-12-13 04:10:06 开始第 2979 次操作

2023-12-13 04:10:06 开始操作号码 【1882892】
2023-12-13 04:10:10 GSD getOne 第 1 次 等待 3 秒
2023-12-13 04:10:13 查询号码 【1882892】，返回信息 {"status":"ok","msg":"四川-宜宾","gid":"486986","time_insert":"2021-08-03 05:02"}
2023-12-13 04:10:13 查询号码 【1882892】，GSD为【"四川-宜宾"】

2023-12-13 04:10:14 开始第 2980 次操作

2023-12-13 04:10:14 开始操作号码 【1882893】
2023-12-13 04:10:17 GSD getOne 第 1 次 等待 3 秒
2023-12-13 04:10:20 查询号码 【1882893】，返回信息 {"status":"ok","msg":"四川-宜宾","gid":"486977","time_insert":"2021-08-03 05:02"}
2023-12-13 04:10:20 查询号码 【1882893】，GSD为【"四川-宜宾"】

2023-12-13 04:33:35 开始第 2981 次操作

2023-12-13 04:33:35 开始操作号码 【1882894】
2023-12-13 04:33:39 GSD getOne 第 1 次 等待 3 秒
2023-12-13 04:33:42 查询号码 【1882894】，返回信息 {"status":"ok","msg":"四川-宜宾","gid":"486966","time_insert":"2021-08-03 05:01"}
2023-12-13 04:33:42 查询号码 【1882894】，GSD为【"四川-宜宾"】

2023-12-13 04:33:43 开始第 2982 次操作

2023-12-13 04:33:43 开始操作号码 【1882895】
2023-12-13 04:33:46 GSD getOne 第 1 次 等待 3 秒
2023-12-13 04:33:49 查询号码 【1882895】，返回信息 {"status":"ok","msg":"四川-宜宾","gid":"486953","time_insert":"2021-08-03 05:00"}
2023-12-13 04:33:49 查询号码 【1882895】，GSD为【"四川-宜宾"】

2023-12-13 04:33:50 开始第 2983 次操作

2023-12-13 04:33:50 开始操作号码 【1882896】
2023-12-13 04:33:54 GSD getOne 第 1 次 等待 3 秒
2023-12-13 04:33:57 查询号码 【1882896】，返回信息 {"status":"ok","msg":"四川-宜宾","gid":"486946","time_insert":"2021-08-03 04:59"}
2023-12-13 04:33:57 查询号码 【1882896】，GSD为【"四川-宜宾"】

2023-12-13 04:33:58 开始第 2984 次操作

2023-12-13 04:33:58 开始操作号码 【1882897】
2023-12-13 04:34:01 GSD getOne 第 1 次 等待 3 秒
2023-12-13 04:34:04 查询号码 【1882897】，返回信息 {"status":"ok","msg":"四川-宜宾","gid":"486935","time_insert":"2021-08-03 04:59"}
2023-12-13 04:34:04 查询号码 【1882897】，GSD为【"四川-宜宾"】

