2024-10-09 00:13:20 开始第 8861 次操作

2024-10-09 00:13:20 开始操作号码 【1448855】
2024-10-09 00:13:23 GSD getOne 第 1 次 等待 3 秒
2024-10-09 00:13:26 查询号码 【1448855】，返回信息 {"status":"ok","msg":"-","gid":"679867","time_insert":"2023-04-27 04:42"}
2024-10-09 00:13:26 查询号码 【1448855】，GSD为【"-"】
2024-10-09 00:13:26 ok && -
2024-10-09 00:14:59 CHB 1448855?1728404006 第 1 次 等待 3 秒
2024-10-09 00:15:02 CHB 1448855?1728404006 第 1 次 获取到号码【1448855】GSD
2024-10-09 00:15:02 未获取到号码【1448855】GSD，可能号码格式错误
2024-10-09 00:15:02 获取到号码【1448855】的GSD为【-】
2024-10-09 00:15:05 GSD insert 第 1 次 等待 3 秒
2024-10-09 00:15:08 {"status":"bad","gid":"679867","msg":"添加失败！号码【1448855(-|-)】已存在！"}
2024-10-09 00:15:08 随机等待 135 秒，约 2 分钟
2024-10-09 00:15:08 下次操作: 2024-10-09 00:17:23

2024-10-09 00:17:23 开始第 8862 次操作

2024-10-09 00:17:23 开始操作号码 【1448856】
2024-10-09 00:17:25 GSD getOne 第 1 次 等待 3 秒
2024-10-09 00:17:28 查询号码 【1448856】，返回信息 {"status":"ok","msg":"-","gid":"679864","time_insert":"2023-04-27 04:40"}
2024-10-09 00:17:28 查询号码 【1448856】，GSD为【"-"】
2024-10-09 00:17:28 ok && -
2024-10-09 00:17:30 CHB 1448856?1728404248 第 1 次 等待 3 秒
2024-10-09 00:17:33 CHB 1448856?1728404248 第 1 次 获取到号码【1448856】GSD
2024-10-09 00:17:33 未获取到号码【1448856】GSD，可能号码格式错误
2024-10-09 00:17:33 获取到号码【1448856】的GSD为【-】
2024-10-09 00:17:36 GSD insert 第 1 次 等待 3 秒
2024-10-09 00:17:39 {"status":"bad","gid":"679864","msg":"添加失败！号码【1448856(-|-)】已存在！"}
2024-10-09 00:17:39 随机等待 80 秒，约 1 分钟
2024-10-09 00:17:39 下次操作: 2024-10-09 00:18:59

2024-10-09 00:18:59 开始第 8863 次操作

2024-10-09 00:18:59 开始操作号码 【1448857】
2024-10-09 00:19:01 GSD getOne 第 1 次 等待 3 秒
2024-10-09 00:19:04 查询号码 【1448857】，返回信息 {"status":"ok","msg":"-","gid":"679859","time_insert":"2023-04-27 04:37"}
2024-10-09 00:19:04 查询号码 【1448857】，GSD为【"-"】
2024-10-09 00:19:04 ok && -
2024-10-09 00:19:07 CHB 1448857?1728404344 第 1 次 等待 3 秒
2024-10-09 00:19:10 CHB 1448857?1728404344 第 1 次 获取到号码【1448857】GSD
2024-10-09 00:19:10 未获取到号码【1448857】GSD，可能号码格式错误
2024-10-09 00:19:10 获取到号码【1448857】的GSD为【-】
2024-10-09 00:19:13 GSD insert 第 1 次 等待 3 秒
2024-10-09 00:19:16 {"status":"bad","gid":"679859","msg":"添加失败！号码【1448857(-|-)】已存在！"}
2024-10-09 00:19:16 随机等待 167 秒，约 2 分钟
2024-10-09 00:19:16 下次操作: 2024-10-09 00:22:03

2024-10-09 00:22:03 开始第 8864 次操作

2024-10-09 00:22:03 开始操作号码 【1448858】
2024-10-09 00:22:05 GSD getOne 第 1 次 等待 3 秒
2024-10-09 00:22:08 查询号码 【1448858】，返回信息 {"status":"ok","msg":"-","gid":"679852","time_insert":"2023-04-27 04:35"}
2024-10-09 00:22:08 查询号码 【1448858】，GSD为【"-"】
2024-10-09 00:22:08 ok && -
2024-10-09 00:27:08 CHB 1448858?1728404528 第 1 次 等待 3 秒
2024-10-09 00:27:11 CHB 1448858?1728404528 第 1 次 未获取到 等待 217 秒 下次操作: 2024-10-09 00:30:48
2024-10-09 00:30:50 CHB 1448858?1728405048 第 2 次 等待 3 秒
2024-10-09 00:30:53 CHB 1448858?1728405048 第 2 次 获取到号码【1448858】GSD
2024-10-09 00:30:53 未获取到号码【1448858】GSD，可能号码格式错误
2024-10-09 00:30:53 获取到号码【1448858】的GSD为【-】
2024-10-09 00:30:55 GSD insert 第 1 次 等待 3 秒
2024-10-09 00:30:58 {"status":"bad","gid":"679852","msg":"添加失败！号码【1448858(-|-)】已存在！"}

2024-10-09 00:42:55 开始第 8865 次操作

2024-10-09 00:42:55 开始操作号码 【1448859】
2024-10-09 00:43:00 GSD getOne 第 1 次 等待 3 秒
2024-10-09 00:43:03 查询号码 【1448859】，返回信息 {"status":"ok","msg":"-","gid":"679849","time_insert":"2023-04-27 04:33"}
2024-10-09 00:43:03 查询号码 【1448859】，GSD为【"-"】
2024-10-09 00:43:03 ok && -
2024-10-09 00:43:05 CHB 1448859?1728405783 第 1 次 等待 3 秒
2024-10-09 00:43:08 CHB 1448859?1728405783 第 1 次 获取到号码【1448859】GSD
2024-10-09 00:43:08 未获取到号码【1448859】GSD，可能号码格式错误
2024-10-09 00:43:08 获取到号码【1448859】的GSD为【-】
2024-10-09 00:43:10 GSD insert 第 1 次 等待 3 秒
2024-10-09 00:43:13 {"status":"bad","gid":"679849","msg":"添加失败！号码【1448859(-|-)】已存在！"}
2024-10-09 00:43:13 随机等待 129 秒，约 2 分钟
2024-10-09 00:43:13 下次操作: 2024-10-09 00:45:22

2024-10-09 00:45:22 开始第 8866 次操作

2024-10-09 00:45:22 开始操作号码 【1448860】
2024-10-09 00:45:24 GSD getOne 第 1 次 等待 3 秒
2024-10-09 00:45:27 查询号码 【1448860】，返回信息 {"status":"ok","msg":"-","gid":"679843","time_insert":"2023-04-27 04:29"}
2024-10-09 00:45:27 查询号码 【1448860】，GSD为【"-"】
2024-10-09 00:45:27 ok && -
2024-10-09 00:45:29 CHB 1448860?1728405927 第 1 次 等待 3 秒
2024-10-09 00:45:32 CHB 1448860?1728405927 第 1 次 获取到号码【1448860】GSD
2024-10-09 00:45:32 未获取到号码【1448860】GSD，可能号码格式错误
2024-10-09 00:45:32 获取到号码【1448860】的GSD为【-】
2024-10-09 00:45:33 GSD insert 第 1 次 等待 3 秒
2024-10-09 00:45:36 {"status":"bad","gid":"679843","msg":"添加失败！号码【1448860(-|-)】已存在！"}
2024-10-09 00:45:36 随机等待 71 秒，约 1 分钟
2024-10-09 00:45:36 下次操作: 2024-10-09 00:46:47

2024-10-09 00:46:47 开始第 8867 次操作

2024-10-09 00:46:47 开始操作号码 【1448861】
2024-10-09 00:46:49 GSD getOne 第 1 次 等待 3 秒
2024-10-09 00:46:52 查询号码 【1448861】，返回信息 {"status":"ok","msg":"-","gid":"679837","time_insert":"2023-04-27 04:26"}
2024-10-09 00:46:52 查询号码 【1448861】，GSD为【"-"】
2024-10-09 00:46:52 ok && -
2024-10-09 00:46:54 CHB 1448861?1728406012 第 1 次 等待 3 秒
2024-10-09 00:46:57 CHB 1448861?1728406012 第 1 次 获取到号码【1448861】GSD
2024-10-09 00:46:57 未获取到号码【1448861】GSD，可能号码格式错误
2024-10-09 00:46:57 获取到号码【1448861】的GSD为【-】
2024-10-09 00:46:59 GSD insert 第 1 次 等待 3 秒
2024-10-09 00:47:02 {"status":"bad","gid":"679837","msg":"添加失败！号码【1448861(-|-)】已存在！"}
2024-10-09 00:47:02 随机等待 156 秒，约 2 分钟
2024-10-09 00:47:02 下次操作: 2024-10-09 00:49:38

2024-10-09 00:49:38 开始第 8868 次操作

2024-10-09 00:49:38 开始操作号码 【1448862】
2024-10-09 00:49:40 GSD getOne 第 1 次 等待 3 秒
2024-10-09 00:49:43 查询号码 【1448862】，返回信息 {"status":"ok","msg":"-","gid":"679834","time_insert":"2023-04-27 04:23"}
2024-10-09 00:49:43 查询号码 【1448862】，GSD为【"-"】
2024-10-09 00:49:43 ok && -
2024-10-09 00:49:44 CHB 1448862?1728406183 第 1 次 等待 3 秒
2024-10-09 00:49:47 CHB 1448862?1728406183 第 1 次 获取到号码【1448862】GSD
2024-10-09 00:49:48 未获取到号码【1448862】GSD，可能号码格式错误
2024-10-09 00:49:48 获取到号码【1448862】的GSD为【-】
2024-10-09 00:49:50 GSD insert 第 1 次 等待 3 秒
2024-10-09 00:49:53 {"status":"bad","gid":"679834","msg":"添加失败！号码【1448862(-|-)】已存在！"}

