2023-11-19 00:10:09 开始第 9641 次操作

2023-11-19 00:10:09 开始操作号码 【1989553】
2023-11-19 00:10:13 GSD getOne 第 1 次 等待 3 秒
2023-11-19 00:10:16 查询号码 【1989553】，返回信息 {"status":"ok","msg":"江苏-盐城","gid":"461954","time_insert":"2021-08-01 01:04"}
2023-11-19 00:10:16 查询号码 【1989553】，GSD为【"江苏-盐城"】

2023-11-19 00:10:17 开始第 9642 次操作

2023-11-19 00:10:17 开始操作号码 【1989554】
2023-11-19 00:10:22 GSD getOne 第 1 次 等待 3 秒
2023-11-19 00:10:25 查询号码 【1989554】，返回信息 {"status":"ok","msg":"江苏-连云港","gid":"461938","time_insert":"2021-08-01 01:02"}
2023-11-19 00:10:25 查询号码 【1989554】，GSD为【"江苏-连云港"】

2023-11-19 00:10:26 开始第 9643 次操作

2023-11-19 00:10:26 开始操作号码 【1989555】
2023-11-19 00:10:30 GSD getOne 第 1 次 等待 3 秒
2023-11-19 00:10:33 查询号码 【1989555】，返回信息 {"status":"ok","msg":"江苏-常州","gid":"461925","time_insert":"2021-08-01 01:01"}
2023-11-19 00:10:33 查询号码 【1989555】，GSD为【"江苏-常州"】

2023-11-19 00:10:34 开始第 9644 次操作

2023-11-19 00:10:34 开始操作号码 【1989556】
2023-11-19 00:10:38 GSD getOne 第 1 次 等待 3 秒
2023-11-19 00:10:41 查询号码 【1989556】，返回信息 {"status":"ok","msg":"江苏-常州","gid":"461821","time_insert":"2021-08-01 00:25"}
2023-11-19 00:10:42 查询号码 【1989556】，GSD为【"江苏-常州"】

2023-11-19 00:35:43 开始第 9645 次操作

2023-11-19 00:35:43 开始操作号码 【1989557】
2023-11-19 00:35:47 GSD getOne 第 1 次 等待 3 秒
2023-11-19 00:35:50 查询号码 【1989557】，返回信息 {"status":"ok","msg":"江苏-常州","gid":"461812","time_insert":"2021-08-01 00:24"}
2023-11-19 00:35:50 查询号码 【1989557】，GSD为【"江苏-常州"】

2023-11-19 00:35:51 开始第 9646 次操作

2023-11-19 00:35:51 开始操作号码 【1989558】
2023-11-19 00:35:55 GSD getOne 第 1 次 等待 3 秒
2023-11-19 00:35:58 查询号码 【1989558】，返回信息 {"status":"ok","msg":"江苏-连云港","gid":"461807","time_insert":"2021-08-01 00:23"}
2023-11-19 00:35:58 查询号码 【1989558】，GSD为【"江苏-连云港"】

2023-11-19 00:35:59 开始第 9647 次操作

2023-11-19 00:35:59 开始操作号码 【1989559】
2023-11-19 00:36:04 GSD getOne 第 1 次 等待 3 秒
2023-11-19 00:36:07 查询号码 【1989559】，返回信息 {"status":"ok","msg":"江苏-南京","gid":"461798","time_insert":"2021-08-01 00:22"}
2023-11-19 00:36:07 查询号码 【1989559】，GSD为【"江苏-南京"】

2023-11-19 00:36:08 开始第 9648 次操作

2023-11-19 00:36:08 开始操作号码 【1989560】
2023-11-19 00:36:12 GSD getOne 第 1 次 等待 3 秒
2023-11-19 00:36:15 查询号码 【1989560】，返回信息 {"status":"ok","msg":"江苏-盐城","gid":"461790","time_insert":"2021-08-01 00:21"}
2023-11-19 00:36:15 查询号码 【1989560】，GSD为【"江苏-盐城"】

2023-11-19 01:07:32 开始第 9649 次操作

2023-11-19 01:07:32 开始操作号码 【1989561】
2023-11-19 01:07:37 GSD getOne 第 1 次 等待 3 秒
2023-11-19 01:07:40 查询号码 【1989561】，返回信息 {"status":"ok","msg":"江苏-盐城","gid":"461785","time_insert":"2021-08-01 00:20"}
2023-11-19 01:07:40 查询号码 【1989561】，GSD为【"江苏-盐城"】

2023-11-19 01:07:41 开始第 9650 次操作

2023-11-19 01:07:41 开始操作号码 【1989562】
2023-11-19 01:07:47 GSD getOne 第 1 次 等待 3 秒
2023-11-19 01:07:50 查询号码 【1989562】，返回信息 {"status":"ok","msg":"江苏-盐城","gid":"461776","time_insert":"2021-08-01 00:19","time_update":"2021-08-15 16:51"}
2023-11-19 01:07:50 查询号码 【1989562】，GSD为【"江苏-盐城"】

2023-11-19 01:07:51 开始第 9651 次操作

2023-11-19 01:07:51 开始操作号码 【1989563】
2023-11-19 01:07:56 GSD getOne 第 1 次 等待 3 秒
2023-11-19 01:07:59 查询号码 【1989563】，返回信息 {"status":"ok","msg":"江苏-盐城","gid":"461770","time_insert":"2021-08-01 00:18"}
2023-11-19 01:07:59 查询号码 【1989563】，GSD为【"江苏-盐城"】

2023-11-19 01:08:00 开始第 9652 次操作

2023-11-19 01:08:00 开始操作号码 【1989564】
2023-11-19 01:08:07 GSD getOne 第 1 次 等待 3 秒
2023-11-19 01:08:10 查询号码 【1989564】，返回信息 {"status":"ok","msg":"江苏-扬州","gid":"461761","time_insert":"2021-08-01 00:17"}
2023-11-19 01:08:10 查询号码 【1989564】，GSD为【"江苏-扬州"】

2023-11-19 01:33:20 开始第 9653 次操作

2023-11-19 01:33:20 开始操作号码 【1989565】
2023-11-19 01:33:25 GSD getOne 第 1 次 等待 3 秒
2023-11-19 01:33:28 查询号码 【1989565】，返回信息 {"status":"ok","msg":"江苏-泰州","gid":"461751","time_insert":"2021-08-01 00:16"}
2023-11-19 01:33:28 查询号码 【1989565】，GSD为【"江苏-泰州"】

2023-11-19 01:33:29 开始第 9654 次操作

2023-11-19 01:33:29 开始操作号码 【1989566】
2023-11-19 01:33:41 GSD getOne 第 1 次 等待 3 秒
2023-11-19 01:33:44 查询号码 【1989566】，返回信息 {"status":"ok","msg":"江苏-泰州","gid":"461739","time_insert":"2021-08-01 00:14"}
2023-11-19 01:33:44 查询号码 【1989566】，GSD为【"江苏-泰州"】

2023-11-19 01:33:45 开始第 9655 次操作

2023-11-19 01:33:45 开始操作号码 【1989567】
2023-11-19 01:33:49 GSD getOne 第 1 次 等待 3 秒
2023-11-19 01:33:52 查询号码 【1989567】，返回信息 {"status":"ok","msg":"江苏-泰州","gid":"461730","time_insert":"2021-08-01 00:13"}
2023-11-19 01:33:52 查询号码 【1989567】，GSD为【"江苏-泰州"】

2023-11-19 01:33:53 开始第 9656 次操作

2023-11-19 01:33:53 开始操作号码 【1989568】
2023-11-19 01:34:00 GSD getOne 第 1 次 等待 3 秒
2023-11-19 01:34:03 查询号码 【1989568】，返回信息 {"status":"ok","msg":"江苏-泰州","gid":"461718","time_insert":"2021-08-01 00:12"}
2023-11-19 01:34:03 查询号码 【1989568】，GSD为【"江苏-泰州"】

2023-11-19 02:09:59 开始第 9657 次操作

2023-11-19 02:09:59 开始操作号码 【1989569】
2023-11-19 02:10:07 GSD getOne 第 1 次 等待 3 秒
2023-11-19 02:10:10 查询号码 【1989569】，返回信息 {"status":"ok","msg":"江苏-泰州","gid":"461708","time_insert":"2021-08-01 00:11"}
2023-11-19 02:10:10 查询号码 【1989569】，GSD为【"江苏-泰州"】

2023-11-19 02:10:11 开始第 9658 次操作

2023-11-19 02:10:11 开始操作号码 【1989570】
2023-11-19 02:10:17 GSD getOne 第 1 次 等待 3 秒
2023-11-19 02:10:20 查询号码 【1989570】，返回信息 {"status":"ok","msg":"江苏-苏州","gid":"461694","time_insert":"2021-08-01 00:10"}
2023-11-19 02:10:20 查询号码 【1989570】，GSD为【"江苏-苏州"】

2023-11-19 02:10:21 开始第 9659 次操作

2023-11-19 02:10:21 开始操作号码 【1989571】
2023-11-19 02:10:30 GSD getOne 第 1 次 等待 3 秒
2023-11-19 02:10:33 查询号码 【1989571】，返回信息 {"status":"ok","msg":"江苏-苏州","gid":"461683","time_insert":"2021-08-01 00:10"}
2023-11-19 02:10:33 查询号码 【1989571】，GSD为【"江苏-苏州"】

2023-11-19 02:10:34 开始第 9660 次操作

2023-11-19 02:10:34 开始操作号码 【1989572】
2023-11-19 02:10:41 GSD getOne 第 1 次 等待 3 秒
2023-11-19 02:10:44 查询号码 【1989572】，返回信息 {"status":"ok","msg":"江苏-苏州","gid":"461668","time_insert":"2021-08-01 00:09"}
2023-11-19 02:10:44 查询号码 【1989572】，GSD为【"江苏-苏州"】

2023-11-19 02:33:06 开始第 9661 次操作

2023-11-19 02:33:06 开始操作号码 【1989573】
2023-11-19 02:33:13 GSD getOne 第 1 次 等待 3 秒
2023-11-19 02:33:16 查询号码 【1989573】，返回信息 {"status":"ok","msg":"江苏-无锡","gid":"461657","time_insert":"2021-08-01 00:08"}
2023-11-19 02:33:16 查询号码 【1989573】，GSD为【"江苏-无锡"】

2023-11-19 02:33:17 开始第 9662 次操作

2023-11-19 02:33:17 开始操作号码 【1989574】
2023-11-19 02:33:21 GSD getOne 第 1 次 等待 3 秒
2023-11-19 02:33:24 查询号码 【1989574】，返回信息 {"status":"ok","msg":"江苏-无锡","gid":"461645","time_insert":"2021-08-01 00:07"}
2023-11-19 02:33:24 查询号码 【1989574】，GSD为【"江苏-无锡"】

2023-11-19 02:33:25 开始第 9663 次操作

2023-11-19 02:33:25 开始操作号码 【1989575】
2023-11-19 02:33:50 GSD getOne 第 1 次 等待 3 秒
2023-11-19 02:33:53 查询号码 【1989575】，返回信息 {"status":"ok","msg":"江苏-无锡","gid":"461633","time_insert":"2021-08-01 00:06"}
2023-11-19 02:33:54 查询号码 【1989575】，GSD为【"江苏-无锡"】

2023-11-19 02:33:55 开始第 9664 次操作

2023-11-19 02:33:55 开始操作号码 【1989576】
2023-11-19 02:33:58 GSD getOne 第 1 次 等待 3 秒
2023-11-19 02:34:01 查询号码 【1989576】，返回信息 {"status":"ok","msg":"江苏-无锡","gid":"461623","time_insert":"2021-08-01 00:05"}
2023-11-19 02:34:01 查询号码 【1989576】，GSD为【"江苏-无锡"】

2023-11-19 03:06:40 开始第 9665 次操作

2023-11-19 03:06:40 开始操作号码 【1989577】
2023-11-19 03:06:43 GSD getOne 第 1 次 等待 3 秒
2023-11-19 03:06:46 查询号码 【1989577】，返回信息 {"status":"ok","msg":"江苏-无锡","gid":"461609","time_insert":"2021-08-01 00:04"}
2023-11-19 03:06:46 查询号码 【1989577】，GSD为【"江苏-无锡"】

2023-11-19 03:06:47 开始第 9666 次操作

2023-11-19 03:06:47 开始操作号码 【1989578】
2023-11-19 03:06:51 GSD getOne 第 1 次 等待 3 秒
2023-11-19 03:06:54 查询号码 【1989578】，返回信息 {"status":"ok","msg":"江苏-无锡","gid":"461600","time_insert":"2021-08-01 00:03"}
2023-11-19 03:06:54 查询号码 【1989578】，GSD为【"江苏-无锡"】

2023-11-19 03:06:55 开始第 9667 次操作

2023-11-19 03:06:55 开始操作号码 【1989579】
2023-11-19 03:06:58 GSD getOne 第 1 次 等待 3 秒
2023-11-19 03:07:01 查询号码 【1989579】，返回信息 {"status":"ok","msg":"江苏-无锡","gid":"461590","time_insert":"2021-08-01 00:02"}
2023-11-19 03:07:01 查询号码 【1989579】，GSD为【"江苏-无锡"】

2023-11-19 03:07:02 开始第 9668 次操作

2023-11-19 03:07:02 开始操作号码 【1989580】
2023-11-19 03:07:06 GSD getOne 第 1 次 等待 3 秒
2023-11-19 03:07:09 查询号码 【1989580】，返回信息 {"status":"ok","msg":"江苏-宿迁","gid":"461579","time_insert":"2021-08-01 00:01"}
2023-11-19 03:07:09 查询号码 【1989580】，GSD为【"江苏-宿迁"】

2023-11-19 03:32:50 开始第 9669 次操作

2023-11-19 03:32:50 开始操作号码 【1989581】
2023-11-19 03:32:53 GSD getOne 第 1 次 等待 3 秒
2023-11-19 03:32:56 查询号码 【1989581】，返回信息 {"status":"ok","msg":"江苏-宿迁","gid":"461566","time_insert":"2021-08-01 00:01"}
2023-11-19 03:32:56 查询号码 【1989581】，GSD为【"江苏-宿迁"】

2023-11-19 03:32:57 开始第 9670 次操作

2023-11-19 03:32:57 开始操作号码 【1989582】
2023-11-19 03:33:01 GSD getOne 第 1 次 等待 3 秒
2023-11-19 03:33:04 查询号码 【1989582】，返回信息 {"status":"ok","msg":"江苏-宿迁","gid":"461554","time_insert":"2021-08-01 00:00"}
2023-11-19 03:33:04 查询号码 【1989582】，GSD为【"江苏-宿迁"】

2023-11-19 03:33:05 开始第 9671 次操作

2023-11-19 03:33:05 开始操作号码 【1989583】
2023-11-19 03:33:08 GSD getOne 第 1 次 等待 3 秒
2023-11-19 03:33:11 查询号码 【1989583】，返回信息 {"status":"ok","msg":"江苏-徐州","gid":"461545","time_insert":"2021-07-31 23:59"}
2023-11-19 03:33:11 查询号码 【1989583】，GSD为【"江苏-徐州"】

2023-11-19 03:33:12 开始第 9672 次操作

2023-11-19 03:33:12 开始操作号码 【1989584】
2023-11-19 03:33:16 GSD getOne 第 1 次 等待 3 秒
2023-11-19 03:33:19 查询号码 【1989584】，返回信息 {"status":"ok","msg":"江苏-常州","gid":"461532","time_insert":"2021-07-31 23:57"}
2023-11-19 03:33:19 查询号码 【1989584】，GSD为【"江苏-常州"】

2023-11-19 04:08:39 开始第 9673 次操作

2023-11-19 04:08:39 开始操作号码 【1989585】
2023-11-19 04:08:42 GSD getOne 第 1 次 等待 3 秒
2023-11-19 04:08:45 查询号码 【1989585】，返回信息 {"status":"ok","msg":"江苏-南京","gid":"461520","time_insert":"2021-07-31 23:56"}
2023-11-19 04:08:45 查询号码 【1989585】，GSD为【"江苏-南京"】

2023-11-19 04:08:46 开始第 9674 次操作

2023-11-19 04:08:46 开始操作号码 【1989586】
2023-11-19 04:08:49 GSD getOne 第 1 次 等待 3 秒
2023-11-19 04:08:52 查询号码 【1989586】，返回信息 {"status":"ok","msg":"江苏-南京","gid":"461508","time_insert":"2021-07-31 23:55"}
2023-11-19 04:08:52 查询号码 【1989586】，GSD为【"江苏-南京"】

2023-11-19 04:08:53 开始第 9675 次操作

2023-11-19 04:08:53 开始操作号码 【1989587】
2023-11-19 04:08:56 GSD getOne 第 1 次 等待 3 秒
2023-11-19 04:08:59 查询号码 【1989587】，返回信息 {"status":"ok","msg":"江苏-南京","gid":"461498","time_insert":"2021-07-31 23:54"}
2023-11-19 04:08:59 查询号码 【1989587】，GSD为【"江苏-南京"】

2023-11-19 04:09:00 开始第 9676 次操作

2023-11-19 04:09:00 开始操作号码 【1989588】
2023-11-19 04:09:03 GSD getOne 第 1 次 等待 3 秒
2023-11-19 04:09:06 查询号码 【1989588】，返回信息 {"status":"ok","msg":"江苏-南京","gid":"461487","time_insert":"2021-07-31 23:53","time_update":"2021-08-15 17:02"}
2023-11-19 04:09:06 查询号码 【1989588】，GSD为【"江苏-南京"】

2023-11-19 04:33:28 开始第 9677 次操作

2023-11-19 04:33:28 开始操作号码 【1989589】
2023-11-19 04:33:32 GSD getOne 第 1 次 等待 3 秒
2023-11-19 04:33:35 查询号码 【1989589】，返回信息 {"status":"ok","msg":"江苏-南京","gid":"461478","time_insert":"2021-07-31 23:52"}
2023-11-19 04:33:35 查询号码 【1989589】，GSD为【"江苏-南京"】

2023-11-19 04:33:36 开始第 9678 次操作

2023-11-19 04:33:36 开始操作号码 【1989590】
2023-11-19 04:33:41 GSD getOne 第 1 次 等待 3 秒
2023-11-19 04:33:44 查询号码 【1989590】，返回信息 {"status":"ok","msg":"江苏-淮安","gid":"461468","time_insert":"2021-07-31 23:51"}
2023-11-19 04:33:44 查询号码 【1989590】，GSD为【"江苏-淮安"】

2023-11-19 04:33:45 开始第 9679 次操作

2023-11-19 04:33:45 开始操作号码 【1989591】
2023-11-19 04:33:48 GSD getOne 第 1 次 等待 3 秒
2023-11-19 04:33:51 查询号码 【1989591】，返回信息 {"status":"ok","msg":"江苏-南通","gid":"461461","time_insert":"2021-07-31 23:50"}
2023-11-19 04:33:51 查询号码 【1989591】，GSD为【"江苏-南通"】

2023-11-19 04:33:52 开始第 9680 次操作

2023-11-19 04:33:52 开始操作号码 【1989592】
2023-11-19 04:33:55 GSD getOne 第 1 次 等待 3 秒
2023-11-19 04:33:58 查询号码 【1989592】，返回信息 {"status":"ok","msg":"江苏-南通","gid":"461450","time_insert":"2021-07-31 23:49"}
2023-11-19 04:33:58 查询号码 【1989592】，GSD为【"江苏-南通"】

2023-11-19 05:07:17 开始第 9681 次操作

2023-11-19 05:07:17 开始操作号码 【1989593】
2023-11-19 05:07:21 GSD getOne 第 1 次 等待 3 秒
2023-11-19 05:07:24 查询号码 【1989593】，返回信息 {"status":"ok","msg":"江苏-南通","gid":"461442","time_insert":"2021-07-31 23:48"}
2023-11-19 05:07:24 查询号码 【1989593】，GSD为【"江苏-南通"】

2023-11-19 05:07:25 开始第 9682 次操作

2023-11-19 05:07:25 开始操作号码 【1989594】
2023-11-19 05:07:28 GSD getOne 第 1 次 等待 3 秒
2023-11-19 05:07:31 查询号码 【1989594】，返回信息 {"status":"ok","msg":"江苏-南通","gid":"461435","time_insert":"2021-07-31 23:47"}
2023-11-19 05:07:31 查询号码 【1989594】，GSD为【"江苏-南通"】

2023-11-19 05:07:32 开始第 9683 次操作

2023-11-19 05:07:32 开始操作号码 【1989595】
2023-11-19 05:07:37 GSD getOne 第 1 次 等待 3 秒
2023-11-19 05:07:40 查询号码 【1989595】，返回信息 {"status":"ok","msg":"江苏-连云港","gid":"461428","time_insert":"2021-07-31 23:46"}
2023-11-19 05:07:40 查询号码 【1989595】，GSD为【"江苏-连云港"】

2023-11-19 05:07:41 开始第 9684 次操作

2023-11-19 05:07:41 开始操作号码 【1989596】
2023-11-19 05:07:45 GSD getOne 第 1 次 等待 3 秒
2023-11-19 05:07:48 查询号码 【1989596】，返回信息 {"status":"ok","msg":"江苏-连云港","gid":"461346","time_insert":"2021-07-31 23:17"}
2023-11-19 05:07:48 查询号码 【1989596】，GSD为【"江苏-连云港"】

2023-11-19 05:33:12 开始第 9685 次操作

2023-11-19 05:33:12 开始操作号码 【1989597】
2023-11-19 05:33:16 GSD getOne 第 1 次 等待 3 秒
2023-11-19 05:33:19 查询号码 【1989597】，返回信息 {"status":"ok","msg":"江苏-连云港","gid":"461340","time_insert":"2021-07-31 23:16"}
2023-11-19 05:33:19 查询号码 【1989597】，GSD为【"江苏-连云港"】

2023-11-19 05:33:20 开始第 9686 次操作

2023-11-19 05:33:20 开始操作号码 【1989598】
2023-11-19 05:33:23 GSD getOne 第 1 次 等待 3 秒
2023-11-19 05:33:26 查询号码 【1989598】，返回信息 {"status":"ok","msg":"江苏-连云港","gid":"461327","time_insert":"2021-07-31 23:15"}
2023-11-19 05:33:26 查询号码 【1989598】，GSD为【"江苏-连云港"】

2023-11-19 05:33:27 开始第 9687 次操作

2023-11-19 05:33:27 开始操作号码 【1989599】
2023-11-19 05:33:30 GSD getOne 第 1 次 等待 3 秒
2023-11-19 05:33:33 查询号码 【1989599】，返回信息 {"status":"ok","msg":"江苏-徐州","gid":"461319","time_insert":"2021-07-31 23:14"}
2023-11-19 05:33:33 查询号码 【1989599】，GSD为【"江苏-徐州"】

2023-11-19 05:33:34 开始第 9688 次操作

2023-11-19 05:33:34 开始操作号码 【1989600】
2023-11-19 05:33:37 GSD getOne 第 1 次 等待 3 秒
2023-11-19 05:33:40 查询号码 【1989600】，返回信息 {"status":"ok","msg":"甘肃-定西","gid":"461305","time_insert":"2021-07-31 23:12"}
2023-11-19 05:33:40 查询号码 【1989600】，GSD为【"甘肃-定西"】

2023-11-19 06:07:37 开始第 9689 次操作

2023-11-19 06:07:37 开始操作号码 【1989601】
2023-11-19 06:07:40 GSD getOne 第 1 次 等待 3 秒
2023-11-19 06:07:43 查询号码 【1989601】，返回信息 {"status":"ok","msg":"甘肃-定西","gid":"461293","time_insert":"2021-07-31 23:11"}
2023-11-19 06:07:43 查询号码 【1989601】，GSD为【"甘肃-定西"】

2023-11-19 06:07:44 开始第 9690 次操作

2023-11-19 06:07:44 开始操作号码 【1989602】
2023-11-19 06:07:48 GSD getOne 第 1 次 等待 3 秒
2023-11-19 06:07:51 查询号码 【1989602】，返回信息 {"status":"ok","msg":"甘肃-定西","gid":"461283","time_insert":"2021-07-31 23:10"}
2023-11-19 06:07:51 查询号码 【1989602】，GSD为【"甘肃-定西"】

2023-11-19 06:07:52 开始第 9691 次操作

2023-11-19 06:07:52 开始操作号码 【1989603】
2023-11-19 06:07:55 GSD getOne 第 1 次 等待 3 秒
2023-11-19 06:07:58 查询号码 【1989603】，返回信息 {"status":"ok","msg":"甘肃-定西","gid":"461270","time_insert":"2021-07-31 23:08"}
2023-11-19 06:07:58 查询号码 【1989603】，GSD为【"甘肃-定西"】

2023-11-19 06:07:59 开始第 9692 次操作

2023-11-19 06:07:59 开始操作号码 【1989604】
2023-11-19 06:08:03 GSD getOne 第 1 次 等待 3 秒
2023-11-19 06:08:06 查询号码 【1989604】，返回信息 {"status":"ok","msg":"甘肃-酒泉","gid":"461259","time_insert":"2021-07-31 23:06"}
2023-11-19 06:08:06 查询号码 【1989604】，GSD为【"甘肃-酒泉"】

2023-11-19 06:33:09 开始第 9693 次操作

2023-11-19 06:33:09 开始操作号码 【1989605】
2023-11-19 06:33:13 GSD getOne 第 1 次 等待 3 秒
2023-11-19 06:33:16 查询号码 【1989605】，返回信息 {"status":"ok","msg":"甘肃-酒泉","gid":"461252","time_insert":"2021-07-31 23:06"}
2023-11-19 06:33:16 查询号码 【1989605】，GSD为【"甘肃-酒泉"】

2023-11-19 06:33:17 开始第 9694 次操作

2023-11-19 06:33:17 开始操作号码 【1989606】
2023-11-19 06:33:21 GSD getOne 第 1 次 等待 3 秒
2023-11-19 06:33:24 查询号码 【1989606】，返回信息 {"status":"ok","msg":"甘肃-陇南","gid":"461245","time_insert":"2021-07-31 23:05"}
2023-11-19 06:33:24 查询号码 【1989606】，GSD为【"甘肃-陇南"】

2023-11-19 06:33:25 开始第 9695 次操作

2023-11-19 06:33:25 开始操作号码 【1989607】
2023-11-19 06:33:28 GSD getOne 第 1 次 等待 3 秒
2023-11-19 06:33:31 查询号码 【1989607】，返回信息 {"status":"ok","msg":"甘肃-陇南","gid":"461235","time_insert":"2021-07-31 23:04"}
2023-11-19 06:33:31 查询号码 【1989607】，GSD为【"甘肃-陇南"】

2023-11-19 06:33:32 开始第 9696 次操作

2023-11-19 06:33:32 开始操作号码 【1989608】
2023-11-19 06:33:35 GSD getOne 第 1 次 等待 3 秒
2023-11-19 06:33:38 查询号码 【1989608】，返回信息 {"status":"ok","msg":"甘肃-陇南","gid":"461223","time_insert":"2021-07-31 23:03"}
2023-11-19 06:33:38 查询号码 【1989608】，GSD为【"甘肃-陇南"】

2023-11-19 07:08:22 开始第 9697 次操作

2023-11-19 07:08:22 开始操作号码 【1989609】
2023-11-19 07:08:26 GSD getOne 第 1 次 等待 3 秒
2023-11-19 07:08:29 查询号码 【1989609】，返回信息 {"status":"ok","msg":"甘肃-陇南","gid":"461213","time_insert":"2021-07-31 23:02"}
2023-11-19 07:08:29 查询号码 【1989609】，GSD为【"甘肃-陇南"】

2023-11-19 07:08:30 开始第 9698 次操作

2023-11-19 07:08:30 开始操作号码 【1989610】
2023-11-19 07:08:33 GSD getOne 第 1 次 等待 3 秒
2023-11-19 07:08:36 查询号码 【1989610】，返回信息 {"status":"ok","msg":"甘肃-临夏","gid":"461207","time_insert":"2021-07-31 23:01"}
2023-11-19 07:08:36 查询号码 【1989610】，GSD为【"甘肃-临夏"】

2023-11-19 07:08:37 开始第 9699 次操作

2023-11-19 07:08:37 开始操作号码 【1989611】
2023-11-19 07:08:40 GSD getOne 第 1 次 等待 3 秒
2023-11-19 07:08:43 查询号码 【1989611】，返回信息 {"status":"ok","msg":"甘肃-临夏","gid":"461188","time_insert":"2021-07-31 23:00"}
2023-11-19 07:08:43 查询号码 【1989611】，GSD为【"甘肃-临夏"】

2023-11-19 07:08:44 开始第 9700 次操作

2023-11-19 07:08:44 开始操作号码 【1989612】
2023-11-19 07:08:48 GSD getOne 第 1 次 等待 3 秒
2023-11-19 07:08:51 查询号码 【1989612】，返回信息 {"status":"ok","msg":"甘肃-平凉","gid":"461180","time_insert":"2021-07-31 22:59"}
2023-11-19 07:08:51 查询号码 【1989612】，GSD为【"甘肃-平凉"】

2023-11-19 07:33:13 开始第 9701 次操作

2023-11-19 07:33:13 开始操作号码 【1989613】
2023-11-19 07:33:17 GSD getOne 第 1 次 等待 3 秒
2023-11-19 07:33:20 查询号码 【1989613】，返回信息 {"status":"ok","msg":"甘肃-平凉","gid":"461164","time_insert":"2021-07-31 22:57"}
2023-11-19 07:33:20 查询号码 【1989613】，GSD为【"甘肃-平凉"】

2023-11-19 07:33:21 开始第 9702 次操作

2023-11-19 07:33:21 开始操作号码 【1989614】
2023-11-19 07:33:25 GSD getOne 第 1 次 等待 3 秒
2023-11-19 07:33:28 查询号码 【1989614】，返回信息 {"status":"ok","msg":"甘肃-兰州","gid":"461158","time_insert":"2021-07-31 22:57"}
2023-11-19 07:33:28 查询号码 【1989614】，GSD为【"甘肃-兰州"】

2023-11-19 07:33:29 开始第 9703 次操作

2023-11-19 07:33:29 开始操作号码 【1989615】
2023-11-19 07:33:32 GSD getOne 第 1 次 等待 3 秒
2023-11-19 07:33:35 查询号码 【1989615】，返回信息 {"status":"ok","msg":"甘肃-兰州","gid":"461151","time_insert":"2021-07-31 22:56"}
2023-11-19 07:33:36 查询号码 【1989615】，GSD为【"甘肃-兰州"】

2023-11-19 07:33:37 开始第 9704 次操作

2023-11-19 07:33:37 开始操作号码 【1989616】
2023-11-19 07:33:40 GSD getOne 第 1 次 等待 3 秒
2023-11-19 07:33:43 查询号码 【1989616】，返回信息 {"status":"ok","msg":"甘肃-兰州","gid":"461142","time_insert":"2021-07-31 22:55"}
2023-11-19 07:33:43 查询号码 【1989616】，GSD为【"甘肃-兰州"】

2023-11-19 08:44:53 开始第 9705 次操作

2023-11-19 08:44:53 开始操作号码 【1989617】
2023-11-19 08:44:57 GSD getOne 第 1 次 等待 3 秒
2023-11-19 08:45:00 查询号码 【1989617】，返回信息 {"status":"ok","msg":"甘肃-天水","gid":"461134","time_insert":"2021-07-31 22:55"}
2023-11-19 08:45:00 查询号码 【1989617】，GSD为【"甘肃-天水"】

2023-11-19 08:45:01 开始第 9706 次操作

2023-11-19 08:45:01 开始操作号码 【1989618】
2023-11-19 08:45:05 GSD getOne 第 1 次 等待 3 秒
2023-11-19 08:45:08 查询号码 【1989618】，返回信息 {"status":"ok","msg":"甘肃-天水","gid":"461116","time_insert":"2021-07-31 22:53"}
2023-11-19 08:45:08 查询号码 【1989618】，GSD为【"甘肃-天水"】

2023-11-19 08:45:09 开始第 9707 次操作

2023-11-19 08:45:09 开始操作号码 【1989619】
2023-11-19 08:45:12 GSD getOne 第 1 次 等待 3 秒
2023-11-19 08:45:15 查询号码 【1989619】，返回信息 {"status":"ok","msg":"甘肃-天水","gid":"461103","time_insert":"2021-07-31 22:53"}
2023-11-19 08:45:15 查询号码 【1989619】，GSD为【"甘肃-天水"】

2023-11-19 08:45:16 开始第 9708 次操作

2023-11-19 08:45:16 开始操作号码 【1989620】
2023-11-19 08:45:20 GSD getOne 第 1 次 等待 3 秒
2023-11-19 08:45:23 查询号码 【1989620】，返回信息 {"status":"ok","msg":"湖南-长沙","gid":"461091","time_insert":"2021-07-31 22:52"}
2023-11-19 08:45:23 查询号码 【1989620】，GSD为【"湖南-长沙"】

2023-11-19 09:55:06 开始第 9709 次操作

2023-11-19 09:55:06 开始操作号码 【1989621】
2023-11-19 09:55:11 GSD getOne 第 1 次 等待 3 秒
2023-11-19 09:55:14 查询号码 【1989621】，返回信息 {"status":"ok","msg":"湖南-长沙","gid":"461080","time_insert":"2021-07-31 22:51"}
2023-11-19 09:55:14 查询号码 【1989621】，GSD为【"湖南-长沙"】

2023-11-19 09:55:15 开始第 9710 次操作

2023-11-19 09:55:15 开始操作号码 【1989622】
2023-11-19 09:55:19 GSD getOne 第 1 次 等待 3 秒
2023-11-19 09:55:22 查询号码 【1989622】，返回信息 {"status":"ok","msg":"湖南-长沙","gid":"461074","time_insert":"2021-07-31 22:51"}
2023-11-19 09:55:22 查询号码 【1989622】，GSD为【"湖南-长沙"】

2023-11-19 09:55:23 开始第 9711 次操作

2023-11-19 09:55:23 开始操作号码 【1989623】
2023-11-19 09:55:27 GSD getOne 第 1 次 等待 3 秒
2023-11-19 09:55:30 查询号码 【1989623】，返回信息 {"status":"ok","msg":"湖南-长沙","gid":"461047","time_insert":"2021-07-31 22:49"}
2023-11-19 09:55:30 查询号码 【1989623】，GSD为【"湖南-长沙"】

2023-11-19 09:55:32 开始第 9712 次操作

2023-11-19 09:55:32 开始操作号码 【1989624】
2023-11-19 09:55:45 GSD getOne 第 1 次 等待 3 秒
2023-11-19 09:55:48 查询号码 【1989624】，返回信息 {"status":"ok","msg":"湖南-长沙","gid":"461038","time_insert":"2021-07-31 22:49"}
2023-11-19 09:55:48 查询号码 【1989624】，GSD为【"湖南-长沙"】

2023-11-19 10:24:37 开始第 9713 次操作

2023-11-19 10:24:37 开始操作号码 【1989625】
2023-11-19 10:24:40 GSD getOne 第 1 次 等待 3 秒
2023-11-19 10:24:43 查询号码 【1989625】，返回信息 {"status":"ok","msg":"湖南-长沙","gid":"461029","time_insert":"2021-07-31 22:48"}
2023-11-19 10:24:43 查询号码 【1989625】，GSD为【"湖南-长沙"】

2023-11-19 10:24:44 开始第 9714 次操作

2023-11-19 10:24:44 开始操作号码 【1989626】
2023-11-19 10:24:47 GSD getOne 第 1 次 等待 3 秒
2023-11-19 10:24:50 查询号码 【1989626】，返回信息 {"status":"ok","msg":"湖南-长沙","gid":"461020","time_insert":"2021-07-31 22:47"}
2023-11-19 10:24:50 查询号码 【1989626】，GSD为【"湖南-长沙"】

2023-11-19 10:24:51 开始第 9715 次操作

2023-11-19 10:24:51 开始操作号码 【1989627】
2023-11-19 10:24:54 GSD getOne 第 1 次 等待 3 秒
2023-11-19 10:24:57 查询号码 【1989627】，返回信息 {"status":"ok","msg":"湖南-岳阳","gid":"461010","time_insert":"2021-07-31 22:46"}
2023-11-19 10:24:57 查询号码 【1989627】，GSD为【"湖南-岳阳"】

2023-11-19 10:24:58 开始第 9716 次操作

2023-11-19 10:24:58 开始操作号码 【1989628】
2023-11-19 10:25:02 GSD getOne 第 1 次 等待 3 秒
2023-11-19 10:25:05 查询号码 【1989628】，返回信息 {"status":"ok","msg":"湖南-岳阳","gid":"461001","time_insert":"2021-07-31 22:45"}
2023-11-19 10:25:05 查询号码 【1989628】，GSD为【"湖南-岳阳"】

2023-11-19 10:40:44 开始第 9717 次操作

2023-11-19 10:40:44 开始操作号码 【1989629】
2023-11-19 10:40:47 GSD getOne 第 1 次 等待 3 秒
2023-11-19 10:40:50 查询号码 【1989629】，返回信息 {"status":"ok","msg":"湖南-湘潭","gid":"460989","time_insert":"2021-07-31 22:43"}
2023-11-19 10:40:50 查询号码 【1989629】，GSD为【"湖南-湘潭"】

2023-11-19 10:40:51 开始第 9718 次操作

2023-11-19 10:40:51 开始操作号码 【1989630】
2023-11-19 10:40:55 GSD getOne 第 1 次 等待 3 秒
2023-11-19 10:40:58 查询号码 【1989630】，返回信息 {"status":"ok","msg":"湖南-株洲","gid":"460982","time_insert":"2021-07-31 22:43"}
2023-11-19 10:40:58 查询号码 【1989630】，GSD为【"湖南-株洲"】

2023-11-19 10:40:59 开始第 9719 次操作

2023-11-19 10:40:59 开始操作号码 【1989631】
2023-11-19 10:41:06 GSD getOne 第 1 次 等待 3 秒
2023-11-19 10:41:09 查询号码 【1989631】，返回信息 {"status":"ok","msg":"湖南-株洲","gid":"460965","time_insert":"2021-07-31 22:41"}
2023-11-19 10:41:09 查询号码 【1989631】，GSD为【"湖南-株洲"】

2023-11-19 10:41:10 开始第 9720 次操作

2023-11-19 10:41:10 开始操作号码 【1989632】
2023-11-19 10:41:13 GSD getOne 第 1 次 等待 3 秒
2023-11-19 10:41:16 查询号码 【1989632】，返回信息 {"status":"ok","msg":"湖南-衡阳","gid":"460956","time_insert":"2021-07-31 22:39"}
2023-11-19 10:41:16 查询号码 【1989632】，GSD为【"湖南-衡阳"】

2023-11-19 11:09:13 开始第 9721 次操作

2023-11-19 11:09:13 开始操作号码 【1989633】
2023-11-19 11:09:16 GSD getOne 第 1 次 等待 3 秒
2023-11-19 11:09:19 查询号码 【1989633】，返回信息 {"status":"ok","msg":"湖南-郴州","gid":"460942","time_insert":"2021-07-31 22:38"}
2023-11-19 11:09:19 查询号码 【1989633】，GSD为【"湖南-郴州"】

2023-11-19 11:09:20 开始第 9722 次操作

2023-11-19 11:09:20 开始操作号码 【1989634】
2023-11-19 11:09:25 GSD getOne 第 1 次 等待 3 秒
2023-11-19 11:09:28 查询号码 【1989634】，返回信息 {"status":"ok","msg":"湖南-郴州","gid":"460936","time_insert":"2021-07-31 22:37"}
2023-11-19 11:09:28 查询号码 【1989634】，GSD为【"湖南-郴州"】

2023-11-19 11:09:29 开始第 9723 次操作

2023-11-19 11:09:29 开始操作号码 【1989635】
2023-11-19 11:09:34 GSD getOne 第 1 次 等待 3 秒
2023-11-19 11:09:37 查询号码 【1989635】，返回信息 {"status":"ok","msg":"湖南-郴州","gid":"460929","time_insert":"2021-07-31 22:36"}
2023-11-19 11:09:37 查询号码 【1989635】，GSD为【"湖南-郴州"】

2023-11-19 11:09:38 开始第 9724 次操作

2023-11-19 11:09:38 开始操作号码 【1989636】
2023-11-19 11:09:44 GSD getOne 第 1 次 等待 3 秒
2023-11-19 11:09:47 查询号码 【1989636】，返回信息 {"status":"ok","msg":"湖南-常德","gid":"460875","time_insert":"2021-07-31 22:14"}
2023-11-19 11:09:47 查询号码 【1989636】，GSD为【"湖南-常德"】

2023-11-19 11:33:14 开始第 9725 次操作

2023-11-19 11:33:14 开始操作号码 【1989637】
2023-11-19 11:33:17 GSD getOne 第 1 次 等待 3 秒
2023-11-19 11:33:20 查询号码 【1989637】，返回信息 {"status":"ok","msg":"湖南-常德","gid":"460869","time_insert":"2021-07-31 22:13"}
2023-11-19 11:33:20 查询号码 【1989637】，GSD为【"湖南-常德"】

2023-11-19 11:33:21 开始第 9726 次操作

2023-11-19 11:33:21 开始操作号码 【1989638】
2023-11-19 11:33:24 GSD getOne 第 1 次 等待 3 秒
2023-11-19 11:33:27 查询号码 【1989638】，返回信息 {"status":"ok","msg":"湖南-益阳","gid":"460863","time_insert":"2021-07-31 22:12"}
2023-11-19 11:33:28 查询号码 【1989638】，GSD为【"湖南-益阳"】

2023-11-19 11:33:29 开始第 9727 次操作

2023-11-19 11:33:29 开始操作号码 【1989639】
2023-11-19 11:33:32 GSD getOne 第 1 次 等待 3 秒
2023-11-19 11:33:35 查询号码 【1989639】，返回信息 {"status":"ok","msg":"湖南-益阳","gid":"460857","time_insert":"2021-07-31 22:11"}
2023-11-19 11:33:35 查询号码 【1989639】，GSD为【"湖南-益阳"】

2023-11-19 11:33:36 开始第 9728 次操作

2023-11-19 11:33:36 开始操作号码 【1989640】
2023-11-19 11:33:41 GSD getOne 第 1 次 等待 3 秒
2023-11-19 11:33:44 查询号码 【1989640】，返回信息 {"status":"ok","msg":"湖南-娄底","gid":"460852","time_insert":"2021-07-31 22:10"}
2023-11-19 11:33:44 查询号码 【1989640】，GSD为【"湖南-娄底"】

2023-11-19 12:10:34 开始第 9729 次操作

2023-11-19 12:10:34 开始操作号码 【1989641】
2023-11-19 12:10:38 GSD getOne 第 1 次 等待 3 秒
2023-11-19 12:10:41 查询号码 【1989641】，返回信息 {"status":"ok","msg":"湖南-娄底","gid":"460844","time_insert":"2021-07-31 22:09"}
2023-11-19 12:10:41 查询号码 【1989641】，GSD为【"湖南-娄底"】

2023-11-19 12:10:42 开始第 9730 次操作

2023-11-19 12:10:42 开始操作号码 【1989642】
2023-11-19 12:10:45 GSD getOne 第 1 次 等待 3 秒
2023-11-19 12:10:48 查询号码 【1989642】，返回信息 {"status":"ok","msg":"湖南-邵阳","gid":"460837","time_insert":"2021-07-31 22:09"}
2023-11-19 12:10:48 查询号码 【1989642】，GSD为【"湖南-邵阳"】

2023-11-19 12:10:49 开始第 9731 次操作

2023-11-19 12:10:49 开始操作号码 【1989643】
2023-11-19 12:10:53 GSD getOne 第 1 次 等待 3 秒
2023-11-19 12:10:56 查询号码 【1989643】，返回信息 {"status":"ok","msg":"湖南-邵阳","gid":"460831","time_insert":"2021-07-31 22:08"}
2023-11-19 12:10:56 查询号码 【1989643】，GSD为【"湖南-邵阳"】

2023-11-19 12:10:57 开始第 9732 次操作

2023-11-19 12:10:57 开始操作号码 【1989644】
2023-11-19 12:11:00 GSD getOne 第 1 次 等待 3 秒
2023-11-19 12:11:03 查询号码 【1989644】，返回信息 {"status":"ok","msg":"湖南-湘西","gid":"460826","time_insert":"2021-07-31 22:07"}
2023-11-19 12:11:03 查询号码 【1989644】，GSD为【"湖南-湘西"】

2023-11-19 12:33:30 开始第 9733 次操作

2023-11-19 12:33:30 开始操作号码 【1989645】
2023-11-19 12:33:33 GSD getOne 第 1 次 等待 3 秒
2023-11-19 12:33:36 查询号码 【1989645】，返回信息 {"status":"ok","msg":"湖南-张家界","gid":"460819","time_insert":"2021-07-31 22:06"}
2023-11-19 12:33:36 查询号码 【1989645】，GSD为【"湖南-张家界"】

2023-11-19 12:33:37 开始第 9734 次操作

2023-11-19 12:33:37 开始操作号码 【1989646】
2023-11-19 12:33:41 GSD getOne 第 1 次 等待 3 秒
2023-11-19 12:33:44 查询号码 【1989646】，返回信息 {"status":"ok","msg":"湖南-怀化","gid":"460811","time_insert":"2021-07-31 22:05"}
2023-11-19 12:33:44 查询号码 【1989646】，GSD为【"湖南-怀化"】

2023-11-19 12:33:45 开始第 9735 次操作

2023-11-19 12:33:45 开始操作号码 【1989647】
2023-11-19 12:33:48 GSD getOne 第 1 次 等待 3 秒
2023-11-19 12:33:51 查询号码 【1989647】，返回信息 {"status":"ok","msg":"湖南-怀化","gid":"460804","time_insert":"2021-07-31 22:04","time_update":"2021-08-15 17:12"}
2023-11-19 12:33:52 查询号码 【1989647】，GSD为【"湖南-怀化"】

2023-11-19 12:33:53 开始第 9736 次操作

2023-11-19 12:33:53 开始操作号码 【1989648】
2023-11-19 12:33:56 GSD getOne 第 1 次 等待 3 秒
2023-11-19 12:33:59 查询号码 【1989648】，返回信息 {"status":"ok","msg":"湖南-永州","gid":"460792","time_insert":"2021-07-31 22:03"}
2023-11-19 12:33:59 查询号码 【1989648】，GSD为【"湖南-永州"】

2023-11-19 13:08:13 开始第 9737 次操作

2023-11-19 13:08:13 开始操作号码 【1989649】
2023-11-19 13:08:32 GSD getOne 第 1 次 等待 3 秒
2023-11-19 13:08:35 查询号码 【1989649】，返回信息 {"status":"ok","msg":"湖南-永州","gid":"460780","time_insert":"2021-07-31 22:02"}
2023-11-19 13:08:35 查询号码 【1989649】，GSD为【"湖南-永州"】

2023-11-19 13:08:36 开始第 9738 次操作

2023-11-19 13:08:36 开始操作号码 【1989650】
2023-11-19 13:08:42 GSD getOne 第 1 次 等待 3 秒
2023-11-19 13:08:45 查询号码 【1989650】，返回信息 {"status":"ok","msg":"广东-深圳","gid":"460767","time_insert":"2021-07-31 22:01"}
2023-11-19 13:08:45 查询号码 【1989650】，GSD为【"广东-深圳"】

2023-11-19 13:08:46 开始第 9739 次操作

2023-11-19 13:08:46 开始操作号码 【1989651】
2023-11-19 13:08:50 GSD getOne 第 1 次 等待 3 秒
2023-11-19 13:08:53 查询号码 【1989651】，返回信息 {"status":"ok","msg":"广东-深圳","gid":"460754","time_insert":"2021-07-31 22:00"}
2023-11-19 13:08:53 查询号码 【1989651】，GSD为【"广东-深圳"】

2023-11-19 13:08:54 开始第 9740 次操作

2023-11-19 13:08:54 开始操作号码 【1989652】
2023-11-19 13:08:58 GSD getOne 第 1 次 等待 3 秒
2023-11-19 13:09:01 查询号码 【1989652】，返回信息 {"status":"ok","msg":"广东-深圳","gid":"460739","time_insert":"2021-07-31 22:00"}
2023-11-19 13:09:01 查询号码 【1989652】，GSD为【"广东-深圳"】

2023-11-19 13:33:11 开始第 9741 次操作

2023-11-19 13:33:11 开始操作号码 【1989653】
2023-11-19 13:33:20 GSD getOne 第 1 次 等待 3 秒
2023-11-19 13:33:23 查询号码 【1989653】，返回信息 {"status":"ok","msg":"广东-深圳","gid":"460722","time_insert":"2021-07-31 21:59"}
2023-11-19 13:33:23 查询号码 【1989653】，GSD为【"广东-深圳"】

2023-11-19 13:33:24 开始第 9742 次操作

2023-11-19 13:33:24 开始操作号码 【1989654】
2023-11-19 13:33:32 GSD getOne 第 1 次 等待 3 秒
2023-11-19 13:33:35 查询号码 【1989654】，返回信息 {"status":"ok","msg":"广东-深圳","gid":"460711","time_insert":"2021-07-31 21:58"}
2023-11-19 13:33:35 查询号码 【1989654】，GSD为【"广东-深圳"】

2023-11-19 13:33:36 开始第 9743 次操作

2023-11-19 13:33:36 开始操作号码 【1989655】
2023-11-19 13:33:41 GSD getOne 第 1 次 等待 3 秒
2023-11-19 13:33:44 查询号码 【1989655】，返回信息 {"status":"ok","msg":"广东-深圳","gid":"460698","time_insert":"2021-07-31 21:57"}
2023-11-19 13:33:44 查询号码 【1989655】，GSD为【"广东-深圳"】

2023-11-19 13:33:45 开始第 9744 次操作

2023-11-19 13:33:45 开始操作号码 【1989656】
2023-11-19 13:33:49 GSD getOne 第 1 次 等待 3 秒
2023-11-19 13:33:52 查询号码 【1989656】，返回信息 {"status":"ok","msg":"广东-深圳","gid":"460681","time_insert":"2021-07-31 21:56"}
2023-11-19 13:33:52 查询号码 【1989656】，GSD为【"广东-深圳"】

2023-11-19 14:10:56 开始第 9745 次操作

2023-11-19 14:10:56 开始操作号码 【1989657】
2023-11-19 14:11:00 GSD getOne 第 1 次 等待 3 秒
2023-11-19 14:11:03 查询号码 【1989657】，返回信息 {"status":"ok","msg":"广东-深圳","gid":"460666","time_insert":"2021-07-31 21:55"}
2023-11-19 14:11:03 查询号码 【1989657】，GSD为【"广东-深圳"】

2023-11-19 14:11:04 开始第 9746 次操作

2023-11-19 14:11:04 开始操作号码 【1989658】
2023-11-19 14:11:08 GSD getOne 第 1 次 等待 3 秒
2023-11-19 14:11:11 查询号码 【1989658】，返回信息 {"status":"ok","msg":"广东-深圳","gid":"460652","time_insert":"2021-07-31 21:54"}
2023-11-19 14:11:11 查询号码 【1989658】，GSD为【"广东-深圳"】

2023-11-19 14:11:12 开始第 9747 次操作

2023-11-19 14:11:12 开始操作号码 【1989659】
2023-11-19 14:11:15 GSD getOne 第 1 次 等待 3 秒
2023-11-19 14:11:18 查询号码 【1989659】，返回信息 {"status":"ok","msg":"广东-深圳","gid":"460640","time_insert":"2021-07-31 21:53"}
2023-11-19 14:11:18 查询号码 【1989659】，GSD为【"广东-深圳"】

2023-11-19 14:11:19 开始第 9748 次操作

2023-11-19 14:11:19 开始操作号码 【1989660】
2023-11-19 14:11:23 GSD getOne 第 1 次 等待 3 秒
2023-11-19 14:11:26 查询号码 【1989660】，返回信息 {"status":"ok","msg":"福建-福州","gid":"460625","time_insert":"2021-07-31 21:52"}
2023-11-19 14:11:26 查询号码 【1989660】，GSD为【"福建-福州"】

2023-11-19 14:33:30 开始第 9749 次操作

2023-11-19 14:33:30 开始操作号码 【1989661】
2023-11-19 14:33:36 GSD getOne 第 1 次 等待 3 秒
2023-11-19 14:33:39 查询号码 【1989661】，返回信息 {"status":"ok","msg":"福建-福州","gid":"460610","time_insert":"2021-07-31 21:51"}
2023-11-19 14:33:40 查询号码 【1989661】，GSD为【"福建-福州"】

2023-11-19 14:33:41 开始第 9750 次操作

2023-11-19 14:33:41 开始操作号码 【1989662】
2023-11-19 14:33:44 GSD getOne 第 1 次 等待 3 秒
2023-11-19 14:33:47 查询号码 【1989662】，返回信息 {"status":"ok","msg":"福建-福州","gid":"460596","time_insert":"2021-07-31 21:50"}
2023-11-19 14:33:47 查询号码 【1989662】，GSD为【"福建-福州"】

2023-11-19 14:33:48 开始第 9751 次操作

2023-11-19 14:33:48 开始操作号码 【1989663】
2023-11-19 14:33:53 GSD getOne 第 1 次 等待 3 秒
2023-11-19 14:33:56 查询号码 【1989663】，返回信息 {"status":"ok","msg":"福建-福州","gid":"460578","time_insert":"2021-07-31 21:50"}
2023-11-19 14:33:56 查询号码 【1989663】，GSD为【"福建-福州"】

2023-11-19 14:33:57 开始第 9752 次操作

2023-11-19 14:33:57 开始操作号码 【1989664】
2023-11-19 14:34:01 GSD getOne 第 1 次 等待 3 秒
2023-11-19 14:34:04 查询号码 【1989664】，返回信息 {"status":"ok","msg":"福建-福州","gid":"460564","time_insert":"2021-07-31 21:49"}
2023-11-19 14:34:04 查询号码 【1989664】，GSD为【"福建-福州"】

2023-11-19 15:08:07 开始第 9753 次操作

2023-11-19 15:08:07 开始操作号码 【1989665】
2023-11-19 15:08:16 GSD getOne 第 1 次 等待 3 秒
2023-11-19 15:08:19 查询号码 【1989665】，返回信息 {"status":"ok","msg":"福建-福州","gid":"460545","time_insert":"2021-07-31 21:48"}
2023-11-19 15:08:19 查询号码 【1989665】，GSD为【"福建-福州"】

2023-11-19 15:08:20 开始第 9754 次操作

2023-11-19 15:08:20 开始操作号码 【1989666】
2023-11-19 15:08:26 GSD getOne 第 1 次 等待 3 秒
2023-11-19 15:08:29 查询号码 【1989666】，返回信息 {"status":"ok","msg":"福建-厦门","gid":"460526","time_insert":"2021-07-31 21:46"}
2023-11-19 15:08:29 查询号码 【1989666】，GSD为【"福建-厦门"】

2023-11-19 15:08:30 开始第 9755 次操作

2023-11-19 15:08:30 开始操作号码 【1989667】
2023-11-19 15:08:33 GSD getOne 第 1 次 等待 3 秒
2023-11-19 15:08:36 查询号码 【1989667】，返回信息 {"status":"ok","msg":"福建-厦门","gid":"460512","time_insert":"2021-07-31 21:46"}
2023-11-19 15:08:36 查询号码 【1989667】，GSD为【"福建-厦门"】

2023-11-19 15:08:37 开始第 9756 次操作

2023-11-19 15:08:37 开始操作号码 【1989668】
2023-11-19 15:08:44 GSD getOne 第 1 次 等待 3 秒
2023-11-19 15:08:47 查询号码 【1989668】，返回信息 {"status":"ok","msg":"福建-厦门","gid":"460489","time_insert":"2021-07-31 21:44"}
2023-11-19 15:08:47 查询号码 【1989668】，GSD为【"福建-厦门"】

2023-11-19 15:32:57 开始第 9757 次操作

2023-11-19 15:32:57 开始操作号码 【1989669】
2023-11-19 15:33:00 GSD getOne 第 1 次 等待 3 秒
2023-11-19 15:33:03 查询号码 【1989669】，返回信息 {"status":"ok","msg":"福建-莆田","gid":"460474","time_insert":"2021-07-31 21:43"}
2023-11-19 15:33:03 查询号码 【1989669】，GSD为【"福建-莆田"】

2023-11-19 15:33:04 开始第 9758 次操作

2023-11-19 15:33:04 开始操作号码 【1989670】
2023-11-19 15:33:11 GSD getOne 第 1 次 等待 3 秒
2023-11-19 15:33:14 查询号码 【1989670】，返回信息 {"status":"ok","msg":"内蒙古-海拉尔","gid":"460460","time_insert":"2021-07-31 21:42"}
2023-11-19 15:33:14 查询号码 【1989670】，GSD为【"内蒙古-海拉尔"】

2023-11-19 15:33:15 开始第 9759 次操作

2023-11-19 15:33:15 开始操作号码 【1989671】
2023-11-19 15:33:18 GSD getOne 第 1 次 等待 3 秒
2023-11-19 15:33:21 查询号码 【1989671】，返回信息 {"status":"ok","msg":"内蒙古-呼和浩特","gid":"460443","time_insert":"2021-07-31 21:41"}
2023-11-19 15:33:21 查询号码 【1989671】，GSD为【"内蒙古-呼和浩特"】

2023-11-19 15:33:22 开始第 9760 次操作

2023-11-19 15:33:22 开始操作号码 【1989672】
2023-11-19 15:33:25 GSD getOne 第 1 次 等待 3 秒
2023-11-19 15:33:28 查询号码 【1989672】，返回信息 {"status":"ok","msg":"内蒙古-包头","gid":"460426","time_insert":"2021-07-31 21:40"}
2023-11-19 15:33:28 查询号码 【1989672】，GSD为【"内蒙古-包头"】

2023-11-19 16:10:53 开始第 9761 次操作

2023-11-19 16:10:53 开始操作号码 【1989673】
2023-11-19 16:10:56 GSD getOne 第 1 次 等待 3 秒
2023-11-19 16:10:59 查询号码 【1989673】，返回信息 {"status":"ok","msg":"内蒙古-乌兰浩特","gid":"460413","time_insert":"2021-07-31 21:39"}
2023-11-19 16:10:59 查询号码 【1989673】，GSD为【"内蒙古-乌兰浩特"】

2023-11-19 16:11:00 开始第 9762 次操作

2023-11-19 16:11:00 开始操作号码 【1989674】
2023-11-19 16:11:05 GSD getOne 第 1 次 等待 3 秒
2023-11-19 16:11:08 查询号码 【1989674】，返回信息 {"status":"ok","msg":"内蒙古-乌兰察布","gid":"460397","time_insert":"2021-07-31 21:38"}
2023-11-19 16:11:08 查询号码 【1989674】，GSD为【"内蒙古-乌兰察布"】

2023-11-19 16:11:09 开始第 9763 次操作

2023-11-19 16:11:09 开始操作号码 【1989675】
2023-11-19 16:11:12 GSD getOne 第 1 次 等待 3 秒
2023-11-19 16:11:15 查询号码 【1989675】，返回信息 {"status":"ok","msg":"内蒙古-通辽","gid":"460386","time_insert":"2021-07-31 21:38"}
2023-11-19 16:11:15 查询号码 【1989675】，GSD为【"内蒙古-通辽"】

2023-11-19 16:11:16 开始第 9764 次操作

2023-11-19 16:11:16 开始操作号码 【1989676】
2023-11-19 16:11:23 GSD getOne 第 1 次 等待 3 秒
2023-11-19 16:11:26 查询号码 【1989676】，返回信息 {"status":"ok","msg":"内蒙古-赤峰","gid":"460363","time_insert":"2021-07-31 21:35"}
2023-11-19 16:11:26 查询号码 【1989676】，GSD为【"内蒙古-赤峰"】

2023-11-19 16:32:57 开始第 9765 次操作

2023-11-19 16:32:57 开始操作号码 【1989677】
2023-11-19 16:33:04 GSD getOne 第 1 次 等待 3 秒
2023-11-19 16:33:07 查询号码 【1989677】，返回信息 {"status":"ok","msg":"内蒙古-鄂尔多斯","gid":"460354","time_insert":"2021-07-31 21:34"}
2023-11-19 16:33:07 查询号码 【1989677】，GSD为【"内蒙古-鄂尔多斯"】

2023-11-19 16:33:08 开始第 9766 次操作

2023-11-19 16:33:08 开始操作号码 【1989678】
2023-11-19 16:33:12 GSD getOne 第 1 次 等待 3 秒
2023-11-19 16:33:15 查询号码 【1989678】，返回信息 {"status":"ok","msg":"内蒙古-巴彦淖尔","gid":"460347","time_insert":"2021-07-31 21:33"}
2023-11-19 16:33:15 查询号码 【1989678】，GSD为【"内蒙古-巴彦淖尔"】

2023-11-19 16:33:16 开始第 9767 次操作

2023-11-19 16:33:16 开始操作号码 【1989679】
2023-11-19 16:33:23 GSD getOne 第 1 次 等待 3 秒
2023-11-19 16:33:26 查询号码 【1989679】，返回信息 {"status":"ok","msg":"内蒙古-锡林郭勒","gid":"460335","time_insert":"2021-07-31 21:32"}
2023-11-19 16:33:26 查询号码 【1989679】，GSD为【"内蒙古-锡林郭勒"】

2023-11-19 16:33:27 开始第 9768 次操作

2023-11-19 16:33:27 开始操作号码 【1989680】
2023-11-19 16:33:30 GSD getOne 第 1 次 等待 3 秒
2023-11-19 16:33:33 查询号码 【1989680】，返回信息 {"status":"ok","msg":"广东-中山","gid":"460326","time_insert":"2021-07-31 21:31"}
2023-11-19 16:33:33 查询号码 【1989680】，GSD为【"广东-中山"】

2023-11-19 17:08:27 开始第 9769 次操作

2023-11-19 17:08:27 开始操作号码 【1989681】
2023-11-19 17:08:30 GSD getOne 第 1 次 等待 3 秒
2023-11-19 17:08:33 查询号码 【1989681】，返回信息 {"status":"ok","msg":"广东-揭阳","gid":"460315","time_insert":"2021-07-31 21:30"}
2023-11-19 17:08:33 查询号码 【1989681】，GSD为【"广东-揭阳"】

2023-11-19 17:08:34 开始第 9770 次操作

2023-11-19 17:08:34 开始操作号码 【1989682】
2023-11-19 17:08:38 GSD getOne 第 1 次 等待 3 秒
2023-11-19 17:08:41 查询号码 【1989682】，返回信息 {"status":"ok","msg":"广东-梅州","gid":"460298","time_insert":"2021-07-31 21:28"}
2023-11-19 17:08:41 查询号码 【1989682】，GSD为【"广东-梅州"】

2023-11-19 17:08:42 开始第 9771 次操作

2023-11-19 17:08:42 开始操作号码 【1989683】
2023-11-19 17:08:46 GSD getOne 第 1 次 等待 3 秒
2023-11-19 17:08:49 查询号码 【1989683】，返回信息 {"status":"ok","msg":"广东-江门","gid":"460291","time_insert":"2021-07-31 21:27"}
2023-11-19 17:08:49 查询号码 【1989683】，GSD为【"广东-江门"】

2023-11-19 17:08:50 开始第 9772 次操作

2023-11-19 17:08:50 开始操作号码 【1989684】
2023-11-19 17:08:53 GSD getOne 第 1 次 等待 3 秒
2023-11-19 17:08:56 查询号码 【1989684】，返回信息 {"status":"ok","msg":"广东-广州","gid":"460281","time_insert":"2021-07-31 21:26"}
2023-11-19 17:08:56 查询号码 【1989684】，GSD为【"广东-广州"】

2023-11-19 17:33:07 开始第 9773 次操作

2023-11-19 17:33:07 开始操作号码 【1989685】
2023-11-19 17:33:12 GSD getOne 第 1 次 等待 3 秒
2023-11-19 17:33:15 查询号码 【1989685】，返回信息 {"status":"ok","msg":"广东-惠州","gid":"460273","time_insert":"2021-07-31 21:25"}
2023-11-19 17:33:15 查询号码 【1989685】，GSD为【"广东-惠州"】

2023-11-19 17:33:16 开始第 9774 次操作

2023-11-19 17:33:16 开始操作号码 【1989686】
2023-11-19 17:33:21 GSD getOne 第 1 次 等待 3 秒
2023-11-19 17:33:24 查询号码 【1989686】，返回信息 {"status":"ok","msg":"广东-湛江","gid":"460264","time_insert":"2021-07-31 21:25"}
2023-11-19 17:33:24 查询号码 【1989686】，GSD为【"广东-湛江"】

2023-11-19 17:33:25 开始第 9775 次操作

2023-11-19 17:33:25 开始操作号码 【1989687】
2023-11-19 17:33:29 GSD getOne 第 1 次 等待 3 秒
2023-11-19 17:33:32 查询号码 【1989687】，返回信息 {"status":"ok","msg":"广东-深圳","gid":"460259","time_insert":"2021-07-31 21:24"}
2023-11-19 17:33:33 查询号码 【1989687】，GSD为【"广东-深圳"】

2023-11-19 17:33:34 开始第 9776 次操作

2023-11-19 17:33:34 开始操作号码 【1989688】
2023-11-19 17:33:37 GSD getOne 第 1 次 等待 3 秒
2023-11-19 17:33:40 查询号码 【1989688】，返回信息 {"status":"ok","msg":"广东-深圳","gid":"460249","time_insert":"2021-07-31 21:23"}
2023-11-19 17:33:40 查询号码 【1989688】，GSD为【"广东-深圳"】

2023-11-19 18:09:06 开始第 9777 次操作

2023-11-19 18:09:06 开始操作号码 【1989689】
2023-11-19 18:09:10 GSD getOne 第 1 次 等待 3 秒
2023-11-19 18:09:13 查询号码 【1989689】，返回信息 {"status":"ok","msg":"广东-佛山","gid":"460239","time_insert":"2021-07-31 21:22"}
2023-11-19 18:09:13 查询号码 【1989689】，GSD为【"广东-佛山"】

2023-11-19 18:09:14 开始第 9778 次操作

2023-11-19 18:09:14 开始操作号码 【1989690】
2023-11-19 18:09:18 GSD getOne 第 1 次 等待 3 秒
2023-11-19 18:09:21 查询号码 【1989690】，返回信息 {"status":"ok","msg":"广东-韶关","gid":"460228","time_insert":"2021-07-31 21:21"}
2023-11-19 18:09:21 查询号码 【1989690】，GSD为【"广东-韶关"】

2023-11-19 18:09:22 开始第 9779 次操作

2023-11-19 18:09:22 开始操作号码 【1989691】
2023-11-19 18:09:25 GSD getOne 第 1 次 等待 3 秒
2023-11-19 18:09:28 查询号码 【1989691】，返回信息 {"status":"ok","msg":"广东-清远","gid":"460216","time_insert":"2021-07-31 21:20"}
2023-11-19 18:09:28 查询号码 【1989691】，GSD为【"广东-清远"】

2023-11-19 18:09:29 开始第 9780 次操作

2023-11-19 18:09:29 开始操作号码 【1989692】
2023-11-19 18:09:32 GSD getOne 第 1 次 等待 3 秒
2023-11-19 18:09:35 查询号码 【1989692】，返回信息 {"status":"ok","msg":"广东-肇庆","gid":"460206","time_insert":"2021-07-31 21:19"}
2023-11-19 18:09:35 查询号码 【1989692】，GSD为【"广东-肇庆"】

2023-11-19 18:33:00 开始第 9781 次操作

2023-11-19 18:33:00 开始操作号码 【1989693】
2023-11-19 18:33:13 GSD getOne 第 1 次 等待 3 秒
2023-11-19 18:33:16 查询号码 【1989693】，返回信息 {"status":"ok","msg":"广东-汕头","gid":"460195","time_insert":"2021-07-31 21:18"}
2023-11-19 18:33:16 查询号码 【1989693】，GSD为【"广东-汕头"】

2023-11-19 18:33:17 开始第 9782 次操作

2023-11-19 18:33:17 开始操作号码 【1989694】
2023-11-19 18:33:21 GSD getOne 第 1 次 等待 3 秒
2023-11-19 18:33:24 查询号码 【1989694】，返回信息 {"status":"ok","msg":"广东-广州","gid":"460181","time_insert":"2021-07-31 21:17"}
2023-11-19 18:33:24 查询号码 【1989694】，GSD为【"广东-广州"】

2023-11-19 18:33:25 开始第 9783 次操作

2023-11-19 18:33:25 开始操作号码 【1989695】
2023-11-19 18:33:28 GSD getOne 第 1 次 等待 3 秒
2023-11-19 18:33:31 查询号码 【1989695】，返回信息 {"status":"ok","msg":"广东-茂名","gid":"460166","time_insert":"2021-07-31 21:16"}
2023-11-19 18:33:31 查询号码 【1989695】，GSD为【"广东-茂名"】

2023-11-19 18:33:32 开始第 9784 次操作

2023-11-19 18:33:32 开始操作号码 【1989696】
2023-11-19 18:33:39 GSD getOne 第 1 次 等待 3 秒
2023-11-19 18:33:42 查询号码 【1989696】，返回信息 {"status":"ok","msg":"广东-潮州","gid":"460154","time_insert":"2021-07-31 21:15"}
2023-11-19 18:33:42 查询号码 【1989696】，GSD为【"广东-潮州"】

2023-11-19 19:06:47 开始第 9785 次操作

2023-11-19 19:06:47 开始操作号码 【1989697】
2023-11-19 19:06:54 GSD getOne 第 1 次 等待 3 秒
2023-11-19 19:06:57 查询号码 【1989697】，返回信息 {"status":"ok","msg":"广东-深圳","gid":"460143","time_insert":"2021-07-31 21:15"}
2023-11-19 19:06:57 查询号码 【1989697】，GSD为【"广东-深圳"】

2023-11-19 19:06:58 开始第 9786 次操作

2023-11-19 19:06:58 开始操作号码 【1989698】
2023-11-19 19:07:01 GSD getOne 第 1 次 等待 3 秒
2023-11-19 19:07:04 查询号码 【1989698】，返回信息 {"status":"ok","msg":"广东-东莞","gid":"460129","time_insert":"2021-07-31 21:14"}
2023-11-19 19:07:04 查询号码 【1989698】，GSD为【"广东-东莞"】

2023-11-19 19:07:05 开始第 9787 次操作

2023-11-19 19:07:05 开始操作号码 【1989699】
2023-11-19 19:07:09 GSD getOne 第 1 次 等待 3 秒
2023-11-19 19:07:12 查询号码 【1989699】，返回信息 {"status":"ok","msg":"广东-深圳","gid":"460118","time_insert":"2021-07-31 21:13"}
2023-11-19 19:07:12 查询号码 【1989699】，GSD为【"广东-深圳"】

2023-11-19 19:07:13 开始第 9788 次操作

2023-11-19 19:07:13 开始操作号码 【1989700】
2023-11-19 19:07:19 GSD getOne 第 1 次 等待 3 秒
2023-11-19 19:07:22 查询号码 【1989700】，返回信息 {"status":"ok","msg":"青海-西宁","gid":"460106","time_insert":"2021-07-31 21:12"}
2023-11-19 19:07:22 查询号码 【1989700】，GSD为【"青海-西宁"】

2023-11-19 19:32:59 开始第 9789 次操作

2023-11-19 19:32:59 开始操作号码 【1989701】
2023-11-19 19:33:04 GSD getOne 第 1 次 等待 3 秒
2023-11-19 19:33:07 查询号码 【1989701】，返回信息 {"status":"ok","msg":"青海-西宁","gid":"460094","time_insert":"2021-07-31 21:11"}
2023-11-19 19:33:07 查询号码 【1989701】，GSD为【"青海-西宁"】

2023-11-19 19:33:08 开始第 9790 次操作

2023-11-19 19:33:08 开始操作号码 【1989702】
2023-11-19 19:33:12 GSD getOne 第 1 次 等待 3 秒
2023-11-19 19:33:15 查询号码 【1989702】，返回信息 {"status":"ok","msg":"青海-海东","gid":"460079","time_insert":"2021-07-31 21:10"}
2023-11-19 19:33:15 查询号码 【1989702】，GSD为【"青海-海东"】

2023-11-19 19:33:16 开始第 9791 次操作

2023-11-19 19:33:16 开始操作号码 【1989703】
2023-11-19 19:33:24 GSD getOne 第 1 次 等待 3 秒
2023-11-19 19:33:27 查询号码 【1989703】，返回信息 {"status":"ok","msg":"青海-海东","gid":"460064","time_insert":"2021-07-31 21:09"}
2023-11-19 19:33:27 查询号码 【1989703】，GSD为【"青海-海东"】

2023-11-19 19:33:28 开始第 9792 次操作

2023-11-19 19:33:28 开始操作号码 【1989704】
2023-11-19 19:33:36 GSD getOne 第 1 次 等待 3 秒
2023-11-19 19:33:39 查询号码 【1989704】，返回信息 {"status":"ok","msg":"青海-海东","gid":"460054","time_insert":"2021-07-31 21:08"}
2023-11-19 19:33:39 查询号码 【1989704】，GSD为【"青海-海东"】

2023-11-19 20:15:00 开始第 9793 次操作

2023-11-19 20:15:00 开始操作号码 【1989705】
2023-11-19 20:15:05 GSD getOne 第 1 次 等待 3 秒
2023-11-19 20:15:08 查询号码 【1989705】，返回信息 {"status":"ok","msg":"青海-海南","gid":"460046","time_insert":"2021-07-31 21:07"}
2023-11-19 20:15:08 查询号码 【1989705】，GSD为【"青海-海南"】

2023-11-19 20:15:09 开始第 9794 次操作

2023-11-19 20:15:09 开始操作号码 【1989706】
2023-11-19 20:15:13 GSD getOne 第 1 次 等待 3 秒
2023-11-19 20:15:16 查询号码 【1989706】，返回信息 {"status":"ok","msg":"青海-西宁","gid":"460034","time_insert":"2021-07-31 21:06"}
2023-11-19 20:15:16 查询号码 【1989706】，GSD为【"青海-西宁"】

2023-11-19 20:15:17 开始第 9795 次操作

2023-11-19 20:15:17 开始操作号码 【1989707】
2023-11-19 20:15:26 GSD getOne 第 1 次 等待 3 秒
2023-11-19 20:15:29 查询号码 【1989707】，返回信息 {"status":"ok","msg":"青海-西宁","gid":"460020","time_insert":"2021-07-31 21:05"}
2023-11-19 20:15:29 查询号码 【1989707】，GSD为【"青海-西宁"】

2023-11-19 20:15:30 开始第 9796 次操作

2023-11-19 20:15:30 开始操作号码 【1989708】
2023-11-19 20:15:36 GSD getOne 第 1 次 等待 3 秒
2023-11-19 20:15:39 查询号码 【1989708】，返回信息 {"status":"ok","msg":"青海-西宁","gid":"460008","time_insert":"2021-07-31 21:04"}
2023-11-19 20:15:39 查询号码 【1989708】，GSD为【"青海-西宁"】

2023-11-19 20:45:43 开始第 9797 次操作

2023-11-19 20:45:43 开始操作号码 【1989709】
2023-11-19 20:45:49 GSD getOne 第 1 次 等待 3 秒
2023-11-19 20:45:52 查询号码 【1989709】，返回信息 {"status":"ok","msg":"青海-西宁","gid":"459995","time_insert":"2021-07-31 21:03"}
2023-11-19 20:45:52 查询号码 【1989709】，GSD为【"青海-西宁"】

2023-11-19 20:45:53 开始第 9798 次操作

2023-11-19 20:45:53 开始操作号码 【1989710】
2023-11-19 20:45:57 GSD getOne 第 1 次 等待 3 秒
2023-11-19 20:46:00 查询号码 【1989710】，返回信息 {"status":"ok","msg":"青海-海北","gid":"459985","time_insert":"2021-07-31 21:02"}
2023-11-19 20:46:00 查询号码 【1989710】，GSD为【"青海-海北"】

2023-11-19 20:46:01 开始第 9799 次操作

2023-11-19 20:46:01 开始操作号码 【1989711】
2023-11-19 20:46:05 GSD getOne 第 1 次 等待 3 秒
2023-11-19 20:46:08 查询号码 【1989711】，返回信息 {"status":"ok","msg":"青海-西宁","gid":"459975","time_insert":"2021-07-31 21:02"}
2023-11-19 20:46:08 查询号码 【1989711】，GSD为【"青海-西宁"】

2023-11-19 20:46:09 开始第 9800 次操作

2023-11-19 20:46:09 开始操作号码 【1989712】
2023-11-19 20:46:13 GSD getOne 第 1 次 等待 3 秒
2023-11-19 20:46:16 查询号码 【1989712】，返回信息 {"status":"ok","msg":"青海-海东","gid":"459964","time_insert":"2021-07-31 21:01"}
2023-11-19 20:46:16 查询号码 【1989712】，GSD为【"青海-海东"】

2023-11-19 21:09:36 开始第 9801 次操作

2023-11-19 21:09:36 开始操作号码 【1989713】
2023-11-19 21:09:42 GSD getOne 第 1 次 等待 3 秒
2023-11-19 21:09:45 查询号码 【1989713】，返回信息 {"status":"ok","msg":"青海-海东","gid":"459952","time_insert":"2021-07-31 21:00"}
2023-11-19 21:09:45 查询号码 【1989713】，GSD为【"青海-海东"】

2023-11-19 21:09:46 开始第 9802 次操作

2023-11-19 21:09:46 开始操作号码 【1989714】
2023-11-19 21:09:49 GSD getOne 第 1 次 等待 3 秒
2023-11-19 21:09:52 查询号码 【1989714】，返回信息 {"status":"ok","msg":"青海-西宁","gid":"459943","time_insert":"2021-07-31 20:59"}
2023-11-19 21:09:52 查询号码 【1989714】，GSD为【"青海-西宁"】

2023-11-19 21:09:53 开始第 9803 次操作

2023-11-19 21:09:53 开始操作号码 【1989715】
2023-11-19 21:09:57 GSD getOne 第 1 次 等待 3 秒
2023-11-19 21:10:00 查询号码 【1989715】，返回信息 {"status":"ok","msg":"青海-果洛","gid":"459933","time_insert":"2021-07-31 20:58"}
2023-11-19 21:10:00 查询号码 【1989715】，GSD为【"青海-果洛"】

2023-11-19 21:10:01 开始第 9804 次操作

2023-11-19 21:10:01 开始操作号码 【1989716】
2023-11-19 21:10:04 GSD getOne 第 1 次 等待 3 秒
2023-11-19 21:10:07 查询号码 【1989716】，返回信息 {"status":"ok","msg":"青海-西宁","gid":"459778","time_insert":"2021-07-31 20:13"}
2023-11-19 21:10:07 查询号码 【1989716】，GSD为【"青海-西宁"】

2023-11-19 21:32:54 开始第 9805 次操作

2023-11-19 21:32:54 开始操作号码 【1989717】
2023-11-19 21:34:08 GSD getOne 第 1 次 等待 3 秒
2023-11-19 21:44:32 GSD getOne 第 2 次 等待 3 秒
2023-11-19 21:45:04 GSD getOne 第 3 次 等待 3 秒
2023-11-19 21:45:07 查询号码 【1989717】，返回信息 {"status":"ok","msg":"青海-黄南","gid":"459773","time_insert":"2021-07-31 20:12"}
2023-11-19 21:45:07 查询号码 【1989717】，GSD为【"青海-黄南"】

2023-11-19 21:45:08 开始第 9806 次操作

2023-11-19 21:45:08 开始操作号码 【1989718】
2023-11-19 21:50:09 GSD getOne 第 1 次 等待 3 秒
2023-11-19 21:52:23 GSD getOne 第 2 次 等待 3 秒
2023-11-19 21:57:26 GSD getOne 第 3 次 等待 3 秒
2023-11-19 21:59:39 GSD getOne 第 4 次 等待 3 秒
2023-11-19 21:59:54 GSD getOne 第 5 次 等待 3 秒
2023-11-19 21:59:57 查询号码 【1989718】，返回信息 {"status":"ok","msg":"青海-西宁","gid":"459769","time_insert":"2021-07-31 20:12"}
2023-11-19 21:59:57 查询号码 【1989718】，GSD为【"青海-西宁"】

2023-11-19 21:59:58 开始第 9807 次操作

2023-11-19 21:59:58 开始操作号码 【1989719】
2023-11-19 22:00:22 GSD getOne 第 1 次 等待 3 秒
2023-11-19 22:00:25 查询号码 【1989719】，返回信息 {"status":"ok","msg":"青海-西宁","gid":"459765","time_insert":"2021-07-31 20:11"}
2023-11-19 22:00:25 查询号码 【1989719】，GSD为【"青海-西宁"】

2023-11-19 22:00:26 开始第 9808 次操作

2023-11-19 22:00:26 开始操作号码 【1989720】
2023-11-19 22:00:44 GSD getOne 第 1 次 等待 3 秒
2023-11-19 22:00:47 查询号码 【1989720】，返回信息 {"status":"ok","msg":"青海-海南","gid":"459758","time_insert":"2021-07-31 20:11"}
2023-11-19 22:00:47 查询号码 【1989720】，GSD为【"青海-海南"】

2023-11-19 22:07:49 开始第 9809 次操作

2023-11-19 22:07:49 开始操作号码 【1989721】
2023-11-19 22:07:53 GSD getOne 第 1 次 等待 3 秒
2023-11-19 22:07:56 查询号码 【1989721】，返回信息 {"status":"ok","msg":"青海-西宁","gid":"459751","time_insert":"2021-07-31 20:10"}
2023-11-19 22:07:56 查询号码 【1989721】，GSD为【"青海-西宁"】

2023-11-19 22:07:57 开始第 9810 次操作

2023-11-19 22:07:57 开始操作号码 【1989722】
2023-11-19 22:08:03 GSD getOne 第 1 次 等待 3 秒
2023-11-19 22:08:06 查询号码 【1989722】，返回信息 {"status":"ok","msg":"青海-海东","gid":"459748","time_insert":"2021-07-31 20:09"}
2023-11-19 22:08:06 查询号码 【1989722】，GSD为【"青海-海东"】

2023-11-19 22:08:07 开始第 9811 次操作

2023-11-19 22:08:07 开始操作号码 【1989723】
2023-11-19 22:08:13 GSD getOne 第 1 次 等待 3 秒
2023-11-19 22:08:16 查询号码 【1989723】，返回信息 {"status":"ok","msg":"青海-海东","gid":"459741","time_insert":"2021-07-31 20:09"}
2023-11-19 22:08:16 查询号码 【1989723】，GSD为【"青海-海东"】

2023-11-19 22:08:17 开始第 9812 次操作

2023-11-19 22:08:17 开始操作号码 【1989724】
2023-11-19 22:08:20 GSD getOne 第 1 次 等待 3 秒
2023-11-19 22:08:23 查询号码 【1989724】，返回信息 {"status":"ok","msg":"青海-海南","gid":"459734","time_insert":"2021-07-31 20:08"}
2023-11-19 22:08:23 查询号码 【1989724】，GSD为【"青海-海南"】

2023-11-19 22:33:00 开始第 9813 次操作

2023-11-19 22:33:00 开始操作号码 【1989725】
2023-11-19 22:33:04 GSD getOne 第 1 次 等待 3 秒
2023-11-19 22:33:07 查询号码 【1989725】，返回信息 {"status":"ok","msg":"青海-玉树","gid":"459728","time_insert":"2021-07-31 20:07"}
2023-11-19 22:33:07 查询号码 【1989725】，GSD为【"青海-玉树"】

2023-11-19 22:33:08 开始第 9814 次操作

2023-11-19 22:33:08 开始操作号码 【1989726】
2023-11-19 22:33:13 GSD getOne 第 1 次 等待 3 秒
2023-11-19 22:33:16 查询号码 【1989726】，返回信息 {"status":"ok","msg":"青海-西宁","gid":"459721","time_insert":"2021-07-31 20:07"}
2023-11-19 22:33:16 查询号码 【1989726】，GSD为【"青海-西宁"】

2023-11-19 22:33:17 开始第 9815 次操作

2023-11-19 22:33:17 开始操作号码 【1989727】
2023-11-19 22:33:21 GSD getOne 第 1 次 等待 3 秒
2023-11-19 22:33:24 查询号码 【1989727】，返回信息 {"status":"ok","msg":"青海-海西","gid":"459711","time_insert":"2021-07-31 20:06"}
2023-11-19 22:33:25 查询号码 【1989727】，GSD为【"青海-海西"】

2023-11-19 22:33:26 开始第 9816 次操作

2023-11-19 22:33:26 开始操作号码 【1989728】
2023-11-19 22:33:29 GSD getOne 第 1 次 等待 3 秒
2023-11-19 22:33:32 查询号码 【1989728】，返回信息 {"status":"ok","msg":"青海-西宁","gid":"459704","time_insert":"2021-07-31 20:06"}
2023-11-19 22:33:32 查询号码 【1989728】，GSD为【"青海-西宁"】

2023-11-19 23:08:13 开始第 9817 次操作

2023-11-19 23:08:13 开始操作号码 【1989729】
2023-11-19 23:08:17 GSD getOne 第 1 次 等待 3 秒
2023-11-19 23:08:20 查询号码 【1989729】，返回信息 {"status":"ok","msg":"青海-格尔木","gid":"459697","time_insert":"2021-07-31 20:05"}
2023-11-19 23:08:20 查询号码 【1989729】，GSD为【"青海-格尔木"】

2023-11-19 23:08:21 开始第 9818 次操作

2023-11-19 23:08:21 开始操作号码 【1989730】
2023-11-19 23:08:24 GSD getOne 第 1 次 等待 3 秒
2023-11-19 23:08:27 查询号码 【1989730】，返回信息 {"status":"ok","msg":"广西-来宾","gid":"459687","time_insert":"2021-07-31 20:04"}
2023-11-19 23:08:27 查询号码 【1989730】，GSD为【"广西-来宾"】

2023-11-19 23:08:28 开始第 9819 次操作

2023-11-19 23:08:28 开始操作号码 【1989731】
2023-11-19 23:08:33 GSD getOne 第 1 次 等待 3 秒
2023-11-19 23:08:36 查询号码 【1989731】，返回信息 {"status":"ok","msg":"广西-来宾","gid":"459678","time_insert":"2021-07-31 20:04"}
2023-11-19 23:08:36 查询号码 【1989731】，GSD为【"广西-来宾"】

2023-11-19 23:08:37 开始第 9820 次操作

2023-11-19 23:08:37 开始操作号码 【1989732】
2023-11-19 23:08:41 GSD getOne 第 1 次 等待 3 秒
2023-11-19 23:08:44 查询号码 【1989732】，返回信息 {"status":"ok","msg":"广西-来宾","gid":"459670","time_insert":"2021-07-31 20:03"}
2023-11-19 23:08:44 查询号码 【1989732】，GSD为【"广西-来宾"】

2023-11-19 23:33:00 开始第 9821 次操作

2023-11-19 23:33:00 开始操作号码 【1989733】
2023-11-19 23:33:03 GSD getOne 第 1 次 等待 3 秒
2023-11-19 23:33:06 查询号码 【1989733】，返回信息 {"status":"ok","msg":"广西-来宾","gid":"459662","time_insert":"2021-07-31 20:02"}
2023-11-19 23:33:06 查询号码 【1989733】，GSD为【"广西-来宾"】

2023-11-19 23:33:07 开始第 9822 次操作

2023-11-19 23:33:07 开始操作号码 【1989734】
2023-11-19 23:33:12 GSD getOne 第 1 次 等待 3 秒
2023-11-19 23:33:15 查询号码 【1989734】，返回信息 {"status":"ok","msg":"广西-来宾","gid":"459655","time_insert":"2021-07-31 20:02"}
2023-11-19 23:33:15 查询号码 【1989734】，GSD为【"广西-来宾"】

2023-11-19 23:33:16 开始第 9823 次操作

2023-11-19 23:33:16 开始操作号码 【1989735】
2023-11-19 23:33:23 GSD getOne 第 1 次 等待 3 秒
2023-11-19 23:33:26 查询号码 【1989735】，返回信息 {"status":"ok","msg":"广西-来宾","gid":"459647","time_insert":"2021-07-31 20:01"}
2023-11-19 23:33:27 查询号码 【1989735】，GSD为【"广西-来宾"】

2023-11-19 23:33:28 开始第 9824 次操作

2023-11-19 23:33:28 开始操作号码 【1989736】
2023-11-19 23:33:34 GSD getOne 第 1 次 等待 3 秒
2023-11-19 23:33:37 查询号码 【1989736】，返回信息 {"status":"ok","msg":"广西-百色","gid":"459563","time_insert":"2021-07-31 19:50","time_update":"2021-08-15 17:25"}
2023-11-19 23:33:37 查询号码 【1989736】，GSD为【"广西-百色"】

