2024-02-09 00:11:01 开始第 2721 次操作

2024-02-09 00:11:01 开始操作号码 【1772634】
2024-02-09 00:11:06 GSD getOne 第 1 次 等待 3 秒
2024-02-09 00:11:09 查询号码 【1772634】，返回信息 {"status":"ok","msg":"四川-南充","gid":"30573","time_insert":"2020-06-05 13:38","time_update":"2020-10-30 10:45"}
2024-02-09 00:11:09 查询号码 【1772634】，GSD为【"四川-南充"】

2024-02-09 00:11:10 开始第 2722 次操作

2024-02-09 00:11:10 开始操作号码 【1772635】
2024-02-09 00:11:14 GSD getOne 第 1 次 等待 3 秒
2024-02-09 00:11:17 查询号码 【1772635】，返回信息 {"status":"ok","msg":"四川-南充","gid":"30574","time_insert":"2018-10-31 20:31","time_update":"2020-10-30 10:50"}
2024-02-09 00:11:17 查询号码 【1772635】，GSD为【"四川-南充"】

2024-02-09 00:11:18 开始第 2723 次操作

2024-02-09 00:11:18 开始操作号码 【1772636】
2024-02-09 00:11:22 GSD getOne 第 1 次 等待 3 秒
2024-02-09 00:11:25 查询号码 【1772636】，返回信息 {"status":"ok","msg":"四川-南充","gid":"30575","time_insert":"2017-06-25 08:34","time_update":"2020-10-30 10:54"}
2024-02-09 00:11:25 查询号码 【1772636】，GSD为【"四川-南充"】

2024-02-09 00:11:26 开始第 2724 次操作

2024-02-09 00:11:26 开始操作号码 【1772637】
2024-02-09 00:11:30 GSD getOne 第 1 次 等待 3 秒
2024-02-09 00:11:33 查询号码 【1772637】，返回信息 {"status":"ok","msg":"四川-南充","gid":"30576","time_insert":"2017-06-29 09:25","time_update":"2020-10-30 10:58"}
2024-02-09 00:11:33 查询号码 【1772637】，GSD为【"四川-南充"】

