2024-03-07 00:10:56 开始第 7641 次操作

2024-03-07 00:10:56 开始操作号码 【1777554】
2024-03-07 00:11:00 GSD getOne 第 1 次 等待 3 秒
2024-03-07 00:11:03 查询号码 【1777554】，返回信息 {"status":"ok","msg":"四川-绵阳","gid":"227894","time_insert":"2021-07-09 03:49"}
2024-03-07 00:11:03 查询号码 【1777554】，GSD为【"四川-绵阳"】

2024-03-07 00:11:04 开始第 7642 次操作

2024-03-07 00:11:04 开始操作号码 【1777555】
2024-03-07 00:11:08 GSD getOne 第 1 次 等待 3 秒
2024-03-07 00:11:11 查询号码 【1777555】，返回信息 {"status":"ok","msg":"四川-绵阳","gid":"227880","time_insert":"2021-07-09 03:49"}
2024-03-07 00:11:11 查询号码 【1777555】，GSD为【"四川-绵阳"】

2024-03-07 00:11:12 开始第 7643 次操作

2024-03-07 00:11:12 开始操作号码 【1777556】
2024-03-07 00:11:17 GSD getOne 第 1 次 等待 3 秒
2024-03-07 00:11:20 查询号码 【1777556】，返回信息 {"status":"ok","msg":"四川-成都","gid":"227870","time_insert":"2021-07-09 03:48"}
2024-03-07 00:11:20 查询号码 【1777556】，GSD为【"四川-成都"】

2024-03-07 00:11:21 开始第 7644 次操作

2024-03-07 00:11:21 开始操作号码 【1777557】
2024-03-07 00:11:25 GSD getOne 第 1 次 等待 3 秒
2024-03-07 00:11:28 查询号码 【1777557】，返回信息 {"status":"ok","msg":"四川-成都","gid":"227854","time_insert":"2021-07-09 03:47"}
2024-03-07 00:11:28 查询号码 【1777557】，GSD为【"四川-成都"】

