2024-09-15 00:11:48 开始第 4713 次操作

2024-09-15 00:11:48 开始操作号码 【1444710】
2024-09-15 00:12:00 GSD getOne 第 1 次 等待 3 秒
2024-09-15 00:12:03 查询号码 【1444710】，返回信息 {"status":"ok","msg":"-","gid":"619623","time_insert":"2023-03-28 08:59"}
2024-09-15 00:12:03 查询号码 【1444710】，GSD为【"-"】
2024-09-15 00:12:03 ok && -
2024-09-15 00:12:06 CHB 1444710?1726330323 第 1 次 等待 3 秒
2024-09-15 00:12:09 CHB 1444710?1726330323 第 1 次 获取到号码【1444710】GSD
2024-09-15 00:12:09 未获取到号码【1444710】GSD，可能号码格式错误
2024-09-15 00:12:09 获取到号码【1444710】的GSD为【-】
2024-09-15 00:12:20 GSD insert 第 1 次 等待 3 秒
2024-09-15 00:12:23 {"status":"bad","gid":"619623","msg":"添加失败！号码【1444710(-|-)】已存在！"}
2024-09-15 00:12:23 随机等待 169 秒，约 2 分钟
2024-09-15 00:12:23 下次操作: 2024-09-15 00:15:12

2024-09-15 00:15:12 开始第 4714 次操作

2024-09-15 00:15:12 开始操作号码 【1444711】
2024-09-15 00:15:19 GSD getOne 第 1 次 等待 3 秒
2024-09-15 00:15:22 查询号码 【1444711】，返回信息 {"status":"ok","msg":"-","gid":"619643","time_insert":"2023-03-28 09:17"}
2024-09-15 00:15:22 查询号码 【1444711】，GSD为【"-"】
2024-09-15 00:15:22 ok && -
2024-09-15 00:15:26 CHB 1444711?1726330522 第 1 次 等待 3 秒
2024-09-15 00:15:29 CHB 1444711?1726330522 第 1 次 获取到号码【1444711】GSD
2024-09-15 00:15:29 未获取到号码【1444711】GSD，可能号码格式错误
2024-09-15 00:15:29 获取到号码【1444711】的GSD为【-】
2024-09-15 00:15:37 GSD insert 第 1 次 等待 3 秒
2024-09-15 00:15:40 {"status":"bad","gid":"619643","msg":"添加失败！号码【1444711(-|-)】已存在！"}
2024-09-15 00:15:40 随机等待 187 秒，约 3 分钟
2024-09-15 00:15:40 下次操作: 2024-09-15 00:18:47

2024-09-15 00:18:47 开始第 4715 次操作

2024-09-15 00:18:47 开始操作号码 【1444712】
2024-09-15 00:18:55 GSD getOne 第 1 次 等待 3 秒
2024-09-15 00:18:58 查询号码 【1444712】，返回信息 {"status":"ok","msg":"-","gid":"619651","time_insert":"2023-03-28 09:27"}
2024-09-15 00:18:58 查询号码 【1444712】，GSD为【"-"】
2024-09-15 00:18:58 ok && -
2024-09-15 00:19:00 CHB 1444712?1726330738 第 1 次 等待 3 秒
2024-09-15 00:19:03 CHB 1444712?1726330738 第 1 次 获取到号码【1444712】GSD
2024-09-15 00:19:03 未获取到号码【1444712】GSD，可能号码格式错误
2024-09-15 00:19:03 获取到号码【1444712】的GSD为【-】
2024-09-15 00:19:20 GSD insert 第 1 次 等待 3 秒
2024-09-15 00:19:23 {"status":"bad","gid":"619651","msg":"添加失败！号码【1444712(-|-)】已存在！"}
2024-09-15 00:19:23 随机等待 112 秒，约 1 分钟
2024-09-15 00:19:23 下次操作: 2024-09-15 00:21:15

2024-09-15 00:21:15 开始第 4716 次操作

2024-09-15 00:21:15 开始操作号码 【1444713】
2024-09-15 00:21:23 GSD getOne 第 1 次 等待 3 秒
2024-09-15 00:21:26 查询号码 【1444713】，返回信息 {"status":"ok","msg":"-","gid":"619669","time_insert":"2023-03-28 09:41"}
2024-09-15 00:21:26 查询号码 【1444713】，GSD为【"-"】
2024-09-15 00:21:26 ok && -
2024-09-15 00:21:29 CHB 1444713?1726330886 第 1 次 等待 3 秒
2024-09-15 00:21:32 CHB 1444713?1726330886 第 1 次 获取到号码【1444713】GSD
2024-09-15 00:21:32 未获取到号码【1444713】GSD，可能号码格式错误
2024-09-15 00:21:32 获取到号码【1444713】的GSD为【-】
2024-09-15 00:21:41 GSD insert 第 1 次 等待 3 秒
2024-09-15 00:21:44 {"status":"bad","gid":"619669","msg":"添加失败！号码【1444713(-|-)】已存在！"}

