2024-06-17 00:10:44 开始第 1593 次操作

2024-06-17 00:10:44 开始操作号码 【1551507】
2024-06-17 00:10:54 GSD getOne 第 1 次 等待 3 秒
2024-06-17 00:10:57 查询号码 【1551507】，返回信息 {"status":"ok","msg":"河南-安阳","gid":"115552","time_insert":"2021-06-23 00:11"}
2024-06-17 00:10:57 查询号码 【1551507】，GSD为【"河南-安阳"】

2024-06-17 00:10:58 开始第 1594 次操作

2024-06-17 00:10:58 开始操作号码 【1551508】
2024-06-17 00:11:08 GSD getOne 第 1 次 等待 3 秒
2024-06-17 00:11:11 查询号码 【1551508】，返回信息 {"status":"ok","msg":"河南-安阳","gid":"54430","time_insert":"2020-09-04 14:03"}
2024-06-17 00:11:11 查询号码 【1551508】，GSD为【"河南-安阳"】

2024-06-17 00:11:12 开始第 1595 次操作

2024-06-17 00:11:12 开始操作号码 【1551509】
2024-06-17 00:11:17 GSD getOne 第 1 次 等待 3 秒
2024-06-17 00:11:20 查询号码 【1551509】，返回信息 {"status":"ok","msg":"河南-安阳","gid":"115652","time_insert":"2021-06-23 00:30"}
2024-06-17 00:11:20 查询号码 【1551509】，GSD为【"河南-安阳"】

2024-06-17 00:11:21 开始第 1596 次操作

2024-06-17 00:11:21 开始操作号码 【1551510】
2024-06-17 00:11:31 GSD getOne 第 1 次 等待 3 秒
2024-06-17 00:11:34 查询号码 【1551510】，返回信息 {"status":"ok","msg":"河南-安阳","gid":"115678","time_insert":"2021-06-23 00:50"}
2024-06-17 00:11:34 查询号码 【1551510】，GSD为【"河南-安阳"】

