2024-10-10 00:13:03 开始第 9037 次操作

2024-10-10 00:13:03 开始操作号码 【1449031】
2024-10-10 00:13:05 GSD getOne 第 1 次 等待 3 秒
2024-10-10 00:13:08 查询号码 【1449031】，返回信息 {"status":"ok","msg":"-","gid":"679012","time_insert":"2023-04-26 18:53"}
2024-10-10 00:13:09 查询号码 【1449031】，GSD为【"-"】
2024-10-10 00:13:09 ok && -
2024-10-10 00:13:12 CHB 1449031?1728490389 第 1 次 等待 3 秒
2024-10-10 00:13:15 CHB 1449031?1728490389 第 1 次 获取到号码【1449031】GSD
2024-10-10 00:13:15 未获取到号码【1449031】GSD，可能号码格式错误
2024-10-10 00:13:15 获取到号码【1449031】的GSD为【-】
2024-10-10 00:13:17 GSD insert 第 1 次 等待 3 秒
2024-10-10 00:13:20 {"status":"bad","gid":"679012","msg":"添加失败！号码【1449031(-|-)】已存在！"}
2024-10-10 00:13:20 随机等待 221 秒，约 3 分钟
2024-10-10 00:13:20 下次操作: 2024-10-10 00:17:01

2024-10-10 00:17:01 开始第 9038 次操作

2024-10-10 00:17:01 开始操作号码 【1449032】
2024-10-10 00:17:03 GSD getOne 第 1 次 等待 3 秒
2024-10-10 00:17:06 查询号码 【1449032】，返回信息 {"status":"ok","msg":"-","gid":"679004","time_insert":"2023-04-26 18:48"}
2024-10-10 00:17:07 查询号码 【1449032】，GSD为【"-"】
2024-10-10 00:17:07 ok && -
2024-10-10 00:17:08 CHB 1449032?1728490627 第 1 次 等待 3 秒
2024-10-10 00:17:11 CHB 1449032?1728490627 第 1 次 获取到号码【1449032】GSD
2024-10-10 00:17:12 未获取到号码【1449032】GSD，可能号码格式错误
2024-10-10 00:17:12 获取到号码【1449032】的GSD为【-】
2024-10-10 00:17:13 GSD insert 第 1 次 等待 3 秒
2024-10-10 00:17:16 {"status":"bad","gid":"679004","msg":"添加失败！号码【1449032(-|-)】已存在！"}
2024-10-10 00:17:16 随机等待 180 秒，约 3 分钟
2024-10-10 00:17:16 下次操作: 2024-10-10 00:20:16

2024-10-10 00:20:16 开始第 9039 次操作

2024-10-10 00:20:16 开始操作号码 【1449033】
2024-10-10 00:20:18 GSD getOne 第 1 次 等待 3 秒
2024-10-10 00:20:21 查询号码 【1449033】，返回信息 {"status":"ok","msg":"-","gid":"678999","time_insert":"2023-04-26 18:46"}
2024-10-10 00:20:22 查询号码 【1449033】，GSD为【"-"】
2024-10-10 00:20:22 ok && -
2024-10-10 00:22:04 CHB 1449033?1728490822 第 1 次 等待 3 秒
2024-10-10 00:22:07 CHB 1449033?1728490822 第 1 次 获取到号码【1449033】GSD
2024-10-10 00:22:07 未获取到号码【1449033】GSD，可能号码格式错误
2024-10-10 00:22:07 获取到号码【1449033】的GSD为【-】
2024-10-10 00:22:09 GSD insert 第 1 次 等待 3 秒
2024-10-10 00:22:12 {"status":"bad","gid":"678999","msg":"添加失败！号码【1449033(-|-)】已存在！"}
2024-10-10 00:22:12 随机等待 98 秒，约 1 分钟
2024-10-10 00:22:12 下次操作: 2024-10-10 00:23:50

2024-10-10 00:23:50 开始第 9040 次操作

2024-10-10 00:23:50 开始操作号码 【1449034】
2024-10-10 00:23:56 GSD getOne 第 1 次 等待 3 秒
2024-10-10 00:23:59 查询号码 【1449034】，返回信息 {"status":"ok","msg":"-","gid":"678996","time_insert":"2023-04-26 18:44"}
2024-10-10 00:23:59 查询号码 【1449034】，GSD为【"-"】
2024-10-10 00:23:59 ok && -
2024-10-10 00:24:00 CHB 1449034?1728491039 第 1 次 等待 3 秒
2024-10-10 00:24:03 CHB 1449034?1728491039 第 1 次 获取到号码【1449034】GSD
2024-10-10 00:24:03 未获取到号码【1449034】GSD，可能号码格式错误
2024-10-10 00:24:03 获取到号码【1449034】的GSD为【-】
2024-10-10 00:24:05 GSD insert 第 1 次 等待 3 秒
2024-10-10 00:24:08 {"status":"bad","gid":"678996","msg":"添加失败！号码【1449034(-|-)】已存在！"}

