2023-10-02 00:09:48 开始第 1037 次操作

2023-10-02 00:09:48 开始操作号码 【1981036】
2023-10-02 00:09:51 GSD getOne 第 1 次 等待 3 秒
2023-10-02 00:09:54 查询号码 【1981036】，返回信息 {"status":"ok","msg":"北京-北京","gid":"471700","time_insert":"2021-08-01 21:20"}
2023-10-02 00:09:55 查询号码 【1981036】，GSD为【"北京-北京"】

2023-10-02 00:09:56 开始第 1038 次操作

2023-10-02 00:09:56 开始操作号码 【1981037】
2023-10-02 00:09:59 GSD getOne 第 1 次 等待 3 秒
2023-10-02 00:10:02 查询号码 【1981037】，返回信息 {"status":"ok","msg":"北京-北京","gid":"471739","time_insert":"2021-08-01 21:24"}
2023-10-02 00:10:02 查询号码 【1981037】，GSD为【"北京-北京"】

2023-10-02 00:10:03 开始第 1039 次操作

2023-10-02 00:10:03 开始操作号码 【1981038】
2023-10-02 00:10:06 GSD getOne 第 1 次 等待 3 秒
2023-10-02 00:10:09 查询号码 【1981038】，返回信息 {"status":"ok","msg":"北京-北京","gid":"471769","time_insert":"2021-08-01 21:29"}
2023-10-02 00:10:09 查询号码 【1981038】，GSD为【"北京-北京"】

2023-10-02 00:10:10 开始第 1040 次操作

2023-10-02 00:10:10 开始操作号码 【1981039】
2023-10-02 00:10:14 GSD getOne 第 1 次 等待 3 秒
2023-10-02 00:10:17 查询号码 【1981039】，返回信息 {"status":"ok","msg":"北京-北京","gid":"471792","time_insert":"2021-08-01 21:33"}
2023-10-02 00:10:17 查询号码 【1981039】，GSD为【"北京-北京"】

2023-10-02 00:34:16 开始第 1041 次操作

2023-10-02 00:34:16 开始操作号码 【1981040】
2023-10-02 00:34:19 GSD getOne 第 1 次 等待 3 秒
2023-10-02 00:34:22 查询号码 【1981040】，返回信息 {"status":"ok","msg":"北京-北京","gid":"471861","time_insert":"2021-08-01 21:40"}
2023-10-02 00:34:22 查询号码 【1981040】，GSD为【"北京-北京"】

2023-10-02 00:34:23 开始第 1042 次操作

2023-10-02 00:34:23 开始操作号码 【1981041】
2023-10-02 00:34:29 GSD getOne 第 1 次 等待 3 秒
2023-10-02 00:34:32 查询号码 【1981041】，返回信息 {"status":"ok","msg":"北京-北京","gid":"471916","time_insert":"2021-08-01 21:43"}
2023-10-02 00:34:32 查询号码 【1981041】，GSD为【"北京-北京"】

2023-10-02 00:34:33 开始第 1043 次操作

2023-10-02 00:34:33 开始操作号码 【1981042】
2023-10-02 00:34:35 GSD getOne 第 1 次 等待 3 秒
2023-10-02 00:34:39 查询号码 【1981042】，返回信息 {"status":"ok","msg":"北京-北京","gid":"472033","time_insert":"2021-08-01 21:50"}
2023-10-02 00:34:39 查询号码 【1981042】，GSD为【"北京-北京"】

2023-10-02 00:34:40 开始第 1044 次操作

2023-10-02 00:34:40 开始操作号码 【1981043】
2023-10-02 00:34:44 GSD getOne 第 1 次 等待 3 秒
2023-10-02 00:34:47 查询号码 【1981043】，返回信息 {"status":"ok","msg":"北京-北京","gid":"472084","time_insert":"2021-08-01 21:53"}
2023-10-02 00:34:47 查询号码 【1981043】，GSD为【"北京-北京"】

