2024-01-31 00:10:45 开始第 1065 次操作

2024-01-31 00:10:45 开始操作号码 【1770978】
2024-01-31 00:10:51 GSD getOne 第 1 次 等待 3 秒
2024-01-31 00:10:54 查询号码 【1770978】，返回信息 {"status":"ok","msg":"青海-西宁","gid":"273574","time_insert":"2021-07-14 11:20"}
2024-01-31 00:10:54 查询号码 【1770978】，GSD为【"青海-西宁"】

2024-01-31 00:10:55 开始第 1066 次操作

2024-01-31 00:10:55 开始操作号码 【1770979】
2024-01-31 00:11:00 GSD getOne 第 1 次 等待 3 秒
2024-01-31 00:11:03 查询号码 【1770979】，返回信息 {"status":"ok","msg":"青海-格尔木","gid":"273595","time_insert":"2021-07-14 11:32"}
2024-01-31 00:11:03 查询号码 【1770979】，GSD为【"青海-格尔木"】

2024-01-31 00:11:04 开始第 1067 次操作

2024-01-31 00:11:04 开始操作号码 【1770980】
2024-01-31 00:11:08 GSD getOne 第 1 次 等待 3 秒
2024-01-31 00:11:11 查询号码 【1770980】，返回信息 {"status":"ok","msg":"辽宁-鞍山","gid":"273633","time_insert":"2021-07-14 11:43"}
2024-01-31 00:11:11 查询号码 【1770980】，GSD为【"辽宁-鞍山"】

2024-01-31 00:11:12 开始第 1068 次操作

2024-01-31 00:11:12 开始操作号码 【1770981】
2024-01-31 00:11:16 GSD getOne 第 1 次 等待 3 秒
2024-01-31 00:11:20 查询号码 【1770981】，返回信息 {"status":"ok","msg":"辽宁-大连","gid":"273817","time_insert":"2021-07-14 11:54"}
2024-01-31 00:11:20 查询号码 【1770981】，GSD为【"辽宁-大连"】

2024-01-31 00:36:59 开始第 1069 次操作

2024-01-31 00:36:59 开始操作号码 【1770982】
2024-01-31 00:37:10 GSD getOne 第 1 次 等待 3 秒
2024-01-31 00:37:13 查询号码 【1770982】，返回信息 {"status":"ok","msg":"辽宁-大连","gid":"273881","time_insert":"2021-07-14 12:05"}
2024-01-31 00:37:13 查询号码 【1770982】，GSD为【"辽宁-大连"】

2024-01-31 00:37:14 开始第 1070 次操作

2024-01-31 00:37:14 开始操作号码 【1770983】
2024-01-31 00:37:18 GSD getOne 第 1 次 等待 3 秒
2024-01-31 00:37:21 查询号码 【1770983】，返回信息 {"status":"ok","msg":"辽宁-大连","gid":"273903","time_insert":"2021-07-14 12:16"}
2024-01-31 00:37:21 查询号码 【1770983】，GSD为【"辽宁-大连"】

2024-01-31 00:37:22 开始第 1071 次操作

2024-01-31 00:37:22 开始操作号码 【1770984】
2024-01-31 00:37:26 GSD getOne 第 1 次 等待 3 秒
2024-01-31 00:37:29 查询号码 【1770984】，返回信息 {"status":"ok","msg":"辽宁-大连","gid":"273931","time_insert":"2021-07-14 12:29"}
2024-01-31 00:37:29 查询号码 【1770984】，GSD为【"辽宁-大连"】

2024-01-31 00:37:30 开始第 1072 次操作

2024-01-31 00:37:30 开始操作号码 【1770985】
2024-01-31 00:37:36 GSD getOne 第 1 次 等待 3 秒
2024-01-31 00:37:39 查询号码 【1770985】，返回信息 {"status":"ok","msg":"辽宁-大连","gid":"273983","time_insert":"2021-07-14 12:42"}
2024-01-31 00:37:39 查询号码 【1770985】，GSD为【"辽宁-大连"】

2024-01-31 01:08:47 开始第 1073 次操作

2024-01-31 01:08:47 开始操作号码 【1770986】
2024-01-31 01:08:52 GSD getOne 第 1 次 等待 3 秒
2024-01-31 01:08:55 查询号码 【1770986】，返回信息 {"status":"ok","msg":"辽宁-大连","gid":"274138","time_insert":"2021-07-14 12:55"}
2024-01-31 01:08:55 查询号码 【1770986】，GSD为【"辽宁-大连"】

2024-01-31 01:08:56 开始第 1074 次操作

2024-01-31 01:08:56 开始操作号码 【1770987】
2024-01-31 01:09:00 GSD getOne 第 1 次 等待 3 秒
2024-01-31 01:09:03 查询号码 【1770987】，返回信息 {"status":"ok","msg":"辽宁-大连","gid":"274274","time_insert":"2021-07-14 13:10"}
2024-01-31 01:09:03 查询号码 【1770987】，GSD为【"辽宁-大连"】

2024-01-31 01:09:04 开始第 1075 次操作

2024-01-31 01:09:04 开始操作号码 【1770988】
2024-01-31 01:09:08 GSD getOne 第 1 次 等待 3 秒
2024-01-31 01:09:11 查询号码 【1770988】，返回信息 {"status":"ok","msg":"辽宁-大连","gid":"274297","time_insert":"2021-07-14 13:21"}
2024-01-31 01:09:11 查询号码 【1770988】，GSD为【"辽宁-大连"】

2024-01-31 01:09:12 开始第 1076 次操作

2024-01-31 01:09:12 开始操作号码 【1770989】
2024-01-31 01:09:17 GSD getOne 第 1 次 等待 3 秒
2024-01-31 01:09:20 查询号码 【1770989】，返回信息 {"status":"ok","msg":"辽宁-大连","gid":"274318","time_insert":"2021-07-14 13:33"}
2024-01-31 01:09:20 查询号码 【1770989】，GSD为【"辽宁-大连"】

2024-01-31 01:32:58 开始第 1077 次操作

2024-01-31 01:32:58 开始操作号码 【1770990】
2024-01-31 01:33:03 GSD getOne 第 1 次 等待 3 秒
2024-01-31 01:33:06 查询号码 【1770990】，返回信息 {"status":"ok","msg":"新疆-克拉玛依","gid":"30352","time_insert":"2018-07-06 15:17","time_update":"2020-12-22 11:29"}
2024-01-31 01:33:06 查询号码 【1770990】，GSD为【"新疆-克拉玛依"】

2024-01-31 01:33:07 开始第 1078 次操作

2024-01-31 01:33:07 开始操作号码 【1770991】
2024-01-31 01:33:11 GSD getOne 第 1 次 等待 3 秒
2024-01-31 01:33:14 查询号码 【1770991】，返回信息 {"status":"ok","msg":"新疆-乌鲁木齐","gid":"274573","time_insert":"2021-07-14 13:57"}
2024-01-31 01:33:14 查询号码 【1770991】，GSD为【"新疆-乌鲁木齐"】

2024-01-31 01:33:15 开始第 1079 次操作

2024-01-31 01:33:15 开始操作号码 【1770992】
2024-01-31 01:33:20 GSD getOne 第 1 次 等待 3 秒
2024-01-31 01:33:23 查询号码 【1770992】，返回信息 {"status":"ok","msg":"新疆-奎屯","gid":"274596","time_insert":"2021-07-14 14:06"}
2024-01-31 01:33:23 查询号码 【1770992】，GSD为【"新疆-奎屯"】

2024-01-31 01:33:24 开始第 1080 次操作

2024-01-31 01:33:24 开始操作号码 【1770993】
2024-01-31 01:33:28 GSD getOne 第 1 次 等待 3 秒
2024-01-31 01:33:31 查询号码 【1770993】，返回信息 {"status":"ok","msg":"新疆-石河子","gid":"274651","time_insert":"2021-07-14 14:21"}
2024-01-31 01:33:31 查询号码 【1770993】，GSD为【"新疆-石河子"】

