2023-10-06 00:11:53 开始第 1773 次操作

2023-10-06 00:11:53 开始操作号码 【1981772】
2023-10-06 00:11:56 GSD getOne 第 1 次 等待 3 秒
2023-10-06 00:11:59 查询号码 【1981772】，返回信息 {"status":"ok","msg":"浙江-湖州","gid":"495358","time_insert":"2021-08-04 08:52"}
2023-10-06 00:11:59 查询号码 【1981772】，GSD为【"浙江-湖州"】

2023-10-06 00:12:00 开始第 1774 次操作

2023-10-06 00:12:00 开始操作号码 【1981773】
2023-10-06 00:12:03 GSD getOne 第 1 次 等待 3 秒
2023-10-06 00:12:06 查询号码 【1981773】，返回信息 {"status":"ok","msg":"浙江-嘉兴","gid":"495382","time_insert":"2021-08-04 08:59"}
2023-10-06 00:12:06 查询号码 【1981773】，GSD为【"浙江-嘉兴"】

2023-10-06 00:12:08 开始第 1775 次操作

2023-10-06 00:12:08 开始操作号码 【1981774】
2023-10-06 00:12:10 GSD getOne 第 1 次 等待 3 秒
2023-10-06 00:12:13 查询号码 【1981774】，返回信息 {"status":"ok","msg":"浙江-宁波","gid":"495397","time_insert":"2021-08-04 09:02"}
2023-10-06 00:12:13 查询号码 【1981774】，GSD为【"浙江-宁波"】

2023-10-06 00:12:14 开始第 1776 次操作

2023-10-06 00:12:14 开始操作号码 【1981775】
2023-10-06 00:12:17 GSD getOne 第 1 次 等待 3 秒
2023-10-06 00:12:20 查询号码 【1981775】，返回信息 {"status":"ok","msg":"浙江-绍兴","gid":"495423","time_insert":"2021-08-04 09:09"}
2023-10-06 00:12:20 查询号码 【1981775】，GSD为【"浙江-绍兴"】

2023-10-06 00:38:06 开始第 1777 次操作

2023-10-06 00:38:06 开始操作号码 【1981776】
2023-10-06 00:38:10 GSD getOne 第 1 次 等待 3 秒
2023-10-06 00:38:13 查询号码 【1981776】，返回信息 {"status":"ok","msg":"浙江-台州","gid":"495441","time_insert":"2021-08-04 09:13"}
2023-10-06 00:38:13 查询号码 【1981776】，GSD为【"浙江-台州"】

2023-10-06 00:38:14 开始第 1778 次操作

2023-10-06 00:38:14 开始操作号码 【1981777】
2023-10-06 00:38:16 GSD getOne 第 1 次 等待 3 秒
2023-10-06 00:38:19 查询号码 【1981777】，返回信息 {"status":"ok","msg":"浙江-温州","gid":"495470","time_insert":"2021-08-04 09:20"}
2023-10-06 00:38:19 查询号码 【1981777】，GSD为【"浙江-温州"】

2023-10-06 00:38:20 开始第 1779 次操作

2023-10-06 00:38:20 开始操作号码 【1981778】
2023-10-06 00:38:23 GSD getOne 第 1 次 等待 3 秒
2023-10-06 00:38:26 查询号码 【1981778】，返回信息 {"status":"ok","msg":"浙江-丽水","gid":"495484","time_insert":"2021-08-04 09:24"}
2023-10-06 00:38:26 查询号码 【1981778】，GSD为【"浙江-丽水"】

2023-10-06 00:38:27 开始第 1780 次操作

2023-10-06 00:38:27 开始操作号码 【1981779】
2023-10-06 00:38:30 GSD getOne 第 1 次 等待 3 秒
2023-10-06 00:38:33 查询号码 【1981779】，返回信息 {"status":"ok","msg":"浙江-金华","gid":"495510","time_insert":"2021-08-04 09:31"}
2023-10-06 00:38:33 查询号码 【1981779】，GSD为【"浙江-金华"】

