2024-06-21 00:12:57 开始第 2321 次操作

2024-06-21 00:12:57 开始操作号码 【1552235】
2024-06-21 00:13:08 GSD getOne 第 1 次 等待 3 秒
2024-06-21 00:13:11 查询号码 【1552235】，返回信息 {"status":"ok","msg":"天津-天津","gid":"155965","time_insert":"2021-06-29 20:28"}
2024-06-21 00:13:11 查询号码 【1552235】，GSD为【"天津-天津"】

2024-06-21 00:13:12 开始第 2322 次操作

2024-06-21 00:13:12 开始操作号码 【1552236】
2024-06-21 00:13:26 GSD getOne 第 1 次 等待 3 秒
2024-06-21 00:13:29 查询号码 【1552236】，返回信息 {"status":"ok","msg":"天津-天津","gid":"155990","time_insert":"2021-06-29 20:45"}
2024-06-21 00:13:29 查询号码 【1552236】，GSD为【"天津-天津"】

2024-06-21 00:13:30 开始第 2323 次操作

2024-06-21 00:13:30 开始操作号码 【1552237】
2024-06-21 00:13:50 GSD getOne 第 1 次 等待 3 秒
2024-06-21 00:13:53 查询号码 【1552237】，返回信息 {"status":"ok","msg":"天津-天津","gid":"156018","time_insert":"2021-06-29 21:04"}
2024-06-21 00:13:53 查询号码 【1552237】，GSD为【"天津-天津"】

2024-06-21 00:13:54 开始第 2324 次操作

2024-06-21 00:13:54 开始操作号码 【1552238】
2024-06-21 00:14:20 GSD getOne 第 1 次 等待 3 秒
2024-06-21 00:14:23 查询号码 【1552238】，返回信息 {"status":"ok","msg":"天津-天津","gid":"156049","time_insert":"2021-06-29 21:24"}
2024-06-21 00:14:23 查询号码 【1552238】，GSD为【"天津-天津"】

2024-06-21 00:39:21 开始第 2325 次操作

2024-06-21 00:39:21 开始操作号码 【1552239】
2024-06-21 00:39:31 GSD getOne 第 1 次 等待 3 秒
2024-06-21 00:39:34 查询号码 【1552239】，返回信息 {"status":"ok","msg":"天津-天津","gid":"156217","time_insert":"2021-06-29 21:40"}
2024-06-21 00:39:34 查询号码 【1552239】，GSD为【"天津-天津"】

2024-06-21 00:39:35 开始第 2326 次操作

2024-06-21 00:39:35 开始操作号码 【1552240】
2024-06-21 00:39:59 GSD getOne 第 1 次 等待 3 秒
2024-06-21 00:40:02 查询号码 【1552240】，返回信息 {"status":"ok","msg":"天津-天津","gid":"156433","time_insert":"2021-06-29 21:59"}
2024-06-21 00:40:02 查询号码 【1552240】，GSD为【"天津-天津"】

2024-06-21 00:40:03 开始第 2327 次操作

2024-06-21 00:40:03 开始操作号码 【1552241】
2024-06-21 00:40:16 GSD getOne 第 1 次 等待 3 秒
2024-06-21 00:40:19 查询号码 【1552241】，返回信息 {"status":"ok","msg":"天津-天津","gid":"156479","time_insert":"2021-06-29 22:16"}
2024-06-21 00:40:20 查询号码 【1552241】，GSD为【"天津-天津"】

2024-06-21 00:40:21 开始第 2328 次操作

2024-06-21 00:40:21 开始操作号码 【1552242】
2024-06-21 00:40:37 GSD getOne 第 1 次 等待 3 秒
2024-06-21 00:40:40 查询号码 【1552242】，返回信息 {"status":"ok","msg":"天津-天津","gid":"156508","time_insert":"2021-06-29 22:35"}
2024-06-21 00:40:40 查询号码 【1552242】，GSD为【"天津-天津"】

