2021-07-26 00:00:08 开始第 21 次操作

2021-07-26 00:00:08 开始操作号码 【1537312】
2021-07-26 00:00:32 GSD getOne 第 1 次 等待 3 秒
2021-07-26 00:00:35 查询号码 【1537312】，返回信息 {"status":"bad","msg":""}
2021-07-26 00:00:35 查询号码 【1537312】，GSD为【""】
2021-07-26 00:00:35 bad
2021-07-26 00:00:37 CHB 1537312?1627228835 第 1 次 等待 3 秒
2021-07-26 00:00:40 CHB 1537312?1627228835 第 1 次 获取到号码【1537312】GSD
2021-07-26 00:00:40 获取到号码【1537312】的GSD为【河北-保定】
2021-07-26 00:00:47 GSD insert 第 1 次 等待 3 秒
2021-07-26 00:00:50 {"status":"ok","gid":395136,"msg":"添加成功！"}
2021-07-26 00:00:50 下次操作: 2021-07-26 00:01:07

2021-07-26 00:01:07 开始第 22 次操作

2021-07-26 00:01:07 开始操作号码 【1537311】
2021-07-26 00:01:10 GSD getOne 第 1 次 等待 3 秒
2021-07-26 00:01:13 查询号码 【1537311】，返回信息 {"status":"bad","msg":""}
2021-07-26 00:01:13 查询号码 【1537311】，GSD为【""】
2021-07-26 00:01:13 bad
2021-07-26 00:01:15 CHB 1537311?1627228873 第 1 次 等待 3 秒
2021-07-26 00:01:18 CHB 1537311?1627228873 第 1 次 获取到号码【1537311】GSD
2021-07-26 00:01:18 获取到号码【1537311】的GSD为【河北-石家庄】
2021-07-26 00:01:21 GSD insert 第 1 次 等待 3 秒
2021-07-26 00:01:24 {"status":"ok","gid":395142,"msg":"添加成功！"}
2021-07-26 00:01:24 下次操作: 2021-07-26 00:01:37

2021-07-26 00:01:37 开始第 23 次操作

2021-07-26 00:01:37 开始操作号码 【1537310】
2021-07-26 00:01:42 GSD getOne 第 1 次 等待 3 秒
2021-07-26 00:01:45 查询号码 【1537310】，返回信息 {"status":"bad","msg":""}
2021-07-26 00:01:45 查询号码 【1537310】，GSD为【""】
2021-07-26 00:01:45 bad
2021-07-26 00:01:47 CHB 1537310?1627228905 第 1 次 等待 3 秒
2021-07-26 00:01:50 CHB 1537310?1627228905 第 1 次 获取到号码【1537310】GSD
2021-07-26 00:01:50 获取到号码【1537310】的GSD为【河北-邯郸】
2021-07-26 00:01:56 GSD insert 第 1 次 等待 3 秒
2021-07-26 00:01:59 {"status":"ok","gid":395150,"msg":"添加成功！"}
2021-07-26 00:01:59 下次操作: 2021-07-26 00:02:15

2021-07-26 00:02:15 开始第 24 次操作

2021-07-26 00:02:15 开始操作号码 【1537309】
2021-07-26 00:02:19 GSD getOne 第 1 次 等待 3 秒
2021-07-26 00:02:22 查询号码 【1537309】，返回信息 {"status":"bad","msg":""}
2021-07-26 00:02:22 查询号码 【1537309】，GSD为【""】
2021-07-26 00:02:22 bad
2021-07-26 00:02:24 CHB 1537309?1627228942 第 1 次 等待 3 秒
2021-07-26 00:02:27 CHB 1537309?1627228942 第 1 次 获取到号码【1537309】GSD
2021-07-26 00:02:27 获取到号码【1537309】的GSD为【河北-石家庄】
2021-07-26 00:02:43 GSD insert 第 1 次 等待 3 秒
2021-07-26 00:02:46 {"status":"ok","gid":395162,"msg":"添加成功！"}
2021-07-26 00:02:46 下次操作: 2021-07-26 00:03:00

2021-07-26 00:03:00 开始第 25 次操作

2021-07-26 00:03:00 开始操作号码 【1537308】
2021-07-26 00:03:03 GSD getOne 第 1 次 等待 3 秒
2021-07-26 00:03:06 查询号码 【1537308】，返回信息 {"status":"bad","msg":""}
2021-07-26 00:03:06 查询号码 【1537308】，GSD为【""】
2021-07-26 00:03:06 bad
2021-07-26 00:03:07 CHB 1537308?1627228986 第 1 次 等待 3 秒
2021-07-26 00:03:10 CHB 1537308?1627228986 第 1 次 获取到号码【1537308】GSD
2021-07-26 00:03:10 获取到号码【1537308】的GSD为【河北-石家庄】
2021-07-26 00:03:14 GSD insert 第 1 次 等待 3 秒
2021-07-26 00:03:17 {"status":"ok","gid":395170,"msg":"添加成功！"}
2021-07-26 00:03:17 下次操作: 2021-07-26 00:03:40

2021-07-26 00:03:40 开始第 26 次操作

2021-07-26 00:03:40 开始操作号码 【1537307】
2021-07-26 00:03:48 GSD getOne 第 1 次 等待 3 秒
2021-07-26 00:03:51 查询号码 【1537307】，返回信息 {"status":"bad","msg":""}
2021-07-26 00:03:51 查询号码 【1537307】，GSD为【""】
2021-07-26 00:03:51 bad
2021-07-26 00:03:52 CHB 1537307?1627229031 第 1 次 等待 3 秒
2021-07-26 00:03:55 CHB 1537307?1627229031 第 1 次 获取到号码【1537307】GSD
2021-07-26 00:03:56 获取到号码【1537307】的GSD为【河北-石家庄】
2021-07-26 00:04:18 GSD insert 第 1 次 等待 3 秒
2021-07-26 00:04:21 {"status":"ok","gid":395184,"msg":"添加成功！"}
2021-07-26 00:04:21 下次操作: 2021-07-26 00:04:37

2021-07-26 00:04:37 开始第 27 次操作

2021-07-26 00:04:37 开始操作号码 【1537306】
2021-07-26 00:04:41 GSD getOne 第 1 次 等待 3 秒
2021-07-26 00:04:44 查询号码 【1537306】，返回信息 {"status":"bad","msg":""}
2021-07-26 00:04:44 查询号码 【1537306】，GSD为【""】
2021-07-26 00:04:44 bad
2021-07-26 00:04:46 CHB 1537306?1627229084 第 1 次 等待 3 秒
2021-07-26 00:04:49 CHB 1537306?1627229084 第 1 次 获取到号码【1537306】GSD
2021-07-26 00:04:49 获取到号码【1537306】的GSD为【河北-石家庄】
2021-07-26 00:05:03 GSD insert 第 1 次 等待 3 秒
2021-07-26 00:05:06 {"status":"ok","gid":395195,"msg":"添加成功！"}
2021-07-26 00:05:06 下次操作: 2021-07-26 00:05:25

2021-07-26 00:05:25 开始第 28 次操作

2021-07-26 00:05:25 开始操作号码 【1537305】
2021-07-26 00:05:35 GSD getOne 第 1 次 等待 3 秒
2021-07-26 00:05:38 查询号码 【1537305】，返回信息 {"status":"bad","msg":""}
2021-07-26 00:05:38 查询号码 【1537305】，GSD为【""】
2021-07-26 00:05:38 bad
2021-07-26 00:05:39 CHB 1537305?1627229138 第 1 次 等待 3 秒
2021-07-26 00:05:42 CHB 1537305?1627229138 第 1 次 获取到号码【1537305】GSD
2021-07-26 00:05:42 获取到号码【1537305】的GSD为【河北-石家庄】
2021-07-26 00:05:46 GSD insert 第 1 次 等待 3 秒
2021-07-26 00:05:49 {"status":"ok","gid":395207,"msg":"添加成功！"}
2021-07-26 00:05:49 下次操作: 2021-07-26 00:06:02

2021-07-26 00:06:02 开始第 29 次操作

2021-07-26 00:06:02 开始操作号码 【1537304】
2021-07-26 00:06:05 GSD getOne 第 1 次 等待 3 秒
2021-07-26 00:06:08 查询号码 【1537304】，返回信息 {"status":"bad","msg":""}
2021-07-26 00:06:08 查询号码 【1537304】，GSD为【""】
2021-07-26 00:06:08 bad
2021-07-26 00:06:10 CHB 1537304?1627229168 第 1 次 等待 3 秒
2021-07-26 00:06:13 CHB 1537304?1627229168 第 1 次 获取到号码【1537304】GSD
2021-07-26 00:06:13 获取到号码【1537304】的GSD为【河北-石家庄】
2021-07-26 00:06:16 GSD insert 第 1 次 等待 3 秒
2021-07-26 00:06:19 {"status":"ok","gid":395213,"msg":"添加成功！"}
2021-07-26 00:06:19 下次操作: 2021-07-26 00:06:34

2021-07-26 00:06:34 开始第 30 次操作

2021-07-26 00:06:34 开始操作号码 【1537303】
2021-07-26 00:06:37 GSD getOne 第 1 次 等待 3 秒
2021-07-26 00:06:40 查询号码 【1537303】，返回信息 {"status":"bad","msg":""}
2021-07-26 00:06:40 查询号码 【1537303】，GSD为【""】
2021-07-26 00:06:40 bad
2021-07-26 00:06:42 CHB 1537303?1627229200 第 1 次 等待 3 秒
2021-07-26 00:06:45 CHB 1537303?1627229200 第 1 次 获取到号码【1537303】GSD
2021-07-26 00:06:45 获取到号码【1537303】的GSD为【河北-石家庄】
2021-07-26 00:06:48 GSD insert 第 1 次 等待 3 秒
2021-07-26 00:06:51 {"status":"ok","gid":395223,"msg":"添加成功！"}
2021-07-26 00:06:51 下次操作: 2021-07-26 00:07:06

2021-07-26 00:07:06 开始第 31 次操作

2021-07-26 00:07:06 开始操作号码 【1537302】
2021-07-26 00:07:10 GSD getOne 第 1 次 等待 3 秒
2021-07-26 00:07:13 查询号码 【1537302】，返回信息 {"status":"bad","msg":""}
2021-07-26 00:07:13 查询号码 【1537302】，GSD为【""】
2021-07-26 00:07:13 bad
2021-07-26 00:07:15 CHB 1537302?1627229233 第 1 次 等待 3 秒
2021-07-26 00:07:18 CHB 1537302?1627229233 第 1 次 获取到号码【1537302】GSD
2021-07-26 00:07:18 获取到号码【1537302】的GSD为【河北-石家庄】
2021-07-26 00:07:24 GSD insert 第 1 次 等待 3 秒
2021-07-26 00:07:27 {"status":"ok","gid":395232,"msg":"添加成功！"}
2021-07-26 00:07:27 下次操作: 2021-07-26 00:07:42

2021-07-26 00:07:42 开始第 32 次操作

2021-07-26 00:07:42 开始操作号码 【1537301】
2021-07-26 00:07:45 GSD getOne 第 1 次 等待 3 秒
2021-07-26 00:07:48 查询号码 【1537301】，返回信息 {"status":"bad","msg":""}
2021-07-26 00:07:48 查询号码 【1537301】，GSD为【""】
2021-07-26 00:07:48 bad
2021-07-26 00:07:49 CHB 1537301?1627229268 第 1 次 等待 3 秒
2021-07-26 00:07:52 CHB 1537301?1627229268 第 1 次 获取到号码【1537301】GSD
2021-07-26 00:07:52 获取到号码【1537301】的GSD为【河北-石家庄】
2021-07-26 00:07:57 GSD insert 第 1 次 等待 3 秒
2021-07-26 00:08:00 {"status":"ok","gid":395237,"msg":"添加成功！"}
2021-07-26 00:08:00 下次操作: 2021-07-26 00:08:21

2021-07-26 00:08:21 开始第 33 次操作

2021-07-26 00:08:21 开始操作号码 【1537300】
2021-07-26 00:08:27 GSD getOne 第 1 次 等待 3 秒
2021-07-26 00:08:30 查询号码 【1537300】，返回信息 {"status":"bad","msg":""}
2021-07-26 00:08:30 查询号码 【1537300】，GSD为【""】
2021-07-26 00:08:30 bad
2021-07-26 00:08:32 CHB 1537300?1627229310 第 1 次 等待 3 秒
2021-07-26 00:08:35 CHB 1537300?1627229310 第 1 次 获取到号码【1537300】GSD
2021-07-26 00:08:35 获取到号码【1537300】的GSD为【河北-石家庄】
2021-07-26 00:08:39 GSD insert 第 1 次 等待 3 秒
2021-07-26 00:08:42 {"status":"ok","gid":395244,"msg":"添加成功！"}
2021-07-26 00:08:42 下次操作: 2021-07-26 00:09:04

2021-07-26 00:09:04 开始第 34 次操作

2021-07-26 00:09:04 开始操作号码 【1537299】
2021-07-26 00:09:09 GSD getOne 第 1 次 等待 3 秒
2021-07-26 00:09:12 查询号码 【1537299】，返回信息 {"status":"bad","msg":""}
2021-07-26 00:09:12 查询号码 【1537299】，GSD为【""】
2021-07-26 00:09:12 bad
2021-07-26 00:09:18 CHB 1537299?1627229352 第 1 次 等待 3 秒
2021-07-26 00:09:21 CHB 1537299?1627229352 第 1 次 获取到号码【1537299】GSD
2021-07-26 00:09:22 获取到号码【1537299】的GSD为【浙江-金华】
2021-07-26 00:09:46 GSD insert 第 1 次 等待 3 秒
2021-07-26 00:09:49 {"status":"ok","gid":395253,"msg":"添加成功！"}
2021-07-26 00:09:49 下次操作: 2021-07-26 00:10:06

2021-07-26 00:10:06 开始第 35 次操作

2021-07-26 00:10:06 开始操作号码 【1537298】
2021-07-26 00:10:18 GSD getOne 第 1 次 等待 3 秒
2021-07-26 00:10:21 查询号码 【1537298】，返回信息 {"status":"bad","msg":""}
2021-07-26 00:10:21 查询号码 【1537298】，GSD为【""】
2021-07-26 00:10:21 bad
2021-07-26 00:10:23 CHB 1537298?1627229421 第 1 次 等待 3 秒
2021-07-26 00:10:26 CHB 1537298?1627229421 第 1 次 获取到号码【1537298】GSD
2021-07-26 00:10:26 获取到号码【1537298】的GSD为【浙江-金华】
2021-07-26 00:10:30 GSD insert 第 1 次 等待 3 秒
2021-07-26 00:10:33 {"status":"ok","gid":395260,"msg":"添加成功！"}
2021-07-26 00:10:33 下次操作: 2021-07-26 00:10:54

2021-07-26 00:10:54 开始第 36 次操作

2021-07-26 00:10:54 开始操作号码 【1537297】
2021-07-26 00:11:01 GSD getOne 第 1 次 等待 3 秒
2021-07-26 00:11:04 查询号码 【1537297】，返回信息 {"status":"bad","msg":""}
2021-07-26 00:11:04 查询号码 【1537297】，GSD为【""】
2021-07-26 00:11:04 bad
2021-07-26 00:11:10 CHB 1537297?1627229464 第 1 次 等待 3 秒
2021-07-26 00:11:13 CHB 1537297?1627229464 第 1 次 获取到号码【1537297】GSD
2021-07-26 00:11:13 获取到号码【1537297】的GSD为【浙江-金华】
2021-07-26 00:11:16 GSD insert 第 1 次 等待 3 秒
2021-07-26 00:11:19 {"status":"ok","gid":395270,"msg":"添加成功！"}
2021-07-26 00:11:19 下次操作: 2021-07-26 00:11:39

2021-07-26 00:11:39 开始第 37 次操作

2021-07-26 00:11:39 开始操作号码 【1537296】
2021-07-26 00:11:43 GSD getOne 第 1 次 等待 3 秒
2021-07-26 00:11:46 查询号码 【1537296】，返回信息 {"status":"bad","msg":""}
2021-07-26 00:11:46 查询号码 【1537296】，GSD为【""】
2021-07-26 00:11:46 bad
2021-07-26 00:11:47 CHB 1537296?1627229506 第 1 次 等待 3 秒
2021-07-26 00:11:50 CHB 1537296?1627229506 第 1 次 获取到号码【1537296】GSD
2021-07-26 00:11:50 获取到号码【1537296】的GSD为【浙江-金华】
2021-07-26 00:11:55 GSD insert 第 1 次 等待 3 秒
2021-07-26 00:11:58 {"status":"ok","gid":395277,"msg":"添加成功！"}
2021-07-26 00:11:58 下次操作: 2021-07-26 00:12:20

2021-07-26 00:12:20 开始第 38 次操作

2021-07-26 00:12:20 开始操作号码 【1537295】
2021-07-26 00:12:24 GSD getOne 第 1 次 等待 3 秒
2021-07-26 00:12:27 查询号码 【1537295】，返回信息 {"status":"bad","msg":""}
2021-07-26 00:12:27 查询号码 【1537295】，GSD为【""】
2021-07-26 00:12:27 bad
2021-07-26 00:12:29 CHB 1537295?1627229547 第 1 次 等待 3 秒
2021-07-26 00:12:32 CHB 1537295?1627229547 第 1 次 获取到号码【1537295】GSD
2021-07-26 00:12:32 获取到号码【1537295】的GSD为【浙江-金华】
2021-07-26 00:12:35 GSD insert 第 1 次 等待 3 秒
2021-07-26 00:12:38 {"status":"ok","gid":395286,"msg":"添加成功！"}
2021-07-26 00:12:38 下次操作: 2021-07-26 00:12:51

2021-07-26 00:12:51 开始第 39 次操作

2021-07-26 00:12:51 开始操作号码 【1537294】
2021-07-26 00:12:56 GSD getOne 第 1 次 等待 3 秒
2021-07-26 00:12:59 查询号码 【1537294】，返回信息 {"status":"bad","msg":""}
2021-07-26 00:12:59 查询号码 【1537294】，GSD为【""】
2021-07-26 00:12:59 bad
2021-07-26 00:13:01 CHB 1537294?1627229579 第 1 次 等待 3 秒
2021-07-26 00:13:04 CHB 1537294?1627229579 第 1 次 获取到号码【1537294】GSD
2021-07-26 00:13:04 获取到号码【1537294】的GSD为【浙江-金华】
2021-07-26 00:13:08 GSD insert 第 1 次 等待 3 秒
2021-07-26 00:13:11 {"status":"ok","gid":395295,"msg":"添加成功！"}
2021-07-26 00:13:11 下次操作: 2021-07-26 00:13:27

2021-07-26 00:13:27 开始第 40 次操作

2021-07-26 00:13:27 开始操作号码 【1537293】
2021-07-26 00:13:32 GSD getOne 第 1 次 等待 3 秒
2021-07-26 00:13:35 查询号码 【1537293】，返回信息 {"status":"bad","msg":""}
2021-07-26 00:13:35 查询号码 【1537293】，GSD为【""】
2021-07-26 00:13:35 bad
2021-07-26 00:13:37 CHB 1537293?1627229615 第 1 次 等待 3 秒
2021-07-26 00:13:40 CHB 1537293?1627229615 第 1 次 获取到号码【1537293】GSD
2021-07-26 00:13:40 获取到号码【1537293】的GSD为【浙江-金华】
2021-07-26 00:13:44 GSD insert 第 1 次 等待 3 秒
2021-07-26 00:13:47 {"status":"ok","gid":395302,"msg":"添加成功！"}

