2021-07-12 00:00:27 开始第 19 次操作

2021-07-12 00:00:27 开始操作号码 【1748293】
2021-07-12 00:00:36 GSD getOne 第 1 次 等待 1 秒
2021-07-12 00:00:37 查询号码 【1748293】，返回信息 {"status":"bad","msg":""}
2021-07-12 00:00:37 查询号码 【1748293】，GSD为【""】
2021-07-12 00:00:37 bad
2021-07-12 00:00:41 CHB 1748293?1626019237 第 1 次 等待 1 秒
2021-07-12 00:00:42 CHB 1748293?1626019237 第 1 次 获取到号码【1748293】GSD
2021-07-12 00:00:42 未获取到号码【1748293】GSD，可能号码格式错误
2021-07-12 00:00:42 获取到号码【1748293】的GSD为【-】
2021-07-12 00:01:01 GSD insert 第 1 次 等待 1 秒
2021-07-12 00:01:02 {"status":"ok","msg":"添加成功！251947"}
2021-07-12 00:01:02 下次操作: 2021-07-12 00:01:11

2021-07-12 00:01:11 开始第 20 次操作

2021-07-12 00:01:11 开始操作号码 【1748294】
2021-07-12 00:01:30 GSD getOne 第 1 次 等待 1 秒
2021-07-12 00:01:31 查询号码 【1748294】，返回信息 {"status":"bad","msg":""}
2021-07-12 00:01:31 查询号码 【1748294】，GSD为【""】
2021-07-12 00:01:31 bad
2021-07-12 00:01:34 CHB 1748294?1626019291 第 1 次 等待 1 秒
2021-07-12 00:01:35 CHB 1748294?1626019291 第 1 次 获取到号码【1748294】GSD
2021-07-12 00:01:35 未获取到号码【1748294】GSD，可能号码格式错误
2021-07-12 00:01:35 获取到号码【1748294】的GSD为【-】
2021-07-12 00:01:54 GSD insert 第 1 次 等待 1 秒
2021-07-12 00:01:55 {"status":"ok","msg":"添加成功！251955"}
2021-07-12 00:01:55 下次操作: 2021-07-12 00:02:05

2021-07-12 00:02:05 开始第 21 次操作

2021-07-12 00:02:05 开始操作号码 【1748295】
2021-07-12 00:02:19 GSD getOne 第 1 次 等待 1 秒
2021-07-12 00:02:20 查询号码 【1748295】，返回信息 {"status":"bad","msg":""}
2021-07-12 00:02:20 查询号码 【1748295】，GSD为【""】
2021-07-12 00:02:20 bad
2021-07-12 00:02:22 CHB 1748295?1626019340 第 1 次 等待 1 秒
2021-07-12 00:02:23 CHB 1748295?1626019340 第 1 次 获取到号码【1748295】GSD
2021-07-12 00:02:23 未获取到号码【1748295】GSD，可能号码格式错误
2021-07-12 00:02:23 获取到号码【1748295】的GSD为【-】
2021-07-12 00:02:43 GSD insert 第 1 次 等待 1 秒
2021-07-12 00:02:44 {"status":"ok","msg":"添加成功！251959"}
2021-07-12 00:02:44 下次操作: 2021-07-12 00:02:51

2021-07-12 00:02:51 开始第 22 次操作

2021-07-12 00:02:51 开始操作号码 【1748296】
2021-07-12 00:03:10 GSD getOne 第 1 次 等待 1 秒
2021-07-12 00:03:11 查询号码 【1748296】，返回信息 {"status":"bad","msg":""}
2021-07-12 00:03:11 查询号码 【1748296】，GSD为【""】
2021-07-12 00:03:11 bad
2021-07-12 00:03:14 CHB 1748296?1626019391 第 1 次 等待 1 秒
2021-07-12 00:03:15 CHB 1748296?1626019391 第 1 次 获取到号码【1748296】GSD
2021-07-12 00:03:15 未获取到号码【1748296】GSD，可能号码格式错误
2021-07-12 00:03:15 获取到号码【1748296】的GSD为【-】
2021-07-12 00:03:34 GSD insert 第 1 次 等待 1 秒
2021-07-12 00:03:35 {"status":"ok","msg":"添加成功！251964"}
2021-07-12 00:03:35 下次操作: 2021-07-12 00:03:43

2021-07-12 00:03:43 开始第 23 次操作

2021-07-12 00:03:43 开始操作号码 【1748297】
2021-07-12 00:04:02 GSD getOne 第 1 次 等待 1 秒
2021-07-12 00:04:03 查询号码 【1748297】，返回信息 {"status":"bad","msg":""}
2021-07-12 00:04:03 查询号码 【1748297】，GSD为【""】
2021-07-12 00:04:03 bad
2021-07-12 00:04:09 CHB 1748297?1626019443 第 1 次 等待 1 秒
2021-07-12 00:04:10 CHB 1748297?1626019443 第 1 次 获取到号码【1748297】GSD
2021-07-12 00:04:10 未获取到号码【1748297】GSD，可能号码格式错误
2021-07-12 00:04:10 获取到号码【1748297】的GSD为【-】
2021-07-12 00:04:29 GSD insert 第 1 次 等待 1 秒
2021-07-12 00:04:30 {"status":"ok","msg":"添加成功！251969"}
2021-07-12 00:04:30 下次操作: 2021-07-12 00:04:38

2021-07-12 00:04:38 开始第 24 次操作

2021-07-12 00:04:38 开始操作号码 【1748298】
2021-07-12 00:04:59 GSD getOne 第 1 次 等待 1 秒
2021-07-12 00:05:00 查询号码 【1748298】，返回信息 {"status":"bad","msg":""}
2021-07-12 00:05:00 查询号码 【1748298】，GSD为【""】
2021-07-12 00:05:00 bad
2021-07-12 00:05:01 CHB 1748298?1626019500 第 1 次 等待 1 秒
2021-07-12 00:05:02 CHB 1748298?1626019500 第 1 次 获取到号码【1748298】GSD
2021-07-12 00:05:02 未获取到号码【1748298】GSD，可能号码格式错误
2021-07-12 00:05:02 获取到号码【1748298】的GSD为【-】
2021-07-12 00:05:24 GSD insert 第 1 次 等待 1 秒
2021-07-12 00:05:26 {"status":"ok","msg":"添加成功！251974"}
2021-07-12 00:05:26 下次操作: 2021-07-12 00:05:39

2021-07-12 00:05:39 开始第 25 次操作

2021-07-12 00:05:39 开始操作号码 【1748299】
2021-07-12 00:05:49 GSD getOne 第 1 次 等待 1 秒
2021-07-12 00:05:50 查询号码 【1748299】，返回信息 {"status":"bad","msg":""}
2021-07-12 00:05:50 查询号码 【1748299】，GSD为【""】
2021-07-12 00:05:50 bad
2021-07-12 00:05:52 CHB 1748299?1626019550 第 1 次 等待 1 秒
2021-07-12 00:05:53 CHB 1748299?1626019550 第 1 次 获取到号码【1748299】GSD
2021-07-12 00:05:53 未获取到号码【1748299】GSD，可能号码格式错误
2021-07-12 00:05:53 获取到号码【1748299】的GSD为【-】
2021-07-12 00:06:15 GSD insert 第 1 次 等待 1 秒
2021-07-12 00:06:16 {"status":"ok","msg":"添加成功！251979"}
2021-07-12 00:06:16 下次操作: 2021-07-12 00:06:23

2021-07-12 00:06:23 开始第 26 次操作

2021-07-12 00:06:23 开始操作号码 【1748300】
2021-07-12 00:06:44 GSD getOne 第 1 次 等待 1 秒
2021-07-12 00:06:45 查询号码 【1748300】，返回信息 {"status":"bad","msg":""}
2021-07-12 00:06:45 查询号码 【1748300】，GSD为【""】
2021-07-12 00:06:45 bad
2021-07-12 00:06:46 CHB 1748300?1626019605 第 1 次 等待 1 秒
2021-07-12 00:06:47 CHB 1748300?1626019605 第 1 次 获取到号码【1748300】GSD
2021-07-12 00:06:47 未获取到号码【1748300】GSD，可能号码格式错误
2021-07-12 00:06:47 获取到号码【1748300】的GSD为【-】
2021-07-12 00:07:07 GSD insert 第 1 次 等待 1 秒
2021-07-12 00:07:08 {"status":"ok","msg":"添加成功！251987"}
2021-07-12 00:07:08 下次操作: 2021-07-12 00:07:16

2021-07-12 00:07:16 开始第 27 次操作

2021-07-12 00:07:16 开始操作号码 【1748301】
2021-07-12 00:07:35 GSD getOne 第 1 次 等待 1 秒
2021-07-12 00:07:36 查询号码 【1748301】，返回信息 {"status":"bad","msg":""}
2021-07-12 00:07:36 查询号码 【1748301】，GSD为【""】
2021-07-12 00:07:36 bad
2021-07-12 00:07:37 CHB 1748301?1626019656 第 1 次 等待 1 秒
2021-07-12 00:07:38 CHB 1748301?1626019656 第 1 次 获取到号码【1748301】GSD
2021-07-12 00:07:38 未获取到号码【1748301】GSD，可能号码格式错误
2021-07-12 00:07:38 获取到号码【1748301】的GSD为【-】
2021-07-12 00:07:58 GSD insert 第 1 次 等待 1 秒
2021-07-12 00:07:59 {"status":"ok","msg":"添加成功！251992"}
2021-07-12 00:07:59 下次操作: 2021-07-12 00:08:08

2021-07-12 00:08:08 开始第 28 次操作

2021-07-12 00:08:08 开始操作号码 【1748302】
2021-07-12 00:08:27 GSD getOne 第 1 次 等待 1 秒
2021-07-12 00:08:28 查询号码 【1748302】，返回信息 {"status":"bad","msg":""}
2021-07-12 00:08:28 查询号码 【1748302】，GSD为【""】
2021-07-12 00:08:28 bad
2021-07-12 00:08:32 CHB 1748302?1626019708 第 1 次 等待 1 秒
2021-07-12 00:08:33 CHB 1748302?1626019708 第 1 次 获取到号码【1748302】GSD
2021-07-12 00:08:33 未获取到号码【1748302】GSD，可能号码格式错误
2021-07-12 00:08:33 获取到号码【1748302】的GSD为【-】
2021-07-12 00:08:57 GSD insert 第 1 次 等待 1 秒
2021-07-12 00:08:58 {"status":"ok","msg":"添加成功！251998"}
2021-07-12 00:08:58 下次操作: 2021-07-12 00:09:16

2021-07-12 00:09:16 开始第 29 次操作

2021-07-12 00:09:16 开始操作号码 【1748303】
2021-07-12 00:09:24 GSD getOne 第 1 次 等待 1 秒
2021-07-12 00:09:25 查询号码 【1748303】，返回信息 {"status":"bad","msg":""}
2021-07-12 00:09:25 查询号码 【1748303】，GSD为【""】
2021-07-12 00:09:25 bad
2021-07-12 00:09:27 CHB 1748303?1626019765 第 1 次 等待 1 秒
2021-07-12 00:09:28 CHB 1748303?1626019765 第 1 次 获取到号码【1748303】GSD
2021-07-12 00:09:28 未获取到号码【1748303】GSD，可能号码格式错误
2021-07-12 00:09:28 获取到号码【1748303】的GSD为【-】
2021-07-12 00:09:51 GSD insert 第 1 次 等待 1 秒
2021-07-12 00:09:52 {"status":"ok","msg":"添加成功！252000"}
2021-07-12 00:09:52 下次操作: 2021-07-12 00:10:01

2021-07-12 00:10:01 开始第 30 次操作

2021-07-12 00:10:01 开始操作号码 【1748304】
2021-07-12 00:10:20 GSD getOne 第 1 次 等待 1 秒
2021-07-12 00:10:21 查询号码 【1748304】，返回信息 {"status":"bad","msg":""}
2021-07-12 00:10:21 查询号码 【1748304】，GSD为【""】
2021-07-12 00:10:21 bad
2021-07-12 00:10:25 CHB 1748304?1626019821 第 1 次 等待 1 秒
2021-07-12 00:10:26 CHB 1748304?1626019821 第 1 次 获取到号码【1748304】GSD
2021-07-12 00:10:26 未获取到号码【1748304】GSD，可能号码格式错误
2021-07-12 00:10:26 获取到号码【1748304】的GSD为【-】
2021-07-12 00:10:45 GSD insert 第 1 次 等待 1 秒
2021-07-12 00:10:46 {"status":"ok","msg":"添加成功！252005"}

