2024-07-15 00:18:53 开始第 6669 次操作

2024-07-15 00:18:53 开始操作号码 【1556578】
2024-07-15 00:19:01 GSD getOne 第 1 次 等待 3 秒
2024-07-15 00:19:04 查询号码 【1556578】，返回信息 {"status":"ok","msg":"河南-南阳","gid":"409112","time_insert":"2021-07-27 03:52"}
2024-07-15 00:19:04 查询号码 【1556578】，GSD为【"河南-南阳"】

2024-07-15 00:19:05 开始第 6670 次操作

2024-07-15 00:19:05 开始操作号码 【1556579】
2024-07-15 00:19:13 GSD getOne 第 1 次 等待 3 秒
2024-07-15 00:19:16 查询号码 【1556579】，返回信息 {"status":"ok","msg":"河南-新乡","gid":"409097","time_insert":"2021-07-27 03:51"}
2024-07-15 00:19:16 查询号码 【1556579】，GSD为【"河南-新乡"】

2024-07-15 00:19:17 开始第 6671 次操作

2024-07-15 00:19:17 开始操作号码 【1556580】
2024-07-15 00:19:25 GSD getOne 第 1 次 等待 3 秒
2024-07-15 00:19:28 查询号码 【1556580】，返回信息 {"status":"ok","msg":"河南-鹤壁","gid":"409080","time_insert":"2021-07-27 03:50"}
2024-07-15 00:19:28 查询号码 【1556580】，GSD为【"河南-鹤壁"】

2024-07-15 00:19:29 开始第 6672 次操作

2024-07-15 00:19:29 开始操作号码 【1556581】
2024-07-15 00:19:37 GSD getOne 第 1 次 等待 3 秒
2024-07-15 00:19:40 查询号码 【1556581】，返回信息 {"status":"ok","msg":"河南-濮阳","gid":"409066","time_insert":"2021-07-27 03:49"}
2024-07-15 00:19:40 查询号码 【1556581】，GSD为【"河南-濮阳"】

