2021-07-07 00:00:10 开始第 9 次操作

2021-07-07 00:00:10 开始操作号码 【1745013】
2021-07-07 00:00:22 GSD getOne 第 1 次 等待 1 秒
2021-07-07 00:00:23 查询号码 【1745013】，返回信息 {"status":"bad","msg":""}
2021-07-07 00:00:23 查询号码 【1745013】，GSD为【""】
2021-07-07 00:00:23 bad
2021-07-07 00:00:28 CHB 1745013?1625587223 第 1 次 等待 1 秒
2021-07-07 00:00:29 CHB 1745013?1625587223 第 1 次 获取到号码【1745013】GSD
2021-07-07 00:00:29 未获取到号码【1745013】GSD，可能号码格式错误
2021-07-07 00:00:29 获取到号码【1745013】的GSD为【-】
2021-07-07 00:00:53 GSD insert 第 1 次 等待 1 秒
2021-07-07 00:00:54 {"status":"ok","msg":"添加成功！210001"}
2021-07-07 00:00:54 下次操作: 2021-07-07 00:01:08

2021-07-07 00:01:08 开始第 10 次操作

2021-07-07 00:01:08 开始操作号码 【1745014】
2021-07-07 00:01:16 GSD getOne 第 1 次 等待 1 秒
2021-07-07 00:01:17 查询号码 【1745014】，返回信息 {"status":"bad","msg":""}
2021-07-07 00:01:17 查询号码 【1745014】，GSD为【""】
2021-07-07 00:01:17 bad
2021-07-07 00:01:18 CHB 1745014?1625587277 第 1 次 等待 1 秒
2021-07-07 00:01:19 CHB 1745014?1625587277 第 1 次 获取到号码【1745014】GSD
2021-07-07 00:01:19 未获取到号码【1745014】GSD，可能号码格式错误
2021-07-07 00:01:19 获取到号码【1745014】的GSD为【-】
2021-07-07 00:01:42 GSD insert 第 1 次 等待 1 秒
2021-07-07 00:01:43 {"status":"ok","msg":"添加成功！210008"}
2021-07-07 00:01:43 下次操作: 2021-07-07 00:01:54

2021-07-07 00:01:54 开始第 11 次操作

2021-07-07 00:01:54 开始操作号码 【1745015】
2021-07-07 00:02:05 GSD getOne 第 1 次 等待 1 秒
2021-07-07 00:02:06 查询号码 【1745015】，返回信息 {"status":"bad","msg":""}
2021-07-07 00:02:06 查询号码 【1745015】，GSD为【""】
2021-07-07 00:02:06 bad
2021-07-07 00:02:07 CHB 1745015?1625587326 第 1 次 等待 1 秒
2021-07-07 00:02:08 CHB 1745015?1625587326 第 1 次 获取到号码【1745015】GSD
2021-07-07 00:02:08 未获取到号码【1745015】GSD，可能号码格式错误
2021-07-07 00:02:08 获取到号码【1745015】的GSD为【-】
2021-07-07 00:02:44 GSD insert 第 1 次 等待 1 秒
2021-07-07 00:02:45 {"status":"ok","msg":"添加成功！210018"}
2021-07-07 00:02:45 下次操作: 2021-07-07 00:02:56

2021-07-07 00:02:56 开始第 12 次操作

2021-07-07 00:02:56 开始操作号码 【1745016】
2021-07-07 00:03:08 GSD getOne 第 1 次 等待 1 秒
2021-07-07 00:03:09 查询号码 【1745016】，返回信息 {"status":"bad","msg":""}
2021-07-07 00:03:09 查询号码 【1745016】，GSD为【""】
2021-07-07 00:03:09 bad
2021-07-07 00:03:10 CHB 1745016?1625587389 第 1 次 等待 1 秒
2021-07-07 00:03:11 CHB 1745016?1625587389 第 1 次 获取到号码【1745016】GSD
2021-07-07 00:03:11 未获取到号码【1745016】GSD，可能号码格式错误
2021-07-07 00:03:11 获取到号码【1745016】的GSD为【-】
2021-07-07 00:03:30 GSD insert 第 1 次 等待 1 秒
2021-07-07 00:03:31 {"status":"ok","msg":"添加成功！210022"}
2021-07-07 00:03:31 下次操作: 2021-07-07 00:03:43

2021-07-07 00:03:43 开始第 13 次操作

2021-07-07 00:03:43 开始操作号码 【1745017】
2021-07-07 00:03:57 GSD getOne 第 1 次 等待 1 秒
2021-07-07 00:03:58 查询号码 【1745017】，返回信息 {"status":"bad","msg":""}
2021-07-07 00:03:58 查询号码 【1745017】，GSD为【""】
2021-07-07 00:03:58 bad
2021-07-07 00:03:59 CHB 1745017?1625587438 第 1 次 等待 1 秒
2021-07-07 00:04:00 CHB 1745017?1625587438 第 1 次 获取到号码【1745017】GSD
2021-07-07 00:04:00 未获取到号码【1745017】GSD，可能号码格式错误
2021-07-07 00:04:00 获取到号码【1745017】的GSD为【-】
2021-07-07 00:04:20 GSD insert 第 1 次 等待 1 秒
2021-07-07 00:04:21 {"status":"ok","msg":"添加成功！210029"}
2021-07-07 00:04:21 下次操作: 2021-07-07 00:04:30

2021-07-07 00:04:30 开始第 14 次操作

2021-07-07 00:04:30 开始操作号码 【1745018】
2021-07-07 00:05:05 GSD getOne 第 1 次 等待 1 秒
2021-07-07 00:05:06 查询号码 【1745018】，返回信息 {"status":"bad","msg":""}
2021-07-07 00:05:06 查询号码 【1745018】，GSD为【""】
2021-07-07 00:05:06 bad
2021-07-07 00:05:07 CHB 1745018?1625587506 第 1 次 等待 1 秒
2021-07-07 00:05:08 CHB 1745018?1625587506 第 1 次 获取到号码【1745018】GSD
2021-07-07 00:05:08 未获取到号码【1745018】GSD，可能号码格式错误
2021-07-07 00:05:08 获取到号码【1745018】的GSD为【-】
2021-07-07 00:05:27 GSD insert 第 1 次 等待 1 秒
2021-07-07 00:05:28 {"status":"ok","msg":"添加成功！210041"}
2021-07-07 00:05:28 下次操作: 2021-07-07 00:05:42

2021-07-07 00:05:42 开始第 15 次操作

2021-07-07 00:05:42 开始操作号码 【1745019】
2021-07-07 00:05:47 GSD getOne 第 1 次 等待 1 秒
2021-07-07 00:05:48 查询号码 【1745019】，返回信息 {"status":"bad","msg":""}
2021-07-07 00:05:48 查询号码 【1745019】，GSD为【""】
2021-07-07 00:05:48 bad
2021-07-07 00:05:49 CHB 1745019?1625587548 第 1 次 等待 1 秒
2021-07-07 00:05:50 CHB 1745019?1625587548 第 1 次 获取到号码【1745019】GSD
2021-07-07 00:05:50 未获取到号码【1745019】GSD，可能号码格式错误
2021-07-07 00:05:50 获取到号码【1745019】的GSD为【-】
2021-07-07 00:06:10 GSD insert 第 1 次 等待 1 秒
2021-07-07 00:06:11 {"status":"ok","msg":"添加成功！210050"}
2021-07-07 00:06:11 下次操作: 2021-07-07 00:06:19

2021-07-07 00:06:19 开始第 16 次操作

2021-07-07 00:06:19 开始操作号码 【1745020】
2021-07-07 00:06:30 GSD getOne 第 1 次 等待 1 秒
2021-07-07 00:06:31 查询号码 【1745020】，返回信息 {"status":"bad","msg":""}
2021-07-07 00:06:31 查询号码 【1745020】，GSD为【""】
2021-07-07 00:06:31 bad
2021-07-07 00:06:32 CHB 1745020?1625587591 第 1 次 等待 1 秒
2021-07-07 00:06:33 CHB 1745020?1625587591 第 1 次 获取到号码【1745020】GSD
2021-07-07 00:06:33 未获取到号码【1745020】GSD，可能号码格式错误
2021-07-07 00:06:33 获取到号码【1745020】的GSD为【-】
2021-07-07 00:06:53 GSD insert 第 1 次 等待 1 秒
2021-07-07 00:06:54 {"status":"ok","msg":"添加成功！210060"}
2021-07-07 00:06:54 下次操作: 2021-07-07 00:07:09

2021-07-07 00:07:09 开始第 17 次操作

2021-07-07 00:07:09 开始操作号码 【1745021】
2021-07-07 00:07:15 GSD getOne 第 1 次 等待 1 秒
2021-07-07 00:07:16 查询号码 【1745021】，返回信息 {"status":"bad","msg":""}
2021-07-07 00:07:16 查询号码 【1745021】，GSD为【""】
2021-07-07 00:07:16 bad
2021-07-07 00:07:17 CHB 1745021?1625587636 第 1 次 等待 1 秒
2021-07-07 00:07:18 CHB 1745021?1625587636 第 1 次 获取到号码【1745021】GSD
2021-07-07 00:07:18 未获取到号码【1745021】GSD，可能号码格式错误
2021-07-07 00:07:18 获取到号码【1745021】的GSD为【-】
2021-07-07 00:07:37 GSD insert 第 1 次 等待 1 秒
2021-07-07 00:07:38 {"status":"ok","msg":"添加成功！210067"}
2021-07-07 00:07:39 下次操作: 2021-07-07 00:07:50

2021-07-07 00:07:50 开始第 18 次操作

2021-07-07 00:07:50 开始操作号码 【1745022】
2021-07-07 00:08:02 GSD getOne 第 1 次 等待 1 秒
2021-07-07 00:08:03 查询号码 【1745022】，返回信息 {"status":"bad","msg":""}
2021-07-07 00:08:03 查询号码 【1745022】，GSD为【""】
2021-07-07 00:08:03 bad
2021-07-07 00:08:05 CHB 1745022?1625587683 第 1 次 等待 1 秒
2021-07-07 00:08:06 CHB 1745022?1625587683 第 1 次 获取到号码【1745022】GSD
2021-07-07 00:08:06 未获取到号码【1745022】GSD，可能号码格式错误
2021-07-07 00:08:06 获取到号码【1745022】的GSD为【-】
2021-07-07 00:08:25 GSD insert 第 1 次 等待 1 秒
2021-07-07 00:08:26 {"status":"ok","msg":"添加成功！210074"}
2021-07-07 00:08:26 下次操作: 2021-07-07 00:08:42

2021-07-07 00:08:42 开始第 19 次操作

2021-07-07 00:08:42 开始操作号码 【1745023】
2021-07-07 00:08:46 GSD getOne 第 1 次 等待 1 秒
2021-07-07 00:08:47 查询号码 【1745023】，返回信息 {"status":"bad","msg":""}
2021-07-07 00:08:47 查询号码 【1745023】，GSD为【""】
2021-07-07 00:08:47 bad
2021-07-07 00:08:49 CHB 1745023?1625587727 第 1 次 等待 1 秒
2021-07-07 00:08:50 CHB 1745023?1625587727 第 1 次 获取到号码【1745023】GSD
2021-07-07 00:08:50 未获取到号码【1745023】GSD，可能号码格式错误
2021-07-07 00:08:50 获取到号码【1745023】的GSD为【-】
2021-07-07 00:09:12 GSD insert 第 1 次 等待 1 秒
2021-07-07 00:09:13 {"status":"ok","msg":"添加成功！210082"}
2021-07-07 00:09:13 下次操作: 2021-07-07 00:09:19

2021-07-07 00:09:19 开始第 20 次操作

2021-07-07 00:09:19 开始操作号码 【1745024】
2021-07-07 00:09:38 GSD getOne 第 1 次 等待 1 秒
2021-07-07 00:09:39 查询号码 【1745024】，返回信息 {"status":"bad","msg":""}
2021-07-07 00:09:39 查询号码 【1745024】，GSD为【""】
2021-07-07 00:09:39 bad
2021-07-07 00:09:41 CHB 1745024?1625587779 第 1 次 等待 1 秒
2021-07-07 00:09:42 CHB 1745024?1625587779 第 1 次 获取到号码【1745024】GSD
2021-07-07 00:09:42 未获取到号码【1745024】GSD，可能号码格式错误
2021-07-07 00:09:42 获取到号码【1745024】的GSD为【-】
2021-07-07 00:10:05 GSD insert 第 1 次 等待 1 秒
2021-07-07 00:10:06 {"status":"ok","msg":"添加成功！210091"}
2021-07-07 00:10:06 下次操作: 2021-07-07 00:10:13

2021-07-07 00:10:13 开始第 21 次操作

2021-07-07 00:10:13 开始操作号码 【1745025】
2021-07-07 00:10:34 GSD getOne 第 1 次 等待 1 秒
2021-07-07 00:10:35 查询号码 【1745025】，返回信息 {"status":"bad","msg":""}
2021-07-07 00:10:35 查询号码 【1745025】，GSD为【""】
2021-07-07 00:10:35 bad
2021-07-07 00:10:36 CHB 1745025?1625587835 第 1 次 等待 1 秒
2021-07-07 00:10:37 CHB 1745025?1625587835 第 1 次 获取到号码【1745025】GSD
2021-07-07 00:10:37 未获取到号码【1745025】GSD，可能号码格式错误
2021-07-07 00:10:37 获取到号码【1745025】的GSD为【-】
2021-07-07 00:10:57 GSD insert 第 1 次 等待 1 秒
2021-07-07 00:10:58 {"status":"ok","msg":"添加成功！210101"}
2021-07-07 00:10:58 下次操作: 2021-07-07 00:11:07

2021-07-07 00:11:07 开始第 22 次操作

2021-07-07 00:11:07 开始操作号码 【1745026】
2021-07-07 00:11:19 GSD getOne 第 1 次 等待 1 秒
2021-07-07 00:11:20 查询号码 【1745026】，返回信息 {"status":"bad","msg":""}
2021-07-07 00:11:20 查询号码 【1745026】，GSD为【""】
2021-07-07 00:11:20 bad
2021-07-07 00:11:22 CHB 1745026?1625587880 第 1 次 等待 1 秒
2021-07-07 00:11:23 CHB 1745026?1625587880 第 1 次 获取到号码【1745026】GSD
2021-07-07 00:11:23 未获取到号码【1745026】GSD，可能号码格式错误
2021-07-07 00:11:23 获取到号码【1745026】的GSD为【-】
2021-07-07 00:11:42 GSD insert 第 1 次 等待 1 秒
2021-07-07 00:11:43 {"status":"ok","msg":"添加成功！210107"}
2021-07-07 00:11:43 下次操作: 2021-07-07 00:11:52

2021-07-07 00:11:52 开始第 23 次操作

2021-07-07 00:11:52 开始操作号码 【1745027】
2021-07-07 00:12:12 GSD getOne 第 1 次 等待 1 秒
2021-07-07 00:12:13 查询号码 【1745027】，返回信息 {"status":"bad","msg":""}
2021-07-07 00:12:13 查询号码 【1745027】，GSD为【""】
2021-07-07 00:12:13 bad
2021-07-07 00:12:15 CHB 1745027?1625587933 第 1 次 等待 1 秒
2021-07-07 00:12:16 CHB 1745027?1625587933 第 1 次 获取到号码【1745027】GSD
2021-07-07 00:12:16 未获取到号码【1745027】GSD，可能号码格式错误
2021-07-07 00:12:16 获取到号码【1745027】的GSD为【-】
2021-07-07 00:12:52 GSD insert 第 1 次 等待 1 秒
2021-07-07 00:12:53 {"status":"ok","msg":"添加成功！210114"}
2021-07-07 00:12:53 下次操作: 2021-07-07 00:13:00

2021-07-07 00:13:00 开始第 24 次操作

2021-07-07 00:13:00 开始操作号码 【1745028】
2021-07-07 00:13:39 GSD getOne 第 1 次 等待 1 秒
2021-07-07 00:13:40 查询号码 【1745028】，返回信息 {"status":"bad","msg":""}
2021-07-07 00:13:40 查询号码 【1745028】，GSD为【""】
2021-07-07 00:13:40 bad
2021-07-07 00:13:41 CHB 1745028?1625588020 第 1 次 等待 1 秒
2021-07-07 00:13:42 CHB 1745028?1625588020 第 1 次 获取到号码【1745028】GSD
2021-07-07 00:13:42 未获取到号码【1745028】GSD，可能号码格式错误
2021-07-07 00:13:42 获取到号码【1745028】的GSD为【-】
2021-07-07 00:14:51 GSD insert 第 1 次 等待 1 秒
2021-07-07 00:14:52 {"status":"ok","msg":"添加成功！210126"}
2021-07-07 00:14:52 下次操作: 2021-07-07 00:15:10

2021-07-07 00:15:10 开始第 25 次操作

2021-07-07 00:15:10 开始操作号码 【1745029】
2021-07-07 00:15:14 GSD getOne 第 1 次 等待 1 秒
2021-07-07 00:15:15 查询号码 【1745029】，返回信息 {"status":"bad","msg":""}
2021-07-07 00:15:15 查询号码 【1745029】，GSD为【""】
2021-07-07 00:15:15 bad
2021-07-07 00:15:16 CHB 1745029?1625588115 第 1 次 等待 1 秒
2021-07-07 00:15:17 CHB 1745029?1625588115 第 1 次 获取到号码【1745029】GSD
2021-07-07 00:15:17 未获取到号码【1745029】GSD，可能号码格式错误
2021-07-07 00:15:17 获取到号码【1745029】的GSD为【-】
2021-07-07 00:15:38 GSD insert 第 1 次 等待 1 秒
2021-07-07 00:15:39 {"status":"ok","msg":"添加成功！210130"}
2021-07-07 00:15:39 下次操作: 2021-07-07 00:15:46

2021-07-07 00:15:46 开始第 26 次操作

2021-07-07 00:15:46 开始操作号码 【1745030】
2021-07-07 00:16:05 GSD getOne 第 1 次 等待 1 秒
2021-07-07 00:16:06 查询号码 【1745030】，返回信息 {"status":"bad","msg":""}
2021-07-07 00:16:06 查询号码 【1745030】，GSD为【""】
2021-07-07 00:16:06 bad
2021-07-07 00:16:07 CHB 1745030?1625588166 第 1 次 等待 1 秒
2021-07-07 00:16:08 CHB 1745030?1625588166 第 1 次 获取到号码【1745030】GSD
2021-07-07 00:16:08 未获取到号码【1745030】GSD，可能号码格式错误
2021-07-07 00:16:08 获取到号码【1745030】的GSD为【-】
2021-07-07 00:16:27 GSD insert 第 1 次 等待 1 秒
2021-07-07 00:16:28 {"status":"ok","msg":"添加成功！210138"}
2021-07-07 00:16:28 下次操作: 2021-07-07 00:16:44

2021-07-07 00:16:44 开始第 27 次操作

2021-07-07 00:16:44 开始操作号码 【1745031】
2021-07-07 00:16:48 GSD getOne 第 1 次 等待 1 秒
2021-07-07 00:16:49 查询号码 【1745031】，返回信息 {"status":"bad","msg":""}
2021-07-07 00:16:49 查询号码 【1745031】，GSD为【""】
2021-07-07 00:16:49 bad
2021-07-07 00:16:50 CHB 1745031?1625588209 第 1 次 等待 1 秒
2021-07-07 00:16:51 CHB 1745031?1625588209 第 1 次 获取到号码【1745031】GSD
2021-07-07 00:16:51 未获取到号码【1745031】GSD，可能号码格式错误
2021-07-07 00:16:51 获取到号码【1745031】的GSD为【-】
2021-07-07 00:17:10 GSD insert 第 1 次 等待 1 秒
2021-07-07 00:17:11 {"status":"ok","msg":"添加成功！210139"}
2021-07-07 00:17:11 下次操作: 2021-07-07 00:17:27

2021-07-07 00:17:27 开始第 28 次操作

2021-07-07 00:17:27 开始操作号码 【1745032】
2021-07-07 00:17:33 GSD getOne 第 1 次 等待 1 秒
2021-07-07 00:17:34 查询号码 【1745032】，返回信息 {"status":"bad","msg":""}
2021-07-07 00:17:34 查询号码 【1745032】，GSD为【""】
2021-07-07 00:17:34 bad
2021-07-07 00:17:35 CHB 1745032?1625588254 第 1 次 等待 1 秒
2021-07-07 00:17:36 CHB 1745032?1625588254 第 1 次 获取到号码【1745032】GSD
2021-07-07 00:17:37 未获取到号码【1745032】GSD，可能号码格式错误
2021-07-07 00:17:37 获取到号码【1745032】的GSD为【-】
2021-07-07 00:18:07 GSD insert 第 1 次 等待 1 秒
2021-07-07 00:18:08 {"status":"ok","msg":"添加成功！210147"}
2021-07-07 00:18:08 下次操作: 2021-07-07 00:18:19

2021-07-07 00:18:19 开始第 29 次操作

2021-07-07 00:18:19 开始操作号码 【1745033】
2021-07-07 00:18:30 GSD getOne 第 1 次 等待 1 秒
2021-07-07 00:18:31 查询号码 【1745033】，返回信息 {"status":"bad","msg":""}
2021-07-07 00:18:32 查询号码 【1745033】，GSD为【""】
2021-07-07 00:18:32 bad
2021-07-07 00:18:33 CHB 1745033?1625588312 第 1 次 等待 1 秒
2021-07-07 00:18:34 CHB 1745033?1625588312 第 1 次 获取到号码【1745033】GSD
2021-07-07 00:18:34 未获取到号码【1745033】GSD，可能号码格式错误
2021-07-07 00:18:34 获取到号码【1745033】的GSD为【-】
2021-07-07 00:18:53 GSD insert 第 1 次 等待 1 秒
2021-07-07 00:18:54 {"status":"ok","msg":"添加成功！210152"}
2021-07-07 00:18:54 下次操作: 2021-07-07 00:19:00

2021-07-07 00:19:00 开始第 30 次操作

2021-07-07 00:19:00 开始操作号码 【1745034】
2021-07-07 00:19:20 GSD getOne 第 1 次 等待 1 秒
2021-07-07 00:19:21 查询号码 【1745034】，返回信息 {"status":"bad","msg":""}
2021-07-07 00:19:21 查询号码 【1745034】，GSD为【""】
2021-07-07 00:19:21 bad
2021-07-07 00:19:23 CHB 1745034?1625588361 第 1 次 等待 1 秒
2021-07-07 00:19:24 CHB 1745034?1625588361 第 1 次 获取到号码【1745034】GSD
2021-07-07 00:19:24 未获取到号码【1745034】GSD，可能号码格式错误
2021-07-07 00:19:24 获取到号码【1745034】的GSD为【-】
2021-07-07 00:20:33 GSD insert 第 1 次 等待 1 秒
2021-07-07 00:20:34 {"status":"ok","msg":"添加成功！210166"}

