2024-03-12 00:10:43 开始第 8565 次操作

2024-03-12 00:10:43 开始操作号码 【1778478】
2024-03-12 00:10:50 GSD getOne 第 1 次 等待 3 秒
2024-03-12 00:10:53 查询号码 【1778478】，返回信息 {"status":"ok","msg":"重庆-重庆","gid":"31278","time_insert":"2018-07-09 08:38","time_update":"2021-01-15 09:00"}
2024-03-12 00:10:53 查询号码 【1778478】，GSD为【"重庆-重庆"】

2024-03-12 00:10:54 开始第 8566 次操作

2024-03-12 00:10:54 开始操作号码 【1778479】
2024-03-12 00:10:59 GSD getOne 第 1 次 等待 3 秒
2024-03-12 00:11:02 查询号码 【1778479】，返回信息 {"status":"ok","msg":"重庆-重庆","gid":"31279","time_insert":"2017-05-01 00:00","time_update":"2021-01-15 09:08"}
2024-03-12 00:11:02 查询号码 【1778479】，GSD为【"重庆-重庆"】

2024-03-12 00:11:03 开始第 8567 次操作

2024-03-12 00:11:03 开始操作号码 【1778480】
2024-03-12 00:11:09 GSD getOne 第 1 次 等待 3 秒
2024-03-12 00:11:12 查询号码 【1778480】，返回信息 {"status":"ok","msg":"贵州-贵阳","gid":"220148","time_insert":"2021-07-08 05:49"}
2024-03-12 00:11:12 查询号码 【1778480】，GSD为【"贵州-贵阳"】

2024-03-12 00:11:13 开始第 8568 次操作

2024-03-12 00:11:13 开始操作号码 【1778481】
2024-03-12 00:11:18 GSD getOne 第 1 次 等待 3 秒
2024-03-12 00:11:21 查询号码 【1778481】，返回信息 {"status":"ok","msg":"贵州-贵阳","gid":"31280","time_insert":"2018-11-09 00:46","time_update":"2020-11-21 10:30"}
2024-03-12 00:11:21 查询号码 【1778481】，GSD为【"贵州-贵阳"】

