2024-06-15 00:11:30 开始第 1229 次操作

2024-06-15 00:11:30 开始操作号码 【1551143】
2024-06-15 00:11:37 GSD getOne 第 1 次 等待 3 秒
2024-06-15 00:11:40 查询号码 【1551143】，返回信息 {"status":"ok","msg":"河北-石家庄","gid":"103645","time_insert":"2021-06-18 16:41"}
2024-06-15 00:11:40 查询号码 【1551143】，GSD为【"河北-石家庄"】

2024-06-15 00:11:41 开始第 1230 次操作

2024-06-15 00:11:41 开始操作号码 【1551144】
2024-06-15 00:11:50 GSD getOne 第 1 次 等待 3 秒
2024-06-15 00:11:53 查询号码 【1551144】，返回信息 {"status":"ok","msg":"河北-石家庄","gid":"103700","time_insert":"2021-06-18 17:01"}
2024-06-15 00:11:53 查询号码 【1551144】，GSD为【"河北-石家庄"】

2024-06-15 00:11:54 开始第 1231 次操作

2024-06-15 00:11:54 开始操作号码 【1551145】
2024-06-15 00:12:00 GSD getOne 第 1 次 等待 3 秒
2024-06-15 00:12:03 查询号码 【1551145】，返回信息 {"status":"ok","msg":"河北-石家庄","gid":"103752","time_insert":"2021-06-18 17:21"}
2024-06-15 00:12:03 查询号码 【1551145】，GSD为【"河北-石家庄"】

2024-06-15 00:12:04 开始第 1232 次操作

2024-06-15 00:12:04 开始操作号码 【1551146】
2024-06-15 00:12:10 GSD getOne 第 1 次 等待 3 秒
2024-06-15 00:12:13 查询号码 【1551146】，返回信息 {"status":"ok","msg":"河北-石家庄","gid":"103793","time_insert":"2021-06-18 17:37"}
2024-06-15 00:12:13 查询号码 【1551146】，GSD为【"河北-石家庄"】

