2024-05-18 00:10:57 开始第 9765 次操作

2024-05-18 00:10:57 开始操作号码 【1669678】
2024-05-18 00:11:06 GSD getOne 第 1 次 等待 3 秒
2024-05-18 00:11:09 查询号码 【1669678】，返回信息 {"status":"ok","msg":"河南-周口","gid":"207409","time_insert":"2021-07-06 16:53"}
2024-05-18 00:11:09 查询号码 【1669678】，GSD为【"河南-周口"】

2024-05-18 00:11:10 开始第 9766 次操作

2024-05-18 00:11:10 开始操作号码 【1669679】
2024-05-18 00:11:20 GSD getOne 第 1 次 等待 3 秒
2024-05-18 00:11:23 查询号码 【1669679】，返回信息 {"status":"ok","msg":"河南-周口","gid":"207418","time_insert":"2021-07-06 16:54"}
2024-05-18 00:11:23 查询号码 【1669679】，GSD为【"河南-周口"】

2024-05-18 00:11:24 开始第 9767 次操作

2024-05-18 00:11:24 开始操作号码 【1669680】
2024-05-18 00:11:30 GSD getOne 第 1 次 等待 3 秒
2024-05-18 00:11:33 查询号码 【1669680】，返回信息 {"status":"ok","msg":"河南-许昌","gid":"55133","time_insert":"2020-01-07 10:36"}
2024-05-18 00:11:33 查询号码 【1669680】，GSD为【"河南-许昌"】

2024-05-18 00:11:34 开始第 9768 次操作

2024-05-18 00:11:34 开始操作号码 【1669681】
2024-05-18 00:11:41 GSD getOne 第 1 次 等待 3 秒
2024-05-18 00:11:44 查询号码 【1669681】，返回信息 {"status":"ok","msg":"河南-许昌","gid":"207433","time_insert":"2021-07-06 16:55"}
2024-05-18 00:11:44 查询号码 【1669681】，GSD为【"河南-许昌"】

