2024-01-30 00:09:59 开始第 881 次操作

2024-01-30 00:09:59 开始操作号码 【1770794】
2024-01-30 00:10:05 GSD getOne 第 1 次 等待 3 秒
2024-01-30 00:10:08 查询号码 【1770794】，返回信息 {"status":"ok","msg":"江西-抚州","gid":"260801","time_insert":"2021-07-13 00:55"}
2024-01-30 00:10:08 查询号码 【1770794】，GSD为【"江西-抚州"】

2024-01-30 00:10:09 开始第 882 次操作

2024-01-30 00:10:09 开始操作号码 【1770795】
2024-01-30 00:10:21 GSD getOne 第 1 次 等待 3 秒
2024-01-30 00:10:24 查询号码 【1770795】，返回信息 {"status":"ok","msg":"江西-宜春","gid":"260923","time_insert":"2021-07-13 01:09"}
2024-01-30 00:10:25 查询号码 【1770795】，GSD为【"江西-宜春"】

2024-01-30 00:10:26 开始第 883 次操作

2024-01-30 00:10:26 开始操作号码 【1770796】
2024-01-30 00:10:30 GSD getOne 第 1 次 等待 3 秒
2024-01-30 00:10:33 查询号码 【1770796】，返回信息 {"status":"ok","msg":"江西-吉安","gid":"261104","time_insert":"2021-07-13 01:23"}
2024-01-30 00:10:33 查询号码 【1770796】，GSD为【"江西-吉安"】

2024-01-30 00:10:34 开始第 884 次操作

2024-01-30 00:10:34 开始操作号码 【1770797】
2024-01-30 00:10:38 GSD getOne 第 1 次 等待 3 秒
2024-01-30 00:10:41 查询号码 【1770797】，返回信息 {"status":"ok","msg":"江西-赣州","gid":"261143","time_insert":"2021-07-13 01:33"}
2024-01-30 00:10:42 查询号码 【1770797】，GSD为【"江西-赣州"】

