2024-09-14 00:12:01 开始第 4537 次操作

2024-09-14 00:12:01 开始操作号码 【1444535】
2024-09-14 00:12:11 GSD getOne 第 1 次 等待 3 秒
2024-09-14 00:12:14 查询号码 【1444535】，返回信息 {"status":"ok","msg":"-","gid":"615608","time_insert":"2023-03-26 10:21"}
2024-09-14 00:12:14 查询号码 【1444535】，GSD为【"-"】
2024-09-14 00:12:14 ok && -
2024-09-14 00:12:16 CHB 1444535?1726243934 第 1 次 等待 3 秒
2024-09-14 00:12:19 CHB 1444535?1726243934 第 1 次 获取到号码【1444535】GSD
2024-09-14 00:12:19 未获取到号码【1444535】GSD，可能号码格式错误
2024-09-14 00:12:19 获取到号码【1444535】的GSD为【-】
2024-09-14 00:12:27 GSD insert 第 1 次 等待 3 秒
2024-09-14 00:12:30 {"status":"bad","gid":"615608","msg":"添加失败！号码【1444535(-|-)】已存在！"}
2024-09-14 00:12:30 随机等待 143 秒，约 2 分钟
2024-09-14 00:12:30 下次操作: 2024-09-14 00:14:53

2024-09-14 00:14:53 开始第 4538 次操作

2024-09-14 00:14:53 开始操作号码 【1444536】
2024-09-14 00:15:01 GSD getOne 第 1 次 等待 3 秒
2024-09-14 00:15:04 查询号码 【1444536】，返回信息 {"status":"ok","msg":"-","gid":"615624","time_insert":"2023-03-26 10:36"}
2024-09-14 00:15:04 查询号码 【1444536】，GSD为【"-"】
2024-09-14 00:15:04 ok && -
2024-09-14 00:15:06 CHB 1444536?1726244104 第 1 次 等待 3 秒
2024-09-14 00:15:09 CHB 1444536?1726244104 第 1 次 获取到号码【1444536】GSD
2024-09-14 00:15:09 未获取到号码【1444536】GSD，可能号码格式错误
2024-09-14 00:15:09 获取到号码【1444536】的GSD为【-】
2024-09-14 00:15:17 GSD insert 第 1 次 等待 3 秒
2024-09-14 00:15:20 {"status":"bad","gid":"615624","msg":"添加失败！号码【1444536(-|-)】已存在！"}
2024-09-14 00:15:20 随机等待 86 秒，约 1 分钟
2024-09-14 00:15:20 下次操作: 2024-09-14 00:16:46

2024-09-14 00:16:46 开始第 4539 次操作

2024-09-14 00:16:46 开始操作号码 【1444537】
2024-09-14 00:16:54 GSD getOne 第 1 次 等待 3 秒
2024-09-14 00:16:57 查询号码 【1444537】，返回信息 {"status":"ok","msg":"-","gid":"615648","time_insert":"2023-03-26 10:54"}
2024-09-14 00:16:57 查询号码 【1444537】，GSD为【"-"】
2024-09-14 00:16:57 ok && -
2024-09-14 00:16:59 CHB 1444537?1726244217 第 1 次 等待 3 秒
2024-09-14 00:17:02 CHB 1444537?1726244217 第 1 次 获取到号码【1444537】GSD
2024-09-14 00:17:02 未获取到号码【1444537】GSD，可能号码格式错误
2024-09-14 00:17:02 获取到号码【1444537】的GSD为【-】
2024-09-14 00:17:10 GSD insert 第 1 次 等待 3 秒
2024-09-14 00:17:13 {"status":"bad","gid":"615648","msg":"添加失败！号码【1444537(-|-)】已存在！"}
2024-09-14 00:17:13 随机等待 161 秒，约 2 分钟
2024-09-14 00:17:13 下次操作: 2024-09-14 00:19:54

2024-09-14 00:19:54 开始第 4540 次操作

2024-09-14 00:19:54 开始操作号码 【1444538】
2024-09-14 00:20:02 GSD getOne 第 1 次 等待 3 秒
2024-09-14 00:20:05 查询号码 【1444538】，返回信息 {"status":"ok","msg":"-","gid":"615666","time_insert":"2023-03-26 11:03"}
2024-09-14 00:20:05 查询号码 【1444538】，GSD为【"-"】
2024-09-14 00:20:05 ok && -
2024-09-14 00:20:07 CHB 1444538?1726244405 第 1 次 等待 3 秒
2024-09-14 00:20:10 CHB 1444538?1726244405 第 1 次 获取到号码【1444538】GSD
2024-09-14 00:20:10 未获取到号码【1444538】GSD，可能号码格式错误
2024-09-14 00:20:10 获取到号码【1444538】的GSD为【-】
2024-09-14 00:20:18 GSD insert 第 1 次 等待 3 秒
2024-09-14 00:20:21 {"status":"bad","gid":"615666","msg":"添加失败！号码【1444538(-|-)】已存在！"}

2024-09-14 00:39:45 开始第 4541 次操作

2024-09-14 00:39:45 开始操作号码 【1444539】
2024-09-14 00:39:58 GSD getOne 第 1 次 等待 3 秒
2024-09-14 00:40:01 查询号码 【1444539】，返回信息 {"status":"ok","msg":"-","gid":"615697","time_insert":"2023-03-26 11:25"}
2024-09-14 00:40:01 查询号码 【1444539】，GSD为【"-"】
2024-09-14 00:40:01 ok && -
2024-09-14 00:40:04 CHB 1444539?1726245601 第 1 次 等待 3 秒
2024-09-14 00:40:07 CHB 1444539?1726245601 第 1 次 获取到号码【1444539】GSD
2024-09-14 00:40:07 未获取到号码【1444539】GSD，可能号码格式错误
2024-09-14 00:40:07 获取到号码【1444539】的GSD为【-】
2024-09-14 00:40:14 GSD insert 第 1 次 等待 3 秒
2024-09-14 00:40:17 {"status":"bad","gid":"615697","msg":"添加失败！号码【1444539(-|-)】已存在！"}
2024-09-14 00:40:17 随机等待 124 秒，约 2 分钟
2024-09-14 00:40:17 下次操作: 2024-09-14 00:42:21

2024-09-14 00:42:21 开始第 4542 次操作

2024-09-14 00:42:21 开始操作号码 【1444540】
2024-09-14 00:42:29 GSD getOne 第 1 次 等待 3 秒
2024-09-14 00:42:32 查询号码 【1444540】，返回信息 {"status":"ok","msg":"-","gid":"615708","time_insert":"2023-03-26 11:33"}
2024-09-14 00:42:32 查询号码 【1444540】，GSD为【"-"】
2024-09-14 00:42:32 ok && -
2024-09-14 00:42:34 CHB 1444540?1726245752 第 1 次 等待 3 秒
2024-09-14 00:42:37 CHB 1444540?1726245752 第 1 次 获取到号码【1444540】GSD
2024-09-14 00:42:37 未获取到号码【1444540】GSD，可能号码格式错误
2024-09-14 00:42:37 获取到号码【1444540】的GSD为【-】
2024-09-14 00:42:46 GSD insert 第 1 次 等待 3 秒
2024-09-14 00:42:49 {"status":"bad","gid":"615708","msg":"添加失败！号码【1444540(-|-)】已存在！"}
2024-09-14 00:42:49 随机等待 74 秒，约 1 分钟
2024-09-14 00:42:49 下次操作: 2024-09-14 00:44:03

2024-09-14 00:44:03 开始第 4543 次操作

2024-09-14 00:44:03 开始操作号码 【1444541】
2024-09-14 00:44:14 GSD getOne 第 1 次 等待 3 秒
2024-09-14 00:44:17 查询号码 【1444541】，返回信息 {"status":"ok","msg":"-","gid":"615734","time_insert":"2023-03-26 11:49"}
2024-09-14 00:44:17 查询号码 【1444541】，GSD为【"-"】
2024-09-14 00:44:17 ok && -
2024-09-14 00:44:19 CHB 1444541?1726245857 第 1 次 等待 3 秒
2024-09-14 00:44:22 CHB 1444541?1726245857 第 1 次 获取到号码【1444541】GSD
2024-09-14 00:44:22 未获取到号码【1444541】GSD，可能号码格式错误
2024-09-14 00:44:22 获取到号码【1444541】的GSD为【-】
2024-09-14 00:44:30 GSD insert 第 1 次 等待 3 秒
2024-09-14 00:44:33 {"status":"bad","gid":"615734","msg":"添加失败！号码【1444541(-|-)】已存在！"}
2024-09-14 00:44:33 随机等待 180 秒，约 3 分钟
2024-09-14 00:44:33 下次操作: 2024-09-14 00:47:33

2024-09-14 00:47:33 开始第 4544 次操作

2024-09-14 00:47:33 开始操作号码 【1444542】
2024-09-14 00:47:41 GSD getOne 第 1 次 等待 3 秒
2024-09-14 00:47:44 查询号码 【1444542】，返回信息 {"status":"ok","msg":"-","gid":"615767","time_insert":"2023-03-26 12:08"}
2024-09-14 00:47:44 查询号码 【1444542】，GSD为【"-"】
2024-09-14 00:47:44 ok && -
2024-09-14 00:47:46 CHB 1444542?1726246064 第 1 次 等待 3 秒
2024-09-14 00:47:49 CHB 1444542?1726246064 第 1 次 获取到号码【1444542】GSD
2024-09-14 00:47:49 未获取到号码【1444542】GSD，可能号码格式错误
2024-09-14 00:47:49 获取到号码【1444542】的GSD为【-】
2024-09-14 00:47:57 GSD insert 第 1 次 等待 3 秒
2024-09-14 00:48:00 {"status":"bad","gid":"615767","msg":"添加失败！号码【1444542(-|-)】已存在！"}

2024-09-14 01:09:27 开始第 4545 次操作

2024-09-14 01:09:27 开始操作号码 【1444543】
2024-09-14 01:09:36 GSD getOne 第 1 次 等待 3 秒
2024-09-14 01:09:39 查询号码 【1444543】，返回信息 {"status":"ok","msg":"-","gid":"615791","time_insert":"2023-03-26 12:24"}
2024-09-14 01:09:39 查询号码 【1444543】，GSD为【"-"】
2024-09-14 01:09:39 ok && -
2024-09-14 01:09:41 CHB 1444543?1726247379 第 1 次 等待 3 秒
2024-09-14 01:09:44 CHB 1444543?1726247379 第 1 次 获取到号码【1444543】GSD
2024-09-14 01:09:44 未获取到号码【1444543】GSD，可能号码格式错误
2024-09-14 01:09:44 获取到号码【1444543】的GSD为【-】
2024-09-14 01:09:56 GSD insert 第 1 次 等待 3 秒
2024-09-14 01:09:59 {"status":"bad","gid":"615791","msg":"添加失败！号码【1444543(-|-)】已存在！"}
2024-09-14 01:09:59 随机等待 227 秒，约 3 分钟
2024-09-14 01:09:59 下次操作: 2024-09-14 01:13:46

2024-09-14 01:13:46 开始第 4546 次操作

2024-09-14 01:13:46 开始操作号码 【1444544】
2024-09-14 01:13:54 GSD getOne 第 1 次 等待 3 秒
2024-09-14 01:13:57 查询号码 【1444544】，返回信息 {"status":"ok","msg":"-","gid":"615818","time_insert":"2023-03-26 12:42"}
2024-09-14 01:13:57 查询号码 【1444544】，GSD为【"-"】
2024-09-14 01:13:57 ok && -
2024-09-14 01:13:58 CHB 1444544?1726247637 第 1 次 等待 3 秒
2024-09-14 01:14:01 CHB 1444544?1726247637 第 1 次 获取到号码【1444544】GSD
2024-09-14 01:14:01 未获取到号码【1444544】GSD，可能号码格式错误
2024-09-14 01:14:01 获取到号码【1444544】的GSD为【-】
2024-09-14 01:14:11 GSD insert 第 1 次 等待 3 秒
2024-09-14 01:14:14 {"status":"bad","gid":"615818","msg":"添加失败！号码【1444544(-|-)】已存在！"}
2024-09-14 01:14:14 随机等待 166 秒，约 2 分钟
2024-09-14 01:14:14 下次操作: 2024-09-14 01:17:00

2024-09-14 01:17:00 开始第 4547 次操作

2024-09-14 01:17:00 开始操作号码 【1444545】
2024-09-14 01:17:08 GSD getOne 第 1 次 等待 3 秒
2024-09-14 01:17:11 查询号码 【1444545】，返回信息 {"status":"ok","msg":"-","gid":"615847","time_insert":"2023-03-26 12:57"}
2024-09-14 01:17:11 查询号码 【1444545】，GSD为【"-"】
2024-09-14 01:17:11 ok && -
2024-09-14 01:17:14 CHB 1444545?1726247831 第 1 次 等待 3 秒
2024-09-14 01:17:17 CHB 1444545?1726247831 第 1 次 获取到号码【1444545】GSD
2024-09-14 01:17:17 未获取到号码【1444545】GSD，可能号码格式错误
2024-09-14 01:17:17 获取到号码【1444545】的GSD为【-】
2024-09-14 01:17:27 GSD insert 第 1 次 等待 3 秒
2024-09-14 01:17:30 {"status":"bad","gid":"615847","msg":"添加失败！号码【1444545(-|-)】已存在！"}
2024-09-14 01:17:30 随机等待 154 秒，约 2 分钟
2024-09-14 01:17:30 下次操作: 2024-09-14 01:20:04

2024-09-14 01:20:04 开始第 4548 次操作

2024-09-14 01:20:04 开始操作号码 【1444546】
2024-09-14 01:20:12 GSD getOne 第 1 次 等待 3 秒
2024-09-14 01:20:15 查询号码 【1444546】，返回信息 {"status":"ok","msg":"-","gid":"615870","time_insert":"2023-03-26 13:12"}
2024-09-14 01:20:15 查询号码 【1444546】，GSD为【"-"】
2024-09-14 01:20:15 ok && -
2024-09-14 01:20:16 CHB 1444546?1726248015 第 1 次 等待 3 秒
2024-09-14 01:20:19 CHB 1444546?1726248015 第 1 次 获取到号码【1444546】GSD
2024-09-14 01:20:19 未获取到号码【1444546】GSD，可能号码格式错误
2024-09-14 01:20:19 获取到号码【1444546】的GSD为【-】
2024-09-14 01:20:27 GSD insert 第 1 次 等待 3 秒
2024-09-14 01:20:30 {"status":"bad","gid":"615870","msg":"添加失败！号码【1444546(-|-)】已存在！"}

2024-09-14 01:34:33 开始第 4549 次操作

2024-09-14 01:34:33 开始操作号码 【1444547】
2024-09-14 01:34:41 GSD getOne 第 1 次 等待 3 秒
2024-09-14 01:34:44 查询号码 【1444547】，返回信息 {"status":"ok","msg":"-","gid":"615885","time_insert":"2023-03-26 13:22"}
2024-09-14 01:34:44 查询号码 【1444547】，GSD为【"-"】
2024-09-14 01:34:44 ok && -
2024-09-14 01:34:46 CHB 1444547?1726248885 第 1 次 等待 3 秒
2024-09-14 01:34:49 CHB 1444547?1726248885 第 1 次 获取到号码【1444547】GSD
2024-09-14 01:34:50 未获取到号码【1444547】GSD，可能号码格式错误
2024-09-14 01:34:50 获取到号码【1444547】的GSD为【-】
2024-09-14 01:34:58 GSD insert 第 1 次 等待 3 秒
2024-09-14 01:35:01 {"status":"bad","gid":"615885","msg":"添加失败！号码【1444547(-|-)】已存在！"}
2024-09-14 01:35:01 随机等待 97 秒，约 1 分钟
2024-09-14 01:35:01 下次操作: 2024-09-14 01:36:38

2024-09-14 01:36:38 开始第 4550 次操作

2024-09-14 01:36:38 开始操作号码 【1444548】
2024-09-14 01:36:49 GSD getOne 第 1 次 等待 3 秒
2024-09-14 01:36:52 查询号码 【1444548】，返回信息 {"status":"ok","msg":"-","gid":"615924","time_insert":"2023-03-26 13:43"}
2024-09-14 01:36:52 查询号码 【1444548】，GSD为【"-"】
2024-09-14 01:36:52 ok && -
2024-09-14 01:36:54 CHB 1444548?1726249012 第 1 次 等待 3 秒
2024-09-14 01:36:57 CHB 1444548?1726249012 第 1 次 获取到号码【1444548】GSD
2024-09-14 01:36:57 未获取到号码【1444548】GSD，可能号码格式错误
2024-09-14 01:36:57 获取到号码【1444548】的GSD为【-】
2024-09-14 01:37:05 GSD insert 第 1 次 等待 3 秒
2024-09-14 01:37:08 {"status":"bad","gid":"615924","msg":"添加失败！号码【1444548(-|-)】已存在！"}
2024-09-14 01:37:08 随机等待 200 秒，约 3 分钟
2024-09-14 01:37:08 下次操作: 2024-09-14 01:40:28

2024-09-14 01:40:28 开始第 4551 次操作

2024-09-14 01:40:28 开始操作号码 【1444549】
2024-09-14 01:40:38 GSD getOne 第 1 次 等待 3 秒
2024-09-14 01:40:41 查询号码 【1444549】，返回信息 {"status":"ok","msg":"-","gid":"615953","time_insert":"2023-03-26 13:58"}
2024-09-14 01:40:41 查询号码 【1444549】，GSD为【"-"】
2024-09-14 01:40:41 ok && -
2024-09-14 01:40:43 CHB 1444549?1726249241 第 1 次 等待 3 秒
2024-09-14 01:40:46 CHB 1444549?1726249241 第 1 次 获取到号码【1444549】GSD
2024-09-14 01:40:46 未获取到号码【1444549】GSD，可能号码格式错误
2024-09-14 01:40:46 获取到号码【1444549】的GSD为【-】
2024-09-14 01:40:53 GSD insert 第 1 次 等待 3 秒
2024-09-14 01:40:56 {"status":"bad","gid":"615953","msg":"添加失败！号码【1444549(-|-)】已存在！"}
2024-09-14 01:40:56 随机等待 111 秒，约 1 分钟
2024-09-14 01:40:56 下次操作: 2024-09-14 01:42:47

2024-09-14 01:42:47 开始第 4552 次操作

2024-09-14 01:42:47 开始操作号码 【1444550】
2024-09-14 01:42:55 GSD getOne 第 1 次 等待 3 秒
2024-09-14 01:42:58 查询号码 【1444550】，返回信息 {"status":"ok","msg":"-","gid":"615965","time_insert":"2023-03-26 14:06"}
2024-09-14 01:42:58 查询号码 【1444550】，GSD为【"-"】
2024-09-14 01:42:58 ok && -
2024-09-14 01:43:00 CHB 1444550?1726249378 第 1 次 等待 3 秒
2024-09-14 01:43:03 CHB 1444550?1726249378 第 1 次 获取到号码【1444550】GSD
2024-09-14 01:43:03 未获取到号码【1444550】GSD，可能号码格式错误
2024-09-14 01:43:03 获取到号码【1444550】的GSD为【-】
2024-09-14 01:43:14 GSD insert 第 1 次 等待 3 秒
2024-09-14 01:43:17 {"status":"bad","gid":"615965","msg":"添加失败！号码【1444550(-|-)】已存在！"}

2024-09-14 02:13:53 开始第 4553 次操作

2024-09-14 02:13:53 开始操作号码 【1444551】
2024-09-14 02:14:02 GSD getOne 第 1 次 等待 3 秒
2024-09-14 02:14:05 查询号码 【1444551】，返回信息 {"status":"ok","msg":"-","gid":"615978","time_insert":"2023-03-26 14:16"}
2024-09-14 02:14:05 查询号码 【1444551】，GSD为【"-"】
2024-09-14 02:14:05 ok && -
2024-09-14 02:14:12 CHB 1444551?1726251245 第 1 次 等待 3 秒
2024-09-14 02:14:15 CHB 1444551?1726251245 第 1 次 获取到号码【1444551】GSD
2024-09-14 02:14:15 未获取到号码【1444551】GSD，可能号码格式错误
2024-09-14 02:14:15 获取到号码【1444551】的GSD为【-】
2024-09-14 02:14:23 GSD insert 第 1 次 等待 3 秒
2024-09-14 02:14:26 {"status":"bad","gid":"615978","msg":"添加失败！号码【1444551(-|-)】已存在！"}
2024-09-14 02:14:26 随机等待 112 秒，约 1 分钟
2024-09-14 02:14:26 下次操作: 2024-09-14 02:16:18

2024-09-14 02:16:18 开始第 4554 次操作

2024-09-14 02:16:18 开始操作号码 【1444552】
2024-09-14 02:16:26 GSD getOne 第 1 次 等待 3 秒
2024-09-14 02:16:29 查询号码 【1444552】，返回信息 {"status":"ok","msg":"-","gid":"615992","time_insert":"2023-03-26 14:25"}
2024-09-14 02:16:29 查询号码 【1444552】，GSD为【"-"】
2024-09-14 02:16:29 ok && -
2024-09-14 02:16:31 CHB 1444552?1726251389 第 1 次 等待 3 秒
2024-09-14 02:16:34 CHB 1444552?1726251389 第 1 次 获取到号码【1444552】GSD
2024-09-14 02:16:34 未获取到号码【1444552】GSD，可能号码格式错误
2024-09-14 02:16:34 获取到号码【1444552】的GSD为【-】
2024-09-14 02:16:42 GSD insert 第 1 次 等待 3 秒
2024-09-14 02:16:45 {"status":"bad","gid":"615992","msg":"添加失败！号码【1444552(-|-)】已存在！"}
2024-09-14 02:16:45 随机等待 195 秒，约 3 分钟
2024-09-14 02:16:45 下次操作: 2024-09-14 02:20:00

2024-09-14 02:20:00 开始第 4555 次操作

2024-09-14 02:20:00 开始操作号码 【1444553】
2024-09-14 02:20:07 GSD getOne 第 1 次 等待 3 秒
2024-09-14 02:20:10 查询号码 【1444553】，返回信息 {"status":"ok","msg":"-","gid":"616020","time_insert":"2023-03-26 14:41"}
2024-09-14 02:20:10 查询号码 【1444553】，GSD为【"-"】
2024-09-14 02:20:10 ok && -
2024-09-14 02:20:12 CHB 1444553?1726251610 第 1 次 等待 3 秒
2024-09-14 02:20:15 CHB 1444553?1726251610 第 1 次 获取到号码【1444553】GSD
2024-09-14 02:20:15 未获取到号码【1444553】GSD，可能号码格式错误
2024-09-14 02:20:15 获取到号码【1444553】的GSD为【-】
2024-09-14 02:20:23 GSD insert 第 1 次 等待 3 秒
2024-09-14 02:20:26 {"status":"bad","gid":"616020","msg":"添加失败！号码【1444553(-|-)】已存在！"}
2024-09-14 02:20:26 随机等待 161 秒，约 2 分钟
2024-09-14 02:20:26 下次操作: 2024-09-14 02:23:07

2024-09-14 02:23:07 开始第 4556 次操作

2024-09-14 02:23:07 开始操作号码 【1444554】
2024-09-14 02:23:15 GSD getOne 第 1 次 等待 3 秒
2024-09-14 02:23:18 查询号码 【1444554】，返回信息 {"status":"ok","msg":"-","gid":"616037","time_insert":"2023-03-26 14:51"}
2024-09-14 02:23:18 查询号码 【1444554】，GSD为【"-"】
2024-09-14 02:23:18 ok && -
2024-09-14 02:23:22 CHB 1444554?1726251798 第 1 次 等待 3 秒
2024-09-14 02:23:25 CHB 1444554?1726251798 第 1 次 获取到号码【1444554】GSD
2024-09-14 02:23:25 未获取到号码【1444554】GSD，可能号码格式错误
2024-09-14 02:23:25 获取到号码【1444554】的GSD为【-】
2024-09-14 02:23:33 GSD insert 第 1 次 等待 3 秒
2024-09-14 02:23:36 {"status":"bad","gid":"616037","msg":"添加失败！号码【1444554(-|-)】已存在！"}

2024-09-14 02:40:06 开始第 4557 次操作

2024-09-14 02:40:06 开始操作号码 【1444555】
2024-09-14 02:40:14 GSD getOne 第 1 次 等待 3 秒
2024-09-14 02:40:17 查询号码 【1444555】，返回信息 {"status":"ok","msg":"-","gid":"616060","time_insert":"2023-03-26 15:02"}
2024-09-14 02:40:17 查询号码 【1444555】，GSD为【"-"】
2024-09-14 02:40:17 ok && -
2024-09-14 02:40:19 CHB 1444555?1726252817 第 1 次 等待 3 秒
2024-09-14 02:40:22 CHB 1444555?1726252817 第 1 次 获取到号码【1444555】GSD
2024-09-14 02:40:22 未获取到号码【1444555】GSD，可能号码格式错误
2024-09-14 02:40:22 获取到号码【1444555】的GSD为【-】
2024-09-14 02:40:29 GSD insert 第 1 次 等待 3 秒
2024-09-14 02:40:32 {"status":"bad","gid":"616060","msg":"添加失败！号码【1444555(-|-)】已存在！"}
2024-09-14 02:40:32 随机等待 221 秒，约 3 分钟
2024-09-14 02:40:32 下次操作: 2024-09-14 02:44:13

2024-09-14 02:44:14 开始第 4558 次操作

2024-09-14 02:44:14 开始操作号码 【1444556】
2024-09-14 02:44:21 GSD getOne 第 1 次 等待 3 秒
2024-09-14 02:44:24 查询号码 【1444556】，返回信息 {"status":"ok","msg":"-","gid":"616072","time_insert":"2023-03-26 15:12"}
2024-09-14 02:44:24 查询号码 【1444556】，GSD为【"-"】
2024-09-14 02:44:24 ok && -
2024-09-14 02:45:09 CHB 1444556?1726253064 第 1 次 等待 3 秒
2024-09-14 02:45:12 CHB 1444556?1726253064 第 1 次 获取到号码【1444556】GSD
2024-09-14 02:45:12 未获取到号码【1444556】GSD，可能号码格式错误
2024-09-14 02:45:12 获取到号码【1444556】的GSD为【-】
2024-09-14 02:45:20 GSD insert 第 1 次 等待 3 秒
2024-09-14 02:45:23 {"status":"bad","gid":"616072","msg":"添加失败！号码【1444556(-|-)】已存在！"}
2024-09-14 02:45:23 随机等待 108 秒，约 1 分钟
2024-09-14 02:45:23 下次操作: 2024-09-14 02:47:11

2024-09-14 02:47:11 开始第 4559 次操作

2024-09-14 02:47:11 开始操作号码 【1444557】
2024-09-14 02:47:19 GSD getOne 第 1 次 等待 3 秒
2024-09-14 02:47:22 查询号码 【1444557】，返回信息 {"status":"ok","msg":"-","gid":"616097","time_insert":"2023-03-26 15:27"}
2024-09-14 02:47:22 查询号码 【1444557】，GSD为【"-"】
2024-09-14 02:47:22 ok && -
2024-09-14 02:47:24 CHB 1444557?1726253242 第 1 次 等待 3 秒
2024-09-14 02:47:27 CHB 1444557?1726253242 第 1 次 获取到号码【1444557】GSD
2024-09-14 02:47:27 获取到号码【1444557】的GSD为【Gateway Timeout-Gateway Timeout】
2024-09-14 02:47:27 GSD insert 第 1 次 等待 3 秒
2024-09-14 02:47:30 GSD insert 第 2 次 等待 3 秒
2024-09-14 02:47:33 GSD insert 第 3 次 等待 3 秒
2024-09-14 02:47:36 GSD insert 第 4 次 等待 3 秒
2024-09-14 02:47:39 GSD insert 第 5 次 等待 3 秒
2024-09-14 02:47:42 GSD insert 第 6 次 等待 3 秒
2024-09-14 02:47:45 GSD insert 第 7 次 等待 3 秒
2024-09-14 02:47:48 GSD insert 第 8 次 等待 3 秒
2024-09-14 02:47:51 GSD insert 第 9 次 等待 3 秒
2024-09-14 02:47:54 GSD insert 第 10 次 等待 3 秒
2024-09-14 02:47:57 
2024-09-14 02:47:57 本次操作号码 【1444557】 失败
2024-09-14 02:47:57 随机等待 173 秒，约 2 分钟
2024-09-14 02:47:57 下次操作: 2024-09-14 02:50:50

2024-09-14 02:50:50 开始第 4560 次操作

2024-09-14 02:50:50 开始操作号码 【1444557】
2024-09-14 02:50:59 GSD getOne 第 1 次 等待 3 秒
2024-09-14 02:51:02 查询号码 【1444557】，返回信息 {"status":"ok","msg":"-","gid":"616097","time_insert":"2023-03-26 15:27"}
2024-09-14 02:51:02 查询号码 【1444557】，GSD为【"-"】
2024-09-14 02:51:02 ok && -
2024-09-14 02:51:04 CHB 1444557?1726253462 第 1 次 等待 3 秒
2024-09-14 02:51:07 CHB 1444557?1726253462 第 1 次 获取到号码【1444557】GSD
2024-09-14 02:51:07 未获取到号码【1444557】GSD，可能号码格式错误
2024-09-14 02:51:07 获取到号码【1444557】的GSD为【-】
2024-09-14 02:51:15 GSD insert 第 1 次 等待 3 秒
2024-09-14 02:51:18 {"status":"bad","gid":"616097","msg":"添加失败！号码【1444557(-|-)】已存在！"}

2024-09-14 03:08:39 开始第 4561 次操作

2024-09-14 03:08:39 开始操作号码 【1444558】
2024-09-14 03:08:47 GSD getOne 第 1 次 等待 3 秒
2024-09-14 03:08:50 查询号码 【1444558】，返回信息 {"status":"ok","msg":"-","gid":"639599","time_insert":"2023-04-07 17:09"}
2024-09-14 03:08:51 查询号码 【1444558】，GSD为【"-"】
2024-09-14 03:08:51 ok && -
2024-09-14 03:08:52 CHB 1444558?1726254531 第 1 次 等待 3 秒
2024-09-14 03:08:55 CHB 1444558?1726254531 第 1 次 获取到号码【1444558】GSD
2024-09-14 03:08:55 未获取到号码【1444558】GSD，可能号码格式错误
2024-09-14 03:08:55 获取到号码【1444558】的GSD为【-】
2024-09-14 03:09:03 GSD insert 第 1 次 等待 3 秒
2024-09-14 03:09:06 {"status":"bad","gid":"639599","msg":"添加失败！号码【1444558(-|-)】已存在！"}
2024-09-14 03:09:06 随机等待 212 秒，约 3 分钟
2024-09-14 03:09:06 下次操作: 2024-09-14 03:12:38

2024-09-14 03:12:38 开始第 4562 次操作

2024-09-14 03:12:38 开始操作号码 【1444559】
2024-09-14 03:12:46 GSD getOne 第 1 次 等待 3 秒
2024-09-14 03:12:49 查询号码 【1444559】，返回信息 {"status":"ok","msg":"-","gid":"639600","time_insert":"2023-04-07 17:09"}
2024-09-14 03:12:49 查询号码 【1444559】，GSD为【"-"】
2024-09-14 03:12:49 ok && -
2024-09-14 03:12:51 CHB 1444559?1726254769 第 1 次 等待 3 秒
2024-09-14 03:12:54 CHB 1444559?1726254769 第 1 次 获取到号码【1444559】GSD
2024-09-14 03:12:54 未获取到号码【1444559】GSD，可能号码格式错误
2024-09-14 03:12:54 获取到号码【1444559】的GSD为【-】
2024-09-14 03:13:02 GSD insert 第 1 次 等待 3 秒
2024-09-14 03:13:05 {"status":"bad","gid":"639600","msg":"添加失败！号码【1444559(-|-)】已存在！"}
2024-09-14 03:13:05 随机等待 91 秒，约 1 分钟
2024-09-14 03:13:05 下次操作: 2024-09-14 03:14:36

2024-09-14 03:14:36 开始第 4563 次操作

2024-09-14 03:14:36 开始操作号码 【1444560】
2024-09-14 03:14:43 GSD getOne 第 1 次 等待 3 秒
2024-09-14 03:14:46 查询号码 【1444560】，返回信息 {"status":"ok","msg":"-","gid":"639601","time_insert":"2023-04-07 17:09"}
2024-09-14 03:14:46 查询号码 【1444560】，GSD为【"-"】
2024-09-14 03:14:46 ok && -
2024-09-14 03:14:48 CHB 1444560?1726254886 第 1 次 等待 3 秒
2024-09-14 03:14:51 CHB 1444560?1726254886 第 1 次 获取到号码【1444560】GSD
2024-09-14 03:14:51 未获取到号码【1444560】GSD，可能号码格式错误
2024-09-14 03:14:51 获取到号码【1444560】的GSD为【-】
2024-09-14 03:14:59 GSD insert 第 1 次 等待 3 秒
2024-09-14 03:15:02 {"status":"bad","gid":"639601","msg":"添加失败！号码【1444560(-|-)】已存在！"}
2024-09-14 03:15:02 随机等待 82 秒，约 1 分钟
2024-09-14 03:15:02 下次操作: 2024-09-14 03:16:24

2024-09-14 03:16:24 开始第 4564 次操作

2024-09-14 03:16:24 开始操作号码 【1444561】
2024-09-14 03:16:31 GSD getOne 第 1 次 等待 3 秒
2024-09-14 03:16:34 查询号码 【1444561】，返回信息 {"status":"ok","msg":"-","gid":"639602","time_insert":"2023-04-07 17:09"}
2024-09-14 03:16:34 查询号码 【1444561】，GSD为【"-"】
2024-09-14 03:16:34 ok && -
2024-09-14 03:16:36 CHB 1444561?1726254994 第 1 次 等待 3 秒
2024-09-14 03:16:39 CHB 1444561?1726254994 第 1 次 获取到号码【1444561】GSD
2024-09-14 03:16:39 未获取到号码【1444561】GSD，可能号码格式错误
2024-09-14 03:16:39 获取到号码【1444561】的GSD为【-】
2024-09-14 03:16:47 GSD insert 第 1 次 等待 3 秒
2024-09-14 03:16:50 {"status":"bad","gid":"639602","msg":"添加失败！号码【1444561(-|-)】已存在！"}

