2023-11-29 00:12:06 开始第 381 次操作

2023-11-29 00:12:06 开始操作号码 【1880294】
2023-11-29 00:12:10 GSD getOne 第 1 次 等待 3 秒
2023-11-29 00:12:13 查询号码 【1880294】，返回信息 {"status":"ok","msg":"陕西-西安","gid":"375529","time_insert":"2021-07-24 08:58"}
2023-11-29 00:12:13 查询号码 【1880294】，GSD为【"陕西-西安"】

2023-11-29 00:12:14 开始第 382 次操作

2023-11-29 00:12:14 开始操作号码 【1880295】
2023-11-29 00:12:20 GSD getOne 第 1 次 等待 3 秒
2023-11-29 00:12:23 查询号码 【1880295】，返回信息 {"status":"ok","msg":"陕西-西安","gid":"375530","time_insert":"2021-07-24 09:00"}
2023-11-29 00:12:23 查询号码 【1880295】，GSD为【"陕西-西安"】

2023-11-29 00:12:24 开始第 383 次操作

2023-11-29 00:12:24 开始操作号码 【1880296】
2023-11-29 00:12:28 GSD getOne 第 1 次 等待 3 秒
2023-11-29 00:12:31 查询号码 【1880296】，返回信息 {"status":"ok","msg":"陕西-西安","gid":"375552","time_insert":"2021-07-24 09:12"}
2023-11-29 00:12:32 查询号码 【1880296】，GSD为【"陕西-西安"】

2023-11-29 00:12:33 开始第 384 次操作

2023-11-29 00:12:33 开始操作号码 【1880297】
2023-11-29 00:12:45 GSD getOne 第 1 次 等待 3 秒
2023-11-29 00:12:48 查询号码 【1880297】，返回信息 {"status":"ok","msg":"陕西-西安","gid":"375574","time_insert":"2021-07-24 09:23"}
2023-11-29 00:12:48 查询号码 【1880297】，GSD为【"陕西-西安"】

2023-11-29 00:38:32 开始第 385 次操作

2023-11-29 00:38:32 开始操作号码 【1880298】
2023-11-29 00:38:37 GSD getOne 第 1 次 等待 3 秒
2023-11-29 00:38:40 查询号码 【1880298】，返回信息 {"status":"ok","msg":"陕西-西安","gid":"375579","time_insert":"2021-07-24 09:25"}
2023-11-29 00:38:40 查询号码 【1880298】，GSD为【"陕西-西安"】

2023-11-29 00:38:41 开始第 386 次操作

2023-11-29 00:38:41 开始操作号码 【1880299】
2023-11-29 00:38:45 GSD getOne 第 1 次 等待 3 秒
2023-11-29 00:38:48 查询号码 【1880299】，返回信息 {"status":"ok","msg":"陕西-西安","gid":"375601","time_insert":"2021-07-24 09:36"}
2023-11-29 00:38:48 查询号码 【1880299】，GSD为【"陕西-西安"】

2023-11-29 00:38:49 开始第 387 次操作

2023-11-29 00:38:49 开始操作号码 【1880300】
2023-11-29 00:38:53 GSD getOne 第 1 次 等待 3 秒
2023-11-29 00:38:56 查询号码 【1880300】，返回信息 {"status":"ok","msg":"河北-邯郸","gid":"43741","time_insert":"2019-11-15 11:24","time_update":"2020-08-19 00:12"}
2023-11-29 00:38:56 查询号码 【1880300】，GSD为【"河北-邯郸"】

2023-11-29 00:38:57 开始第 388 次操作

2023-11-29 00:38:57 开始操作号码 【1880301】
2023-11-29 00:39:01 GSD getOne 第 1 次 等待 3 秒
2023-11-29 00:39:04 查询号码 【1880301】，返回信息 {"status":"ok","msg":"河北-石家庄","gid":"375765","time_insert":"2021-07-24 09:48"}
2023-11-29 00:39:05 查询号码 【1880301】，GSD为【"河北-石家庄"】

