2024-06-14 00:13:22 开始第 1045 次操作

2024-06-14 00:13:22 开始操作号码 【1550959】
2024-06-14 00:13:30 GSD getOne 第 1 次 等待 3 秒
2024-06-14 00:13:33 查询号码 【1550959】，返回信息 {"status":"ok","msg":"宁夏-银川","gid":"99499","time_insert":"2021-06-16 10:45"}
2024-06-14 00:13:33 查询号码 【1550959】，GSD为【"宁夏-银川"】

2024-06-14 00:13:34 开始第 1046 次操作

2024-06-14 00:13:34 开始操作号码 【1550960】
2024-06-14 00:13:39 GSD getOne 第 1 次 等待 3 秒
2024-06-14 00:13:42 查询号码 【1550960】，返回信息 {"status":"ok","msg":"宁夏-银川","gid":"99524","time_insert":"2021-06-16 11:06"}
2024-06-14 00:13:42 查询号码 【1550960】，GSD为【"宁夏-银川"】

2024-06-14 00:13:43 开始第 1047 次操作

2024-06-14 00:13:43 开始操作号码 【1550961】
2024-06-14 00:13:50 GSD getOne 第 1 次 等待 3 秒
2024-06-14 00:13:53 查询号码 【1550961】，返回信息 {"status":"ok","msg":"宁夏-银川","gid":"99549","time_insert":"2021-06-16 11:26"}
2024-06-14 00:13:53 查询号码 【1550961】，GSD为【"宁夏-银川"】

2024-06-14 00:13:54 开始第 1048 次操作

2024-06-14 00:13:54 开始操作号码 【1550962】
2024-06-14 00:14:01 GSD getOne 第 1 次 等待 3 秒
2024-06-14 00:14:04 查询号码 【1550962】，返回信息 {"status":"ok","msg":"宁夏-中卫","gid":"99566","time_insert":"2021-06-16 11:42"}
2024-06-14 00:14:04 查询号码 【1550962】，GSD为【"宁夏-中卫"】

