2024-07-18 00:12:30 开始第 7209 次操作

2024-07-18 00:12:30 开始操作号码 【1557118】
2024-07-18 00:12:44 GSD getOne 第 1 次 等待 3 秒
2024-07-18 00:12:47 查询号码 【1557118】，返回信息 {"status":"ok","msg":"湖北-襄阳","gid":"400992","time_insert":"2021-07-26 12:36"}
2024-07-18 00:12:47 查询号码 【1557118】，GSD为【"湖北-襄阳"】

2024-07-18 00:12:48 开始第 7210 次操作

2024-07-18 00:12:48 开始操作号码 【1557119】
2024-07-18 00:12:56 GSD getOne 第 1 次 等待 3 秒
2024-07-18 00:12:59 查询号码 【1557119】，返回信息 {"status":"ok","msg":"湖北-襄阳","gid":"400990","time_insert":"2021-07-26 12:35"}
2024-07-18 00:12:59 查询号码 【1557119】，GSD为【"湖北-襄阳"】

2024-07-18 00:13:00 开始第 7211 次操作

2024-07-18 00:13:00 开始操作号码 【1557120】
2024-07-18 00:13:12 GSD getOne 第 1 次 等待 3 秒
2024-07-18 00:13:15 查询号码 【1557120】，返回信息 {"status":"ok","msg":"湖北-孝感","gid":"400988","time_insert":"2021-07-26 12:35"}
2024-07-18 00:13:15 查询号码 【1557120】，GSD为【"湖北-孝感"】

2024-07-18 00:13:16 开始第 7212 次操作

2024-07-18 00:13:16 开始操作号码 【1557121】
2024-07-18 00:13:28 GSD getOne 第 1 次 等待 3 秒
2024-07-18 00:13:31 查询号码 【1557121】，返回信息 {"status":"ok","msg":"湖北-孝感","gid":"400984","time_insert":"2021-07-26 12:33"}
2024-07-18 00:13:31 查询号码 【1557121】，GSD为【"湖北-孝感"】

2024-07-18 00:39:38 开始第 7213 次操作

2024-07-18 00:39:38 开始操作号码 【1557122】
2024-07-18 00:39:46 GSD getOne 第 1 次 等待 3 秒
2024-07-18 00:39:49 查询号码 【1557122】，返回信息 {"status":"ok","msg":"湖北-孝感","gid":"400982","time_insert":"2021-07-26 12:33"}
2024-07-18 00:39:49 查询号码 【1557122】，GSD为【"湖北-孝感"】

2024-07-18 00:39:50 开始第 7214 次操作

2024-07-18 00:39:50 开始操作号码 【1557123】
2024-07-18 00:39:58 GSD getOne 第 1 次 等待 3 秒
2024-07-18 00:40:01 查询号码 【1557123】，返回信息 {"status":"ok","msg":"湖北-孝感","gid":"400979","time_insert":"2021-07-26 12:32"}
2024-07-18 00:40:01 查询号码 【1557123】，GSD为【"湖北-孝感"】

2024-07-18 00:40:02 开始第 7215 次操作

2024-07-18 00:40:02 开始操作号码 【1557124】
2024-07-18 00:40:10 GSD getOne 第 1 次 等待 3 秒
2024-07-18 00:40:13 查询号码 【1557124】，返回信息 {"status":"ok","msg":"湖北-孝感","gid":"400974","time_insert":"2021-07-26 12:30"}
2024-07-18 00:40:13 查询号码 【1557124】，GSD为【"湖北-孝感"】

2024-07-18 00:40:14 开始第 7216 次操作

2024-07-18 00:40:14 开始操作号码 【1557125】
2024-07-18 00:40:22 GSD getOne 第 1 次 等待 3 秒
2024-07-18 00:40:25 查询号码 【1557125】，返回信息 {"status":"ok","msg":"湖北-孝感","gid":"22140","time_insert":"2017-04-19 11:23","time_update":"2020-09-17 13:10"}
2024-07-18 00:40:25 查询号码 【1557125】，GSD为【"湖北-孝感"】

