2024-01-15 00:10:24 开始第 9001 次操作

2024-01-15 00:10:24 开始操作号码 【1888914】
2024-01-15 00:10:28 GSD getOne 第 1 次 等待 3 秒
2024-01-15 00:10:31 查询号码 【1888914】，返回信息 {"status":"ok","msg":"海南-海口","gid":"425190","time_insert":"2021-07-28 15:22"}
2024-01-15 00:10:31 查询号码 【1888914】，GSD为【"海南-海口"】

2024-01-15 00:10:32 开始第 9002 次操作

2024-01-15 00:10:32 开始操作号码 【1888915】
2024-01-15 00:10:36 GSD getOne 第 1 次 等待 3 秒
2024-01-15 00:10:39 查询号码 【1888915】，返回信息 {"status":"ok","msg":"海南-海口","gid":"425184","time_insert":"2021-07-28 15:21"}
2024-01-15 00:10:39 查询号码 【1888915】，GSD为【"海南-海口"】

2024-01-15 00:10:40 开始第 9003 次操作

2024-01-15 00:10:40 开始操作号码 【1888916】
2024-01-15 00:10:44 GSD getOne 第 1 次 等待 3 秒
2024-01-15 00:10:47 查询号码 【1888916】，返回信息 {"status":"ok","msg":"海南-海口","gid":"425178","time_insert":"2021-07-28 15:20"}
2024-01-15 00:10:47 查询号码 【1888916】，GSD为【"海南-海口"】

2024-01-15 00:10:48 开始第 9004 次操作

2024-01-15 00:10:48 开始操作号码 【1888917】
2024-01-15 00:10:52 GSD getOne 第 1 次 等待 3 秒
2024-01-15 00:10:55 查询号码 【1888917】，返回信息 {"status":"ok","msg":"海南-海口","gid":"425169","time_insert":"2021-07-28 15:19"}
2024-01-15 00:10:55 查询号码 【1888917】，GSD为【"海南-海口"】

2024-01-15 00:35:54 开始第 9005 次操作

2024-01-15 00:35:54 开始操作号码 【1888918】
2024-01-15 00:35:59 GSD getOne 第 1 次 等待 3 秒
2024-01-15 00:36:02 查询号码 【1888918】，返回信息 {"status":"ok","msg":"海南-海口","gid":"50308","time_insert":"2021-04-21 16:28"}
2024-01-15 00:36:02 查询号码 【1888918】，GSD为【"海南-海口"】

2024-01-15 00:36:03 开始第 9006 次操作

2024-01-15 00:36:03 开始操作号码 【1888919】
2024-01-15 00:36:24 GSD getOne 第 1 次 等待 3 秒
2024-01-15 00:36:27 查询号码 【1888919】，返回信息 {"status":"ok","msg":"海南-海口","gid":"44757","time_insert":"2014-04-04 13:52","time_update":"2020-10-05 14:43"}
2024-01-15 00:36:27 查询号码 【1888919】，GSD为【"海南-海口"】

2024-01-15 00:36:28 开始第 9007 次操作

2024-01-15 00:36:28 开始操作号码 【1888920】
2024-01-15 00:36:35 GSD getOne 第 1 次 等待 3 秒
2024-01-15 00:36:38 查询号码 【1888920】，返回信息 {"status":"ok","msg":"海南-海口","gid":"425153","time_insert":"2021-07-28 15:17"}
2024-01-15 00:36:38 查询号码 【1888920】，GSD为【"海南-海口"】

2024-01-15 00:36:39 开始第 9008 次操作

2024-01-15 00:36:39 开始操作号码 【1888921】
2024-01-15 00:36:45 GSD getOne 第 1 次 等待 3 秒
2024-01-15 00:36:48 查询号码 【1888921】，返回信息 {"status":"ok","msg":"海南-海口","gid":"425144","time_insert":"2021-07-28 15:16"}
2024-01-15 00:36:48 查询号码 【1888921】，GSD为【"海南-海口"】

