2024-11-13 00:14:49 开始第 4669 次操作

2024-11-13 00:14:49 开始操作号码 【1334668】
2024-11-13 00:14:50 GSD getOne 第 1 次 等待 3 秒
2024-11-13 00:14:53 查询号码 【1334668】，返回信息 {"status":"ok","msg":"河南-新乡","gid":"204527","time_insert":"2021-07-06 08:33"}
2024-11-13 00:14:53 查询号码 【1334668】，GSD为【"河南-新乡"】

2024-11-13 00:14:54 开始第 4670 次操作

2024-11-13 00:14:54 开始操作号码 【1334669】
2024-11-13 00:14:55 GSD getOne 第 1 次 等待 3 秒
2024-11-13 00:14:58 查询号码 【1334669】，返回信息 {"status":"ok","msg":"河南-许昌","gid":"204553","time_insert":"2021-07-06 08:48"}
2024-11-13 00:14:58 查询号码 【1334669】，GSD为【"河南-许昌"】

2024-11-13 00:14:59 开始第 4671 次操作

2024-11-13 00:14:59 开始操作号码 【1334670】
2024-11-13 00:15:00 GSD getOne 第 1 次 等待 3 秒
2024-11-13 00:15:03 查询号码 【1334670】，返回信息 {"status":"ok","msg":"河南-许昌","gid":"204584","time_insert":"2021-07-06 09:00"}
2024-11-13 00:15:03 查询号码 【1334670】，GSD为【"河南-许昌"】

2024-11-13 00:15:05 开始第 4672 次操作

2024-11-13 00:15:05 开始操作号码 【1334671】
2024-11-13 00:15:06 GSD getOne 第 1 次 等待 3 秒
2024-11-13 00:15:09 查询号码 【1334671】，返回信息 {"status":"ok","msg":"河南-平顶山","gid":"204619","time_insert":"2021-07-06 09:11"}
2024-11-13 00:15:09 查询号码 【1334671】，GSD为【"河南-平顶山"】

