2024-06-13 00:11:54 开始第 861 次操作

2024-06-13 00:11:54 开始操作号码 【1550775】
2024-06-13 00:12:02 GSD getOne 第 1 次 等待 3 秒
2024-06-13 00:12:05 查询号码 【1550775】，返回信息 {"status":"ok","msg":"广西-玉林","gid":"96511","time_insert":"2021-06-14 15:02"}
2024-06-13 00:12:05 查询号码 【1550775】，GSD为【"广西-玉林"】

2024-06-13 00:12:06 开始第 862 次操作

2024-06-13 00:12:06 开始操作号码 【1550776】
2024-06-13 00:12:15 GSD getOne 第 1 次 等待 3 秒
2024-06-13 00:12:18 查询号码 【1550776】，返回信息 {"status":"ok","msg":"广西-百色","gid":"96532","time_insert":"2021-06-14 15:21"}
2024-06-13 00:12:18 查询号码 【1550776】，GSD为【"广西-百色"】

2024-06-13 00:12:19 开始第 863 次操作

2024-06-13 00:12:19 开始操作号码 【1550777】
2024-06-13 00:12:25 GSD getOne 第 1 次 等待 3 秒
2024-06-13 00:12:28 查询号码 【1550777】，返回信息 {"status":"ok","msg":"广西-钦州","gid":"96554","time_insert":"2021-06-14 15:42"}
2024-06-13 00:12:28 查询号码 【1550777】，GSD为【"广西-钦州"】

2024-06-13 00:12:29 开始第 864 次操作

2024-06-13 00:12:29 开始操作号码 【1550778】
2024-06-13 00:12:37 GSD getOne 第 1 次 等待 3 秒
2024-06-13 00:12:40 查询号码 【1550778】，返回信息 {"status":"ok","msg":"广西-河池","gid":"96577","time_insert":"2021-06-14 16:00"}
2024-06-13 00:12:40 查询号码 【1550778】，GSD为【"广西-河池"】

