2023-12-20 00:10:20 开始第 4233 次操作

2023-12-20 00:10:20 开始操作号码 【1884146】
2023-12-20 00:10:24 GSD getOne 第 1 次 等待 3 秒
2023-12-20 00:10:27 查询号码 【1884146】，返回信息 {"status":"ok","msg":"辽宁-本溪","gid":"472589","time_insert":"2021-08-01 22:56"}
2023-12-20 00:10:27 查询号码 【1884146】，GSD为【"辽宁-本溪"】

2023-12-20 00:10:28 开始第 4234 次操作

2023-12-20 00:10:28 开始操作号码 【1884147】
2023-12-20 00:10:32 GSD getOne 第 1 次 等待 3 秒
2023-12-20 00:10:35 查询号码 【1884147】，返回信息 {"status":"ok","msg":"辽宁-本溪","gid":"472577","time_insert":"2021-08-01 22:56"}
2023-12-20 00:10:35 查询号码 【1884147】，GSD为【"辽宁-本溪"】

2023-12-20 00:10:36 开始第 4235 次操作

2023-12-20 00:10:36 开始操作号码 【1884148】
2023-12-20 00:10:40 GSD getOne 第 1 次 等待 3 秒
2023-12-20 00:10:43 查询号码 【1884148】，返回信息 {"status":"ok","msg":"辽宁-本溪","gid":"472566","time_insert":"2021-08-01 22:55"}
2023-12-20 00:10:43 查询号码 【1884148】，GSD为【"辽宁-本溪"】

2023-12-20 00:10:44 开始第 4236 次操作

2023-12-20 00:10:44 开始操作号码 【1884149】
2023-12-20 00:10:48 GSD getOne 第 1 次 等待 3 秒
2023-12-20 00:10:51 查询号码 【1884149】，返回信息 {"status":"ok","msg":"辽宁-本溪","gid":"472557","time_insert":"2021-08-01 22:54"}
2023-12-20 00:10:51 查询号码 【1884149】，GSD为【"辽宁-本溪"】

2023-12-20 00:33:09 开始第 4237 次操作

2023-12-20 00:33:09 开始操作号码 【1884150】
2023-12-20 00:33:15 GSD getOne 第 1 次 等待 3 秒
2023-12-20 00:33:18 查询号码 【1884150】，返回信息 {"status":"ok","msg":"辽宁-丹东","gid":"472547","time_insert":"2021-08-01 22:54"}
2023-12-20 00:33:18 查询号码 【1884150】，GSD为【"辽宁-丹东"】

2023-12-20 00:33:19 开始第 4238 次操作

2023-12-20 00:33:19 开始操作号码 【1884151】
2023-12-20 00:33:23 GSD getOne 第 1 次 等待 3 秒
2023-12-20 00:33:26 查询号码 【1884151】，返回信息 {"status":"ok","msg":"辽宁-丹东","gid":"472530","time_insert":"2021-08-01 22:53"}
2023-12-20 00:33:26 查询号码 【1884151】，GSD为【"辽宁-丹东"】

2023-12-20 00:33:27 开始第 4239 次操作

2023-12-20 00:33:27 开始操作号码 【1884152】
2023-12-20 00:33:31 GSD getOne 第 1 次 等待 3 秒
2023-12-20 00:33:34 查询号码 【1884152】，返回信息 {"status":"ok","msg":"辽宁-丹东","gid":"472520","time_insert":"2021-08-01 22:52"}
2023-12-20 00:33:34 查询号码 【1884152】，GSD为【"辽宁-丹东"】

2023-12-20 00:33:35 开始第 4240 次操作

2023-12-20 00:33:35 开始操作号码 【1884153】
2023-12-20 00:33:39 GSD getOne 第 1 次 等待 3 秒
2023-12-20 00:33:42 查询号码 【1884153】，返回信息 {"status":"ok","msg":"辽宁-丹东","gid":"472509","time_insert":"2021-08-01 22:51"}
2023-12-20 00:33:42 查询号码 【1884153】，GSD为【"辽宁-丹东"】

