2023-10-19 00:11:26 开始第 3957 次操作

2023-10-19 00:11:26 开始操作号码 【1983870】
2023-10-19 00:11:31 GSD getOne 第 1 次 等待 3 秒
2023-10-19 00:11:34 查询号码 【1983870】，返回信息 {"status":"ok","msg":"河南-南阳","gid":"505817","time_insert":"2021-08-12 13:54"}
2023-10-19 00:11:34 查询号码 【1983870】，GSD为【"河南-南阳"】

2023-10-19 00:11:35 开始第 3958 次操作

2023-10-19 00:11:35 开始操作号码 【1983871】
2023-10-19 00:11:47 GSD getOne 第 1 次 等待 3 秒
2023-10-19 00:11:50 查询号码 【1983871】，返回信息 {"status":"ok","msg":"河南-南阳","gid":"505826","time_insert":"2021-08-12 14:02"}
2023-10-19 00:11:50 查询号码 【1983871】，GSD为【"河南-南阳"】

2023-10-19 00:11:51 开始第 3959 次操作

2023-10-19 00:11:51 开始操作号码 【1983872】
2023-10-19 00:11:59 GSD getOne 第 1 次 等待 3 秒
2023-10-19 00:12:02 查询号码 【1983872】，返回信息 {"status":"ok","msg":"河南-南阳","gid":"505832","time_insert":"2021-08-12 14:03"}
2023-10-19 00:12:02 查询号码 【1983872】，GSD为【"河南-南阳"】

2023-10-19 00:12:03 开始第 3960 次操作

2023-10-19 00:12:03 开始操作号码 【1983873】
2023-10-19 00:12:08 GSD getOne 第 1 次 等待 3 秒
2023-10-19 00:12:11 查询号码 【1983873】，返回信息 {"status":"ok","msg":"河南-南阳","gid":"505836","time_insert":"2021-08-12 14:12"}
2023-10-19 00:12:11 查询号码 【1983873】，GSD为【"河南-南阳"】

2023-10-19 00:37:35 开始第 3961 次操作

2023-10-19 00:37:35 开始操作号码 【1983874】
2023-10-19 00:37:38 GSD getOne 第 1 次 等待 3 秒
2023-10-19 00:37:41 查询号码 【1983874】，返回信息 {"status":"ok","msg":"河南-南阳","gid":"505837","time_insert":"2021-08-12 14:12"}
2023-10-19 00:37:41 查询号码 【1983874】，GSD为【"河南-南阳"】

2023-10-19 00:37:42 开始第 3962 次操作

2023-10-19 00:37:42 开始操作号码 【1983875】
2023-10-19 00:37:50 GSD getOne 第 1 次 等待 3 秒
2023-10-19 00:37:53 查询号码 【1983875】，返回信息 {"status":"ok","msg":"河南-南阳","gid":"505853","time_insert":"2021-08-12 14:22"}
2023-10-19 00:37:53 查询号码 【1983875】，GSD为【"河南-南阳"】

2023-10-19 00:37:54 开始第 3963 次操作

2023-10-19 00:37:54 开始操作号码 【1983876】
2023-10-19 00:38:00 GSD getOne 第 1 次 等待 3 秒
2023-10-19 00:38:03 查询号码 【1983876】，返回信息 {"status":"ok","msg":"河南-南阳","gid":"505854","time_insert":"2021-08-12 14:22"}
2023-10-19 00:38:03 查询号码 【1983876】，GSD为【"河南-南阳"】

2023-10-19 00:38:04 开始第 3964 次操作

2023-10-19 00:38:04 开始操作号码 【1983877】
2023-10-19 00:38:17 GSD getOne 第 1 次 等待 3 秒
2023-10-19 00:38:20 查询号码 【1983877】，返回信息 {"status":"ok","msg":"河南-南阳","gid":"505866","time_insert":"2021-08-12 14:31"}
2023-10-19 00:38:20 查询号码 【1983877】，GSD为【"河南-南阳"】

2023-10-19 01:08:21 开始第 3965 次操作

2023-10-19 01:08:21 开始操作号码 【1983878】
2023-10-19 01:08:25 GSD getOne 第 1 次 等待 3 秒
2023-10-19 01:08:28 查询号码 【1983878】，返回信息 {"status":"ok","msg":"河南-南阳","gid":"505880","time_insert":"2021-08-12 14:41"}
2023-10-19 01:08:28 查询号码 【1983878】，GSD为【"河南-南阳"】

2023-10-19 01:08:29 开始第 3966 次操作

2023-10-19 01:08:29 开始操作号码 【1983879】
2023-10-19 01:08:32 GSD getOne 第 1 次 等待 3 秒
2023-10-19 01:08:35 查询号码 【1983879】，返回信息 {"status":"ok","msg":"河南-洛阳","gid":"505882","time_insert":"2021-08-12 14:41"}
2023-10-19 01:08:35 查询号码 【1983879】，GSD为【"河南-洛阳"】

2023-10-19 01:08:36 开始第 3967 次操作

2023-10-19 01:08:36 开始操作号码 【1983880】
2023-10-19 01:08:43 GSD getOne 第 1 次 等待 3 秒
2023-10-19 01:08:46 查询号码 【1983880】，返回信息 {"status":"ok","msg":"北京-北京","gid":"505896","time_insert":"2021-08-12 14:50"}
2023-10-19 01:08:46 查询号码 【1983880】，GSD为【"北京-北京"】

2023-10-19 01:08:47 开始第 3968 次操作

2023-10-19 01:08:47 开始操作号码 【1983881】
2023-10-19 01:08:49 GSD getOne 第 1 次 等待 3 秒
2023-10-19 01:08:52 查询号码 【1983881】，返回信息 {"status":"ok","msg":"北京-北京","gid":"505898","time_insert":"2021-08-12 14:51"}
2023-10-19 01:08:52 查询号码 【1983881】，GSD为【"北京-北京"】

