2024-01-03 00:09:59 开始第 6797 次操作

2024-01-03 00:09:59 开始操作号码 【1886710】
2024-01-03 00:10:02 GSD getOne 第 1 次 等待 3 秒
2024-01-03 00:10:05 查询号码 【1886710】，返回信息 {"status":"ok","msg":"浙江-杭州","gid":"44261","time_insert":"2018-04-20 14:09","time_update":"2020-09-03 10:28"}
2024-01-03 00:10:05 查询号码 【1886710】，GSD为【"浙江-杭州"】

2024-01-03 00:10:06 开始第 6798 次操作

2024-01-03 00:10:06 开始操作号码 【1886711】
2024-01-03 00:10:08 GSD getOne 第 1 次 等待 3 秒
2024-01-03 00:10:11 查询号码 【1886711】，返回信息 {"status":"ok","msg":"浙江-杭州","gid":"443162","time_insert":"2021-07-30 10:54"}
2024-01-03 00:10:11 查询号码 【1886711】，GSD为【"浙江-杭州"】

2024-01-03 00:10:12 开始第 6799 次操作

2024-01-03 00:10:12 开始操作号码 【1886712】
2024-01-03 00:10:15 GSD getOne 第 1 次 等待 3 秒
2024-01-03 00:10:18 查询号码 【1886712】，返回信息 {"status":"ok","msg":"浙江-杭州","gid":"443150","time_insert":"2021-07-30 10:53"}
2024-01-03 00:10:18 查询号码 【1886712】，GSD为【"浙江-杭州"】

2024-01-03 00:10:19 开始第 6800 次操作

2024-01-03 00:10:19 开始操作号码 【1886713】
2024-01-03 00:10:22 GSD getOne 第 1 次 等待 3 秒
2024-01-03 00:10:25 查询号码 【1886713】，返回信息 {"status":"ok","msg":"浙江-杭州","gid":"44262","time_insert":"2018-10-22 10:50","time_update":"2021-06-21 03:17"}
2024-01-03 00:10:25 查询号码 【1886713】，GSD为【"浙江-杭州"】

2024-01-03 00:36:14 开始第 6801 次操作

2024-01-03 00:36:14 开始操作号码 【1886714】
2024-01-03 00:36:18 GSD getOne 第 1 次 等待 3 秒
2024-01-03 00:36:21 查询号码 【1886714】，返回信息 {"status":"ok","msg":"浙江-杭州","gid":"443134","time_insert":"2021-07-30 10:52"}
2024-01-03 00:36:21 查询号码 【1886714】，GSD为【"浙江-杭州"】

2024-01-03 00:36:22 开始第 6802 次操作

2024-01-03 00:36:22 开始操作号码 【1886715】
2024-01-03 00:36:28 GSD getOne 第 1 次 等待 3 秒
2024-01-03 00:36:31 查询号码 【1886715】，返回信息 {"status":"ok","msg":"浙江-杭州","gid":"443121","time_insert":"2021-07-30 10:51"}
2024-01-03 00:36:31 查询号码 【1886715】，GSD为【"浙江-杭州"】

2024-01-03 00:36:32 开始第 6803 次操作

2024-01-03 00:36:32 开始操作号码 【1886716】
2024-01-03 00:36:35 GSD getOne 第 1 次 等待 3 秒
2024-01-03 00:36:38 查询号码 【1886716】，返回信息 {"status":"ok","msg":"浙江-金华","gid":"443112","time_insert":"2021-07-30 10:50"}
2024-01-03 00:36:38 查询号码 【1886716】，GSD为【"浙江-金华"】

2024-01-03 00:36:39 开始第 6804 次操作

2024-01-03 00:36:39 开始操作号码 【1886717】
2024-01-03 00:36:42 GSD getOne 第 1 次 等待 3 秒
2024-01-03 00:36:45 查询号码 【1886717】，返回信息 {"status":"ok","msg":"浙江-金华","gid":"442971","time_insert":"2021-07-30 10:18"}
2024-01-03 00:36:45 查询号码 【1886717】，GSD为【"浙江-金华"】

