2024-01-16 00:11:41 开始第 9185 次操作

2024-01-16 00:11:41 开始操作号码 【1889098】
2024-01-16 00:11:45 GSD getOne 第 1 次 等待 3 秒
2024-01-16 00:11:48 查询号码 【1889098】，返回信息 {"status":"ok","msg":"新疆-哈密","gid":"423558","time_insert":"2021-07-28 11:09"}
2024-01-16 00:11:48 查询号码 【1889098】，GSD为【"新疆-哈密"】

2024-01-16 00:11:49 开始第 9186 次操作

2024-01-16 00:11:49 开始操作号码 【1889099】
2024-01-16 00:11:52 GSD getOne 第 1 次 等待 3 秒
2024-01-16 00:11:55 查询号码 【1889099】，返回信息 {"status":"ok","msg":"新疆-哈密","gid":"423547","time_insert":"2021-07-28 11:08"}
2024-01-16 00:11:55 查询号码 【1889099】，GSD为【"新疆-哈密"】

2024-01-16 00:11:56 开始第 9187 次操作

2024-01-16 00:11:56 开始操作号码 【1889100】
2024-01-16 00:12:00 GSD getOne 第 1 次 等待 3 秒
2024-01-16 00:12:03 查询号码 【1889100】，返回信息 {"status":"ok","msg":"陕西-咸阳","gid":"423534","time_insert":"2021-07-28 11:08"}
2024-01-16 00:12:03 查询号码 【1889100】，GSD为【"陕西-咸阳"】

2024-01-16 00:12:04 开始第 9188 次操作

2024-01-16 00:12:04 开始操作号码 【1889101】
2024-01-16 00:12:07 GSD getOne 第 1 次 等待 3 秒
2024-01-16 00:12:10 查询号码 【1889101】，返回信息 {"status":"ok","msg":"陕西-咸阳","gid":"423524","time_insert":"2021-07-28 11:07"}
2024-01-16 00:12:10 查询号码 【1889101】，GSD为【"陕西-咸阳"】

2024-01-16 00:38:45 开始第 9189 次操作

2024-01-16 00:38:45 开始操作号码 【1889102】
2024-01-16 00:38:52 GSD getOne 第 1 次 等待 3 秒
2024-01-16 00:38:55 查询号码 【1889102】，返回信息 {"status":"ok","msg":"陕西-咸阳","gid":"423512","time_insert":"2021-07-28 11:06"}
2024-01-16 00:38:55 查询号码 【1889102】，GSD为【"陕西-咸阳"】

2024-01-16 00:38:56 开始第 9190 次操作

2024-01-16 00:38:56 开始操作号码 【1889103】
2024-01-16 00:39:01 GSD getOne 第 1 次 等待 3 秒
2024-01-16 00:39:04 查询号码 【1889103】，返回信息 {"status":"ok","msg":"陕西-咸阳","gid":"423498","time_insert":"2021-07-28 11:05"}
2024-01-16 00:39:04 查询号码 【1889103】，GSD为【"陕西-咸阳"】

2024-01-16 00:39:05 开始第 9191 次操作

2024-01-16 00:39:05 开始操作号码 【1889104】
2024-01-16 00:39:11 GSD getOne 第 1 次 等待 3 秒
2024-01-16 00:39:14 查询号码 【1889104】，返回信息 {"status":"ok","msg":"陕西-咸阳","gid":"423487","time_insert":"2021-07-28 11:04"}
2024-01-16 00:39:14 查询号码 【1889104】，GSD为【"陕西-咸阳"】

2024-01-16 00:39:15 开始第 9192 次操作

2024-01-16 00:39:15 开始操作号码 【1889105】
2024-01-16 00:39:25 GSD getOne 第 1 次 等待 3 秒
2024-01-16 00:39:28 查询号码 【1889105】，返回信息 {"status":"ok","msg":"陕西-咸阳","gid":"423475","time_insert":"2021-07-28 11:03"}
2024-01-16 00:39:28 查询号码 【1889105】，GSD为【"陕西-咸阳"】

2024-01-16 01:08:50 开始第 9193 次操作

2024-01-16 01:08:50 开始操作号码 【1889106】
2024-01-16 01:08:55 GSD getOne 第 1 次 等待 3 秒
2024-01-16 01:08:58 查询号码 【1889106】，返回信息 {"status":"ok","msg":"陕西-咸阳","gid":"423465","time_insert":"2021-07-28 11:03"}
2024-01-16 01:08:58 查询号码 【1889106】，GSD为【"陕西-咸阳"】

2024-01-16 01:08:59 开始第 9194 次操作

2024-01-16 01:08:59 开始操作号码 【1889107】
2024-01-16 01:09:03 GSD getOne 第 1 次 等待 3 秒
2024-01-16 01:09:06 查询号码 【1889107】，返回信息 {"status":"ok","msg":"陕西-咸阳","gid":"423455","time_insert":"2021-07-28 11:02"}
2024-01-16 01:09:06 查询号码 【1889107】，GSD为【"陕西-咸阳"】

2024-01-16 01:09:07 开始第 9195 次操作

2024-01-16 01:09:07 开始操作号码 【1889108】
2024-01-16 01:09:10 GSD getOne 第 1 次 等待 3 秒
2024-01-16 01:09:13 查询号码 【1889108】，返回信息 {"status":"ok","msg":"陕西-咸阳","gid":"423444","time_insert":"2021-07-28 11:01"}
2024-01-16 01:09:13 查询号码 【1889108】，GSD为【"陕西-咸阳"】

2024-01-16 01:09:14 开始第 9196 次操作

2024-01-16 01:09:14 开始操作号码 【1889109】
2024-01-16 01:09:18 GSD getOne 第 1 次 等待 3 秒
2024-01-16 01:09:21 查询号码 【1889109】，返回信息 {"status":"ok","msg":"陕西-咸阳","gid":"423433","time_insert":"2021-07-28 11:00"}
2024-01-16 01:09:21 查询号码 【1889109】，GSD为【"陕西-咸阳"】

2024-01-16 01:33:02 开始第 9197 次操作

2024-01-16 01:33:02 开始操作号码 【1889110】
2024-01-16 01:33:07 GSD getOne 第 1 次 等待 3 秒
2024-01-16 01:33:10 查询号码 【1889110】，返回信息 {"status":"ok","msg":"陕西-延安","gid":"44775","time_insert":"2016-12-16 09:51","time_update":"2020-12-09 12:55"}
2024-01-16 01:33:10 查询号码 【1889110】，GSD为【"陕西-延安"】

2024-01-16 01:33:11 开始第 9198 次操作

2024-01-16 01:33:11 开始操作号码 【1889111】
2024-01-16 01:33:15 GSD getOne 第 1 次 等待 3 秒
2024-01-16 01:33:18 查询号码 【1889111】，返回信息 {"status":"ok","msg":"陕西-延安","gid":"423415","time_insert":"2021-07-28 10:59"}
2024-01-16 01:33:18 查询号码 【1889111】，GSD为【"陕西-延安"】

2024-01-16 01:33:19 开始第 9199 次操作

2024-01-16 01:33:19 开始操作号码 【1889112】
2024-01-16 01:33:22 GSD getOne 第 1 次 等待 3 秒
2024-01-16 01:33:25 查询号码 【1889112】，返回信息 {"status":"ok","msg":"陕西-延安","gid":"423403","time_insert":"2021-07-28 10:58"}
2024-01-16 01:33:25 查询号码 【1889112】，GSD为【"陕西-延安"】

2024-01-16 01:33:27 开始第 9200 次操作

2024-01-16 01:33:27 开始操作号码 【1889113】
2024-01-16 01:33:30 GSD getOne 第 1 次 等待 3 秒
2024-01-16 01:33:33 查询号码 【1889113】，返回信息 {"status":"ok","msg":"陕西-延安","gid":"423392","time_insert":"2021-07-28 10:57"}
2024-01-16 01:33:33 查询号码 【1889113】，GSD为【"陕西-延安"】

