2024-09-23 00:11:33 开始第 6105 次操作

2024-09-23 00:11:33 开始操作号码 【1446102】
2024-09-23 00:11:36 GSD getOne 第 1 次 等待 3 秒
2024-09-23 00:11:39 查询号码 【1446102】，返回信息 {"status":"ok","msg":"-","gid":"661790","time_insert":"2023-04-18 07:49"}
2024-09-23 00:11:39 查询号码 【1446102】，GSD为【"-"】
2024-09-23 00:11:39 ok && -
2024-09-23 00:11:42 CHB 1446102?1727021499 第 1 次 等待 3 秒
2024-09-23 00:11:45 CHB 1446102?1727021499 第 1 次 获取到号码【1446102】GSD
2024-09-23 00:11:45 未获取到号码【1446102】GSD，可能号码格式错误
2024-09-23 00:11:45 获取到号码【1446102】的GSD为【-】
2024-09-23 00:11:50 GSD insert 第 1 次 等待 3 秒
2024-09-23 00:11:53 {"status":"bad","gid":"661790","msg":"添加失败！号码【1446102(-|-)】已存在！"}
2024-09-23 00:11:53 随机等待 85 秒，约 1 分钟
2024-09-23 00:11:53 下次操作: 2024-09-23 00:13:18

2024-09-23 00:13:18 开始第 6106 次操作

2024-09-23 00:13:18 开始操作号码 【1446103】
2024-09-23 00:13:21 GSD getOne 第 1 次 等待 3 秒
2024-09-23 00:13:24 查询号码 【1446103】，返回信息 {"status":"ok","msg":"-","gid":"661818","time_insert":"2023-04-18 08:09"}
2024-09-23 00:13:24 查询号码 【1446103】，GSD为【"-"】
2024-09-23 00:13:24 ok && -
2024-09-23 00:13:27 CHB 1446103?1727021604 第 1 次 等待 3 秒
2024-09-23 00:13:30 CHB 1446103?1727021604 第 1 次 获取到号码【1446103】GSD
2024-09-23 00:13:30 未获取到号码【1446103】GSD，可能号码格式错误
2024-09-23 00:13:30 获取到号码【1446103】的GSD为【-】
2024-09-23 00:13:32 GSD insert 第 1 次 等待 3 秒
2024-09-23 00:13:35 {"status":"bad","gid":"661818","msg":"添加失败！号码【1446103(-|-)】已存在！"}
2024-09-23 00:13:35 随机等待 130 秒，约 2 分钟
2024-09-23 00:13:35 下次操作: 2024-09-23 00:15:45

2024-09-23 00:15:45 开始第 6107 次操作

2024-09-23 00:15:45 开始操作号码 【1446104】
2024-09-23 00:15:49 GSD getOne 第 1 次 等待 3 秒
2024-09-23 00:15:52 查询号码 【1446104】，返回信息 {"status":"ok","msg":"-","gid":"661829","time_insert":"2023-04-18 08:23"}
2024-09-23 00:15:52 查询号码 【1446104】，GSD为【"-"】
2024-09-23 00:15:52 ok && -
2024-09-23 00:15:55 CHB 1446104?1727021752 第 1 次 等待 3 秒
2024-09-23 00:15:58 CHB 1446104?1727021752 第 1 次 获取到号码【1446104】GSD
2024-09-23 00:15:58 未获取到号码【1446104】GSD，可能号码格式错误
2024-09-23 00:15:58 获取到号码【1446104】的GSD为【-】
2024-09-23 00:16:01 GSD insert 第 1 次 等待 3 秒
2024-09-23 00:16:04 {"status":"bad","gid":"661829","msg":"添加失败！号码【1446104(-|-)】已存在！"}
2024-09-23 00:16:04 随机等待 212 秒，约 3 分钟
2024-09-23 00:16:04 下次操作: 2024-09-23 00:19:36

2024-09-23 00:19:36 开始第 6108 次操作

2024-09-23 00:19:36 开始操作号码 【1446105】
2024-09-23 00:19:38 GSD getOne 第 1 次 等待 3 秒
2024-09-23 00:19:41 查询号码 【1446105】，返回信息 {"status":"ok","msg":"-","gid":"661841","time_insert":"2023-04-18 08:37"}
2024-09-23 00:19:41 查询号码 【1446105】，GSD为【"-"】
2024-09-23 00:19:41 ok && -
2024-09-23 00:19:44 CHB 1446105?1727021981 第 1 次 等待 3 秒
2024-09-23 00:19:47 CHB 1446105?1727021981 第 1 次 获取到号码【1446105】GSD
2024-09-23 00:19:47 未获取到号码【1446105】GSD，可能号码格式错误
2024-09-23 00:19:47 获取到号码【1446105】的GSD为【-】
2024-09-23 00:19:50 GSD insert 第 1 次 等待 3 秒
2024-09-23 00:19:53 {"status":"bad","gid":"661841","msg":"添加失败！号码【1446105(-|-)】已存在！"}

2024-09-23 00:38:54 开始第 6109 次操作

2024-09-23 00:38:54 开始操作号码 【1446106】
2024-09-23 00:38:56 GSD getOne 第 1 次 等待 3 秒
2024-09-23 00:38:59 查询号码 【1446106】，返回信息 {"status":"ok","msg":"-","gid":"661858","time_insert":"2023-04-18 08:52"}
2024-09-23 00:38:59 查询号码 【1446106】，GSD为【"-"】
2024-09-23 00:38:59 ok && -
2024-09-23 00:39:01 CHB 1446106?1727023139 第 1 次 等待 3 秒
2024-09-23 00:39:04 CHB 1446106?1727023139 第 1 次 获取到号码【1446106】GSD
2024-09-23 00:39:04 未获取到号码【1446106】GSD，可能号码格式错误
2024-09-23 00:39:04 获取到号码【1446106】的GSD为【-】
2024-09-23 00:39:06 GSD insert 第 1 次 等待 3 秒
2024-09-23 00:39:09 {"status":"bad","gid":"661858","msg":"添加失败！号码【1446106(-|-)】已存在！"}
2024-09-23 00:39:09 随机等待 142 秒，约 2 分钟
2024-09-23 00:39:09 下次操作: 2024-09-23 00:41:31

2024-09-23 00:41:31 开始第 6110 次操作

2024-09-23 00:41:31 开始操作号码 【1446107】
2024-09-23 00:41:33 GSD getOne 第 1 次 等待 3 秒
2024-09-23 00:41:36 查询号码 【1446107】，返回信息 {"status":"ok","msg":"-","gid":"661879","time_insert":"2023-04-18 09:12"}
2024-09-23 00:41:36 查询号码 【1446107】，GSD为【"-"】
2024-09-23 00:41:36 ok && -
2024-09-23 00:41:37 CHB 1446107?1727023296 第 1 次 等待 3 秒
2024-09-23 00:41:40 CHB 1446107?1727023296 第 1 次 获取到号码【1446107】GSD
2024-09-23 00:41:40 未获取到号码【1446107】GSD，可能号码格式错误
2024-09-23 00:41:40 获取到号码【1446107】的GSD为【-】
2024-09-23 00:41:42 GSD insert 第 1 次 等待 3 秒
2024-09-23 00:41:45 {"status":"bad","gid":"661879","msg":"添加失败！号码【1446107(-|-)】已存在！"}
2024-09-23 00:41:45 随机等待 76 秒，约 1 分钟
2024-09-23 00:41:45 下次操作: 2024-09-23 00:43:01

2024-09-23 00:43:01 开始第 6111 次操作

2024-09-23 00:43:01 开始操作号码 【1446108】
2024-09-23 00:43:03 GSD getOne 第 1 次 等待 3 秒
2024-09-23 00:43:06 查询号码 【1446108】，返回信息 {"status":"ok","msg":"-","gid":"661888","time_insert":"2023-04-18 09:21"}
2024-09-23 00:43:06 查询号码 【1446108】，GSD为【"-"】
2024-09-23 00:43:06 ok && -
2024-09-23 00:43:08 CHB 1446108?1727023386 第 1 次 等待 3 秒
2024-09-23 00:43:11 CHB 1446108?1727023386 第 1 次 获取到号码【1446108】GSD
2024-09-23 00:43:11 未获取到号码【1446108】GSD，可能号码格式错误
2024-09-23 00:43:11 获取到号码【1446108】的GSD为【-】
2024-09-23 00:43:13 GSD insert 第 1 次 等待 3 秒
2024-09-23 00:43:16 {"status":"bad","gid":"661888","msg":"添加失败！号码【1446108(-|-)】已存在！"}
2024-09-23 00:43:16 随机等待 210 秒，约 3 分钟
2024-09-23 00:43:16 下次操作: 2024-09-23 00:46:46

2024-09-23 00:46:46 开始第 6112 次操作

2024-09-23 00:46:46 开始操作号码 【1446109】
2024-09-23 00:46:48 GSD getOne 第 1 次 等待 3 秒
2024-09-23 00:46:51 查询号码 【1446109】，返回信息 {"status":"ok","msg":"-","gid":"661903","time_insert":"2023-04-18 09:39"}
2024-09-23 00:46:51 查询号码 【1446109】，GSD为【"-"】
2024-09-23 00:46:51 ok && -
2024-09-23 00:46:53 CHB 1446109?1727023611 第 1 次 等待 3 秒
2024-09-23 00:46:56 CHB 1446109?1727023611 第 1 次 获取到号码【1446109】GSD
2024-09-23 00:46:56 未获取到号码【1446109】GSD，可能号码格式错误
2024-09-23 00:46:56 获取到号码【1446109】的GSD为【-】
2024-09-23 00:46:58 GSD insert 第 1 次 等待 3 秒
2024-09-23 00:47:01 {"status":"bad","gid":"661903","msg":"添加失败！号码【1446109(-|-)】已存在！"}

