2023-10-08 00:09:32 开始第 2141 次操作

2023-10-08 00:09:32 开始操作号码 【1982140】
2023-10-08 00:09:36 GSD getOne 第 1 次 等待 3 秒
2023-10-08 00:09:39 查询号码 【1982140】，返回信息 {"status":"ok","msg":"上海-上海","gid":"497446","time_insert":"2021-08-06 10:13"}
2023-10-08 00:09:39 查询号码 【1982140】，GSD为【"上海-上海"】

2023-10-08 00:09:40 开始第 2142 次操作

2023-10-08 00:09:40 开始操作号码 【1982141】
2023-10-08 00:09:46 GSD getOne 第 1 次 等待 3 秒
2023-10-08 00:09:49 查询号码 【1982141】，返回信息 {"status":"ok","msg":"上海-上海","gid":"497451","time_insert":"2021-08-06 10:19"}
2023-10-08 00:09:49 查询号码 【1982141】，GSD为【"上海-上海"】

2023-10-08 00:09:50 开始第 2143 次操作

2023-10-08 00:09:50 开始操作号码 【1982142】
2023-10-08 00:09:53 GSD getOne 第 1 次 等待 3 秒
2023-10-08 00:09:56 查询号码 【1982142】，返回信息 {"status":"ok","msg":"上海-上海","gid":"497452","time_insert":"2021-08-06 10:23"}
2023-10-08 00:09:56 查询号码 【1982142】，GSD为【"上海-上海"】

2023-10-08 00:09:57 开始第 2144 次操作

2023-10-08 00:09:57 开始操作号码 【1982143】
2023-10-08 00:10:04 GSD getOne 第 1 次 等待 3 秒
2023-10-08 00:10:08 查询号码 【1982143】，返回信息 {"status":"ok","msg":"上海-上海","gid":"497458","time_insert":"2021-08-06 10:29"}
2023-10-08 00:10:08 查询号码 【1982143】，GSD为【"上海-上海"】

