2023-10-15 00:09:32 开始第 3237 次操作

2023-10-15 00:09:32 开始操作号码 【1983202】
2023-10-15 00:09:37 GSD getOne 第 1 次 等待 3 秒
2023-10-15 00:09:40 查询号码 【1983202】，返回信息 {"status":"ok","msg":"河北-邯郸","gid":"501434","time_insert":"2021-08-10 04:07"}
2023-10-15 00:09:40 查询号码 【1983202】，GSD为【"河北-邯郸"】

2023-10-15 00:09:41 开始第 3238 次操作

2023-10-15 00:09:41 开始操作号码 【1983203】
2023-10-15 00:09:45 GSD getOne 第 1 次 等待 3 秒
2023-10-15 00:09:48 查询号码 【1983203】，返回信息 {"status":"ok","msg":"河北-邯郸","gid":"501436","time_insert":"2021-08-10 04:09"}
2023-10-15 00:09:48 查询号码 【1983203】，GSD为【"河北-邯郸"】

2023-10-15 00:09:49 开始第 3239 次操作

2023-10-15 00:09:49 开始操作号码 【1983204】
2023-10-15 00:09:55 GSD getOne 第 1 次 等待 3 秒
2023-10-15 00:09:58 查询号码 【1983204】，返回信息 {"status":"ok","msg":"河北-邯郸","gid":"501440","time_insert":"2021-08-10 04:18"}
2023-10-15 00:09:58 查询号码 【1983204】，GSD为【"河北-邯郸"】

2023-10-15 00:09:59 开始第 3240 次操作

2023-10-15 00:09:59 开始操作号码 【1983205】
2023-10-15 00:10:06 GSD getOne 第 1 次 等待 3 秒
2023-10-15 00:10:09 查询号码 【1983205】，返回信息 {"status":"ok","msg":"河北-唐山","gid":"501450","time_insert":"2021-08-10 04:28"}
2023-10-15 00:10:09 查询号码 【1983205】，GSD为【"河北-唐山"】

2023-10-15 00:33:46 开始第 3241 次操作

2023-10-15 00:33:46 开始操作号码 【1983206】
2023-10-15 00:34:15 GSD getOne 第 1 次 等待 3 秒
2023-10-15 00:34:18 查询号码 【1983206】，返回信息 {"status":"ok","msg":"河北-唐山","gid":"501451","time_insert":"2021-08-10 04:28"}
2023-10-15 00:34:18 查询号码 【1983206】，GSD为【"河北-唐山"】

2023-10-15 00:34:19 开始第 3242 次操作

2023-10-15 00:34:20 开始操作号码 【1983207】
2023-10-15 00:34:22 GSD getOne 第 1 次 等待 3 秒
2023-10-15 00:34:25 查询号码 【1983207】，返回信息 {"status":"ok","msg":"河北-唐山","gid":"501457","time_insert":"2021-08-10 04:37"}
2023-10-15 00:34:25 查询号码 【1983207】，GSD为【"河北-唐山"】

2023-10-15 00:34:26 开始第 3243 次操作

2023-10-15 00:34:26 开始操作号码 【1983208】
2023-10-15 00:34:30 GSD getOne 第 1 次 等待 3 秒
2023-10-15 00:34:33 查询号码 【1983208】，返回信息 {"status":"ok","msg":"河北-唐山","gid":"501459","time_insert":"2021-08-10 04:39"}
2023-10-15 00:34:33 查询号码 【1983208】，GSD为【"河北-唐山"】

2023-10-15 00:34:34 开始第 3244 次操作

2023-10-15 00:34:34 开始操作号码 【1983209】
2023-10-15 00:34:41 GSD getOne 第 1 次 等待 3 秒
2023-10-15 00:34:44 查询号码 【1983209】，返回信息 {"status":"ok","msg":"河北-唐山","gid":"501465","time_insert":"2021-08-10 04:47"}
2023-10-15 00:34:44 查询号码 【1983209】，GSD为【"河北-唐山"】

