2023-12-16 00:11:24 开始第 3497 次操作

2023-12-16 00:11:24 开始操作号码 【1883410】
2023-12-16 00:11:29 GSD getOne 第 1 次 等待 3 秒
2023-12-16 00:11:32 查询号码 【1883410】，返回信息 {"status":"ok","msg":"山西-太原","gid":"481307","time_insert":"2021-08-02 17:06"}
2023-12-16 00:11:32 查询号码 【1883410】，GSD为【"山西-太原"】

2023-12-16 00:11:33 开始第 3498 次操作

2023-12-16 00:11:33 开始操作号码 【1883411】
2023-12-16 00:11:40 GSD getOne 第 1 次 等待 3 秒
2023-12-16 00:11:43 查询号码 【1883411】，返回信息 {"status":"ok","msg":"山西-太原","gid":"481297","time_insert":"2021-08-02 17:05"}
2023-12-16 00:11:43 查询号码 【1883411】，GSD为【"山西-太原"】

2023-12-16 00:11:44 开始第 3499 次操作

2023-12-16 00:11:44 开始操作号码 【1883412】
2023-12-16 00:11:48 GSD getOne 第 1 次 等待 3 秒
2023-12-16 00:11:51 查询号码 【1883412】，返回信息 {"status":"ok","msg":"山西-太原","gid":"481277","time_insert":"2021-08-02 17:04"}
2023-12-16 00:11:51 查询号码 【1883412】，GSD为【"山西-太原"】

2023-12-16 00:11:52 开始第 3500 次操作

2023-12-16 00:11:52 开始操作号码 【1883413】
2023-12-16 00:11:56 GSD getOne 第 1 次 等待 3 秒
2023-12-16 00:11:59 查询号码 【1883413】，返回信息 {"status":"ok","msg":"山西-太原","gid":"481267","time_insert":"2021-08-02 17:03"}
2023-12-16 00:11:59 查询号码 【1883413】，GSD为【"山西-太原"】

