2024-01-18 00:11:59 开始第 9553 次操作

2024-01-18 00:11:59 开始操作号码 【1889466】
2024-01-18 00:12:03 GSD getOne 第 1 次 等待 3 秒
2024-01-18 00:12:06 查询号码 【1889466】，返回信息 {"status":"ok","msg":"广西-玉林","gid":"419588","time_insert":"2021-07-28 01:56"}
2024-01-18 00:12:06 查询号码 【1889466】，GSD为【"广西-玉林"】

2024-01-18 00:12:07 开始第 9554 次操作

2024-01-18 00:12:07 开始操作号码 【1889467】
2024-01-18 00:12:11 GSD getOne 第 1 次 等待 3 秒
2024-01-18 00:12:14 查询号码 【1889467】，返回信息 {"status":"ok","msg":"广西-玉林","gid":"419582","time_insert":"2021-07-28 01:56"}
2024-01-18 00:12:14 查询号码 【1889467】，GSD为【"广西-玉林"】

2024-01-18 00:12:15 开始第 9555 次操作

2024-01-18 00:12:15 开始操作号码 【1889468】
2024-01-18 00:12:19 GSD getOne 第 1 次 等待 3 秒
2024-01-18 00:12:22 查询号码 【1889468】，返回信息 {"status":"ok","msg":"广西-玉林","gid":"419574","time_insert":"2021-07-28 01:55"}
2024-01-18 00:12:22 查询号码 【1889468】，GSD为【"广西-玉林"】

2024-01-18 00:12:23 开始第 9556 次操作

2024-01-18 00:12:23 开始操作号码 【1889469】
2024-01-18 00:12:38 GSD getOne 第 1 次 等待 3 秒
2024-01-18 00:12:41 查询号码 【1889469】，返回信息 {"status":"ok","msg":"广西-玉林","gid":"419565","time_insert":"2021-07-28 01:55"}
2024-01-18 00:12:41 查询号码 【1889469】，GSD为【"广西-玉林"】

2024-01-18 00:38:54 开始第 9557 次操作

2024-01-18 00:38:54 开始操作号码 【1889470】
2024-01-18 00:38:59 GSD getOne 第 1 次 等待 3 秒
2024-01-18 00:39:02 查询号码 【1889470】，返回信息 {"status":"ok","msg":"广西-钦州","gid":"419554","time_insert":"2021-07-28 01:54","time_update":"2021-08-05 17:25"}
2024-01-18 00:39:02 查询号码 【1889470】，GSD为【"广西-钦州"】

2024-01-18 00:39:03 开始第 9558 次操作

2024-01-18 00:39:03 开始操作号码 【1889471】
2024-01-18 00:39:07 GSD getOne 第 1 次 等待 3 秒
2024-01-18 00:39:10 查询号码 【1889471】，返回信息 {"status":"ok","msg":"广西-钦州","gid":"419549","time_insert":"2021-07-28 01:54"}
2024-01-18 00:39:10 查询号码 【1889471】，GSD为【"广西-钦州"】

2024-01-18 00:39:11 开始第 9559 次操作

2024-01-18 00:39:11 开始操作号码 【1889472】
2024-01-18 00:39:15 GSD getOne 第 1 次 等待 3 秒
2024-01-18 00:39:18 查询号码 【1889472】，返回信息 {"status":"ok","msg":"广西-钦州","gid":"419539","time_insert":"2021-07-28 01:53"}
2024-01-18 00:39:18 查询号码 【1889472】，GSD为【"广西-钦州"】

2024-01-18 00:39:19 开始第 9560 次操作

2024-01-18 00:39:19 开始操作号码 【1889473】
2024-01-18 00:39:23 GSD getOne 第 1 次 等待 3 秒
2024-01-18 00:39:26 查询号码 【1889473】，返回信息 {"status":"ok","msg":"广西-钦州","gid":"419529","time_insert":"2021-07-28 01:52"}
2024-01-18 00:39:26 查询号码 【1889473】，GSD为【"广西-钦州"】

2024-01-18 01:08:34 开始第 9561 次操作

2024-01-18 01:08:34 开始操作号码 【1889474】
2024-01-18 01:08:38 GSD getOne 第 1 次 等待 3 秒
2024-01-18 01:08:41 查询号码 【1889474】，返回信息 {"status":"ok","msg":"广西-钦州","gid":"419521","time_insert":"2021-07-28 01:52"}
2024-01-18 01:08:41 查询号码 【1889474】，GSD为【"广西-钦州"】

2024-01-18 01:08:42 开始第 9562 次操作

2024-01-18 01:08:42 开始操作号码 【1889475】
2024-01-18 01:08:46 GSD getOne 第 1 次 等待 3 秒
2024-01-18 01:08:49 查询号码 【1889475】，返回信息 {"status":"ok","msg":"广西-钦州","gid":"419513","time_insert":"2021-07-28 01:51"}
2024-01-18 01:08:49 查询号码 【1889475】，GSD为【"广西-钦州"】

2024-01-18 01:08:50 开始第 9563 次操作

2024-01-18 01:08:50 开始操作号码 【1889476】
2024-01-18 01:08:55 GSD getOne 第 1 次 等待 3 秒
2024-01-18 01:08:58 查询号码 【1889476】，返回信息 {"status":"ok","msg":"广西-钦州","gid":"419505","time_insert":"2021-07-28 01:51"}
2024-01-18 01:08:58 查询号码 【1889476】，GSD为【"广西-钦州"】

2024-01-18 01:08:59 开始第 9564 次操作

2024-01-18 01:08:59 开始操作号码 【1889477】
2024-01-18 01:09:03 GSD getOne 第 1 次 等待 3 秒
2024-01-18 01:09:06 查询号码 【1889477】，返回信息 {"status":"ok","msg":"广西-钦州","gid":"419494","time_insert":"2021-07-28 01:50"}
2024-01-18 01:09:06 查询号码 【1889477】，GSD为【"广西-钦州"】

2024-01-18 01:33:15 开始第 9565 次操作

2024-01-18 01:33:15 开始操作号码 【1889478】
2024-01-18 01:33:20 GSD getOne 第 1 次 等待 3 秒
2024-01-18 01:33:23 查询号码 【1889478】，返回信息 {"status":"ok","msg":"广西-钦州","gid":"419489","time_insert":"2021-07-28 01:50"}
2024-01-18 01:33:23 查询号码 【1889478】，GSD为【"广西-钦州"】

2024-01-18 01:33:24 开始第 9566 次操作

2024-01-18 01:33:24 开始操作号码 【1889479】
2024-01-18 01:33:28 GSD getOne 第 1 次 等待 3 秒
2024-01-18 01:33:31 查询号码 【1889479】，返回信息 {"status":"ok","msg":"广西-钦州","gid":"419476","time_insert":"2021-07-28 01:49"}
2024-01-18 01:33:31 查询号码 【1889479】，GSD为【"广西-钦州"】

2024-01-18 01:33:32 开始第 9567 次操作

2024-01-18 01:33:32 开始操作号码 【1889480】
2024-01-18 01:33:36 GSD getOne 第 1 次 等待 3 秒
2024-01-18 01:33:39 查询号码 【1889480】，返回信息 {"status":"ok","msg":"广西-贵港","gid":"419463","time_insert":"2021-07-28 01:48"}
2024-01-18 01:33:39 查询号码 【1889480】，GSD为【"广西-贵港"】

2024-01-18 01:33:40 开始第 9568 次操作

2024-01-18 01:33:40 开始操作号码 【1889481】
2024-01-18 01:33:44 GSD getOne 第 1 次 等待 3 秒
2024-01-18 01:33:47 查询号码 【1889481】，返回信息 {"status":"ok","msg":"广西-贵港","gid":"419454","time_insert":"2021-07-28 01:48"}
2024-01-18 01:33:47 查询号码 【1889481】，GSD为【"广西-贵港"】

2024-01-18 02:11:41 开始第 9569 次操作

2024-01-18 02:11:41 开始操作号码 【1889482】
2024-01-18 02:11:45 GSD getOne 第 1 次 等待 3 秒
2024-01-18 02:11:48 查询号码 【1889482】，返回信息 {"status":"ok","msg":"广西-贵港","gid":"419446","time_insert":"2021-07-28 01:47"}
2024-01-18 02:11:48 查询号码 【1889482】，GSD为【"广西-贵港"】

2024-01-18 02:11:49 开始第 9570 次操作

2024-01-18 02:11:49 开始操作号码 【1889483】
2024-01-18 02:11:54 GSD getOne 第 1 次 等待 3 秒
2024-01-18 02:11:57 查询号码 【1889483】，返回信息 {"status":"ok","msg":"广西-贵港","gid":"419436","time_insert":"2021-07-28 01:47"}
2024-01-18 02:11:57 查询号码 【1889483】，GSD为【"广西-贵港"】

2024-01-18 02:11:58 开始第 9571 次操作

2024-01-18 02:11:58 开始操作号码 【1889484】
2024-01-18 02:12:02 GSD getOne 第 1 次 等待 3 秒
2024-01-18 02:12:05 查询号码 【1889484】，返回信息 {"status":"ok","msg":"广西-贵港","gid":"419426","time_insert":"2021-07-28 01:46"}
2024-01-18 02:12:05 查询号码 【1889484】，GSD为【"广西-贵港"】

2024-01-18 02:12:06 开始第 9572 次操作

2024-01-18 02:12:06 开始操作号码 【1889485】
2024-01-18 02:12:10 GSD getOne 第 1 次 等待 3 秒
2024-01-18 02:12:13 查询号码 【1889485】，返回信息 {"status":"ok","msg":"广西-贵港","gid":"419420","time_insert":"2021-07-28 01:45"}
2024-01-18 02:12:13 查询号码 【1889485】，GSD为【"广西-贵港"】

2024-01-18 02:35:18 开始第 9573 次操作

2024-01-18 02:35:18 开始操作号码 【1889486】
2024-01-18 02:35:22 GSD getOne 第 1 次 等待 3 秒
2024-01-18 02:35:25 查询号码 【1889486】，返回信息 {"status":"ok","msg":"广西-贵港","gid":"419409","time_insert":"2021-07-28 01:45"}
2024-01-18 02:35:25 查询号码 【1889486】，GSD为【"广西-贵港"】

2024-01-18 02:35:26 开始第 9574 次操作

2024-01-18 02:35:26 开始操作号码 【1889487】
2024-01-18 02:35:30 GSD getOne 第 1 次 等待 3 秒
2024-01-18 02:35:33 查询号码 【1889487】，返回信息 {"status":"ok","msg":"广西-贵港","gid":"419397","time_insert":"2021-07-28 01:44"}
2024-01-18 02:35:33 查询号码 【1889487】，GSD为【"广西-贵港"】

2024-01-18 02:35:34 开始第 9575 次操作

2024-01-18 02:35:34 开始操作号码 【1889488】
2024-01-18 02:35:38 GSD getOne 第 1 次 等待 3 秒
2024-01-18 02:35:41 查询号码 【1889488】，返回信息 {"status":"ok","msg":"广西-贵港","gid":"419391","time_insert":"2021-07-28 01:44"}
2024-01-18 02:35:41 查询号码 【1889488】，GSD为【"广西-贵港"】

2024-01-18 02:35:42 开始第 9576 次操作

2024-01-18 02:35:42 开始操作号码 【1889489】
2024-01-18 02:35:46 GSD getOne 第 1 次 等待 3 秒
2024-01-18 02:35:49 查询号码 【1889489】，返回信息 {"status":"ok","msg":"广西-贵港","gid":"419356","time_insert":"2021-07-28 01:38"}
2024-01-18 02:35:49 查询号码 【1889489】，GSD为【"广西-贵港"】

2024-01-18 03:07:33 开始第 9577 次操作

2024-01-18 03:07:33 开始操作号码 【1889490】
2024-01-18 03:07:38 GSD getOne 第 1 次 等待 3 秒
2024-01-18 03:07:41 查询号码 【1889490】，返回信息 {"status":"ok","msg":"河北-秦皇岛","gid":"419349","time_insert":"2021-07-28 01:38"}
2024-01-18 03:07:41 查询号码 【1889490】，GSD为【"河北-秦皇岛"】

2024-01-18 03:07:42 开始第 9578 次操作

2024-01-18 03:07:42 开始操作号码 【1889491】
2024-01-18 03:07:46 GSD getOne 第 1 次 等待 3 秒
2024-01-18 03:07:49 查询号码 【1889491】，返回信息 {"status":"ok","msg":"河北-秦皇岛","gid":"419342","time_insert":"2021-07-28 01:37"}
2024-01-18 03:07:49 查询号码 【1889491】，GSD为【"河北-秦皇岛"】

2024-01-18 03:07:50 开始第 9579 次操作

2024-01-18 03:07:50 开始操作号码 【1889492】
2024-01-18 03:07:54 GSD getOne 第 1 次 等待 3 秒
2024-01-18 03:07:57 查询号码 【1889492】，返回信息 {"status":"ok","msg":"河北-秦皇岛","gid":"419337","time_insert":"2021-07-28 01:36"}
2024-01-18 03:07:57 查询号码 【1889492】，GSD为【"河北-秦皇岛"】

2024-01-18 03:07:58 开始第 9580 次操作

2024-01-18 03:07:58 开始操作号码 【1889493】
2024-01-18 03:08:02 GSD getOne 第 1 次 等待 3 秒
2024-01-18 03:08:05 查询号码 【1889493】，返回信息 {"status":"ok","msg":"河北-秦皇岛","gid":"419333","time_insert":"2021-07-28 01:35"}
2024-01-18 03:08:05 查询号码 【1889493】，GSD为【"河北-秦皇岛"】

