2024-04-13 00:10:39 开始第 3477 次操作

2024-04-13 00:10:39 开始操作号码 【1663391】
2024-04-13 00:10:45 GSD getOne 第 1 次 等待 3 秒
2024-04-13 00:10:48 查询号码 【1663391】，返回信息 {"status":"ok","msg":"河北-秦皇岛","gid":"137379","time_insert":"2021-06-27 06:43"}
2024-04-13 00:10:48 查询号码 【1663391】，GSD为【"河北-秦皇岛"】

2024-04-13 00:10:49 开始第 3478 次操作

2024-04-13 00:10:49 开始操作号码 【1663392】
2024-04-13 00:10:54 GSD getOne 第 1 次 等待 3 秒
2024-04-13 00:10:57 查询号码 【1663392】，返回信息 {"status":"ok","msg":"河北-秦皇岛","gid":"137388","time_insert":"2021-06-27 06:44"}
2024-04-13 00:10:57 查询号码 【1663392】，GSD为【"河北-秦皇岛"】

2024-04-13 00:10:58 开始第 3479 次操作

2024-04-13 00:10:58 开始操作号码 【1663393】
2024-04-13 00:11:03 GSD getOne 第 1 次 等待 3 秒
2024-04-13 00:11:06 查询号码 【1663393】，返回信息 {"status":"ok","msg":"河北-邢台","gid":"137394","time_insert":"2021-06-27 06:45"}
2024-04-13 00:11:06 查询号码 【1663393】，GSD为【"河北-邢台"】

2024-04-13 00:11:07 开始第 3480 次操作

2024-04-13 00:11:07 开始操作号码 【1663394】
2024-04-13 00:11:11 GSD getOne 第 1 次 等待 3 秒
2024-04-13 00:11:14 查询号码 【1663394】，返回信息 {"status":"ok","msg":"河北-邢台","gid":"137403","time_insert":"2021-06-27 06:45"}
2024-04-13 00:11:14 查询号码 【1663394】，GSD为【"河北-邢台"】

2024-04-13 00:33:51 开始第 3481 次操作

2024-04-13 00:33:51 开始操作号码 【1663395】
2024-04-13 00:34:04 GSD getOne 第 1 次 等待 3 秒
2024-04-13 00:34:07 查询号码 【1663395】，返回信息 {"status":"ok","msg":"河北-邢台","gid":"137410","time_insert":"2021-06-27 06:46"}
2024-04-13 00:34:07 查询号码 【1663395】，GSD为【"河北-邢台"】

2024-04-13 00:34:08 开始第 3482 次操作

2024-04-13 00:34:08 开始操作号码 【1663396】
2024-04-13 00:34:17 GSD getOne 第 1 次 等待 3 秒
2024-04-13 00:34:20 查询号码 【1663396】，返回信息 {"status":"ok","msg":"河北-邢台","gid":"137419","time_insert":"2021-06-27 06:47"}
2024-04-13 00:34:21 查询号码 【1663396】，GSD为【"河北-邢台"】

2024-04-13 00:34:22 开始第 3483 次操作

2024-04-13 00:34:22 开始操作号码 【1663397】
2024-04-13 00:34:26 GSD getOne 第 1 次 等待 3 秒
2024-04-13 00:34:29 查询号码 【1663397】，返回信息 {"status":"ok","msg":"河北-邢台","gid":"137428","time_insert":"2021-06-27 06:48"}
2024-04-13 00:34:29 查询号码 【1663397】，GSD为【"河北-邢台"】

2024-04-13 00:34:30 开始第 3484 次操作

2024-04-13 00:34:30 开始操作号码 【1663398】
2024-04-13 00:34:36 GSD getOne 第 1 次 等待 3 秒
2024-04-13 00:34:39 查询号码 【1663398】，返回信息 {"status":"ok","msg":"河北-邢台","gid":"137435","time_insert":"2021-06-27 06:48"}
2024-04-13 00:34:39 查询号码 【1663398】，GSD为【"河北-邢台"】

