2024-03-26 00:11:15 开始第 169 次操作

2024-03-26 00:11:15 开始操作号码 【1660083】
2024-03-26 00:11:21 GSD getOne 第 1 次 等待 3 秒
2024-03-26 00:11:24 查询号码 【1660083】，返回信息 {"status":"ok","msg":"北京-北京","gid":"113252","time_insert":"2021-06-22 12:09","time_update":"2021-09-17 14:01"}
2024-03-26 00:11:24 查询号码 【1660083】，GSD为【"北京-北京"】

2024-03-26 00:11:25 开始第 170 次操作

2024-03-26 00:11:25 开始操作号码 【1660084】
2024-03-26 00:11:33 GSD getOne 第 1 次 等待 3 秒
2024-03-26 00:11:36 查询号码 【1660084】，返回信息 {"status":"ok","msg":"北京-北京","gid":"113257","time_insert":"2021-06-22 12:10","time_update":"2021-09-17 14:01"}
2024-03-26 00:11:36 查询号码 【1660084】，GSD为【"北京-北京"】

2024-03-26 00:11:37 开始第 171 次操作

2024-03-26 00:11:37 开始操作号码 【1660085】
2024-03-26 00:11:42 GSD getOne 第 1 次 等待 3 秒
2024-03-26 00:11:45 查询号码 【1660085】，返回信息 {"status":"ok","msg":"北京-北京","gid":"113259","time_insert":"2021-06-22 12:10","time_update":"2021-09-17 14:02"}
2024-03-26 00:11:45 查询号码 【1660085】，GSD为【"北京-北京"】

2024-03-26 00:11:46 开始第 172 次操作

2024-03-26 00:11:46 开始操作号码 【1660086】
2024-03-26 00:11:50 GSD getOne 第 1 次 等待 3 秒
2024-03-26 00:11:53 查询号码 【1660086】，返回信息 {"status":"ok","msg":"北京-北京","gid":"113261","time_insert":"2021-06-22 12:11","time_update":"2021-09-17 14:03"}
2024-03-26 00:11:54 查询号码 【1660086】，GSD为【"北京-北京"】

