2023-10-04 00:11:10 开始第 1405 次操作

2023-10-04 00:11:10 开始操作号码 【1981404】
2023-10-04 00:11:15 GSD getOne 第 1 次 等待 3 秒
2023-10-04 00:11:18 查询号码 【1981404】，返回信息 {"status":"ok","msg":"新疆-阿克苏","gid":"488153","time_insert":"2021-08-03 07:43"}
2023-10-04 00:11:18 查询号码 【1981404】，GSD为【"新疆-阿克苏"】

2023-10-04 00:11:19 开始第 1406 次操作

2023-10-04 00:11:19 开始操作号码 【1981405】
2023-10-04 00:11:22 GSD getOne 第 1 次 等待 3 秒
2023-10-04 00:11:25 查询号码 【1981405】，返回信息 {"status":"ok","msg":"新疆-巴音郭楞","gid":"488250","time_insert":"2021-08-03 07:49"}
2023-10-04 00:11:25 查询号码 【1981405】，GSD为【"新疆-巴音郭楞"】

2023-10-04 00:11:26 开始第 1407 次操作

2023-10-04 00:11:26 开始操作号码 【1981406】
2023-10-04 00:11:29 GSD getOne 第 1 次 等待 3 秒
2023-10-04 00:11:32 查询号码 【1981406】，返回信息 {"status":"ok","msg":"新疆-克拉玛依","gid":"488289","time_insert":"2021-08-03 07:52"}
2023-10-04 00:11:32 查询号码 【1981406】，GSD为【"新疆-克拉玛依"】

2023-10-04 00:11:33 开始第 1408 次操作

2023-10-04 00:11:33 开始操作号码 【1981407】
2023-10-04 00:11:36 GSD getOne 第 1 次 等待 3 秒
2023-10-04 00:11:39 查询号码 【1981407】，返回信息 {"status":"ok","msg":"新疆-喀什","gid":"488415","time_insert":"2021-08-03 08:00"}
2023-10-04 00:11:39 查询号码 【1981407】，GSD为【"新疆-喀什"】

2023-10-04 00:37:50 开始第 1409 次操作

2023-10-04 00:37:50 开始操作号码 【1981408】
2023-10-04 00:37:54 GSD getOne 第 1 次 等待 3 秒
2023-10-04 00:37:57 查询号码 【1981408】，返回信息 {"status":"ok","msg":"新疆-哈密","gid":"488451","time_insert":"2021-08-03 08:02"}
2023-10-04 00:37:57 查询号码 【1981408】，GSD为【"新疆-哈密"】

2023-10-04 00:37:58 开始第 1410 次操作

2023-10-04 00:37:58 开始操作号码 【1981409】
2023-10-04 00:38:01 GSD getOne 第 1 次 等待 3 秒
2023-10-04 00:38:04 查询号码 【1981409】，返回信息 {"status":"ok","msg":"新疆-阿勒泰","gid":"488506","time_insert":"2021-08-03 08:09"}
2023-10-04 00:38:04 查询号码 【1981409】，GSD为【"新疆-阿勒泰"】

2023-10-04 00:38:05 开始第 1411 次操作

2023-10-04 00:38:05 开始操作号码 【1981410】
2023-10-04 00:38:07 GSD getOne 第 1 次 等待 3 秒
2023-10-04 00:38:10 查询号码 【1981410】，返回信息 {"status":"ok","msg":"新疆-博尔塔拉","gid":"488521","time_insert":"2021-08-03 08:13"}
2023-10-04 00:38:10 查询号码 【1981410】，GSD为【"新疆-博尔塔拉"】

2023-10-04 00:38:11 开始第 1412 次操作

2023-10-04 00:38:11 开始操作号码 【1981411】
2023-10-04 00:38:14 GSD getOne 第 1 次 等待 3 秒
2023-10-04 00:38:17 查询号码 【1981411】，返回信息 {"status":"ok","msg":"新疆-塔城","gid":"488530","time_insert":"2021-08-03 08:18"}
2023-10-04 00:38:17 查询号码 【1981411】，GSD为【"新疆-塔城"】

2023-10-04 01:07:49 开始第 1413 次操作

2023-10-04 01:07:49 开始操作号码 【1981412】
2023-10-04 01:07:52 GSD getOne 第 1 次 等待 3 秒
2023-10-04 01:07:55 查询号码 【1981412】，返回信息 {"status":"ok","msg":"新疆-吐鲁番","gid":"488537","time_insert":"2021-08-03 08:22"}
2023-10-04 01:07:55 查询号码 【1981412】，GSD为【"新疆-吐鲁番"】

2023-10-04 01:07:56 开始第 1414 次操作

2023-10-04 01:07:56 开始操作号码 【1981413】
2023-10-04 01:07:59 GSD getOne 第 1 次 等待 3 秒
2023-10-04 01:08:02 查询号码 【1981413】，返回信息 {"status":"ok","msg":"新疆-和田","gid":"488544","time_insert":"2021-08-03 08:28"}
2023-10-04 01:08:02 查询号码 【1981413】，GSD为【"新疆-和田"】

2023-10-04 01:08:03 开始第 1415 次操作

2023-10-04 01:08:03 开始操作号码 【1981414】
2023-10-04 01:08:15 GSD getOne 第 1 次 等待 3 秒
2023-10-04 01:08:18 查询号码 【1981414】，返回信息 {"status":"ok","msg":"新疆-克孜勒苏","gid":"488549","time_insert":"2021-08-03 08:33"}
2023-10-04 01:08:18 查询号码 【1981414】，GSD为【"新疆-克孜勒苏"】

2023-10-04 01:08:19 开始第 1416 次操作

2023-10-04 01:08:19 开始操作号码 【1981415】
2023-10-04 01:08:24 GSD getOne 第 1 次 等待 3 秒
2023-10-04 01:08:27 查询号码 【1981415】，返回信息 {"status":"ok","msg":"海南-海口","gid":"46322","time_insert":"2020-05-29 09:01","time_update":"2020-10-05 12:12"}
2023-10-04 01:08:27 查询号码 【1981415】，GSD为【"海南-海口"】

2023-10-04 01:33:12 开始第 1417 次操作

2023-10-04 01:33:12 开始操作号码 【1981416】
2023-10-04 01:33:15 GSD getOne 第 1 次 等待 3 秒
2023-10-04 01:33:18 查询号码 【1981416】，返回信息 {"status":"ok","msg":"海南-海口","gid":"488554","time_insert":"2021-08-03 08:38"}
2023-10-04 01:33:18 查询号码 【1981416】，GSD为【"海南-海口"】

2023-10-04 01:33:19 开始第 1418 次操作

2023-10-04 01:33:19 开始操作号码 【1981417】
2023-10-04 01:33:22 GSD getOne 第 1 次 等待 3 秒
2023-10-04 01:33:25 查询号码 【1981417】，返回信息 {"status":"ok","msg":"海南-海口","gid":"488561","time_insert":"2021-08-03 08:43"}
2023-10-04 01:33:25 查询号码 【1981417】，GSD为【"海南-海口"】

2023-10-04 01:33:26 开始第 1419 次操作

2023-10-04 01:33:26 开始操作号码 【1981418】
2023-10-04 01:33:29 GSD getOne 第 1 次 等待 3 秒
2023-10-04 01:33:32 查询号码 【1981418】，返回信息 {"status":"ok","msg":"宁夏-银川","gid":"488565","time_insert":"2021-08-03 08:47"}
2023-10-04 01:33:32 查询号码 【1981418】，GSD为【"宁夏-银川"】

2023-10-04 01:33:33 开始第 1420 次操作

2023-10-04 01:33:33 开始操作号码 【1981419】
2023-10-04 01:33:35 GSD getOne 第 1 次 等待 3 秒
2023-10-04 01:33:38 查询号码 【1981419】，返回信息 {"status":"ok","msg":"宁夏-吴忠","gid":"488572","time_insert":"2021-08-03 08:52","time_update":"2021-08-03 08:57"}
2023-10-04 01:33:39 查询号码 【1981419】，GSD为【"宁夏-吴忠"】

