2024-09-29 00:11:51 开始第 7133 次操作

2024-09-29 00:11:51 开始操作号码 【1447129】
2024-09-29 00:11:53 GSD getOne 第 1 次 等待 3 秒
2024-09-29 00:11:56 查询号码 【1447129】，返回信息 {"status":"ok","msg":"-","gid":"687582","time_insert":"2023-04-30 23:24"}
2024-09-29 00:11:56 查询号码 【1447129】，GSD为【"-"】
2024-09-29 00:11:56 ok && -
2024-09-29 00:11:59 CHB 1447129?1727539916 第 1 次 等待 3 秒
2024-09-29 00:12:02 CHB 1447129?1727539916 第 1 次 获取到号码【1447129】GSD
2024-09-29 00:12:02 未获取到号码【1447129】GSD，可能号码格式错误
2024-09-29 00:12:02 获取到号码【1447129】的GSD为【-】
2024-09-29 00:12:05 GSD insert 第 1 次 等待 3 秒
2024-09-29 00:12:08 {"status":"bad","gid":"687582","msg":"添加失败！号码【1447129(-|-)】已存在！"}
2024-09-29 00:12:08 随机等待 159 秒，约 2 分钟
2024-09-29 00:12:08 下次操作: 2024-09-29 00:14:47

2024-09-29 00:14:47 开始第 7134 次操作

2024-09-29 00:14:47 开始操作号码 【1447130】
2024-09-29 00:14:49 GSD getOne 第 1 次 等待 3 秒
2024-09-29 00:14:52 查询号码 【1447130】，返回信息 {"status":"ok","msg":"-","gid":"687595","time_insert":"2023-04-30 23:35"}
2024-09-29 00:14:52 查询号码 【1447130】，GSD为【"-"】
2024-09-29 00:14:52 ok && -
2024-09-29 00:14:55 CHB 1447130?1727540092 第 1 次 等待 3 秒
2024-09-29 00:14:58 CHB 1447130?1727540092 第 1 次 获取到号码【1447130】GSD
2024-09-29 00:14:58 未获取到号码【1447130】GSD，可能号码格式错误
2024-09-29 00:14:58 获取到号码【1447130】的GSD为【-】
2024-09-29 00:15:00 GSD insert 第 1 次 等待 3 秒
2024-09-29 00:15:03 {"status":"bad","gid":"687595","msg":"添加失败！号码【1447130(-|-)】已存在！"}
2024-09-29 00:15:03 随机等待 229 秒，约 3 分钟
2024-09-29 00:15:03 下次操作: 2024-09-29 00:18:52

2024-09-29 00:18:52 开始第 7135 次操作

2024-09-29 00:18:52 开始操作号码 【1447131】
2024-09-29 00:18:54 GSD getOne 第 1 次 等待 3 秒
2024-09-29 00:18:57 查询号码 【1447131】，返回信息 {"status":"ok","msg":"-","gid":"687608","time_insert":"2023-04-30 23:47"}
2024-09-29 00:18:57 查询号码 【1447131】，GSD为【"-"】
2024-09-29 00:18:57 ok && -
2024-09-29 00:19:00 CHB 1447131?1727540337 第 1 次 等待 3 秒
2024-09-29 00:19:03 CHB 1447131?1727540337 第 1 次 获取到号码【1447131】GSD
2024-09-29 00:19:03 未获取到号码【1447131】GSD，可能号码格式错误
2024-09-29 00:19:03 获取到号码【1447131】的GSD为【-】
2024-09-29 00:19:05 GSD insert 第 1 次 等待 3 秒
2024-09-29 00:19:08 {"status":"bad","gid":"687608","msg":"添加失败！号码【1447131(-|-)】已存在！"}
2024-09-29 00:19:08 随机等待 129 秒，约 2 分钟
2024-09-29 00:19:08 下次操作: 2024-09-29 00:21:17

2024-09-29 00:21:17 开始第 7136 次操作

2024-09-29 00:21:17 开始操作号码 【1447132】
2024-09-29 00:21:19 GSD getOne 第 1 次 等待 3 秒
2024-09-29 00:21:22 查询号码 【1447132】，返回信息 {"status":"ok","msg":"-","gid":"687636","time_insert":"2023-05-01 00:07"}
2024-09-29 00:21:22 查询号码 【1447132】，GSD为【"-"】
2024-09-29 00:21:22 ok && -
2024-09-29 00:21:25 CHB 1447132?1727540482 第 1 次 等待 3 秒
2024-09-29 00:21:28 CHB 1447132?1727540482 第 1 次 获取到号码【1447132】GSD
2024-09-29 00:21:28 未获取到号码【1447132】GSD，可能号码格式错误
2024-09-29 00:21:28 获取到号码【1447132】的GSD为【-】
2024-09-29 00:21:30 GSD insert 第 1 次 等待 3 秒
2024-09-29 00:21:33 {"status":"bad","gid":"687636","msg":"添加失败！号码【1447132(-|-)】已存在！"}

