2024-04-28 00:09:37 开始第 6081 次操作

2024-04-28 00:09:37 开始操作号码 【1665995】
2024-04-28 00:09:50 GSD getOne 第 1 次 等待 3 秒
2024-04-28 00:09:53 查询号码 【1665995】，返回信息 {"status":"ok","msg":"福建-漳州","gid":"164965","time_insert":"2021-07-01 06:51"}
2024-04-28 00:09:53 查询号码 【1665995】，GSD为【"福建-漳州"】

2024-04-28 00:09:54 开始第 6082 次操作

2024-04-28 00:09:54 开始操作号码 【1665996】
2024-04-28 00:10:20 GSD getOne 第 1 次 等待 3 秒
2024-04-28 00:10:23 查询号码 【1665996】，返回信息 {"status":"ok","msg":"福建-漳州","gid":"164970","time_insert":"2021-07-01 06:51"}
2024-04-28 00:10:24 查询号码 【1665996】，GSD为【"福建-漳州"】

2024-04-28 00:10:25 开始第 6083 次操作

2024-04-28 00:10:25 开始操作号码 【1665997】
2024-04-28 00:10:31 GSD getOne 第 1 次 等待 3 秒
2024-04-28 00:10:34 查询号码 【1665997】，返回信息 {"status":"ok","msg":"福建-漳州","gid":"164977","time_insert":"2021-07-01 06:52"}
2024-04-28 00:10:34 查询号码 【1665997】，GSD为【"福建-漳州"】

2024-04-28 00:10:35 开始第 6084 次操作

2024-04-28 00:10:35 开始操作号码 【1665998】
2024-04-28 00:10:40 GSD getOne 第 1 次 等待 3 秒
2024-04-28 00:10:43 查询号码 【1665998】，返回信息 {"status":"ok","msg":"福建-漳州","gid":"164981","time_insert":"2021-07-01 06:52"}
2024-04-28 00:10:43 查询号码 【1665998】，GSD为【"福建-漳州"】

2024-04-28 00:33:13 开始第 6085 次操作

2024-04-28 00:33:13 开始操作号码 【1665999】
2024-04-28 00:33:23 GSD getOne 第 1 次 等待 3 秒
2024-04-28 00:33:26 查询号码 【1665999】，返回信息 {"status":"ok","msg":"福建-泉州","gid":"164987","time_insert":"2021-07-01 06:52"}
2024-04-28 00:33:26 查询号码 【1665999】，GSD为【"福建-泉州"】

2024-04-28 00:33:27 开始第 6086 次操作

2024-04-28 00:33:27 开始操作号码 【1666000】
2024-04-28 00:33:34 GSD getOne 第 1 次 等待 3 秒
2024-04-28 00:33:37 查询号码 【1666000】，返回信息 {"status":"ok","msg":"北京-北京","gid":"164992","time_insert":"2021-07-01 06:53","time_update":"2021-09-17 21:14"}
2024-04-28 00:33:37 查询号码 【1666000】，GSD为【"北京-北京"】

2024-04-28 00:33:38 开始第 6087 次操作

2024-04-28 00:33:38 开始操作号码 【1666001】
2024-04-28 00:33:47 GSD getOne 第 1 次 等待 3 秒
2024-04-28 00:33:50 查询号码 【1666001】，返回信息 {"status":"ok","msg":"北京-北京","gid":"164998","time_insert":"2021-07-01 06:53","time_update":"2021-09-17 21:15"}
2024-04-28 00:33:50 查询号码 【1666001】，GSD为【"北京-北京"】

2024-04-28 00:33:51 开始第 6088 次操作

2024-04-28 00:33:51 开始操作号码 【1666002】
2024-04-28 00:34:01 GSD getOne 第 1 次 等待 3 秒
2024-04-28 00:34:04 查询号码 【1666002】，返回信息 {"status":"ok","msg":"北京-北京","gid":"165130","time_insert":"2021-07-01 07:41","time_update":"2021-09-17 21:16"}
2024-04-28 00:34:04 查询号码 【1666002】，GSD为【"北京-北京"】

