2024-07-13 00:12:28 开始第 6313 次操作

2024-07-13 00:12:28 开始操作号码 【1556222】
2024-07-13 00:12:37 GSD getOne 第 1 次 等待 3 秒
2024-07-13 00:12:40 查询号码 【1556222】，返回信息 {"status":"ok","msg":"山东-枣庄","gid":"413192","time_insert":"2021-07-27 13:18"}
2024-07-13 00:12:40 查询号码 【1556222】，GSD为【"山东-枣庄"】

2024-07-13 00:12:41 开始第 6314 次操作

2024-07-13 00:12:41 开始操作号码 【1556223】
2024-07-13 00:12:58 GSD getOne 第 1 次 等待 3 秒
2024-07-13 00:13:01 查询号码 【1556223】，返回信息 {"status":"ok","msg":"山东-枣庄","gid":"413184","time_insert":"2021-07-27 13:17"}
2024-07-13 00:13:01 查询号码 【1556223】，GSD为【"山东-枣庄"】

2024-07-13 00:13:02 开始第 6315 次操作

2024-07-13 00:13:02 开始操作号码 【1556224】
2024-07-13 00:13:10 GSD getOne 第 1 次 等待 3 秒
2024-07-13 00:13:13 查询号码 【1556224】，返回信息 {"status":"ok","msg":"山东-枣庄","gid":"413177","time_insert":"2021-07-27 13:16"}
2024-07-13 00:13:13 查询号码 【1556224】，GSD为【"山东-枣庄"】

2024-07-13 00:13:14 开始第 6316 次操作

2024-07-13 00:13:14 开始操作号码 【1556225】
2024-07-13 00:13:21 GSD getOne 第 1 次 等待 3 秒
2024-07-13 00:13:24 查询号码 【1556225】，返回信息 {"status":"ok","msg":"山东-枣庄","gid":"413171","time_insert":"2021-07-27 13:16"}
2024-07-13 00:13:24 查询号码 【1556225】，GSD为【"山东-枣庄"】

