2024-12-06 00:16:18 开始第 8633 次操作

2024-12-06 00:16:18 开始操作号码 【1338632】
2024-12-06 00:16:19 GSD getOne 第 1 次 等待 3 秒
2024-12-06 00:16:22 查询号码 【1338632】，返回信息 {"status":"ok","msg":"山东-枣庄","gid":"269362","time_insert":"2021-07-13 23:46"}
2024-12-06 00:16:22 查询号码 【1338632】，GSD为【"山东-枣庄"】

2024-12-06 00:16:23 开始第 8634 次操作

2024-12-06 00:16:23 开始操作号码 【1338633】
2024-12-06 00:16:24 GSD getOne 第 1 次 等待 3 秒
2024-12-06 00:16:27 查询号码 【1338633】，返回信息 {"status":"ok","msg":"山东-日照","gid":"269360","time_insert":"2021-07-13 23:46"}
2024-12-06 00:16:27 查询号码 【1338633】，GSD为【"山东-日照"】

2024-12-06 00:16:28 开始第 8635 次操作

2024-12-06 00:16:28 开始操作号码 【1338634】
2024-12-06 00:16:32 GSD getOne 第 1 次 等待 3 秒
2024-12-06 00:16:35 查询号码 【1338634】，返回信息 {"status":"ok","msg":"山东-莱芜","gid":"269358","time_insert":"2021-07-13 23:45"}
2024-12-06 00:16:35 查询号码 【1338634】，GSD为【"山东-莱芜"】

2024-12-06 00:16:36 开始第 8636 次操作

2024-12-06 00:16:36 开始操作号码 【1338635】
2024-12-06 00:16:37 GSD getOne 第 1 次 等待 3 秒
2024-12-06 00:16:40 查询号码 【1338635】，返回信息 {"status":"ok","msg":"山东-聊城","gid":"269356","time_insert":"2021-07-13 23:45"}
2024-12-06 00:16:40 查询号码 【1338635】，GSD为【"山东-聊城"】

