2021-07-11 01:00:34 开始第 1 次操作

2021-07-11 01:00:34 开始操作号码 【1747615】
2021-07-11 01:00:38 GSD getOne 第 1 次 等待 1 秒
2021-07-11 01:00:39 查询号码 【1747615】，返回信息 {"status":"bad","msg":""}
2021-07-11 01:00:39 查询号码 【1747615】，GSD为【""】
2021-07-11 01:00:39 bad
2021-07-11 01:00:40 CHB 1747615?1625936439 第 1 次 等待 1 秒
2021-07-11 01:00:41 CHB 1747615?1625936439 第 1 次 获取到号码【1747615】GSD
2021-07-11 01:00:41 未获取到号码【1747615】GSD，可能号码格式错误
2021-07-11 01:00:41 获取到号码【1747615】的GSD为【-】
2021-07-11 01:00:44 GSD insert 第 1 次 等待 1 秒
2021-07-11 01:00:45 {"status":"ok","msg":"添加成功！243834"}
2021-07-11 01:00:45 下次操作: 2021-07-11 01:00:56

2021-07-11 01:00:56 开始第 2 次操作

2021-07-11 01:00:56 开始操作号码 【1747616】
2021-07-11 01:00:59 GSD getOne 第 1 次 等待 1 秒
2021-07-11 01:01:00 查询号码 【1747616】，返回信息 {"status":"bad","msg":""}
2021-07-11 01:01:00 查询号码 【1747616】，GSD为【""】
2021-07-11 01:01:00 bad
2021-07-11 01:01:03 CHB 1747616?1625936460 第 1 次 等待 1 秒
2021-07-11 01:01:04 CHB 1747616?1625936460 第 1 次 获取到号码【1747616】GSD
2021-07-11 01:01:04 未获取到号码【1747616】GSD，可能号码格式错误
2021-07-11 01:01:04 获取到号码【1747616】的GSD为【-】
2021-07-11 01:01:09 GSD insert 第 1 次 等待 1 秒
2021-07-11 01:01:10 {"status":"ok","msg":"添加成功！243839"}
2021-07-11 01:01:10 下次操作: 2021-07-11 01:01:24

2021-07-11 01:01:24 开始第 3 次操作

2021-07-11 01:01:24 开始操作号码 【1747617】
2021-07-11 01:01:28 GSD getOne 第 1 次 等待 1 秒
2021-07-11 01:01:29 查询号码 【1747617】，返回信息 {"status":"bad","msg":""}
2021-07-11 01:01:29 查询号码 【1747617】，GSD为【""】
2021-07-11 01:01:29 bad
2021-07-11 01:02:45 CHB 1747617?1625936489 第 1 次 等待 1 秒
2021-07-11 01:02:46 CHB 1747617?1625936489 第 1 次 获取到号码【1747617】GSD
2021-07-11 01:02:46 未获取到号码【1747617】GSD，可能号码格式错误
2021-07-11 01:02:46 获取到号码【1747617】的GSD为【-】
2021-07-11 01:02:53 GSD insert 第 1 次 等待 1 秒
2021-07-11 01:02:54 {"status":"ok","msg":"添加成功！243859"}
2021-07-11 01:02:54 下次操作: 2021-07-11 01:03:12

2021-07-11 01:03:12 开始第 4 次操作

2021-07-11 01:03:12 开始操作号码 【1747618】
2021-07-11 01:03:14 GSD getOne 第 1 次 等待 1 秒
2021-07-11 01:03:15 查询号码 【1747618】，返回信息 {"status":"bad","msg":""}
2021-07-11 01:03:15 查询号码 【1747618】，GSD为【""】
2021-07-11 01:03:15 bad
2021-07-11 01:03:18 CHB 1747618?1625936595 第 1 次 等待 1 秒
2021-07-11 01:03:19 CHB 1747618?1625936595 第 1 次 获取到号码【1747618】GSD
2021-07-11 01:03:19 未获取到号码【1747618】GSD，可能号码格式错误
2021-07-11 01:03:19 获取到号码【1747618】的GSD为【-】
2021-07-11 01:03:21 GSD insert 第 1 次 等待 1 秒
2021-07-11 01:03:22 {"status":"ok","msg":"添加成功！243865"}
2021-07-11 01:03:22 下次操作: 2021-07-11 01:03:30

2021-07-11 01:03:30 开始第 5 次操作

2021-07-11 01:03:30 开始操作号码 【1747619】
2021-07-11 01:03:34 GSD getOne 第 1 次 等待 1 秒
2021-07-11 01:03:35 查询号码 【1747619】，返回信息 {"status":"bad","msg":""}
2021-07-11 01:03:35 查询号码 【1747619】，GSD为【""】
2021-07-11 01:03:35 bad
2021-07-11 01:03:36 CHB 1747619?1625936615 第 1 次 等待 1 秒
2021-07-11 01:03:37 CHB 1747619?1625936615 第 1 次 获取到号码【1747619】GSD
2021-07-11 01:03:38 未获取到号码【1747619】GSD，可能号码格式错误
2021-07-11 01:03:38 获取到号码【1747619】的GSD为【-】
2021-07-11 01:03:41 GSD insert 第 1 次 等待 1 秒
2021-07-11 01:03:42 {"status":"ok","msg":"添加成功！243872"}
2021-07-11 01:03:42 下次操作: 2021-07-11 01:03:50

2021-07-11 01:03:50 开始第 6 次操作

2021-07-11 01:03:50 开始操作号码 【1747620】
2021-07-11 01:03:52 GSD getOne 第 1 次 等待 1 秒
2021-07-11 01:03:53 查询号码 【1747620】，返回信息 {"status":"bad","msg":""}
2021-07-11 01:03:53 查询号码 【1747620】，GSD为【""】
2021-07-11 01:03:53 bad
2021-07-11 01:03:57 CHB 1747620?1625936633 第 1 次 等待 1 秒
2021-07-11 01:03:58 CHB 1747620?1625936633 第 1 次 获取到号码【1747620】GSD
2021-07-11 01:03:58 未获取到号码【1747620】GSD，可能号码格式错误
2021-07-11 01:03:58 获取到号码【1747620】的GSD为【-】
2021-07-11 01:04:00 GSD insert 第 1 次 等待 1 秒
2021-07-11 01:04:01 {"status":"ok","msg":"添加成功！243877"}
2021-07-11 01:04:01 下次操作: 2021-07-11 01:04:12

2021-07-11 01:04:12 开始第 7 次操作

2021-07-11 01:04:12 开始操作号码 【1747621】
2021-07-11 01:04:35 GSD getOne 第 1 次 等待 1 秒
2021-07-11 01:04:36 查询号码 【1747621】，返回信息 {"status":"bad","msg":""}
2021-07-11 01:04:36 查询号码 【1747621】，GSD为【""】
2021-07-11 01:04:36 bad
2021-07-11 01:04:37 CHB 1747621?1625936676 第 1 次 等待 1 秒
2021-07-11 01:04:38 CHB 1747621?1625936676 第 1 次 获取到号码【1747621】GSD
2021-07-11 01:04:38 未获取到号码【1747621】GSD，可能号码格式错误
2021-07-11 01:04:38 获取到号码【1747621】的GSD为【-】
2021-07-11 01:04:41 GSD insert 第 1 次 等待 1 秒
2021-07-11 01:04:42 {"status":"ok","msg":"添加成功！243882"}
2021-07-11 01:04:42 下次操作: 2021-07-11 01:04:58

2021-07-11 01:04:58 开始第 8 次操作

2021-07-11 01:04:58 开始操作号码 【1747622】
2021-07-11 01:05:01 GSD getOne 第 1 次 等待 1 秒
2021-07-11 01:05:02 查询号码 【1747622】，返回信息 {"status":"bad","msg":""}
2021-07-11 01:05:02 查询号码 【1747622】，GSD为【""】
2021-07-11 01:05:02 bad
2021-07-11 01:05:04 CHB 1747622?1625936702 第 1 次 等待 1 秒
2021-07-11 01:05:05 CHB 1747622?1625936702 第 1 次 获取到号码【1747622】GSD
2021-07-11 01:05:05 未获取到号码【1747622】GSD，可能号码格式错误
2021-07-11 01:05:05 获取到号码【1747622】的GSD为【-】
2021-07-11 01:05:12 GSD insert 第 1 次 等待 1 秒
2021-07-11 01:05:13 {"status":"ok","msg":"添加成功！243892"}
2021-07-11 01:05:13 下次操作: 2021-07-11 01:05:28

2021-07-11 01:05:28 开始第 9 次操作

2021-07-11 01:05:28 开始操作号码 【1747623】
2021-07-11 01:05:30 GSD getOne 第 1 次 等待 1 秒
2021-07-11 01:05:31 查询号码 【1747623】，返回信息 {"status":"bad","msg":""}
2021-07-11 01:05:32 查询号码 【1747623】，GSD为【""】
2021-07-11 01:05:32 bad
2021-07-11 01:05:33 CHB 1747623?1625936732 第 1 次 等待 1 秒
2021-07-11 01:05:34 CHB 1747623?1625936732 第 1 次 获取到号码【1747623】GSD
2021-07-11 01:05:34 未获取到号码【1747623】GSD，可能号码格式错误
2021-07-11 01:05:34 获取到号码【1747623】的GSD为【-】
2021-07-11 01:05:36 GSD insert 第 1 次 等待 1 秒
2021-07-11 01:05:37 {"status":"ok","msg":"添加成功！243898"}
2021-07-11 01:05:38 下次操作: 2021-07-11 01:05:48

2021-07-11 01:05:48 开始第 10 次操作

2021-07-11 01:05:48 开始操作号码 【1747624】
2021-07-11 01:05:51 GSD getOne 第 1 次 等待 1 秒
2021-07-11 01:05:52 查询号码 【1747624】，返回信息 {"status":"bad","msg":""}
2021-07-11 01:05:52 查询号码 【1747624】，GSD为【""】
2021-07-11 01:05:52 bad
2021-07-11 01:05:54 CHB 1747624?1625936752 第 1 次 等待 1 秒
2021-07-11 01:05:55 CHB 1747624?1625936752 第 1 次 获取到号码【1747624】GSD
2021-07-11 01:05:55 未获取到号码【1747624】GSD，可能号码格式错误
2021-07-11 01:05:55 获取到号码【1747624】的GSD为【-】
2021-07-11 01:05:58 GSD insert 第 1 次 等待 1 秒
2021-07-11 01:05:59 {"status":"ok","msg":"添加成功！243906"}
2021-07-11 01:05:59 下次操作: 2021-07-11 01:06:12

2021-07-11 01:06:12 开始第 11 次操作

2021-07-11 01:06:12 开始操作号码 【1747625】
2021-07-11 01:06:17 GSD getOne 第 1 次 等待 1 秒
2021-07-11 01:06:18 查询号码 【1747625】，返回信息 {"status":"bad","msg":""}
2021-07-11 01:06:18 查询号码 【1747625】，GSD为【""】
2021-07-11 01:06:18 bad
2021-07-11 01:06:20 CHB 1747625?1625936778 第 1 次 等待 1 秒
2021-07-11 01:06:21 CHB 1747625?1625936778 第 1 次 获取到号码【1747625】GSD
2021-07-11 01:06:21 未获取到号码【1747625】GSD，可能号码格式错误
2021-07-11 01:06:21 获取到号码【1747625】的GSD为【-】
2021-07-11 01:06:23 GSD insert 第 1 次 等待 1 秒
2021-07-11 01:06:24 {"status":"ok","msg":"添加成功！243912"}
2021-07-11 01:06:24 下次操作: 2021-07-11 01:06:38

2021-07-11 01:06:38 开始第 12 次操作

2021-07-11 01:06:38 开始操作号码 【1747626】
2021-07-11 01:06:40 GSD getOne 第 1 次 等待 1 秒
2021-07-11 01:06:41 查询号码 【1747626】，返回信息 {"status":"bad","msg":""}
2021-07-11 01:06:41 查询号码 【1747626】，GSD为【""】
2021-07-11 01:06:41 bad
2021-07-11 01:06:43 CHB 1747626?1625936801 第 1 次 等待 1 秒
2021-07-11 01:06:44 CHB 1747626?1625936801 第 1 次 获取到号码【1747626】GSD
2021-07-11 01:06:44 未获取到号码【1747626】GSD，可能号码格式错误
2021-07-11 01:06:44 获取到号码【1747626】的GSD为【-】
2021-07-11 01:06:47 GSD insert 第 1 次 等待 1 秒
2021-07-11 01:06:48 {"status":"ok","msg":"添加成功！243919"}
2021-07-11 01:06:48 下次操作: 2021-07-11 01:06:59

2021-07-11 01:06:59 开始第 13 次操作

2021-07-11 01:06:59 开始操作号码 【1747627】
2021-07-11 01:07:02 GSD getOne 第 1 次 等待 1 秒
2021-07-11 01:07:03 查询号码 【1747627】，返回信息 {"status":"bad","msg":""}
2021-07-11 01:07:03 查询号码 【1747627】，GSD为【""】
2021-07-11 01:07:03 bad
2021-07-11 01:07:04 CHB 1747627?1625936823 第 1 次 等待 1 秒
2021-07-11 01:07:05 CHB 1747627?1625936823 第 1 次 获取到号码【1747627】GSD
2021-07-11 01:07:06 未获取到号码【1747627】GSD，可能号码格式错误
2021-07-11 01:07:06 获取到号码【1747627】的GSD为【-】
2021-07-11 01:07:08 GSD insert 第 1 次 等待 1 秒
2021-07-11 01:07:09 {"status":"ok","msg":"添加成功！243924"}
2021-07-11 01:07:09 下次操作: 2021-07-11 01:07:15

2021-07-11 01:07:15 开始第 14 次操作

2021-07-11 01:07:15 开始操作号码 【1747628】
2021-07-11 01:07:19 GSD getOne 第 1 次 等待 1 秒
2021-07-11 01:07:20 查询号码 【1747628】，返回信息 {"status":"bad","msg":""}
2021-07-11 01:07:20 查询号码 【1747628】，GSD为【""】
2021-07-11 01:07:20 bad
2021-07-11 01:07:21 CHB 1747628?1625936840 第 1 次 等待 1 秒
2021-07-11 01:07:22 CHB 1747628?1625936840 第 1 次 获取到号码【1747628】GSD
2021-07-11 01:07:22 未获取到号码【1747628】GSD，可能号码格式错误
2021-07-11 01:07:22 获取到号码【1747628】的GSD为【-】
2021-07-11 01:07:25 GSD insert 第 1 次 等待 1 秒
2021-07-11 01:07:26 {"status":"ok","msg":"添加成功！243929"}
2021-07-11 01:07:26 下次操作: 2021-07-11 01:07:36

2021-07-11 01:07:36 开始第 15 次操作

2021-07-11 01:07:36 开始操作号码 【1747629】
2021-07-11 01:07:43 GSD getOne 第 1 次 等待 1 秒
2021-07-11 01:07:44 查询号码 【1747629】，返回信息 {"status":"bad","msg":""}
2021-07-11 01:07:44 查询号码 【1747629】，GSD为【""】
2021-07-11 01:07:44 bad
2021-07-11 01:07:46 CHB 1747629?1625936864 第 1 次 等待 1 秒
2021-07-11 01:07:47 CHB 1747629?1625936864 第 1 次 获取到号码【1747629】GSD
2021-07-11 01:07:47 未获取到号码【1747629】GSD，可能号码格式错误
2021-07-11 01:07:47 获取到号码【1747629】的GSD为【-】
2021-07-11 01:07:52 GSD insert 第 1 次 等待 1 秒
2021-07-11 01:07:53 {"status":"ok","msg":"添加成功！243937"}
2021-07-11 01:07:53 下次操作: 2021-07-11 01:08:01

2021-07-11 01:08:01 开始第 16 次操作

2021-07-11 01:08:01 开始操作号码 【1747630】
2021-07-11 01:08:06 GSD getOne 第 1 次 等待 1 秒
2021-07-11 01:08:08 查询号码 【1747630】，返回信息 {"status":"bad","msg":""}
2021-07-11 01:08:08 查询号码 【1747630】，GSD为【""】
2021-07-11 01:08:08 bad
2021-07-11 01:08:10 CHB 1747630?1625936888 第 1 次 等待 1 秒
2021-07-11 01:08:11 CHB 1747630?1625936888 第 1 次 获取到号码【1747630】GSD
2021-07-11 01:08:11 未获取到号码【1747630】GSD，可能号码格式错误
2021-07-11 01:08:11 获取到号码【1747630】的GSD为【-】
2021-07-11 01:08:15 GSD insert 第 1 次 等待 1 秒
2021-07-11 01:08:16 {"status":"ok","msg":"添加成功！243944"}
2021-07-11 01:08:16 下次操作: 2021-07-11 01:08:26

2021-07-11 01:08:26 开始第 17 次操作

2021-07-11 01:08:26 开始操作号码 【1747631】
2021-07-11 01:08:29 GSD getOne 第 1 次 等待 1 秒
2021-07-11 01:08:30 查询号码 【1747631】，返回信息 {"status":"bad","msg":""}
2021-07-11 01:08:30 查询号码 【1747631】，GSD为【""】
2021-07-11 01:08:30 bad
2021-07-11 01:08:32 CHB 1747631?1625936910 第 1 次 等待 1 秒
2021-07-11 01:08:33 CHB 1747631?1625936910 第 1 次 获取到号码【1747631】GSD
2021-07-11 01:08:33 未获取到号码【1747631】GSD，可能号码格式错误
2021-07-11 01:08:33 获取到号码【1747631】的GSD为【-】
2021-07-11 01:08:38 GSD insert 第 1 次 等待 1 秒
2021-07-11 01:08:39 {"status":"ok","msg":"添加成功！243952"}
2021-07-11 01:08:39 下次操作: 2021-07-11 01:08:49

2021-07-11 01:08:49 开始第 18 次操作

2021-07-11 01:08:49 开始操作号码 【1747632】
2021-07-11 01:09:00 GSD getOne 第 1 次 等待 1 秒
2021-07-11 01:09:01 查询号码 【1747632】，返回信息 {"status":"bad","msg":""}
2021-07-11 01:09:01 查询号码 【1747632】，GSD为【""】
2021-07-11 01:09:01 bad
2021-07-11 01:09:03 CHB 1747632?1625936941 第 1 次 等待 1 秒
2021-07-11 01:09:04 CHB 1747632?1625936941 第 1 次 获取到号码【1747632】GSD
2021-07-11 01:09:04 未获取到号码【1747632】GSD，可能号码格式错误
2021-07-11 01:09:04 获取到号码【1747632】的GSD为【-】
2021-07-11 01:09:06 GSD insert 第 1 次 等待 1 秒
2021-07-11 01:09:07 {"status":"ok","msg":"添加成功！243961"}
2021-07-11 01:09:07 下次操作: 2021-07-11 01:09:16

2021-07-11 01:09:16 开始第 19 次操作

2021-07-11 01:09:16 开始操作号码 【1747633】
2021-07-11 01:09:24 GSD getOne 第 1 次 等待 1 秒
2021-07-11 01:09:25 查询号码 【1747633】，返回信息 {"status":"bad","msg":""}
2021-07-11 01:09:25 查询号码 【1747633】，GSD为【""】
2021-07-11 01:09:25 bad
2021-07-11 01:09:27 CHB 1747633?1625936965 第 1 次 等待 1 秒
2021-07-11 01:09:28 CHB 1747633?1625936965 第 1 次 获取到号码【1747633】GSD
2021-07-11 01:09:28 未获取到号码【1747633】GSD，可能号码格式错误
2021-07-11 01:09:28 获取到号码【1747633】的GSD为【-】
2021-07-11 01:09:31 GSD insert 第 1 次 等待 1 秒
2021-07-11 01:09:32 {"status":"ok","msg":"添加成功！243965"}
2021-07-11 01:09:32 下次操作: 2021-07-11 01:09:39

2021-07-11 01:09:39 开始第 20 次操作

2021-07-11 01:09:39 开始操作号码 【1747634】
2021-07-11 01:09:43 GSD getOne 第 1 次 等待 1 秒
2021-07-11 01:09:44 查询号码 【1747634】，返回信息 {"status":"bad","msg":""}
2021-07-11 01:09:44 查询号码 【1747634】，GSD为【""】
2021-07-11 01:09:44 bad
2021-07-11 01:09:45 CHB 1747634?1625936984 第 1 次 等待 1 秒
2021-07-11 01:09:46 CHB 1747634?1625936984 第 1 次 获取到号码【1747634】GSD
2021-07-11 01:09:46 未获取到号码【1747634】GSD，可能号码格式错误
2021-07-11 01:09:46 获取到号码【1747634】的GSD为【-】
2021-07-11 01:09:50 GSD insert 第 1 次 等待 1 秒
2021-07-11 01:09:51 {"status":"ok","msg":"添加成功！243973"}
2021-07-11 01:09:51 下次操作: 2021-07-11 01:10:04

2021-07-11 01:10:04 开始第 21 次操作

2021-07-11 01:10:04 开始操作号码 【1747635】
2021-07-11 01:10:07 GSD getOne 第 1 次 等待 1 秒
2021-07-11 01:10:08 查询号码 【1747635】，返回信息 {"status":"bad","msg":""}
2021-07-11 01:10:09 查询号码 【1747635】，GSD为【""】
2021-07-11 01:10:09 bad
2021-07-11 01:10:11 CHB 1747635?1625937009 第 1 次 等待 1 秒
2021-07-11 01:10:12 CHB 1747635?1625937009 第 1 次 获取到号码【1747635】GSD
2021-07-11 01:10:12 未获取到号码【1747635】GSD，可能号码格式错误
2021-07-11 01:10:12 获取到号码【1747635】的GSD为【-】
2021-07-11 01:10:14 GSD insert 第 1 次 等待 1 秒
2021-07-11 01:10:15 {"status":"ok","msg":"添加成功！243980"}
2021-07-11 01:10:15 下次操作: 2021-07-11 01:10:30

2021-07-11 01:10:30 开始第 22 次操作

2021-07-11 01:10:30 开始操作号码 【1747636】
2021-07-11 01:10:34 GSD getOne 第 1 次 等待 1 秒
2021-07-11 01:10:35 查询号码 【1747636】，返回信息 {"status":"bad","msg":""}
2021-07-11 01:10:35 查询号码 【1747636】，GSD为【""】
2021-07-11 01:10:35 bad
2021-07-11 01:10:37 CHB 1747636?1625937035 第 1 次 等待 1 秒
2021-07-11 01:10:38 CHB 1747636?1625937035 第 1 次 获取到号码【1747636】GSD
2021-07-11 01:10:38 未获取到号码【1747636】GSD，可能号码格式错误
2021-07-11 01:10:38 获取到号码【1747636】的GSD为【-】
2021-07-11 01:10:43 GSD insert 第 1 次 等待 1 秒
2021-07-11 01:10:44 {"status":"ok","msg":"添加成功！243986"}
2021-07-11 01:10:44 下次操作: 2021-07-11 01:10:51

2021-07-11 01:10:51 开始第 23 次操作

2021-07-11 01:10:51 开始操作号码 【1747637】
2021-07-11 01:10:53 GSD getOne 第 1 次 等待 1 秒
2021-07-11 01:10:54 查询号码 【1747637】，返回信息 {"status":"bad","msg":""}
2021-07-11 01:10:54 查询号码 【1747637】，GSD为【""】
2021-07-11 01:10:54 bad
2021-07-11 01:10:57 CHB 1747637?1625937054 第 1 次 等待 1 秒
2021-07-11 01:10:58 CHB 1747637?1625937054 第 1 次 获取到号码【1747637】GSD
2021-07-11 01:10:58 未获取到号码【1747637】GSD，可能号码格式错误
2021-07-11 01:10:58 获取到号码【1747637】的GSD为【-】
2021-07-11 01:11:01 GSD insert 第 1 次 等待 1 秒
2021-07-11 01:11:02 {"status":"ok","msg":"添加成功！243993"}
2021-07-11 01:11:02 下次操作: 2021-07-11 01:11:12

2021-07-11 01:11:12 开始第 24 次操作

2021-07-11 01:11:12 开始操作号码 【1747638】
2021-07-11 01:11:14 GSD getOne 第 1 次 等待 1 秒
2021-07-11 01:11:15 查询号码 【1747638】，返回信息 {"status":"bad","msg":""}
2021-07-11 01:11:16 查询号码 【1747638】，GSD为【""】
2021-07-11 01:11:16 bad
2021-07-11 01:11:17 CHB 1747638?1625937076 第 1 次 等待 1 秒
2021-07-11 01:11:18 CHB 1747638?1625937076 第 1 次 获取到号码【1747638】GSD
2021-07-11 01:11:18 未获取到号码【1747638】GSD，可能号码格式错误
2021-07-11 01:11:18 获取到号码【1747638】的GSD为【-】
2021-07-11 01:11:23 GSD insert 第 1 次 等待 1 秒
2021-07-11 01:11:24 {"status":"ok","msg":"添加成功！243998"}
2021-07-11 01:11:24 下次操作: 2021-07-11 01:11:35

2021-07-11 01:11:35 开始第 25 次操作

2021-07-11 01:11:35 开始操作号码 【1747639】
2021-07-11 01:11:41 GSD getOne 第 1 次 等待 1 秒
2021-07-11 01:11:42 查询号码 【1747639】，返回信息 {"status":"bad","msg":""}
2021-07-11 01:11:42 查询号码 【1747639】，GSD为【""】
2021-07-11 01:11:42 bad
2021-07-11 01:11:43 CHB 1747639?1625937102 第 1 次 等待 1 秒
2021-07-11 01:11:44 CHB 1747639?1625937102 第 1 次 获取到号码【1747639】GSD
2021-07-11 01:11:44 未获取到号码【1747639】GSD，可能号码格式错误
2021-07-11 01:11:44 获取到号码【1747639】的GSD为【-】
2021-07-11 01:11:52 GSD insert 第 1 次 等待 1 秒
2021-07-11 01:11:53 {"status":"ok","msg":"添加成功！244005"}
2021-07-11 01:11:53 下次操作: 2021-07-11 01:12:01

2021-07-11 01:12:01 开始第 26 次操作

2021-07-11 01:12:01 开始操作号码 【1747640】
2021-07-11 01:12:04 GSD getOne 第 1 次 等待 1 秒
2021-07-11 01:12:05 查询号码 【1747640】，返回信息 {"status":"bad","msg":""}
2021-07-11 01:12:05 查询号码 【1747640】，GSD为【""】
2021-07-11 01:12:05 bad
2021-07-11 01:12:06 CHB 1747640?1625937125 第 1 次 等待 1 秒
2021-07-11 01:12:07 CHB 1747640?1625937125 第 1 次 获取到号码【1747640】GSD
2021-07-11 01:12:07 未获取到号码【1747640】GSD，可能号码格式错误
2021-07-11 01:12:07 获取到号码【1747640】的GSD为【-】
2021-07-11 01:12:26 GSD insert 第 1 次 等待 1 秒
2021-07-11 01:12:27 {"status":"ok","msg":"添加成功！244015"}
2021-07-11 01:12:27 下次操作: 2021-07-11 01:12:44

2021-07-11 01:12:44 开始第 27 次操作

2021-07-11 01:12:44 开始操作号码 【1747641】
2021-07-11 01:12:46 GSD getOne 第 1 次 等待 1 秒
2021-07-11 01:12:47 查询号码 【1747641】，返回信息 {"status":"bad","msg":""}
2021-07-11 01:12:48 查询号码 【1747641】，GSD为【""】
2021-07-11 01:12:48 bad
2021-07-11 01:12:50 CHB 1747641?1625937168 第 1 次 等待 1 秒
2021-07-11 01:12:51 CHB 1747641?1625937168 第 1 次 获取到号码【1747641】GSD
2021-07-11 01:12:51 未获取到号码【1747641】GSD，可能号码格式错误
2021-07-11 01:12:51 获取到号码【1747641】的GSD为【-】
2021-07-11 01:12:53 GSD insert 第 1 次 等待 1 秒
2021-07-11 01:12:54 {"status":"ok","msg":"添加成功！244023"}
2021-07-11 01:12:54 下次操作: 2021-07-11 01:13:11

2021-07-11 01:13:11 开始第 28 次操作

2021-07-11 01:13:11 开始操作号码 【1747642】
2021-07-11 01:13:18 GSD getOne 第 1 次 等待 1 秒
2021-07-11 01:13:19 查询号码 【1747642】，返回信息 {"status":"bad","msg":""}
2021-07-11 01:13:19 查询号码 【1747642】，GSD为【""】
2021-07-11 01:13:19 bad
2021-07-11 01:13:21 CHB 1747642?1625937199 第 1 次 等待 1 秒
2021-07-11 01:13:22 CHB 1747642?1625937199 第 1 次 获取到号码【1747642】GSD
2021-07-11 01:13:22 未获取到号码【1747642】GSD，可能号码格式错误
2021-07-11 01:13:22 获取到号码【1747642】的GSD为【-】
2021-07-11 01:13:26 GSD insert 第 1 次 等待 1 秒
2021-07-11 01:13:27 {"status":"ok","msg":"添加成功！244031"}
2021-07-11 01:13:27 下次操作: 2021-07-11 01:13:43

2021-07-11 01:13:43 开始第 29 次操作

2021-07-11 01:13:43 开始操作号码 【1747643】
2021-07-11 01:13:46 GSD getOne 第 1 次 等待 1 秒
2021-07-11 01:13:47 查询号码 【1747643】，返回信息 {"status":"bad","msg":""}
2021-07-11 01:13:47 查询号码 【1747643】，GSD为【""】
2021-07-11 01:13:47 bad
2021-07-11 01:13:50 CHB 1747643?1625937227 第 1 次 等待 1 秒
2021-07-11 01:13:51 CHB 1747643?1625937227 第 1 次 获取到号码【1747643】GSD
2021-07-11 01:13:51 未获取到号码【1747643】GSD，可能号码格式错误
2021-07-11 01:13:51 获取到号码【1747643】的GSD为【-】
2021-07-11 01:13:54 GSD insert 第 1 次 等待 1 秒
2021-07-11 01:13:55 {"status":"ok","msg":"添加成功！244040"}
2021-07-11 01:13:55 下次操作: 2021-07-11 01:14:01

2021-07-11 01:14:01 开始第 30 次操作

2021-07-11 01:14:01 开始操作号码 【1747644】
2021-07-11 01:14:03 GSD getOne 第 1 次 等待 1 秒
2021-07-11 01:14:04 查询号码 【1747644】，返回信息 {"status":"bad","msg":""}
2021-07-11 01:14:05 查询号码 【1747644】，GSD为【""】
2021-07-11 01:14:05 bad
2021-07-11 01:14:06 CHB 1747644?1625937245 第 1 次 等待 1 秒
2021-07-11 01:14:07 CHB 1747644?1625937245 第 1 次 获取到号码【1747644】GSD
2021-07-11 01:14:07 未获取到号码【1747644】GSD，可能号码格式错误
2021-07-11 01:14:07 获取到号码【1747644】的GSD为【-】
2021-07-11 01:14:11 GSD insert 第 1 次 等待 1 秒
2021-07-11 01:14:12 {"status":"ok","msg":"添加成功！244045"}

