2021-07-20 00:00:27 开始第 17 次操作

2021-07-20 00:00:27 开始操作号码 【1835775】
2021-07-20 00:00:32 GSD getOne 第 1 次 等待 3 秒
2021-07-20 00:00:35 查询号码 【1835775】，返回信息 {"status":"bad","msg":""}
2021-07-20 00:00:35 查询号码 【1835775】，GSD为【""】
2021-07-20 00:00:35 bad
2021-07-20 00:00:37 CHB 1835775?1626710435 第 1 次 等待 3 秒
2021-07-20 00:00:40 CHB 1835775?1626710435 第 1 次 获取到号码【1835775】GSD
2021-07-20 00:00:40 获取到号码【1835775】的GSD为【浙江-温州】
2021-07-20 00:00:42 GSD insert 第 1 次 等待 3 秒
2021-07-20 00:00:45 {"status":"ok","gid":331093,"msg":"添加成功！"}
2021-07-20 00:00:45 下次操作: 2021-07-20 00:01:07

2021-07-20 00:01:07 开始第 18 次操作

2021-07-20 00:01:07 开始操作号码 【1835776】
2021-07-20 00:01:11 GSD getOne 第 1 次 等待 3 秒
2021-07-20 00:01:14 查询号码 【1835776】，返回信息 {"status":"bad","msg":""}
2021-07-20 00:01:14 查询号码 【1835776】，GSD为【""】
2021-07-20 00:01:14 bad
2021-07-20 00:01:16 CHB 1835776?1626710474 第 1 次 等待 3 秒
2021-07-20 00:01:19 CHB 1835776?1626710474 第 1 次 获取到号码【1835776】GSD
2021-07-20 00:01:19 获取到号码【1835776】的GSD为【浙江-温州】
2021-07-20 00:01:22 GSD insert 第 1 次 等待 3 秒
2021-07-20 00:01:25 {"status":"ok","gid":331101,"msg":"添加成功！"}
2021-07-20 00:01:25 下次操作: 2021-07-20 00:01:37

2021-07-20 00:01:37 开始第 19 次操作

2021-07-20 00:01:37 开始操作号码 【1835777】
2021-07-20 00:01:47 GSD getOne 第 1 次 等待 3 秒
2021-07-20 00:01:50 查询号码 【1835777】，返回信息 {"status":"bad","msg":""}
2021-07-20 00:01:50 查询号码 【1835777】，GSD为【""】
2021-07-20 00:01:50 bad
2021-07-20 00:01:51 CHB 1835777?1626710510 第 1 次 等待 3 秒
2021-07-20 00:01:54 CHB 1835777?1626710510 第 1 次 获取到号码【1835777】GSD
2021-07-20 00:01:54 获取到号码【1835777】的GSD为【浙江-温州】
2021-07-20 00:01:58 GSD insert 第 1 次 等待 3 秒
2021-07-20 00:02:01 {"status":"ok","gid":331106,"msg":"添加成功！"}
2021-07-20 00:02:01 下次操作: 2021-07-20 00:02:21

2021-07-20 00:02:21 开始第 20 次操作

2021-07-20 00:02:21 开始操作号码 【1835778】
2021-07-20 00:02:27 GSD getOne 第 1 次 等待 3 秒
2021-07-20 00:02:30 查询号码 【1835778】，返回信息 {"status":"bad","msg":""}
2021-07-20 00:02:30 查询号码 【1835778】，GSD为【""】
2021-07-20 00:02:30 bad
2021-07-20 00:02:32 CHB 1835778?1626710550 第 1 次 等待 3 秒
2021-07-20 00:02:35 CHB 1835778?1626710550 第 1 次 获取到号码【1835778】GSD
2021-07-20 00:02:35 获取到号码【1835778】的GSD为【浙江-温州】
2021-07-20 00:02:40 GSD insert 第 1 次 等待 3 秒
2021-07-20 00:02:43 {"status":"ok","gid":331116,"msg":"添加成功！"}
2021-07-20 00:02:43 下次操作: 2021-07-20 00:02:56

2021-07-20 00:02:56 开始第 21 次操作

2021-07-20 00:02:56 开始操作号码 【1835779】
2021-07-20 00:03:01 GSD getOne 第 1 次 等待 3 秒
2021-07-20 00:03:04 查询号码 【1835779】，返回信息 {"status":"bad","msg":""}
2021-07-20 00:03:04 查询号码 【1835779】，GSD为【""】
2021-07-20 00:03:04 bad
2021-07-20 00:03:06 CHB 1835779?1626710584 第 1 次 等待 3 秒
2021-07-20 00:03:09 CHB 1835779?1626710584 第 1 次 获取到号码【1835779】GSD
2021-07-20 00:03:09 获取到号码【1835779】的GSD为【浙江-温州】
2021-07-20 00:03:12 GSD insert 第 1 次 等待 3 秒
2021-07-20 00:03:15 {"status":"ok","gid":331125,"msg":"添加成功！"}
2021-07-20 00:03:15 下次操作: 2021-07-20 00:03:35

2021-07-20 00:03:35 开始第 22 次操作

2021-07-20 00:03:35 开始操作号码 【1835780】
2021-07-20 00:03:42 GSD getOne 第 1 次 等待 3 秒
2021-07-20 00:03:45 查询号码 【1835780】，返回信息 {"status":"bad","msg":""}
2021-07-20 00:03:45 查询号码 【1835780】，GSD为【""】
2021-07-20 00:03:45 bad
2021-07-20 00:03:47 CHB 1835780?1626710625 第 1 次 等待 3 秒
2021-07-20 00:03:50 CHB 1835780?1626710625 第 1 次 获取到号码【1835780】GSD
2021-07-20 00:03:50 获取到号码【1835780】的GSD为【浙江-温州】
2021-07-20 00:03:53 GSD insert 第 1 次 等待 3 秒
2021-07-20 00:03:56 {"status":"ok","gid":331131,"msg":"添加成功！"}
2021-07-20 00:03:56 下次操作: 2021-07-20 00:04:18

2021-07-20 00:04:18 开始第 23 次操作

2021-07-20 00:04:18 开始操作号码 【1835781】
2021-07-20 00:04:24 GSD getOne 第 1 次 等待 3 秒
2021-07-20 00:04:27 查询号码 【1835781】，返回信息 {"status":"bad","msg":""}
2021-07-20 00:04:27 查询号码 【1835781】，GSD为【""】
2021-07-20 00:04:27 bad
2021-07-20 00:04:29 CHB 1835781?1626710667 第 1 次 等待 3 秒
2021-07-20 00:04:32 CHB 1835781?1626710667 第 1 次 获取到号码【1835781】GSD
2021-07-20 00:04:32 获取到号码【1835781】的GSD为【浙江-温州】
2021-07-20 00:04:38 GSD insert 第 1 次 等待 3 秒
2021-07-20 00:04:41 {"status":"ok","gid":331141,"msg":"添加成功！"}
2021-07-20 00:04:41 下次操作: 2021-07-20 00:05:03

2021-07-20 00:05:03 开始第 24 次操作

2021-07-20 00:05:03 开始操作号码 【1835782】
2021-07-20 00:05:06 GSD getOne 第 1 次 等待 3 秒
2021-07-20 00:05:09 查询号码 【1835782】，返回信息 {"status":"ok","msg":"浙江-温州","gid":"37932","time_insert":"2017-05-26 15:16","time_update":"2020-09-02 17:08"}
2021-07-20 00:05:09 查询号码 【1835782】，GSD为【"浙江-温州"】

2021-07-20 00:05:09 开始第 24 次操作

2021-07-20 00:05:09 开始操作号码 【1835783】
2021-07-20 00:05:12 GSD getOne 第 1 次 等待 3 秒
2021-07-20 00:05:15 查询号码 【1835783】，返回信息 {"status":"ok","msg":"浙江-温州","gid":"37933","time_insert":"2018-02-02 11:18","time_update":"2020-09-02 17:09"}
2021-07-20 00:05:15 查询号码 【1835783】，GSD为【"浙江-温州"】

2021-07-20 00:05:15 开始第 24 次操作

2021-07-20 00:05:15 开始操作号码 【1835784】
2021-07-20 00:05:18 GSD getOne 第 1 次 等待 3 秒
2021-07-20 00:05:21 查询号码 【1835784】，返回信息 {"status":"bad","msg":""}
2021-07-20 00:05:21 查询号码 【1835784】，GSD为【""】
2021-07-20 00:05:21 bad
2021-07-20 00:05:22 CHB 1835784?1626710721 第 1 次 等待 3 秒
2021-07-20 00:05:25 CHB 1835784?1626710721 第 1 次 获取到号码【1835784】GSD
2021-07-20 00:05:25 获取到号码【1835784】的GSD为【浙江-温州】
2021-07-20 00:05:28 GSD insert 第 1 次 等待 3 秒
2021-07-20 00:05:31 {"status":"ok","gid":331152,"msg":"添加成功！"}
2021-07-20 00:05:31 下次操作: 2021-07-20 00:05:50

2021-07-20 00:05:50 开始第 25 次操作

2021-07-20 00:05:50 开始操作号码 【1835785】
2021-07-20 00:05:55 GSD getOne 第 1 次 等待 3 秒
2021-07-20 00:05:58 查询号码 【1835785】，返回信息 {"status":"bad","msg":""}
2021-07-20 00:05:58 查询号码 【1835785】，GSD为【""】
2021-07-20 00:05:58 bad
2021-07-20 00:06:00 CHB 1835785?1626710758 第 1 次 等待 3 秒
2021-07-20 00:06:03 CHB 1835785?1626710758 第 1 次 获取到号码【1835785】GSD
2021-07-20 00:06:03 获取到号码【1835785】的GSD为【浙江-丽水】
2021-07-20 00:06:07 GSD insert 第 1 次 等待 3 秒
2021-07-20 00:06:10 {"status":"ok","gid":331159,"msg":"添加成功！"}
2021-07-20 00:06:10 下次操作: 2021-07-20 00:06:33

2021-07-20 00:06:33 开始第 26 次操作

2021-07-20 00:06:33 开始操作号码 【1835786】
2021-07-20 00:06:36 GSD getOne 第 1 次 等待 3 秒
2021-07-20 00:06:39 查询号码 【1835786】，返回信息 {"status":"ok","msg":"浙江-丽水","gid":"37934","time_insert":"2018-12-05 18:47","time_update":"2020-09-02 17:13"}
2021-07-20 00:06:39 查询号码 【1835786】，GSD为【"浙江-丽水"】

2021-07-20 00:06:39 开始第 26 次操作

2021-07-20 00:06:39 开始操作号码 【1835787】
2021-07-20 00:06:43 GSD getOne 第 1 次 等待 3 秒
2021-07-20 00:06:46 查询号码 【1835787】，返回信息 {"status":"bad","msg":""}
2021-07-20 00:06:46 查询号码 【1835787】，GSD为【""】
2021-07-20 00:06:46 bad
2021-07-20 00:06:51 CHB 1835787?1626710806 第 1 次 等待 3 秒
2021-07-20 00:06:54 CHB 1835787?1626710806 第 1 次 获取到号码【1835787】GSD
2021-07-20 00:06:54 获取到号码【1835787】的GSD为【浙江-丽水】
2021-07-20 00:06:58 GSD insert 第 1 次 等待 3 秒
2021-07-20 00:07:01 {"status":"ok","gid":331172,"msg":"添加成功！"}
2021-07-20 00:07:01 下次操作: 2021-07-20 00:07:22

2021-07-20 00:07:22 开始第 27 次操作

2021-07-20 00:07:22 开始操作号码 【1835788】
2021-07-20 00:07:29 GSD getOne 第 1 次 等待 3 秒
2021-07-20 00:07:32 查询号码 【1835788】，返回信息 {"status":"bad","msg":""}
2021-07-20 00:07:32 查询号码 【1835788】，GSD为【""】
2021-07-20 00:07:32 bad
2021-07-20 00:07:34 CHB 1835788?1626710852 第 1 次 等待 3 秒
2021-07-20 00:07:37 CHB 1835788?1626710852 第 1 次 获取到号码【1835788】GSD
2021-07-20 00:07:37 获取到号码【1835788】的GSD为【浙江-丽水】
2021-07-20 00:07:39 GSD insert 第 1 次 等待 3 秒
2021-07-20 00:07:42 {"status":"ok","gid":331183,"msg":"添加成功！"}
2021-07-20 00:07:42 下次操作: 2021-07-20 00:08:04

2021-07-20 00:08:04 开始第 28 次操作

2021-07-20 00:08:04 开始操作号码 【1835789】
2021-07-20 00:08:09 GSD getOne 第 1 次 等待 3 秒
2021-07-20 00:08:12 查询号码 【1835789】，返回信息 {"status":"bad","msg":""}
2021-07-20 00:08:12 查询号码 【1835789】，GSD为【""】
2021-07-20 00:08:12 bad
2021-07-20 00:08:14 CHB 1835789?1626710892 第 1 次 等待 3 秒
2021-07-20 00:08:17 CHB 1835789?1626710892 第 1 次 获取到号码【1835789】GSD
2021-07-20 00:08:17 获取到号码【1835789】的GSD为【浙江-丽水】
2021-07-20 00:08:22 GSD insert 第 1 次 等待 3 秒
2021-07-20 00:08:25 {"status":"ok","gid":331195,"msg":"添加成功！"}
2021-07-20 00:08:25 下次操作: 2021-07-20 00:08:47

2021-07-20 00:08:47 开始第 29 次操作

2021-07-20 00:08:47 开始操作号码 【1835790】
2021-07-20 00:08:49 GSD getOne 第 1 次 等待 3 秒
2021-07-20 00:08:52 查询号码 【1835790】，返回信息 {"status":"bad","msg":""}
2021-07-20 00:08:52 查询号码 【1835790】，GSD为【""】
2021-07-20 00:08:52 bad
2021-07-20 00:08:54 CHB 1835790?1626710932 第 1 次 等待 3 秒
2021-07-20 00:08:57 CHB 1835790?1626710932 第 1 次 获取到号码【1835790】GSD
2021-07-20 00:08:57 获取到号码【1835790】的GSD为【浙江-金华】
2021-07-20 00:09:02 GSD insert 第 1 次 等待 3 秒
2021-07-20 00:09:05 {"status":"ok","gid":331202,"msg":"添加成功！"}
2021-07-20 00:09:05 下次操作: 2021-07-20 00:09:21

2021-07-20 00:09:21 开始第 30 次操作

2021-07-20 00:09:21 开始操作号码 【1835791】
2021-07-20 00:09:32 GSD getOne 第 1 次 等待 3 秒
2021-07-20 00:09:35 查询号码 【1835791】，返回信息 {"status":"bad","msg":""}
2021-07-20 00:09:35 查询号码 【1835791】，GSD为【""】
2021-07-20 00:09:35 bad
2021-07-20 00:09:37 CHB 1835791?1626710975 第 1 次 等待 3 秒
2021-07-20 00:09:40 CHB 1835791?1626710975 第 1 次 获取到号码【1835791】GSD
2021-07-20 00:09:40 获取到号码【1835791】的GSD为【浙江-金华】
2021-07-20 00:09:52 GSD insert 第 1 次 等待 3 秒
2021-07-20 00:09:55 {"status":"ok","gid":331212,"msg":"添加成功！"}
2021-07-20 00:09:55 下次操作: 2021-07-20 00:10:17

2021-07-20 00:10:17 开始第 31 次操作

2021-07-20 00:10:17 开始操作号码 【1835792】
2021-07-20 00:10:20 GSD getOne 第 1 次 等待 3 秒
2021-07-20 00:10:23 查询号码 【1835792】，返回信息 {"status":"bad","msg":""}
2021-07-20 00:10:23 查询号码 【1835792】，GSD为【""】
2021-07-20 00:10:23 bad
2021-07-20 00:10:25 CHB 1835792?1626711023 第 1 次 等待 3 秒
2021-07-20 00:10:28 CHB 1835792?1626711023 第 1 次 获取到号码【1835792】GSD
2021-07-20 00:10:28 获取到号码【1835792】的GSD为【浙江-金华】
2021-07-20 00:10:33 GSD insert 第 1 次 等待 3 秒
2021-07-20 00:10:36 {"status":"ok","gid":331219,"msg":"添加成功！"}
2021-07-20 00:10:36 下次操作: 2021-07-20 00:10:56

2021-07-20 00:10:56 开始第 32 次操作

2021-07-20 00:10:56 开始操作号码 【1835793】
2021-07-20 00:11:00 GSD getOne 第 1 次 等待 3 秒
2021-07-20 00:11:03 查询号码 【1835793】，返回信息 {"status":"bad","msg":""}
2021-07-20 00:11:03 查询号码 【1835793】，GSD为【""】
2021-07-20 00:11:03 bad
2021-07-20 00:11:08 CHB 1835793?1626711063 第 1 次 等待 3 秒
2021-07-20 00:11:11 CHB 1835793?1626711063 第 1 次 获取到号码【1835793】GSD
2021-07-20 00:11:11 获取到号码【1835793】的GSD为【浙江-金华】
2021-07-20 00:11:15 GSD insert 第 1 次 等待 3 秒
2021-07-20 00:11:18 {"status":"ok","gid":331225,"msg":"添加成功！"}
2021-07-20 00:11:18 下次操作: 2021-07-20 00:11:32

2021-07-20 00:11:32 开始第 33 次操作

2021-07-20 00:11:32 开始操作号码 【1835794】
2021-07-20 00:11:35 GSD getOne 第 1 次 等待 3 秒
2021-07-20 00:11:38 查询号码 【1835794】，返回信息 {"status":"bad","msg":""}
2021-07-20 00:11:38 查询号码 【1835794】，GSD为【""】
2021-07-20 00:11:38 bad
2021-07-20 00:11:41 CHB 1835794?1626711098 第 1 次 等待 3 秒
2021-07-20 00:11:44 CHB 1835794?1626711098 第 1 次 获取到号码【1835794】GSD
2021-07-20 00:11:44 获取到号码【1835794】的GSD为【浙江-金华】
2021-07-20 00:12:03 GSD insert 第 1 次 等待 3 秒
2021-07-20 00:12:06 {"status":"ok","gid":331235,"msg":"添加成功！"}
2021-07-20 00:12:06 下次操作: 2021-07-20 00:12:25

2021-07-20 00:12:25 开始第 34 次操作

2021-07-20 00:12:25 开始操作号码 【1835795】
2021-07-20 00:13:15 GSD getOne 第 1 次 等待 3 秒
2021-07-20 00:13:18 查询号码 【1835795】，返回信息 {"status":"bad","msg":""}
2021-07-20 00:13:18 查询号码 【1835795】，GSD为【""】
2021-07-20 00:13:18 bad
2021-07-20 00:13:20 CHB 1835795?1626711198 第 1 次 等待 3 秒
2021-07-20 00:13:23 CHB 1835795?1626711198 第 1 次 获取到号码【1835795】GSD
2021-07-20 00:13:23 获取到号码【1835795】的GSD为【浙江-金华】
2021-07-20 00:13:33 GSD insert 第 1 次 等待 3 秒
2021-07-20 00:13:36 {"status":"ok","gid":331248,"msg":"添加成功！"}
2021-07-20 00:13:36 下次操作: 2021-07-20 00:13:52

2021-07-20 00:13:52 开始第 35 次操作

2021-07-20 00:13:52 开始操作号码 【1835796】
2021-07-20 00:13:58 GSD getOne 第 1 次 等待 3 秒
2021-07-20 00:14:01 查询号码 【1835796】，返回信息 {"status":"ok","msg":"浙江-金华","gid":"57429","time_insert":"2021-05-10 14:06"}
2021-07-20 00:14:01 查询号码 【1835796】，GSD为【"浙江-金华"】

2021-07-20 00:14:01 开始第 35 次操作

2021-07-20 00:14:01 开始操作号码 【1835797】
2021-07-20 00:14:05 GSD getOne 第 1 次 等待 3 秒
2021-07-20 00:14:08 查询号码 【1835797】，返回信息 {"status":"bad","msg":""}
2021-07-20 00:14:08 查询号码 【1835797】，GSD为【""】
2021-07-20 00:14:08 bad
2021-07-20 00:14:10 CHB 1835797?1626711248 第 1 次 等待 3 秒
2021-07-20 00:14:13 CHB 1835797?1626711248 第 1 次 获取到号码【1835797】GSD
2021-07-20 00:14:13 获取到号码【1835797】的GSD为【浙江-金华】
2021-07-20 00:14:18 GSD insert 第 1 次 等待 3 秒
2021-07-20 00:14:21 {"status":"ok","gid":331254,"msg":"添加成功！"}
2021-07-20 00:14:21 下次操作: 2021-07-20 00:14:34

2021-07-20 00:14:34 开始第 36 次操作

2021-07-20 00:14:34 开始操作号码 【1835798】
2021-07-20 00:14:40 GSD getOne 第 1 次 等待 3 秒
2021-07-20 00:14:43 查询号码 【1835798】，返回信息 {"status":"bad","msg":""}
2021-07-20 00:14:43 查询号码 【1835798】，GSD为【""】
2021-07-20 00:14:43 bad
2021-07-20 00:14:44 CHB 1835798?1626711283 第 1 次 等待 3 秒
2021-07-20 00:14:47 CHB 1835798?1626711283 第 1 次 获取到号码【1835798】GSD
2021-07-20 00:14:47 获取到号码【1835798】的GSD为【浙江-金华】
2021-07-20 00:14:51 GSD insert 第 1 次 等待 3 秒
2021-07-20 00:14:54 {"status":"ok","gid":331261,"msg":"添加成功！"}
2021-07-20 00:14:54 下次操作: 2021-07-20 00:15:18

2021-07-20 00:15:18 开始第 37 次操作

2021-07-20 00:15:18 开始操作号码 【1835799】
2021-07-20 00:15:20 GSD getOne 第 1 次 等待 3 秒
2021-07-20 00:15:23 查询号码 【1835799】，返回信息 {"status":"bad","msg":""}
2021-07-20 00:15:23 查询号码 【1835799】，GSD为【""】
2021-07-20 00:15:23 bad
2021-07-20 00:15:25 CHB 1835799?1626711323 第 1 次 等待 3 秒
2021-07-20 00:15:28 CHB 1835799?1626711323 第 1 次 获取到号码【1835799】GSD
2021-07-20 00:15:28 获取到号码【1835799】的GSD为【浙江-金华】
2021-07-20 00:15:37 GSD insert 第 1 次 等待 3 秒
2021-07-20 00:15:40 {"status":"ok","gid":331267,"msg":"添加成功！"}
2021-07-20 00:15:40 下次操作: 2021-07-20 00:16:01

2021-07-20 00:16:01 开始第 38 次操作

2021-07-20 00:16:01 开始操作号码 【1835800】
2021-07-20 00:16:04 GSD getOne 第 1 次 等待 3 秒
2021-07-20 00:16:07 查询号码 【1835800】，返回信息 {"status":"bad","msg":""}
2021-07-20 00:16:07 查询号码 【1835800】，GSD为【""】
2021-07-20 00:16:07 bad
2021-07-20 00:16:08 CHB 1835800?1626711367 第 1 次 等待 3 秒
2021-07-20 00:16:11 CHB 1835800?1626711367 第 1 次 获取到号码【1835800】GSD
2021-07-20 00:16:11 获取到号码【1835800】的GSD为【浙江-金华】
2021-07-20 00:16:24 GSD insert 第 1 次 等待 3 秒
2021-07-20 00:16:27 {"status":"ok","gid":331274,"msg":"添加成功！"}
2021-07-20 00:16:27 下次操作: 2021-07-20 00:16:40

2021-07-20 00:16:40 开始第 39 次操作

2021-07-20 00:16:40 开始操作号码 【1835801】
2021-07-20 00:16:51 GSD getOne 第 1 次 等待 3 秒
2021-07-20 00:16:54 查询号码 【1835801】，返回信息 {"status":"bad","msg":""}
2021-07-20 00:16:54 查询号码 【1835801】，GSD为【""】
2021-07-20 00:16:54 bad
2021-07-20 00:16:56 CHB 1835801?1626711414 第 1 次 等待 3 秒
2021-07-20 00:16:59 CHB 1835801?1626711414 第 1 次 获取到号码【1835801】GSD
2021-07-20 00:16:59 获取到号码【1835801】的GSD为【浙江-金华】
2021-07-20 00:17:02 GSD insert 第 1 次 等待 3 秒
2021-07-20 00:17:05 {"status":"ok","gid":331277,"msg":"添加成功！"}
2021-07-20 00:17:05 下次操作: 2021-07-20 00:17:19

2021-07-20 00:17:20 开始第 40 次操作

2021-07-20 00:17:20 开始操作号码 【1835802】
2021-07-20 00:17:23 GSD getOne 第 1 次 等待 3 秒
2021-07-20 00:17:26 查询号码 【1835802】，返回信息 {"status":"bad","msg":""}
2021-07-20 00:17:26 查询号码 【1835802】，GSD为【""】
2021-07-20 00:17:26 bad
2021-07-20 00:17:27 CHB 1835802?1626711446 第 1 次 等待 3 秒
2021-07-20 00:17:30 CHB 1835802?1626711446 第 1 次 获取到号码【1835802】GSD
2021-07-20 00:17:30 获取到号码【1835802】的GSD为【浙江-金华】
2021-07-20 00:17:41 GSD insert 第 1 次 等待 3 秒
2021-07-20 00:17:45 {"status":"ok","gid":331279,"msg":"添加成功！"}

2021-07-20 01:03:12 开始第 1 次操作

2021-07-20 01:03:12 开始操作号码 【1835803】
2021-07-20 01:03:22 GSD getOne 第 1 次 等待 3 秒
2021-07-20 01:03:25 查询号码 【1835803】，返回信息 {"status":"ok","msg":"浙江-金华","gid":"37935","time_insert":"2016-02-07 17:31","time_update":"2020-09-02 17:17"}
2021-07-20 01:03:25 查询号码 【1835803】，GSD为【"浙江-金华"】

2021-07-20 01:03:25 开始第 1 次操作

2021-07-20 01:03:25 开始操作号码 【1835804】
2021-07-20 01:03:44 GSD getOne 第 1 次 等待 3 秒
2021-07-20 01:03:47 查询号码 【1835804】，返回信息 {"status":"bad","msg":""}
2021-07-20 01:03:47 查询号码 【1835804】，GSD为【""】
2021-07-20 01:03:47 bad
2021-07-20 01:03:50 CHB 1835804?1626714227 第 1 次 等待 3 秒
2021-07-20 01:03:53 CHB 1835804?1626714227 第 1 次 获取到号码【1835804】GSD
2021-07-20 01:03:53 获取到号码【1835804】的GSD为【浙江-金华】
2021-07-20 01:04:03 GSD insert 第 1 次 等待 3 秒
2021-07-20 01:04:06 {"status":"ok","gid":331385,"msg":"添加成功！"}
2021-07-20 01:04:06 下次操作: 2021-07-20 01:04:23

2021-07-20 01:04:23 开始第 2 次操作

2021-07-20 01:04:23 开始操作号码 【1835805】
2021-07-20 01:04:32 GSD getOne 第 1 次 等待 3 秒
2021-07-20 01:04:35 查询号码 【1835805】，返回信息 {"status":"ok","msg":"浙江-舟山","gid":"37936","time_insert":"2018-03-27 18:31","time_update":"2020-09-02 17:21"}
2021-07-20 01:04:36 查询号码 【1835805】，GSD为【"浙江-舟山"】

2021-07-20 01:04:36 开始第 2 次操作

2021-07-20 01:04:36 开始操作号码 【1835806】
2021-07-20 01:04:54 GSD getOne 第 1 次 等待 3 秒
2021-07-20 01:04:57 查询号码 【1835806】，返回信息 {"status":"bad","msg":""}
2021-07-20 01:04:57 查询号码 【1835806】，GSD为【""】
2021-07-20 01:04:57 bad
2021-07-20 01:05:04 CHB 1835806?1626714297 第 1 次 等待 3 秒
2021-07-20 01:05:07 CHB 1835806?1626714297 第 1 次 获取到号码【1835806】GSD
2021-07-20 01:05:07 获取到号码【1835806】的GSD为【浙江-舟山】
2021-07-20 01:05:20 GSD insert 第 1 次 等待 3 秒
2021-07-20 01:05:23 {"status":"ok","gid":331400,"msg":"添加成功！"}
2021-07-20 01:05:23 下次操作: 2021-07-20 01:05:43

2021-07-20 01:05:43 开始第 3 次操作

2021-07-20 01:05:43 开始操作号码 【1835807】
2021-07-20 01:05:49 GSD getOne 第 1 次 等待 3 秒
2021-07-20 01:05:52 查询号码 【1835807】，返回信息 {"status":"bad","msg":""}
2021-07-20 01:05:52 查询号码 【1835807】，GSD为【""】
2021-07-20 01:05:52 bad
2021-07-20 01:06:01 CHB 1835807?1626714352 第 1 次 等待 3 秒
2021-07-20 01:06:04 CHB 1835807?1626714352 第 1 次 获取到号码【1835807】GSD
2021-07-20 01:06:04 获取到号码【1835807】的GSD为【浙江-舟山】
2021-07-20 01:06:10 GSD insert 第 1 次 等待 3 秒
2021-07-20 01:06:13 {"status":"ok","gid":331407,"msg":"添加成功！"}
2021-07-20 01:06:13 下次操作: 2021-07-20 01:06:34

2021-07-20 01:06:34 开始第 4 次操作

2021-07-20 01:06:34 开始操作号码 【1835808】
2021-07-20 01:06:37 GSD getOne 第 1 次 等待 3 秒
2021-07-20 01:06:40 查询号码 【1835808】，返回信息 {"status":"bad","msg":""}
2021-07-20 01:06:40 查询号码 【1835808】，GSD为【""】
2021-07-20 01:06:40 bad
2021-07-20 01:06:43 CHB 1835808?1626714400 第 1 次 等待 3 秒
2021-07-20 01:06:46 CHB 1835808?1626714400 第 1 次 获取到号码【1835808】GSD
2021-07-20 01:06:46 获取到号码【1835808】的GSD为【浙江-舟山】
2021-07-20 01:06:59 GSD insert 第 1 次 等待 3 秒
2021-07-20 01:07:02 {"status":"ok","gid":331416,"msg":"添加成功！"}
2021-07-20 01:07:02 下次操作: 2021-07-20 01:07:25

2021-07-20 01:07:25 开始第 5 次操作

2021-07-20 01:07:25 开始操作号码 【1835809】
2021-07-20 01:07:33 GSD getOne 第 1 次 等待 3 秒
2021-07-20 01:07:36 查询号码 【1835809】，返回信息 {"status":"bad","msg":""}
2021-07-20 01:07:36 查询号码 【1835809】，GSD为【""】
2021-07-20 01:07:36 bad
2021-07-20 01:07:42 CHB 1835809?1626714456 第 1 次 等待 3 秒
2021-07-20 01:07:45 CHB 1835809?1626714456 第 1 次 获取到号码【1835809】GSD
2021-07-20 01:07:45 获取到号码【1835809】的GSD为【浙江-舟山】
2021-07-20 01:07:56 GSD insert 第 1 次 等待 3 秒
2021-07-20 01:07:59 {"status":"ok","gid":331429,"msg":"添加成功！"}
2021-07-20 01:07:59 下次操作: 2021-07-20 01:08:23

2021-07-20 01:08:23 开始第 6 次操作

2021-07-20 01:08:23 开始操作号码 【1835810】
2021-07-20 01:08:26 GSD getOne 第 1 次 等待 3 秒
2021-07-20 01:08:29 查询号码 【1835810】，返回信息 {"status":"bad","msg":""}
2021-07-20 01:08:29 查询号码 【1835810】，GSD为【""】
2021-07-20 01:08:29 bad
2021-07-20 01:08:31 CHB 1835810?1626714509 第 1 次 等待 3 秒
2021-07-20 01:08:34 CHB 1835810?1626714509 第 1 次 获取到号码【1835810】GSD
2021-07-20 01:08:34 获取到号码【1835810】的GSD为【浙江-杭州】
2021-07-20 01:08:53 GSD insert 第 1 次 等待 3 秒
2021-07-20 01:08:56 {"status":"ok","gid":331442,"msg":"添加成功！"}
2021-07-20 01:08:56 下次操作: 2021-07-20 01:09:14

2021-07-20 01:09:14 开始第 7 次操作

2021-07-20 01:09:14 开始操作号码 【1835811】
2021-07-20 01:09:19 GSD getOne 第 1 次 等待 3 秒
2021-07-20 01:09:22 查询号码 【1835811】，返回信息 {"status":"bad","msg":""}
2021-07-20 01:09:22 查询号码 【1835811】，GSD为【""】
2021-07-20 01:09:22 bad
2021-07-20 01:09:24 CHB 1835811?1626714562 第 1 次 等待 3 秒
2021-07-20 01:09:27 CHB 1835811?1626714562 第 1 次 获取到号码【1835811】GSD
2021-07-20 01:09:27 获取到号码【1835811】的GSD为【浙江-杭州】
2021-07-20 01:09:49 GSD insert 第 1 次 等待 3 秒
2021-07-20 01:09:52 {"status":"ok","gid":331453,"msg":"添加成功！"}
2021-07-20 01:09:52 下次操作: 2021-07-20 01:10:12

2021-07-20 01:10:12 开始第 8 次操作

2021-07-20 01:10:12 开始操作号码 【1835812】
2021-07-20 01:10:15 GSD getOne 第 1 次 等待 3 秒
2021-07-20 01:10:18 查询号码 【1835812】，返回信息 {"status":"bad","msg":""}
2021-07-20 01:10:18 查询号码 【1835812】，GSD为【""】
2021-07-20 01:10:18 bad
2021-07-20 01:10:21 CHB 1835812?1626714618 第 1 次 等待 3 秒
2021-07-20 01:10:24 CHB 1835812?1626714618 第 1 次 获取到号码【1835812】GSD
2021-07-20 01:10:24 获取到号码【1835812】的GSD为【浙江-杭州】
2021-07-20 01:10:41 GSD insert 第 1 次 等待 3 秒
2021-07-20 01:10:44 {"status":"ok","gid":331465,"msg":"添加成功！"}
2021-07-20 01:10:44 下次操作: 2021-07-20 01:10:56

2021-07-20 01:10:56 开始第 9 次操作

2021-07-20 01:10:56 开始操作号码 【1835813】
2021-07-20 01:11:00 GSD getOne 第 1 次 等待 3 秒
2021-07-20 01:11:03 查询号码 【1835813】，返回信息 {"status":"bad","msg":""}
2021-07-20 01:11:03 查询号码 【1835813】，GSD为【""】
2021-07-20 01:11:03 bad
2021-07-20 01:11:05 CHB 1835813?1626714663 第 1 次 等待 3 秒
2021-07-20 01:11:08 CHB 1835813?1626714663 第 1 次 获取到号码【1835813】GSD
2021-07-20 01:11:08 获取到号码【1835813】的GSD为【浙江-杭州】
2021-07-20 01:11:18 GSD insert 第 1 次 等待 3 秒
2021-07-20 01:11:21 {"status":"ok","gid":331475,"msg":"添加成功！"}
2021-07-20 01:11:21 下次操作: 2021-07-20 01:11:39

2021-07-20 01:11:39 开始第 10 次操作

2021-07-20 01:11:39 开始操作号码 【1835814】
2021-07-20 01:11:43 GSD getOne 第 1 次 等待 3 秒
2021-07-20 01:11:46 查询号码 【1835814】，返回信息 {"status":"bad","msg":""}
2021-07-20 01:11:46 查询号码 【1835814】，GSD为【""】
2021-07-20 01:11:46 bad
2021-07-20 01:11:48 CHB 1835814?1626714706 第 1 次 等待 3 秒
2021-07-20 01:11:51 CHB 1835814?1626714706 第 1 次 获取到号码【1835814】GSD
2021-07-20 01:11:51 获取到号码【1835814】的GSD为【浙江-杭州】
2021-07-20 01:12:13 GSD insert 第 1 次 等待 3 秒
2021-07-20 01:12:16 {"status":"ok","gid":331488,"msg":"添加成功！"}
2021-07-20 01:12:16 下次操作: 2021-07-20 01:12:32

2021-07-20 01:12:32 开始第 11 次操作

2021-07-20 01:12:32 开始操作号码 【1835815】
2021-07-20 01:12:35 GSD getOne 第 1 次 等待 3 秒
2021-07-20 01:12:38 查询号码 【1835815】，返回信息 {"status":"bad","msg":""}
2021-07-20 01:12:38 查询号码 【1835815】，GSD为【""】
2021-07-20 01:12:38 bad
2021-07-20 01:12:40 CHB 1835815?1626714758 第 1 次 等待 3 秒
2021-07-20 01:12:43 CHB 1835815?1626714758 第 1 次 获取到号码【1835815】GSD
2021-07-20 01:12:43 获取到号码【1835815】的GSD为【浙江-杭州】
2021-07-20 01:13:06 GSD insert 第 1 次 等待 3 秒
2021-07-20 01:13:09 {"status":"ok","gid":331499,"msg":"添加成功！"}
2021-07-20 01:13:09 下次操作: 2021-07-20 01:13:30

2021-07-20 01:13:30 开始第 12 次操作

2021-07-20 01:13:30 开始操作号码 【1835816】
2021-07-20 01:13:34 GSD getOne 第 1 次 等待 3 秒
2021-07-20 01:13:37 查询号码 【1835816】，返回信息 {"status":"ok","msg":"浙江-杭州","gid":"37937","time_insert":"2017-04-19 23:02","time_update":"2020-09-02 17:25"}
2021-07-20 01:13:37 查询号码 【1835816】，GSD为【"浙江-杭州"】

2021-07-20 01:13:37 开始第 12 次操作

2021-07-20 01:13:37 开始操作号码 【1835817】
2021-07-20 01:13:55 GSD getOne 第 1 次 等待 3 秒
2021-07-20 01:13:58 查询号码 【1835817】，返回信息 {"status":"bad","msg":""}
2021-07-20 01:13:58 查询号码 【1835817】，GSD为【""】
2021-07-20 01:13:58 bad
2021-07-20 01:14:00 CHB 1835817?1626714838 第 1 次 等待 3 秒
2021-07-20 01:14:03 CHB 1835817?1626714838 第 1 次 获取到号码【1835817】GSD
2021-07-20 01:14:03 获取到号码【1835817】的GSD为【浙江-杭州】
2021-07-20 01:14:22 GSD insert 第 1 次 等待 3 秒
2021-07-20 01:14:25 {"status":"ok","gid":331515,"msg":"添加成功！"}
2021-07-20 01:14:25 下次操作: 2021-07-20 01:14:49

2021-07-20 01:14:49 开始第 13 次操作

2021-07-20 01:14:49 开始操作号码 【1835818】
2021-07-20 01:14:52 GSD getOne 第 1 次 等待 3 秒
2021-07-20 01:14:55 查询号码 【1835818】，返回信息 {"status":"bad","msg":""}
2021-07-20 01:14:55 查询号码 【1835818】，GSD为【""】
2021-07-20 01:14:55 bad
2021-07-20 01:14:57 CHB 1835818?1626714895 第 1 次 等待 3 秒
2021-07-20 01:15:00 CHB 1835818?1626714895 第 1 次 获取到号码【1835818】GSD
2021-07-20 01:15:00 获取到号码【1835818】的GSD为【浙江-杭州】
2021-07-20 01:15:18 GSD insert 第 1 次 等待 3 秒
2021-07-20 01:15:21 {"status":"ok","gid":331527,"msg":"添加成功！"}
2021-07-20 01:15:21 下次操作: 2021-07-20 01:15:39

2021-07-20 01:15:39 开始第 14 次操作

2021-07-20 01:15:39 开始操作号码 【1835819】
2021-07-20 01:15:42 GSD getOne 第 1 次 等待 3 秒
2021-07-20 01:15:45 查询号码 【1835819】，返回信息 {"status":"bad","msg":""}
2021-07-20 01:15:45 查询号码 【1835819】，GSD为【""】
2021-07-20 01:15:45 bad
2021-07-20 01:15:47 CHB 1835819?1626714945 第 1 次 等待 3 秒
2021-07-20 01:15:50 CHB 1835819?1626714945 第 1 次 获取到号码【1835819】GSD
2021-07-20 01:15:50 获取到号码【1835819】的GSD为【浙江-杭州】
2021-07-20 01:16:08 GSD insert 第 1 次 等待 3 秒
2021-07-20 01:16:11 {"status":"ok","gid":331540,"msg":"添加成功！"}
2021-07-20 01:16:11 下次操作: 2021-07-20 01:16:34

2021-07-20 01:16:34 开始第 15 次操作

2021-07-20 01:16:34 开始操作号码 【1835820】
2021-07-20 01:16:37 GSD getOne 第 1 次 等待 3 秒
2021-07-20 01:16:40 查询号码 【1835820】，返回信息 {"status":"ok","msg":"浙江-宁波","gid":"37938","time_insert":"2017-04-20 15:33","time_update":"2020-09-02 17:28"}
2021-07-20 01:16:40 查询号码 【1835820】，GSD为【"浙江-宁波"】

2021-07-20 01:16:40 开始第 15 次操作

2021-07-20 01:16:40 开始操作号码 【1835821】
2021-07-20 01:17:02 GSD getOne 第 1 次 等待 3 秒
2021-07-20 01:17:05 查询号码 【1835821】，返回信息 {"status":"bad","msg":""}
2021-07-20 01:17:05 查询号码 【1835821】，GSD为【""】
2021-07-20 01:17:05 bad
2021-07-20 01:17:07 CHB 1835821?1626715025 第 1 次 等待 3 秒
2021-07-20 01:17:10 CHB 1835821?1626715025 第 1 次 获取到号码【1835821】GSD
2021-07-20 01:17:10 获取到号码【1835821】的GSD为【浙江-宁波】
2021-07-20 01:17:28 GSD insert 第 1 次 等待 3 秒
2021-07-20 01:17:31 {"status":"ok","gid":331559,"msg":"添加成功！"}
2021-07-20 01:17:31 下次操作: 2021-07-20 01:17:47

2021-07-20 01:17:47 开始第 16 次操作

2021-07-20 01:17:47 开始操作号码 【1835822】
2021-07-20 01:17:57 GSD getOne 第 1 次 等待 3 秒
2021-07-20 01:18:00 查询号码 【1835822】，返回信息 {"status":"bad","msg":""}
2021-07-20 01:18:00 查询号码 【1835822】，GSD为【""】
2021-07-20 01:18:00 bad
2021-07-20 01:18:03 CHB 1835822?1626715080 第 1 次 等待 3 秒
2021-07-20 01:18:06 CHB 1835822?1626715080 第 1 次 获取到号码【1835822】GSD
2021-07-20 01:18:06 获取到号码【1835822】的GSD为【浙江-宁波】
2021-07-20 01:18:24 GSD insert 第 1 次 等待 3 秒
2021-07-20 01:18:27 {"status":"ok","gid":331571,"msg":"添加成功！"}
2021-07-20 01:18:27 下次操作: 2021-07-20 01:18:43

2021-07-20 01:18:43 开始第 17 次操作

2021-07-20 01:18:43 开始操作号码 【1835823】
2021-07-20 01:18:46 GSD getOne 第 1 次 等待 3 秒
2021-07-20 01:18:49 查询号码 【1835823】，返回信息 {"status":"bad","msg":""}
2021-07-20 01:18:50 查询号码 【1835823】，GSD为【""】
2021-07-20 01:18:50 bad
2021-07-20 01:18:52 CHB 1835823?1626715130 第 1 次 等待 3 秒
2021-07-20 01:18:55 CHB 1835823?1626715130 第 1 次 获取到号码【1835823】GSD
2021-07-20 01:18:55 获取到号码【1835823】的GSD为【浙江-宁波】
2021-07-20 01:19:13 GSD insert 第 1 次 等待 3 秒
2021-07-20 01:19:16 {"status":"ok","gid":331581,"msg":"添加成功！"}
2021-07-20 01:19:16 下次操作: 2021-07-20 01:19:35

2021-07-20 01:19:35 开始第 18 次操作

2021-07-20 01:19:35 开始操作号码 【1835824】
2021-07-20 01:19:38 GSD getOne 第 1 次 等待 3 秒
2021-07-20 01:19:41 查询号码 【1835824】，返回信息 {"status":"bad","msg":""}
2021-07-20 01:19:41 查询号码 【1835824】，GSD为【""】
2021-07-20 01:19:41 bad
2021-07-20 01:19:48 CHB 1835824?1626715181 第 1 次 等待 3 秒
2021-07-20 01:19:51 CHB 1835824?1626715181 第 1 次 获取到号码【1835824】GSD
2021-07-20 01:19:51 获取到号码【1835824】的GSD为【浙江-宁波】
2021-07-20 01:19:56 GSD insert 第 1 次 等待 3 秒
2021-07-20 01:19:59 {"status":"ok","gid":331590,"msg":"添加成功！"}
2021-07-20 01:19:59 下次操作: 2021-07-20 01:20:13

2021-07-20 01:20:13 开始第 19 次操作

2021-07-20 01:20:13 开始操作号码 【1835825】
2021-07-20 01:20:17 GSD getOne 第 1 次 等待 3 秒
2021-07-20 01:20:20 查询号码 【1835825】，返回信息 {"status":"bad","msg":""}
2021-07-20 01:20:21 查询号码 【1835825】，GSD为【""】
2021-07-20 01:20:21 bad
2021-07-20 01:20:23 CHB 1835825?1626715221 第 1 次 等待 3 秒
2021-07-20 01:20:26 CHB 1835825?1626715221 第 1 次 获取到号码【1835825】GSD
2021-07-20 01:20:26 获取到号码【1835825】的GSD为【浙江-宁波】
2021-07-20 01:20:36 GSD insert 第 1 次 等待 3 秒
2021-07-20 01:20:39 {"status":"ok","gid":331600,"msg":"添加成功！"}
2021-07-20 01:20:39 下次操作: 2021-07-20 01:20:52

2021-07-20 01:20:52 开始第 20 次操作

2021-07-20 01:20:52 开始操作号码 【1835826】
2021-07-20 01:20:56 GSD getOne 第 1 次 等待 3 秒
2021-07-20 01:20:59 查询号码 【1835826】，返回信息 {"status":"bad","msg":""}
2021-07-20 01:20:59 查询号码 【1835826】，GSD为【""】
2021-07-20 01:20:59 bad
2021-07-20 01:21:00 CHB 1835826?1626715259 第 1 次 等待 3 秒
2021-07-20 01:21:03 CHB 1835826?1626715259 第 1 次 获取到号码【1835826】GSD
2021-07-20 01:21:03 获取到号码【1835826】的GSD为【浙江-宁波】
2021-07-20 01:21:22 GSD insert 第 1 次 等待 3 秒
2021-07-20 01:21:25 {"status":"ok","gid":331612,"msg":"添加成功！"}
2021-07-20 01:21:25 下次操作: 2021-07-20 01:21:42

2021-07-20 01:21:42 开始第 21 次操作

2021-07-20 01:21:43 开始操作号码 【1835827】
2021-07-20 01:21:48 GSD getOne 第 1 次 等待 3 秒
2021-07-20 01:21:51 查询号码 【1835827】，返回信息 {"status":"bad","msg":""}
2021-07-20 01:21:51 查询号码 【1835827】，GSD为【""】
2021-07-20 01:21:51 bad
2021-07-20 01:21:54 CHB 1835827?1626715311 第 1 次 等待 3 秒
2021-07-20 01:21:57 CHB 1835827?1626715311 第 1 次 获取到号码【1835827】GSD
2021-07-20 01:21:57 获取到号码【1835827】的GSD为【浙江-宁波】
2021-07-20 01:22:09 GSD insert 第 1 次 等待 3 秒
2021-07-20 01:22:12 {"status":"ok","gid":331623,"msg":"添加成功！"}
2021-07-20 01:22:12 下次操作: 2021-07-20 01:22:32

2021-07-20 01:22:32 开始第 22 次操作

2021-07-20 01:22:32 开始操作号码 【1835828】
2021-07-20 01:22:36 GSD getOne 第 1 次 等待 3 秒
2021-07-20 01:22:39 查询号码 【1835828】，返回信息 {"status":"bad","msg":""}
2021-07-20 01:22:39 查询号码 【1835828】，GSD为【""】
2021-07-20 01:22:39 bad
2021-07-20 01:22:42 CHB 1835828?1626715359 第 1 次 等待 3 秒
2021-07-20 01:22:45 CHB 1835828?1626715359 第 1 次 获取到号码【1835828】GSD
2021-07-20 01:22:45 未获取到号码【1835828】GSD，查号吧 400 错误
2021-07-20 01:22:45 获取到号码【1835828】的GSD为【-】
2021-07-20 01:22:55 GSD insert 第 1 次 等待 3 秒
2021-07-20 01:22:58 {"status":"ok","gid":331634,"msg":"添加成功！"}
2021-07-20 01:22:58 下次操作: 2021-07-20 01:23:22

2021-07-20 01:23:22 开始第 23 次操作

2021-07-20 01:23:22 开始操作号码 【1835829】
2021-07-20 01:23:25 GSD getOne 第 1 次 等待 3 秒
2021-07-20 01:23:28 查询号码 【1835829】，返回信息 {"status":"bad","msg":""}
2021-07-20 01:23:28 查询号码 【1835829】，GSD为【""】
2021-07-20 01:23:28 bad
2021-07-20 01:23:31 CHB 1835829?1626715408 第 1 次 等待 3 秒
2021-07-20 01:23:34 CHB 1835829?1626715408 第 1 次 获取到号码【1835829】GSD
2021-07-20 01:23:34 获取到号码【1835829】的GSD为【浙江-宁波】
2021-07-20 01:23:44 GSD insert 第 1 次 等待 3 秒
2021-07-20 01:23:47 {"status":"ok","gid":331644,"msg":"添加成功！"}
2021-07-20 01:23:47 下次操作: 2021-07-20 01:24:01

2021-07-20 01:24:01 开始第 24 次操作

2021-07-20 01:24:01 开始操作号码 【1835830】
2021-07-20 01:24:04 GSD getOne 第 1 次 等待 3 秒
2021-07-20 01:24:07 查询号码 【1835830】，返回信息 {"status":"bad","msg":""}
2021-07-20 01:24:07 查询号码 【1835830】，GSD为【""】
2021-07-20 01:24:07 bad
2021-07-20 01:24:09 CHB 1835830?1626715447 第 1 次 等待 3 秒
2021-07-20 01:24:12 CHB 1835830?1626715447 第 1 次 获取到号码【1835830】GSD
2021-07-20 01:24:12 获取到号码【1835830】的GSD为【浙江-嘉兴】
2021-07-20 01:24:23 GSD insert 第 1 次 等待 3 秒
2021-07-20 01:24:26 {"status":"ok","gid":331653,"msg":"添加成功！"}
2021-07-20 01:24:26 下次操作: 2021-07-20 01:24:48

2021-07-20 01:24:48 开始第 25 次操作

2021-07-20 01:24:48 开始操作号码 【1835831】
2021-07-20 01:24:51 GSD getOne 第 1 次 等待 3 秒
2021-07-20 01:24:54 查询号码 【1835831】，返回信息 {"status":"ok","msg":"浙江-嘉兴","gid":"37939","time_insert":"2014-08-28 10:23","time_update":"2020-09-02 17:33"}
2021-07-20 01:24:54 查询号码 【1835831】，GSD为【"浙江-嘉兴"】

2021-07-20 01:24:54 开始第 25 次操作

2021-07-20 01:24:54 开始操作号码 【1835832】
2021-07-20 01:25:12 GSD getOne 第 1 次 等待 3 秒
2021-07-20 01:25:15 查询号码 【1835832】，返回信息 {"status":"bad","msg":""}
2021-07-20 01:25:15 查询号码 【1835832】，GSD为【""】
2021-07-20 01:25:15 bad
2021-07-20 01:25:17 CHB 1835832?1626715515 第 1 次 等待 3 秒
2021-07-20 01:25:20 CHB 1835832?1626715515 第 1 次 获取到号码【1835832】GSD
2021-07-20 01:25:20 获取到号码【1835832】的GSD为【浙江-嘉兴】
2021-07-20 01:25:30 GSD insert 第 1 次 等待 3 秒
2021-07-20 01:25:33 {"status":"ok","gid":331668,"msg":"添加成功！"}
2021-07-20 01:25:33 下次操作: 2021-07-20 01:25:46

2021-07-20 01:25:46 开始第 26 次操作

2021-07-20 01:25:46 开始操作号码 【1835833】
2021-07-20 01:25:49 GSD getOne 第 1 次 等待 3 秒
2021-07-20 01:25:52 查询号码 【1835833】，返回信息 {"status":"ok","msg":"浙江-嘉兴","gid":"37940","time_insert":"2017-04-20 16:08","time_update":"2020-09-02 17:38"}
2021-07-20 01:25:52 查询号码 【1835833】，GSD为【"浙江-嘉兴"】

2021-07-20 01:25:52 开始第 26 次操作

2021-07-20 01:25:52 开始操作号码 【1835834】
2021-07-20 01:26:11 GSD getOne 第 1 次 等待 3 秒
2021-07-20 01:26:14 查询号码 【1835834】，返回信息 {"status":"bad","msg":""}
2021-07-20 01:26:14 查询号码 【1835834】，GSD为【""】
2021-07-20 01:26:14 bad
2021-07-20 01:26:16 CHB 1835834?1626715574 第 1 次 等待 3 秒
2021-07-20 01:26:19 CHB 1835834?1626715574 第 1 次 获取到号码【1835834】GSD
2021-07-20 01:26:19 获取到号码【1835834】的GSD为【浙江-嘉兴】
2021-07-20 01:26:38 GSD insert 第 1 次 等待 3 秒
2021-07-20 01:26:41 {"status":"ok","gid":331684,"msg":"添加成功！"}
2021-07-20 01:26:41 下次操作: 2021-07-20 01:27:01

2021-07-20 01:27:01 开始第 27 次操作

2021-07-20 01:27:01 开始操作号码 【1835835】
2021-07-20 01:27:04 GSD getOne 第 1 次 等待 3 秒
2021-07-20 01:27:07 查询号码 【1835835】，返回信息 {"status":"bad","msg":""}
2021-07-20 01:27:07 查询号码 【1835835】，GSD为【""】
2021-07-20 01:27:07 bad
2021-07-20 01:27:09 CHB 1835835?1626715627 第 1 次 等待 3 秒
2021-07-20 01:27:12 CHB 1835835?1626715627 第 1 次 获取到号码【1835835】GSD
2021-07-20 01:27:12 获取到号码【1835835】的GSD为【浙江-嘉兴】
2021-07-20 01:27:32 GSD insert 第 1 次 等待 3 秒
2021-07-20 01:27:35 {"status":"ok","gid":331695,"msg":"添加成功！"}
2021-07-20 01:27:35 下次操作: 2021-07-20 01:27:48

2021-07-20 01:27:48 开始第 28 次操作

2021-07-20 01:27:48 开始操作号码 【1835836】
2021-07-20 01:27:52 GSD getOne 第 1 次 等待 3 秒
2021-07-20 01:27:55 查询号码 【1835836】，返回信息 {"status":"bad","msg":""}
2021-07-20 01:27:55 查询号码 【1835836】，GSD为【""】
2021-07-20 01:27:55 bad
2021-07-20 01:27:57 CHB 1835836?1626715675 第 1 次 等待 3 秒
2021-07-20 01:28:00 CHB 1835836?1626715675 第 1 次 获取到号码【1835836】GSD
2021-07-20 01:28:00 获取到号码【1835836】的GSD为【浙江-嘉兴】
2021-07-20 01:28:19 GSD insert 第 1 次 等待 3 秒
2021-07-20 01:28:22 {"status":"ok","gid":331701,"msg":"添加成功！"}
2021-07-20 01:28:22 下次操作: 2021-07-20 01:28:34

2021-07-20 01:28:34 开始第 29 次操作

2021-07-20 01:28:34 开始操作号码 【1835837】
2021-07-20 01:28:39 GSD getOne 第 1 次 等待 3 秒
2021-07-20 01:28:42 查询号码 【1835837】，返回信息 {"status":"bad","msg":""}
2021-07-20 01:28:42 查询号码 【1835837】，GSD为【""】
2021-07-20 01:28:42 bad
2021-07-20 01:28:44 CHB 1835837?1626715722 第 1 次 等待 3 秒
2021-07-20 01:28:47 CHB 1835837?1626715722 第 1 次 获取到号码【1835837】GSD
2021-07-20 01:28:47 获取到号码【1835837】的GSD为【浙江-嘉兴】
2021-07-20 01:29:08 GSD insert 第 1 次 等待 3 秒
2021-07-20 01:29:11 {"status":"ok","gid":331707,"msg":"添加成功！"}
2021-07-20 01:29:11 下次操作: 2021-07-20 01:29:24

2021-07-20 01:29:24 开始第 30 次操作

2021-07-20 01:29:24 开始操作号码 【1835838】
2021-07-20 01:29:27 GSD getOne 第 1 次 等待 3 秒
2021-07-20 01:29:30 查询号码 【1835838】，返回信息 {"status":"bad","msg":""}
2021-07-20 01:29:30 查询号码 【1835838】，GSD为【""】
2021-07-20 01:29:30 bad
2021-07-20 01:29:32 CHB 1835838?1626715770 第 1 次 等待 3 秒
2021-07-20 01:29:35 CHB 1835838?1626715770 第 1 次 获取到号码【1835838】GSD
2021-07-20 01:29:35 获取到号码【1835838】的GSD为【浙江-嘉兴】
2021-07-20 01:29:53 GSD insert 第 1 次 等待 3 秒
2021-07-20 01:29:56 {"status":"ok","gid":331714,"msg":"添加成功！"}
2021-07-20 01:29:56 下次操作: 2021-07-20 01:30:17

2021-07-20 01:30:17 开始第 31 次操作

2021-07-20 01:30:17 开始操作号码 【1835839】
2021-07-20 01:30:21 GSD getOne 第 1 次 等待 3 秒
2021-07-20 01:30:24 查询号码 【1835839】，返回信息 {"status":"ok","msg":"浙江-嘉兴","gid":"51282","time_insert":"2021-04-22 09:33"}
2021-07-20 01:30:24 查询号码 【1835839】，GSD为【"浙江-嘉兴"】

2021-07-20 01:30:25 开始第 31 次操作

2021-07-20 01:30:25 开始操作号码 【1835840】
2021-07-20 01:30:43 GSD getOne 第 1 次 等待 3 秒
2021-07-20 01:30:46 查询号码 【1835840】，返回信息 {"status":"bad","msg":""}
2021-07-20 01:30:46 查询号码 【1835840】，GSD为【""】
2021-07-20 01:30:46 bad
2021-07-20 01:30:48 CHB 1835840?1626715846 第 1 次 等待 3 秒
2021-07-20 01:30:51 CHB 1835840?1626715846 第 1 次 获取到号码【1835840】GSD
2021-07-20 01:30:51 获取到号码【1835840】的GSD为【浙江-宁波】
2021-07-20 01:31:13 GSD insert 第 1 次 等待 3 秒
2021-07-20 01:31:16 {"status":"ok","gid":331717,"msg":"添加成功！"}
2021-07-20 01:31:16 下次操作: 2021-07-20 01:31:37

2021-07-20 01:31:37 开始第 32 次操作

2021-07-20 01:31:37 开始操作号码 【1835841】
2021-07-20 01:31:40 GSD getOne 第 1 次 等待 3 秒
2021-07-20 01:31:43 查询号码 【1835841】，返回信息 {"status":"bad","msg":""}
2021-07-20 01:31:43 查询号码 【1835841】，GSD为【""】
2021-07-20 01:31:43 bad
2021-07-20 01:31:45 CHB 1835841?1626715903 第 1 次 等待 3 秒
2021-07-20 01:31:48 CHB 1835841?1626715903 第 1 次 获取到号码【1835841】GSD
2021-07-20 01:31:48 获取到号码【1835841】的GSD为【浙江-宁波】
2021-07-20 01:32:06 GSD insert 第 1 次 等待 3 秒
2021-07-20 01:32:09 {"status":"ok","gid":331724,"msg":"添加成功！"}
2021-07-20 01:32:09 下次操作: 2021-07-20 01:32:22

2021-07-20 01:32:22 开始第 33 次操作

2021-07-20 01:32:22 开始操作号码 【1835842】
2021-07-20 01:32:25 GSD getOne 第 1 次 等待 3 秒
2021-07-20 01:32:28 查询号码 【1835842】，返回信息 {"status":"bad","msg":""}
2021-07-20 01:32:28 查询号码 【1835842】，GSD为【""】
2021-07-20 01:32:28 bad
2021-07-20 01:32:30 CHB 1835842?1626715948 第 1 次 等待 3 秒
2021-07-20 01:32:33 CHB 1835842?1626715948 第 1 次 获取到号码【1835842】GSD
2021-07-20 01:32:33 获取到号码【1835842】的GSD为【浙江-宁波】
2021-07-20 01:32:53 GSD insert 第 1 次 等待 3 秒
2021-07-20 01:32:56 {"status":"ok","gid":331726,"msg":"添加成功！"}
2021-07-20 01:32:56 下次操作: 2021-07-20 01:33:11

2021-07-20 01:33:11 开始第 34 次操作

2021-07-20 01:33:11 开始操作号码 【1835843】
2021-07-20 01:33:15 GSD getOne 第 1 次 等待 3 秒
2021-07-20 01:33:18 查询号码 【1835843】，返回信息 {"status":"ok","msg":"浙江-宁波","gid":"37941","time_insert":"2014-07-13 13:40","time_update":"2020-09-02 17:42"}
2021-07-20 01:33:18 查询号码 【1835843】，GSD为【"浙江-宁波"】

2021-07-20 01:33:18 开始第 34 次操作

2021-07-20 01:33:18 开始操作号码 【1835844】
2021-07-20 01:33:37 GSD getOne 第 1 次 等待 3 秒
2021-07-20 01:33:40 查询号码 【1835844】，返回信息 {"status":"bad","msg":""}
2021-07-20 01:33:40 查询号码 【1835844】，GSD为【""】
2021-07-20 01:33:40 bad
2021-07-20 01:33:42 CHB 1835844?1626716020 第 1 次 等待 3 秒
2021-07-20 01:33:45 CHB 1835844?1626716020 第 1 次 获取到号码【1835844】GSD
2021-07-20 01:33:45 获取到号码【1835844】的GSD为【浙江-宁波】
2021-07-20 01:34:04 GSD insert 第 1 次 等待 3 秒
2021-07-20 01:34:07 {"status":"ok","gid":331732,"msg":"添加成功！"}
2021-07-20 01:34:07 下次操作: 2021-07-20 01:34:26

2021-07-20 01:34:26 开始第 35 次操作

2021-07-20 01:34:26 开始操作号码 【1835845】
2021-07-20 01:34:29 GSD getOne 第 1 次 等待 3 秒
2021-07-20 01:34:32 查询号码 【1835845】，返回信息 {"status":"ok","msg":"浙江-宁波","gid":"37942","time_insert":"2016-04-08 17:00","time_update":"2020-09-02 17:46"}
2021-07-20 01:34:32 查询号码 【1835845】，GSD为【"浙江-宁波"】

2021-07-20 01:34:32 开始第 35 次操作

2021-07-20 01:34:32 开始操作号码 【1835846】
2021-07-20 01:34:51 GSD getOne 第 1 次 等待 3 秒
2021-07-20 01:34:54 查询号码 【1835846】，返回信息 {"status":"bad","msg":""}
2021-07-20 01:34:54 查询号码 【1835846】，GSD为【""】
2021-07-20 01:34:54 bad
2021-07-20 01:34:55 CHB 1835846?1626716094 第 1 次 等待 3 秒
2021-07-20 01:34:58 CHB 1835846?1626716094 第 1 次 获取到号码【1835846】GSD
2021-07-20 01:34:59 获取到号码【1835846】的GSD为【浙江-宁波】
2021-07-20 01:35:17 GSD insert 第 1 次 等待 3 秒
2021-07-20 01:35:20 {"status":"ok","gid":331736,"msg":"添加成功！"}
2021-07-20 01:35:20 下次操作: 2021-07-20 01:35:37

2021-07-20 01:35:37 开始第 36 次操作

2021-07-20 01:35:37 开始操作号码 【1835847】
2021-07-20 01:35:40 GSD getOne 第 1 次 等待 3 秒
2021-07-20 01:35:43 查询号码 【1835847】，返回信息 {"status":"bad","msg":""}
2021-07-20 01:35:43 查询号码 【1835847】，GSD为【""】
2021-07-20 01:35:43 bad
2021-07-20 01:35:45 CHB 1835847?1626716143 第 1 次 等待 3 秒
2021-07-20 01:35:48 CHB 1835847?1626716143 第 1 次 获取到号码【1835847】GSD
2021-07-20 01:35:48 获取到号码【1835847】的GSD为【浙江-宁波】
2021-07-20 01:36:06 GSD insert 第 1 次 等待 3 秒
2021-07-20 01:36:09 {"status":"ok","gid":331738,"msg":"添加成功！"}
2021-07-20 01:36:10 下次操作: 2021-07-20 01:36:24

2021-07-20 01:36:24 开始第 37 次操作

2021-07-20 01:36:24 开始操作号码 【1835848】
2021-07-20 01:36:26 GSD getOne 第 1 次 等待 3 秒
2021-07-20 01:36:29 查询号码 【1835848】，返回信息 {"status":"bad","msg":""}
2021-07-20 01:36:29 查询号码 【1835848】，GSD为【""】
2021-07-20 01:36:29 bad
2021-07-20 01:36:31 CHB 1835848?1626716189 第 1 次 等待 3 秒
2021-07-20 01:36:34 CHB 1835848?1626716189 第 1 次 获取到号码【1835848】GSD
2021-07-20 01:36:34 获取到号码【1835848】的GSD为【浙江-宁波】
2021-07-20 01:36:54 GSD insert 第 1 次 等待 3 秒
2021-07-20 01:36:57 {"status":"ok","gid":331741,"msg":"添加成功！"}
2021-07-20 01:36:57 下次操作: 2021-07-20 01:37:19

2021-07-20 01:37:19 开始第 38 次操作

2021-07-20 01:37:19 开始操作号码 【1835849】
2021-07-20 01:37:25 GSD getOne 第 1 次 等待 3 秒
2021-07-20 01:37:28 查询号码 【1835849】，返回信息 {"status":"bad","msg":""}
2021-07-20 01:37:28 查询号码 【1835849】，GSD为【""】
2021-07-20 01:37:28 bad
2021-07-20 01:37:29 CHB 1835849?1626716248 第 1 次 等待 3 秒
2021-07-20 01:37:32 CHB 1835849?1626716248 第 1 次 获取到号码【1835849】GSD
2021-07-20 01:37:32 获取到号码【1835849】的GSD为【浙江-宁波】
2021-07-20 01:37:55 GSD insert 第 1 次 等待 3 秒
2021-07-20 01:37:58 {"status":"ok","gid":331743,"msg":"添加成功！"}
2021-07-20 01:37:58 下次操作: 2021-07-20 01:38:21

2021-07-20 01:38:21 开始第 39 次操作

2021-07-20 01:38:21 开始操作号码 【1835850】
2021-07-20 01:38:24 GSD getOne 第 1 次 等待 3 秒
2021-07-20 01:38:27 查询号码 【1835850】，返回信息 {"status":"bad","msg":""}
2021-07-20 01:38:27 查询号码 【1835850】，GSD为【""】
2021-07-20 01:38:27 bad
2021-07-20 01:38:29 CHB 1835850?1626716307 第 1 次 等待 3 秒
2021-07-20 01:38:32 CHB 1835850?1626716307 第 1 次 获取到号码【1835850】GSD
2021-07-20 01:38:32 获取到号码【1835850】的GSD为【浙江-绍兴】
2021-07-20 01:38:51 GSD insert 第 1 次 等待 3 秒
2021-07-20 01:38:54 {"status":"ok","gid":331747,"msg":"添加成功！"}
2021-07-20 01:38:54 下次操作: 2021-07-20 01:39:16

2021-07-20 01:39:16 开始第 40 次操作

2021-07-20 01:39:16 开始操作号码 【1835851】
2021-07-20 01:39:22 GSD getOne 第 1 次 等待 3 秒
2021-07-20 01:39:25 查询号码 【1835851】，返回信息 {"status":"ok","msg":"浙江-绍兴","gid":"49897","time_insert":"2021-04-21 14:32"}
2021-07-20 01:39:25 查询号码 【1835851】，GSD为【"浙江-绍兴"】

2021-07-20 01:39:25 开始第 40 次操作

2021-07-20 01:39:25 开始操作号码 【1835852】
2021-07-20 01:39:44 GSD getOne 第 1 次 等待 3 秒
2021-07-20 01:39:47 查询号码 【1835852】，返回信息 {"status":"bad","msg":""}
2021-07-20 01:39:47 查询号码 【1835852】，GSD为【""】
2021-07-20 01:39:47 bad
2021-07-20 01:39:49 CHB 1835852?1626716387 第 1 次 等待 3 秒
2021-07-20 01:39:52 CHB 1835852?1626716387 第 1 次 获取到号码【1835852】GSD
2021-07-20 01:39:52 获取到号码【1835852】的GSD为【浙江-绍兴】
2021-07-20 01:40:10 GSD insert 第 1 次 等待 3 秒
2021-07-20 01:40:13 {"status":"ok","gid":331751,"msg":"添加成功！"}

2021-07-20 01:44:17 开始第 1 次操作

2021-07-20 01:44:17 开始操作号码 【1835853】
2021-07-20 01:44:20 GSD getOne 第 1 次 等待 3 秒
2021-07-20 01:44:23 查询号码 【1835853】，返回信息 {"status":"bad","msg":""}
2021-07-20 01:44:23 查询号码 【1835853】，GSD为【""】
2021-07-20 01:44:23 bad
2021-07-20 01:44:29 CHB 1835853?1626716663 第 1 次 等待 3 秒
2021-07-20 01:44:32 CHB 1835853?1626716663 第 1 次 获取到号码【1835853】GSD
2021-07-20 01:44:32 获取到号码【1835853】的GSD为【浙江-绍兴】
2021-07-20 01:44:35 GSD insert 第 1 次 等待 3 秒
2021-07-20 01:44:38 {"status":"ok","gid":331773,"msg":"添加成功！"}
2021-07-20 01:44:38 下次操作: 2021-07-20 01:44:56

2021-07-20 01:44:56 开始第 2 次操作

2021-07-20 01:44:56 开始操作号码 【1835854】
2021-07-20 01:44:58 GSD getOne 第 1 次 等待 3 秒
2021-07-20 01:45:02 查询号码 【1835854】，返回信息 {"status":"bad","msg":""}
2021-07-20 01:45:02 查询号码 【1835854】，GSD为【""】
2021-07-20 01:45:02 bad
2021-07-20 01:45:03 CHB 1835854?1626716702 第 1 次 等待 3 秒
2021-07-20 01:45:06 CHB 1835854?1626716702 第 1 次 获取到号码【1835854】GSD
2021-07-20 01:45:06 获取到号码【1835854】的GSD为【浙江-绍兴】
2021-07-20 01:45:09 GSD insert 第 1 次 等待 3 秒
2021-07-20 01:45:12 {"status":"ok","gid":331778,"msg":"添加成功！"}
2021-07-20 01:45:12 下次操作: 2021-07-20 01:45:25

2021-07-20 01:45:25 开始第 3 次操作

2021-07-20 01:45:25 开始操作号码 【1835855】
2021-07-20 01:45:28 GSD getOne 第 1 次 等待 3 秒
2021-07-20 01:45:31 查询号码 【1835855】，返回信息 {"status":"bad","msg":""}
2021-07-20 01:45:31 查询号码 【1835855】，GSD为【""】
2021-07-20 01:45:31 bad
2021-07-20 01:45:33 CHB 1835855?1626716731 第 1 次 等待 3 秒
2021-07-20 01:45:36 CHB 1835855?1626716731 第 1 次 获取到号码【1835855】GSD
2021-07-20 01:45:37 获取到号码【1835855】的GSD为【浙江-绍兴】
2021-07-20 01:45:39 GSD insert 第 1 次 等待 3 秒
2021-07-20 01:45:42 {"status":"ok","gid":331785,"msg":"添加成功！"}
2021-07-20 01:45:42 下次操作: 2021-07-20 01:46:03

2021-07-20 01:46:03 开始第 4 次操作

2021-07-20 01:46:03 开始操作号码 【1835856】
2021-07-20 01:46:06 GSD getOne 第 1 次 等待 3 秒
2021-07-20 01:46:09 查询号码 【1835856】，返回信息 {"status":"bad","msg":""}
2021-07-20 01:46:09 查询号码 【1835856】，GSD为【""】
2021-07-20 01:46:09 bad
2021-07-20 01:46:11 CHB 1835856?1626716769 第 1 次 等待 3 秒
2021-07-20 01:46:14 CHB 1835856?1626716769 第 1 次 获取到号码【1835856】GSD
2021-07-20 01:46:14 获取到号码【1835856】的GSD为【浙江-绍兴】
2021-07-20 01:46:17 GSD insert 第 1 次 等待 3 秒
2021-07-20 01:46:20 {"status":"ok","gid":331792,"msg":"添加成功！"}
2021-07-20 01:46:20 下次操作: 2021-07-20 01:46:32

2021-07-20 01:46:32 开始第 5 次操作

2021-07-20 01:46:32 开始操作号码 【1835857】
2021-07-20 01:46:35 GSD getOne 第 1 次 等待 3 秒
2021-07-20 01:46:38 查询号码 【1835857】，返回信息 {"status":"ok","msg":"浙江-绍兴","gid":"37943","time_insert":"2014-07-03 22:53","time_update":"2020-09-02 17:47"}
2021-07-20 01:46:38 查询号码 【1835857】，GSD为【"浙江-绍兴"】

2021-07-20 01:46:38 开始第 5 次操作

2021-07-20 01:46:38 开始操作号码 【1835858】
2021-07-20 01:46:41 GSD getOne 第 1 次 等待 3 秒
2021-07-20 01:46:44 查询号码 【1835858】，返回信息 {"status":"bad","msg":""}
2021-07-20 01:46:44 查询号码 【1835858】，GSD为【""】
2021-07-20 01:46:44 bad
2021-07-20 01:46:46 CHB 1835858?1626716804 第 1 次 等待 3 秒
2021-07-20 01:46:49 CHB 1835858?1626716804 第 1 次 获取到号码【1835858】GSD
2021-07-20 01:46:49 获取到号码【1835858】的GSD为【浙江-绍兴】
2021-07-20 01:46:52 GSD insert 第 1 次 等待 3 秒
2021-07-20 01:46:55 {"status":"ok","gid":331802,"msg":"添加成功！"}
2021-07-20 01:46:55 下次操作: 2021-07-20 01:47:08

2021-07-20 01:47:08 开始第 6 次操作

2021-07-20 01:47:08 开始操作号码 【1835859】
2021-07-20 01:47:12 GSD getOne 第 1 次 等待 3 秒
2021-07-20 01:47:15 查询号码 【1835859】，返回信息 {"status":"bad","msg":""}
2021-07-20 01:47:15 查询号码 【1835859】，GSD为【""】
2021-07-20 01:47:15 bad
2021-07-20 01:47:16 CHB 1835859?1626716835 第 1 次 等待 3 秒
2021-07-20 01:47:19 CHB 1835859?1626716835 第 1 次 获取到号码【1835859】GSD
2021-07-20 01:47:19 获取到号码【1835859】的GSD为【浙江-绍兴】
2021-07-20 01:47:22 GSD insert 第 1 次 等待 3 秒
2021-07-20 01:47:25 {"status":"ok","gid":331811,"msg":"添加成功！"}
2021-07-20 01:47:25 下次操作: 2021-07-20 01:47:40

2021-07-20 01:47:40 开始第 7 次操作

2021-07-20 01:47:40 开始操作号码 【1835860】
2021-07-20 01:47:47 GSD getOne 第 1 次 等待 3 秒
2021-07-20 01:47:50 查询号码 【1835860】，返回信息 {"status":"ok","msg":"浙江-台州","gid":"37944","time_insert":"2019-11-15 11:24","time_update":"2020-09-02 17:50"}
2021-07-20 01:47:50 查询号码 【1835860】，GSD为【"浙江-台州"】

2021-07-20 01:47:50 开始第 7 次操作

2021-07-20 01:47:50 开始操作号码 【1835861】
2021-07-20 01:47:53 GSD getOne 第 1 次 等待 3 秒
2021-07-20 01:47:56 查询号码 【1835861】，返回信息 {"status":"ok","msg":"浙江-台州","gid":"37945","time_insert":"2015-02-26 09:14","time_update":"2020-09-02 17:53"}
2021-07-20 01:47:56 查询号码 【1835861】，GSD为【"浙江-台州"】

2021-07-20 01:47:56 开始第 7 次操作

2021-07-20 01:47:56 开始操作号码 【1835862】
2021-07-20 01:47:58 GSD getOne 第 1 次 等待 3 秒
2021-07-20 01:48:01 查询号码 【1835862】，返回信息 {"status":"ok","msg":"浙江-台州","gid":"37946","time_insert":"2019-11-06 14:22","time_update":"2020-09-02 17:58"}
2021-07-20 01:48:01 查询号码 【1835862】，GSD为【"浙江-台州"】

2021-07-20 01:48:01 开始第 7 次操作

2021-07-20 01:48:01 开始操作号码 【1835863】
2021-07-20 01:48:10 GSD getOne 第 1 次 等待 3 秒
2021-07-20 01:48:13 查询号码 【1835863】，返回信息 {"status":"bad","msg":""}
2021-07-20 01:48:13 查询号码 【1835863】，GSD为【""】
2021-07-20 01:48:13 bad
2021-07-20 01:48:16 CHB 1835863?1626716893 第 1 次 等待 3 秒
2021-07-20 01:48:19 CHB 1835863?1626716893 第 1 次 获取到号码【1835863】GSD
2021-07-20 01:48:19 获取到号码【1835863】的GSD为【浙江-台州】
2021-07-20 01:48:33 GSD insert 第 1 次 等待 3 秒
2021-07-20 01:48:36 {"status":"ok","gid":331826,"msg":"添加成功！"}
2021-07-20 01:48:36 下次操作: 2021-07-20 01:48:51

2021-07-20 01:48:51 开始第 8 次操作

2021-07-20 01:48:51 开始操作号码 【1835864】
2021-07-20 01:48:54 GSD getOne 第 1 次 等待 3 秒
2021-07-20 01:48:57 查询号码 【1835864】，返回信息 {"status":"ok","msg":"浙江-台州","gid":"37947","time_insert":"2018-06-15 14:00","time_update":"2020-09-02 18:01"}
2021-07-20 01:48:57 查询号码 【1835864】，GSD为【"浙江-台州"】

2021-07-20 01:48:57 开始第 8 次操作

2021-07-20 01:48:57 开始操作号码 【1835865】
2021-07-20 01:49:00 GSD getOne 第 1 次 等待 3 秒
2021-07-20 01:49:03 查询号码 【1835865】，返回信息 {"status":"ok","msg":"浙江-台州","gid":"37948","time_insert":"2020-04-16 11:23","time_update":"2020-09-02 18:05"}
2021-07-20 01:49:03 查询号码 【1835865】，GSD为【"浙江-台州"】

2021-07-20 01:49:03 开始第 8 次操作

2021-07-20 01:49:03 开始操作号码 【1835866】
2021-07-20 01:49:06 GSD getOne 第 1 次 等待 3 秒
2021-07-20 01:49:09 查询号码 【1835866】，返回信息 {"status":"bad","msg":""}
2021-07-20 01:49:09 查询号码 【1835866】，GSD为【""】
2021-07-20 01:49:09 bad
2021-07-20 01:49:11 CHB 1835866?1626716949 第 1 次 等待 3 秒
2021-07-20 01:49:14 CHB 1835866?1626716949 第 1 次 获取到号码【1835866】GSD
2021-07-20 01:49:14 获取到号码【1835866】的GSD为【浙江-台州】
2021-07-20 01:49:19 GSD insert 第 1 次 等待 3 秒
2021-07-20 01:49:22 {"status":"ok","gid":331835,"msg":"添加成功！"}
2021-07-20 01:49:22 下次操作: 2021-07-20 01:49:39

2021-07-20 01:49:39 开始第 9 次操作

2021-07-20 01:49:39 开始操作号码 【1835867】
2021-07-20 01:49:46 GSD getOne 第 1 次 等待 3 秒
2021-07-20 01:49:49 查询号码 【1835867】，返回信息 {"status":"ok","msg":"浙江-台州","gid":"37949","time_insert":"2019-10-27 16:19","time_update":"2020-09-02 18:09"}
2021-07-20 01:49:49 查询号码 【1835867】，GSD为【"浙江-台州"】

2021-07-20 01:49:49 开始第 9 次操作

2021-07-20 01:49:49 开始操作号码 【1835868】
2021-07-20 01:49:52 GSD getOne 第 1 次 等待 3 秒
2021-07-20 01:49:55 查询号码 【1835868】，返回信息 {"status":"bad","msg":""}
2021-07-20 01:49:55 查询号码 【1835868】，GSD为【""】
2021-07-20 01:49:55 bad
2021-07-20 01:49:57 CHB 1835868?1626716995 第 1 次 等待 3 秒
2021-07-20 01:50:00 CHB 1835868?1626716995 第 1 次 获取到号码【1835868】GSD
2021-07-20 01:50:00 获取到号码【1835868】的GSD为【浙江-台州】
2021-07-20 01:50:03 GSD insert 第 1 次 等待 3 秒
2021-07-20 01:50:06 {"status":"ok","gid":331845,"msg":"添加成功！"}
2021-07-20 01:50:06 下次操作: 2021-07-20 01:50:20

2021-07-20 01:50:20 开始第 10 次操作

2021-07-20 01:50:20 开始操作号码 【1835869】
2021-07-20 01:50:23 GSD getOne 第 1 次 等待 3 秒
2021-07-20 01:50:26 查询号码 【1835869】，返回信息 {"status":"bad","msg":""}
2021-07-20 01:50:26 查询号码 【1835869】，GSD为【""】
2021-07-20 01:50:26 bad
2021-07-20 01:50:28 CHB 1835869?1626717026 第 1 次 等待 3 秒
2021-07-20 01:50:31 CHB 1835869?1626717026 第 1 次 获取到号码【1835869】GSD
2021-07-20 01:50:31 获取到号码【1835869】的GSD为【浙江-台州】
2021-07-20 01:50:34 GSD insert 第 1 次 等待 3 秒
2021-07-20 01:50:37 {"status":"ok","gid":331851,"msg":"添加成功！"}
2021-07-20 01:50:37 下次操作: 2021-07-20 01:50:58

2021-07-20 01:50:58 开始第 11 次操作

2021-07-20 01:50:58 开始操作号码 【1835870】
2021-07-20 01:51:01 GSD getOne 第 1 次 等待 3 秒
2021-07-20 01:51:04 查询号码 【1835870】，返回信息 {"status":"bad","msg":""}
2021-07-20 01:51:04 查询号码 【1835870】，GSD为【""】
2021-07-20 01:51:04 bad
2021-07-20 01:51:06 CHB 1835870?1626717064 第 1 次 等待 3 秒
2021-07-20 01:51:09 CHB 1835870?1626717064 第 1 次 获取到号码【1835870】GSD
2021-07-20 01:51:09 获取到号码【1835870】的GSD为【浙江-温州】
2021-07-20 01:51:11 GSD insert 第 1 次 等待 3 秒
2021-07-20 01:51:14 {"status":"ok","gid":331859,"msg":"添加成功！"}
2021-07-20 01:51:14 下次操作: 2021-07-20 01:51:29

2021-07-20 01:51:29 开始第 12 次操作

2021-07-20 01:51:29 开始操作号码 【1835871】
2021-07-20 01:51:32 GSD getOne 第 1 次 等待 3 秒
2021-07-20 01:51:35 查询号码 【1835871】，返回信息 {"status":"bad","msg":""}
2021-07-20 01:51:35 查询号码 【1835871】，GSD为【""】
2021-07-20 01:51:35 bad
2021-07-20 01:51:38 CHB 1835871?1626717095 第 1 次 等待 3 秒
2021-07-20 01:51:41 CHB 1835871?1626717095 第 1 次 获取到号码【1835871】GSD
2021-07-20 01:51:41 获取到号码【1835871】的GSD为【浙江-温州】
2021-07-20 01:51:44 GSD insert 第 1 次 等待 3 秒
2021-07-20 01:51:47 {"status":"ok","gid":331867,"msg":"添加成功！"}
2021-07-20 01:51:47 下次操作: 2021-07-20 01:52:06

2021-07-20 01:52:06 开始第 13 次操作

2021-07-20 01:52:06 开始操作号码 【1835872】
2021-07-20 01:52:09 GSD getOne 第 1 次 等待 3 秒
2021-07-20 01:52:12 查询号码 【1835872】，返回信息 {"status":"bad","msg":""}
2021-07-20 01:52:12 查询号码 【1835872】，GSD为【""】
2021-07-20 01:52:12 bad
2021-07-20 01:52:15 CHB 1835872?1626717132 第 1 次 等待 3 秒
2021-07-20 01:52:18 CHB 1835872?1626717132 第 1 次 获取到号码【1835872】GSD
2021-07-20 01:52:18 获取到号码【1835872】的GSD为【浙江-温州】
2021-07-20 01:52:21 GSD insert 第 1 次 等待 3 秒
2021-07-20 01:52:24 {"status":"ok","gid":331875,"msg":"添加成功！"}
2021-07-20 01:52:24 下次操作: 2021-07-20 01:52:43

2021-07-20 01:52:43 开始第 14 次操作

2021-07-20 01:52:43 开始操作号码 【1835873】
2021-07-20 01:52:45 GSD getOne 第 1 次 等待 3 秒
2021-07-20 01:52:48 查询号码 【1835873】，返回信息 {"status":"bad","msg":""}
2021-07-20 01:52:48 查询号码 【1835873】，GSD为【""】
2021-07-20 01:52:48 bad
2021-07-20 01:52:51 CHB 1835873?1626717168 第 1 次 等待 3 秒
2021-07-20 01:52:54 CHB 1835873?1626717168 第 1 次 获取到号码【1835873】GSD
2021-07-20 01:52:54 获取到号码【1835873】的GSD为【浙江-温州】
2021-07-20 01:52:57 GSD insert 第 1 次 等待 3 秒
2021-07-20 01:53:00 {"status":"ok","gid":331885,"msg":"添加成功！"}
2021-07-20 01:53:00 下次操作: 2021-07-20 01:53:16

2021-07-20 01:53:16 开始第 15 次操作

2021-07-20 01:53:16 开始操作号码 【1835874】
2021-07-20 01:53:19 GSD getOne 第 1 次 等待 3 秒
2021-07-20 01:53:22 查询号码 【1835874】，返回信息 {"status":"bad","msg":""}
2021-07-20 01:53:22 查询号码 【1835874】，GSD为【""】
2021-07-20 01:53:22 bad
2021-07-20 01:53:24 CHB 1835874?1626717202 第 1 次 等待 3 秒
2021-07-20 01:53:27 CHB 1835874?1626717202 第 1 次 获取到号码【1835874】GSD
2021-07-20 01:53:27 获取到号码【1835874】的GSD为【浙江-温州】
2021-07-20 01:53:29 GSD insert 第 1 次 等待 3 秒
2021-07-20 01:53:32 {"status":"ok","gid":331893,"msg":"添加成功！"}
2021-07-20 01:53:32 下次操作: 2021-07-20 01:53:47

2021-07-20 01:53:47 开始第 16 次操作

2021-07-20 01:53:47 开始操作号码 【1835875】
2021-07-20 01:53:50 GSD getOne 第 1 次 等待 3 秒
2021-07-20 01:53:53 查询号码 【1835875】，返回信息 {"status":"bad","msg":""}
2021-07-20 01:53:53 查询号码 【1835875】，GSD为【""】
2021-07-20 01:53:53 bad
2021-07-20 01:53:56 CHB 1835875?1626717233 第 1 次 等待 3 秒
2021-07-20 01:53:59 CHB 1835875?1626717233 第 1 次 获取到号码【1835875】GSD
2021-07-20 01:53:59 获取到号码【1835875】的GSD为【浙江-温州】
2021-07-20 01:54:03 GSD insert 第 1 次 等待 3 秒
2021-07-20 01:54:06 {"status":"ok","gid":331902,"msg":"添加成功！"}
2021-07-20 01:54:06 下次操作: 2021-07-20 01:54:23

2021-07-20 01:54:23 开始第 17 次操作

2021-07-20 01:54:23 开始操作号码 【1835876】
2021-07-20 01:54:26 GSD getOne 第 1 次 等待 3 秒
2021-07-20 01:54:29 查询号码 【1835876】，返回信息 {"status":"bad","msg":""}
2021-07-20 01:54:29 查询号码 【1835876】，GSD为【""】
2021-07-20 01:54:29 bad
2021-07-20 01:54:30 CHB 1835876?1626717269 第 1 次 等待 3 秒
2021-07-20 01:54:33 CHB 1835876?1626717269 第 1 次 获取到号码【1835876】GSD
2021-07-20 01:54:33 获取到号码【1835876】的GSD为【浙江-温州】
2021-07-20 01:54:36 GSD insert 第 1 次 等待 3 秒
2021-07-20 01:54:39 {"status":"ok","gid":331912,"msg":"添加成功！"}
2021-07-20 01:54:39 下次操作: 2021-07-20 01:55:00

2021-07-20 01:55:00 开始第 18 次操作

2021-07-20 01:55:00 开始操作号码 【1835877】
2021-07-20 01:55:03 GSD getOne 第 1 次 等待 3 秒
2021-07-20 01:55:06 查询号码 【1835877】，返回信息 {"status":"bad","msg":""}
2021-07-20 01:55:06 查询号码 【1835877】，GSD为【""】
2021-07-20 01:55:06 bad
2021-07-20 01:55:09 CHB 1835877?1626717306 第 1 次 等待 3 秒
2021-07-20 01:55:12 CHB 1835877?1626717306 第 1 次 获取到号码【1835877】GSD
2021-07-20 01:55:12 获取到号码【1835877】的GSD为【浙江-温州】
2021-07-20 01:55:14 GSD insert 第 1 次 等待 3 秒
2021-07-20 01:55:17 {"status":"ok","gid":331920,"msg":"添加成功！"}
2021-07-20 01:55:17 下次操作: 2021-07-20 01:55:36

2021-07-20 01:55:36 开始第 19 次操作

2021-07-20 01:55:36 开始操作号码 【1835878】
2021-07-20 01:55:40 GSD getOne 第 1 次 等待 3 秒
2021-07-20 01:55:43 查询号码 【1835878】，返回信息 {"status":"bad","msg":""}
2021-07-20 01:55:43 查询号码 【1835878】，GSD为【""】
2021-07-20 01:55:43 bad
2021-07-20 01:55:45 CHB 1835878?1626717343 第 1 次 等待 3 秒
2021-07-20 01:55:48 CHB 1835878?1626717343 第 1 次 获取到号码【1835878】GSD
2021-07-20 01:55:48 获取到号码【1835878】的GSD为【浙江-温州】
2021-07-20 01:55:51 GSD insert 第 1 次 等待 3 秒
2021-07-20 01:55:54 {"status":"ok","gid":331930,"msg":"添加成功！"}
2021-07-20 01:55:54 下次操作: 2021-07-20 01:56:14

2021-07-20 01:56:14 开始第 20 次操作

2021-07-20 01:56:14 开始操作号码 【1835879】
2021-07-20 01:56:17 GSD getOne 第 1 次 等待 3 秒
2021-07-20 01:56:20 查询号码 【1835879】，返回信息 {"status":"ok","msg":"浙江-温州","gid":"37950","time_insert":"2015-01-22 00:25","time_update":"2020-09-02 18:13"}
2021-07-20 01:56:20 查询号码 【1835879】，GSD为【"浙江-温州"】

2021-07-20 01:56:20 开始第 20 次操作

2021-07-20 01:56:20 开始操作号码 【1835880】
2021-07-20 01:56:23 GSD getOne 第 1 次 等待 3 秒
2021-07-20 01:56:26 查询号码 【1835880】，返回信息 {"status":"bad","msg":""}
2021-07-20 01:56:26 查询号码 【1835880】，GSD为【""】
2021-07-20 01:56:26 bad
2021-07-20 01:56:29 CHB 1835880?1626717386 第 1 次 等待 3 秒
2021-07-20 01:56:32 CHB 1835880?1626717386 第 1 次 获取到号码【1835880】GSD
2021-07-20 01:56:32 获取到号码【1835880】的GSD为【浙江-丽水】
2021-07-20 01:56:35 GSD insert 第 1 次 等待 3 秒
2021-07-20 01:56:38 {"status":"ok","gid":331942,"msg":"添加成功！"}
2021-07-20 01:56:38 下次操作: 2021-07-20 01:56:59

2021-07-20 01:56:59 开始第 21 次操作

2021-07-20 01:56:59 开始操作号码 【1835881】
2021-07-20 01:57:02 GSD getOne 第 1 次 等待 3 秒
2021-07-20 01:57:05 查询号码 【1835881】，返回信息 {"status":"bad","msg":""}
2021-07-20 01:57:05 查询号码 【1835881】，GSD为【""】
2021-07-20 01:57:05 bad
2021-07-20 01:57:07 CHB 1835881?1626717425 第 1 次 等待 3 秒
2021-07-20 01:57:10 CHB 1835881?1626717425 第 1 次 获取到号码【1835881】GSD
2021-07-20 01:57:10 获取到号码【1835881】的GSD为【浙江-丽水】
2021-07-20 01:57:12 GSD insert 第 1 次 等待 3 秒
2021-07-20 01:57:15 {"status":"ok","gid":331951,"msg":"添加成功！"}
2021-07-20 01:57:15 下次操作: 2021-07-20 01:57:27

2021-07-20 01:57:27 开始第 22 次操作

2021-07-20 01:57:27 开始操作号码 【1835882】
2021-07-20 01:57:30 GSD getOne 第 1 次 等待 3 秒
2021-07-20 01:57:33 查询号码 【1835882】，返回信息 {"status":"bad","msg":""}
2021-07-20 01:57:33 查询号码 【1835882】，GSD为【""】
2021-07-20 01:57:33 bad
2021-07-20 01:57:36 CHB 1835882?1626717453 第 1 次 等待 3 秒
2021-07-20 01:57:39 CHB 1835882?1626717453 第 1 次 获取到号码【1835882】GSD
2021-07-20 01:57:39 获取到号码【1835882】的GSD为【浙江-丽水】
2021-07-20 01:57:42 GSD insert 第 1 次 等待 3 秒
2021-07-20 01:57:45 {"status":"ok","gid":331960,"msg":"添加成功！"}
2021-07-20 01:57:45 下次操作: 2021-07-20 01:57:57

2021-07-20 01:57:57 开始第 23 次操作

2021-07-20 01:57:57 开始操作号码 【1835883】
2021-07-20 01:58:00 GSD getOne 第 1 次 等待 3 秒
2021-07-20 01:58:03 查询号码 【1835883】，返回信息 {"status":"bad","msg":""}
2021-07-20 01:58:03 查询号码 【1835883】，GSD为【""】
2021-07-20 01:58:03 bad
2021-07-20 01:58:05 CHB 1835883?1626717483 第 1 次 等待 3 秒
2021-07-20 01:58:08 CHB 1835883?1626717483 第 1 次 获取到号码【1835883】GSD
2021-07-20 01:58:08 获取到号码【1835883】的GSD为【浙江-丽水】
2021-07-20 01:58:10 GSD insert 第 1 次 等待 3 秒
2021-07-20 01:58:13 {"status":"ok","gid":331967,"msg":"添加成功！"}
2021-07-20 01:58:13 下次操作: 2021-07-20 01:58:32

2021-07-20 01:58:32 开始第 24 次操作

2021-07-20 01:58:32 开始操作号码 【1835884】
2021-07-20 01:58:35 GSD getOne 第 1 次 等待 3 秒
2021-07-20 01:58:38 查询号码 【1835884】，返回信息 {"status":"bad","msg":""}
2021-07-20 01:58:38 查询号码 【1835884】，GSD为【""】
2021-07-20 01:58:38 bad
2021-07-20 01:58:41 CHB 1835884?1626717518 第 1 次 等待 3 秒
2021-07-20 01:58:44 CHB 1835884?1626717518 第 1 次 获取到号码【1835884】GSD
2021-07-20 01:58:44 获取到号码【1835884】的GSD为【浙江-丽水】
2021-07-20 01:58:47 GSD insert 第 1 次 等待 3 秒
2021-07-20 01:58:50 {"status":"ok","gid":331975,"msg":"添加成功！"}
2021-07-20 01:58:50 下次操作: 2021-07-20 01:59:11

2021-07-20 01:59:11 开始第 25 次操作

2021-07-20 01:59:11 开始操作号码 【1835885】
2021-07-20 01:59:13 GSD getOne 第 1 次 等待 3 秒
2021-07-20 01:59:16 查询号码 【1835885】，返回信息 {"status":"bad","msg":""}
2021-07-20 01:59:16 查询号码 【1835885】，GSD为【""】
2021-07-20 01:59:16 bad
2021-07-20 01:59:18 CHB 1835885?1626717556 第 1 次 等待 3 秒
2021-07-20 01:59:21 CHB 1835885?1626717556 第 1 次 获取到号码【1835885】GSD
2021-07-20 01:59:21 获取到号码【1835885】的GSD为【浙江-丽水】
2021-07-20 01:59:24 GSD insert 第 1 次 等待 3 秒
2021-07-20 01:59:27 {"status":"ok","gid":331985,"msg":"添加成功！"}
2021-07-20 01:59:27 下次操作: 2021-07-20 01:59:46

2021-07-20 01:59:46 开始第 26 次操作

2021-07-20 01:59:46 开始操作号码 【1835886】
2021-07-20 01:59:49 GSD getOne 第 1 次 等待 3 秒
2021-07-20 01:59:52 查询号码 【1835886】，返回信息 {"status":"ok","msg":"浙江-丽水","gid":"37951","time_insert":"2018-01-24 10:07","time_update":"2021-01-22 00:29"}
2021-07-20 01:59:52 查询号码 【1835886】，GSD为【"浙江-丽水"】

2021-07-20 01:59:52 开始第 26 次操作

2021-07-20 01:59:52 开始操作号码 【1835887】
2021-07-20 01:59:55 GSD getOne 第 1 次 等待 3 秒
2021-07-20 01:59:58 查询号码 【1835887】，返回信息 {"status":"bad","msg":""}
2021-07-20 01:59:58 查询号码 【1835887】，GSD为【""】
2021-07-20 01:59:58 bad
2021-07-20 02:00:00 CHB 1835887?1626717598 第 1 次 等待 3 秒
2021-07-20 02:00:03 CHB 1835887?1626717598 第 1 次 获取到号码【1835887】GSD
2021-07-20 02:00:03 获取到号码【1835887】的GSD为【浙江-丽水】
2021-07-20 02:00:05 GSD insert 第 1 次 等待 3 秒
2021-07-20 02:00:08 {"status":"ok","gid":331995,"msg":"添加成功！"}
2021-07-20 02:00:08 下次操作: 2021-07-20 02:00:23

2021-07-20 02:00:23 开始第 27 次操作

2021-07-20 02:00:23 开始操作号码 【1835888】
2021-07-20 02:00:26 GSD getOne 第 1 次 等待 3 秒
2021-07-20 02:00:29 查询号码 【1835888】，返回信息 {"status":"bad","msg":""}
2021-07-20 02:00:29 查询号码 【1835888】，GSD为【""】
2021-07-20 02:00:29 bad
2021-07-20 02:00:31 CHB 1835888?1626717629 第 1 次 等待 3 秒
2021-07-20 02:00:34 CHB 1835888?1626717629 第 1 次 获取到号码【1835888】GSD
2021-07-20 02:00:34 获取到号码【1835888】的GSD为【浙江-丽水】
2021-07-20 02:00:37 GSD insert 第 1 次 等待 3 秒
2021-07-20 02:00:40 {"status":"ok","gid":332003,"msg":"添加成功！"}
2021-07-20 02:00:40 下次操作: 2021-07-20 02:00:58

2021-07-20 02:00:58 开始第 28 次操作

2021-07-20 02:00:58 开始操作号码 【1835889】
2021-07-20 02:01:01 GSD getOne 第 1 次 等待 3 秒
2021-07-20 02:01:04 查询号码 【1835889】，返回信息 {"status":"bad","msg":""}
2021-07-20 02:01:04 查询号码 【1835889】，GSD为【""】
2021-07-20 02:01:04 bad
2021-07-20 02:01:06 CHB 1835889?1626717664 第 1 次 等待 3 秒
2021-07-20 02:01:09 CHB 1835889?1626717664 第 1 次 获取到号码【1835889】GSD
2021-07-20 02:01:09 获取到号码【1835889】的GSD为【浙江-丽水】
2021-07-20 02:01:12 GSD insert 第 1 次 等待 3 秒
2021-07-20 02:01:15 {"status":"ok","gid":332011,"msg":"添加成功！"}
2021-07-20 02:01:15 下次操作: 2021-07-20 02:01:32

2021-07-20 02:01:32 开始第 29 次操作

2021-07-20 02:01:32 开始操作号码 【1835890】
2021-07-20 02:01:36 GSD getOne 第 1 次 等待 3 秒
2021-07-20 02:01:39 查询号码 【1835890】，返回信息 {"status":"bad","msg":""}
2021-07-20 02:01:39 查询号码 【1835890】，GSD为【""】
2021-07-20 02:01:39 bad
2021-07-20 02:01:41 CHB 1835890?1626717699 第 1 次 等待 3 秒
2021-07-20 02:01:44 CHB 1835890?1626717699 第 1 次 获取到号码【1835890】GSD
2021-07-20 02:01:44 获取到号码【1835890】的GSD为【浙江-金华】
2021-07-20 02:01:47 GSD insert 第 1 次 等待 3 秒
2021-07-20 02:01:50 {"status":"ok","gid":332022,"msg":"添加成功！"}
2021-07-20 02:01:50 下次操作: 2021-07-20 02:02:05

2021-07-20 02:02:05 开始第 30 次操作

2021-07-20 02:02:05 开始操作号码 【1835891】
2021-07-20 02:02:08 GSD getOne 第 1 次 等待 3 秒
2021-07-20 02:02:11 查询号码 【1835891】，返回信息 {"status":"bad","msg":""}
2021-07-20 02:02:11 查询号码 【1835891】，GSD为【""】
2021-07-20 02:02:11 bad
2021-07-20 02:02:15 CHB 1835891?1626717731 第 1 次 等待 3 秒
2021-07-20 02:02:18 CHB 1835891?1626717731 第 1 次 获取到号码【1835891】GSD
2021-07-20 02:02:18 获取到号码【1835891】的GSD为【浙江-金华】
2021-07-20 02:02:21 GSD insert 第 1 次 等待 3 秒
2021-07-20 02:02:24 {"status":"ok","gid":332031,"msg":"添加成功！"}
2021-07-20 02:02:24 下次操作: 2021-07-20 02:02:42

2021-07-20 02:02:42 开始第 31 次操作

2021-07-20 02:02:42 开始操作号码 【1835892】
2021-07-20 02:02:45 GSD getOne 第 1 次 等待 3 秒
2021-07-20 02:02:48 查询号码 【1835892】，返回信息 {"status":"ok","msg":"-","gid":"197639","time_insert":"2021-07-05 12:27"}
2021-07-20 02:02:48 查询号码 【1835892】，GSD为【"-"】
2021-07-20 02:02:48 ok && -
2021-07-20 02:02:49 CHB 1835892?1626717768 第 1 次 等待 3 秒
2021-07-20 02:02:52 CHB 1835892?1626717768 第 1 次 获取到号码【1835892】GSD
2021-07-20 02:02:53 获取到号码【1835892】的GSD为【浙江-金华】
2021-07-20 02:02:57 GSD insert 第 1 次 等待 3 秒
2021-07-20 02:03:00 {"status":"ok","gid":"197639","msg":"添加号码已存在，但为‘-’，修改为【浙江-金华】成功！"}
2021-07-20 02:03:00 下次操作: 2021-07-20 02:03:18

2021-07-20 02:03:18 开始第 32 次操作

2021-07-20 02:03:18 开始操作号码 【1835893】
2021-07-20 02:03:21 GSD getOne 第 1 次 等待 3 秒
2021-07-20 02:03:24 查询号码 【1835893】，返回信息 {"status":"bad","msg":""}
2021-07-20 02:03:24 查询号码 【1835893】，GSD为【""】
2021-07-20 02:03:24 bad
2021-07-20 02:03:25 CHB 1835893?1626717804 第 1 次 等待 3 秒
2021-07-20 02:03:28 CHB 1835893?1626717804 第 1 次 获取到号码【1835893】GSD
2021-07-20 02:03:29 获取到号码【1835893】的GSD为【浙江-金华】
2021-07-20 02:03:31 GSD insert 第 1 次 等待 3 秒
2021-07-20 02:03:34 {"status":"ok","gid":332048,"msg":"添加成功！"}
2021-07-20 02:03:34 下次操作: 2021-07-20 02:03:53

2021-07-20 02:03:53 开始第 33 次操作

2021-07-20 02:03:53 开始操作号码 【1835894】
2021-07-20 02:03:56 GSD getOne 第 1 次 等待 3 秒
2021-07-20 02:03:59 查询号码 【1835894】，返回信息 {"status":"bad","msg":""}
2021-07-20 02:03:59 查询号码 【1835894】，GSD为【""】
2021-07-20 02:03:59 bad
2021-07-20 02:04:01 CHB 1835894?1626717839 第 1 次 等待 3 秒
2021-07-20 02:04:04 CHB 1835894?1626717839 第 1 次 获取到号码【1835894】GSD
2021-07-20 02:04:04 获取到号码【1835894】的GSD为【浙江-金华】
2021-07-20 02:04:22 GSD insert 第 1 次 等待 3 秒
2021-07-20 02:04:25 {"status":"ok","gid":332058,"msg":"添加成功！"}
2021-07-20 02:04:25 下次操作: 2021-07-20 02:04:37

2021-07-20 02:04:37 开始第 34 次操作

2021-07-20 02:04:37 开始操作号码 【1835895】
2021-07-20 02:04:40 GSD getOne 第 1 次 等待 3 秒
2021-07-20 02:04:43 查询号码 【1835895】，返回信息 {"status":"bad","msg":""}
2021-07-20 02:04:43 查询号码 【1835895】，GSD为【""】
2021-07-20 02:04:43 bad
2021-07-20 02:04:44 CHB 1835895?1626717883 第 1 次 等待 3 秒
2021-07-20 02:04:47 CHB 1835895?1626717883 第 1 次 获取到号码【1835895】GSD
2021-07-20 02:04:48 获取到号码【1835895】的GSD为【浙江-金华】
2021-07-20 02:04:58 GSD insert 第 1 次 等待 3 秒
2021-07-20 02:05:01 {"status":"ok","gid":332068,"msg":"添加成功！"}
2021-07-20 02:05:01 下次操作: 2021-07-20 02:05:25

2021-07-20 02:05:25 开始第 35 次操作

2021-07-20 02:05:25 开始操作号码 【1835896】
2021-07-20 02:05:28 GSD getOne 第 1 次 等待 3 秒
2021-07-20 02:05:31 查询号码 【1835896】，返回信息 {"status":"bad","msg":""}
2021-07-20 02:05:31 查询号码 【1835896】，GSD为【""】
2021-07-20 02:05:31 bad
2021-07-20 02:05:33 CHB 1835896?1626717931 第 1 次 等待 3 秒
2021-07-20 02:05:36 CHB 1835896?1626717931 第 1 次 获取到号码【1835896】GSD
2021-07-20 02:05:36 获取到号码【1835896】的GSD为【浙江-金华】
2021-07-20 02:05:39 GSD insert 第 1 次 等待 3 秒
2021-07-20 02:05:42 {"status":"ok","gid":332078,"msg":"添加成功！"}
2021-07-20 02:05:42 下次操作: 2021-07-20 02:06:03

2021-07-20 02:06:03 开始第 36 次操作

2021-07-20 02:06:03 开始操作号码 【1835897】
2021-07-20 02:06:06 GSD getOne 第 1 次 等待 3 秒
2021-07-20 02:06:09 查询号码 【1835897】，返回信息 {"status":"bad","msg":""}
2021-07-20 02:06:09 查询号码 【1835897】，GSD为【""】
2021-07-20 02:06:09 bad
2021-07-20 02:06:13 CHB 1835897?1626717969 第 1 次 等待 3 秒
2021-07-20 02:06:16 CHB 1835897?1626717969 第 1 次 获取到号码【1835897】GSD
2021-07-20 02:06:16 获取到号码【1835897】的GSD为【浙江-金华】
2021-07-20 02:06:19 GSD insert 第 1 次 等待 3 秒
2021-07-20 02:06:22 {"status":"ok","gid":332087,"msg":"添加成功！"}
2021-07-20 02:06:22 下次操作: 2021-07-20 02:06:35

2021-07-20 02:06:35 开始第 37 次操作

2021-07-20 02:06:35 开始操作号码 【1835898】
2021-07-20 02:06:38 GSD getOne 第 1 次 等待 3 秒
2021-07-20 02:06:41 查询号码 【1835898】，返回信息 {"status":"bad","msg":""}
2021-07-20 02:06:41 查询号码 【1835898】，GSD为【""】
2021-07-20 02:06:41 bad
2021-07-20 02:06:43 CHB 1835898?1626718001 第 1 次 等待 3 秒
2021-07-20 02:06:46 CHB 1835898?1626718001 第 1 次 获取到号码【1835898】GSD
2021-07-20 02:06:46 获取到号码【1835898】的GSD为【浙江-金华】
2021-07-20 02:06:48 GSD insert 第 1 次 等待 3 秒
2021-07-20 02:06:51 {"status":"ok","gid":332094,"msg":"添加成功！"}
2021-07-20 02:06:51 下次操作: 2021-07-20 02:07:03

2021-07-20 02:07:03 开始第 38 次操作

2021-07-20 02:07:03 开始操作号码 【1835899】
2021-07-20 02:07:06 GSD getOne 第 1 次 等待 3 秒
2021-07-20 02:07:09 查询号码 【1835899】，返回信息 {"status":"ok","msg":"-","gid":"325354","time_insert":"2021-07-19 11:20"}
2021-07-20 02:07:09 查询号码 【1835899】，GSD为【"-"】
2021-07-20 02:07:09 ok && -
2021-07-20 02:07:11 CHB 1835899?1626718029 第 1 次 等待 3 秒
2021-07-20 02:07:14 CHB 1835899?1626718029 第 1 次 获取到号码【1835899】GSD
2021-07-20 02:07:14 获取到号码【1835899】的GSD为【浙江-金华】
2021-07-20 02:07:19 GSD insert 第 1 次 等待 3 秒
2021-07-20 02:07:22 {"status":"ok","gid":"325354","msg":"添加号码已存在，但为‘-’，修改为【浙江-金华】成功！"}
2021-07-20 02:07:22 下次操作: 2021-07-20 02:07:42

2021-07-20 02:07:42 开始第 39 次操作

2021-07-20 02:07:42 开始操作号码 【1835900】
2021-07-20 02:07:45 GSD getOne 第 1 次 等待 3 秒
2021-07-20 02:07:48 查询号码 【1835900】，返回信息 {"status":"bad","msg":""}
2021-07-20 02:07:48 查询号码 【1835900】，GSD为【""】
2021-07-20 02:07:48 bad
2021-07-20 02:07:50 CHB 1835900?1626718068 第 1 次 等待 3 秒
2021-07-20 02:07:53 CHB 1835900?1626718068 第 1 次 获取到号码【1835900】GSD
2021-07-20 02:07:54 获取到号码【1835900】的GSD为【福建-莆田】
2021-07-20 02:07:56 GSD insert 第 1 次 等待 3 秒
2021-07-20 02:07:59 {"status":"ok","gid":332104,"msg":"添加成功！"}
2021-07-20 02:07:59 下次操作: 2021-07-20 02:08:19

2021-07-20 02:08:19 开始第 40 次操作

2021-07-20 02:08:19 开始操作号码 【1835901】
2021-07-20 02:08:22 GSD getOne 第 1 次 等待 3 秒
2021-07-20 02:08:25 查询号码 【1835901】，返回信息 {"status":"ok","msg":"福建-莆田","gid":"37952","time_insert":"2019-02-16 16:52","time_update":"2020-09-06 16:09"}
2021-07-20 02:08:25 查询号码 【1835901】，GSD为【"福建-莆田"】

2021-07-20 02:08:25 开始第 40 次操作

2021-07-20 02:08:25 开始操作号码 【1835902】
2021-07-20 02:08:28 GSD getOne 第 1 次 等待 3 秒
2021-07-20 02:08:31 查询号码 【1835902】，返回信息 {"status":"bad","msg":""}
2021-07-20 02:08:31 查询号码 【1835902】，GSD为【""】
2021-07-20 02:08:31 bad
2021-07-20 02:08:33 CHB 1835902?1626718111 第 1 次 等待 3 秒
2021-07-20 02:08:36 CHB 1835902?1626718111 第 1 次 获取到号码【1835902】GSD
2021-07-20 02:08:36 获取到号码【1835902】的GSD为【福建-莆田】
2021-07-20 02:08:54 GSD insert 第 1 次 等待 3 秒
2021-07-20 02:08:57 {"status":"ok","gid":332109,"msg":"添加成功！"}

