2024-11-23 00:16:06 开始第 6409 次操作

2024-11-23 00:16:06 开始操作号码 【1336408】
2024-11-23 00:16:07 GSD getOne 第 1 次 等待 3 秒
2024-11-23 00:16:10 查询号码 【1336408】，返回信息 {"status":"ok","msg":"重庆-重庆","gid":"3394","time_insert":"2019-11-09 19:40","time_update":"2021-01-04 04:57"}
2024-11-23 00:16:10 查询号码 【1336408】，GSD为【"重庆-重庆"】

2024-11-23 00:16:11 开始第 6410 次操作

2024-11-23 00:16:11 开始操作号码 【1336409】
2024-11-23 00:16:12 GSD getOne 第 1 次 等待 3 秒
2024-11-23 00:16:15 查询号码 【1336409】，返回信息 {"status":"ok","msg":"重庆-重庆","gid":"3395","time_insert":"2017-07-18 11:48","time_update":"2021-01-04 05:03"}
2024-11-23 00:16:15 查询号码 【1336409】，GSD为【"重庆-重庆"】

2024-11-23 00:16:16 开始第 6411 次操作

2024-11-23 00:16:17 开始操作号码 【1336410】
2024-11-23 00:16:18 GSD getOne 第 1 次 等待 3 秒
2024-11-23 00:16:21 查询号码 【1336410】，返回信息 {"status":"ok","msg":"辽宁-铁岭","gid":"294721","time_insert":"2021-07-16 16:45"}
2024-11-23 00:16:21 查询号码 【1336410】，GSD为【"辽宁-铁岭"】

2024-11-23 00:16:22 开始第 6412 次操作

2024-11-23 00:16:22 开始操作号码 【1336411】
2024-11-23 00:16:23 GSD getOne 第 1 次 等待 3 秒
2024-11-23 00:16:26 查询号码 【1336411】，返回信息 {"status":"ok","msg":"辽宁-大连","gid":"294712","time_insert":"2021-07-16 16:45"}
2024-11-23 00:16:26 查询号码 【1336411】，GSD为【"辽宁-大连"】

2024-11-23 00:44:23 开始第 6413 次操作

2024-11-23 00:44:23 开始操作号码 【1336412】
2024-11-23 00:44:24 GSD getOne 第 1 次 等待 3 秒
2024-11-23 00:44:27 查询号码 【1336412】，返回信息 {"status":"ok","msg":"辽宁-鞍山","gid":"3396","time_insert":"2018-02-10 12:07","time_update":"2020-08-21 02:28"}
2024-11-23 00:44:27 查询号码 【1336412】，GSD为【"辽宁-鞍山"】

2024-11-23 00:44:28 开始第 6414 次操作

2024-11-23 00:44:28 开始操作号码 【1336413】
2024-11-23 00:44:29 GSD getOne 第 1 次 等待 3 秒
2024-11-23 00:44:32 查询号码 【1336413】，返回信息 {"status":"ok","msg":"辽宁-抚顺","gid":"294705","time_insert":"2021-07-16 16:44"}
2024-11-23 00:44:32 查询号码 【1336413】，GSD为【"辽宁-抚顺"】

2024-11-23 00:44:33 开始第 6415 次操作

2024-11-23 00:44:33 开始操作号码 【1336414】
2024-11-23 00:44:35 GSD getOne 第 1 次 等待 3 秒
2024-11-23 00:44:38 查询号码 【1336414】，返回信息 {"status":"ok","msg":"辽宁-本溪","gid":"294697","time_insert":"2021-07-16 16:43"}
2024-11-23 00:44:38 查询号码 【1336414】，GSD为【"辽宁-本溪"】

2024-11-23 00:44:39 开始第 6416 次操作

2024-11-23 00:44:39 开始操作号码 【1336415】
2024-11-23 00:44:40 GSD getOne 第 1 次 等待 3 秒
2024-11-23 00:44:43 查询号码 【1336415】，返回信息 {"status":"ok","msg":"辽宁-丹东","gid":"294688","time_insert":"2021-07-16 16:42"}
2024-11-23 00:44:43 查询号码 【1336415】，GSD为【"辽宁-丹东"】

2024-11-23 01:11:10 开始第 6417 次操作

2024-11-23 01:11:10 开始操作号码 【1336416】
2024-11-23 01:11:11 GSD getOne 第 1 次 等待 3 秒
2024-11-23 01:11:14 查询号码 【1336416】，返回信息 {"status":"ok","msg":"辽宁-锦州","gid":"294683","time_insert":"2021-07-16 16:42"}
2024-11-23 01:11:14 查询号码 【1336416】，GSD为【"辽宁-锦州"】

2024-11-23 01:11:15 开始第 6418 次操作

2024-11-23 01:11:15 开始操作号码 【1336417】
2024-11-23 01:11:17 GSD getOne 第 1 次 等待 3 秒
2024-11-23 01:11:20 查询号码 【1336417】，返回信息 {"status":"ok","msg":"辽宁-营口","gid":"294680","time_insert":"2021-07-16 16:41"}
2024-11-23 01:11:20 查询号码 【1336417】，GSD为【"辽宁-营口"】

2024-11-23 01:11:21 开始第 6419 次操作

2024-11-23 01:11:21 开始操作号码 【1336418】
2024-11-23 01:11:22 GSD getOne 第 1 次 等待 3 秒
2024-11-23 01:11:25 查询号码 【1336418】，返回信息 {"status":"ok","msg":"辽宁-阜新","gid":"294675","time_insert":"2021-07-16 16:40"}
2024-11-23 01:11:25 查询号码 【1336418】，GSD为【"辽宁-阜新"】

2024-11-23 01:11:26 开始第 6420 次操作

2024-11-23 01:11:26 开始操作号码 【1336419】
2024-11-23 01:11:28 GSD getOne 第 1 次 等待 3 秒
2024-11-23 01:11:31 查询号码 【1336419】，返回信息 {"status":"ok","msg":"辽宁-辽阳","gid":"294674","time_insert":"2021-07-16 16:40"}
2024-11-23 01:11:31 查询号码 【1336419】，GSD为【"辽宁-辽阳"】

2024-11-23 01:37:17 开始第 6421 次操作

2024-11-23 01:37:17 开始操作号码 【1336420】
2024-11-23 01:37:18 GSD getOne 第 1 次 等待 3 秒
2024-11-23 01:37:21 查询号码 【1336420】，返回信息 {"status":"ok","msg":"辽宁-铁岭","gid":"294671","time_insert":"2021-07-16 16:39"}
2024-11-23 01:37:21 查询号码 【1336420】，GSD为【"辽宁-铁岭"】

2024-11-23 01:37:22 开始第 6422 次操作

2024-11-23 01:37:22 开始操作号码 【1336421】
2024-11-23 01:37:23 GSD getOne 第 1 次 等待 3 秒
2024-11-23 01:37:26 查询号码 【1336421】，返回信息 {"status":"ok","msg":"辽宁-朝阳","gid":"294669","time_insert":"2021-07-16 16:38"}
2024-11-23 01:37:26 查询号码 【1336421】，GSD为【"辽宁-朝阳"】

2024-11-23 01:37:27 开始第 6423 次操作

2024-11-23 01:37:27 开始操作号码 【1336422】
2024-11-23 01:37:28 GSD getOne 第 1 次 等待 3 秒
2024-11-23 01:37:31 查询号码 【1336422】，返回信息 {"status":"ok","msg":"辽宁-鞍山","gid":"294606","time_insert":"2021-07-16 16:05"}
2024-11-23 01:37:31 查询号码 【1336422】，GSD为【"辽宁-鞍山"】

2024-11-23 01:37:32 开始第 6424 次操作

2024-11-23 01:37:32 开始操作号码 【1336423】
2024-11-23 01:37:34 GSD getOne 第 1 次 等待 3 秒
2024-11-23 01:37:37 查询号码 【1336423】，返回信息 {"status":"ok","msg":"辽宁-抚顺","gid":"294602","time_insert":"2021-07-16 16:04"}
2024-11-23 01:37:37 查询号码 【1336423】，GSD为【"辽宁-抚顺"】

