2023-10-13 00:37:28 开始第 2925 次操作

2023-10-13 00:37:28 开始操作号码 【1982898】
2023-10-13 00:39:39 GSD getOne 第 1 次 等待 3 秒
2023-10-13 00:41:52 GSD getOne 第 2 次 等待 3 秒
2023-10-13 00:44:05 GSD getOne 第 3 次 等待 3 秒
2023-10-13 00:46:18 GSD getOne 第 4 次 等待 3 秒
2023-10-13 00:48:32 GSD getOne 第 5 次 等待 3 秒
2023-10-13 00:50:45 GSD getOne 第 6 次 等待 3 秒
2023-10-13 00:52:58 GSD getOne 第 7 次 等待 3 秒
2023-10-13 00:55:11 GSD getOne 第 8 次 等待 3 秒
2023-10-13 00:57:24 GSD getOne 第 9 次 等待 3 秒
2023-10-13 00:59:37 GSD getOne 第 10 次 等待 3 秒
2023-10-13 00:59:40 查询号码 【1982898】，返回信息 
2023-10-13 00:59:40 查询失败，3 秒后重新查询
2023-10-13 01:01:54 GSD getOne 第 1 次 等待 3 秒
2023-10-13 01:04:07 GSD getOne 第 2 次 等待 3 秒
2023-10-13 01:06:21 GSD getOne 第 3 次 等待 3 秒
2023-10-13 01:08:34 GSD getOne 第 4 次 等待 3 秒
2023-10-13 01:10:47 GSD getOne 第 5 次 等待 3 秒
2023-10-13 01:13:00 GSD getOne 第 6 次 等待 3 秒
2023-10-13 01:15:13 GSD getOne 第 7 次 等待 3 秒
2023-10-13 01:17:26 GSD getOne 第 8 次 等待 3 秒
2023-10-13 01:19:39 GSD getOne 第 9 次 等待 3 秒
2023-10-13 01:21:52 GSD getOne 第 10 次 等待 3 秒
2023-10-13 01:21:55 查询号码 【1982898】，返回信息 
2023-10-13 01:21:55 查询失败，结束本次操作，期待下次成功~
2023-10-13 01:21:55 随机等待 161 秒，约 2 分钟
2023-10-13 01:21:55 下次操作: 2023-10-13 01:24:36

2023-10-13 01:24:36 开始第 2926 次操作

2023-10-13 01:24:36 开始操作号码 【1982898】
2023-10-13 01:26:47 GSD getOne 第 1 次 等待 3 秒
2023-10-13 01:29:00 GSD getOne 第 2 次 等待 3 秒
2023-10-13 01:31:14 GSD getOne 第 3 次 等待 3 秒
2023-10-13 01:33:27 GSD getOne 第 4 次 等待 3 秒
2023-10-13 01:35:40 GSD getOne 第 5 次 等待 3 秒
2023-10-13 01:37:53 GSD getOne 第 6 次 等待 3 秒
2023-10-13 01:40:06 GSD getOne 第 7 次 等待 3 秒
2023-10-13 01:42:19 GSD getOne 第 8 次 等待 3 秒
2023-10-13 01:44:32 GSD getOne 第 9 次 等待 3 秒
2023-10-13 01:46:45 GSD getOne 第 10 次 等待 3 秒
2023-10-13 01:46:48 查询号码 【1982898】，返回信息 
2023-10-13 01:46:48 查询失败，3 秒后重新查询
2023-10-13 01:49:03 GSD getOne 第 1 次 等待 3 秒
2023-10-13 01:51:16 GSD getOne 第 2 次 等待 3 秒
2023-10-13 01:53:29 GSD getOne 第 3 次 等待 3 秒
2023-10-13 01:55:42 GSD getOne 第 4 次 等待 3 秒
2023-10-13 01:57:55 GSD getOne 第 5 次 等待 3 秒
2023-10-13 02:00:08 GSD getOne 第 6 次 等待 3 秒
2023-10-13 02:02:21 GSD getOne 第 7 次 等待 3 秒
2023-10-13 02:04:34 GSD getOne 第 8 次 等待 3 秒
2023-10-13 02:06:48 GSD getOne 第 9 次 等待 3 秒
2023-10-13 02:09:01 GSD getOne 第 10 次 等待 3 秒
2023-10-13 02:09:04 查询号码 【1982898】，返回信息 
2023-10-13 02:09:04 查询失败，结束本次操作，期待下次成功~
2023-10-13 02:09:04 随机等待 160 秒，约 2 分钟
2023-10-13 02:09:04 下次操作: 2023-10-13 02:11:44

2023-10-13 02:11:44 开始第 2927 次操作

2023-10-13 02:11:44 开始操作号码 【1982898】
2023-10-13 02:13:54 GSD getOne 第 1 次 等待 3 秒
2023-10-13 02:16:07 GSD getOne 第 2 次 等待 3 秒
2023-10-13 02:18:20 GSD getOne 第 3 次 等待 3 秒
2023-10-13 02:20:33 GSD getOne 第 4 次 等待 3 秒
2023-10-13 02:22:46 GSD getOne 第 5 次 等待 3 秒
2023-10-13 02:24:59 GSD getOne 第 6 次 等待 3 秒
2023-10-13 02:27:12 GSD getOne 第 7 次 等待 3 秒
2023-10-13 02:29:25 GSD getOne 第 8 次 等待 3 秒
2023-10-13 02:31:39 GSD getOne 第 9 次 等待 3 秒
2023-10-13 02:33:52 GSD getOne 第 10 次 等待 3 秒
2023-10-13 02:33:55 查询号码 【1982898】，返回信息 
2023-10-13 02:33:55 查询失败，3 秒后重新查询
2023-10-13 02:36:09 GSD getOne 第 1 次 等待 3 秒
2023-10-13 02:38:22 GSD getOne 第 2 次 等待 3 秒
2023-10-13 02:40:35 GSD getOne 第 3 次 等待 3 秒
2023-10-13 02:42:48 GSD getOne 第 4 次 等待 3 秒
2023-10-13 02:45:01 GSD getOne 第 5 次 等待 3 秒
2023-10-13 02:47:14 GSD getOne 第 6 次 等待 3 秒
2023-10-13 02:49:28 GSD getOne 第 7 次 等待 3 秒
2023-10-13 02:51:41 GSD getOne 第 8 次 等待 3 秒
2023-10-13 02:53:54 GSD getOne 第 9 次 等待 3 秒
2023-10-13 02:56:07 GSD getOne 第 10 次 等待 3 秒
2023-10-13 02:56:10 查询号码 【1982898】，返回信息 
2023-10-13 02:56:10 查询失败，结束本次操作，期待下次成功~
2023-10-13 02:56:10 随机等待 85 秒，约 1 分钟
2023-10-13 02:56:10 下次操作: 2023-10-13 02:57:35

2023-10-13 02:57:35 开始第 2928 次操作

2023-10-13 02:57:35 开始操作号码 【1982898】
2023-10-13 02:59:46 GSD getOne 第 1 次 等待 3 秒
2023-10-13 03:01:59 GSD getOne 第 2 次 等待 3 秒
2023-10-13 03:04:12 GSD getOne 第 3 次 等待 3 秒
2023-10-13 03:06:25 GSD getOne 第 4 次 等待 3 秒
2023-10-13 03:08:39 GSD getOne 第 5 次 等待 3 秒
2023-10-13 03:10:52 GSD getOne 第 6 次 等待 3 秒
2023-10-13 03:13:05 GSD getOne 第 7 次 等待 3 秒
2023-10-13 03:15:18 GSD getOne 第 8 次 等待 3 秒
2023-10-13 03:17:31 GSD getOne 第 9 次 等待 3 秒
2023-10-13 03:19:44 GSD getOne 第 10 次 等待 3 秒
2023-10-13 03:19:47 查询号码 【1982898】，返回信息 
2023-10-13 03:19:47 查询失败，3 秒后重新查询
2023-10-13 03:22:01 GSD getOne 第 1 次 等待 3 秒
2023-10-13 03:24:15 GSD getOne 第 2 次 等待 3 秒
2023-10-13 03:26:28 GSD getOne 第 3 次 等待 3 秒
2023-10-13 03:28:41 GSD getOne 第 4 次 等待 3 秒
2023-10-13 03:30:54 GSD getOne 第 5 次 等待 3 秒
2023-10-13 03:33:07 GSD getOne 第 6 次 等待 3 秒
2023-10-13 03:35:20 GSD getOne 第 7 次 等待 3 秒
2023-10-13 03:37:33 GSD getOne 第 8 次 等待 3 秒
2023-10-13 03:39:46 GSD getOne 第 9 次 等待 3 秒
2023-10-13 03:41:59 GSD getOne 第 10 次 等待 3 秒
2023-10-13 03:42:02 查询号码 【1982898】，返回信息 
2023-10-13 03:42:02 查询失败，结束本次操作，期待下次成功~

