2023-10-30 00:10:47 开始第 5981 次操作

2023-10-30 00:10:47 开始操作号码 【1985894】
2023-10-30 00:21:05 GSD getOne 第 1 次 等待 3 秒
2023-10-30 00:22:06 GSD getOne 第 2 次 等待 3 秒
2023-10-30 00:22:09 查询号码 【1985894】，返回信息 {"status":"ok","msg":"浙江-金华","gid":"512721","time_insert":"2021-08-16 09:21"}
2023-10-30 00:22:09 查询号码 【1985894】，GSD为【"浙江-金华"】

2023-10-30 00:22:11 开始第 5982 次操作

2023-10-30 00:22:11 开始操作号码 【1985895】
2023-10-30 00:32:27 GSD getOne 第 1 次 等待 3 秒
2023-10-30 00:32:36 GSD getOne 第 2 次 等待 3 秒
2023-10-30 00:32:39 查询号码 【1985895】，返回信息 {"status":"ok","msg":"浙江-金华","gid":"512722","time_insert":"2021-08-16 09:21"}
2023-10-30 00:32:39 查询号码 【1985895】，GSD为【"浙江-金华"】

2023-10-30 00:32:40 开始第 5983 次操作

2023-10-30 00:32:40 开始操作号码 【1985896】
2023-10-30 00:32:45 GSD getOne 第 1 次 等待 3 秒
2023-10-30 00:32:48 查询号码 【1985896】，返回信息 {"status":"ok","msg":"浙江-金华","gid":"512723","time_insert":"2021-08-16 09:21"}
2023-10-30 00:32:48 查询号码 【1985896】，GSD为【"浙江-金华"】

2023-10-30 00:32:49 开始第 5984 次操作

2023-10-30 00:32:49 开始操作号码 【1985897】
2023-10-30 00:32:55 GSD getOne 第 1 次 等待 3 秒
2023-10-30 00:32:58 查询号码 【1985897】，返回信息 {"status":"ok","msg":"浙江-金华","gid":"512724","time_insert":"2021-08-16 09:22"}
2023-10-30 00:32:58 查询号码 【1985897】，GSD为【"浙江-金华"】

