2024-11-07 00:15:55 开始第 3605 次操作

2024-11-07 00:15:55 开始操作号码 【1333604】
2024-11-07 00:15:56 GSD getOne 第 1 次 等待 3 秒
2024-11-07 00:15:59 查询号码 【1333604】，返回信息 {"status":"ok","msg":"浙江-杭州","gid":"121255","time_insert":"2021-06-24 06:03"}
2024-11-07 00:15:59 查询号码 【1333604】，GSD为【"浙江-杭州"】

2024-11-07 00:16:00 开始第 3606 次操作

2024-11-07 00:16:00 开始操作号码 【1333605】
2024-11-07 00:16:01 GSD getOne 第 1 次 等待 3 秒
2024-11-07 00:16:04 查询号码 【1333605】，返回信息 {"status":"ok","msg":"浙江-杭州","gid":"121300","time_insert":"2021-06-24 06:21"}
2024-11-07 00:16:04 查询号码 【1333605】，GSD为【"浙江-杭州"】

2024-11-07 00:16:05 开始第 3607 次操作

2024-11-07 00:16:05 开始操作号码 【1333606】
2024-11-07 00:16:06 GSD getOne 第 1 次 等待 3 秒
2024-11-07 00:16:09 查询号码 【1333606】，返回信息 {"status":"ok","msg":"浙江-杭州","gid":"121330","time_insert":"2021-06-24 06:40"}
2024-11-07 00:16:09 查询号码 【1333606】，GSD为【"浙江-杭州"】

2024-11-07 00:16:10 开始第 3608 次操作

2024-11-07 00:16:10 开始操作号码 【1333607】
2024-11-07 00:16:11 GSD getOne 第 1 次 等待 3 秒
2024-11-07 00:16:14 查询号码 【1333607】，返回信息 {"status":"ok","msg":"浙江-杭州","gid":"121457","time_insert":"2021-06-24 07:04"}
2024-11-07 00:16:14 查询号码 【1333607】，GSD为【"浙江-杭州"】

