2021-07-29 00:02:29 开始第 10 次操作

2021-07-29 00:02:29 开始操作号码 【1534342】
2021-07-29 00:02:34 GSD getOne 第 1 次 等待 3 秒
2021-07-29 00:02:37 查询号码 【1534342】，返回信息 {"status":"bad","msg":""}
2021-07-29 00:02:37 查询号码 【1534342】，GSD为【""】
2021-07-29 00:02:37 bad
2021-07-29 00:02:39 CHB 1534342?1627488157 第 1 次 等待 3 秒
2021-07-29 00:02:42 CHB 1534342?1627488157 第 1 次 获取到号码【1534342】GSD
2021-07-29 00:02:43 获取到号码【1534342】的GSD为【山西-太原】
2021-07-29 00:02:46 GSD insert 第 1 次 等待 3 秒
2021-07-29 00:02:49 {"status":"ok","gid":428356,"msg":"添加成功！"}
2021-07-29 00:02:49 下次操作: 2021-07-29 00:03:03

2021-07-29 00:03:03 开始第 11 次操作

2021-07-29 00:03:03 开始操作号码 【1534341】
2021-07-29 00:03:08 GSD getOne 第 1 次 等待 3 秒
2021-07-29 00:03:11 查询号码 【1534341】，返回信息 {"status":"bad","msg":""}
2021-07-29 00:03:11 查询号码 【1534341】，GSD为【""】
2021-07-29 00:03:11 bad
2021-07-29 00:03:13 CHB 1534341?1627488191 第 1 次 等待 3 秒
2021-07-29 00:03:16 CHB 1534341?1627488191 第 1 次 获取到号码【1534341】GSD
2021-07-29 00:03:16 获取到号码【1534341】的GSD为【山西-太原】
2021-07-29 00:03:19 GSD insert 第 1 次 等待 3 秒
2021-07-29 00:03:22 {"status":"ok","gid":428362,"msg":"添加成功！"}
2021-07-29 00:03:22 下次操作: 2021-07-29 00:03:34

2021-07-29 00:03:34 开始第 12 次操作

2021-07-29 00:03:34 开始操作号码 【1534340】
2021-07-29 00:03:36 GSD getOne 第 1 次 等待 3 秒
2021-07-29 00:03:39 查询号码 【1534340】，返回信息 {"status":"bad","msg":""}
2021-07-29 00:03:39 查询号码 【1534340】，GSD为【""】
2021-07-29 00:03:39 bad
2021-07-29 00:03:41 CHB 1534340?1627488219 第 1 次 等待 3 秒
2021-07-29 00:03:44 CHB 1534340?1627488219 第 1 次 获取到号码【1534340】GSD
2021-07-29 00:03:44 未获取到号码【1534340】GSD，查号吧 400 错误
2021-07-29 00:03:44 获取到号码【1534340】的GSD为【-】
2021-07-29 00:03:47 GSD insert 第 1 次 等待 3 秒
2021-07-29 00:03:50 {"status":"ok","gid":428368,"msg":"添加成功！"}
2021-07-29 00:03:50 下次操作: 2021-07-29 00:04:10

2021-07-29 00:04:11 开始第 13 次操作

2021-07-29 00:04:11 开始操作号码 【1534339】
2021-07-29 00:04:18 GSD getOne 第 1 次 等待 3 秒
2021-07-29 00:04:21 查询号码 【1534339】，返回信息 {"status":"bad","msg":""}
2021-07-29 00:04:21 查询号码 【1534339】，GSD为【""】
2021-07-29 00:04:21 bad
2021-07-29 00:04:23 CHB 1534339?1627488261 第 1 次 等待 3 秒
2021-07-29 00:04:26 CHB 1534339?1627488261 第 1 次 获取到号码【1534339】GSD
2021-07-29 00:04:26 获取到号码【1534339】的GSD为【湖南-邵阳】
2021-07-29 00:04:29 GSD insert 第 1 次 等待 3 秒
2021-07-29 00:04:32 {"status":"ok","gid":428374,"msg":"添加成功！"}
2021-07-29 00:04:32 下次操作: 2021-07-29 00:04:48

2021-07-29 00:04:48 开始第 14 次操作

2021-07-29 00:04:48 开始操作号码 【1534338】
2021-07-29 00:04:58 GSD getOne 第 1 次 等待 3 秒
2021-07-29 00:05:01 查询号码 【1534338】，返回信息 {"status":"bad","msg":""}
2021-07-29 00:05:01 查询号码 【1534338】，GSD为【""】
2021-07-29 00:05:01 bad
2021-07-29 00:05:02 CHB 1534338?1627488301 第 1 次 等待 3 秒
2021-07-29 00:05:05 CHB 1534338?1627488301 第 1 次 获取到号码【1534338】GSD
2021-07-29 00:05:05 获取到号码【1534338】的GSD为【湖南-娄底】
2021-07-29 00:05:08 GSD insert 第 1 次 等待 3 秒
2021-07-29 00:05:11 {"status":"ok","gid":428384,"msg":"添加成功！"}
2021-07-29 00:05:11 下次操作: 2021-07-29 00:05:30

2021-07-29 00:05:30 开始第 15 次操作

2021-07-29 00:05:30 开始操作号码 【1534337】
2021-07-29 00:05:37 GSD getOne 第 1 次 等待 3 秒
2021-07-29 00:05:40 查询号码 【1534337】，返回信息 {"status":"bad","msg":""}
2021-07-29 00:05:40 查询号码 【1534337】，GSD为【""】
2021-07-29 00:05:40 bad
2021-07-29 00:05:42 CHB 1534337?1627488340 第 1 次 等待 3 秒
2021-07-29 00:05:45 CHB 1534337?1627488340 第 1 次 获取到号码【1534337】GSD
2021-07-29 00:05:45 获取到号码【1534337】的GSD为【湖南-益阳】
2021-07-29 00:05:48 GSD insert 第 1 次 等待 3 秒
2021-07-29 00:05:51 {"status":"ok","gid":428391,"msg":"添加成功！"}
2021-07-29 00:05:51 下次操作: 2021-07-29 00:06:06

2021-07-29 00:06:06 开始第 16 次操作

2021-07-29 00:06:06 开始操作号码 【1534336】
2021-07-29 00:06:09 GSD getOne 第 1 次 等待 3 秒
2021-07-29 00:06:12 查询号码 【1534336】，返回信息 {"status":"bad","msg":""}
2021-07-29 00:06:12 查询号码 【1534336】，GSD为【""】
2021-07-29 00:06:12 bad
2021-07-29 00:06:14 CHB 1534336?1627488372 第 1 次 等待 3 秒
2021-07-29 00:06:17 CHB 1534336?1627488372 第 1 次 获取到号码【1534336】GSD
2021-07-29 00:06:17 获取到号码【1534336】的GSD为【湖南-常德】
2021-07-29 00:06:20 GSD insert 第 1 次 等待 3 秒
2021-07-29 00:06:23 {"status":"ok","gid":428395,"msg":"添加成功！"}
2021-07-29 00:06:23 下次操作: 2021-07-29 00:06:46

2021-07-29 00:06:46 开始第 17 次操作

2021-07-29 00:06:46 开始操作号码 【1534335】
2021-07-29 00:06:57 GSD getOne 第 1 次 等待 3 秒
2021-07-29 00:07:00 查询号码 【1534335】，返回信息 {"status":"bad","msg":""}
2021-07-29 00:07:00 查询号码 【1534335】，GSD为【""】
2021-07-29 00:07:00 bad
2021-07-29 00:07:02 CHB 1534335?1627488420 第 1 次 等待 3 秒
2021-07-29 00:07:05 CHB 1534335?1627488420 第 1 次 获取到号码【1534335】GSD
2021-07-29 00:07:05 获取到号码【1534335】的GSD为【湖南-郴州】
2021-07-29 00:07:13 GSD insert 第 1 次 等待 3 秒
2021-07-29 00:07:16 {"status":"ok","gid":428404,"msg":"添加成功！"}
2021-07-29 00:07:16 下次操作: 2021-07-29 00:07:29

2021-07-29 00:07:29 开始第 18 次操作

2021-07-29 00:07:29 开始操作号码 【1534334】
2021-07-29 00:07:32 GSD getOne 第 1 次 等待 3 秒
2021-07-29 00:07:35 查询号码 【1534334】，返回信息 {"status":"ok","msg":"湖南-衡阳","gid":"52047","time_insert":"2021-04-22 10:38"}
2021-07-29 00:07:35 查询号码 【1534334】，GSD为【"湖南-衡阳"】

2021-07-29 00:07:35 开始第 18 次操作

2021-07-29 00:07:35 开始操作号码 【1534333】
2021-07-29 00:07:38 GSD getOne 第 1 次 等待 3 秒
2021-07-29 00:07:41 查询号码 【1534333】，返回信息 {"status":"bad","msg":""}
2021-07-29 00:07:41 查询号码 【1534333】，GSD为【""】
2021-07-29 00:07:41 bad
2021-07-29 00:07:43 CHB 1534333?1627488461 第 1 次 等待 3 秒
2021-07-29 00:07:46 CHB 1534333?1627488461 第 1 次 获取到号码【1534333】GSD
2021-07-29 00:07:46 获取到号码【1534333】的GSD为【湖南-株洲】
2021-07-29 00:07:55 GSD insert 第 1 次 等待 3 秒
2021-07-29 00:07:58 {"status":"ok","gid":428417,"msg":"添加成功！"}
2021-07-29 00:07:58 下次操作: 2021-07-29 00:08:18

2021-07-29 00:08:18 开始第 19 次操作

2021-07-29 00:08:18 开始操作号码 【1534332】
2021-07-29 00:08:24 GSD getOne 第 1 次 等待 3 秒
2021-07-29 00:08:27 查询号码 【1534332】，返回信息 {"status":"bad","msg":""}
2021-07-29 00:08:27 查询号码 【1534332】，GSD为【""】
2021-07-29 00:08:27 bad
2021-07-29 00:08:29 CHB 1534332?1627488507 第 1 次 等待 3 秒
2021-07-29 00:08:32 CHB 1534332?1627488507 第 1 次 获取到号码【1534332】GSD
2021-07-29 00:08:32 获取到号码【1534332】的GSD为【湖南-湘潭】
2021-07-29 00:08:36 GSD insert 第 1 次 等待 3 秒
2021-07-29 00:08:39 {"status":"ok","gid":428425,"msg":"添加成功！"}
2021-07-29 00:08:39 下次操作: 2021-07-29 00:08:53

2021-07-29 00:08:53 开始第 20 次操作

2021-07-29 00:08:53 开始操作号码 【1534331】
2021-07-29 00:09:06 GSD getOne 第 1 次 等待 3 秒
2021-07-29 00:09:09 查询号码 【1534331】，返回信息 {"status":"bad","msg":""}
2021-07-29 00:09:09 查询号码 【1534331】，GSD为【""】
2021-07-29 00:09:09 bad
2021-07-29 00:09:11 CHB 1534331?1627488549 第 1 次 等待 3 秒
2021-07-29 00:09:14 CHB 1534331?1627488549 第 1 次 获取到号码【1534331】GSD
2021-07-29 00:09:14 获取到号码【1534331】的GSD为【湖南-长沙】
2021-07-29 00:09:17 GSD insert 第 1 次 等待 3 秒
2021-07-29 00:09:20 {"status":"ok","gid":428435,"msg":"添加成功！"}
2021-07-29 00:09:20 下次操作: 2021-07-29 00:09:42

2021-07-29 00:09:42 开始第 21 次操作

2021-07-29 00:09:42 开始操作号码 【1534330】
2021-07-29 00:10:19 GSD getOne 第 1 次 等待 3 秒
2021-07-29 00:10:22 查询号码 【1534330】，返回信息 {"status":"bad","msg":""}
2021-07-29 00:10:22 查询号码 【1534330】，GSD为【""】
2021-07-29 00:10:22 bad
2021-07-29 00:10:23 CHB 1534330?1627488622 第 1 次 等待 3 秒
2021-07-29 00:10:26 CHB 1534330?1627488622 第 1 次 获取到号码【1534330】GSD
2021-07-29 00:10:27 获取到号码【1534330】的GSD为【湖南-岳阳】
2021-07-29 00:10:29 GSD insert 第 1 次 等待 3 秒
2021-07-29 00:10:32 {"status":"ok","gid":428446,"msg":"添加成功！"}
2021-07-29 00:10:32 下次操作: 2021-07-29 00:10:51

2021-07-29 00:10:52 开始第 22 次操作

2021-07-29 00:10:52 开始操作号码 【1534329】
2021-07-29 00:10:58 GSD getOne 第 1 次 等待 3 秒
2021-07-29 00:11:01 查询号码 【1534329】，返回信息 {"status":"bad","msg":""}
2021-07-29 00:11:01 查询号码 【1534329】，GSD为【""】
2021-07-29 00:11:01 bad
2021-07-29 00:11:03 CHB 1534329?1627488661 第 1 次 等待 3 秒
2021-07-29 00:11:06 CHB 1534329?1627488661 第 1 次 获取到号码【1534329】GSD
2021-07-29 00:11:06 获取到号码【1534329】的GSD为【湖南-邵阳】
2021-07-29 00:11:10 GSD insert 第 1 次 等待 3 秒
2021-07-29 00:11:13 {"status":"ok","gid":428456,"msg":"添加成功！"}
2021-07-29 00:11:13 下次操作: 2021-07-29 00:11:32

2021-07-29 00:11:32 开始第 23 次操作

2021-07-29 00:11:32 开始操作号码 【1534328】
2021-07-29 00:12:00 GSD getOne 第 1 次 等待 3 秒
2021-07-29 00:12:03 查询号码 【1534328】，返回信息 {"status":"bad","msg":""}
2021-07-29 00:12:03 查询号码 【1534328】，GSD为【""】
2021-07-29 00:12:03 bad
2021-07-29 00:12:05 CHB 1534328?1627488723 第 1 次 等待 3 秒
2021-07-29 00:12:08 CHB 1534328?1627488723 第 1 次 获取到号码【1534328】GSD
2021-07-29 00:12:08 获取到号码【1534328】的GSD为【湖南-娄底】
2021-07-29 00:12:12 GSD insert 第 1 次 等待 3 秒
2021-07-29 00:12:15 {"status":"ok","gid":428466,"msg":"添加成功！"}
2021-07-29 00:12:15 下次操作: 2021-07-29 00:12:34

2021-07-29 00:12:34 开始第 24 次操作

2021-07-29 00:12:34 开始操作号码 【1534327】
2021-07-29 00:12:37 GSD getOne 第 1 次 等待 3 秒
2021-07-29 00:12:40 查询号码 【1534327】，返回信息 {"status":"ok","msg":"湖南-怀化","gid":"21055","time_insert":"2017-04-19 23:00","time_update":"2020-09-22 19:49"}
2021-07-29 00:12:40 查询号码 【1534327】，GSD为【"湖南-怀化"】

2021-07-29 00:12:40 开始第 24 次操作

2021-07-29 00:12:40 开始操作号码 【1534326】
2021-07-29 00:12:46 GSD getOne 第 1 次 等待 3 秒
2021-07-29 00:12:49 查询号码 【1534326】，返回信息 {"status":"bad","msg":""}
2021-07-29 00:12:49 查询号码 【1534326】，GSD为【""】
2021-07-29 00:12:49 bad
2021-07-29 00:12:51 CHB 1534326?1627488769 第 1 次 等待 3 秒
2021-07-29 00:12:54 CHB 1534326?1627488769 第 1 次 获取到号码【1534326】GSD
2021-07-29 00:12:54 获取到号码【1534326】的GSD为【湖南-永州】
2021-07-29 00:12:57 GSD insert 第 1 次 等待 3 秒
2021-07-29 00:13:00 {"status":"ok","gid":428474,"msg":"添加成功！"}
2021-07-29 00:13:00 下次操作: 2021-07-29 00:13:18

2021-07-29 00:13:18 开始第 25 次操作

2021-07-29 00:13:18 开始操作号码 【1534325】
2021-07-29 00:13:23 GSD getOne 第 1 次 等待 3 秒
2021-07-29 00:13:26 查询号码 【1534325】，返回信息 {"status":"bad","msg":""}
2021-07-29 00:13:26 查询号码 【1534325】，GSD为【""】
2021-07-29 00:13:26 bad
2021-07-29 00:13:28 CHB 1534325?1627488806 第 1 次 等待 3 秒
2021-07-29 00:13:31 CHB 1534325?1627488806 第 1 次 获取到号码【1534325】GSD
2021-07-29 00:13:31 获取到号码【1534325】的GSD为【湖南-怀化】
2021-07-29 00:13:34 GSD insert 第 1 次 等待 3 秒
2021-07-29 00:13:37 {"status":"ok","gid":428481,"msg":"添加成功！"}
2021-07-29 00:13:37 下次操作: 2021-07-29 00:13:56

2021-07-29 00:13:56 开始第 26 次操作

2021-07-29 00:13:56 开始操作号码 【1534324】
2021-07-29 00:14:06 GSD getOne 第 1 次 等待 3 秒
2021-07-29 00:14:09 查询号码 【1534324】，返回信息 {"status":"bad","msg":""}
2021-07-29 00:14:09 查询号码 【1534324】，GSD为【""】
2021-07-29 00:14:09 bad
2021-07-29 00:14:11 CHB 1534324?1627488849 第 1 次 等待 3 秒
2021-07-29 00:14:14 CHB 1534324?1627488849 第 1 次 获取到号码【1534324】GSD
2021-07-29 00:14:14 获取到号码【1534324】的GSD为【湖南-张家界】
2021-07-29 00:14:17 GSD insert 第 1 次 等待 3 秒
2021-07-29 00:14:20 {"status":"ok","gid":428488,"msg":"添加成功！"}
2021-07-29 00:14:20 下次操作: 2021-07-29 00:14:41

2021-07-29 00:14:41 开始第 27 次操作

2021-07-29 00:14:41 开始操作号码 【1534323】
2021-07-29 00:14:49 GSD getOne 第 1 次 等待 3 秒
2021-07-29 00:14:52 查询号码 【1534323】，返回信息 {"status":"bad","msg":""}
2021-07-29 00:14:52 查询号码 【1534323】，GSD为【""】
2021-07-29 00:14:52 bad
2021-07-29 00:14:54 CHB 1534323?1627488892 第 1 次 等待 3 秒
2021-07-29 00:14:57 CHB 1534323?1627488892 第 1 次 获取到号码【1534323】GSD
2021-07-29 00:14:57 获取到号码【1534323】的GSD为【湖南-吉首】
2021-07-29 00:15:01 GSD insert 第 1 次 等待 3 秒
2021-07-29 00:15:04 {"status":"ok","gid":428496,"msg":"添加成功！"}
2021-07-29 00:15:04 下次操作: 2021-07-29 00:15:28

2021-07-29 00:15:28 开始第 28 次操作

2021-07-29 00:15:28 开始操作号码 【1534322】
2021-07-29 00:15:34 GSD getOne 第 1 次 等待 3 秒
2021-07-29 00:15:37 查询号码 【1534322】，返回信息 {"status":"ok","msg":"湖南-湘潭","gid":"50562","time_insert":"2021-04-21 16:41"}
2021-07-29 00:15:37 查询号码 【1534322】，GSD为【"湖南-湘潭"】

2021-07-29 00:15:37 开始第 28 次操作

2021-07-29 00:15:37 开始操作号码 【1534321】
2021-07-29 00:15:41 GSD getOne 第 1 次 等待 3 秒
2021-07-29 00:15:44 查询号码 【1534321】，返回信息 {"status":"bad","msg":""}
2021-07-29 00:15:44 查询号码 【1534321】，GSD为【""】
2021-07-29 00:15:44 bad
2021-07-29 00:15:45 CHB 1534321?1627488944 第 1 次 等待 3 秒
2021-07-29 00:15:48 CHB 1534321?1627488944 第 1 次 获取到号码【1534321】GSD
2021-07-29 00:15:48 获取到号码【1534321】的GSD为【湖南-长沙】
2021-07-29 00:15:51 GSD insert 第 1 次 等待 3 秒
2021-07-29 00:15:54 {"status":"ok","gid":428506,"msg":"添加成功！"}
2021-07-29 00:15:54 下次操作: 2021-07-29 00:16:06

2021-07-29 00:16:06 开始第 29 次操作

2021-07-29 00:16:06 开始操作号码 【1534320】
2021-07-29 00:16:09 GSD getOne 第 1 次 等待 3 秒
2021-07-29 00:16:12 查询号码 【1534320】，返回信息 {"status":"bad","msg":""}
2021-07-29 00:16:12 查询号码 【1534320】，GSD为【""】
2021-07-29 00:16:12 bad
2021-07-29 00:16:14 CHB 1534320?1627488972 第 1 次 等待 3 秒
2021-07-29 00:16:17 CHB 1534320?1627488972 第 1 次 获取到号码【1534320】GSD
2021-07-29 00:16:17 获取到号码【1534320】的GSD为【湖南-岳阳】
2021-07-29 00:16:20 GSD insert 第 1 次 等待 3 秒
2021-07-29 00:16:23 {"status":"ok","gid":428512,"msg":"添加成功！"}
2021-07-29 00:16:23 下次操作: 2021-07-29 00:16:47

2021-07-29 00:16:47 开始第 30 次操作

2021-07-29 00:16:47 开始操作号码 【1534319】
2021-07-29 00:16:50 GSD getOne 第 1 次 等待 3 秒
2021-07-29 00:16:53 查询号码 【1534319】，返回信息 {"status":"bad","msg":""}
2021-07-29 00:16:53 查询号码 【1534319】，GSD为【""】
2021-07-29 00:16:53 bad
2021-07-29 00:16:55 CHB 1534319?1627489013 第 1 次 等待 3 秒
2021-07-29 00:16:58 CHB 1534319?1627489013 第 1 次 获取到号码【1534319】GSD
2021-07-29 00:16:58 获取到号码【1534319】的GSD为【河北-邢台】
2021-07-29 00:17:02 GSD insert 第 1 次 等待 3 秒
2021-07-29 00:17:05 {"status":"ok","gid":428521,"msg":"添加成功！"}
2021-07-29 00:17:05 下次操作: 2021-07-29 00:17:21

2021-07-29 00:17:21 开始第 31 次操作

2021-07-29 00:17:21 开始操作号码 【1534318】
2021-07-29 00:17:24 GSD getOne 第 1 次 等待 3 秒
2021-07-29 00:17:27 查询号码 【1534318】，返回信息 {"status":"bad","msg":""}
2021-07-29 00:17:27 查询号码 【1534318】，GSD为【""】
2021-07-29 00:17:27 bad
2021-07-29 00:17:29 CHB 1534318?1627489047 第 1 次 等待 3 秒
2021-07-29 00:17:32 CHB 1534318?1627489047 第 1 次 获取到号码【1534318】GSD
2021-07-29 00:17:32 获取到号码【1534318】的GSD为【河北-衡水】
2021-07-29 00:17:35 GSD insert 第 1 次 等待 3 秒
2021-07-29 00:17:38 {"status":"ok","gid":428527,"msg":"添加成功！"}
2021-07-29 00:17:38 下次操作: 2021-07-29 00:17:55

2021-07-29 00:17:55 开始第 32 次操作

2021-07-29 00:17:55 开始操作号码 【1534317】
2021-07-29 00:18:00 GSD getOne 第 1 次 等待 3 秒
2021-07-29 00:18:03 查询号码 【1534317】，返回信息 {"status":"bad","msg":""}
2021-07-29 00:18:03 查询号码 【1534317】，GSD为【""】
2021-07-29 00:18:03 bad
2021-07-29 00:18:05 CHB 1534317?1627489083 第 1 次 等待 3 秒
2021-07-29 00:18:08 CHB 1534317?1627489083 第 1 次 获取到号码【1534317】GSD
2021-07-29 00:18:08 获取到号码【1534317】的GSD为【河北-沧州】
2021-07-29 00:18:12 GSD insert 第 1 次 等待 3 秒
2021-07-29 00:18:15 {"status":"ok","gid":428535,"msg":"添加成功！"}
2021-07-29 00:18:15 下次操作: 2021-07-29 00:18:31

2021-07-29 00:18:31 开始第 33 次操作

2021-07-29 00:18:31 开始操作号码 【1534316】
2021-07-29 00:18:34 GSD getOne 第 1 次 等待 3 秒
2021-07-29 00:18:37 查询号码 【1534316】，返回信息 {"status":"bad","msg":""}
2021-07-29 00:18:37 查询号码 【1534316】，GSD为【""】
2021-07-29 00:18:37 bad
2021-07-29 00:18:38 CHB 1534316?1627489117 第 1 次 等待 3 秒
2021-07-29 00:18:41 CHB 1534316?1627489117 第 1 次 获取到号码【1534316】GSD
2021-07-29 00:18:41 获取到号码【1534316】的GSD为【河北-廊坊】
2021-07-29 00:18:44 GSD insert 第 1 次 等待 3 秒
2021-07-29 00:18:47 {"status":"ok","gid":428541,"msg":"添加成功！"}
2021-07-29 00:18:47 下次操作: 2021-07-29 00:19:04

2021-07-29 00:19:04 开始第 34 次操作

2021-07-29 00:19:04 开始操作号码 【1534315】
2021-07-29 00:19:07 GSD getOne 第 1 次 等待 3 秒
2021-07-29 00:19:10 查询号码 【1534315】，返回信息 {"status":"bad","msg":""}
2021-07-29 00:19:10 查询号码 【1534315】，GSD为【""】
2021-07-29 00:19:10 bad
2021-07-29 00:19:12 CHB 1534315?1627489150 第 1 次 等待 3 秒
2021-07-29 00:19:15 CHB 1534315?1627489150 第 1 次 获取到号码【1534315】GSD
2021-07-29 00:19:15 获取到号码【1534315】的GSD为【河北-秦皇岛】
2021-07-29 00:19:18 GSD insert 第 1 次 等待 3 秒
2021-07-29 00:19:21 {"status":"ok","gid":428545,"msg":"添加成功！"}
2021-07-29 00:19:21 下次操作: 2021-07-29 00:19:38

2021-07-29 00:19:38 开始第 35 次操作

2021-07-29 00:19:38 开始操作号码 【1534314】
2021-07-29 00:19:46 GSD getOne 第 1 次 等待 3 秒
2021-07-29 00:19:49 查询号码 【1534314】，返回信息 {"status":"bad","msg":""}
2021-07-29 00:19:49 查询号码 【1534314】，GSD为【""】
2021-07-29 00:19:49 bad
2021-07-29 00:19:51 CHB 1534314?1627489189 第 1 次 等待 3 秒
2021-07-29 00:19:54 CHB 1534314?1627489189 第 1 次 获取到号码【1534314】GSD
2021-07-29 00:19:54 获取到号码【1534314】的GSD为【河北-承德】
2021-07-29 00:19:57 GSD insert 第 1 次 等待 3 秒
2021-07-29 00:20:00 {"status":"ok","gid":428549,"msg":"添加成功！"}
2021-07-29 00:20:00 下次操作: 2021-07-29 00:20:16

2021-07-29 00:20:16 开始第 36 次操作

2021-07-29 00:20:16 开始操作号码 【1534313】
2021-07-29 00:20:19 GSD getOne 第 1 次 等待 3 秒
2021-07-29 00:20:22 查询号码 【1534313】，返回信息 {"status":"bad","msg":""}
2021-07-29 00:20:22 查询号码 【1534313】，GSD为【""】
2021-07-29 00:20:22 bad
2021-07-29 00:20:24 CHB 1534313?1627489222 第 1 次 等待 3 秒
2021-07-29 00:20:27 CHB 1534313?1627489222 第 1 次 获取到号码【1534313】GSD
2021-07-29 00:20:27 获取到号码【1534313】的GSD为【河北-张家口】
2021-07-29 00:20:37 GSD insert 第 1 次 等待 3 秒
2021-07-29 00:20:40 {"status":"ok","gid":428556,"msg":"添加成功！"}
2021-07-29 00:20:40 下次操作: 2021-07-29 00:20:56

2021-07-29 00:20:56 开始第 37 次操作

2021-07-29 00:20:56 开始操作号码 【1534312】
2021-07-29 00:21:03 GSD getOne 第 1 次 等待 3 秒
2021-07-29 00:21:06 查询号码 【1534312】，返回信息 {"status":"bad","msg":""}
2021-07-29 00:21:06 查询号码 【1534312】，GSD为【""】
2021-07-29 00:21:06 bad
2021-07-29 00:21:08 CHB 1534312?1627489266 第 1 次 等待 3 秒
2021-07-29 00:21:11 CHB 1534312?1627489266 第 1 次 获取到号码【1534312】GSD
2021-07-29 00:21:11 获取到号码【1534312】的GSD为【河北-保定】
2021-07-29 00:21:14 GSD insert 第 1 次 等待 3 秒
2021-07-29 00:21:17 {"status":"ok","gid":428562,"msg":"添加成功！"}
2021-07-29 00:21:17 下次操作: 2021-07-29 00:21:35

2021-07-29 00:21:35 开始第 38 次操作

2021-07-29 00:21:35 开始操作号码 【1534311】
2021-07-29 00:21:38 GSD getOne 第 1 次 等待 3 秒
2021-07-29 00:21:41 查询号码 【1534311】，返回信息 {"status":"bad","msg":""}
2021-07-29 00:21:41 查询号码 【1534311】，GSD为【""】
2021-07-29 00:21:41 bad
2021-07-29 00:21:42 CHB 1534311?1627489301 第 1 次 等待 3 秒
2021-07-29 00:21:45 CHB 1534311?1627489301 第 1 次 获取到号码【1534311】GSD
2021-07-29 00:21:45 获取到号码【1534311】的GSD为【河北-石家庄】
2021-07-29 00:21:48 GSD insert 第 1 次 等待 3 秒
2021-07-29 00:21:51 {"status":"ok","gid":428567,"msg":"添加成功！"}
2021-07-29 00:21:51 下次操作: 2021-07-29 00:22:06

2021-07-29 00:22:06 开始第 39 次操作

2021-07-29 00:22:06 开始操作号码 【1534310】
2021-07-29 00:22:12 GSD getOne 第 1 次 等待 3 秒
2021-07-29 00:22:15 查询号码 【1534310】，返回信息 {"status":"ok","msg":"河北-邯郸","gid":"76791","time_insert":"2021-06-02 08:44","time_update":"2021-06-03 22:03"}
2021-07-29 00:22:15 查询号码 【1534310】，GSD为【"河北-邯郸"】

2021-07-29 00:22:15 开始第 39 次操作

2021-07-29 00:22:15 开始操作号码 【1534309】
2021-07-29 00:22:19 GSD getOne 第 1 次 等待 3 秒
2021-07-29 00:22:22 查询号码 【1534309】，返回信息 {"status":"bad","msg":""}
2021-07-29 00:22:22 查询号码 【1534309】，GSD为【""】
2021-07-29 00:22:22 bad
2021-07-29 00:22:24 CHB 1534309?1627489342 第 1 次 等待 3 秒
2021-07-29 00:22:27 CHB 1534309?1627489342 第 1 次 获取到号码【1534309】GSD
2021-07-29 00:22:27 获取到号码【1534309】的GSD为【湖南-邵阳】
2021-07-29 00:22:30 GSD insert 第 1 次 等待 3 秒
2021-07-29 00:22:33 {"status":"ok","gid":428573,"msg":"添加成功！"}
2021-07-29 00:22:33 下次操作: 2021-07-29 00:22:45

2021-07-29 00:22:45 开始第 40 次操作

2021-07-29 00:22:45 开始操作号码 【1534308】
2021-07-29 00:22:48 GSD getOne 第 1 次 等待 3 秒
2021-07-29 00:22:51 查询号码 【1534308】，返回信息 {"status":"bad","msg":""}
2021-07-29 00:22:51 查询号码 【1534308】，GSD为【""】
2021-07-29 00:22:51 bad
2021-07-29 00:22:53 CHB 1534308?1627489371 第 1 次 等待 3 秒
2021-07-29 00:22:56 CHB 1534308?1627489371 第 1 次 获取到号码【1534308】GSD
2021-07-29 00:22:56 获取到号码【1534308】的GSD为【湖南-娄底】
2021-07-29 00:23:00 GSD insert 第 1 次 等待 3 秒
2021-07-29 00:23:03 {"status":"ok","gid":428576,"msg":"添加成功！"}

