2024-04-19 00:10:38 开始第 4425 次操作

2024-04-19 00:10:38 开始操作号码 【1664339】
2024-04-19 00:10:44 GSD getOne 第 1 次 等待 3 秒
2024-04-19 00:10:47 查询号码 【1664339】，返回信息 {"status":"ok","msg":"吉林-延边","gid":"147488","time_insert":"2021-06-28 15:52"}
2024-04-19 00:10:47 查询号码 【1664339】，GSD为【"吉林-延边"】

2024-04-19 00:10:48 开始第 4426 次操作

2024-04-19 00:10:48 开始操作号码 【1664340】
2024-04-19 00:10:55 GSD getOne 第 1 次 等待 3 秒
2024-04-19 00:10:58 查询号码 【1664340】，返回信息 {"status":"ok","msg":"吉林-四平","gid":"147495","time_insert":"2021-06-28 15:53"}
2024-04-19 00:10:58 查询号码 【1664340】，GSD为【"吉林-四平"】

2024-04-19 00:10:59 开始第 4427 次操作

2024-04-19 00:10:59 开始操作号码 【1664341】
2024-04-19 00:11:07 GSD getOne 第 1 次 等待 3 秒
2024-04-19 00:11:10 查询号码 【1664341】，返回信息 {"status":"ok","msg":"吉林-长春","gid":"147501","time_insert":"2021-06-28 15:54"}
2024-04-19 00:11:10 查询号码 【1664341】，GSD为【"吉林-长春"】

2024-04-19 00:11:11 开始第 4428 次操作

2024-04-19 00:11:11 开始操作号码 【1664342】
2024-04-19 00:11:17 GSD getOne 第 1 次 等待 3 秒
2024-04-19 00:11:20 查询号码 【1664342】，返回信息 {"status":"ok","msg":"吉林-吉林","gid":"147507","time_insert":"2021-06-28 15:55"}
2024-04-19 00:11:20 查询号码 【1664342】，GSD为【"吉林-吉林"】

2024-04-19 00:35:37 开始第 4429 次操作

2024-04-19 00:35:37 开始操作号码 【1664343】
2024-04-19 00:35:46 GSD getOne 第 1 次 等待 3 秒
2024-04-19 00:35:49 查询号码 【1664343】，返回信息 {"status":"ok","msg":"吉林-四平","gid":"147511","time_insert":"2021-06-28 15:55"}
2024-04-19 00:35:49 查询号码 【1664343】，GSD为【"吉林-四平"】

2024-04-19 00:35:50 开始第 4430 次操作

2024-04-19 00:35:50 开始操作号码 【1664344】
2024-04-19 00:35:59 GSD getOne 第 1 次 等待 3 秒
2024-04-19 00:36:02 查询号码 【1664344】，返回信息 {"status":"ok","msg":"吉林-长春","gid":"147612","time_insert":"2021-06-28 16:45"}
2024-04-19 00:36:02 查询号码 【1664344】，GSD为【"吉林-长春"】

2024-04-19 00:36:03 开始第 4431 次操作

2024-04-19 00:36:03 开始操作号码 【1664345】
2024-04-19 00:36:11 GSD getOne 第 1 次 等待 3 秒
2024-04-19 00:36:14 查询号码 【1664345】，返回信息 {"status":"ok","msg":"吉林-长春","gid":"147623","time_insert":"2021-06-28 16:46"}
2024-04-19 00:36:14 查询号码 【1664345】，GSD为【"吉林-长春"】

2024-04-19 00:36:15 开始第 4432 次操作

2024-04-19 00:36:15 开始操作号码 【1664346】
2024-04-19 00:36:22 GSD getOne 第 1 次 等待 3 秒
2024-04-19 00:36:25 查询号码 【1664346】，返回信息 {"status":"ok","msg":"吉林-白城","gid":"147633","time_insert":"2021-06-28 16:47"}
2024-04-19 00:36:25 查询号码 【1664346】，GSD为【"吉林-白城"】

2024-04-19 01:08:08 开始第 4433 次操作

2024-04-19 01:08:08 开始操作号码 【1664347】
2024-04-19 01:08:14 GSD getOne 第 1 次 等待 3 秒
2024-04-19 01:08:17 查询号码 【1664347】，返回信息 {"status":"ok","msg":"吉林-吉林","gid":"147644","time_insert":"2021-06-28 16:48"}
2024-04-19 01:08:17 查询号码 【1664347】，GSD为【"吉林-吉林"】

2024-04-19 01:08:18 开始第 4434 次操作

2024-04-19 01:08:18 开始操作号码 【1664348】
2024-04-19 01:08:24 GSD getOne 第 1 次 等待 3 秒
2024-04-19 01:08:27 查询号码 【1664348】，返回信息 {"status":"ok","msg":"吉林-吉林","gid":"147652","time_insert":"2021-06-28 16:49"}
2024-04-19 01:08:27 查询号码 【1664348】，GSD为【"吉林-吉林"】

2024-04-19 01:08:28 开始第 4435 次操作

2024-04-19 01:08:28 开始操作号码 【1664349】
2024-04-19 01:08:32 GSD getOne 第 1 次 等待 3 秒
2024-04-19 01:08:35 查询号码 【1664349】，返回信息 {"status":"ok","msg":"吉林-吉林","gid":"147662","time_insert":"2021-06-28 16:50"}
2024-04-19 01:08:36 查询号码 【1664349】，GSD为【"吉林-吉林"】

2024-04-19 01:08:37 开始第 4436 次操作

2024-04-19 01:08:37 开始操作号码 【1664350】
2024-04-19 01:08:41 GSD getOne 第 1 次 等待 3 秒
2024-04-19 01:08:44 查询号码 【1664350】，返回信息 {"status":"ok","msg":"吉林-通化","gid":"147673","time_insert":"2021-06-28 16:50"}
2024-04-19 01:08:44 查询号码 【1664350】，GSD为【"吉林-通化"】

2024-04-19 01:33:03 开始第 4437 次操作

2024-04-19 01:33:03 开始操作号码 【1664351】
2024-04-19 01:33:10 GSD getOne 第 1 次 等待 3 秒
2024-04-19 01:33:13 查询号码 【1664351】，返回信息 {"status":"ok","msg":"吉林-长春","gid":"147683","time_insert":"2021-06-28 16:51"}
2024-04-19 01:33:13 查询号码 【1664351】，GSD为【"吉林-长春"】

2024-04-19 01:33:14 开始第 4438 次操作

2024-04-19 01:33:14 开始操作号码 【1664352】
2024-04-19 01:33:19 GSD getOne 第 1 次 等待 3 秒
2024-04-19 01:33:22 查询号码 【1664352】，返回信息 {"status":"ok","msg":"吉林-长春","gid":"147692","time_insert":"2021-06-28 16:52"}
2024-04-19 01:33:22 查询号码 【1664352】，GSD为【"吉林-长春"】

2024-04-19 01:33:23 开始第 4439 次操作

2024-04-19 01:33:23 开始操作号码 【1664353】
2024-04-19 01:33:28 GSD getOne 第 1 次 等待 3 秒
2024-04-19 01:33:31 查询号码 【1664353】，返回信息 {"status":"ok","msg":"吉林-长春","gid":"147704","time_insert":"2021-06-28 16:53"}
2024-04-19 01:33:31 查询号码 【1664353】，GSD为【"吉林-长春"】

2024-04-19 01:33:32 开始第 4440 次操作

2024-04-19 01:33:32 开始操作号码 【1664354】
2024-04-19 01:33:37 GSD getOne 第 1 次 等待 3 秒
2024-04-19 01:33:40 查询号码 【1664354】，返回信息 {"status":"ok","msg":"吉林-长春","gid":"147713","time_insert":"2021-06-28 16:54"}
2024-04-19 01:33:40 查询号码 【1664354】，GSD为【"吉林-长春"】

