2023-12-29 00:10:43 开始第 5881 次操作

2023-12-29 00:10:43 开始操作号码 【1885794】
2023-12-29 00:10:47 GSD getOne 第 1 次 等待 3 秒
2023-12-29 00:10:50 查询号码 【1885794】，返回信息 {"status":"ok","msg":"浙江-金华","gid":"453706","time_insert":"2021-07-31 07:17","time_update":"2021-08-06 10:06"}
2023-12-29 00:10:50 查询号码 【1885794】，GSD为【"浙江-金华"】

2023-12-29 00:10:51 开始第 5882 次操作

2023-12-29 00:10:51 开始操作号码 【1885795】
2023-12-29 00:10:55 GSD getOne 第 1 次 等待 3 秒
2023-12-29 00:10:58 查询号码 【1885795】，返回信息 {"status":"ok","msg":"浙江-金华","gid":"453705","time_insert":"2021-07-31 07:17"}
2023-12-29 00:10:58 查询号码 【1885795】，GSD为【"浙江-金华"】

2023-12-29 00:10:59 开始第 5883 次操作

2023-12-29 00:10:59 开始操作号码 【1885796】
2023-12-29 00:11:03 GSD getOne 第 1 次 等待 3 秒
2023-12-29 00:11:06 查询号码 【1885796】，返回信息 {"status":"ok","msg":"浙江-金华","gid":"402900","time_insert":"2021-07-26 15:50","time_update":"2021-07-31 07:16"}
2023-12-29 00:11:06 查询号码 【1885796】，GSD为【"浙江-金华"】

2023-12-29 00:11:07 开始第 5884 次操作

2023-12-29 00:11:07 开始操作号码 【1885797】
2023-12-29 00:11:10 GSD getOne 第 1 次 等待 3 秒
2023-12-29 00:11:13 查询号码 【1885797】，返回信息 {"status":"ok","msg":"浙江-金华","gid":"44189","time_insert":"2017-08-23 22:23","time_update":"2020-09-03 09:15"}
2023-12-29 00:11:13 查询号码 【1885797】，GSD为【"浙江-金华"】

2023-12-29 00:37:14 开始第 5885 次操作

2023-12-29 00:37:14 开始操作号码 【1885798】
2023-12-29 00:37:22 GSD getOne 第 1 次 等待 3 秒
2023-12-29 00:37:25 查询号码 【1885798】，返回信息 {"status":"ok","msg":"浙江-金华","gid":"453698","time_insert":"2021-07-31 07:14"}
2023-12-29 00:37:25 查询号码 【1885798】，GSD为【"浙江-金华"】

2023-12-29 00:37:26 开始第 5886 次操作

2023-12-29 00:37:26 开始操作号码 【1885799】
2023-12-29 00:37:30 GSD getOne 第 1 次 等待 3 秒
2023-12-29 00:37:33 查询号码 【1885799】，返回信息 {"status":"ok","msg":"浙江-金华","gid":"453694","time_insert":"2021-07-31 07:14"}
2023-12-29 00:37:33 查询号码 【1885799】，GSD为【"浙江-金华"】

2023-12-29 00:37:34 开始第 5887 次操作

2023-12-29 00:37:34 开始操作号码 【1885800】
2023-12-29 00:37:39 GSD getOne 第 1 次 等待 3 秒
2023-12-29 00:37:42 查询号码 【1885800】，返回信息 {"status":"ok","msg":"浙江-宁波","gid":"453689","time_insert":"2021-07-31 07:13"}
2023-12-29 00:37:42 查询号码 【1885800】，GSD为【"浙江-宁波"】

2023-12-29 00:37:43 开始第 5888 次操作

2023-12-29 00:37:43 开始操作号码 【1885801】
2023-12-29 00:37:48 GSD getOne 第 1 次 等待 3 秒
2023-12-29 00:37:51 查询号码 【1885801】，返回信息 {"status":"ok","msg":"浙江-宁波","gid":"453683","time_insert":"2021-07-31 07:12"}
2023-12-29 00:37:51 查询号码 【1885801】，GSD为【"浙江-宁波"】

