2023-12-01 00:11:56 开始第 745 次操作

2023-12-01 00:11:56 开始操作号码 【1880658】
2023-12-01 00:12:00 GSD getOne 第 1 次 等待 3 秒
2023-12-01 00:12:03 查询号码 【1880658】，返回信息 {"status":"ok","msg":"浙江-台州","gid":"401351","time_insert":"2021-07-26 13:08"}
2023-12-01 00:12:03 查询号码 【1880658】，GSD为【"浙江-台州"】

2023-12-01 00:12:04 开始第 746 次操作

2023-12-01 00:12:04 开始操作号码 【1880659】
2023-12-01 00:12:07 GSD getOne 第 1 次 等待 3 秒
2023-12-01 00:12:10 查询号码 【1880659】，返回信息 {"status":"ok","msg":"浙江-台州","gid":"401391","time_insert":"2021-07-26 13:10"}
2023-12-01 00:12:10 查询号码 【1880659】，GSD为【"浙江-台州"】

2023-12-01 00:12:11 开始第 747 次操作

2023-12-01 00:12:11 开始操作号码 【1880660】
2023-12-01 00:12:19 GSD getOne 第 1 次 等待 3 秒
2023-12-01 00:12:22 查询号码 【1880660】，返回信息 {"status":"ok","msg":"广东-汕尾","gid":"401522","time_insert":"2021-07-26 13:23"}
2023-12-01 00:12:22 查询号码 【1880660】，GSD为【"广东-汕尾"】

2023-12-01 00:12:23 开始第 748 次操作

2023-12-01 00:12:23 开始操作号码 【1880661】
2023-12-01 00:12:29 GSD getOne 第 1 次 等待 3 秒
2023-12-01 00:12:32 查询号码 【1880661】，返回信息 {"status":"ok","msg":"广东-汕头","gid":"401560","time_insert":"2021-07-26 13:32"}
2023-12-01 00:12:32 查询号码 【1880661】，GSD为【"广东-汕头"】

