2024-01-07 00:10:17 开始第 7533 次操作

2024-01-07 00:10:17 开始操作号码 【1887446】
2024-01-07 00:10:21 GSD getOne 第 1 次 等待 3 秒
2024-01-07 00:10:24 查询号码 【1887446】，返回信息 {"status":"ok","msg":"湖南-张家界","gid":"436385","time_insert":"2021-07-29 19:05","time_update":"2021-08-06 11:05"}
2024-01-07 00:10:24 查询号码 【1887446】，GSD为【"湖南-张家界"】

2024-01-07 00:10:25 开始第 7534 次操作

2024-01-07 00:10:25 开始操作号码 【1887447】
2024-01-07 00:10:28 GSD getOne 第 1 次 等待 3 秒
2024-01-07 00:10:31 查询号码 【1887447】，返回信息 {"status":"ok","msg":"湖南-张家界","gid":"436376","time_insert":"2021-07-29 19:04"}
2024-01-07 00:10:31 查询号码 【1887447】，GSD为【"湖南-张家界"】

2024-01-07 00:10:32 开始第 7535 次操作

2024-01-07 00:10:32 开始操作号码 【1887448】
2024-01-07 00:10:36 GSD getOne 第 1 次 等待 3 秒
2024-01-07 00:10:39 查询号码 【1887448】，返回信息 {"status":"ok","msg":"湖南-张家界","gid":"436370","time_insert":"2021-07-29 19:04"}
2024-01-07 00:10:40 查询号码 【1887448】，GSD为【"湖南-张家界"】

2024-01-07 00:10:41 开始第 7536 次操作

2024-01-07 00:10:41 开始操作号码 【1887449】
2024-01-07 00:10:44 GSD getOne 第 1 次 等待 3 秒
2024-01-07 00:10:47 查询号码 【1887449】，返回信息 {"status":"ok","msg":"湖南-张家界","gid":"44417","time_insert":"2017-04-15 15:59","time_update":"2020-09-23 23:04"}
2024-01-07 00:10:47 查询号码 【1887449】，GSD为【"湖南-张家界"】

2024-01-07 00:37:05 开始第 7537 次操作

2024-01-07 00:37:05 开始操作号码 【1887450】
2024-01-07 00:37:08 GSD getOne 第 1 次 等待 3 秒
2024-01-07 00:37:12 查询号码 【1887450】，返回信息 {"status":"ok","msg":"湖南-怀化","gid":"436360","time_insert":"2021-07-29 19:03"}
2024-01-07 00:37:12 查询号码 【1887450】，GSD为【"湖南-怀化"】

2024-01-07 00:37:13 开始第 7538 次操作

2024-01-07 00:37:13 开始操作号码 【1887451】
2024-01-07 00:37:17 GSD getOne 第 1 次 等待 3 秒
2024-01-07 00:37:20 查询号码 【1887451】，返回信息 {"status":"ok","msg":"湖南-怀化","gid":"436352","time_insert":"2021-07-29 19:02"}
2024-01-07 00:37:20 查询号码 【1887451】，GSD为【"湖南-怀化"】

2024-01-07 00:37:21 开始第 7539 次操作

2024-01-07 00:37:21 开始操作号码 【1887452】
2024-01-07 00:37:24 GSD getOne 第 1 次 等待 3 秒
2024-01-07 00:37:27 查询号码 【1887452】，返回信息 {"status":"ok","msg":"湖南-怀化","gid":"436341","time_insert":"2021-07-29 19:02"}
2024-01-07 00:37:27 查询号码 【1887452】，GSD为【"湖南-怀化"】

2024-01-07 00:37:28 开始第 7540 次操作

2024-01-07 00:37:28 开始操作号码 【1887453】
2024-01-07 00:37:31 GSD getOne 第 1 次 等待 3 秒
2024-01-07 00:37:34 查询号码 【1887453】，返回信息 {"status":"ok","msg":"湖南-怀化","gid":"436333","time_insert":"2021-07-29 19:01"}
2024-01-07 00:37:34 查询号码 【1887453】，GSD为【"湖南-怀化"】

2024-01-07 01:07:28 开始第 7541 次操作

2024-01-07 01:07:28 开始操作号码 【1887454】
2024-01-07 01:07:31 GSD getOne 第 1 次 等待 3 秒
2024-01-07 01:07:34 查询号码 【1887454】，返回信息 {"status":"ok","msg":"湖南-怀化","gid":"436325","time_insert":"2021-07-29 19:00"}
2024-01-07 01:07:34 查询号码 【1887454】，GSD为【"湖南-怀化"】

2024-01-07 01:07:35 开始第 7542 次操作

2024-01-07 01:07:35 开始操作号码 【1887455】
2024-01-07 01:07:38 GSD getOne 第 1 次 等待 3 秒
2024-01-07 01:07:41 查询号码 【1887455】，返回信息 {"status":"ok","msg":"湖南-怀化","gid":"436315","time_insert":"2021-07-29 19:00"}
2024-01-07 01:07:41 查询号码 【1887455】，GSD为【"湖南-怀化"】

2024-01-07 01:07:42 开始第 7543 次操作

2024-01-07 01:07:42 开始操作号码 【1887456】
2024-01-07 01:07:45 GSD getOne 第 1 次 等待 3 秒
2024-01-07 01:07:48 查询号码 【1887456】，返回信息 {"status":"ok","msg":"湖南-怀化","gid":"436306","time_insert":"2021-07-29 18:59"}
2024-01-07 01:07:48 查询号码 【1887456】，GSD为【"湖南-怀化"】

2024-01-07 01:07:49 开始第 7544 次操作

2024-01-07 01:07:49 开始操作号码 【1887457】
2024-01-07 01:07:52 GSD getOne 第 1 次 等待 3 秒
2024-01-07 01:07:55 查询号码 【1887457】，返回信息 {"status":"ok","msg":"湖南-怀化","gid":"436296","time_insert":"2021-07-29 18:58"}
2024-01-07 01:07:55 查询号码 【1887457】，GSD为【"湖南-怀化"】

2024-01-07 01:33:00 开始第 7545 次操作

2024-01-07 01:33:00 开始操作号码 【1887458】
2024-01-07 01:33:03 GSD getOne 第 1 次 等待 3 秒
2024-01-07 01:33:06 查询号码 【1887458】，返回信息 {"status":"ok","msg":"湖南-怀化","gid":"44418","time_insert":"2018-01-03 13:33","time_update":"2020-09-23 23:08"}
2024-01-07 01:33:07 查询号码 【1887458】，GSD为【"湖南-怀化"】

2024-01-07 01:33:08 开始第 7546 次操作

2024-01-07 01:33:08 开始操作号码 【1887459】
2024-01-07 01:33:10 GSD getOne 第 1 次 等待 3 秒
2024-01-07 01:33:13 查询号码 【1887459】，返回信息 {"status":"ok","msg":"湖南-怀化","gid":"436287","time_insert":"2021-07-29 18:57"}
2024-01-07 01:33:13 查询号码 【1887459】，GSD为【"湖南-怀化"】

2024-01-07 01:33:14 开始第 7547 次操作

2024-01-07 01:33:14 开始操作号码 【1887460】
2024-01-07 01:33:18 GSD getOne 第 1 次 等待 3 秒
2024-01-07 01:33:21 查询号码 【1887460】，返回信息 {"status":"ok","msg":"湖南-永州","gid":"436276","time_insert":"2021-07-29 18:57"}
2024-01-07 01:33:21 查询号码 【1887460】，GSD为【"湖南-永州"】

2024-01-07 01:33:22 开始第 7548 次操作

2024-01-07 01:33:22 开始操作号码 【1887461】
2024-01-07 01:33:25 GSD getOne 第 1 次 等待 3 秒
2024-01-07 01:33:28 查询号码 【1887461】，返回信息 {"status":"ok","msg":"湖南-永州","gid":"436265","time_insert":"2021-07-29 18:56"}
2024-01-07 01:33:28 查询号码 【1887461】，GSD为【"湖南-永州"】

