2024-04-27 00:12:19 开始第 5897 次操作

2024-04-27 00:12:19 开始操作号码 【1665811】
2024-04-27 00:12:27 GSD getOne 第 1 次 等待 3 秒
2024-04-27 00:12:30 查询号码 【1665811】，返回信息 {"status":"ok","msg":"广东-广州","gid":"163043","time_insert":"2021-07-01 00:05"}
2024-04-27 00:12:30 查询号码 【1665811】，GSD为【"广东-广州"】

2024-04-27 00:12:31 开始第 5898 次操作

2024-04-27 00:12:31 开始操作号码 【1665812】
2024-04-27 00:12:58 GSD getOne 第 1 次 等待 3 秒
2024-04-27 00:13:01 查询号码 【1665812】，返回信息 {"status":"ok","msg":"广东-广州","gid":"163048","time_insert":"2021-07-01 00:05"}
2024-04-27 00:13:01 查询号码 【1665812】，GSD为【"广东-广州"】

2024-04-27 00:13:02 开始第 5899 次操作

2024-04-27 00:13:02 开始操作号码 【1665813】
2024-04-27 00:13:18 GSD getOne 第 1 次 等待 3 秒
2024-04-27 00:13:21 查询号码 【1665813】，返回信息 {"status":"ok","msg":"广东-广州","gid":"163053","time_insert":"2021-07-01 00:06"}
2024-04-27 00:13:21 查询号码 【1665813】，GSD为【"广东-广州"】

2024-04-27 00:13:22 开始第 5900 次操作

2024-04-27 00:13:22 开始操作号码 【1665814】
2024-04-27 00:13:47 GSD getOne 第 1 次 等待 3 秒
2024-04-27 00:13:50 查询号码 【1665814】，返回信息 {"status":"ok","msg":"广东-广州","gid":"163056","time_insert":"2021-07-01 00:06"}
2024-04-27 00:13:50 查询号码 【1665814】，GSD为【"广东-广州"】

2024-04-27 00:36:23 开始第 5901 次操作

2024-04-27 00:36:23 开始操作号码 【1665815】
2024-04-27 00:36:33 GSD getOne 第 1 次 等待 3 秒
2024-04-27 00:36:36 查询号码 【1665815】，返回信息 {"status":"ok","msg":"广东-广州","gid":"163060","time_insert":"2021-07-01 00:07"}
2024-04-27 00:36:36 查询号码 【1665815】，GSD为【"广东-广州"】

2024-04-27 00:36:37 开始第 5902 次操作

2024-04-27 00:36:37 开始操作号码 【1665816】
2024-04-27 00:36:42 GSD getOne 第 1 次 等待 3 秒
2024-04-27 00:36:45 查询号码 【1665816】，返回信息 {"status":"ok","msg":"广东-广州","gid":"163064","time_insert":"2021-07-01 00:07"}
2024-04-27 00:36:45 查询号码 【1665816】，GSD为【"广东-广州"】

2024-04-27 00:36:46 开始第 5903 次操作

2024-04-27 00:36:46 开始操作号码 【1665817】
2024-04-27 00:36:51 GSD getOne 第 1 次 等待 3 秒
2024-04-27 00:36:54 查询号码 【1665817】，返回信息 {"status":"ok","msg":"广东-广州","gid":"163066","time_insert":"2021-07-01 00:08"}
2024-04-27 00:36:54 查询号码 【1665817】，GSD为【"广东-广州"】

2024-04-27 00:36:55 开始第 5904 次操作

2024-04-27 00:36:55 开始操作号码 【1665818】
2024-04-27 00:37:10 GSD getOne 第 1 次 等待 3 秒
2024-04-27 00:37:13 查询号码 【1665818】，返回信息 {"status":"ok","msg":"广东-广州","gid":"163070","time_insert":"2021-07-01 00:08"}
2024-04-27 00:37:13 查询号码 【1665818】，GSD为【"广东-广州"】

