2024-03-05 00:12:13 开始第 7273 次操作

2024-03-05 00:12:13 开始操作号码 【1777186】
2024-03-05 00:12:17 GSD getOne 第 1 次 等待 3 秒
2024-03-05 00:12:20 查询号码 【1777186】，返回信息 {"status":"ok","msg":"湖北-武汉","gid":"232008","time_insert":"2021-07-09 15:43"}
2024-03-05 00:12:20 查询号码 【1777186】，GSD为【"湖北-武汉"】

2024-03-05 00:12:21 开始第 7274 次操作

2024-03-05 00:12:21 开始操作号码 【1777187】
2024-03-05 00:12:26 GSD getOne 第 1 次 等待 3 秒
2024-03-05 00:12:29 查询号码 【1777187】，返回信息 {"status":"ok","msg":"湖北-武汉","gid":"232001","time_insert":"2021-07-09 15:43"}
2024-03-05 00:12:29 查询号码 【1777187】，GSD为【"湖北-武汉"】

2024-03-05 00:12:30 开始第 7275 次操作

2024-03-05 00:12:30 开始操作号码 【1777188】
2024-03-05 00:12:34 GSD getOne 第 1 次 等待 3 秒
2024-03-05 00:12:37 查询号码 【1777188】，返回信息 {"status":"ok","msg":"湖北-武汉","gid":"30987","time_insert":"2017-08-25 08:52","time_update":"2020-09-18 14:49"}
2024-03-05 00:12:37 查询号码 【1777188】，GSD为【"湖北-武汉"】

2024-03-05 00:12:38 开始第 7276 次操作

2024-03-05 00:12:38 开始操作号码 【1777189】
2024-03-05 00:12:43 GSD getOne 第 1 次 等待 3 秒
2024-03-05 00:12:46 查询号码 【1777189】，返回信息 {"status":"ok","msg":"湖北-武汉","gid":"231992","time_insert":"2021-07-09 15:42"}
2024-03-05 00:12:46 查询号码 【1777189】，GSD为【"湖北-武汉"】

