2021-07-16 01:02:39 开始第 1 次操作

2021-07-16 01:02:39 开始操作号码 【1831415】
2021-07-16 01:02:42 GSD getOne 第 1 次 等待 3 秒
2021-07-16 01:02:45 查询号码 【1831415】，返回信息 {"status":"ok","msg":"云南-昆明","gid":"37268","time_insert":"2018-09-06 17:43","time_update":"2020-12-05 08:59"}
2021-07-16 01:02:45 查询号码 【1831415】，GSD为【"云南-昆明"】

2021-07-16 01:02:45 开始第 1 次操作

2021-07-16 01:02:45 开始操作号码 【1831416】
2021-07-16 01:02:47 GSD getOne 第 1 次 等待 3 秒
2021-07-16 01:02:50 查询号码 【1831416】，返回信息 {"status":"bad","msg":""}
2021-07-16 01:02:50 查询号码 【1831416】，GSD为【""】
2021-07-16 01:02:50 bad
2021-07-16 01:02:50 CHB 1831416?1626368570 第 1 次 等待 3 秒
2021-07-16 01:02:53 CHB 1831416?1626368570 第 1 次 未获取到 等待 19 秒 下次操作: 2021-07-16 01:03:12
2021-07-16 01:03:13 CHB 1831416?1626368592 第 2 次 等待 3 秒
2021-07-16 01:03:16 CHB 1831416?1626368592 第 2 次 未获取到 等待 17 秒 下次操作: 2021-07-16 01:03:33
2021-07-16 01:03:34 CHB 1831416?1626368613 第 3 次 等待 3 秒
2021-07-16 01:03:37 CHB 1831416?1626368613 第 3 次 跳过号码【1831416】
2021-07-16 01:03:37 未获取到号码【1831416】源码
2021-07-16 01:03:37 获取到号码【1831416】的GSD为【-】
2021-07-16 01:03:41 GSD insert 第 1 次 等待 3 秒
2021-07-16 01:03:44 {"status":"ok","gid":288621,"msg":"添加成功！"}
2021-07-16 01:03:44 下次操作: 2021-07-16 01:03:57

2021-07-16 01:03:57 开始第 2 次操作

2021-07-16 01:03:57 开始操作号码 【1831417】
2021-07-16 01:04:02 GSD getOne 第 1 次 等待 3 秒
2021-07-16 01:04:05 查询号码 【1831417】，返回信息 {"status":"bad","msg":""}
2021-07-16 01:04:05 查询号码 【1831417】，GSD为【""】
2021-07-16 01:04:05 bad
2021-07-16 01:04:06 CHB 1831417?1626368646 第 1 次 等待 3 秒
2021-07-16 01:04:09 CHB 1831417?1626368646 第 1 次 未获取到 等待 24 秒 下次操作: 2021-07-16 01:04:33
2021-07-16 01:04:34 CHB 1831417?1626368673 第 2 次 等待 3 秒
2021-07-16 01:04:37 CHB 1831417?1626368673 第 2 次 未获取到 等待 22 秒 下次操作: 2021-07-16 01:04:59
2021-07-16 01:05:00 CHB 1831417?1626368699 第 3 次 等待 3 秒
2021-07-16 01:05:03 CHB 1831417?1626368699 第 3 次 跳过号码【1831417】
2021-07-16 01:05:03 未获取到号码【1831417】源码
2021-07-16 01:05:03 获取到号码【1831417】的GSD为【-】
2021-07-16 01:05:06 GSD insert 第 1 次 等待 3 秒
2021-07-16 01:05:09 {"status":"ok","gid":288641,"msg":"添加成功！"}
2021-07-16 01:05:09 下次操作: 2021-07-16 01:05:24

2021-07-16 01:05:24 开始第 3 次操作

2021-07-16 01:05:24 开始操作号码 【1831418】
2021-07-16 01:05:30 GSD getOne 第 1 次 等待 3 秒
2021-07-16 01:05:33 查询号码 【1831418】，返回信息 {"status":"ok","msg":"云南-临沧","gid":"37269","time_insert":"2017-08-04 00:30","time_update":"2020-12-05 09:04"}
2021-07-16 01:05:33 查询号码 【1831418】，GSD为【"云南-临沧"】

2021-07-16 01:05:33 开始第 3 次操作

2021-07-16 01:05:33 开始操作号码 【1831419】
2021-07-16 01:05:36 GSD getOne 第 1 次 等待 3 秒
2021-07-16 01:05:39 查询号码 【1831419】，返回信息 {"status":"ok","msg":"云南-临沧","gid":"37270","time_insert":"2019-01-26 19:29","time_update":"2020-12-05 09:08"}
2021-07-16 01:05:39 查询号码 【1831419】，GSD为【"云南-临沧"】

2021-07-16 01:05:39 开始第 3 次操作

2021-07-16 01:05:39 开始操作号码 【1831420】
2021-07-16 01:05:42 GSD getOne 第 1 次 等待 3 秒
2021-07-16 01:05:45 查询号码 【1831420】，返回信息 {"status":"ok","msg":"云南-普洱","gid":"37271","time_insert":"2017-07-09 01:37","time_update":"2020-12-05 09:13"}
2021-07-16 01:05:45 查询号码 【1831420】，GSD为【"云南-普洱"】

2021-07-16 01:05:45 开始第 3 次操作

2021-07-16 01:05:45 开始操作号码 【1831421】
2021-07-16 01:05:49 GSD getOne 第 1 次 等待 3 秒
2021-07-16 01:05:52 查询号码 【1831421】，返回信息 {"status":"ok","msg":"云南-普洱","gid":"37272","time_insert":"2020-08-05 10:38","time_update":"2020-12-05 09:16"}
2021-07-16 01:05:52 查询号码 【1831421】，GSD为【"云南-普洱"】

2021-07-16 01:05:52 开始第 3 次操作

2021-07-16 01:05:52 开始操作号码 【1831422】
2021-07-16 01:06:03 GSD getOne 第 1 次 等待 3 秒
2021-07-16 01:06:06 查询号码 【1831422】，返回信息 {"status":"bad","msg":""}
2021-07-16 01:06:06 查询号码 【1831422】，GSD为【""】
2021-07-16 01:06:06 bad
2021-07-16 01:06:07 CHB 1831422?1626368766 第 1 次 等待 3 秒
2021-07-16 01:06:10 CHB 1831422?1626368766 第 1 次 未获取到 等待 22 秒 下次操作: 2021-07-16 01:06:32
2021-07-16 01:06:33 CHB 1831422?1626368792 第 2 次 等待 3 秒
2021-07-16 01:06:36 CHB 1831422?1626368792 第 2 次 未获取到 等待 22 秒 下次操作: 2021-07-16 01:06:58
2021-07-16 01:06:59 CHB 1831422?1626368818 第 3 次 等待 3 秒
2021-07-16 01:07:02 CHB 1831422?1626368818 第 3 次 跳过号码【1831422】
2021-07-16 01:07:02 未获取到号码【1831422】源码
2021-07-16 01:07:02 获取到号码【1831422】的GSD为【-】
2021-07-16 01:07:10 GSD insert 第 1 次 等待 3 秒
2021-07-16 01:07:13 {"status":"ok","gid":288664,"msg":"添加成功！"}
2021-07-16 01:07:13 下次操作: 2021-07-16 01:07:33

2021-07-16 01:07:33 开始第 4 次操作

2021-07-16 01:07:33 开始操作号码 【1831423】
2021-07-16 01:07:38 GSD getOne 第 1 次 等待 3 秒
2021-07-16 01:07:41 查询号码 【1831423】，返回信息 {"status":"bad","msg":""}
2021-07-16 01:07:41 查询号码 【1831423】，GSD为【""】
2021-07-16 01:07:41 bad
2021-07-16 01:07:41 CHB 1831423?1626368861 第 1 次 等待 3 秒
2021-07-16 01:07:44 CHB 1831423?1626368861 第 1 次 未获取到 等待 17 秒 下次操作: 2021-07-16 01:08:01
2021-07-16 01:08:02 CHB 1831423?1626368881 第 2 次 等待 3 秒
2021-07-16 01:08:05 CHB 1831423?1626368881 第 2 次 未获取到 等待 24 秒 下次操作: 2021-07-16 01:08:29
2021-07-16 01:08:30 CHB 1831423?1626368909 第 3 次 等待 3 秒
2021-07-16 01:08:33 CHB 1831423?1626368909 第 3 次 跳过号码【1831423】
2021-07-16 01:08:33 未获取到号码【1831423】源码
2021-07-16 01:08:33 获取到号码【1831423】的GSD为【-】
2021-07-16 01:08:41 GSD insert 第 1 次 等待 3 秒
2021-07-16 01:08:44 {"status":"ok","gid":288681,"msg":"添加成功！"}
2021-07-16 01:08:44 下次操作: 2021-07-16 01:08:58

2021-07-16 01:08:58 开始第 5 次操作

2021-07-16 01:08:58 开始操作号码 【1831424】
2021-07-16 01:09:02 GSD getOne 第 1 次 等待 3 秒
2021-07-16 01:09:05 查询号码 【1831424】，返回信息 {"status":"bad","msg":""}
2021-07-16 01:09:05 查询号码 【1831424】，GSD为【""】
2021-07-16 01:09:05 bad
2021-07-16 01:09:05 CHB 1831424?1626368945 第 1 次 等待 3 秒
2021-07-16 01:09:08 CHB 1831424?1626368945 第 1 次 未获取到 等待 21 秒 下次操作: 2021-07-16 01:09:29
2021-07-16 01:09:30 CHB 1831424?1626368969 第 2 次 等待 3 秒
2021-07-16 01:09:33 CHB 1831424?1626368969 第 2 次 未获取到 等待 22 秒 下次操作: 2021-07-16 01:09:55
2021-07-16 01:09:56 CHB 1831424?1626368995 第 3 次 等待 3 秒
2021-07-16 01:09:59 CHB 1831424?1626368995 第 3 次 跳过号码【1831424】
2021-07-16 01:09:59 未获取到号码【1831424】源码
2021-07-16 01:09:59 获取到号码【1831424】的GSD为【-】
2021-07-16 01:10:02 GSD insert 第 1 次 等待 3 秒
2021-07-16 01:10:05 {"status":"ok","gid":288698,"msg":"添加成功！"}
2021-07-16 01:10:05 下次操作: 2021-07-16 01:10:20

2021-07-16 01:10:20 开始第 6 次操作

2021-07-16 01:10:20 开始操作号码 【1831425】
2021-07-16 01:10:28 GSD getOne 第 1 次 等待 3 秒
2021-07-16 01:10:31 查询号码 【1831425】，返回信息 {"status":"ok","msg":"云南-大理","gid":"37273","time_insert":"2016-10-06 14:54","time_update":"2020-12-05 09:20"}
2021-07-16 01:10:31 查询号码 【1831425】，GSD为【"云南-大理"】

2021-07-16 01:10:31 开始第 6 次操作

2021-07-16 01:10:31 开始操作号码 【1831426】
2021-07-16 01:10:36 GSD getOne 第 1 次 等待 3 秒
2021-07-16 01:10:39 查询号码 【1831426】，返回信息 {"status":"ok","msg":"云南-大理","gid":"37274","time_insert":"2019-11-24 16:13","time_update":"2020-12-05 09:23"}
2021-07-16 01:10:39 查询号码 【1831426】，GSD为【"云南-大理"】

2021-07-16 01:10:39 开始第 6 次操作

2021-07-16 01:10:39 开始操作号码 【1831427】
2021-07-16 01:10:43 GSD getOne 第 1 次 等待 3 秒
2021-07-16 01:10:46 查询号码 【1831427】，返回信息 {"status":"ok","msg":"云南-大理","gid":"37275","time_insert":"2017-06-28 14:44","time_update":"2020-12-05 09:28"}
2021-07-16 01:10:46 查询号码 【1831427】，GSD为【"云南-大理"】

2021-07-16 01:10:46 开始第 6 次操作

2021-07-16 01:10:46 开始操作号码 【1831428】
2021-07-16 01:15:47 GSD getOne 第 1 次 等待 3 秒
2021-07-16 01:15:53 GSD getOne 第 2 次 等待 3 秒
2021-07-16 01:15:56 查询号码 【1831428】，返回信息 {"status":"ok","msg":"云南-大理","gid":"37276","time_insert":"2017-05-05 22:38","time_update":"2020-12-05 09:33"}
2021-07-16 01:15:56 查询号码 【1831428】，GSD为【"云南-大理"】

2021-07-16 01:15:56 开始第 6 次操作

2021-07-16 01:15:56 开始操作号码 【1831429】
2021-07-16 01:16:04 GSD getOne 第 1 次 等待 3 秒
2021-07-16 01:16:07 查询号码 【1831429】，返回信息 {"status":"ok","msg":"云南-大理","gid":"37277","time_insert":"2017-06-19 16:20","time_update":"2020-12-05 09:37"}
2021-07-16 01:16:07 查询号码 【1831429】，GSD为【"云南-大理"】

2021-07-16 01:16:07 开始第 6 次操作

2021-07-16 01:16:07 开始操作号码 【1831430】
2021-07-16 01:16:10 GSD getOne 第 1 次 等待 3 秒
2021-07-16 01:16:13 查询号码 【1831430】，返回信息 {"status":"ok","msg":"云南-昆明","gid":"37278","time_insert":"2018-06-01 01:15","time_update":"2020-12-05 09:40"}
2021-07-16 01:16:13 查询号码 【1831430】，GSD为【"云南-昆明"】

2021-07-16 01:16:13 开始第 6 次操作

2021-07-16 01:16:13 开始操作号码 【1831431】
2021-07-16 01:16:20 GSD getOne 第 1 次 等待 3 秒
2021-07-16 01:16:23 查询号码 【1831431】，返回信息 {"status":"ok","msg":"云南-昆明","gid":"37279","time_insert":"2017-04-24 10:20","time_update":"2020-12-05 09:43"}
2021-07-16 01:16:23 查询号码 【1831431】，GSD为【"云南-昆明"】

2021-07-16 01:16:23 开始第 6 次操作

2021-07-16 01:16:23 开始操作号码 【1831432】
2021-07-16 01:16:26 GSD getOne 第 1 次 等待 3 秒
2021-07-16 01:16:29 查询号码 【1831432】，返回信息 {"status":"ok","msg":"云南-昆明","gid":"37280","time_insert":"2017-11-03 14:09","time_update":"2020-12-05 09:44"}
2021-07-16 01:16:29 查询号码 【1831432】，GSD为【"云南-昆明"】

2021-07-16 01:16:29 开始第 6 次操作

2021-07-16 01:16:29 开始操作号码 【1831433】
2021-07-16 01:16:32 GSD getOne 第 1 次 等待 3 秒
2021-07-16 01:16:35 查询号码 【1831433】，返回信息 {"status":"bad","msg":""}
2021-07-16 01:16:35 查询号码 【1831433】，GSD为【""】
2021-07-16 01:16:35 bad
2021-07-16 01:16:36 CHB 1831433?1626369395 第 1 次 等待 3 秒
2021-07-16 01:16:39 CHB 1831433?1626369395 第 1 次 未获取到 等待 15 秒 下次操作: 2021-07-16 01:16:54
2021-07-16 01:16:55 CHB 1831433?1626369414 第 2 次 等待 3 秒
2021-07-16 01:16:58 CHB 1831433?1626369414 第 2 次 未获取到 等待 19 秒 下次操作: 2021-07-16 01:17:17
2021-07-16 01:17:18 CHB 1831433?1626369437 第 3 次 等待 3 秒
2021-07-16 01:17:21 CHB 1831433?1626369437 第 3 次 跳过号码【1831433】
2021-07-16 01:17:21 未获取到号码【1831433】源码
2021-07-16 01:17:21 获取到号码【1831433】的GSD为【-】
2021-07-16 01:17:23 GSD insert 第 1 次 等待 3 秒
2021-07-16 01:17:26 {"status":"ok","gid":288781,"msg":"添加成功！"}
2021-07-16 01:17:26 下次操作: 2021-07-16 01:17:41

2021-07-16 01:17:41 开始第 7 次操作

2021-07-16 01:17:41 开始操作号码 【1831434】
2021-07-16 01:17:44 GSD getOne 第 1 次 等待 3 秒
2021-07-16 01:17:47 查询号码 【1831434】，返回信息 {"status":"bad","msg":""}
2021-07-16 01:17:48 查询号码 【1831434】，GSD为【""】
2021-07-16 01:17:48 bad
2021-07-16 01:17:48 CHB 1831434?1626369468 第 1 次 等待 3 秒
2021-07-16 01:17:51 CHB 1831434?1626369468 第 1 次 未获取到 等待 15 秒 下次操作: 2021-07-16 01:18:06
2021-07-16 01:18:07 CHB 1831434?1626369486 第 2 次 等待 3 秒
2021-07-16 01:18:10 CHB 1831434?1626369486 第 2 次 未获取到 等待 21 秒 下次操作: 2021-07-16 01:18:31
2021-07-16 01:18:32 CHB 1831434?1626369511 第 3 次 等待 3 秒
2021-07-16 01:18:35 CHB 1831434?1626369511 第 3 次 跳过号码【1831434】
2021-07-16 01:18:35 未获取到号码【1831434】源码
2021-07-16 01:18:35 获取到号码【1831434】的GSD为【-】
2021-07-16 01:18:39 GSD insert 第 1 次 等待 3 秒
2021-07-16 01:18:42 {"status":"ok","gid":288793,"msg":"添加成功！"}
2021-07-16 01:18:42 下次操作: 2021-07-16 01:18:57

2021-07-16 01:18:57 开始第 8 次操作

2021-07-16 01:18:57 开始操作号码 【1831435】
2021-07-16 01:19:02 GSD getOne 第 1 次 等待 3 秒
2021-07-16 01:19:05 查询号码 【1831435】，返回信息 {"status":"bad","msg":""}
2021-07-16 01:19:05 查询号码 【1831435】，GSD为【""】
2021-07-16 01:19:05 bad
2021-07-16 01:19:06 CHB 1831435?1626369545 第 1 次 等待 3 秒
2021-07-16 01:19:09 CHB 1831435?1626369545 第 1 次 未获取到 等待 22 秒 下次操作: 2021-07-16 01:19:31
2021-07-16 01:19:32 CHB 1831435?1626369571 第 2 次 等待 3 秒
2021-07-16 01:19:35 CHB 1831435?1626369571 第 2 次 未获取到 等待 20 秒 下次操作: 2021-07-16 01:19:55
2021-07-16 01:19:55 CHB 1831435?1626369595 第 3 次 等待 3 秒
2021-07-16 01:19:58 CHB 1831435?1626369595 第 3 次 跳过号码【1831435】
2021-07-16 01:19:58 未获取到号码【1831435】源码
2021-07-16 01:19:58 获取到号码【1831435】的GSD为【-】
2021-07-16 01:20:04 GSD insert 第 1 次 等待 3 秒
2021-07-16 01:20:07 {"status":"ok","gid":288810,"msg":"添加成功！"}
2021-07-16 01:20:07 下次操作: 2021-07-16 01:20:20

2021-07-16 01:20:20 开始第 9 次操作

2021-07-16 01:20:20 开始操作号码 【1831436】
2021-07-16 01:20:26 GSD getOne 第 1 次 等待 3 秒
2021-07-16 01:20:29 查询号码 【1831436】，返回信息 {"status":"ok","msg":"云南-昆明","gid":"37281","time_insert":"2019-03-29 09:26","time_update":"2020-12-05 09:48"}
2021-07-16 01:20:29 查询号码 【1831436】，GSD为【"云南-昆明"】

2021-07-16 01:20:29 开始第 9 次操作

2021-07-16 01:20:29 开始操作号码 【1831437】
2021-07-16 01:20:32 GSD getOne 第 1 次 等待 3 秒
2021-07-16 01:20:35 查询号码 【1831437】，返回信息 {"status":"bad","msg":""}
2021-07-16 01:20:35 查询号码 【1831437】，GSD为【""】
2021-07-16 01:20:35 bad
2021-07-16 01:20:36 CHB 1831437?1626369635 第 1 次 等待 3 秒
2021-07-16 01:20:39 CHB 1831437?1626369635 第 1 次 未获取到 等待 22 秒 下次操作: 2021-07-16 01:21:01
2021-07-16 01:21:02 CHB 1831437?1626369661 第 2 次 等待 3 秒
2021-07-16 01:21:05 CHB 1831437?1626369661 第 2 次 未获取到 等待 14 秒 下次操作: 2021-07-16 01:21:19
2021-07-16 01:21:19 CHB 1831437?1626369679 第 3 次 等待 3 秒
2021-07-16 01:21:22 CHB 1831437?1626369679 第 3 次 跳过号码【1831437】
2021-07-16 01:21:22 未获取到号码【1831437】源码
2021-07-16 01:21:22 获取到号码【1831437】的GSD为【-】
2021-07-16 01:21:28 GSD insert 第 1 次 等待 3 秒
2021-07-16 01:21:31 {"status":"ok","gid":288826,"msg":"添加成功！"}
2021-07-16 01:21:31 下次操作: 2021-07-16 01:21:44

2021-07-16 01:21:44 开始第 10 次操作

2021-07-16 01:21:44 开始操作号码 【1831438】
2021-07-16 01:21:47 GSD getOne 第 1 次 等待 3 秒
2021-07-16 01:21:50 查询号码 【1831438】，返回信息 {"status":"ok","msg":"云南-昆明","gid":"37282","time_insert":"2016-12-23 13:46","time_update":"2020-12-05 09:52"}
2021-07-16 01:21:51 查询号码 【1831438】，GSD为【"云南-昆明"】

2021-07-16 01:21:51 开始第 10 次操作

2021-07-16 01:21:51 开始操作号码 【1831439】
2021-07-16 01:21:56 GSD getOne 第 1 次 等待 3 秒
2021-07-16 01:21:59 查询号码 【1831439】，返回信息 {"status":"ok","msg":"云南-昆明","gid":"37283","time_insert":"2017-08-25 23:08","time_update":"2020-12-05 09:56"}
2021-07-16 01:22:00 查询号码 【1831439】，GSD为【"云南-昆明"】

2021-07-16 01:22:00 开始第 10 次操作

2021-07-16 01:22:00 开始操作号码 【1831440】
2021-07-16 01:22:02 GSD getOne 第 1 次 等待 3 秒
2021-07-16 01:22:05 查询号码 【1831440】，返回信息 {"status":"ok","msg":"云南-昆明","gid":"37284","time_insert":"2015-03-27 18:37","time_update":"2020-12-05 10:00"}
2021-07-16 01:22:06 查询号码 【1831440】，GSD为【"云南-昆明"】

2021-07-16 01:22:06 开始第 10 次操作

2021-07-16 01:22:06 开始操作号码 【1831441】
2021-07-16 01:22:09 GSD getOne 第 1 次 等待 3 秒
2021-07-16 01:22:12 查询号码 【1831441】，返回信息 {"status":"bad","msg":""}
2021-07-16 01:22:12 查询号码 【1831441】，GSD为【""】
2021-07-16 01:22:12 bad
2021-07-16 01:22:13 CHB 1831441?1626369732 第 1 次 等待 3 秒
2021-07-16 01:22:16 CHB 1831441?1626369732 第 1 次 未获取到 等待 15 秒 下次操作: 2021-07-16 01:22:31
2021-07-16 01:22:31 CHB 1831441?1626369751 第 2 次 等待 3 秒
2021-07-16 01:22:34 CHB 1831441?1626369751 第 2 次 未获取到 等待 22 秒 下次操作: 2021-07-16 01:22:56
2021-07-16 01:22:57 CHB 1831441?1626369776 第 3 次 等待 3 秒
2021-07-16 01:23:00 CHB 1831441?1626369776 第 3 次 跳过号码【1831441】
2021-07-16 01:23:00 未获取到号码【1831441】源码
2021-07-16 01:23:00 获取到号码【1831441】的GSD为【-】
2021-07-16 01:23:09 GSD insert 第 1 次 等待 3 秒
2021-07-16 01:23:12 {"status":"ok","gid":288846,"msg":"添加成功！"}
2021-07-16 01:23:12 下次操作: 2021-07-16 01:23:32

2021-07-16 01:23:32 开始第 11 次操作

2021-07-16 01:23:32 开始操作号码 【1831442】
2021-07-16 01:23:35 GSD getOne 第 1 次 等待 3 秒
2021-07-16 01:23:38 查询号码 【1831442】，返回信息 {"status":"ok","msg":"云南-昆明","gid":"37285","time_insert":"2017-10-14 21:02","time_update":"2020-12-05 10:04"}
2021-07-16 01:23:38 查询号码 【1831442】，GSD为【"云南-昆明"】

2021-07-16 01:23:38 开始第 11 次操作

2021-07-16 01:23:38 开始操作号码 【1831443】
2021-07-16 01:23:46 GSD getOne 第 1 次 等待 3 秒
2021-07-16 01:23:50 查询号码 【1831443】，返回信息 {"status":"ok","msg":"云南-昆明","gid":"37286","time_insert":"2017-10-19 13:26","time_update":"2020-12-05 10:09"}
2021-07-16 01:23:50 查询号码 【1831443】，GSD为【"云南-昆明"】

2021-07-16 01:23:50 开始第 11 次操作

2021-07-16 01:23:50 开始操作号码 【1831444】
2021-07-16 01:23:52 GSD getOne 第 1 次 等待 3 秒
2021-07-16 01:23:55 查询号码 【1831444】，返回信息 {"status":"ok","msg":"云南-昆明","gid":"37287","time_insert":"2017-11-08 22:30","time_update":"2020-12-05 10:13"}
2021-07-16 01:23:55 查询号码 【1831444】，GSD为【"云南-昆明"】

2021-07-16 01:23:55 开始第 11 次操作

2021-07-16 01:23:55 开始操作号码 【1831445】
2021-07-16 01:24:01 GSD getOne 第 1 次 等待 3 秒
2021-07-16 01:24:04 查询号码 【1831445】，返回信息 {"status":"ok","msg":"云南-昆明","gid":"37288","time_insert":"2019-08-08 15:18","time_update":"2020-12-05 10:18"}
2021-07-16 01:24:04 查询号码 【1831445】，GSD为【"云南-昆明"】

2021-07-16 01:24:04 开始第 11 次操作

2021-07-16 01:24:04 开始操作号码 【1831446】
2021-07-16 01:24:07 GSD getOne 第 1 次 等待 3 秒
2021-07-16 01:24:10 查询号码 【1831446】，返回信息 {"status":"ok","msg":"云南-昆明","gid":"37289","time_insert":"2018-04-20 07:46","time_update":"2020-12-05 10:22"}
2021-07-16 01:24:10 查询号码 【1831446】，GSD为【"云南-昆明"】

2021-07-16 01:24:10 开始第 11 次操作

2021-07-16 01:24:10 开始操作号码 【1831447】
2021-07-16 01:24:13 GSD getOne 第 1 次 等待 3 秒
2021-07-16 01:24:16 查询号码 【1831447】，返回信息 {"status":"ok","msg":"云南-昆明","gid":"37290","time_insert":"2017-07-20 17:47","time_update":"2020-12-05 10:25"}
2021-07-16 01:24:16 查询号码 【1831447】，GSD为【"云南-昆明"】

2021-07-16 01:24:16 开始第 11 次操作

2021-07-16 01:24:16 开始操作号码 【1831448】
2021-07-16 01:24:25 GSD getOne 第 1 次 等待 3 秒
2021-07-16 01:24:28 查询号码 【1831448】，返回信息 {"status":"ok","msg":"云南-昆明","gid":"37291","time_insert":"2017-04-13 15:28","time_update":"2020-12-05 10:28"}
2021-07-16 01:24:28 查询号码 【1831448】，GSD为【"云南-昆明"】

2021-07-16 01:24:28 开始第 11 次操作

2021-07-16 01:24:28 开始操作号码 【1831449】
2021-07-16 01:24:31 GSD getOne 第 1 次 等待 3 秒
2021-07-16 01:24:34 查询号码 【1831449】，返回信息 {"status":"bad","msg":""}
2021-07-16 01:24:34 查询号码 【1831449】，GSD为【""】
2021-07-16 01:24:34 bad
2021-07-16 01:24:35 CHB 1831449?1626369874 第 1 次 等待 3 秒
2021-07-16 01:24:38 CHB 1831449?1626369874 第 1 次 未获取到 等待 24 秒 下次操作: 2021-07-16 01:25:02
2021-07-16 01:25:02 CHB 1831449?1626369902 第 2 次 等待 3 秒
2021-07-16 01:25:05 CHB 1831449?1626369902 第 2 次 未获取到 等待 23 秒 下次操作: 2021-07-16 01:25:28
2021-07-16 01:25:29 CHB 1831449?1626369928 第 3 次 等待 3 秒
2021-07-16 01:25:32 CHB 1831449?1626369928 第 3 次 跳过号码【1831449】
2021-07-16 01:25:32 未获取到号码【1831449】源码
2021-07-16 01:25:32 获取到号码【1831449】的GSD为【-】
2021-07-16 01:25:35 GSD insert 第 1 次 等待 3 秒
2021-07-16 01:25:38 {"status":"ok","gid":288876,"msg":"添加成功！"}
2021-07-16 01:25:38 下次操作: 2021-07-16 01:26:00

2021-07-16 01:26:00 开始第 12 次操作

2021-07-16 01:26:00 开始操作号码 【1831450】
2021-07-16 01:26:04 GSD getOne 第 1 次 等待 3 秒
2021-07-16 01:26:07 查询号码 【1831450】，返回信息 {"status":"ok","msg":"云南-昆明","gid":"37292","time_insert":"2017-08-13 15:05","time_update":"2020-12-05 10:33"}
2021-07-16 01:26:07 查询号码 【1831450】，GSD为【"云南-昆明"】

2021-07-16 01:26:07 开始第 12 次操作

2021-07-16 01:26:07 开始操作号码 【1831451】
2021-07-16 01:26:10 GSD getOne 第 1 次 等待 3 秒
2021-07-16 01:26:13 查询号码 【1831451】，返回信息 {"status":"ok","msg":"云南-昆明","gid":"37293","time_insert":"2018-06-21 21:54","time_update":"2020-12-05 10:37"}
2021-07-16 01:26:13 查询号码 【1831451】，GSD为【"云南-昆明"】

2021-07-16 01:26:13 开始第 12 次操作

2021-07-16 01:26:13 开始操作号码 【1831452】
2021-07-16 01:26:16 GSD getOne 第 1 次 等待 3 秒
2021-07-16 01:26:19 查询号码 【1831452】，返回信息 {"status":"ok","msg":"云南-昆明","gid":"37294","time_insert":"2017-08-05 03:59","time_update":"2020-12-05 10:42"}
2021-07-16 01:26:19 查询号码 【1831452】，GSD为【"云南-昆明"】

2021-07-16 01:26:19 开始第 12 次操作

2021-07-16 01:26:19 开始操作号码 【1831453】
2021-07-16 01:26:26 GSD getOne 第 1 次 等待 3 秒
2021-07-16 01:26:29 查询号码 【1831453】，返回信息 {"status":"ok","msg":"云南-昆明","gid":"37295","time_insert":"2016-10-07 14:56","time_update":"2020-12-05 10:42"}
2021-07-16 01:26:29 查询号码 【1831453】，GSD为【"云南-昆明"】

2021-07-16 01:26:29 开始第 12 次操作

2021-07-16 01:26:29 开始操作号码 【1831454】
2021-07-16 01:26:33 GSD getOne 第 1 次 等待 3 秒
2021-07-16 01:26:36 查询号码 【1831454】，返回信息 {"status":"ok","msg":"云南-昆明","gid":"37296","time_insert":"2017-08-05 22:07","time_update":"2020-12-05 10:47"}
2021-07-16 01:26:36 查询号码 【1831454】，GSD为【"云南-昆明"】

2021-07-16 01:26:36 开始第 12 次操作

2021-07-16 01:26:36 开始操作号码 【1831455】
2021-07-16 01:26:39 GSD getOne 第 1 次 等待 3 秒
2021-07-16 01:26:42 查询号码 【1831455】，返回信息 {"status":"bad","msg":""}
2021-07-16 01:26:42 查询号码 【1831455】，GSD为【""】
2021-07-16 01:26:42 bad
2021-07-16 01:26:43 CHB 1831455?1626370002 第 1 次 等待 3 秒
2021-07-16 01:26:46 CHB 1831455?1626370002 第 1 次 未获取到 等待 13 秒 下次操作: 2021-07-16 01:26:59
2021-07-16 01:27:00 CHB 1831455?1626370019 第 2 次 等待 3 秒
2021-07-16 01:27:03 CHB 1831455?1626370019 第 2 次 未获取到 等待 16 秒 下次操作: 2021-07-16 01:27:19
2021-07-16 01:27:19 CHB 1831455?1626370039 第 3 次 等待 3 秒
2021-07-16 01:27:23 CHB 1831455?1626370039 第 3 次 跳过号码【1831455】
2021-07-16 01:27:23 未获取到号码【1831455】源码
2021-07-16 01:27:23 获取到号码【1831455】的GSD为【-】
2021-07-16 01:27:26 GSD insert 第 1 次 等待 3 秒
2021-07-16 01:27:29 {"status":"ok","gid":288901,"msg":"添加成功！"}
2021-07-16 01:27:29 下次操作: 2021-07-16 01:27:43

2021-07-16 01:27:43 开始第 13 次操作

2021-07-16 01:27:43 开始操作号码 【1831456】
2021-07-16 01:27:47 GSD getOne 第 1 次 等待 3 秒
2021-07-16 01:27:50 查询号码 【1831456】，返回信息 {"status":"bad","msg":""}
2021-07-16 01:27:50 查询号码 【1831456】，GSD为【""】
2021-07-16 01:27:50 bad
2021-07-16 01:27:51 CHB 1831456?1626370070 第 1 次 等待 3 秒
2021-07-16 01:27:54 CHB 1831456?1626370070 第 1 次 未获取到 等待 20 秒 下次操作: 2021-07-16 01:28:14
2021-07-16 01:28:14 CHB 1831456?1626370094 第 2 次 等待 3 秒
2021-07-16 01:28:17 CHB 1831456?1626370094 第 2 次 未获取到 等待 16 秒 下次操作: 2021-07-16 01:28:33
2021-07-16 01:28:34 CHB 1831456?1626370113 第 3 次 等待 3 秒
2021-07-16 01:28:37 CHB 1831456?1626370113 第 3 次 跳过号码【1831456】
2021-07-16 01:28:37 未获取到号码【1831456】源码
2021-07-16 01:28:37 获取到号码【1831456】的GSD为【-】
2021-07-16 01:28:41 GSD insert 第 1 次 等待 3 秒
2021-07-16 01:28:44 {"status":"ok","gid":288915,"msg":"添加成功！"}
2021-07-16 01:28:44 下次操作: 2021-07-16 01:29:04

2021-07-16 01:29:04 开始第 14 次操作

2021-07-16 01:29:04 开始操作号码 【1831457】
2021-07-16 01:29:07 GSD getOne 第 1 次 等待 3 秒
2021-07-16 01:29:11 查询号码 【1831457】，返回信息 {"status":"ok","msg":"云南-昆明","gid":"37297","time_insert":"2017-07-31 21:13","time_update":"2020-12-05 10:50"}
2021-07-16 01:29:11 查询号码 【1831457】，GSD为【"云南-昆明"】

2021-07-16 01:29:11 开始第 14 次操作

2021-07-16 01:29:11 开始操作号码 【1831458】
2021-07-16 01:29:14 GSD getOne 第 1 次 等待 3 秒
2021-07-16 01:29:17 查询号码 【1831458】，返回信息 {"status":"ok","msg":"云南-昆明","gid":"37298","time_insert":"2017-11-09 13:53","time_update":"2020-12-05 10:54"}
2021-07-16 01:29:17 查询号码 【1831458】，GSD为【"云南-昆明"】

2021-07-16 01:29:17 开始第 14 次操作

2021-07-16 01:29:17 开始操作号码 【1831459】
2021-07-16 01:29:23 GSD getOne 第 1 次 等待 3 秒
2021-07-16 01:29:26 查询号码 【1831459】，返回信息 {"status":"ok","msg":"云南-昆明","gid":"37299","time_insert":"2017-08-26 22:28","time_update":"2021-06-16 15:17"}
2021-07-16 01:29:26 查询号码 【1831459】，GSD为【"云南-昆明"】

2021-07-16 01:29:26 开始第 14 次操作

2021-07-16 01:29:26 开始操作号码 【1831460】
2021-07-16 01:29:30 GSD getOne 第 1 次 等待 3 秒
2021-07-16 01:29:33 查询号码 【1831460】，返回信息 {"status":"bad","msg":""}
2021-07-16 01:29:33 查询号码 【1831460】，GSD为【""】
2021-07-16 01:29:33 bad
2021-07-16 01:29:33 CHB 1831460?1626370173 第 1 次 等待 3 秒
2021-07-16 01:29:36 CHB 1831460?1626370173 第 1 次 未获取到 等待 17 秒 下次操作: 2021-07-16 01:29:53
2021-07-16 01:29:54 CHB 1831460?1626370193 第 2 次 等待 3 秒
2021-07-16 01:29:57 CHB 1831460?1626370193 第 2 次 未获取到 等待 18 秒 下次操作: 2021-07-16 01:30:15
2021-07-16 01:30:16 CHB 1831460?1626370215 第 3 次 等待 3 秒
2021-07-16 01:30:19 CHB 1831460?1626370215 第 3 次 跳过号码【1831460】
2021-07-16 01:30:19 未获取到号码【1831460】源码
2021-07-16 01:30:19 获取到号码【1831460】的GSD为【-】
2021-07-16 01:30:22 GSD insert 第 1 次 等待 3 秒
2021-07-16 01:30:25 {"status":"ok","gid":288928,"msg":"添加成功！"}
2021-07-16 01:30:25 下次操作: 2021-07-16 01:30:39

2021-07-16 01:30:39 开始第 15 次操作

2021-07-16 01:30:39 开始操作号码 【1831461】
2021-07-16 01:30:42 GSD getOne 第 1 次 等待 3 秒
2021-07-16 01:30:45 查询号码 【1831461】，返回信息 {"status":"bad","msg":""}
2021-07-16 01:30:45 查询号码 【1831461】，GSD为【""】
2021-07-16 01:30:45 bad
2021-07-16 01:30:46 CHB 1831461?1626370245 第 1 次 等待 3 秒
2021-07-16 01:30:49 CHB 1831461?1626370245 第 1 次 未获取到 等待 13 秒 下次操作: 2021-07-16 01:31:02
2021-07-16 01:31:03 CHB 1831461?1626370262 第 2 次 等待 3 秒
2021-07-16 01:31:06 CHB 1831461?1626370262 第 2 次 未获取到 等待 14 秒 下次操作: 2021-07-16 01:31:20
2021-07-16 01:31:20 CHB 1831461?1626370280 第 3 次 等待 3 秒
2021-07-16 01:31:23 CHB 1831461?1626370280 第 3 次 跳过号码【1831461】
2021-07-16 01:31:23 未获取到号码【1831461】源码
2021-07-16 01:31:23 获取到号码【1831461】的GSD为【-】
2021-07-16 01:36:24 GSD insert 第 1 次 等待 3 秒
2021-07-16 01:36:30 GSD insert 第 2 次 等待 3 秒
2021-07-16 01:36:33 {"status":"ok","gid":288967,"msg":"添加成功！"}
2021-07-16 01:36:33 下次操作: 2021-07-16 01:36:46

2021-07-16 01:36:46 开始第 16 次操作

2021-07-16 01:36:46 开始操作号码 【1831462】
2021-07-16 01:36:49 GSD getOne 第 1 次 等待 3 秒
2021-07-16 01:36:52 查询号码 【1831462】，返回信息 {"status":"bad","msg":""}
2021-07-16 01:36:52 查询号码 【1831462】，GSD为【""】
2021-07-16 01:36:52 bad
2021-07-16 01:36:53 CHB 1831462?1626370612 第 1 次 等待 3 秒
2021-07-16 01:36:56 CHB 1831462?1626370612 第 1 次 未获取到 等待 18 秒 下次操作: 2021-07-16 01:37:14
2021-07-16 01:37:15 CHB 1831462?1626370634 第 2 次 等待 3 秒
2021-07-16 01:37:18 CHB 1831462?1626370634 第 2 次 未获取到 等待 13 秒 下次操作: 2021-07-16 01:37:31
2021-07-16 01:37:32 CHB 1831462?1626370651 第 3 次 等待 3 秒
2021-07-16 01:37:35 CHB 1831462?1626370651 第 3 次 跳过号码【1831462】
2021-07-16 01:37:35 未获取到号码【1831462】源码
2021-07-16 01:37:35 获取到号码【1831462】的GSD为【-】
2021-07-16 01:37:40 GSD insert 第 1 次 等待 3 秒
2021-07-16 01:37:43 {"status":"ok","gid":288971,"msg":"添加成功！"}
2021-07-16 01:37:43 下次操作: 2021-07-16 01:38:02

2021-07-16 01:38:02 开始第 17 次操作

2021-07-16 01:38:02 开始操作号码 【1831463】
2021-07-16 01:38:05 GSD getOne 第 1 次 等待 3 秒
2021-07-16 01:38:08 查询号码 【1831463】，返回信息 {"status":"bad","msg":""}
2021-07-16 01:38:08 查询号码 【1831463】，GSD为【""】
2021-07-16 01:38:08 bad
2021-07-16 01:38:09 CHB 1831463?1626370688 第 1 次 等待 3 秒
2021-07-16 01:38:12 CHB 1831463?1626370688 第 1 次 未获取到 等待 13 秒 下次操作: 2021-07-16 01:38:25
2021-07-16 01:38:26 CHB 1831463?1626370705 第 2 次 等待 3 秒
2021-07-16 01:38:29 CHB 1831463?1626370705 第 2 次 未获取到 等待 22 秒 下次操作: 2021-07-16 01:38:51
2021-07-16 01:38:51 CHB 1831463?1626370731 第 3 次 等待 3 秒
2021-07-16 01:38:54 CHB 1831463?1626370731 第 3 次 跳过号码【1831463】
2021-07-16 01:38:54 未获取到号码【1831463】源码
2021-07-16 01:38:54 获取到号码【1831463】的GSD为【-】
2021-07-16 01:38:57 GSD insert 第 1 次 等待 3 秒
2021-07-16 01:39:00 {"status":"ok","gid":288980,"msg":"添加成功！"}
2021-07-16 01:39:00 下次操作: 2021-07-16 01:39:15

2021-07-16 01:39:15 开始第 18 次操作

2021-07-16 01:39:15 开始操作号码 【1831464】
2021-07-16 01:39:18 GSD getOne 第 1 次 等待 3 秒
2021-07-16 01:39:21 查询号码 【1831464】，返回信息 {"status":"bad","msg":""}
2021-07-16 01:39:22 查询号码 【1831464】，GSD为【""】
2021-07-16 01:39:22 bad
2021-07-16 01:39:22 CHB 1831464?1626370762 第 1 次 等待 3 秒
2021-07-16 01:39:25 CHB 1831464?1626370762 第 1 次 未获取到 等待 20 秒 下次操作: 2021-07-16 01:39:45
2021-07-16 01:39:46 CHB 1831464?1626370785 第 2 次 等待 3 秒
2021-07-16 01:39:49 CHB 1831464?1626370785 第 2 次 未获取到 等待 14 秒 下次操作: 2021-07-16 01:40:03
2021-07-16 01:40:04 CHB 1831464?1626370803 第 3 次 等待 3 秒
2021-07-16 01:40:07 CHB 1831464?1626370803 第 3 次 跳过号码【1831464】
2021-07-16 01:40:07 未获取到号码【1831464】源码
2021-07-16 01:40:07 获取到号码【1831464】的GSD为【-】
2021-07-16 01:40:10 GSD insert 第 1 次 等待 3 秒
2021-07-16 01:40:13 {"status":"ok","gid":288984,"msg":"添加成功！"}
2021-07-16 01:40:13 下次操作: 2021-07-16 01:40:29

2021-07-16 01:40:29 开始第 19 次操作

2021-07-16 01:40:29 开始操作号码 【1831465】
2021-07-16 01:40:34 GSD getOne 第 1 次 等待 3 秒
2021-07-16 01:40:37 查询号码 【1831465】，返回信息 {"status":"bad","msg":""}
2021-07-16 01:40:37 查询号码 【1831465】，GSD为【""】
2021-07-16 01:40:37 bad
2021-07-16 01:40:38 CHB 1831465?1626370837 第 1 次 等待 3 秒
2021-07-16 01:40:41 CHB 1831465?1626370837 第 1 次 未获取到 等待 15 秒 下次操作: 2021-07-16 01:40:56
2021-07-16 01:40:56 CHB 1831465?1626370856 第 2 次 等待 3 秒
2021-07-16 01:41:00 CHB 1831465?1626370856 第 2 次 未获取到 等待 18 秒 下次操作: 2021-07-16 01:41:18
2021-07-16 01:41:18 CHB 1831465?1626370878 第 3 次 等待 3 秒
2021-07-16 01:41:21 CHB 1831465?1626370878 第 3 次 跳过号码【1831465】
2021-07-16 01:41:21 未获取到号码【1831465】源码
2021-07-16 01:41:21 获取到号码【1831465】的GSD为【-】
2021-07-16 01:41:25 GSD insert 第 1 次 等待 3 秒
2021-07-16 01:41:28 {"status":"ok","gid":288991,"msg":"添加成功！"}
2021-07-16 01:41:28 下次操作: 2021-07-16 01:41:47

2021-07-16 01:41:47 开始第 20 次操作

2021-07-16 01:41:47 开始操作号码 【1831466】
2021-07-16 01:41:49 GSD getOne 第 1 次 等待 3 秒
2021-07-16 01:41:52 查询号码 【1831466】，返回信息 {"status":"bad","msg":""}
2021-07-16 01:41:53 查询号码 【1831466】，GSD为【""】
2021-07-16 01:41:53 bad
2021-07-16 01:41:53 CHB 1831466?1626370913 第 1 次 等待 3 秒
2021-07-16 01:41:56 CHB 1831466?1626370913 第 1 次 未获取到 等待 15 秒 下次操作: 2021-07-16 01:42:11
2021-07-16 01:42:12 CHB 1831466?1626370931 第 2 次 等待 3 秒
2021-07-16 01:42:15 CHB 1831466?1626370931 第 2 次 未获取到 等待 15 秒 下次操作: 2021-07-16 01:42:30
2021-07-16 01:42:31 CHB 1831466?1626370950 第 3 次 等待 3 秒
2021-07-16 01:42:34 CHB 1831466?1626370950 第 3 次 跳过号码【1831466】
2021-07-16 01:42:34 未获取到号码【1831466】源码
2021-07-16 01:42:34 获取到号码【1831466】的GSD为【-】
2021-07-16 01:42:39 GSD insert 第 1 次 等待 3 秒
2021-07-16 01:42:42 {"status":"ok","gid":289000,"msg":"添加成功！"}
2021-07-16 01:42:42 下次操作: 2021-07-16 01:43:02

2021-07-16 01:43:02 开始第 21 次操作

2021-07-16 01:43:02 开始操作号码 【1831467】
2021-07-16 01:43:08 GSD getOne 第 1 次 等待 3 秒
2021-07-16 01:43:11 查询号码 【1831467】，返回信息 {"status":"bad","msg":""}
2021-07-16 01:43:11 查询号码 【1831467】，GSD为【""】
2021-07-16 01:43:11 bad
2021-07-16 01:43:12 CHB 1831467?1626370991 第 1 次 等待 3 秒
2021-07-16 01:43:15 CHB 1831467?1626370991 第 1 次 未获取到 等待 22 秒 下次操作: 2021-07-16 01:43:37
2021-07-16 01:43:38 CHB 1831467?1626371017 第 2 次 等待 3 秒
2021-07-16 01:43:41 CHB 1831467?1626371017 第 2 次 未获取到 等待 14 秒 下次操作: 2021-07-16 01:43:55
2021-07-16 01:43:55 CHB 1831467?1626371035 第 3 次 等待 3 秒
2021-07-16 01:43:58 CHB 1831467?1626371035 第 3 次 跳过号码【1831467】
2021-07-16 01:43:58 未获取到号码【1831467】源码
2021-07-16 01:43:58 获取到号码【1831467】的GSD为【-】
2021-07-16 01:44:06 GSD insert 第 1 次 等待 3 秒
2021-07-16 01:44:09 {"status":"ok","gid":289011,"msg":"添加成功！"}
2021-07-16 01:44:09 下次操作: 2021-07-16 01:44:32

2021-07-16 01:44:32 开始第 22 次操作

2021-07-16 01:44:32 开始操作号码 【1831468】
2021-07-16 01:44:35 GSD getOne 第 1 次 等待 3 秒
2021-07-16 01:44:38 查询号码 【1831468】，返回信息 {"status":"bad","msg":""}
2021-07-16 01:44:38 查询号码 【1831468】，GSD为【""】
2021-07-16 01:44:38 bad
2021-07-16 01:44:39 CHB 1831468?1626371078 第 1 次 等待 3 秒
2021-07-16 01:44:42 CHB 1831468?1626371078 第 1 次 未获取到 等待 19 秒 下次操作: 2021-07-16 01:45:01
2021-07-16 01:45:01 CHB 1831468?1626371101 第 2 次 等待 3 秒
2021-07-16 01:45:04 CHB 1831468?1626371101 第 2 次 未获取到 等待 18 秒 下次操作: 2021-07-16 01:45:22
2021-07-16 01:45:23 CHB 1831468?1626371122 第 3 次 等待 3 秒
2021-07-16 01:45:26 CHB 1831468?1626371122 第 3 次 跳过号码【1831468】
2021-07-16 01:45:26 未获取到号码【1831468】源码
2021-07-16 01:45:26 获取到号码【1831468】的GSD为【-】
2021-07-16 01:45:29 GSD insert 第 1 次 等待 3 秒
2021-07-16 01:45:32 {"status":"ok","gid":289027,"msg":"添加成功！"}
2021-07-16 01:45:32 下次操作: 2021-07-16 01:45:56

2021-07-16 01:45:56 开始第 23 次操作

2021-07-16 01:45:56 开始操作号码 【1831469】
2021-07-16 01:45:59 GSD getOne 第 1 次 等待 3 秒
2021-07-16 01:46:02 查询号码 【1831469】，返回信息 {"status":"bad","msg":""}
2021-07-16 01:46:02 查询号码 【1831469】，GSD为【""】
2021-07-16 01:46:02 bad
2021-07-16 01:46:03 CHB 1831469?1626371162 第 1 次 等待 3 秒
2021-07-16 01:46:06 CHB 1831469?1626371162 第 1 次 未获取到 等待 20 秒 下次操作: 2021-07-16 01:46:26
2021-07-16 01:46:26 CHB 1831469?1626371186 第 2 次 等待 3 秒
2021-07-16 01:46:29 CHB 1831469?1626371186 第 2 次 未获取到 等待 20 秒 下次操作: 2021-07-16 01:46:49
2021-07-16 01:46:50 CHB 1831469?1626371209 第 3 次 等待 3 秒
2021-07-16 01:46:53 CHB 1831469?1626371209 第 3 次 跳过号码【1831469】
2021-07-16 01:46:53 未获取到号码【1831469】源码
2021-07-16 01:46:53 获取到号码【1831469】的GSD为【-】
2021-07-16 01:46:56 GSD insert 第 1 次 等待 3 秒
2021-07-16 01:46:59 {"status":"ok","gid":289041,"msg":"添加成功！"}
2021-07-16 01:46:59 下次操作: 2021-07-16 01:47:18

2021-07-16 01:47:18 开始第 24 次操作

2021-07-16 01:47:18 开始操作号码 【1831470】
2021-07-16 01:47:21 GSD getOne 第 1 次 等待 3 秒
2021-07-16 01:47:24 查询号码 【1831470】，返回信息 {"status":"bad","msg":""}
2021-07-16 01:47:24 查询号码 【1831470】，GSD为【""】
2021-07-16 01:47:24 bad
2021-07-16 01:47:24 CHB 1831470?1626371244 第 1 次 等待 3 秒
2021-07-16 01:47:27 CHB 1831470?1626371244 第 1 次 未获取到 等待 15 秒 下次操作: 2021-07-16 01:47:42
2021-07-16 01:47:43 CHB 1831470?1626371262 第 2 次 等待 3 秒
2021-07-16 01:47:46 CHB 1831470?1626371262 第 2 次 未获取到 等待 16 秒 下次操作: 2021-07-16 01:48:02
2021-07-16 01:48:03 CHB 1831470?1626371282 第 3 次 等待 3 秒
2021-07-16 01:48:06 CHB 1831470?1626371282 第 3 次 跳过号码【1831470】
2021-07-16 01:48:06 未获取到号码【1831470】源码
2021-07-16 01:48:06 获取到号码【1831470】的GSD为【-】
2021-07-16 01:48:09 GSD insert 第 1 次 等待 3 秒
2021-07-16 01:48:12 {"status":"ok","gid":289053,"msg":"添加成功！"}
2021-07-16 01:48:12 下次操作: 2021-07-16 01:48:35

2021-07-16 01:48:35 开始第 25 次操作

2021-07-16 01:48:35 开始操作号码 【1831471】
2021-07-16 01:48:37 GSD getOne 第 1 次 等待 3 秒
2021-07-16 01:48:40 查询号码 【1831471】，返回信息 {"status":"bad","msg":""}
2021-07-16 01:48:40 查询号码 【1831471】，GSD为【""】
2021-07-16 01:48:40 bad
2021-07-16 01:48:41 CHB 1831471?1626371320 第 1 次 等待 3 秒
2021-07-16 01:48:44 CHB 1831471?1626371320 第 1 次 未获取到 等待 15 秒 下次操作: 2021-07-16 01:48:59
2021-07-16 01:49:00 CHB 1831471?1626371339 第 2 次 等待 3 秒
2021-07-16 01:49:03 CHB 1831471?1626371339 第 2 次 未获取到 等待 17 秒 下次操作: 2021-07-16 01:49:20
2021-07-16 01:49:21 CHB 1831471?1626371360 第 3 次 等待 3 秒
2021-07-16 01:49:24 CHB 1831471?1626371360 第 3 次 跳过号码【1831471】
2021-07-16 01:49:24 未获取到号码【1831471】源码
2021-07-16 01:49:24 获取到号码【1831471】的GSD为【-】
2021-07-16 01:49:27 GSD insert 第 1 次 等待 3 秒
2021-07-16 01:49:30 {"status":"ok","gid":289064,"msg":"添加成功！"}
2021-07-16 01:49:30 下次操作: 2021-07-16 01:49:54

2021-07-16 01:49:54 开始第 26 次操作

2021-07-16 01:49:54 开始操作号码 【1831472】
2021-07-16 01:49:57 GSD getOne 第 1 次 等待 3 秒
2021-07-16 01:50:00 查询号码 【1831472】，返回信息 {"status":"bad","msg":""}
2021-07-16 01:50:00 查询号码 【1831472】，GSD为【""】
2021-07-16 01:50:00 bad
2021-07-16 01:50:01 CHB 1831472?1626371400 第 1 次 等待 3 秒
2021-07-16 01:50:04 CHB 1831472?1626371400 第 1 次 未获取到 等待 22 秒 下次操作: 2021-07-16 01:50:26
2021-07-16 01:50:26 CHB 1831472?1626371426 第 2 次 等待 3 秒
2021-07-16 01:50:29 CHB 1831472?1626371426 第 2 次 未获取到 等待 12 秒 下次操作: 2021-07-16 01:50:41
2021-07-16 01:50:42 CHB 1831472?1626371441 第 3 次 等待 3 秒
2021-07-16 01:50:45 CHB 1831472?1626371441 第 3 次 跳过号码【1831472】
2021-07-16 01:50:45 未获取到号码【1831472】源码
2021-07-16 01:50:45 获取到号码【1831472】的GSD为【-】
2021-07-16 01:50:48 GSD insert 第 1 次 等待 3 秒
2021-07-16 01:50:51 {"status":"ok","gid":289079,"msg":"添加成功！"}
2021-07-16 01:50:51 下次操作: 2021-07-16 01:51:15

2021-07-16 01:51:15 开始第 27 次操作

2021-07-16 01:51:15 开始操作号码 【1831473】
2021-07-16 01:51:18 GSD getOne 第 1 次 等待 3 秒
2021-07-16 01:51:21 查询号码 【1831473】，返回信息 {"status":"bad","msg":""}
2021-07-16 01:51:21 查询号码 【1831473】，GSD为【""】
2021-07-16 01:51:21 bad
2021-07-16 01:51:21 CHB 1831473?1626371481 第 1 次 等待 3 秒
2021-07-16 01:51:24 CHB 1831473?1626371481 第 1 次 未获取到 等待 21 秒 下次操作: 2021-07-16 01:51:45
2021-07-16 01:51:46 CHB 1831473?1626371505 第 2 次 等待 3 秒
2021-07-16 01:51:49 CHB 1831473?1626371505 第 2 次 未获取到 等待 15 秒 下次操作: 2021-07-16 01:52:04
2021-07-16 01:52:05 CHB 1831473?1626371524 第 3 次 等待 3 秒
2021-07-16 01:52:08 CHB 1831473?1626371524 第 3 次 跳过号码【1831473】
2021-07-16 01:52:08 未获取到号码【1831473】源码
2021-07-16 01:52:08 获取到号码【1831473】的GSD为【-】
2021-07-16 01:52:11 GSD insert 第 1 次 等待 3 秒
2021-07-16 01:52:14 {"status":"ok","gid":289092,"msg":"添加成功！"}
2021-07-16 01:52:14 下次操作: 2021-07-16 01:52:27

2021-07-16 01:52:27 开始第 28 次操作

2021-07-16 01:52:27 开始操作号码 【1831474】
2021-07-16 01:52:30 GSD getOne 第 1 次 等待 3 秒
2021-07-16 01:52:33 查询号码 【1831474】，返回信息 {"status":"bad","msg":""}
2021-07-16 01:52:33 查询号码 【1831474】，GSD为【""】
2021-07-16 01:52:33 bad
2021-07-16 01:52:34 CHB 1831474?1626371553 第 1 次 等待 3 秒
2021-07-16 01:52:37 CHB 1831474?1626371553 第 1 次 未获取到 等待 14 秒 下次操作: 2021-07-16 01:52:51
2021-07-16 01:52:51 CHB 1831474?1626371571 第 2 次 等待 3 秒
2021-07-16 01:52:54 CHB 1831474?1626371571 第 2 次 未获取到 等待 22 秒 下次操作: 2021-07-16 01:53:16
2021-07-16 01:53:17 CHB 1831474?1626371596 第 3 次 等待 3 秒
2021-07-16 01:53:20 CHB 1831474?1626371596 第 3 次 跳过号码【1831474】
2021-07-16 01:53:20 未获取到号码【1831474】源码
2021-07-16 01:53:20 获取到号码【1831474】的GSD为【-】
2021-07-16 01:53:23 GSD insert 第 1 次 等待 3 秒
2021-07-16 01:53:26 {"status":"ok","gid":289110,"msg":"添加成功！"}
2021-07-16 01:53:26 下次操作: 2021-07-16 01:53:41

2021-07-16 01:53:41 开始第 29 次操作

2021-07-16 01:53:41 开始操作号码 【1831475】
2021-07-16 01:53:46 GSD getOne 第 1 次 等待 3 秒
2021-07-16 01:53:49 查询号码 【1831475】，返回信息 {"status":"bad","msg":""}
2021-07-16 01:53:50 查询号码 【1831475】，GSD为【""】
2021-07-16 01:53:50 bad
2021-07-16 01:53:50 CHB 1831475?1626371630 第 1 次 等待 3 秒
2021-07-16 01:53:53 CHB 1831475?1626371630 第 1 次 未获取到 等待 21 秒 下次操作: 2021-07-16 01:54:14
2021-07-16 01:54:15 CHB 1831475?1626371654 第 2 次 等待 3 秒
2021-07-16 01:54:18 CHB 1831475?1626371654 第 2 次 未获取到 等待 19 秒 下次操作: 2021-07-16 01:54:37
2021-07-16 01:54:37 CHB 1831475?1626371677 第 3 次 等待 3 秒
2021-07-16 01:54:40 CHB 1831475?1626371677 第 3 次 跳过号码【1831475】
2021-07-16 01:54:40 未获取到号码【1831475】源码
2021-07-16 01:54:40 获取到号码【1831475】的GSD为【-】
2021-07-16 01:54:43 GSD insert 第 1 次 等待 3 秒
2021-07-16 01:54:46 {"status":"ok","gid":289123,"msg":"添加成功！"}
2021-07-16 01:54:46 下次操作: 2021-07-16 01:55:05

2021-07-16 01:55:05 开始第 30 次操作

2021-07-16 01:55:05 开始操作号码 【1831476】
2021-07-16 01:55:08 GSD getOne 第 1 次 等待 3 秒
2021-07-16 01:55:11 查询号码 【1831476】，返回信息 {"status":"bad","msg":""}
2021-07-16 01:55:11 查询号码 【1831476】，GSD为【""】
2021-07-16 01:55:11 bad
2021-07-16 01:55:12 CHB 1831476?1626371711 第 1 次 等待 3 秒
2021-07-16 01:55:15 CHB 1831476?1626371711 第 1 次 未获取到 等待 12 秒 下次操作: 2021-07-16 01:55:27
2021-07-16 01:55:28 CHB 1831476?1626371727 第 2 次 等待 3 秒
2021-07-16 01:55:31 CHB 1831476?1626371727 第 2 次 未获取到 等待 24 秒 下次操作: 2021-07-16 01:55:55
2021-07-16 01:55:55 CHB 1831476?1626371755 第 3 次 等待 3 秒
2021-07-16 01:55:58 CHB 1831476?1626371755 第 3 次 跳过号码【1831476】
2021-07-16 01:55:58 未获取到号码【1831476】源码
2021-07-16 01:55:58 获取到号码【1831476】的GSD为【-】
2021-07-16 01:56:01 GSD insert 第 1 次 等待 3 秒
2021-07-16 01:56:04 {"status":"ok","gid":289139,"msg":"添加成功！"}
2021-07-16 01:56:04 下次操作: 2021-07-16 01:56:25

2021-07-16 01:56:25 开始第 31 次操作

2021-07-16 01:56:25 开始操作号码 【1831477】
2021-07-16 01:56:28 GSD getOne 第 1 次 等待 3 秒
2021-07-16 01:56:31 查询号码 【1831477】，返回信息 {"status":"bad","msg":""}
2021-07-16 01:56:31 查询号码 【1831477】，GSD为【""】
2021-07-16 01:56:31 bad
2021-07-16 01:56:31 CHB 1831477?1626371791 第 1 次 等待 3 秒
2021-07-16 01:56:35 CHB 1831477?1626371791 第 1 次 未获取到 等待 15 秒 下次操作: 2021-07-16 01:56:50
2021-07-16 01:56:50 CHB 1831477?1626371810 第 2 次 等待 3 秒
2021-07-16 01:56:53 CHB 1831477?1626371810 第 2 次 未获取到 等待 13 秒 下次操作: 2021-07-16 01:57:06
2021-07-16 01:57:07 CHB 1831477?1626371826 第 3 次 等待 3 秒
2021-07-16 01:57:10 CHB 1831477?1626371826 第 3 次 跳过号码【1831477】
2021-07-16 01:57:10 未获取到号码【1831477】源码
2021-07-16 01:57:10 获取到号码【1831477】的GSD为【-】
2021-07-16 01:57:14 GSD insert 第 1 次 等待 3 秒
2021-07-16 01:57:17 {"status":"ok","gid":289157,"msg":"添加成功！"}
2021-07-16 01:57:17 下次操作: 2021-07-16 01:57:34

2021-07-16 01:57:34 开始第 32 次操作

2021-07-16 01:57:34 开始操作号码 【1831478】
2021-07-16 01:57:37 GSD getOne 第 1 次 等待 3 秒
2021-07-16 01:57:40 查询号码 【1831478】，返回信息 {"status":"bad","msg":""}
2021-07-16 01:57:40 查询号码 【1831478】，GSD为【""】
2021-07-16 01:57:40 bad
2021-07-16 01:57:41 CHB 1831478?1626371860 第 1 次 等待 3 秒
2021-07-16 01:57:44 CHB 1831478?1626371860 第 1 次 未获取到 等待 19 秒 下次操作: 2021-07-16 01:58:03
2021-07-16 01:58:03 CHB 1831478?1626371883 第 2 次 等待 3 秒
2021-07-16 01:58:06 CHB 1831478?1626371883 第 2 次 未获取到 等待 15 秒 下次操作: 2021-07-16 01:58:21
2021-07-16 01:58:22 CHB 1831478?1626371901 第 3 次 等待 3 秒
2021-07-16 01:58:25 CHB 1831478?1626371901 第 3 次 跳过号码【1831478】
2021-07-16 01:58:25 未获取到号码【1831478】源码
2021-07-16 01:58:25 获取到号码【1831478】的GSD为【-】
2021-07-16 01:58:28 GSD insert 第 1 次 等待 3 秒
2021-07-16 01:58:31 {"status":"ok","gid":289173,"msg":"添加成功！"}
2021-07-16 01:58:31 下次操作: 2021-07-16 01:58:47

2021-07-16 01:58:47 开始第 33 次操作

2021-07-16 01:58:47 开始操作号码 【1831479】
2021-07-16 01:58:50 GSD getOne 第 1 次 等待 3 秒
2021-07-16 01:58:53 查询号码 【1831479】，返回信息 {"status":"bad","msg":""}
2021-07-16 01:58:53 查询号码 【1831479】，GSD为【""】
2021-07-16 01:58:53 bad
2021-07-16 01:58:53 CHB 1831479?1626371933 第 1 次 等待 3 秒
2021-07-16 01:58:56 CHB 1831479?1626371933 第 1 次 未获取到 等待 14 秒 下次操作: 2021-07-16 01:59:10
2021-07-16 01:59:11 CHB 1831479?1626371950 第 2 次 等待 3 秒
2021-07-16 01:59:14 CHB 1831479?1626371950 第 2 次 未获取到 等待 20 秒 下次操作: 2021-07-16 01:59:34
2021-07-16 01:59:35 CHB 1831479?1626371974 第 3 次 等待 3 秒
2021-07-16 01:59:38 CHB 1831479?1626371974 第 3 次 跳过号码【1831479】
2021-07-16 01:59:38 未获取到号码【1831479】源码
2021-07-16 01:59:38 获取到号码【1831479】的GSD为【-】
2021-07-16 01:59:41 GSD insert 第 1 次 等待 3 秒
2021-07-16 01:59:44 {"status":"ok","gid":289190,"msg":"添加成功！"}
2021-07-16 01:59:44 下次操作: 2021-07-16 01:59:58

2021-07-16 01:59:58 开始第 34 次操作

2021-07-16 01:59:58 开始操作号码 【1831480】
2021-07-16 02:00:02 GSD getOne 第 1 次 等待 3 秒
2021-07-16 02:00:05 查询号码 【1831480】，返回信息 {"status":"bad","msg":""}
2021-07-16 02:00:05 查询号码 【1831480】，GSD为【""】
2021-07-16 02:00:05 bad
2021-07-16 02:00:05 CHB 1831480?1626372005 第 1 次 等待 3 秒
2021-07-16 02:00:08 CHB 1831480?1626372005 第 1 次 未获取到 等待 22 秒 下次操作: 2021-07-16 02:00:30
2021-07-16 02:00:31 CHB 1831480?1626372030 第 2 次 等待 3 秒
2021-07-16 02:00:34 CHB 1831480?1626372030 第 2 次 未获取到 等待 17 秒 下次操作: 2021-07-16 02:00:51
2021-07-16 02:00:52 CHB 1831480?1626372051 第 3 次 等待 3 秒
2021-07-16 02:00:55 CHB 1831480?1626372051 第 3 次 跳过号码【1831480】
2021-07-16 02:00:55 未获取到号码【1831480】源码
2021-07-16 02:00:55 获取到号码【1831480】的GSD为【-】
2021-07-16 02:00:58 GSD insert 第 1 次 等待 3 秒
2021-07-16 02:01:01 {"status":"ok","gid":289207,"msg":"添加成功！"}
2021-07-16 02:01:01 下次操作: 2021-07-16 02:01:18

2021-07-16 02:01:18 开始第 35 次操作

2021-07-16 02:01:18 开始操作号码 【1831481】
2021-07-16 02:01:21 GSD getOne 第 1 次 等待 3 秒
2021-07-16 02:01:24 查询号码 【1831481】，返回信息 {"status":"bad","msg":""}
2021-07-16 02:01:24 查询号码 【1831481】，GSD为【""】
2021-07-16 02:01:24 bad
2021-07-16 02:01:25 CHB 1831481?1626372084 第 1 次 等待 3 秒
2021-07-16 02:01:28 CHB 1831481?1626372084 第 1 次 未获取到 等待 16 秒 下次操作: 2021-07-16 02:01:44
2021-07-16 02:01:45 CHB 1831481?1626372104 第 2 次 等待 3 秒
2021-07-16 02:01:48 CHB 1831481?1626372104 第 2 次 未获取到 等待 12 秒 下次操作: 2021-07-16 02:02:00
2021-07-16 02:02:00 CHB 1831481?1626372120 第 3 次 等待 3 秒
2021-07-16 02:02:03 CHB 1831481?1626372120 第 3 次 跳过号码【1831481】
2021-07-16 02:02:03 未获取到号码【1831481】源码
2021-07-16 02:02:03 获取到号码【1831481】的GSD为【-】
2021-07-16 02:02:06 GSD insert 第 1 次 等待 3 秒
2021-07-16 02:02:09 {"status":"ok","gid":289220,"msg":"添加成功！"}
2021-07-16 02:02:09 下次操作: 2021-07-16 02:02:27

2021-07-16 02:02:27 开始第 36 次操作

2021-07-16 02:02:27 开始操作号码 【1831482】
2021-07-16 02:02:30 GSD getOne 第 1 次 等待 3 秒
2021-07-16 02:02:33 查询号码 【1831482】，返回信息 {"status":"bad","msg":""}
2021-07-16 02:02:33 查询号码 【1831482】，GSD为【""】
2021-07-16 02:02:33 bad
2021-07-16 02:02:34 CHB 1831482?1626372153 第 1 次 等待 3 秒
2021-07-16 02:02:37 CHB 1831482?1626372153 第 1 次 未获取到 等待 23 秒 下次操作: 2021-07-16 02:03:00
2021-07-16 02:03:01 CHB 1831482?1626372180 第 2 次 等待 3 秒
2021-07-16 02:03:04 CHB 1831482?1626372180 第 2 次 未获取到 等待 16 秒 下次操作: 2021-07-16 02:03:20
2021-07-16 02:03:20 CHB 1831482?1626372200 第 3 次 等待 3 秒
2021-07-16 02:03:23 CHB 1831482?1626372200 第 3 次 跳过号码【1831482】
2021-07-16 02:03:23 未获取到号码【1831482】源码
2021-07-16 02:03:23 获取到号码【1831482】的GSD为【-】
2021-07-16 02:03:27 GSD insert 第 1 次 等待 3 秒
2021-07-16 02:03:30 {"status":"ok","gid":289239,"msg":"添加成功！"}
2021-07-16 02:03:30 下次操作: 2021-07-16 02:03:42

2021-07-16 02:03:42 开始第 37 次操作

2021-07-16 02:03:42 开始操作号码 【1831483】
2021-07-16 02:03:45 GSD getOne 第 1 次 等待 3 秒
2021-07-16 02:03:48 查询号码 【1831483】，返回信息 {"status":"bad","msg":""}
2021-07-16 02:03:48 查询号码 【1831483】，GSD为【""】
2021-07-16 02:03:48 bad
2021-07-16 02:03:49 CHB 1831483?1626372228 第 1 次 等待 3 秒
2021-07-16 02:03:52 CHB 1831483?1626372228 第 1 次 未获取到 等待 15 秒 下次操作: 2021-07-16 02:04:07
2021-07-16 02:04:07 CHB 1831483?1626372247 第 2 次 等待 3 秒
2021-07-16 02:04:10 CHB 1831483?1626372247 第 2 次 未获取到 等待 17 秒 下次操作: 2021-07-16 02:04:27
2021-07-16 02:04:28 CHB 1831483?1626372267 第 3 次 等待 3 秒
2021-07-16 02:04:31 CHB 1831483?1626372267 第 3 次 跳过号码【1831483】
2021-07-16 02:04:31 未获取到号码【1831483】源码
2021-07-16 02:04:31 获取到号码【1831483】的GSD为【-】
2021-07-16 02:04:34 GSD insert 第 1 次 等待 3 秒
2021-07-16 02:04:37 {"status":"ok","gid":289253,"msg":"添加成功！"}
2021-07-16 02:04:37 下次操作: 2021-07-16 02:05:01

2021-07-16 02:05:01 开始第 38 次操作

2021-07-16 02:05:01 开始操作号码 【1831484】
2021-07-16 02:05:03 GSD getOne 第 1 次 等待 3 秒
2021-07-16 02:05:06 查询号码 【1831484】，返回信息 {"status":"bad","msg":""}
2021-07-16 02:05:06 查询号码 【1831484】，GSD为【""】
2021-07-16 02:05:06 bad
2021-07-16 02:05:07 CHB 1831484?1626372306 第 1 次 等待 3 秒
2021-07-16 02:05:10 CHB 1831484?1626372306 第 1 次 未获取到 等待 22 秒 下次操作: 2021-07-16 02:05:32
2021-07-16 02:05:33 CHB 1831484?1626372332 第 2 次 等待 3 秒
2021-07-16 02:05:36 CHB 1831484?1626372332 第 2 次 未获取到 等待 17 秒 下次操作: 2021-07-16 02:05:53
2021-07-16 02:05:53 CHB 1831484?1626372353 第 3 次 等待 3 秒
2021-07-16 02:05:56 CHB 1831484?1626372353 第 3 次 跳过号码【1831484】
2021-07-16 02:05:56 未获取到号码【1831484】源码
2021-07-16 02:05:56 获取到号码【1831484】的GSD为【-】
2021-07-16 02:06:02 GSD insert 第 1 次 等待 3 秒
2021-07-16 02:06:05 {"status":"ok","gid":289271,"msg":"添加成功！"}
2021-07-16 02:06:05 下次操作: 2021-07-16 02:06:27

2021-07-16 02:06:27 开始第 39 次操作

2021-07-16 02:06:27 开始操作号码 【1831485】
2021-07-16 02:06:30 GSD getOne 第 1 次 等待 3 秒
2021-07-16 02:06:33 查询号码 【1831485】，返回信息 {"status":"bad","msg":""}
2021-07-16 02:06:33 查询号码 【1831485】，GSD为【""】
2021-07-16 02:06:33 bad
2021-07-16 02:06:33 CHB 1831485?1626372393 第 1 次 等待 3 秒
2021-07-16 02:06:36 CHB 1831485?1626372393 第 1 次 未获取到 等待 17 秒 下次操作: 2021-07-16 02:06:53
2021-07-16 02:06:54 CHB 1831485?1626372413 第 2 次 等待 3 秒
2021-07-16 02:06:57 CHB 1831485?1626372413 第 2 次 未获取到 等待 15 秒 下次操作: 2021-07-16 02:07:12
2021-07-16 02:07:13 CHB 1831485?1626372432 第 3 次 等待 3 秒
2021-07-16 02:07:16 CHB 1831485?1626372432 第 3 次 跳过号码【1831485】
2021-07-16 02:07:16 未获取到号码【1831485】源码
2021-07-16 02:07:16 获取到号码【1831485】的GSD为【-】
2021-07-16 02:07:22 GSD insert 第 1 次 等待 3 秒
2021-07-16 02:07:25 {"status":"ok","gid":289290,"msg":"添加成功！"}
2021-07-16 02:07:25 下次操作: 2021-07-16 02:07:47

2021-07-16 02:07:47 开始第 40 次操作

2021-07-16 02:07:47 开始操作号码 【1831486】
2021-07-16 02:07:50 GSD getOne 第 1 次 等待 3 秒
2021-07-16 02:07:53 查询号码 【1831486】，返回信息 {"status":"bad","msg":""}
2021-07-16 02:07:53 查询号码 【1831486】，GSD为【""】
2021-07-16 02:07:53 bad
2021-07-16 02:07:53 CHB 1831486?1626372473 第 1 次 等待 3 秒
2021-07-16 02:07:56 CHB 1831486?1626372473 第 1 次 未获取到 等待 23 秒 下次操作: 2021-07-16 02:08:19
2021-07-16 02:08:20 CHB 1831486?1626372499 第 2 次 等待 3 秒
2021-07-16 02:08:23 CHB 1831486?1626372499 第 2 次 未获取到 等待 19 秒 下次操作: 2021-07-16 02:08:42
2021-07-16 02:08:42 CHB 1831486?1626372522 第 3 次 等待 3 秒
2021-07-16 02:08:45 CHB 1831486?1626372522 第 3 次 跳过号码【1831486】
2021-07-16 02:08:45 未获取到号码【1831486】源码
2021-07-16 02:08:45 获取到号码【1831486】的GSD为【-】
2021-07-16 02:08:48 GSD insert 第 1 次 等待 3 秒
2021-07-16 02:08:51 {"status":"ok","gid":289307,"msg":"添加成功！"}

