2023-11-30 00:11:36 开始第 565 次操作

2023-11-30 00:11:36 开始操作号码 【1880478】
2023-11-30 00:11:41 GSD getOne 第 1 次 等待 3 秒
2023-11-30 00:11:44 查询号码 【1880478】，返回信息 {"status":"ok","msg":"内蒙古-巴彦淖尔","gid":"388468","time_insert":"2021-07-25 11:44"}
2023-11-30 00:11:44 查询号码 【1880478】，GSD为【"内蒙古-巴彦淖尔"】

2023-11-30 00:11:45 开始第 566 次操作

2023-11-30 00:11:45 开始操作号码 【1880479】
2023-11-30 00:11:49 GSD getOne 第 1 次 等待 3 秒
2023-11-30 00:11:52 查询号码 【1880479】，返回信息 {"status":"ok","msg":"内蒙古-锡林郭勒","gid":"388629","time_insert":"2021-07-25 11:54"}
2023-11-30 00:11:52 查询号码 【1880479】，GSD为【"内蒙古-锡林郭勒"】

2023-11-30 00:11:53 开始第 567 次操作

2023-11-30 00:11:53 开始操作号码 【1880480】
2023-11-30 00:11:58 GSD getOne 第 1 次 等待 3 秒
2023-11-30 00:12:01 查询号码 【1880480】，返回信息 {"status":"ok","msg":"内蒙古-乌兰浩特","gid":"388684","time_insert":"2021-07-25 11:57"}
2023-11-30 00:12:01 查询号码 【1880480】，GSD为【"内蒙古-乌兰浩特"】

2023-11-30 00:12:02 开始第 568 次操作

2023-11-30 00:12:02 开始操作号码 【1880481】
2023-11-30 00:12:06 GSD getOne 第 1 次 等待 3 秒
2023-11-30 00:12:09 查询号码 【1880481】，返回信息 {"status":"ok","msg":"内蒙古-乌兰浩特","gid":"388889","time_insert":"2021-07-25 12:12"}
2023-11-30 00:12:09 查询号码 【1880481】，GSD为【"内蒙古-乌兰浩特"】

