2024-09-08 00:11:01 开始第 3473 次操作

2024-09-08 00:11:01 开始操作号码 【1443471】
2024-09-08 00:11:12 GSD getOne 第 1 次 等待 3 秒
2024-09-08 00:11:15 查询号码 【1443471】，返回信息 {"status":"ok","msg":"-","gid":"589542","time_insert":"2023-03-14 05:30"}
2024-09-08 00:11:15 查询号码 【1443471】，GSD为【"-"】
2024-09-08 00:11:15 ok && -
2024-09-08 00:11:16 CHB 1443471?1725725475 第 1 次 等待 3 秒
2024-09-08 00:11:19 CHB 1443471?1725725475 第 1 次 获取到号码【1443471】GSD
2024-09-08 00:11:20 未获取到号码【1443471】GSD，可能号码格式错误
2024-09-08 00:11:20 获取到号码【1443471】的GSD为【-】
2024-09-08 00:11:28 GSD insert 第 1 次 等待 3 秒
2024-09-08 00:11:31 {"status":"bad","gid":"589542","msg":"添加失败！号码【1443471(-|-)】已存在！"}
2024-09-08 00:11:31 随机等待 126 秒，约 2 分钟
2024-09-08 00:11:31 下次操作: 2024-09-08 00:13:37

2024-09-08 00:13:37 开始第 3474 次操作

2024-09-08 00:13:37 开始操作号码 【1443472】
2024-09-08 00:13:44 GSD getOne 第 1 次 等待 3 秒
2024-09-08 00:13:47 查询号码 【1443472】，返回信息 {"status":"ok","msg":"-","gid":"589567","time_insert":"2023-03-14 05:45"}
2024-09-08 00:13:47 查询号码 【1443472】，GSD为【"-"】
2024-09-08 00:13:47 ok && -
2024-09-08 00:13:49 CHB 1443472?1725725627 第 1 次 等待 3 秒
2024-09-08 00:13:52 CHB 1443472?1725725627 第 1 次 获取到号码【1443472】GSD
2024-09-08 00:13:53 未获取到号码【1443472】GSD，可能号码格式错误
2024-09-08 00:13:53 获取到号码【1443472】的GSD为【-】
2024-09-08 00:14:00 GSD insert 第 1 次 等待 3 秒
2024-09-08 00:14:03 {"status":"bad","gid":"589567","msg":"添加失败！号码【1443472(-|-)】已存在！"}
2024-09-08 00:14:03 随机等待 119 秒，约 1 分钟
2024-09-08 00:14:03 下次操作: 2024-09-08 00:16:02

2024-09-08 00:16:02 开始第 3475 次操作

2024-09-08 00:16:02 开始操作号码 【1443473】
2024-09-08 00:16:11 GSD getOne 第 1 次 等待 3 秒
2024-09-08 00:16:14 查询号码 【1443473】，返回信息 {"status":"ok","msg":"-","gid":"589601","time_insert":"2023-03-14 06:02"}
2024-09-08 00:16:14 查询号码 【1443473】，GSD为【"-"】
2024-09-08 00:16:14 ok && -
2024-09-08 00:16:16 CHB 1443473?1725725774 第 1 次 等待 3 秒
2024-09-08 00:16:19 CHB 1443473?1725725774 第 1 次 获取到号码【1443473】GSD
2024-09-08 00:16:19 未获取到号码【1443473】GSD，可能号码格式错误
2024-09-08 00:16:19 获取到号码【1443473】的GSD为【-】
2024-09-08 00:16:27 GSD insert 第 1 次 等待 3 秒
2024-09-08 00:16:30 {"status":"bad","gid":"589601","msg":"添加失败！号码【1443473(-|-)】已存在！"}
2024-09-08 00:16:30 随机等待 185 秒，约 3 分钟
2024-09-08 00:16:30 下次操作: 2024-09-08 00:19:35

2024-09-08 00:19:35 开始第 3476 次操作

2024-09-08 00:19:35 开始操作号码 【1443474】
2024-09-08 00:19:43 GSD getOne 第 1 次 等待 3 秒
2024-09-08 00:19:46 查询号码 【1443474】，返回信息 {"status":"ok","msg":"-","gid":"589626","time_insert":"2023-03-14 06:21"}
2024-09-08 00:19:46 查询号码 【1443474】，GSD为【"-"】
2024-09-08 00:19:46 ok && -
2024-09-08 00:19:48 CHB 1443474?1725725986 第 1 次 等待 3 秒
2024-09-08 00:19:51 CHB 1443474?1725725986 第 1 次 获取到号码【1443474】GSD
2024-09-08 00:19:51 未获取到号码【1443474】GSD，可能号码格式错误
2024-09-08 00:19:51 获取到号码【1443474】的GSD为【-】
2024-09-08 00:19:59 GSD insert 第 1 次 等待 3 秒
2024-09-08 00:20:02 {"status":"bad","gid":"589626","msg":"添加失败！号码【1443474(-|-)】已存在！"}

2024-09-08 00:38:43 开始第 3477 次操作

2024-09-08 00:38:43 开始操作号码 【1443475】
2024-09-08 00:38:52 GSD getOne 第 1 次 等待 3 秒
2024-09-08 00:38:55 查询号码 【1443475】，返回信息 {"status":"ok","msg":"-","gid":"589643","time_insert":"2023-03-14 06:32"}
2024-09-08 00:38:55 查询号码 【1443475】，GSD为【"-"】
2024-09-08 00:38:55 ok && -
2024-09-08 00:38:57 CHB 1443475?1725727135 第 1 次 等待 3 秒
2024-09-08 00:39:00 CHB 1443475?1725727135 第 1 次 获取到号码【1443475】GSD
2024-09-08 00:39:00 未获取到号码【1443475】GSD，可能号码格式错误
2024-09-08 00:39:00 获取到号码【1443475】的GSD为【-】
2024-09-08 00:39:17 GSD insert 第 1 次 等待 3 秒
2024-09-08 00:39:20 {"status":"bad","gid":"589643","msg":"添加失败！号码【1443475(-|-)】已存在！"}
2024-09-08 00:39:20 随机等待 132 秒，约 2 分钟
2024-09-08 00:39:20 下次操作: 2024-09-08 00:41:32

2024-09-08 00:41:32 开始第 3478 次操作

2024-09-08 00:41:32 开始操作号码 【1443476】
2024-09-08 00:41:39 GSD getOne 第 1 次 等待 3 秒
2024-09-08 00:41:42 查询号码 【1443476】，返回信息 {"status":"ok","msg":"-","gid":"589668","time_insert":"2023-03-14 06:48"}
2024-09-08 00:41:42 查询号码 【1443476】，GSD为【"-"】
2024-09-08 00:41:42 ok && -
2024-09-08 00:41:44 CHB 1443476?1725727302 第 1 次 等待 3 秒
2024-09-08 00:41:47 CHB 1443476?1725727302 第 1 次 获取到号码【1443476】GSD
2024-09-08 00:41:47 未获取到号码【1443476】GSD，可能号码格式错误
2024-09-08 00:41:47 获取到号码【1443476】的GSD为【-】
2024-09-08 00:41:56 GSD insert 第 1 次 等待 3 秒
2024-09-08 00:41:59 {"status":"bad","gid":"589668","msg":"添加失败！号码【1443476(-|-)】已存在！"}
2024-09-08 00:41:59 随机等待 197 秒，约 3 分钟
2024-09-08 00:41:59 下次操作: 2024-09-08 00:45:16

2024-09-08 00:45:16 开始第 3479 次操作

2024-09-08 00:45:16 开始操作号码 【1443477】
2024-09-08 00:45:23 GSD getOne 第 1 次 等待 3 秒
2024-09-08 00:45:26 查询号码 【1443477】，返回信息 {"status":"ok","msg":"-","gid":"589696","time_insert":"2023-03-14 07:08"}
2024-09-08 00:45:26 查询号码 【1443477】，GSD为【"-"】
2024-09-08 00:45:26 ok && -
2024-09-08 00:45:44 CHB 1443477?1725727526 第 1 次 等待 3 秒
2024-09-08 00:45:47 CHB 1443477?1725727526 第 1 次 获取到号码【1443477】GSD
2024-09-08 00:45:47 未获取到号码【1443477】GSD，可能号码格式错误
2024-09-08 00:45:47 获取到号码【1443477】的GSD为【-】
2024-09-08 00:45:54 GSD insert 第 1 次 等待 3 秒
2024-09-08 00:45:57 {"status":"bad","gid":"589696","msg":"添加失败！号码【1443477(-|-)】已存在！"}
2024-09-08 00:45:57 随机等待 145 秒，约 2 分钟
2024-09-08 00:45:57 下次操作: 2024-09-08 00:48:22

2024-09-08 00:48:22 开始第 3480 次操作

2024-09-08 00:48:22 开始操作号码 【1443478】
2024-09-08 00:48:31 GSD getOne 第 1 次 等待 3 秒
2024-09-08 00:48:34 查询号码 【1443478】，返回信息 {"status":"ok","msg":"-","gid":"589718","time_insert":"2023-03-14 07:24"}
2024-09-08 00:48:34 查询号码 【1443478】，GSD为【"-"】
2024-09-08 00:48:34 ok && -
2024-09-08 00:48:55 CHB 1443478?1725727714 第 1 次 等待 3 秒
2024-09-08 00:48:58 CHB 1443478?1725727714 第 1 次 获取到号码【1443478】GSD
2024-09-08 00:48:58 未获取到号码【1443478】GSD，可能号码格式错误
2024-09-08 00:48:58 获取到号码【1443478】的GSD为【-】
2024-09-08 00:49:06 GSD insert 第 1 次 等待 3 秒
2024-09-08 00:49:09 {"status":"bad","gid":"589718","msg":"添加失败！号码【1443478(-|-)】已存在！"}

