2024-03-02 00:10:26 开始第 6769 次操作

2024-03-02 00:10:26 开始操作号码 【1776682】
2024-03-02 00:10:33 GSD getOne 第 1 次 等待 3 秒
2024-03-02 00:10:36 查询号码 【1776682】，返回信息 {"status":"ok","msg":"吉林-辽源","gid":"237748","time_insert":"2021-07-10 07:49"}
2024-03-02 00:10:36 查询号码 【1776682】，GSD为【"吉林-辽源"】

2024-03-02 00:10:37 开始第 6770 次操作

2024-03-02 00:10:37 开始操作号码 【1776683】
2024-03-02 00:10:41 GSD getOne 第 1 次 等待 3 秒
2024-03-02 00:10:44 查询号码 【1776683】，返回信息 {"status":"ok","msg":"吉林-白城","gid":"237737","time_insert":"2021-07-10 07:49"}
2024-03-02 00:10:44 查询号码 【1776683】，GSD为【"吉林-白城"】

2024-03-02 00:10:45 开始第 6771 次操作

2024-03-02 00:10:45 开始操作号码 【1776684】
2024-03-02 00:10:50 GSD getOne 第 1 次 等待 3 秒
2024-03-02 00:10:53 查询号码 【1776684】，返回信息 {"status":"ok","msg":"吉林-松原","gid":"237728","time_insert":"2021-07-10 07:48"}
2024-03-02 00:10:53 查询号码 【1776684】，GSD为【"吉林-松原"】

2024-03-02 00:10:54 开始第 6772 次操作

2024-03-02 00:10:54 开始操作号码 【1776685】
2024-03-02 00:10:58 GSD getOne 第 1 次 等待 3 秒
2024-03-02 00:11:01 查询号码 【1776685】，返回信息 {"status":"ok","msg":"吉林-通化","gid":"237717","time_insert":"2021-07-10 07:47"}
2024-03-02 00:11:02 查询号码 【1776685】，GSD为【"吉林-通化"】

2024-03-02 00:34:23 开始第 6773 次操作

2024-03-02 00:34:23 开始操作号码 【1776686】
2024-03-02 00:34:30 GSD getOne 第 1 次 等待 3 秒
2024-03-02 00:34:33 查询号码 【1776686】，返回信息 {"status":"ok","msg":"吉林-白山","gid":"237703","time_insert":"2021-07-10 07:46"}
2024-03-02 00:34:33 查询号码 【1776686】，GSD为【"吉林-白山"】

2024-03-02 00:34:34 开始第 6774 次操作

2024-03-02 00:34:34 开始操作号码 【1776687】
2024-03-02 00:34:39 GSD getOne 第 1 次 等待 3 秒
2024-03-02 00:34:42 查询号码 【1776687】，返回信息 {"status":"ok","msg":"吉林-吉林","gid":"237693","time_insert":"2021-07-10 07:46"}
2024-03-02 00:34:42 查询号码 【1776687】，GSD为【"吉林-吉林"】

2024-03-02 00:34:43 开始第 6775 次操作

2024-03-02 00:34:43 开始操作号码 【1776688】
2024-03-02 00:34:48 GSD getOne 第 1 次 等待 3 秒
2024-03-02 00:34:51 查询号码 【1776688】，返回信息 {"status":"ok","msg":"吉林-延边","gid":"237683","time_insert":"2021-07-10 07:45"}
2024-03-02 00:34:51 查询号码 【1776688】，GSD为【"吉林-延边"】

2024-03-02 00:34:52 开始第 6776 次操作

2024-03-02 00:34:52 开始操作号码 【1776689】
2024-03-02 00:34:57 GSD getOne 第 1 次 等待 3 秒
2024-03-02 00:35:00 查询号码 【1776689】，返回信息 {"status":"ok","msg":"吉林-松原","gid":"237672","time_insert":"2021-07-10 07:44"}
2024-03-02 00:35:00 查询号码 【1776689】，GSD为【"吉林-松原"】

