2023-11-08 00:11:27 开始第 7629 次操作

2023-11-08 00:11:27 开始操作号码 【1987542】
2023-11-08 00:11:30 GSD getOne 第 1 次 等待 3 秒
2023-11-08 00:11:33 查询号码 【1987542】，返回信息 {"status":"ok","msg":"广东-汕头","gid":"485957","time_insert":"2021-08-03 03:01"}
2023-11-08 00:11:33 查询号码 【1987542】，GSD为【"广东-汕头"】

2023-11-08 00:11:34 开始第 7630 次操作

2023-11-08 00:11:34 开始操作号码 【1987543】
2023-11-08 00:11:40 GSD getOne 第 1 次 等待 3 秒
2023-11-08 00:11:43 查询号码 【1987543】，返回信息 {"status":"ok","msg":"广东-汕头","gid":"485946","time_insert":"2021-08-03 03:01"}
2023-11-08 00:11:43 查询号码 【1987543】，GSD为【"广东-汕头"】

2023-11-08 00:11:44 开始第 7631 次操作

2023-11-08 00:11:44 开始操作号码 【1987544】
2023-11-08 00:11:46 GSD getOne 第 1 次 等待 3 秒
2023-11-08 00:11:49 查询号码 【1987544】，返回信息 {"status":"ok","msg":"广东-深圳","gid":"485936","time_insert":"2021-08-03 03:00"}
2023-11-08 00:11:49 查询号码 【1987544】，GSD为【"广东-深圳"】

2023-11-08 00:11:50 开始第 7632 次操作

2023-11-08 00:11:50 开始操作号码 【1987545】
2023-11-08 00:11:53 GSD getOne 第 1 次 等待 3 秒
2023-11-08 00:11:56 查询号码 【1987545】，返回信息 {"status":"ok","msg":"广东-广州","gid":"485927","time_insert":"2021-08-03 03:00"}
2023-11-08 00:11:56 查询号码 【1987545】，GSD为【"广东-广州"】

