2024-02-01 00:10:35 开始第 1249 次操作

2024-02-01 00:10:35 开始操作号码 【1771162】
2024-02-01 00:10:39 GSD getOne 第 1 次 等待 3 秒
2024-02-01 00:10:42 查询号码 【1771162】，返回信息 {"status":"ok","msg":"湖南-湘潭","gid":"286663","time_insert":"2021-07-15 19:14"}
2024-02-01 00:10:42 查询号码 【1771162】，GSD为【"湖南-湘潭"】

2024-02-01 00:10:43 开始第 1250 次操作

2024-02-01 00:10:43 开始操作号码 【1771163】
2024-02-01 00:10:47 GSD getOne 第 1 次 等待 3 秒
2024-02-01 00:10:50 查询号码 【1771163】，返回信息 {"status":"ok","msg":"湖南-株洲","gid":"286723","time_insert":"2021-07-15 19:28"}
2024-02-01 00:10:50 查询号码 【1771163】，GSD为【"湖南-株洲"】

2024-02-01 00:10:51 开始第 1251 次操作

2024-02-01 00:10:51 开始操作号码 【1771164】
2024-02-01 00:10:55 GSD getOne 第 1 次 等待 3 秒
2024-02-01 00:10:58 查询号码 【1771164】，返回信息 {"status":"ok","msg":"湖南-衡阳","gid":"286761","time_insert":"2021-07-15 19:38"}
2024-02-01 00:10:58 查询号码 【1771164】，GSD为【"湖南-衡阳"】

2024-02-01 00:10:59 开始第 1252 次操作

2024-02-01 00:10:59 开始操作号码 【1771165】
2024-02-01 00:11:03 GSD getOne 第 1 次 等待 3 秒
2024-02-01 00:11:06 查询号码 【1771165】，返回信息 {"status":"ok","msg":"湖南-郴州","gid":"286876","time_insert":"2021-07-15 19:49","time_update":"2021-07-16 15:20"}
2024-02-01 00:11:06 查询号码 【1771165】，GSD为【"湖南-郴州"】

