2024-06-24 00:10:45 开始第 2869 次操作

2024-06-24 00:10:45 开始操作号码 【1552782】
2024-06-24 00:11:04 GSD getOne 第 1 次 等待 3 秒
2024-06-24 00:11:07 查询号码 【1552782】，返回信息 {"status":"ok","msg":"湖北-武汉","gid":"200992","time_insert":"2021-07-05 21:49"}
2024-06-24 00:11:07 查询号码 【1552782】，GSD为【"湖北-武汉"】

2024-06-24 00:11:08 开始第 2870 次操作

2024-06-24 00:11:08 开始操作号码 【1552783】
2024-06-24 00:11:25 GSD getOne 第 1 次 等待 3 秒
2024-06-24 00:11:28 查询号码 【1552783】，返回信息 {"status":"ok","msg":"湖北-武汉","gid":"201173","time_insert":"2021-07-05 22:07"}
2024-06-24 00:11:28 查询号码 【1552783】，GSD为【"湖北-武汉"】

2024-06-24 00:11:29 开始第 2871 次操作

2024-06-24 00:11:29 开始操作号码 【1552784】
2024-06-24 00:11:43 GSD getOne 第 1 次 等待 3 秒
2024-06-24 00:11:46 查询号码 【1552784】，返回信息 {"status":"ok","msg":"湖北-武汉","gid":"21906","time_insert":"2017-07-21 21:01","time_update":"2020-09-17 11:40"}
2024-06-24 00:11:46 查询号码 【1552784】，GSD为【"湖北-武汉"】

2024-06-24 00:11:47 开始第 2872 次操作

2024-06-24 00:11:47 开始操作号码 【1552785】
2024-06-24 00:12:01 GSD getOne 第 1 次 等待 3 秒
2024-06-24 00:12:04 查询号码 【1552785】，返回信息 {"status":"ok","msg":"湖北-武汉","gid":"201247","time_insert":"2021-07-05 22:24"}
2024-06-24 00:12:04 查询号码 【1552785】，GSD为【"湖北-武汉"】

