2024-11-27 00:16:30 开始第 7097 次操作

2024-11-27 00:16:30 开始操作号码 【1337096】
2024-11-27 00:16:32 GSD getOne 第 1 次 等待 3 秒
2024-11-27 00:16:35 查询号码 【1337096】，返回信息 {"status":"ok","msg":"山东-聊城","gid":"286529","time_insert":"2021-07-15 19:00"}
2024-11-27 00:16:35 查询号码 【1337096】，GSD为【"山东-聊城"】

2024-11-27 00:16:36 开始第 7098 次操作

2024-11-27 00:16:36 开始操作号码 【1337097】
2024-11-27 00:16:37 GSD getOne 第 1 次 等待 3 秒
2024-11-27 00:16:40 查询号码 【1337097】，返回信息 {"status":"ok","msg":"山东-聊城","gid":"286522","time_insert":"2021-07-15 19:00"}
2024-11-27 00:16:40 查询号码 【1337097】，GSD为【"山东-聊城"】

2024-11-27 00:16:41 开始第 7099 次操作

2024-11-27 00:16:41 开始操作号码 【1337098】
2024-11-27 00:16:42 GSD getOne 第 1 次 等待 3 秒
2024-11-27 00:16:45 查询号码 【1337098】，返回信息 {"status":"ok","msg":"山东-枣庄","gid":"286508","time_insert":"2021-07-15 18:59"}
2024-11-27 00:16:45 查询号码 【1337098】，GSD为【"山东-枣庄"】

2024-11-27 00:16:46 开始第 7100 次操作

2024-11-27 00:16:46 开始操作号码 【1337099】
2024-11-27 00:16:47 GSD getOne 第 1 次 等待 3 秒
2024-11-27 00:16:50 查询号码 【1337099】，返回信息 {"status":"ok","msg":"山东-枣庄","gid":"286499","time_insert":"2021-07-15 18:58"}
2024-11-27 00:16:50 查询号码 【1337099】，GSD为【"山东-枣庄"】

2024-11-27 00:45:47 开始第 7101 次操作

2024-11-27 00:45:47 开始操作号码 【1337100】
2024-11-27 00:45:48 GSD getOne 第 1 次 等待 3 秒
2024-11-27 00:45:51 查询号码 【1337100】，返回信息 {"status":"ok","msg":"山东-泰安","gid":"286487","time_insert":"2021-07-15 18:57"}
2024-11-27 00:45:51 查询号码 【1337100】，GSD为【"山东-泰安"】

2024-11-27 00:45:52 开始第 7102 次操作

2024-11-27 00:45:52 开始操作号码 【1337101】
2024-11-27 00:45:53 GSD getOne 第 1 次 等待 3 秒
2024-11-27 00:45:56 查询号码 【1337101】，返回信息 {"status":"ok","msg":"山东-泰安","gid":"286479","time_insert":"2021-07-15 18:56"}
2024-11-27 00:45:56 查询号码 【1337101】，GSD为【"山东-泰安"】

2024-11-27 00:45:57 开始第 7103 次操作

2024-11-27 00:45:57 开始操作号码 【1337102】
2024-11-27 00:45:58 GSD getOne 第 1 次 等待 3 秒
2024-11-27 00:46:01 查询号码 【1337102】，返回信息 {"status":"ok","msg":"山东-泰安","gid":"286465","time_insert":"2021-07-15 18:55"}
2024-11-27 00:46:01 查询号码 【1337102】，GSD为【"山东-泰安"】

2024-11-27 00:46:02 开始第 7104 次操作

2024-11-27 00:46:02 开始操作号码 【1337103】
2024-11-27 00:46:03 GSD getOne 第 1 次 等待 3 秒
2024-11-27 00:46:06 查询号码 【1337103】，返回信息 {"status":"ok","msg":"山东-泰安","gid":"286459","time_insert":"2021-07-15 18:54"}
2024-11-27 00:46:06 查询号码 【1337103】，GSD为【"山东-泰安"】

