2024-07-01 00:11:58 开始第 4141 次操作

2024-07-01 00:11:58 开始操作号码 【1554050】
2024-07-01 00:12:11 GSD getOne 第 1 次 等待 3 秒
2024-07-01 00:12:14 查询号码 【1554050】，返回信息 {"status":"ok","msg":"内蒙古-通辽","gid":"318083","time_insert":"2021-07-18 19:22"}
2024-07-01 00:12:14 查询号码 【1554050】，GSD为【"内蒙古-通辽"】

2024-07-01 00:12:15 开始第 4142 次操作

2024-07-01 00:12:15 开始操作号码 【1554051】
2024-07-01 00:12:29 GSD getOne 第 1 次 等待 3 秒
2024-07-01 00:12:32 查询号码 【1554051】，返回信息 {"status":"ok","msg":"内蒙古-通辽","gid":"318298","time_insert":"2021-07-18 19:46"}
2024-07-01 00:12:32 查询号码 【1554051】，GSD为【"内蒙古-通辽"】

2024-07-01 00:12:33 开始第 4143 次操作

2024-07-01 00:12:33 开始操作号码 【1554052】
2024-07-01 00:12:49 GSD getOne 第 1 次 等待 3 秒
2024-07-01 00:12:52 查询号码 【1554052】，返回信息 {"status":"ok","msg":"内蒙古-通辽","gid":"318431","time_insert":"2021-07-18 19:55"}
2024-07-01 00:12:52 查询号码 【1554052】，GSD为【"内蒙古-通辽"】

2024-07-01 00:12:53 开始第 4144 次操作

2024-07-01 00:12:53 开始操作号码 【1554053】
2024-07-01 00:13:07 GSD getOne 第 1 次 等待 3 秒
2024-07-01 00:13:10 查询号码 【1554053】，返回信息 {"status":"ok","msg":"内蒙古-通辽","gid":"318536","time_insert":"2021-07-18 20:04"}
2024-07-01 00:13:10 查询号码 【1554053】，GSD为【"内蒙古-通辽"】

2024-07-01 00:37:53 开始第 4145 次操作

2024-07-01 00:37:53 开始操作号码 【1554054】
2024-07-01 00:38:11 GSD getOne 第 1 次 等待 3 秒
2024-07-01 00:38:14 查询号码 【1554054】，返回信息 {"status":"ok","msg":"内蒙古-通辽","gid":"318590","time_insert":"2021-07-18 20:14"}
2024-07-01 00:38:14 查询号码 【1554054】，GSD为【"内蒙古-通辽"】

2024-07-01 00:38:15 开始第 4146 次操作

2024-07-01 00:38:15 开始操作号码 【1554055】
2024-07-01 00:38:32 GSD getOne 第 1 次 等待 3 秒
2024-07-01 00:38:35 查询号码 【1554055】，返回信息 {"status":"ok","msg":"内蒙古-通辽","gid":"318621","time_insert":"2021-07-18 20:24"}
2024-07-01 00:38:35 查询号码 【1554055】，GSD为【"内蒙古-通辽"】

2024-07-01 00:38:36 开始第 4147 次操作

2024-07-01 00:38:36 开始操作号码 【1554056】
2024-07-01 00:38:51 GSD getOne 第 1 次 等待 3 秒
2024-07-01 00:38:54 查询号码 【1554056】，返回信息 {"status":"ok","msg":"内蒙古-通辽","gid":"318644","time_insert":"2021-07-18 20:33"}
2024-07-01 00:38:54 查询号码 【1554056】，GSD为【"内蒙古-通辽"】

2024-07-01 00:38:55 开始第 4148 次操作

2024-07-01 00:38:55 开始操作号码 【1554057】
2024-07-01 00:39:10 GSD getOne 第 1 次 等待 3 秒
2024-07-01 00:39:13 查询号码 【1554057】，返回信息 {"status":"ok","msg":"内蒙古-呼伦贝尔","gid":"318676","time_insert":"2021-07-18 20:43"}
2024-07-01 00:39:13 查询号码 【1554057】，GSD为【"内蒙古-呼伦贝尔"】

2024-07-01 01:08:58 开始第 4149 次操作

2024-07-01 01:08:58 开始操作号码 【1554058】
2024-07-01 01:09:16 GSD getOne 第 1 次 等待 3 秒
2024-07-01 01:09:19 查询号码 【1554058】，返回信息 {"status":"ok","msg":"内蒙古-呼伦贝尔","gid":"318707","time_insert":"2021-07-18 20:54"}
2024-07-01 01:09:20 查询号码 【1554058】，GSD为【"内蒙古-呼伦贝尔"】

2024-07-01 01:09:21 开始第 4150 次操作

2024-07-01 01:09:21 开始操作号码 【1554059】
2024-07-01 01:09:40 GSD getOne 第 1 次 等待 3 秒
2024-07-01 01:09:43 查询号码 【1554059】，返回信息 {"status":"ok","msg":"内蒙古-呼伦贝尔","gid":"318834","time_insert":"2021-07-18 21:04"}
2024-07-01 01:09:43 查询号码 【1554059】，GSD为【"内蒙古-呼伦贝尔"】

2024-07-01 01:09:44 开始第 4151 次操作

2024-07-01 01:09:44 开始操作号码 【1554060】
2024-07-01 01:10:04 GSD getOne 第 1 次 等待 3 秒
2024-07-01 01:10:07 查询号码 【1554060】，返回信息 {"status":"ok","msg":"内蒙古-赤峰","gid":"318989","time_insert":"2021-07-18 21:14"}
2024-07-01 01:10:07 查询号码 【1554060】，GSD为【"内蒙古-赤峰"】

2024-07-01 01:10:08 开始第 4152 次操作

2024-07-01 01:10:08 开始操作号码 【1554061】
2024-07-01 01:10:27 GSD getOne 第 1 次 等待 3 秒
2024-07-01 01:10:30 查询号码 【1554061】，返回信息 {"status":"ok","msg":"内蒙古-赤峰","gid":"319121","time_insert":"2021-07-18 21:23"}
2024-07-01 01:10:30 查询号码 【1554061】，GSD为【"内蒙古-赤峰"】

