2024-09-10 00:12:32 开始第 3833 次操作

2024-09-10 00:12:32 开始操作号码 【1443831】
2024-09-10 00:12:45 GSD getOne 第 1 次 等待 3 秒
2024-09-10 00:12:48 查询号码 【1443831】，返回信息 {"status":"ok","msg":"-","gid":"597710","time_insert":"2023-03-18 04:24"}
2024-09-10 00:12:48 查询号码 【1443831】，GSD为【"-"】
2024-09-10 00:12:48 ok && -
2024-09-10 00:14:18 CHB 1443831?1725898368 第 1 次 等待 3 秒
2024-09-10 00:14:21 CHB 1443831?1725898368 第 1 次 获取到号码【1443831】GSD
2024-09-10 00:14:21 未获取到号码【1443831】GSD，可能号码格式错误
2024-09-10 00:14:21 获取到号码【1443831】的GSD为【-】
2024-09-10 00:14:28 GSD insert 第 1 次 等待 3 秒
2024-09-10 00:14:31 {"status":"bad","gid":"597710","msg":"添加失败！号码【1443831(-|-)】已存在！"}
2024-09-10 00:14:31 随机等待 185 秒，约 3 分钟
2024-09-10 00:14:31 下次操作: 2024-09-10 00:17:36

2024-09-10 00:17:36 开始第 3834 次操作

2024-09-10 00:17:36 开始操作号码 【1443832】
2024-09-10 00:17:45 GSD getOne 第 1 次 等待 3 秒
2024-09-10 00:17:48 查询号码 【1443832】，返回信息 {"status":"ok","msg":"-","gid":"597752","time_insert":"2023-03-18 04:46"}
2024-09-10 00:17:48 查询号码 【1443832】，GSD为【"-"】
2024-09-10 00:17:48 ok && -
2024-09-10 00:17:52 CHB 1443832?1725898668 第 1 次 等待 3 秒
2024-09-10 00:17:55 CHB 1443832?1725898668 第 1 次 获取到号码【1443832】GSD
2024-09-10 00:17:55 未获取到号码【1443832】GSD，可能号码格式错误
2024-09-10 00:17:55 获取到号码【1443832】的GSD为【-】
2024-09-10 00:18:03 GSD insert 第 1 次 等待 3 秒
2024-09-10 00:18:06 {"status":"bad","gid":"597752","msg":"添加失败！号码【1443832(-|-)】已存在！"}
2024-09-10 00:18:06 随机等待 195 秒，约 3 分钟
2024-09-10 00:18:06 下次操作: 2024-09-10 00:21:21

2024-09-10 00:21:21 开始第 3835 次操作

2024-09-10 00:21:21 开始操作号码 【1443833】
2024-09-10 00:21:30 GSD getOne 第 1 次 等待 3 秒
2024-09-10 00:21:33 查询号码 【1443833】，返回信息 {"status":"ok","msg":"-","gid":"597773","time_insert":"2023-03-18 04:59"}
2024-09-10 00:21:33 查询号码 【1443833】，GSD为【"-"】
2024-09-10 00:21:33 ok && -
2024-09-10 00:21:41 CHB 1443833?1725898893 第 1 次 等待 3 秒
2024-09-10 00:21:44 CHB 1443833?1725898893 第 1 次 获取到号码【1443833】GSD
2024-09-10 00:21:44 未获取到号码【1443833】GSD，可能号码格式错误
2024-09-10 00:21:44 获取到号码【1443833】的GSD为【-】
2024-09-10 00:21:56 GSD insert 第 1 次 等待 3 秒
2024-09-10 00:21:59 {"status":"bad","gid":"597773","msg":"添加失败！号码【1443833(-|-)】已存在！"}
2024-09-10 00:21:59 随机等待 137 秒，约 2 分钟
2024-09-10 00:21:59 下次操作: 2024-09-10 00:24:16

2024-09-10 00:24:16 开始第 3836 次操作

2024-09-10 00:24:16 开始操作号码 【1443834】
2024-09-10 00:24:24 GSD getOne 第 1 次 等待 3 秒
2024-09-10 00:24:27 查询号码 【1443834】，返回信息 {"status":"ok","msg":"-","gid":"597807","time_insert":"2023-03-18 05:21"}
2024-09-10 00:24:27 查询号码 【1443834】，GSD为【"-"】
2024-09-10 00:24:27 ok && -
2024-09-10 00:29:27 CHB 1443834?1725899067 第 1 次 等待 3 秒
2024-09-10 00:29:30 CHB 1443834?1725899067 第 1 次 未获取到 等待 204 秒 下次操作: 2024-09-10 00:32:54
2024-09-10 00:32:58 CHB 1443834?1725899574 第 2 次 等待 3 秒
2024-09-10 00:33:01 CHB 1443834?1725899574 第 2 次 获取到号码【1443834】GSD
2024-09-10 00:33:01 未获取到号码【1443834】GSD，可能号码格式错误
2024-09-10 00:33:01 获取到号码【1443834】的GSD为【-】
2024-09-10 00:33:08 GSD insert 第 1 次 等待 3 秒
2024-09-10 00:33:11 {"status":"bad","gid":"597807","msg":"添加失败！号码【1443834(-|-)】已存在！"}

