2024-10-27 00:13:12 开始第 1661 次操作

2024-10-27 00:13:12 开始操作号码 【1331660】
2024-10-27 00:13:13 GSD getOne 第 1 次 等待 3 秒
2024-10-27 00:13:16 查询号码 【1331660】，返回信息 {"status":"ok","msg":"广东-东莞","gid":"71992","time_insert":"2021-05-29 08:04"}
2024-10-27 00:13:16 查询号码 【1331660】，GSD为【"广东-东莞"】

2024-10-27 00:13:17 开始第 1662 次操作

2024-10-27 00:13:17 开始操作号码 【1331661】
2024-10-27 00:13:18 GSD getOne 第 1 次 等待 3 秒
2024-10-27 00:13:21 查询号码 【1331661】，返回信息 {"status":"ok","msg":"广东-东莞","gid":"72006","time_insert":"2021-05-29 08:23"}
2024-10-27 00:13:21 查询号码 【1331661】，GSD为【"广东-东莞"】

2024-10-27 00:13:22 开始第 1663 次操作

2024-10-27 00:13:22 开始操作号码 【1331662】
2024-10-27 00:13:23 GSD getOne 第 1 次 等待 3 秒
2024-10-27 00:13:26 查询号码 【1331662】，返回信息 {"status":"ok","msg":"广东-东莞","gid":"72019","time_insert":"2021-05-29 08:39"}
2024-10-27 00:13:26 查询号码 【1331662】，GSD为【"广东-东莞"】

2024-10-27 00:13:27 开始第 1664 次操作

2024-10-27 00:13:27 开始操作号码 【1331663】
2024-10-27 00:13:28 GSD getOne 第 1 次 等待 3 秒
2024-10-27 00:13:31 查询号码 【1331663】，返回信息 {"status":"ok","msg":"广东-东莞","gid":"72038","time_insert":"2021-05-29 09:09"}
2024-10-27 00:13:31 查询号码 【1331663】，GSD为【"广东-东莞"】

