2024-09-07 00:12:28 开始第 3297 次操作

2024-09-07 00:12:28 开始操作号码 【1443296】
2024-09-07 00:12:37 GSD getOne 第 1 次 等待 3 秒
2024-09-07 00:12:40 查询号码 【1443296】，返回信息 {"status":"ok","msg":"-","gid":"585528","time_insert":"2023-03-12 08:40"}
2024-09-07 00:12:40 查询号码 【1443296】，GSD为【"-"】
2024-09-07 00:12:40 ok && -
2024-09-07 00:15:45 CHB 1443296?1725639160 第 1 次 等待 3 秒
2024-09-07 00:15:48 CHB 1443296?1725639160 第 1 次 未获取到 等待 206 秒 下次操作: 2024-09-07 00:19:14
2024-09-07 00:19:16 CHB 1443296?1725639554 第 2 次 等待 3 秒
2024-09-07 00:19:19 CHB 1443296?1725639554 第 2 次 获取到号码【1443296】GSD
2024-09-07 00:19:19 未获取到号码【1443296】GSD，可能号码格式错误
2024-09-07 00:19:19 获取到号码【1443296】的GSD为【-】
2024-09-07 00:19:28 GSD insert 第 1 次 等待 3 秒
2024-09-07 00:19:31 {"status":"bad","gid":"585528","msg":"添加失败！号码【1443296(-|-)】已存在！"}
2024-09-07 00:19:31 随机等待 200 秒，约 3 分钟
2024-09-07 00:19:31 下次操作: 2024-09-07 00:22:51

2024-09-07 00:22:51 开始第 3298 次操作

2024-09-07 00:22:51 开始操作号码 【1443297】
2024-09-07 00:22:59 GSD getOne 第 1 次 等待 3 秒
2024-09-07 00:23:02 查询号码 【1443297】，返回信息 {"status":"ok","msg":"-","gid":"585552","time_insert":"2023-03-12 09:02"}
2024-09-07 00:23:02 查询号码 【1443297】，GSD为【"-"】
2024-09-07 00:23:02 ok && -
2024-09-07 00:23:04 CHB 1443297?1725639782 第 1 次 等待 3 秒
2024-09-07 00:23:07 CHB 1443297?1725639782 第 1 次 获取到号码【1443297】GSD
2024-09-07 00:23:07 未获取到号码【1443297】GSD，可能号码格式错误
2024-09-07 00:23:07 获取到号码【1443297】的GSD为【-】
2024-09-07 00:23:15 GSD insert 第 1 次 等待 3 秒
2024-09-07 00:23:18 {"status":"bad","gid":"585552","msg":"添加失败！号码【1443297(-|-)】已存在！"}
2024-09-07 00:23:18 随机等待 211 秒，约 3 分钟
2024-09-07 00:23:18 下次操作: 2024-09-07 00:26:49

2024-09-07 00:26:49 开始第 3299 次操作

2024-09-07 00:26:49 开始操作号码 【1443298】
2024-09-07 00:26:57 GSD getOne 第 1 次 等待 3 秒
2024-09-07 00:27:00 查询号码 【1443298】，返回信息 {"status":"ok","msg":"-","gid":"585574","time_insert":"2023-03-12 09:20"}
2024-09-07 00:27:00 查询号码 【1443298】，GSD为【"-"】
2024-09-07 00:27:00 ok && -
2024-09-07 00:27:03 CHB 1443298?1725640020 第 1 次 等待 3 秒
2024-09-07 00:27:06 CHB 1443298?1725640020 第 1 次 获取到号码【1443298】GSD
2024-09-07 00:27:06 未获取到号码【1443298】GSD，可能号码格式错误
2024-09-07 00:27:06 获取到号码【1443298】的GSD为【-】
2024-09-07 00:27:15 GSD insert 第 1 次 等待 3 秒
2024-09-07 00:27:18 {"status":"bad","gid":"585574","msg":"添加失败！号码【1443298(-|-)】已存在！"}
2024-09-07 00:27:18 随机等待 69 秒，约 1 分钟
2024-09-07 00:27:18 下次操作: 2024-09-07 00:28:27

2024-09-07 00:28:27 开始第 3300 次操作

2024-09-07 00:28:27 开始操作号码 【1443299】
2024-09-07 00:28:35 GSD getOne 第 1 次 等待 3 秒
2024-09-07 00:28:38 查询号码 【1443299】，返回信息 {"status":"ok","msg":"-","gid":"585584","time_insert":"2023-03-12 09:31"}
2024-09-07 00:28:38 查询号码 【1443299】，GSD为【"-"】
2024-09-07 00:28:38 ok && -
2024-09-07 00:28:40 CHB 1443299?1725640118 第 1 次 等待 3 秒
2024-09-07 00:28:43 CHB 1443299?1725640118 第 1 次 获取到号码【1443299】GSD
2024-09-07 00:28:43 未获取到号码【1443299】GSD，可能号码格式错误
2024-09-07 00:28:43 获取到号码【1443299】的GSD为【-】
2024-09-07 00:28:54 GSD insert 第 1 次 等待 3 秒
2024-09-07 00:28:57 {"status":"bad","gid":"585584","msg":"添加失败！号码【1443299(-|-)】已存在！"}

