2024-01-20 00:11:43 开始第 9921 次操作

2024-01-20 00:11:43 开始操作号码 【1889834】
2024-01-20 00:11:47 GSD getOne 第 1 次 等待 3 秒
2024-01-20 00:11:50 查询号码 【1889834】，返回信息 {"status":"ok","msg":"广东-湛江","gid":"415636","time_insert":"2021-07-27 18:01"}
2024-01-20 00:11:50 查询号码 【1889834】，GSD为【"广东-湛江"】

2024-01-20 00:11:51 开始第 9922 次操作

2024-01-20 00:11:51 开始操作号码 【1889835】
2024-01-20 00:11:56 GSD getOne 第 1 次 等待 3 秒
2024-01-20 00:11:59 查询号码 【1889835】，返回信息 {"status":"ok","msg":"广东-深圳","gid":"44863","time_insert":"2015-06-20 17:29","time_update":"2020-10-02 15:24"}
2024-01-20 00:11:59 查询号码 【1889835】，GSD为【"广东-深圳"】

2024-01-20 00:12:00 开始第 9923 次操作

2024-01-20 00:12:00 开始操作号码 【1889836】
2024-01-20 00:12:04 GSD getOne 第 1 次 等待 3 秒
2024-01-20 00:12:07 查询号码 【1889836】，返回信息 {"status":"ok","msg":"广东-深圳","gid":"415625","time_insert":"2021-07-27 18:01"}
2024-01-20 00:12:07 查询号码 【1889836】，GSD为【"广东-深圳"】

2024-01-20 00:12:08 开始第 9924 次操作

2024-01-20 00:12:08 开始操作号码 【1889837】
2024-01-20 00:12:13 GSD getOne 第 1 次 等待 3 秒
2024-01-20 00:12:16 查询号码 【1889837】，返回信息 {"status":"ok","msg":"广东-湛江","gid":"415615","time_insert":"2021-07-27 18:00"}
2024-01-20 00:12:16 查询号码 【1889837】，GSD为【"广东-湛江"】

2024-01-20 00:38:42 开始第 9925 次操作

2024-01-20 00:38:42 开始操作号码 【1889838】
2024-01-20 00:38:46 GSD getOne 第 1 次 等待 3 秒
2024-01-20 00:38:49 查询号码 【1889838】，返回信息 {"status":"ok","msg":"广东-中山","gid":"415601","time_insert":"2021-07-27 17:59"}
2024-01-20 00:38:50 查询号码 【1889838】，GSD为【"广东-中山"】

2024-01-20 00:38:51 开始第 9926 次操作

2024-01-20 00:38:51 开始操作号码 【1889839】
2024-01-20 00:38:55 GSD getOne 第 1 次 等待 3 秒
2024-01-20 00:38:58 查询号码 【1889839】，返回信息 {"status":"ok","msg":"广东-中山","gid":"415591","time_insert":"2021-07-27 17:59"}
2024-01-20 00:38:58 查询号码 【1889839】，GSD为【"广东-中山"】

2024-01-20 00:38:59 开始第 9927 次操作

2024-01-20 00:38:59 开始操作号码 【1889840】
2024-01-20 00:39:03 GSD getOne 第 1 次 等待 3 秒
2024-01-20 00:39:06 查询号码 【1889840】，返回信息 {"status":"ok","msg":"广东-广州","gid":"44864","time_insert":"2020-04-16 11:23","time_update":"2020-10-02 15:29"}
2024-01-20 00:39:06 查询号码 【1889840】，GSD为【"广东-广州"】

2024-01-20 00:39:07 开始第 9928 次操作

2024-01-20 00:39:07 开始操作号码 【1889841】
2024-01-20 00:39:13 GSD getOne 第 1 次 等待 3 秒
2024-01-20 00:39:16 查询号码 【1889841】，返回信息 {"status":"ok","msg":"广东-广州","gid":"44865","time_insert":"2018-08-04 20:10","time_update":"2020-10-02 15:33"}
2024-01-20 00:39:16 查询号码 【1889841】，GSD为【"广东-广州"】

