2024-11-02 00:14:19 开始第 2713 次操作

2024-11-02 00:14:19 开始操作号码 【1332712】
2024-11-02 00:14:20 GSD getOne 第 1 次 等待 3 秒
2024-11-02 00:14:23 查询号码 【1332712】，返回信息 {"status":"ok","msg":"内蒙古-呼和浩特","gid":"93126","time_insert":"2021-06-12 15:26"}
2024-11-02 00:14:23 查询号码 【1332712】，GSD为【"内蒙古-呼和浩特"】

2024-11-02 00:14:24 开始第 2714 次操作

2024-11-02 00:14:24 开始操作号码 【1332713】
2024-11-02 00:14:25 GSD getOne 第 1 次 等待 3 秒
2024-11-02 00:14:28 查询号码 【1332713】，返回信息 {"status":"ok","msg":"内蒙古-阿拉善","gid":"93159","time_insert":"2021-06-12 15:55"}
2024-11-02 00:14:28 查询号码 【1332713】，GSD为【"内蒙古-阿拉善"】

2024-11-02 00:14:29 开始第 2715 次操作

2024-11-02 00:14:29 开始操作号码 【1332714】
2024-11-02 00:14:30 GSD getOne 第 1 次 等待 3 秒
2024-11-02 00:14:33 查询号码 【1332714】，返回信息 {"status":"ok","msg":"内蒙古-乌兰察布","gid":"93202","time_insert":"2021-06-12 16:16"}
2024-11-02 00:14:33 查询号码 【1332714】，GSD为【"内蒙古-乌兰察布"】

2024-11-02 00:14:34 开始第 2716 次操作

2024-11-02 00:14:34 开始操作号码 【1332715】
2024-11-02 00:14:35 GSD getOne 第 1 次 等待 3 秒
2024-11-02 00:14:38 查询号码 【1332715】，返回信息 {"status":"ok","msg":"内蒙古-赤峰","gid":"93240","time_insert":"2021-06-12 16:36"}
2024-11-02 00:14:38 查询号码 【1332715】，GSD为【"内蒙古-赤峰"】

2024-11-02 00:41:35 开始第 2717 次操作

2024-11-02 00:41:35 开始操作号码 【1332716】
2024-11-02 00:41:36 GSD getOne 第 1 次 等待 3 秒
2024-11-02 00:41:39 查询号码 【1332716】，返回信息 {"status":"ok","msg":"内蒙古-赤峰","gid":"93290","time_insert":"2021-06-12 17:03"}
2024-11-02 00:41:39 查询号码 【1332716】，GSD为【"内蒙古-赤峰"】

2024-11-02 00:41:40 开始第 2718 次操作

2024-11-02 00:41:40 开始操作号码 【1332717】
2024-11-02 00:41:41 GSD getOne 第 1 次 等待 3 秒
2024-11-02 00:41:44 查询号码 【1332717】，返回信息 {"status":"ok","msg":"内蒙古-包头","gid":"93331","time_insert":"2021-06-12 17:26"}
2024-11-02 00:41:44 查询号码 【1332717】，GSD为【"内蒙古-包头"】

2024-11-02 00:41:45 开始第 2719 次操作

2024-11-02 00:41:45 开始操作号码 【1332718】
2024-11-02 00:41:46 GSD getOne 第 1 次 等待 3 秒
2024-11-02 00:41:49 查询号码 【1332718】，返回信息 {"status":"ok","msg":"内蒙古-包头","gid":"93377","time_insert":"2021-06-12 17:49"}
2024-11-02 00:41:49 查询号码 【1332718】，GSD为【"内蒙古-包头"】

2024-11-02 00:41:50 开始第 2720 次操作

2024-11-02 00:41:50 开始操作号码 【1332719】
2024-11-02 00:41:51 GSD getOne 第 1 次 等待 3 秒
2024-11-02 00:41:54 查询号码 【1332719】，返回信息 {"status":"ok","msg":"内蒙古-包头","gid":"93411","time_insert":"2021-06-12 18:13"}
2024-11-02 00:41:55 查询号码 【1332719】，GSD为【"内蒙古-包头"】

