2021-07-21 00:00:59 开始第 11 次操作

2021-07-21 00:00:59 开始操作号码 【1836610】
2021-07-21 00:01:02 GSD getOne 第 1 次 等待 3 秒
2021-07-21 00:01:05 查询号码 【1836610】，返回信息 {"status":"bad","msg":""}
2021-07-21 00:01:05 查询号码 【1836610】，GSD为【""】
2021-07-21 00:01:05 bad
2021-07-21 00:01:06 CHB 1836610?1626796865 第 1 次 等待 3 秒
2021-07-21 00:01:09 CHB 1836610?1626796865 第 1 次 未获取到 等待 17 秒 下次操作: 2021-07-21 00:01:26
2021-07-21 00:01:26 CHB 1836610?1626796886 第 2 次 等待 3 秒
2021-07-21 00:01:29 CHB 1836610?1626796886 第 2 次 未获取到 等待 22 秒 下次操作: 2021-07-21 00:01:51
2021-07-21 00:01:52 CHB 1836610?1626796911 第 3 次 等待 3 秒
2021-07-21 00:01:55 CHB 1836610?1626796911 第 3 次 跳过号码【1836610】
2021-07-21 00:01:55 未获取到号码【1836610】源码
2021-07-21 00:01:55 获取到号码【1836610】的GSD为【-】
2021-07-21 00:01:58 GSD insert 第 1 次 等待 3 秒
2021-07-21 00:02:01 {"status":"ok","gid":341270,"msg":"添加成功！"}
2021-07-21 00:02:01 下次操作: 2021-07-21 00:02:19

2021-07-21 00:02:19 开始第 12 次操作

2021-07-21 00:02:19 开始操作号码 【1836611】
2021-07-21 00:02:22 GSD getOne 第 1 次 等待 3 秒
2021-07-21 00:02:25 查询号码 【1836611】，返回信息 {"status":"bad","msg":""}
2021-07-21 00:02:25 查询号码 【1836611】，GSD为【""】
2021-07-21 00:02:25 bad
2021-07-21 00:02:25 CHB 1836611?1626796945 第 1 次 等待 3 秒
2021-07-21 00:02:28 CHB 1836611?1626796945 第 1 次 未获取到 等待 12 秒 下次操作: 2021-07-21 00:02:40
2021-07-21 00:02:41 CHB 1836611?1626796960 第 2 次 等待 3 秒
2021-07-21 00:02:44 CHB 1836611?1626796960 第 2 次 未获取到 等待 13 秒 下次操作: 2021-07-21 00:02:57
2021-07-21 00:02:58 CHB 1836611?1626796977 第 3 次 等待 3 秒
2021-07-21 00:03:01 CHB 1836611?1626796977 第 3 次 跳过号码【1836611】
2021-07-21 00:03:01 未获取到号码【1836611】源码
2021-07-21 00:03:01 获取到号码【1836611】的GSD为【-】
2021-07-21 00:03:04 GSD insert 第 1 次 等待 3 秒
2021-07-21 00:03:07 {"status":"ok","gid":341280,"msg":"添加成功！"}
2021-07-21 00:03:07 下次操作: 2021-07-21 00:03:23

2021-07-21 00:03:23 开始第 13 次操作

2021-07-21 00:03:23 开始操作号码 【1836612】
2021-07-21 00:03:26 GSD getOne 第 1 次 等待 3 秒
2021-07-21 00:03:29 查询号码 【1836612】，返回信息 {"status":"bad","msg":""}
2021-07-21 00:03:29 查询号码 【1836612】，GSD为【""】
2021-07-21 00:03:29 bad
2021-07-21 00:03:30 CHB 1836612?1626797009 第 1 次 等待 3 秒
2021-07-21 00:03:33 CHB 1836612?1626797009 第 1 次 未获取到 等待 19 秒 下次操作: 2021-07-21 00:03:52
2021-07-21 00:03:53 CHB 1836612?1626797032 第 2 次 等待 3 秒
2021-07-21 00:03:56 CHB 1836612?1626797032 第 2 次 未获取到 等待 15 秒 下次操作: 2021-07-21 00:04:11
2021-07-21 00:04:12 CHB 1836612?1626797051 第 3 次 等待 3 秒
2021-07-21 00:04:15 CHB 1836612?1626797051 第 3 次 跳过号码【1836612】
2021-07-21 00:04:15 未获取到号码【1836612】源码
2021-07-21 00:04:15 获取到号码【1836612】的GSD为【-】
2021-07-21 00:04:21 GSD insert 第 1 次 等待 3 秒
2021-07-21 00:04:24 {"status":"ok","gid":341292,"msg":"添加成功！"}
2021-07-21 00:04:24 下次操作: 2021-07-21 00:04:47

2021-07-21 00:04:47 开始第 14 次操作

2021-07-21 00:04:47 开始操作号码 【1836613】
2021-07-21 00:04:50 GSD getOne 第 1 次 等待 3 秒
2021-07-21 00:04:53 查询号码 【1836613】，返回信息 {"status":"bad","msg":""}
2021-07-21 00:04:53 查询号码 【1836613】，GSD为【""】
2021-07-21 00:04:53 bad
2021-07-21 00:04:54 CHB 1836613?1626797093 第 1 次 等待 3 秒
2021-07-21 00:04:57 CHB 1836613?1626797093 第 1 次 未获取到 等待 14 秒 下次操作: 2021-07-21 00:05:11
2021-07-21 00:05:11 CHB 1836613?1626797111 第 2 次 等待 3 秒
2021-07-21 00:05:14 CHB 1836613?1626797111 第 2 次 未获取到 等待 21 秒 下次操作: 2021-07-21 00:05:35
2021-07-21 00:05:36 CHB 1836613?1626797135 第 3 次 等待 3 秒
2021-07-21 00:05:39 CHB 1836613?1626797135 第 3 次 跳过号码【1836613】
2021-07-21 00:05:39 未获取到号码【1836613】源码
2021-07-21 00:05:39 获取到号码【1836613】的GSD为【-】
2021-07-21 00:05:42 GSD insert 第 1 次 等待 3 秒
2021-07-21 00:05:45 {"status":"ok","gid":341307,"msg":"添加成功！"}
2021-07-21 00:05:45 下次操作: 2021-07-21 00:06:08

2021-07-21 00:06:08 开始第 15 次操作

2021-07-21 00:06:08 开始操作号码 【1836614】
2021-07-21 00:06:16 GSD getOne 第 1 次 等待 3 秒
2021-07-21 00:06:19 查询号码 【1836614】，返回信息 {"status":"bad","msg":""}
2021-07-21 00:06:19 查询号码 【1836614】，GSD为【""】
2021-07-21 00:06:19 bad
2021-07-21 00:06:19 CHB 1836614?1626797179 第 1 次 等待 3 秒
2021-07-21 00:06:22 CHB 1836614?1626797179 第 1 次 未获取到 等待 24 秒 下次操作: 2021-07-21 00:06:46
2021-07-21 00:06:47 CHB 1836614?1626797206 第 2 次 等待 3 秒
2021-07-21 00:06:50 CHB 1836614?1626797206 第 2 次 未获取到 等待 13 秒 下次操作: 2021-07-21 00:07:03
2021-07-21 00:07:04 CHB 1836614?1626797223 第 3 次 等待 3 秒
2021-07-21 00:07:07 CHB 1836614?1626797223 第 3 次 跳过号码【1836614】
2021-07-21 00:07:07 未获取到号码【1836614】源码
2021-07-21 00:07:07 获取到号码【1836614】的GSD为【-】
2021-07-21 00:07:10 GSD insert 第 1 次 等待 3 秒
2021-07-21 00:07:13 {"status":"ok","gid":341321,"msg":"添加成功！"}
2021-07-21 00:07:13 下次操作: 2021-07-21 00:07:35

2021-07-21 00:07:35 开始第 16 次操作

2021-07-21 00:07:35 开始操作号码 【1836615】
2021-07-21 00:07:39 GSD getOne 第 1 次 等待 3 秒
2021-07-21 00:07:42 查询号码 【1836615】，返回信息 {"status":"bad","msg":""}
2021-07-21 00:07:42 查询号码 【1836615】，GSD为【""】
2021-07-21 00:07:42 bad
2021-07-21 00:07:42 CHB 1836615?1626797262 第 1 次 等待 3 秒
2021-07-21 00:07:45 CHB 1836615?1626797262 第 1 次 未获取到 等待 14 秒 下次操作: 2021-07-21 00:07:59
2021-07-21 00:08:00 CHB 1836615?1626797279 第 2 次 等待 3 秒
2021-07-21 00:08:03 CHB 1836615?1626797279 第 2 次 未获取到 等待 12 秒 下次操作: 2021-07-21 00:08:15
2021-07-21 00:08:16 CHB 1836615?1626797295 第 3 次 等待 3 秒
2021-07-21 00:08:19 CHB 1836615?1626797295 第 3 次 跳过号码【1836615】
2021-07-21 00:08:19 未获取到号码【1836615】源码
2021-07-21 00:08:19 获取到号码【1836615】的GSD为【-】
2021-07-21 00:08:26 GSD insert 第 1 次 等待 3 秒
2021-07-21 00:08:29 {"status":"ok","gid":341331,"msg":"添加成功！"}
2021-07-21 00:08:29 下次操作: 2021-07-21 00:08:41

2021-07-21 00:08:41 开始第 17 次操作

2021-07-21 00:08:41 开始操作号码 【1836616】
2021-07-21 00:08:42 GSD getOne 第 1 次 等待 3 秒
2021-07-21 00:08:47 GSD getOne 第 2 次 等待 3 秒
2021-07-21 00:08:50 查询号码 【1836616】，返回信息 {"status":"bad","msg":""}
2021-07-21 00:08:50 查询号码 【1836616】，GSD为【""】
2021-07-21 00:08:50 bad
2021-07-21 00:08:51 CHB 1836616?1626797330 第 1 次 等待 3 秒
2021-07-21 00:08:54 CHB 1836616?1626797330 第 1 次 未获取到 等待 17 秒 下次操作: 2021-07-21 00:09:11
2021-07-21 00:09:12 CHB 1836616?1626797351 第 2 次 等待 3 秒
2021-07-21 00:09:15 CHB 1836616?1626797351 第 2 次 未获取到 等待 13 秒 下次操作: 2021-07-21 00:09:28
2021-07-21 00:09:28 CHB 1836616?1626797368 第 3 次 等待 3 秒
2021-07-21 00:09:31 CHB 1836616?1626797368 第 3 次 跳过号码【1836616】
2021-07-21 00:09:31 未获取到号码【1836616】源码
2021-07-21 00:09:31 获取到号码【1836616】的GSD为【-】
2021-07-21 00:09:34 GSD insert 第 1 次 等待 3 秒
2021-07-21 00:09:37 {"status":"ok","gid":341347,"msg":"添加成功！"}
2021-07-21 00:09:37 下次操作: 2021-07-21 00:09:51

2021-07-21 00:09:51 开始第 18 次操作

2021-07-21 00:09:51 开始操作号码 【1836617】
2021-07-21 00:09:54 GSD getOne 第 1 次 等待 3 秒
2021-07-21 00:09:57 查询号码 【1836617】，返回信息 {"status":"ok","msg":"山东-济南","gid":"37997","time_insert":"2018-07-18 22:17","time_update":"2020-09-10 22:03"}
2021-07-21 00:09:57 查询号码 【1836617】，GSD为【"山东-济南"】

2021-07-21 00:09:57 开始第 18 次操作

2021-07-21 00:09:57 开始操作号码 【1836618】
2021-07-21 00:09:57 GSD getOne 第 1 次 等待 3 秒
2021-07-21 00:10:01 GSD getOne 第 2 次 等待 3 秒
2021-07-21 00:10:07 GSD getOne 第 3 次 等待 3 秒
2021-07-21 00:10:10 查询号码 【1836618】，返回信息 {"status":"bad","msg":""}
2021-07-21 00:10:10 查询号码 【1836618】，GSD为【""】
2021-07-21 00:10:10 bad
2021-07-21 00:10:11 CHB 1836618?1626797410 第 1 次 等待 3 秒
2021-07-21 00:10:14 CHB 1836618?1626797410 第 1 次 未获取到 等待 22 秒 下次操作: 2021-07-21 00:10:36
2021-07-21 00:10:36 CHB 1836618?1626797436 第 2 次 等待 3 秒
2021-07-21 00:10:39 CHB 1836618?1626797436 第 2 次 未获取到 等待 15 秒 下次操作: 2021-07-21 00:10:54
2021-07-21 00:10:55 CHB 1836618?1626797454 第 3 次 等待 3 秒
2021-07-21 00:10:58 CHB 1836618?1626797454 第 3 次 跳过号码【1836618】
2021-07-21 00:10:58 未获取到号码【1836618】源码
2021-07-21 00:10:58 获取到号码【1836618】的GSD为【-】
2021-07-21 00:11:08 GSD insert 第 1 次 等待 3 秒
2021-07-21 00:11:11 {"status":"ok","gid":341359,"msg":"添加成功！"}
2021-07-21 00:11:11 下次操作: 2021-07-21 00:11:34

2021-07-21 00:11:34 开始第 19 次操作

2021-07-21 00:11:34 开始操作号码 【1836619】
2021-07-21 00:11:37 GSD getOne 第 1 次 等待 3 秒
2021-07-21 00:11:40 查询号码 【1836619】，返回信息 {"status":"bad","msg":""}
2021-07-21 00:11:40 查询号码 【1836619】，GSD为【""】
2021-07-21 00:11:40 bad
2021-07-21 00:11:41 CHB 1836619?1626797500 第 1 次 等待 3 秒
2021-07-21 00:11:44 CHB 1836619?1626797500 第 1 次 未获取到 等待 20 秒 下次操作: 2021-07-21 00:12:04
2021-07-21 00:12:05 CHB 1836619?1626797524 第 2 次 等待 3 秒
2021-07-21 00:12:08 CHB 1836619?1626797524 第 2 次 未获取到 等待 19 秒 下次操作: 2021-07-21 00:12:27
2021-07-21 00:12:28 CHB 1836619?1626797547 第 3 次 等待 3 秒
2021-07-21 00:12:31 CHB 1836619?1626797547 第 3 次 跳过号码【1836619】
2021-07-21 00:12:31 未获取到号码【1836619】源码
2021-07-21 00:12:31 获取到号码【1836619】的GSD为【-】
2021-07-21 00:12:33 GSD insert 第 1 次 等待 3 秒
2021-07-21 00:12:36 {"status":"ok","gid":341374,"msg":"添加成功！"}
2021-07-21 00:12:36 下次操作: 2021-07-21 00:12:48

2021-07-21 00:12:48 开始第 20 次操作

2021-07-21 00:12:48 开始操作号码 【1836620】
2021-07-21 00:12:49 GSD getOne 第 1 次 等待 3 秒
2021-07-21 00:12:55 GSD getOne 第 2 次 等待 3 秒
2021-07-21 00:12:58 查询号码 【1836620】，返回信息 {"status":"bad","msg":""}
2021-07-21 00:12:58 查询号码 【1836620】，GSD为【""】
2021-07-21 00:12:58 bad
2021-07-21 00:12:59 CHB 1836620?1626797578 第 1 次 等待 3 秒
2021-07-21 00:13:02 CHB 1836620?1626797578 第 1 次 未获取到 等待 12 秒 下次操作: 2021-07-21 00:13:14
2021-07-21 00:13:16 CHB 1836620?1626797594 第 2 次 等待 3 秒
2021-07-21 00:13:20 CHB 1836620?1626797594 第 2 次 获取到号码【1836620】GSD
2021-07-21 00:13:20 获取到号码【1836620】的GSD为【山东-青岛】
2021-07-21 00:13:22 GSD insert 第 1 次 等待 3 秒
2021-07-21 00:13:25 {"status":"ok","gid":341383,"msg":"添加成功！"}
2021-07-21 00:13:25 下次操作: 2021-07-21 00:13:39

2021-07-21 00:13:39 开始第 21 次操作

2021-07-21 00:13:39 开始操作号码 【1836621】
2021-07-21 00:13:42 GSD getOne 第 1 次 等待 3 秒
2021-07-21 00:13:45 查询号码 【1836621】，返回信息 {"status":"bad","msg":""}
2021-07-21 00:13:45 查询号码 【1836621】，GSD为【""】
2021-07-21 00:13:45 bad
2021-07-21 00:13:46 CHB 1836621?1626797625 第 1 次 等待 3 秒
2021-07-21 00:13:49 CHB 1836621?1626797625 第 1 次 未获取到 等待 17 秒 下次操作: 2021-07-21 00:14:06
2021-07-21 00:14:07 CHB 1836621?1626797646 第 2 次 等待 3 秒
2021-07-21 00:14:10 CHB 1836621?1626797646 第 2 次 未获取到 等待 24 秒 下次操作: 2021-07-21 00:14:34
2021-07-21 00:14:34 CHB 1836621?1626797674 第 3 次 等待 3 秒
2021-07-21 00:14:37 CHB 1836621?1626797674 第 3 次 跳过号码【1836621】
2021-07-21 00:14:37 未获取到号码【1836621】源码
2021-07-21 00:14:37 获取到号码【1836621】的GSD为【-】
2021-07-21 00:15:00 GSD insert 第 1 次 等待 3 秒
2021-07-21 00:15:03 {"status":"ok","gid":341396,"msg":"添加成功！"}
2021-07-21 00:15:03 下次操作: 2021-07-21 00:15:15

2021-07-21 00:15:15 开始第 22 次操作

2021-07-21 00:15:15 开始操作号码 【1836622】
2021-07-21 00:15:15 GSD getOne 第 1 次 等待 3 秒
2021-07-21 00:15:22 GSD getOne 第 2 次 等待 3 秒
2021-07-21 00:15:25 查询号码 【1836622】，返回信息 {"status":"bad","msg":""}
2021-07-21 00:15:25 查询号码 【1836622】，GSD为【""】
2021-07-21 00:15:25 bad
2021-07-21 00:15:25 CHB 1836622?1626797725 第 1 次 等待 3 秒
2021-07-21 00:15:28 CHB 1836622?1626797725 第 1 次 未获取到 等待 18 秒 下次操作: 2021-07-21 00:15:46
2021-07-21 00:15:47 CHB 1836622?1626797746 第 2 次 等待 3 秒
2021-07-21 00:15:50 CHB 1836622?1626797746 第 2 次 未获取到 等待 19 秒 下次操作: 2021-07-21 00:16:09
2021-07-21 00:16:10 CHB 1836622?1626797769 第 3 次 等待 3 秒
2021-07-21 00:16:13 CHB 1836622?1626797769 第 3 次 跳过号码【1836622】
2021-07-21 00:16:13 未获取到号码【1836622】源码
2021-07-21 00:16:13 获取到号码【1836622】的GSD为【-】
2021-07-21 00:16:16 GSD insert 第 1 次 等待 3 秒
2021-07-21 00:16:19 {"status":"ok","gid":341408,"msg":"添加成功！"}
2021-07-21 00:16:19 下次操作: 2021-07-21 00:16:32

2021-07-21 00:16:32 开始第 23 次操作

2021-07-21 00:16:32 开始操作号码 【1836623】
2021-07-21 00:16:37 GSD getOne 第 1 次 等待 3 秒
2021-07-21 00:16:40 查询号码 【1836623】，返回信息 {"status":"bad","msg":""}
2021-07-21 00:16:40 查询号码 【1836623】，GSD为【""】
2021-07-21 00:16:40 bad
2021-07-21 00:16:41 CHB 1836623?1626797800 第 1 次 等待 3 秒
2021-07-21 00:16:44 CHB 1836623?1626797800 第 1 次 未获取到 等待 22 秒 下次操作: 2021-07-21 00:17:06
2021-07-21 00:17:07 CHB 1836623?1626797826 第 2 次 等待 3 秒
2021-07-21 00:17:10 CHB 1836623?1626797826 第 2 次 未获取到 等待 23 秒 下次操作: 2021-07-21 00:17:33
2021-07-21 00:17:33 CHB 1836623?1626797853 第 3 次 等待 3 秒
2021-07-21 00:17:36 CHB 1836623?1626797853 第 3 次 跳过号码【1836623】
2021-07-21 00:17:36 未获取到号码【1836623】源码
2021-07-21 00:17:36 获取到号码【1836623】的GSD为【-】
2021-07-21 00:17:40 GSD insert 第 1 次 等待 3 秒
2021-07-21 00:17:43 {"status":"ok","gid":341421,"msg":"添加成功！"}
2021-07-21 00:17:43 下次操作: 2021-07-21 00:18:04

2021-07-21 00:18:04 开始第 24 次操作

2021-07-21 00:18:04 开始操作号码 【1836624】
2021-07-21 00:18:08 GSD getOne 第 1 次 等待 3 秒
2021-07-21 00:18:11 查询号码 【1836624】，返回信息 {"status":"bad","msg":""}
2021-07-21 00:18:12 查询号码 【1836624】，GSD为【""】
2021-07-21 00:18:12 bad
2021-07-21 00:18:12 CHB 1836624?1626797892 第 1 次 等待 3 秒
2021-07-21 00:18:15 CHB 1836624?1626797892 第 1 次 未获取到 等待 16 秒 下次操作: 2021-07-21 00:18:31
2021-07-21 00:18:32 CHB 1836624?1626797911 第 2 次 等待 3 秒
2021-07-21 00:18:35 CHB 1836624?1626797911 第 2 次 未获取到 等待 23 秒 下次操作: 2021-07-21 00:18:58
2021-07-21 00:18:58 CHB 1836624?1626797938 第 3 次 等待 3 秒
2021-07-21 00:19:01 CHB 1836624?1626797938 第 3 次 跳过号码【1836624】
2021-07-21 00:19:01 未获取到号码【1836624】源码
2021-07-21 00:19:01 获取到号码【1836624】的GSD为【-】
2021-07-21 00:19:05 GSD insert 第 1 次 等待 3 秒
2021-07-21 00:19:08 {"status":"ok","gid":341434,"msg":"添加成功！"}
2021-07-21 00:19:08 下次操作: 2021-07-21 00:19:21

2021-07-21 00:19:21 开始第 25 次操作

2021-07-21 00:19:21 开始操作号码 【1836625】
2021-07-21 00:19:22 GSD getOne 第 1 次 等待 3 秒
2021-07-21 00:19:28 GSD getOne 第 2 次 等待 3 秒
2021-07-21 00:19:31 查询号码 【1836625】，返回信息 {"status":"bad","msg":""}
2021-07-21 00:19:31 查询号码 【1836625】，GSD为【""】
2021-07-21 00:19:31 bad
2021-07-21 00:19:32 CHB 1836625?1626797971 第 1 次 等待 3 秒
2021-07-21 00:19:35 CHB 1836625?1626797971 第 1 次 未获取到 等待 23 秒 下次操作: 2021-07-21 00:19:58
2021-07-21 00:19:58 CHB 1836625?1626797998 第 2 次 等待 3 秒
2021-07-21 00:20:01 CHB 1836625?1626797998 第 2 次 未获取到 等待 13 秒 下次操作: 2021-07-21 00:20:14
2021-07-21 00:20:15 CHB 1836625?1626798014 第 3 次 等待 3 秒
2021-07-21 00:20:18 CHB 1836625?1626798014 第 3 次 跳过号码【1836625】
2021-07-21 00:20:18 未获取到号码【1836625】源码
2021-07-21 00:20:18 获取到号码【1836625】的GSD为【-】
2021-07-21 00:20:21 GSD insert 第 1 次 等待 3 秒
2021-07-21 00:20:24 {"status":"ok","gid":341447,"msg":"添加成功！"}
2021-07-21 00:20:24 下次操作: 2021-07-21 00:20:36

2021-07-21 00:20:36 开始第 26 次操作

2021-07-21 00:20:36 开始操作号码 【1836626】
2021-07-21 00:20:36 GSD getOne 第 1 次 等待 3 秒
2021-07-21 00:20:44 GSD getOne 第 2 次 等待 3 秒
2021-07-21 00:20:47 查询号码 【1836626】，返回信息 {"status":"bad","msg":""}
2021-07-21 00:20:47 查询号码 【1836626】，GSD为【""】
2021-07-21 00:20:47 bad
2021-07-21 00:20:48 CHB 1836626?1626798047 第 1 次 等待 3 秒
2021-07-21 00:20:51 CHB 1836626?1626798047 第 1 次 未获取到 等待 18 秒 下次操作: 2021-07-21 00:21:09
2021-07-21 00:21:09 CHB 1836626?1626798069 第 2 次 等待 3 秒
2021-07-21 00:21:12 CHB 1836626?1626798069 第 2 次 未获取到 等待 20 秒 下次操作: 2021-07-21 00:21:32
2021-07-21 00:21:33 CHB 1836626?1626798092 第 3 次 等待 3 秒
2021-07-21 00:21:36 CHB 1836626?1626798092 第 3 次 跳过号码【1836626】
2021-07-21 00:21:36 未获取到号码【1836626】源码
2021-07-21 00:21:36 获取到号码【1836626】的GSD为【-】
2021-07-21 00:21:42 GSD insert 第 1 次 等待 3 秒
2021-07-21 00:21:45 {"status":"ok","gid":341455,"msg":"添加成功！"}
2021-07-21 00:21:45 下次操作: 2021-07-21 00:22:06

2021-07-21 00:22:06 开始第 27 次操作

2021-07-21 00:22:06 开始操作号码 【1836627】
2021-07-21 00:22:10 GSD getOne 第 1 次 等待 3 秒
2021-07-21 00:22:13 查询号码 【1836627】，返回信息 {"status":"bad","msg":""}
2021-07-21 00:22:13 查询号码 【1836627】，GSD为【""】
2021-07-21 00:22:13 bad
2021-07-21 00:22:14 CHB 1836627?1626798133 第 1 次 等待 3 秒
2021-07-21 00:22:17 CHB 1836627?1626798133 第 1 次 未获取到 等待 21 秒 下次操作: 2021-07-21 00:22:38
2021-07-21 00:22:38 CHB 1836627?1626798158 第 2 次 等待 3 秒
2021-07-21 00:22:41 CHB 1836627?1626798158 第 2 次 未获取到 等待 17 秒 下次操作: 2021-07-21 00:22:58
2021-07-21 00:22:59 CHB 1836627?1626798178 第 3 次 等待 3 秒
2021-07-21 00:23:02 CHB 1836627?1626798178 第 3 次 跳过号码【1836627】
2021-07-21 00:23:02 未获取到号码【1836627】源码
2021-07-21 00:23:02 获取到号码【1836627】的GSD为【-】
2021-07-21 00:23:08 GSD insert 第 1 次 等待 3 秒
2021-07-21 00:23:11 {"status":"ok","gid":341464,"msg":"添加成功！"}
2021-07-21 00:23:11 下次操作: 2021-07-21 00:23:34

2021-07-21 00:23:34 开始第 28 次操作

2021-07-21 00:23:34 开始操作号码 【1836628】
2021-07-21 00:23:39 GSD getOne 第 1 次 等待 3 秒
2021-07-21 00:23:42 查询号码 【1836628】，返回信息 {"status":"bad","msg":""}
2021-07-21 00:23:42 查询号码 【1836628】，GSD为【""】
2021-07-21 00:23:42 bad
2021-07-21 00:23:43 CHB 1836628?1626798222 第 1 次 等待 3 秒
2021-07-21 00:23:46 CHB 1836628?1626798222 第 1 次 未获取到 等待 19 秒 下次操作: 2021-07-21 00:24:05
2021-07-21 00:24:05 CHB 1836628?1626798245 第 2 次 等待 3 秒
2021-07-21 00:24:08 CHB 1836628?1626798245 第 2 次 未获取到 等待 22 秒 下次操作: 2021-07-21 00:24:30
2021-07-21 00:24:31 CHB 1836628?1626798270 第 3 次 等待 3 秒
2021-07-21 00:24:34 CHB 1836628?1626798270 第 3 次 跳过号码【1836628】
2021-07-21 00:24:34 未获取到号码【1836628】源码
2021-07-21 00:24:34 获取到号码【1836628】的GSD为【-】
2021-07-21 00:24:41 GSD insert 第 1 次 等待 3 秒
2021-07-21 00:24:44 {"status":"ok","gid":341474,"msg":"添加成功！"}
2021-07-21 00:24:44 下次操作: 2021-07-21 00:25:03

2021-07-21 00:25:03 开始第 29 次操作

2021-07-21 00:25:03 开始操作号码 【1836629】
2021-07-21 00:25:07 GSD getOne 第 1 次 等待 3 秒
2021-07-21 00:25:10 查询号码 【1836629】，返回信息 {"status":"bad","msg":""}
2021-07-21 00:25:10 查询号码 【1836629】，GSD为【""】
2021-07-21 00:25:10 bad
2021-07-21 00:25:11 CHB 1836629?1626798310 第 1 次 等待 3 秒
2021-07-21 00:25:14 CHB 1836629?1626798310 第 1 次 未获取到 等待 19 秒 下次操作: 2021-07-21 00:25:33
2021-07-21 00:25:34 CHB 1836629?1626798333 第 2 次 等待 3 秒
2021-07-21 00:25:37 CHB 1836629?1626798333 第 2 次 未获取到 等待 20 秒 下次操作: 2021-07-21 00:25:57
2021-07-21 00:25:57 CHB 1836629?1626798357 第 3 次 等待 3 秒
2021-07-21 00:26:00 CHB 1836629?1626798357 第 3 次 跳过号码【1836629】
2021-07-21 00:26:00 未获取到号码【1836629】源码
2021-07-21 00:26:00 获取到号码【1836629】的GSD为【-】
2021-07-21 00:26:03 GSD insert 第 1 次 等待 3 秒
2021-07-21 00:26:06 {"status":"ok","gid":341481,"msg":"添加成功！"}
2021-07-21 00:26:06 下次操作: 2021-07-21 00:26:28

2021-07-21 00:26:28 开始第 30 次操作

2021-07-21 00:26:28 开始操作号码 【1836630】
2021-07-21 00:26:33 GSD getOne 第 1 次 等待 3 秒
2021-07-21 00:26:36 查询号码 【1836630】，返回信息 {"status":"bad","msg":""}
2021-07-21 00:26:36 查询号码 【1836630】，GSD为【""】
2021-07-21 00:26:36 bad
2021-07-21 00:26:36 CHB 1836630?1626798396 第 1 次 等待 3 秒
2021-07-21 00:26:39 CHB 1836630?1626798396 第 1 次 未获取到 等待 20 秒 下次操作: 2021-07-21 00:26:59
2021-07-21 00:27:00 CHB 1836630?1626798419 第 2 次 等待 3 秒
2021-07-21 00:27:03 CHB 1836630?1626798419 第 2 次 未获取到 等待 17 秒 下次操作: 2021-07-21 00:27:20
2021-07-21 00:27:21 CHB 1836630?1626798440 第 3 次 等待 3 秒
2021-07-21 00:27:24 CHB 1836630?1626798440 第 3 次 跳过号码【1836630】
2021-07-21 00:27:24 未获取到号码【1836630】源码
2021-07-21 00:27:24 获取到号码【1836630】的GSD为【-】
2021-07-21 00:27:27 GSD insert 第 1 次 等待 3 秒
2021-07-21 00:27:30 {"status":"ok","gid":341485,"msg":"添加成功！"}
2021-07-21 00:27:30 下次操作: 2021-07-21 00:27:53

2021-07-21 00:27:53 开始第 31 次操作

2021-07-21 00:27:53 开始操作号码 【1836631】
2021-07-21 00:27:56 GSD getOne 第 1 次 等待 3 秒
2021-07-21 00:27:59 查询号码 【1836631】，返回信息 {"status":"bad","msg":""}
2021-07-21 00:27:59 查询号码 【1836631】，GSD为【""】
2021-07-21 00:27:59 bad
2021-07-21 00:27:59 CHB 1836631?1626798479 第 1 次 等待 3 秒
2021-07-21 00:28:02 CHB 1836631?1626798479 第 1 次 未获取到 等待 19 秒 下次操作: 2021-07-21 00:28:21
2021-07-21 00:28:22 CHB 1836631?1626798501 第 2 次 等待 3 秒
2021-07-21 00:28:25 CHB 1836631?1626798501 第 2 次 未获取到 等待 21 秒 下次操作: 2021-07-21 00:28:46
2021-07-21 00:28:47 CHB 1836631?1626798526 第 3 次 等待 3 秒
2021-07-21 00:28:50 CHB 1836631?1626798526 第 3 次 跳过号码【1836631】
2021-07-21 00:28:50 未获取到号码【1836631】源码
2021-07-21 00:28:50 获取到号码【1836631】的GSD为【-】
2021-07-21 00:28:53 GSD insert 第 1 次 等待 3 秒
2021-07-21 00:28:56 {"status":"ok","gid":341491,"msg":"添加成功！"}
2021-07-21 00:28:56 下次操作: 2021-07-21 00:29:11

2021-07-21 00:29:11 开始第 32 次操作

2021-07-21 00:29:11 开始操作号码 【1836632】
2021-07-21 00:29:13 GSD getOne 第 1 次 等待 3 秒
2021-07-21 00:29:16 查询号码 【1836632】，返回信息 {"status":"bad","msg":""}
2021-07-21 00:29:17 查询号码 【1836632】，GSD为【""】
2021-07-21 00:29:17 bad
2021-07-21 00:29:17 CHB 1836632?1626798557 第 1 次 等待 3 秒
2021-07-21 00:29:20 CHB 1836632?1626798557 第 1 次 未获取到 等待 19 秒 下次操作: 2021-07-21 00:29:39
2021-07-21 00:29:40 CHB 1836632?1626798579 第 2 次 等待 3 秒
2021-07-21 00:29:43 CHB 1836632?1626798579 第 2 次 未获取到 等待 22 秒 下次操作: 2021-07-21 00:30:05
2021-07-21 00:30:06 CHB 1836632?1626798605 第 3 次 等待 3 秒
2021-07-21 00:30:09 CHB 1836632?1626798605 第 3 次 跳过号码【1836632】
2021-07-21 00:30:09 未获取到号码【1836632】源码
2021-07-21 00:30:09 获取到号码【1836632】的GSD为【-】
2021-07-21 00:30:13 GSD insert 第 1 次 等待 3 秒
2021-07-21 00:30:16 {"status":"ok","gid":341498,"msg":"添加成功！"}
2021-07-21 00:30:16 下次操作: 2021-07-21 00:30:34

2021-07-21 00:30:34 开始第 33 次操作

2021-07-21 00:30:34 开始操作号码 【1836633】
2021-07-21 00:30:42 GSD getOne 第 1 次 等待 3 秒
2021-07-21 00:30:45 查询号码 【1836633】，返回信息 {"status":"bad","msg":""}
2021-07-21 00:30:45 查询号码 【1836633】，GSD为【""】
2021-07-21 00:30:45 bad
2021-07-21 00:30:46 CHB 1836633?1626798645 第 1 次 等待 3 秒
2021-07-21 00:30:49 CHB 1836633?1626798645 第 1 次 未获取到 等待 22 秒 下次操作: 2021-07-21 00:31:11
2021-07-21 00:31:12 CHB 1836633?1626798671 第 2 次 等待 3 秒
2021-07-21 00:31:15 CHB 1836633?1626798671 第 2 次 未获取到 等待 17 秒 下次操作: 2021-07-21 00:31:32
2021-07-21 00:31:32 CHB 1836633?1626798692 第 3 次 等待 3 秒
2021-07-21 00:31:35 CHB 1836633?1626798692 第 3 次 跳过号码【1836633】
2021-07-21 00:31:35 未获取到号码【1836633】源码
2021-07-21 00:31:35 获取到号码【1836633】的GSD为【-】
2021-07-21 00:31:40 GSD insert 第 1 次 等待 3 秒
2021-07-21 00:31:43 {"status":"ok","gid":341501,"msg":"添加成功！"}
2021-07-21 00:31:43 下次操作: 2021-07-21 00:32:03

2021-07-21 00:32:03 开始第 34 次操作

2021-07-21 00:32:03 开始操作号码 【1836634】
2021-07-21 00:32:06 GSD getOne 第 1 次 等待 3 秒
2021-07-21 00:32:09 查询号码 【1836634】，返回信息 {"status":"bad","msg":""}
2021-07-21 00:32:09 查询号码 【1836634】，GSD为【""】
2021-07-21 00:32:09 bad
2021-07-21 00:32:11 CHB 1836634?1626798729 第 1 次 等待 3 秒
2021-07-21 00:32:14 CHB 1836634?1626798729 第 1 次 未获取到 等待 24 秒 下次操作: 2021-07-21 00:32:38
2021-07-21 00:32:38 CHB 1836634?1626798758 第 2 次 等待 3 秒
2021-07-21 00:32:41 CHB 1836634?1626798758 第 2 次 未获取到 等待 21 秒 下次操作: 2021-07-21 00:33:02
2021-07-21 00:33:03 CHB 1836634?1626798782 第 3 次 等待 3 秒
2021-07-21 00:33:06 CHB 1836634?1626798782 第 3 次 跳过号码【1836634】
2021-07-21 00:33:06 未获取到号码【1836634】源码
2021-07-21 00:33:06 获取到号码【1836634】的GSD为【-】
2021-07-21 00:33:11 GSD insert 第 1 次 等待 3 秒
2021-07-21 00:33:14 {"status":"ok","gid":341508,"msg":"添加成功！"}
2021-07-21 00:33:14 下次操作: 2021-07-21 00:33:33

2021-07-21 00:33:33 开始第 35 次操作

2021-07-21 00:33:33 开始操作号码 【1836635】
2021-07-21 00:33:38 GSD getOne 第 1 次 等待 3 秒
2021-07-21 00:33:41 查询号码 【1836635】，返回信息 {"status":"bad","msg":""}
2021-07-21 00:33:41 查询号码 【1836635】，GSD为【""】
2021-07-21 00:33:41 bad
2021-07-21 00:33:41 CHB 1836635?1626798821 第 1 次 等待 3 秒
2021-07-21 00:33:44 CHB 1836635?1626798821 第 1 次 未获取到 等待 23 秒 下次操作: 2021-07-21 00:34:07
2021-07-21 00:34:08 CHB 1836635?1626798847 第 2 次 等待 3 秒
2021-07-21 00:34:11 CHB 1836635?1626798847 第 2 次 未获取到 等待 14 秒 下次操作: 2021-07-21 00:34:25
2021-07-21 00:34:26 CHB 1836635?1626798865 第 3 次 等待 3 秒
2021-07-21 00:34:29 CHB 1836635?1626798865 第 3 次 跳过号码【1836635】
2021-07-21 00:34:29 未获取到号码【1836635】源码
2021-07-21 00:34:29 获取到号码【1836635】的GSD为【-】
2021-07-21 00:34:35 GSD insert 第 1 次 等待 3 秒
2021-07-21 00:34:38 {"status":"ok","gid":341517,"msg":"添加成功！"}
2021-07-21 00:34:38 下次操作: 2021-07-21 00:35:00

2021-07-21 00:35:00 开始第 36 次操作

2021-07-21 00:35:00 开始操作号码 【1836636】
2021-07-21 00:35:03 GSD getOne 第 1 次 等待 3 秒
2021-07-21 00:35:06 查询号码 【1836636】，返回信息 {"status":"bad","msg":""}
2021-07-21 00:35:06 查询号码 【1836636】，GSD为【""】
2021-07-21 00:35:06 bad
2021-07-21 00:35:07 CHB 1836636?1626798906 第 1 次 等待 3 秒
2021-07-21 00:35:10 CHB 1836636?1626798906 第 1 次 未获取到 等待 15 秒 下次操作: 2021-07-21 00:35:25
2021-07-21 00:35:25 CHB 1836636?1626798925 第 2 次 等待 3 秒
2021-07-21 00:35:28 CHB 1836636?1626798925 第 2 次 未获取到 等待 23 秒 下次操作: 2021-07-21 00:35:51
2021-07-21 00:35:52 CHB 1836636?1626798951 第 3 次 等待 3 秒
2021-07-21 00:35:55 CHB 1836636?1626798951 第 3 次 跳过号码【1836636】
2021-07-21 00:35:55 未获取到号码【1836636】源码
2021-07-21 00:35:55 获取到号码【1836636】的GSD为【-】
2021-07-21 00:36:03 GSD insert 第 1 次 等待 3 秒
2021-07-21 00:36:06 {"status":"ok","gid":341521,"msg":"添加成功！"}
2021-07-21 00:36:06 下次操作: 2021-07-21 00:36:20

2021-07-21 00:36:20 开始第 37 次操作

2021-07-21 00:36:20 开始操作号码 【1836637】
2021-07-21 00:36:24 GSD getOne 第 1 次 等待 3 秒
2021-07-21 00:36:27 查询号码 【1836637】，返回信息 {"status":"bad","msg":""}
2021-07-21 00:36:27 查询号码 【1836637】，GSD为【""】
2021-07-21 00:36:27 bad
2021-07-21 00:36:27 CHB 1836637?1626798987 第 1 次 等待 3 秒
2021-07-21 00:36:31 CHB 1836637?1626798987 第 1 次 未获取到 等待 22 秒 下次操作: 2021-07-21 00:36:53
2021-07-21 00:36:53 CHB 1836637?1626799013 第 2 次 等待 3 秒
2021-07-21 00:36:56 CHB 1836637?1626799013 第 2 次 未获取到 等待 13 秒 下次操作: 2021-07-21 00:37:09
2021-07-21 00:37:10 CHB 1836637?1626799029 第 3 次 等待 3 秒
2021-07-21 00:37:13 CHB 1836637?1626799029 第 3 次 跳过号码【1836637】
2021-07-21 00:37:13 未获取到号码【1836637】源码
2021-07-21 00:37:13 获取到号码【1836637】的GSD为【-】
2021-07-21 00:37:19 GSD insert 第 1 次 等待 3 秒
2021-07-21 00:37:22 {"status":"ok","gid":341525,"msg":"添加成功！"}
2021-07-21 00:37:22 下次操作: 2021-07-21 00:37:42

2021-07-21 00:37:42 开始第 38 次操作

2021-07-21 00:37:42 开始操作号码 【1836638】
2021-07-21 00:37:47 GSD getOne 第 1 次 等待 3 秒
2021-07-21 00:37:50 查询号码 【1836638】，返回信息 {"status":"bad","msg":""}
2021-07-21 00:37:50 查询号码 【1836638】，GSD为【""】
2021-07-21 00:37:50 bad
2021-07-21 00:37:51 CHB 1836638?1626799070 第 1 次 等待 3 秒
2021-07-21 00:37:54 CHB 1836638?1626799070 第 1 次 未获取到 等待 13 秒 下次操作: 2021-07-21 00:38:07
2021-07-21 00:38:07 CHB 1836638?1626799087 第 2 次 等待 3 秒
2021-07-21 00:38:10 CHB 1836638?1626799087 第 2 次 未获取到 等待 18 秒 下次操作: 2021-07-21 00:38:28
2021-07-21 00:38:29 CHB 1836638?1626799108 第 3 次 等待 3 秒
2021-07-21 00:38:32 CHB 1836638?1626799108 第 3 次 跳过号码【1836638】
2021-07-21 00:38:32 未获取到号码【1836638】源码
2021-07-21 00:38:32 获取到号码【1836638】的GSD为【-】
2021-07-21 00:38:35 GSD insert 第 1 次 等待 3 秒
2021-07-21 00:38:38 {"status":"ok","gid":341527,"msg":"添加成功！"}
2021-07-21 00:38:38 下次操作: 2021-07-21 00:38:51

2021-07-21 00:38:51 开始第 39 次操作

2021-07-21 00:38:51 开始操作号码 【1836639】
2021-07-21 00:38:54 GSD getOne 第 1 次 等待 3 秒
2021-07-21 00:38:57 查询号码 【1836639】，返回信息 {"status":"bad","msg":""}
2021-07-21 00:38:57 查询号码 【1836639】，GSD为【""】
2021-07-21 00:38:57 bad
2021-07-21 00:38:57 CHB 1836639?1626799137 第 1 次 等待 3 秒
2021-07-21 00:39:00 CHB 1836639?1626799137 第 1 次 未获取到 等待 23 秒 下次操作: 2021-07-21 00:39:23
2021-07-21 00:39:24 CHB 1836639?1626799163 第 2 次 等待 3 秒
2021-07-21 00:39:27 CHB 1836639?1626799163 第 2 次 未获取到 等待 22 秒 下次操作: 2021-07-21 00:39:49
2021-07-21 00:39:49 CHB 1836639?1626799189 第 3 次 等待 3 秒
2021-07-21 00:39:52 CHB 1836639?1626799189 第 3 次 跳过号码【1836639】
2021-07-21 00:39:52 未获取到号码【1836639】源码
2021-07-21 00:39:52 获取到号码【1836639】的GSD为【-】
2021-07-21 00:39:57 GSD insert 第 1 次 等待 3 秒
2021-07-21 00:40:00 {"status":"ok","gid":341533,"msg":"添加成功！"}
2021-07-21 00:40:00 下次操作: 2021-07-21 00:40:17

2021-07-21 00:40:17 开始第 40 次操作

2021-07-21 00:40:17 开始操作号码 【1836640】
2021-07-21 00:40:21 GSD getOne 第 1 次 等待 3 秒
2021-07-21 00:40:24 查询号码 【1836640】，返回信息 {"status":"ok","msg":"山东-聊城","gid":"37998","time_insert":"2017-03-28 08:59","time_update":"2020-09-10 22:00"}
2021-07-21 00:40:24 查询号码 【1836640】，GSD为【"山东-聊城"】

2021-07-21 00:40:24 开始第 40 次操作

2021-07-21 00:40:24 开始操作号码 【1836641】
2021-07-21 00:40:25 GSD getOne 第 1 次 等待 3 秒
2021-07-21 00:40:28 GSD getOne 第 2 次 等待 3 秒
2021-07-21 00:40:35 GSD getOne 第 3 次 等待 3 秒
2021-07-21 00:40:38 查询号码 【1836641】，返回信息 {"status":"bad","msg":""}
2021-07-21 00:40:38 查询号码 【1836641】，GSD为【""】
2021-07-21 00:40:38 bad
2021-07-21 00:40:39 CHB 1836641?1626799238 第 1 次 等待 3 秒
2021-07-21 00:40:42 CHB 1836641?1626799238 第 1 次 未获取到 等待 20 秒 下次操作: 2021-07-21 00:41:02
2021-07-21 00:41:02 CHB 1836641?1626799262 第 2 次 等待 3 秒
2021-07-21 00:41:05 CHB 1836641?1626799262 第 2 次 未获取到 等待 13 秒 下次操作: 2021-07-21 00:41:18
2021-07-21 00:41:19 CHB 1836641?1626799278 第 3 次 等待 3 秒
2021-07-21 00:41:22 CHB 1836641?1626799278 第 3 次 跳过号码【1836641】
2021-07-21 00:41:22 未获取到号码【1836641】源码
2021-07-21 00:41:22 获取到号码【1836641】的GSD为【-】
2021-07-21 00:41:27 GSD insert 第 1 次 等待 3 秒
2021-07-21 00:41:30 {"status":"ok","gid":341537,"msg":"添加成功！"}

