2024-07-29 00:13:01 开始第 9193 次操作

2024-07-29 00:13:01 开始操作号码 【1559102】
2024-07-29 00:13:10 GSD getOne 第 1 次 等待 3 秒
2024-07-29 00:13:13 查询号码 【1559102】，返回信息 {"status":"ok","msg":"陕西-咸阳","gid":"376804","time_insert":"2021-07-24 11:58"}
2024-07-29 00:13:13 查询号码 【1559102】，GSD为【"陕西-咸阳"】

2024-07-29 00:13:14 开始第 9194 次操作

2024-07-29 00:13:14 开始操作号码 【1559103】
2024-07-29 00:13:23 GSD getOne 第 1 次 等待 3 秒
2024-07-29 00:13:26 查询号码 【1559103】，返回信息 {"status":"ok","msg":"陕西-咸阳","gid":"376797","time_insert":"2021-07-24 11:58"}
2024-07-29 00:13:26 查询号码 【1559103】，GSD为【"陕西-咸阳"】

2024-07-29 00:13:27 开始第 9195 次操作

2024-07-29 00:13:27 开始操作号码 【1559104】
2024-07-29 00:13:35 GSD getOne 第 1 次 等待 3 秒
2024-07-29 00:13:38 查询号码 【1559104】，返回信息 {"status":"ok","msg":"陕西-咸阳","gid":"376789","time_insert":"2021-07-24 11:57"}
2024-07-29 00:13:38 查询号码 【1559104】，GSD为【"陕西-咸阳"】

2024-07-29 00:13:39 开始第 9196 次操作

2024-07-29 00:13:39 开始操作号码 【1559105】
2024-07-29 00:13:47 GSD getOne 第 1 次 等待 3 秒
2024-07-29 00:13:50 查询号码 【1559105】，返回信息 {"status":"ok","msg":"陕西-咸阳","gid":"376779","time_insert":"2021-07-24 11:56"}
2024-07-29 00:13:51 查询号码 【1559105】，GSD为【"陕西-咸阳"】

2024-07-29 00:37:05 开始第 9197 次操作

2024-07-29 00:37:05 开始操作号码 【1559106】
2024-07-29 00:37:16 GSD getOne 第 1 次 等待 3 秒
2024-07-29 00:37:19 查询号码 【1559106】，返回信息 {"status":"ok","msg":"陕西-咸阳","gid":"376768","time_insert":"2021-07-24 11:56"}
2024-07-29 00:37:19 查询号码 【1559106】，GSD为【"陕西-咸阳"】

2024-07-29 00:37:20 开始第 9198 次操作

2024-07-29 00:37:20 开始操作号码 【1559107】
2024-07-29 00:37:42 GSD getOne 第 1 次 等待 3 秒
2024-07-29 00:37:45 查询号码 【1559107】，返回信息 {"status":"ok","msg":"陕西-咸阳","gid":"376761","time_insert":"2021-07-24 11:55"}
2024-07-29 00:37:45 查询号码 【1559107】，GSD为【"陕西-咸阳"】

2024-07-29 00:37:46 开始第 9199 次操作

2024-07-29 00:37:46 开始操作号码 【1559108】
2024-07-29 00:37:54 GSD getOne 第 1 次 等待 3 秒
2024-07-29 00:37:57 查询号码 【1559108】，返回信息 {"status":"ok","msg":"陕西-咸阳","gid":"376747","time_insert":"2021-07-24 11:55"}
2024-07-29 00:37:57 查询号码 【1559108】，GSD为【"陕西-咸阳"】

2024-07-29 00:37:58 开始第 9200 次操作

2024-07-29 00:37:58 开始操作号码 【1559109】
2024-07-29 00:38:07 GSD getOne 第 1 次 等待 3 秒
2024-07-29 00:38:10 查询号码 【1559109】，返回信息 {"status":"ok","msg":"陕西-咸阳","gid":"376739","time_insert":"2021-07-24 11:54"}
2024-07-29 00:38:10 查询号码 【1559109】，GSD为【"陕西-咸阳"】

