2023-12-25 00:10:21 开始第 5145 次操作

2023-12-25 00:10:21 开始操作号码 【1885058】
2023-12-25 00:10:25 GSD getOne 第 1 次 等待 3 秒
2023-12-25 00:10:28 查询号码 【1885058】，返回信息 {"status":"ok","msg":"福建-厦门","gid":"462237","time_insert":"2021-08-01 01:27"}
2023-12-25 00:10:28 查询号码 【1885058】，GSD为【"福建-厦门"】

2023-12-25 00:10:29 开始第 5146 次操作

2023-12-25 00:10:29 开始操作号码 【1885059】
2023-12-25 00:10:37 GSD getOne 第 1 次 等待 3 秒
2023-12-25 00:10:40 查询号码 【1885059】，返回信息 {"status":"ok","msg":"福建-厦门","gid":"462226","time_insert":"2021-08-01 01:26"}
2023-12-25 00:10:40 查询号码 【1885059】，GSD为【"福建-厦门"】

2023-12-25 00:10:41 开始第 5147 次操作

2023-12-25 00:10:42 开始操作号码 【1885060】
2023-12-25 00:10:53 GSD getOne 第 1 次 等待 3 秒
2023-12-25 00:10:56 查询号码 【1885060】，返回信息 {"status":"ok","msg":"福建-南平","gid":"462219","time_insert":"2021-08-01 01:26"}
2023-12-25 00:10:56 查询号码 【1885060】，GSD为【"福建-南平"】

2023-12-25 00:10:57 开始第 5148 次操作

2023-12-25 00:10:57 开始操作号码 【1885061】
2023-12-25 00:11:13 GSD getOne 第 1 次 等待 3 秒
2023-12-25 00:11:16 查询号码 【1885061】，返回信息 {"status":"ok","msg":"福建-南平","gid":"462212","time_insert":"2021-08-01 01:25"}
2023-12-25 00:11:16 查询号码 【1885061】，GSD为【"福建-南平"】

