2024-12-11 00:16:34 开始第 9489 次操作

2024-12-11 00:16:34 开始操作号码 【1339488】
2024-12-11 00:16:35 GSD getOne 第 1 次 等待 3 秒
2024-12-11 00:16:38 查询号码 【1339488】，返回信息 {"status":"ok","msg":"内蒙古-乌兰察布","gid":"259665","time_insert":"2021-07-12 21:39"}
2024-12-11 00:16:38 查询号码 【1339488】，GSD为【"内蒙古-乌兰察布"】

2024-12-11 00:16:39 开始第 9490 次操作

2024-12-11 00:16:39 开始操作号码 【1339489】
2024-12-11 00:16:40 GSD getOne 第 1 次 等待 3 秒
2024-12-11 00:16:43 查询号码 【1339489】，返回信息 {"status":"ok","msg":"内蒙古-呼和浩特","gid":"259662","time_insert":"2021-07-12 21:39"}
2024-12-11 00:16:43 查询号码 【1339489】，GSD为【"内蒙古-呼和浩特"】

2024-12-11 00:16:44 开始第 9491 次操作

2024-12-11 00:16:44 开始操作号码 【1339490】
2024-12-11 00:16:45 GSD getOne 第 1 次 等待 3 秒
2024-12-11 00:16:48 查询号码 【1339490】，返回信息 {"status":"ok","msg":"新疆-克孜勒苏","gid":"259660","time_insert":"2021-07-12 21:38"}
2024-12-11 00:16:48 查询号码 【1339490】，GSD为【"新疆-克孜勒苏"】

2024-12-11 00:16:49 开始第 9492 次操作

2024-12-11 00:16:49 开始操作号码 【1339491】
2024-12-11 00:16:50 GSD getOne 第 1 次 等待 3 秒
2024-12-11 00:16:53 查询号码 【1339491】，返回信息 {"status":"ok","msg":"新疆-乌鲁木齐","gid":"259659","time_insert":"2021-07-12 21:38"}
2024-12-11 00:16:53 查询号码 【1339491】，GSD为【"新疆-乌鲁木齐"】

2024-12-11 00:46:19 开始第 9493 次操作

2024-12-11 00:46:19 开始操作号码 【1339492】
2024-12-11 00:46:20 GSD getOne 第 1 次 等待 3 秒
2024-12-11 00:46:23 查询号码 【1339492】，返回信息 {"status":"ok","msg":"新疆-奎屯","gid":"259657","time_insert":"2021-07-12 21:37"}
2024-12-11 00:46:23 查询号码 【1339492】，GSD为【"新疆-奎屯"】

2024-12-11 00:46:24 开始第 9494 次操作

2024-12-11 00:46:24 开始操作号码 【1339493】
2024-12-11 00:46:25 GSD getOne 第 1 次 等待 3 秒
2024-12-11 00:46:28 查询号码 【1339493】，返回信息 {"status":"ok","msg":"新疆-石河子","gid":"259656","time_insert":"2021-07-12 21:37"}
2024-12-11 00:46:28 查询号码 【1339493】，GSD为【"新疆-石河子"】

2024-12-11 00:46:29 开始第 9495 次操作

2024-12-11 00:46:29 开始操作号码 【1339494】
2024-12-11 00:46:30 GSD getOne 第 1 次 等待 3 秒
2024-12-11 00:46:33 查询号码 【1339494】，返回信息 {"status":"ok","msg":"新疆-克拉玛依","gid":"259655","time_insert":"2021-07-12 21:36"}
2024-12-11 00:46:33 查询号码 【1339494】，GSD为【"新疆-克拉玛依"】

2024-12-11 00:46:34 开始第 9496 次操作

2024-12-11 00:46:34 开始操作号码 【1339495】
2024-12-11 00:46:36 GSD getOne 第 1 次 等待 3 秒
2024-12-11 00:46:39 查询号码 【1339495】，返回信息 {"status":"ok","msg":"新疆-吐鲁番","gid":"259439","time_insert":"2021-07-12 21:07"}
2024-12-11 00:46:39 查询号码 【1339495】，GSD为【"新疆-吐鲁番"】

2024-12-11 01:11:45 开始第 9497 次操作

2024-12-11 01:11:45 开始操作号码 【1339496】
2024-12-11 01:11:46 GSD getOne 第 1 次 等待 3 秒
2024-12-11 01:11:49 查询号码 【1339496】，返回信息 {"status":"ok","msg":"新疆-昌吉","gid":"259429","time_insert":"2021-07-12 21:06"}
2024-12-11 01:11:49 查询号码 【1339496】，GSD为【"新疆-昌吉"】

2024-12-11 01:11:50 开始第 9498 次操作

2024-12-11 01:11:50 开始操作号码 【1339497】
2024-12-11 01:11:52 GSD getOne 第 1 次 等待 3 秒
2024-12-11 01:11:55 查询号码 【1339497】，返回信息 {"status":"ok","msg":"新疆-阿克苏","gid":"259422","time_insert":"2021-07-12 21:06"}
2024-12-11 01:11:55 查询号码 【1339497】，GSD为【"新疆-阿克苏"】

2024-12-11 01:11:56 开始第 9499 次操作

2024-12-11 01:11:56 开始操作号码 【1339498】
2024-12-11 01:11:58 GSD getOne 第 1 次 等待 3 秒
2024-12-11 01:12:01 查询号码 【1339498】，返回信息 {"status":"ok","msg":"新疆-阿克苏","gid":"259415","time_insert":"2021-07-12 21:05"}
2024-12-11 01:12:01 查询号码 【1339498】，GSD为【"新疆-阿克苏"】

2024-12-11 01:12:02 开始第 9500 次操作

2024-12-11 01:12:02 开始操作号码 【1339499】
2024-12-11 01:12:03 GSD getOne 第 1 次 等待 3 秒
2024-12-11 01:12:06 查询号码 【1339499】，返回信息 {"status":"ok","msg":"新疆-伊犁","gid":"259407","time_insert":"2021-07-12 21:05"}
2024-12-11 01:12:06 查询号码 【1339499】，GSD为【"新疆-伊犁"】

