2023-12-11 00:09:57 开始第 2577 次操作

2023-12-11 00:09:57 开始操作号码 【1882490】
2023-12-11 00:10:07 GSD getOne 第 1 次 等待 3 秒
2023-12-11 00:10:10 查询号码 【1882490】，返回信息 {"status":"ok","msg":"广东-广州","gid":"490725","time_insert":"2021-08-03 14:55"}
2023-12-11 00:10:10 查询号码 【1882490】，GSD为【"广东-广州"】

2023-12-11 00:10:11 开始第 2578 次操作

2023-12-11 00:10:11 开始操作号码 【1882491】
2023-12-11 00:10:14 GSD getOne 第 1 次 等待 3 秒
2023-12-11 00:10:17 查询号码 【1882491】，返回信息 {"status":"ok","msg":"广东-广州","gid":"490719","time_insert":"2021-08-03 14:54"}
2023-12-11 00:10:17 查询号码 【1882491】，GSD为【"广东-广州"】

2023-12-11 00:10:18 开始第 2579 次操作

2023-12-11 00:10:18 开始操作号码 【1882492】
2023-12-11 00:10:23 GSD getOne 第 1 次 等待 3 秒
2023-12-11 00:10:26 查询号码 【1882492】，返回信息 {"status":"ok","msg":"广东-广州","gid":"490713","time_insert":"2021-08-03 14:53"}
2023-12-11 00:10:26 查询号码 【1882492】，GSD为【"广东-广州"】

2023-12-11 00:10:27 开始第 2580 次操作

2023-12-11 00:10:27 开始操作号码 【1882493】
2023-12-11 00:10:31 GSD getOne 第 1 次 等待 3 秒
2023-12-11 00:10:34 查询号码 【1882493】，返回信息 {"status":"ok","msg":"广东-中山","gid":"490710","time_insert":"2021-08-03 14:52"}
2023-12-11 00:10:34 查询号码 【1882493】，GSD为【"广东-中山"】

