2024-11-30 00:15:27 开始第 7613 次操作

2024-11-30 00:15:27 开始操作号码 【1337612】
2024-11-30 00:15:28 GSD getOne 第 1 次 等待 3 秒
2024-11-30 00:15:31 查询号码 【1337612】，返回信息 {"status":"ok","msg":"江苏-南通","gid":"281136","time_insert":"2021-07-15 07:35"}
2024-11-30 00:15:31 查询号码 【1337612】，GSD为【"江苏-南通"】

2024-11-30 00:15:32 开始第 7614 次操作

2024-11-30 00:15:32 开始操作号码 【1337613】
2024-11-30 00:15:33 GSD getOne 第 1 次 等待 3 秒
2024-11-30 00:15:36 查询号码 【1337613】，返回信息 {"status":"ok","msg":"江苏-南通","gid":"281135","time_insert":"2021-07-15 07:35"}
2024-11-30 00:15:36 查询号码 【1337613】，GSD为【"江苏-南通"】

2024-11-30 00:15:37 开始第 7615 次操作

2024-11-30 00:15:37 开始操作号码 【1337614】
2024-11-30 00:15:38 GSD getOne 第 1 次 等待 3 秒
2024-11-30 00:15:41 查询号码 【1337614】，返回信息 {"status":"ok","msg":"江苏-镇江","gid":"281133","time_insert":"2021-07-15 07:34"}
2024-11-30 00:15:41 查询号码 【1337614】，GSD为【"江苏-镇江"】

2024-11-30 00:15:42 开始第 7616 次操作

2024-11-30 00:15:42 开始操作号码 【1337615】
2024-11-30 00:15:44 GSD getOne 第 1 次 等待 3 秒
2024-11-30 00:15:47 查询号码 【1337615】，返回信息 {"status":"ok","msg":"江苏-镇江","gid":"281131","time_insert":"2021-07-15 07:34"}
2024-11-30 00:15:47 查询号码 【1337615】，GSD为【"江苏-镇江"】

2024-11-30 00:43:44 开始第 7617 次操作

2024-11-30 00:43:44 开始操作号码 【1337616】
2024-11-30 00:43:46 GSD getOne 第 1 次 等待 3 秒
2024-11-30 00:43:49 查询号码 【1337616】，返回信息 {"status":"ok","msg":"江苏-镇江","gid":"281130","time_insert":"2021-07-15 07:34"}
2024-11-30 00:43:50 查询号码 【1337616】，GSD为【"江苏-镇江"】

2024-11-30 00:43:51 开始第 7618 次操作

2024-11-30 00:43:51 开始操作号码 【1337617】
2024-11-30 00:43:52 GSD getOne 第 1 次 等待 3 秒
2024-11-30 00:43:55 查询号码 【1337617】，返回信息 {"status":"ok","msg":"江苏-镇江","gid":"281127","time_insert":"2021-07-15 07:33"}
2024-11-30 00:43:55 查询号码 【1337617】，GSD为【"江苏-镇江"】

2024-11-30 00:43:56 开始第 7619 次操作

2024-11-30 00:43:56 开始操作号码 【1337618】
2024-11-30 00:43:57 GSD getOne 第 1 次 等待 3 秒
2024-11-30 00:44:00 查询号码 【1337618】，返回信息 {"status":"ok","msg":"江苏-镇江","gid":"281126","time_insert":"2021-07-15 07:33"}
2024-11-30 00:44:00 查询号码 【1337618】，GSD为【"江苏-镇江"】

2024-11-30 00:44:01 开始第 7620 次操作

2024-11-30 00:44:01 开始操作号码 【1337619】
2024-11-30 00:44:02 GSD getOne 第 1 次 等待 3 秒
2024-11-30 00:44:05 查询号码 【1337619】，返回信息 {"status":"ok","msg":"江苏-镇江","gid":"281125","time_insert":"2021-07-15 07:33"}
2024-11-30 00:44:05 查询号码 【1337619】，GSD为【"江苏-镇江"】

