2024-03-29 00:10:54 开始第 721 次操作

2024-03-29 00:10:54 开始操作号码 【1660635】
2024-03-29 00:10:59 GSD getOne 第 1 次 等待 3 秒
2024-03-29 00:11:02 查询号码 【1660635】，返回信息 {"status":"ok","msg":"山东-聊城","gid":"116992","time_insert":"2021-06-23 07:45"}
2024-03-29 00:11:02 查询号码 【1660635】，GSD为【"山东-聊城"】

2024-03-29 00:11:03 开始第 722 次操作

2024-03-29 00:11:03 开始操作号码 【1660636】
2024-03-29 00:11:08 GSD getOne 第 1 次 等待 3 秒
2024-03-29 00:11:11 查询号码 【1660636】，返回信息 {"status":"ok","msg":"山东-潍坊","gid":"116998","time_insert":"2021-06-23 07:46"}
2024-03-29 00:11:11 查询号码 【1660636】，GSD为【"山东-潍坊"】

2024-03-29 00:11:12 开始第 723 次操作

2024-03-29 00:11:12 开始操作号码 【1660637】
2024-03-29 00:11:16 GSD getOne 第 1 次 等待 3 秒
2024-03-29 00:11:19 查询号码 【1660637】，返回信息 {"status":"ok","msg":"山东-潍坊","gid":"117002","time_insert":"2021-06-23 07:46"}
2024-03-29 00:11:19 查询号码 【1660637】，GSD为【"山东-潍坊"】

2024-03-29 00:11:20 开始第 724 次操作

2024-03-29 00:11:20 开始操作号码 【1660638】
2024-03-29 00:11:27 GSD getOne 第 1 次 等待 3 秒
2024-03-29 00:11:30 查询号码 【1660638】，返回信息 {"status":"ok","msg":"山东-潍坊","gid":"117005","time_insert":"2021-06-23 07:47"}
2024-03-29 00:11:30 查询号码 【1660638】，GSD为【"山东-潍坊"】

