2024-04-22 00:11:08 开始第 4977 次操作

2024-04-22 00:11:08 开始操作号码 【1664891】
2024-04-22 00:11:13 GSD getOne 第 1 次 等待 3 秒
2024-04-22 00:11:16 查询号码 【1664891】，返回信息 {"status":"ok","msg":"内蒙古-锡林郭勒","gid":"153790","time_insert":"2021-06-29 13:40"}
2024-04-22 00:11:17 查询号码 【1664891】，GSD为【"内蒙古-锡林郭勒"】

2024-04-22 00:11:18 开始第 4978 次操作

2024-04-22 00:11:18 开始操作号码 【1664892】
2024-04-22 00:11:25 GSD getOne 第 1 次 等待 3 秒
2024-04-22 00:11:28 查询号码 【1664892】，返回信息 {"status":"ok","msg":"内蒙古-锡林郭勒","gid":"153805","time_insert":"2021-06-29 13:42"}
2024-04-22 00:11:28 查询号码 【1664892】，GSD为【"内蒙古-锡林郭勒"】

2024-04-22 00:11:29 开始第 4979 次操作

2024-04-22 00:11:29 开始操作号码 【1664893】
2024-04-22 00:11:33 GSD getOne 第 1 次 等待 3 秒
2024-04-22 00:11:36 查询号码 【1664893】，返回信息 {"status":"ok","msg":"内蒙古-锡林郭勒","gid":"153818","time_insert":"2021-06-29 13:42"}
2024-04-22 00:11:36 查询号码 【1664893】，GSD为【"内蒙古-锡林郭勒"】

2024-04-22 00:11:37 开始第 4980 次操作

2024-04-22 00:11:37 开始操作号码 【1664894】
2024-04-22 00:11:42 GSD getOne 第 1 次 等待 3 秒
2024-04-22 00:11:45 查询号码 【1664894】，返回信息 {"status":"ok","msg":"内蒙古-锡林郭勒","gid":"153832","time_insert":"2021-06-29 13:43"}
2024-04-22 00:11:45 查询号码 【1664894】，GSD为【"内蒙古-锡林郭勒"】

2024-04-22 00:34:43 开始第 4981 次操作

2024-04-22 00:34:43 开始操作号码 【1664895】
2024-04-22 00:34:50 GSD getOne 第 1 次 等待 3 秒
2024-04-22 00:34:53 查询号码 【1664895】，返回信息 {"status":"ok","msg":"内蒙古-锡林郭勒","gid":"153844","time_insert":"2021-06-29 13:44"}
2024-04-22 00:34:53 查询号码 【1664895】，GSD为【"内蒙古-锡林郭勒"】

2024-04-22 00:34:54 开始第 4982 次操作

2024-04-22 00:34:54 开始操作号码 【1664896】
2024-04-22 00:34:59 GSD getOne 第 1 次 等待 3 秒
2024-04-22 00:35:02 查询号码 【1664896】，返回信息 {"status":"ok","msg":"内蒙古-锡林郭勒","gid":"153857","time_insert":"2021-06-29 13:45"}
2024-04-22 00:35:02 查询号码 【1664896】，GSD为【"内蒙古-锡林郭勒"】

2024-04-22 00:35:03 开始第 4983 次操作

2024-04-22 00:35:03 开始操作号码 【1664897】
2024-04-22 00:35:12 GSD getOne 第 1 次 等待 3 秒
2024-04-22 00:35:15 查询号码 【1664897】，返回信息 {"status":"ok","msg":"内蒙古-锡林郭勒","gid":"153867","time_insert":"2021-06-29 13:46"}
2024-04-22 00:35:15 查询号码 【1664897】，GSD为【"内蒙古-锡林郭勒"】

2024-04-22 00:35:16 开始第 4984 次操作

2024-04-22 00:35:16 开始操作号码 【1664898】
2024-04-22 00:35:26 GSD getOne 第 1 次 等待 3 秒
2024-04-22 00:35:29 查询号码 【1664898】，返回信息 {"status":"ok","msg":"内蒙古-锡林郭勒","gid":"153880","time_insert":"2021-06-29 13:46"}
2024-04-22 00:35:29 查询号码 【1664898】，GSD为【"内蒙古-锡林郭勒"】

