2023-11-27 00:10:02 开始第 88 次操作
2023-11-27 00:10:02 号码【198（0000 ---> 9999）】处理完毕
2023-11-27 00:35:14 开始第 88 次操作
2023-11-27 00:35:14 号码【198（0000 ---> 9999）】处理完毕
2023-11-27 01:07:29 开始第 88 次操作
2023-11-27 01:07:29 号码【198（0000 ---> 9999）】处理完毕
2023-11-27 01:33:08 开始第 88 次操作
2023-11-27 01:33:08 号码【198（0000 ---> 9999）】处理完毕
2023-11-27 02:09:59 开始第 88 次操作
2023-11-27 02:09:59 号码【198（0000 ---> 9999）】处理完毕
2023-11-27 02:33:27 开始第 88 次操作
2023-11-27 02:33:27 号码【198（0000 ---> 9999）】处理完毕
2023-11-27 03:06:38 开始第 88 次操作
2023-11-27 03:06:38 号码【198（0000 ---> 9999）】处理完毕
2023-11-27 03:32:56 开始第 88 次操作
2023-11-27 03:32:56 号码【198（0000 ---> 9999）】处理完毕
2023-11-27 04:08:43 开始第 88 次操作
2023-11-27 04:08:43 号码【198（0000 ---> 9999）】处理完毕
2023-11-27 04:33:09 开始第 88 次操作
2023-11-27 04:33:09 号码【198（0000 ---> 9999）】处理完毕
2023-11-27 05:08:04 开始第 88 次操作
2023-11-27 05:08:04 号码【198（0000 ---> 9999）】处理完毕
2023-11-27 05:38:05 开始第 88 次操作
2023-11-27 05:38:05 号码【198（0000 ---> 9999）】处理完毕
2023-11-27 06:07:35 开始第 88 次操作
2023-11-27 06:07:35 号码【198（0000 ---> 9999）】处理完毕
2023-11-27 06:32:54 开始第 88 次操作
2023-11-27 06:32:54 号码【198（0000 ---> 9999）】处理完毕
2023-11-27 07:08:08 开始第 88 次操作
2023-11-27 07:08:08 号码【198（0000 ---> 9999）】处理完毕
2023-11-27 07:33:16 开始第 88 次操作
2023-11-27 07:33:16 号码【198（0000 ---> 9999）】处理完毕
2023-11-27 08:42:11 开始第 88 次操作
2023-11-27 08:42:11 号码【198（0000 ---> 9999）】处理完毕
2023-11-27 09:51:21 开始第 88 次操作
2023-11-27 09:51:21 号码【198（0000 ---> 9999）】处理完毕
2023-11-27 09:55:38 开始第 88 次操作

2023-11-27 09:55:38 开始操作号码 【1880001】
2023-11-27 09:55:41 GSD getOne 第 1 次 等待 3 秒
2023-11-27 09:55:44 查询号码 【1880001】，返回信息 {"status":"ok","msg":"北京-北京","gid":"353731","time_insert":"2021-07-22 08:42"}
2023-11-27 09:55:44 查询号码 【1880001】，GSD为【"北京-北京"】

2023-11-27 10:22:39 开始第 89 次操作

2023-11-27 10:22:39 开始操作号码 【1880002】
2023-11-27 10:22:45 GSD getOne 第 1 次 等待 3 秒
2023-11-27 10:22:48 查询号码 【1880002】，返回信息 {"status":"ok","msg":"北京-北京","gid":"353768","time_insert":"2021-07-22 08:54"}
2023-11-27 10:22:48 查询号码 【1880002】，GSD为【"北京-北京"】

2023-11-27 10:22:49 开始第 90 次操作

2023-11-27 10:22:49 开始操作号码 【1880003】
2023-11-27 10:22:54 GSD getOne 第 1 次 等待 3 秒
2023-11-27 10:22:57 查询号码 【1880003】，返回信息 {"status":"ok","msg":"北京-北京","gid":"353811","time_insert":"2021-07-22 09:08"}
2023-11-27 10:22:57 查询号码 【1880003】，GSD为【"北京-北京"】

2023-11-27 10:22:58 开始第 91 次操作

2023-11-27 10:22:58 开始操作号码 【1880004】
2023-11-27 10:23:02 GSD getOne 第 1 次 等待 3 秒
2023-11-27 10:23:05 查询号码 【1880004】，返回信息 {"status":"ok","msg":"北京-北京","gid":"353835","time_insert":"2021-07-22 09:22"}
2023-11-27 10:23:05 查询号码 【1880004】，GSD为【"北京-北京"】

2023-11-27 10:23:06 开始第 92 次操作

2023-11-27 10:23:06 开始操作号码 【1880005】
2023-11-27 10:23:10 GSD getOne 第 1 次 等待 3 秒
2023-11-27 10:23:13 查询号码 【1880005】，返回信息 {"status":"ok","msg":"北京-北京","gid":"353854","time_insert":"2021-07-22 09:33"}
2023-11-27 10:23:13 查询号码 【1880005】，GSD为【"北京-北京"】

2023-11-27 10:39:16 开始第 93 次操作

2023-11-27 10:39:16 开始操作号码 【1880006】
2023-11-27 10:39:21 GSD getOne 第 1 次 等待 3 秒
2023-11-27 10:39:24 查询号码 【1880006】，返回信息 {"status":"ok","msg":"北京-北京","gid":"353889","time_insert":"2021-07-22 09:44"}
2023-11-27 10:39:24 查询号码 【1880006】，GSD为【"北京-北京"】

2023-11-27 10:39:25 开始第 94 次操作

2023-11-27 10:39:25 开始操作号码 【1880007】
2023-11-27 10:39:29 GSD getOne 第 1 次 等待 3 秒
2023-11-27 10:39:32 查询号码 【1880007】，返回信息 {"status":"ok","msg":"北京-北京","gid":"354066","time_insert":"2021-07-22 09:57"}
2023-11-27 10:39:32 查询号码 【1880007】，GSD为【"北京-北京"】

2023-11-27 10:39:33 开始第 95 次操作

2023-11-27 10:39:33 开始操作号码 【1880008】
2023-11-27 10:39:37 GSD getOne 第 1 次 等待 3 秒
2023-11-27 10:39:40 查询号码 【1880008】，返回信息 {"status":"ok","msg":"北京-北京","gid":"354212","time_insert":"2021-07-22 10:10"}
2023-11-27 10:39:40 查询号码 【1880008】，GSD为【"北京-北京"】

2023-11-27 10:39:41 开始第 96 次操作

2023-11-27 10:39:41 开始操作号码 【1880009】
2023-11-27 10:39:44 GSD getOne 第 1 次 等待 3 秒
2023-11-27 10:39:47 查询号码 【1880009】，返回信息 {"status":"ok","msg":"北京-北京","gid":"354277","time_insert":"2021-07-22 10:24"}
2023-11-27 10:39:47 查询号码 【1880009】，GSD为【"北京-北京"】

2023-11-27 11:09:35 开始第 97 次操作

2023-11-27 11:09:35 开始操作号码 【1880010】
2023-11-27 11:09:39 GSD getOne 第 1 次 等待 3 秒
2023-11-27 11:09:42 查询号码 【1880010】，返回信息 {"status":"ok","msg":"北京-北京","gid":"354317","time_insert":"2021-07-22 10:37"}
2023-11-27 11:09:42 查询号码 【1880010】，GSD为【"北京-北京"】

2023-11-27 11:09:43 开始第 98 次操作

2023-11-27 11:09:43 开始操作号码 【1880011】
2023-11-27 11:09:46 GSD getOne 第 1 次 等待 3 秒
2023-11-27 11:09:49 查询号码 【1880011】，返回信息 {"status":"ok","msg":"北京-北京","gid":"50673","time_insert":"2021-04-21 16:57"}
2023-11-27 11:09:49 查询号码 【1880011】，GSD为【"北京-北京"】

2023-11-27 11:09:50 开始第 99 次操作

2023-11-27 11:09:50 开始操作号码 【1880012】
2023-11-27 11:09:54 GSD getOne 第 1 次 等待 3 秒
2023-11-27 11:09:57 查询号码 【1880012】，返回信息 {"status":"ok","msg":"北京-北京","gid":"354344","time_insert":"2021-07-22 10:48"}
2023-11-27 11:09:57 查询号码 【1880012】，GSD为【"北京-北京"】

2023-11-27 11:09:58 开始第 100 次操作

2023-11-27 11:09:58 开始操作号码 【1880013】
2023-11-27 11:10:02 GSD getOne 第 1 次 等待 3 秒
2023-11-27 11:10:05 查询号码 【1880013】，返回信息 {"status":"ok","msg":"北京-北京","gid":"354527","time_insert":"2021-07-22 11:02"}
2023-11-27 11:10:05 查询号码 【1880013】，GSD为【"北京-北京"】

2023-11-27 11:33:37 开始第 101 次操作

2023-11-27 11:33:37 开始操作号码 【1880014】
2023-11-27 11:33:41 GSD getOne 第 1 次 等待 3 秒
2023-11-27 11:33:44 查询号码 【1880014】，返回信息 {"status":"ok","msg":"北京-北京","gid":"354680","time_insert":"2021-07-22 11:15"}
2023-11-27 11:33:44 查询号码 【1880014】，GSD为【"北京-北京"】

2023-11-27 11:33:45 开始第 102 次操作

2023-11-27 11:33:45 开始操作号码 【1880015】
2023-11-27 11:33:49 GSD getOne 第 1 次 等待 3 秒
2023-11-27 11:33:52 查询号码 【1880015】，返回信息 {"status":"ok","msg":"北京-北京","gid":"354730","time_insert":"2021-07-22 11:28"}
2023-11-27 11:33:52 查询号码 【1880015】，GSD为【"北京-北京"】

2023-11-27 11:33:53 开始第 103 次操作

2023-11-27 11:33:53 开始操作号码 【1880016】
2023-11-27 11:33:57 GSD getOne 第 1 次 等待 3 秒
2023-11-27 11:34:00 查询号码 【1880016】，返回信息 {"status":"ok","msg":"北京-北京","gid":"43722","time_insert":"2017-08-11 10:29","time_update":"2020-12-26 12:28"}
2023-11-27 11:34:00 查询号码 【1880016】，GSD为【"北京-北京"】

2023-11-27 11:34:01 开始第 104 次操作

2023-11-27 11:34:01 开始操作号码 【1880017】
2023-11-27 11:34:05 GSD getOne 第 1 次 等待 3 秒
2023-11-27 11:34:08 查询号码 【1880017】，返回信息 {"status":"ok","msg":"北京-北京","gid":"354752","time_insert":"2021-07-22 11:39"}
2023-11-27 11:34:08 查询号码 【1880017】，GSD为【"北京-北京"】

2023-11-27 12:11:04 开始第 105 次操作

2023-11-27 12:11:04 开始操作号码 【1880018】
2023-11-27 12:11:09 GSD getOne 第 1 次 等待 3 秒
2023-11-27 12:11:12 查询号码 【1880018】，返回信息 {"status":"ok","msg":"北京-北京","gid":"43723","time_insert":"2015-08-31 23:04","time_update":"2020-12-26 18:23"}
2023-11-27 12:11:12 查询号码 【1880018】，GSD为【"北京-北京"】

2023-11-27 12:11:13 开始第 106 次操作

2023-11-27 12:11:13 开始操作号码 【1880019】
2023-11-27 12:11:17 GSD getOne 第 1 次 等待 3 秒
2023-11-27 12:11:20 查询号码 【1880019】，返回信息 {"status":"ok","msg":"北京-北京","gid":"354896","time_insert":"2021-07-22 11:54"}
2023-11-27 12:11:20 查询号码 【1880019】，GSD为【"北京-北京"】

2023-11-27 12:11:21 开始第 107 次操作

2023-11-27 12:11:21 开始操作号码 【1880020】
2023-11-27 12:11:26 GSD getOne 第 1 次 等待 3 秒
2023-11-27 12:11:29 查询号码 【1880020】，返回信息 {"status":"ok","msg":"上海-上海","gid":"355039","time_insert":"2021-07-22 12:07"}
2023-11-27 12:11:30 查询号码 【1880020】，GSD为【"上海-上海"】

2023-11-27 12:11:31 开始第 108 次操作

2023-11-27 12:11:31 开始操作号码 【1880021】
2023-11-27 12:11:37 GSD getOne 第 1 次 等待 3 秒
2023-11-27 12:11:40 查询号码 【1880021】，返回信息 {"status":"ok","msg":"上海-上海","gid":"355126","time_insert":"2021-07-22 12:20"}
2023-11-27 12:11:40 查询号码 【1880021】，GSD为【"上海-上海"】

2023-11-27 12:35:00 开始第 109 次操作

2023-11-27 12:35:00 开始操作号码 【1880022】
2023-11-27 12:35:03 GSD getOne 第 1 次 等待 3 秒
2023-11-27 12:35:06 查询号码 【1880022】，返回信息 {"status":"ok","msg":"上海-上海","gid":"355176","time_insert":"2021-07-22 12:34"}
2023-11-27 12:35:07 查询号码 【1880022】，GSD为【"上海-上海"】

2023-11-27 12:35:08 开始第 110 次操作

2023-11-27 12:35:08 开始操作号码 【1880023】
2023-11-27 12:35:11 GSD getOne 第 1 次 等待 3 秒
2023-11-27 12:35:14 查询号码 【1880023】，返回信息 {"status":"ok","msg":"上海-上海","gid":"355212","time_insert":"2021-07-22 12:46"}
2023-11-27 12:35:14 查询号码 【1880023】，GSD为【"上海-上海"】

2023-11-27 12:35:15 开始第 111 次操作

2023-11-27 12:35:15 开始操作号码 【1880024】
2023-11-27 12:35:18 GSD getOne 第 1 次 等待 3 秒
2023-11-27 12:35:21 查询号码 【1880024】，返回信息 {"status":"ok","msg":"上海-上海","gid":"43724","time_insert":"2015-02-22 17:57","time_update":"2020-12-30 23:51"}
2023-11-27 12:35:21 查询号码 【1880024】，GSD为【"上海-上海"】

2023-11-27 12:35:22 开始第 112 次操作

2023-11-27 12:35:22 开始操作号码 【1880025】
2023-11-27 12:35:26 GSD getOne 第 1 次 等待 3 秒
2023-11-27 12:35:29 查询号码 【1880025】，返回信息 {"status":"ok","msg":"上海-上海","gid":"355292","time_insert":"2021-07-22 12:57"}
2023-11-27 12:35:29 查询号码 【1880025】，GSD为【"上海-上海"】

2023-11-27 13:09:09 开始第 113 次操作

2023-11-27 13:09:09 开始操作号码 【1880026】
2023-11-27 13:09:14 GSD getOne 第 1 次 等待 3 秒
2023-11-27 13:09:17 查询号码 【1880026】，返回信息 {"status":"ok","msg":"上海-上海","gid":"355395","time_insert":"2021-07-22 13:08"}
2023-11-27 13:09:17 查询号码 【1880026】，GSD为【"上海-上海"】

2023-11-27 13:09:18 开始第 114 次操作

2023-11-27 13:09:18 开始操作号码 【1880027】
2023-11-27 13:09:21 GSD getOne 第 1 次 等待 3 秒
2023-11-27 13:09:24 查询号码 【1880027】，返回信息 {"status":"ok","msg":"上海-上海","gid":"355508","time_insert":"2021-07-22 13:20"}
2023-11-27 13:09:24 查询号码 【1880027】，GSD为【"上海-上海"】

2023-11-27 13:09:25 开始第 115 次操作

2023-11-27 13:09:25 开始操作号码 【1880028】
2023-11-27 13:09:29 GSD getOne 第 1 次 等待 3 秒
2023-11-27 13:09:32 查询号码 【1880028】，返回信息 {"status":"ok","msg":"上海-上海","gid":"355597","time_insert":"2021-07-22 13:33"}
2023-11-27 13:09:32 查询号码 【1880028】，GSD为【"上海-上海"】

2023-11-27 13:09:33 开始第 116 次操作

2023-11-27 13:09:33 开始操作号码 【1880029】
2023-11-27 13:09:37 GSD getOne 第 1 次 等待 3 秒
2023-11-27 13:09:40 查询号码 【1880029】，返回信息 {"status":"ok","msg":"上海-上海","gid":"355688","time_insert":"2021-07-22 13:44"}
2023-11-27 13:09:40 查询号码 【1880029】，GSD为【"上海-上海"】

2023-11-27 13:32:58 开始第 117 次操作

2023-11-27 13:32:58 开始操作号码 【1880030】
2023-11-27 13:33:03 GSD getOne 第 1 次 等待 3 秒
2023-11-27 13:33:06 查询号码 【1880030】，返回信息 {"status":"ok","msg":"上海-上海","gid":"355775","time_insert":"2021-07-22 13:58"}
2023-11-27 13:33:06 查询号码 【1880030】，GSD为【"上海-上海"】

2023-11-27 13:33:07 开始第 118 次操作

2023-11-27 13:33:07 开始操作号码 【1880031】
2023-11-27 13:33:10 GSD getOne 第 1 次 等待 3 秒
2023-11-27 13:33:13 查询号码 【1880031】，返回信息 {"status":"ok","msg":"上海-上海","gid":"355870","time_insert":"2021-07-22 14:13"}
2023-11-27 13:33:14 查询号码 【1880031】，GSD为【"上海-上海"】

2023-11-27 13:33:15 开始第 119 次操作

2023-11-27 13:33:15 开始操作号码 【1880032】
2023-11-27 13:33:18 GSD getOne 第 1 次 等待 3 秒
2023-11-27 13:33:21 查询号码 【1880032】，返回信息 {"status":"ok","msg":"上海-上海","gid":"43725","time_insert":"2014-06-19 16:48","time_update":"2020-12-30 23:57"}
2023-11-27 13:33:22 查询号码 【1880032】，GSD为【"上海-上海"】

2023-11-27 13:33:23 开始第 120 次操作

2023-11-27 13:33:23 开始操作号码 【1880033】
2023-11-27 13:33:26 GSD getOne 第 1 次 等待 3 秒
2023-11-27 13:33:29 查询号码 【1880033】，返回信息 {"status":"ok","msg":"上海-上海","gid":"355943","time_insert":"2021-07-22 14:29"}
2023-11-27 13:33:29 查询号码 【1880033】，GSD为【"上海-上海"】

2023-11-27 14:12:30 开始第 121 次操作

2023-11-27 14:12:30 开始操作号码 【1880034】
2023-11-27 14:12:34 GSD getOne 第 1 次 等待 3 秒
2023-11-27 14:12:37 查询号码 【1880034】，返回信息 {"status":"ok","msg":"上海-上海","gid":"355982","time_insert":"2021-07-22 14:42"}
2023-11-27 14:12:37 查询号码 【1880034】，GSD为【"上海-上海"】

2023-11-27 14:12:38 开始第 122 次操作

2023-11-27 14:12:38 开始操作号码 【1880035】
2023-11-27 14:12:42 GSD getOne 第 1 次 等待 3 秒
2023-11-27 14:12:45 查询号码 【1880035】，返回信息 {"status":"ok","msg":"上海-上海","gid":"356044","time_insert":"2021-07-22 14:56"}
2023-11-27 14:12:45 查询号码 【1880035】，GSD为【"上海-上海"】

2023-11-27 14:12:46 开始第 123 次操作

2023-11-27 14:12:46 开始操作号码 【1880036】
2023-11-27 14:12:50 GSD getOne 第 1 次 等待 3 秒
2023-11-27 14:12:53 查询号码 【1880036】，返回信息 {"status":"ok","msg":"上海-上海","gid":"356194","time_insert":"2021-07-22 15:09"}
2023-11-27 14:12:53 查询号码 【1880036】，GSD为【"上海-上海"】

2023-11-27 14:12:54 开始第 124 次操作

2023-11-27 14:12:54 开始操作号码 【1880037】
2023-11-27 14:12:58 GSD getOne 第 1 次 等待 3 秒
2023-11-27 14:13:01 查询号码 【1880037】，返回信息 {"status":"ok","msg":"上海-上海","gid":"356301","time_insert":"2021-07-22 15:21"}
2023-11-27 14:13:01 查询号码 【1880037】，GSD为【"上海-上海"】

2023-11-27 14:35:48 开始第 125 次操作

2023-11-27 14:35:48 开始操作号码 【1880038】
2023-11-27 14:35:52 GSD getOne 第 1 次 等待 3 秒
2023-11-27 14:35:55 查询号码 【1880038】，返回信息 {"status":"ok","msg":"上海-上海","gid":"356385","time_insert":"2021-07-22 15:34"}
2023-11-27 14:35:55 查询号码 【1880038】，GSD为【"上海-上海"】

2023-11-27 14:35:56 开始第 126 次操作

2023-11-27 14:35:56 开始操作号码 【1880039】
2023-11-27 14:35:59 GSD getOne 第 1 次 等待 3 秒
2023-11-27 14:36:02 查询号码 【1880039】，返回信息 {"status":"ok","msg":"上海-上海","gid":"356484","time_insert":"2021-07-22 15:46"}
2023-11-27 14:36:02 查询号码 【1880039】，GSD为【"上海-上海"】

2023-11-27 14:36:03 开始第 127 次操作

2023-11-27 14:36:03 开始操作号码 【1880040】
2023-11-27 14:36:06 GSD getOne 第 1 次 等待 3 秒
2023-11-27 14:36:09 查询号码 【1880040】，返回信息 {"status":"ok","msg":"黑龙江-哈尔滨","gid":"356568","time_insert":"2021-07-22 15:58"}
2023-11-27 14:36:09 查询号码 【1880040】，GSD为【"黑龙江-哈尔滨"】

2023-11-27 14:36:10 开始第 128 次操作

2023-11-27 14:36:10 开始操作号码 【1880041】
2023-11-27 14:36:14 GSD getOne 第 1 次 等待 3 秒
2023-11-27 14:36:17 查询号码 【1880041】，返回信息 {"status":"ok","msg":"黑龙江-哈尔滨","gid":"356650","time_insert":"2021-07-22 16:10"}
2023-11-27 14:36:17 查询号码 【1880041】，GSD为【"黑龙江-哈尔滨"】

2023-11-27 15:08:59 开始第 129 次操作

2023-11-27 15:08:59 开始操作号码 【1880042】
2023-11-27 15:09:03 GSD getOne 第 1 次 等待 3 秒
2023-11-27 15:09:06 查询号码 【1880042】，返回信息 {"status":"ok","msg":"黑龙江-哈尔滨","gid":"356700","time_insert":"2021-07-22 16:23"}
2023-11-27 15:09:06 查询号码 【1880042】，GSD为【"黑龙江-哈尔滨"】

2023-11-27 15:09:07 开始第 130 次操作

2023-11-27 15:09:07 开始操作号码 【1880043】
2023-11-27 15:09:11 GSD getOne 第 1 次 等待 3 秒
2023-11-27 15:09:14 查询号码 【1880043】，返回信息 {"status":"ok","msg":"黑龙江-哈尔滨","gid":"356738","time_insert":"2021-07-22 16:34"}
2023-11-27 15:09:14 查询号码 【1880043】，GSD为【"黑龙江-哈尔滨"】

2023-11-27 15:09:15 开始第 131 次操作

2023-11-27 15:09:15 开始操作号码 【1880044】
2023-11-27 15:09:19 GSD getOne 第 1 次 等待 3 秒
2023-11-27 15:09:22 查询号码 【1880044】，返回信息 {"status":"ok","msg":"黑龙江-哈尔滨","gid":"356807","time_insert":"2021-07-22 16:47"}
2023-11-27 15:09:22 查询号码 【1880044】，GSD为【"黑龙江-哈尔滨"】

2023-11-27 15:09:23 开始第 132 次操作

2023-11-27 15:09:23 开始操作号码 【1880045】
2023-11-27 15:09:26 GSD getOne 第 1 次 等待 3 秒
2023-11-27 15:09:29 查询号码 【1880045】，返回信息 {"status":"ok","msg":"黑龙江-哈尔滨","gid":"356945","time_insert":"2021-07-22 17:01"}
2023-11-27 15:09:29 查询号码 【1880045】，GSD为【"黑龙江-哈尔滨"】

2023-11-27 15:32:58 开始第 133 次操作

2023-11-27 15:32:58 开始操作号码 【1880046】
2023-11-27 15:33:03 GSD getOne 第 1 次 等待 3 秒
2023-11-27 15:33:06 查询号码 【1880046】，返回信息 {"status":"ok","msg":"黑龙江-哈尔滨","gid":"357032","time_insert":"2021-07-22 17:12"}
2023-11-27 15:33:06 查询号码 【1880046】，GSD为【"黑龙江-哈尔滨"】

2023-11-27 15:33:07 开始第 134 次操作

2023-11-27 15:33:07 开始操作号码 【1880047】
2023-11-27 15:33:11 GSD getOne 第 1 次 等待 3 秒
2023-11-27 15:33:14 查询号码 【1880047】，返回信息 {"status":"ok","msg":"黑龙江-哈尔滨","gid":"357126","time_insert":"2021-07-22 17:26"}
2023-11-27 15:33:14 查询号码 【1880047】，GSD为【"黑龙江-哈尔滨"】

2023-11-27 15:33:15 开始第 135 次操作

2023-11-27 15:33:15 开始操作号码 【1880048】
2023-11-27 15:33:19 GSD getOne 第 1 次 等待 3 秒
2023-11-27 15:33:22 查询号码 【1880048】，返回信息 {"status":"ok","msg":"黑龙江-哈尔滨","gid":"357205","time_insert":"2021-07-22 17:38"}
2023-11-27 15:33:22 查询号码 【1880048】，GSD为【"黑龙江-哈尔滨"】

2023-11-27 15:33:23 开始第 136 次操作

2023-11-27 15:33:23 开始操作号码 【1880049】
2023-11-27 15:33:27 GSD getOne 第 1 次 等待 3 秒
2023-11-27 15:33:30 查询号码 【1880049】，返回信息 {"status":"ok","msg":"黑龙江-哈尔滨","gid":"357349","time_insert":"2021-07-22 17:53"}
2023-11-27 15:33:30 查询号码 【1880049】，GSD为【"黑龙江-哈尔滨"】

2023-11-27 16:12:58 开始第 137 次操作

2023-11-27 16:12:58 开始操作号码 【1880050】
2023-11-27 16:13:02 GSD getOne 第 1 次 等待 3 秒
2023-11-27 16:13:05 查询号码 【1880050】，返回信息 {"status":"ok","msg":"江苏-无锡","gid":"357475","time_insert":"2021-07-22 18:06"}
2023-11-27 16:13:05 查询号码 【1880050】，GSD为【"江苏-无锡"】

2023-11-27 16:13:06 开始第 138 次操作

2023-11-27 16:13:06 开始操作号码 【1880051】
2023-11-27 16:13:10 GSD getOne 第 1 次 等待 3 秒
2023-11-27 16:13:13 查询号码 【1880051】，返回信息 {"status":"ok","msg":"江苏-无锡","gid":"357580","time_insert":"2021-07-22 18:16"}
2023-11-27 16:13:13 查询号码 【1880051】，GSD为【"江苏-无锡"】

2023-11-27 16:13:14 开始第 139 次操作

2023-11-27 16:13:14 开始操作号码 【1880052】
2023-11-27 16:13:17 GSD getOne 第 1 次 等待 3 秒
2023-11-27 16:13:20 查询号码 【1880052】，返回信息 {"status":"ok","msg":"江苏-无锡","gid":"357646","time_insert":"2021-07-22 18:29"}
2023-11-27 16:13:20 查询号码 【1880052】，GSD为【"江苏-无锡"】

2023-11-27 16:13:21 开始第 140 次操作

2023-11-27 16:13:21 开始操作号码 【1880053】
2023-11-27 16:13:25 GSD getOne 第 1 次 等待 3 秒
2023-11-27 16:13:28 查询号码 【1880053】，返回信息 {"status":"ok","msg":"江苏-无锡","gid":"357675","time_insert":"2021-07-22 18:41"}
2023-11-27 16:13:28 查询号码 【1880053】，GSD为【"江苏-无锡"】

2023-11-27 16:35:49 开始第 141 次操作

2023-11-27 16:35:49 开始操作号码 【1880054】
2023-11-27 16:35:53 GSD getOne 第 1 次 等待 3 秒
2023-11-27 16:35:56 查询号码 【1880054】，返回信息 {"status":"ok","msg":"江苏-无锡","gid":"357792","time_insert":"2021-07-22 18:54"}
2023-11-27 16:35:56 查询号码 【1880054】，GSD为【"江苏-无锡"】

2023-11-27 16:35:57 开始第 142 次操作

2023-11-27 16:35:57 开始操作号码 【1880055】
2023-11-27 16:36:01 GSD getOne 第 1 次 等待 3 秒
2023-11-27 16:36:04 查询号码 【1880055】，返回信息 {"status":"ok","msg":"江苏-无锡","gid":"357925","time_insert":"2021-07-22 19:08"}
2023-11-27 16:36:04 查询号码 【1880055】，GSD为【"江苏-无锡"】

2023-11-27 16:36:05 开始第 143 次操作

2023-11-27 16:36:05 开始操作号码 【1880056】
2023-11-27 16:36:08 GSD getOne 第 1 次 等待 3 秒
2023-11-27 16:36:11 查询号码 【1880056】，返回信息 {"status":"ok","msg":"江苏-无锡","gid":"43726","time_insert":"2019-11-15 11:24","time_update":"2020-08-26 18:38"}
2023-11-27 16:36:11 查询号码 【1880056】，GSD为【"江苏-无锡"】

2023-11-27 16:36:12 开始第 144 次操作

2023-11-27 16:36:12 开始操作号码 【1880057】
2023-11-27 16:36:16 GSD getOne 第 1 次 等待 3 秒
2023-11-27 16:36:19 查询号码 【1880057】，返回信息 {"status":"ok","msg":"江苏-无锡","gid":"358019","time_insert":"2021-07-22 19:20"}
2023-11-27 16:36:19 查询号码 【1880057】，GSD为【"江苏-无锡"】

2023-11-27 17:09:49 开始第 145 次操作

2023-11-27 17:09:49 开始操作号码 【1880058】
2023-11-27 17:09:53 GSD getOne 第 1 次 等待 3 秒
2023-11-27 17:09:56 查询号码 【1880058】，返回信息 {"status":"ok","msg":"江苏-无锡","gid":"358098","time_insert":"2021-07-22 19:33"}
2023-11-27 17:09:56 查询号码 【1880058】，GSD为【"江苏-无锡"】

2023-11-27 17:09:57 开始第 146 次操作

2023-11-27 17:09:57 开始操作号码 【1880059】
2023-11-27 17:10:00 GSD getOne 第 1 次 等待 3 秒
2023-11-27 17:10:03 查询号码 【1880059】，返回信息 {"status":"ok","msg":"江苏-无锡","gid":"358236","time_insert":"2021-07-22 19:47"}
2023-11-27 17:10:03 查询号码 【1880059】，GSD为【"江苏-无锡"】

2023-11-27 17:10:04 开始第 147 次操作

2023-11-27 17:10:04 开始操作号码 【1880060】
2023-11-27 17:10:08 GSD getOne 第 1 次 等待 3 秒
2023-11-27 17:10:11 查询号码 【1880060】，返回信息 {"status":"ok","msg":"江苏-宿迁","gid":"358398","time_insert":"2021-07-22 20:00"}
2023-11-27 17:10:11 查询号码 【1880060】，GSD为【"江苏-宿迁"】

2023-11-27 17:10:12 开始第 148 次操作

2023-11-27 17:10:12 开始操作号码 【1880061】
2023-11-27 17:10:15 GSD getOne 第 1 次 等待 3 秒
2023-11-27 17:10:18 查询号码 【1880061】，返回信息 {"status":"ok","msg":"江苏-宿迁","gid":"56127","time_insert":"2020-11-27 21:47"}
2023-11-27 17:10:18 查询号码 【1880061】，GSD为【"江苏-宿迁"】

2023-11-27 17:33:39 开始第 149 次操作

2023-11-27 17:33:39 开始操作号码 【1880062】
2023-11-27 17:33:42 GSD getOne 第 1 次 等待 3 秒
2023-11-27 17:33:45 查询号码 【1880062】，返回信息 {"status":"ok","msg":"江苏-宿迁","gid":"358491","time_insert":"2021-07-22 20:13"}
2023-11-27 17:33:45 查询号码 【1880062】，GSD为【"江苏-宿迁"】

2023-11-27 17:33:46 开始第 150 次操作

2023-11-27 17:33:46 开始操作号码 【1880063】
2023-11-27 17:33:50 GSD getOne 第 1 次 等待 3 秒
2023-11-27 17:33:53 查询号码 【1880063】，返回信息 {"status":"ok","msg":"江苏-宿迁","gid":"358540","time_insert":"2021-07-22 20:26"}
2023-11-27 17:33:53 查询号码 【1880063】，GSD为【"江苏-宿迁"】

2023-11-27 17:33:54 开始第 151 次操作

2023-11-27 17:33:54 开始操作号码 【1880064】
2023-11-27 17:33:57 GSD getOne 第 1 次 等待 3 秒
2023-11-27 17:34:00 查询号码 【1880064】，返回信息 {"status":"ok","msg":"江苏-宿迁","gid":"358565","time_insert":"2021-07-22 20:37"}
2023-11-27 17:34:00 查询号码 【1880064】，GSD为【"江苏-宿迁"】

2023-11-27 17:34:01 开始第 152 次操作

2023-11-27 17:34:01 开始操作号码 【1880065】
2023-11-27 17:34:04 GSD getOne 第 1 次 等待 3 秒
2023-11-27 17:34:07 查询号码 【1880065】，返回信息 {"status":"ok","msg":"江苏-宿迁","gid":"358586","time_insert":"2021-07-22 20:47"}
2023-11-27 17:34:07 查询号码 【1880065】，GSD为【"江苏-宿迁"】

2023-11-27 18:10:12 开始第 153 次操作

2023-11-27 18:10:12 开始操作号码 【1880066】
2023-11-27 18:10:17 GSD getOne 第 1 次 等待 3 秒
2023-11-27 18:10:20 查询号码 【1880066】，返回信息 {"status":"ok","msg":"江苏-淮安","gid":"358611","time_insert":"2021-07-22 20:58"}
2023-11-27 18:10:20 查询号码 【1880066】，GSD为【"江苏-淮安"】

2023-11-27 18:10:21 开始第 154 次操作

2023-11-27 18:10:21 开始操作号码 【1880067】
2023-11-27 18:10:29 GSD getOne 第 1 次 等待 3 秒
2023-11-27 18:10:32 查询号码 【1880067】，返回信息 {"status":"ok","msg":"江苏-淮安","gid":"358777","time_insert":"2021-07-22 21:11"}
2023-11-27 18:10:32 查询号码 【1880067】，GSD为【"江苏-淮安"】

2023-11-27 18:10:33 开始第 155 次操作

2023-11-27 18:10:33 开始操作号码 【1880068】
2023-11-27 18:10:36 GSD getOne 第 1 次 等待 3 秒
2023-11-27 18:10:39 查询号码 【1880068】，返回信息 {"status":"ok","msg":"江苏-淮安","gid":"358965","time_insert":"2021-07-22 21:24"}
2023-11-27 18:10:39 查询号码 【1880068】，GSD为【"江苏-淮安"】

2023-11-27 18:10:41 开始第 156 次操作

2023-11-27 18:10:41 开始操作号码 【1880069】
2023-11-27 18:10:44 GSD getOne 第 1 次 等待 3 秒
2023-11-27 18:10:47 查询号码 【1880069】，返回信息 {"status":"ok","msg":"江苏-无锡","gid":"43727","time_insert":"2018-03-13 10:23","time_update":"2020-08-26 18:43"}
2023-11-27 18:10:47 查询号码 【1880069】，GSD为【"江苏-无锡"】

2023-11-27 18:36:09 开始第 157 次操作

2023-11-27 18:36:09 开始操作号码 【1880070】
2023-11-27 18:36:13 GSD getOne 第 1 次 等待 3 秒
2023-11-27 18:36:16 查询号码 【1880070】，返回信息 {"status":"ok","msg":"山西-长治","gid":"359039","time_insert":"2021-07-22 21:38"}
2023-11-27 18:36:16 查询号码 【1880070】，GSD为【"山西-长治"】

2023-11-27 18:36:17 开始第 158 次操作

2023-11-27 18:36:17 开始操作号码 【1880071】
2023-11-27 18:36:21 GSD getOne 第 1 次 等待 3 秒
2023-11-27 18:36:24 查询号码 【1880071】，返回信息 {"status":"ok","msg":"山西-晋城","gid":"359198","time_insert":"2021-07-22 21:51"}
2023-11-27 18:36:24 查询号码 【1880071】，GSD为【"山西-晋城"】

2023-11-27 18:36:25 开始第 159 次操作

2023-11-27 18:36:25 开始操作号码 【1880072】
2023-11-27 18:36:28 GSD getOne 第 1 次 等待 3 秒
2023-11-27 18:36:31 查询号码 【1880072】，返回信息 {"status":"ok","msg":"山西-临汾","gid":"359364","time_insert":"2021-07-22 22:05"}
2023-11-27 18:36:31 查询号码 【1880072】，GSD为【"山西-临汾"】

2023-11-27 18:36:32 开始第 160 次操作

2023-11-27 18:36:32 开始操作号码 【1880073】
2023-11-27 18:36:36 GSD getOne 第 1 次 等待 3 秒
2023-11-27 18:36:39 查询号码 【1880073】，返回信息 {"status":"ok","msg":"山西-吕梁","gid":"359472","time_insert":"2021-07-22 22:19"}
2023-11-27 18:36:39 查询号码 【1880073】，GSD为【"山西-吕梁"】

2023-11-27 19:07:56 开始第 161 次操作

2023-11-27 19:07:56 开始操作号码 【1880074】
2023-11-27 19:08:00 GSD getOne 第 1 次 等待 3 秒
2023-11-27 19:08:03 查询号码 【1880074】，返回信息 {"status":"ok","msg":"山西-运城","gid":"359500","time_insert":"2021-07-22 22:32"}
2023-11-27 19:08:03 查询号码 【1880074】，GSD为【"山西-运城"】

2023-11-27 19:08:04 开始第 162 次操作

2023-11-27 19:08:04 开始操作号码 【1880075】
2023-11-27 19:08:07 GSD getOne 第 1 次 等待 3 秒
2023-11-27 19:08:10 查询号码 【1880075】，返回信息 {"status":"ok","msg":"河南-濮阳","gid":"359628","time_insert":"2021-07-22 22:45"}
2023-11-27 19:08:10 查询号码 【1880075】，GSD为【"河南-濮阳"】

2023-11-27 19:08:11 开始第 163 次操作

2023-11-27 19:08:11 开始操作号码 【1880076】
2023-11-27 19:08:14 GSD getOne 第 1 次 等待 3 秒
2023-11-27 19:08:17 查询号码 【1880076】，返回信息 {"status":"ok","msg":"河南-平顶山","gid":"359806","time_insert":"2021-07-22 22:58","time_update":"2021-08-05 11:00"}
2023-11-27 19:08:17 查询号码 【1880076】，GSD为【"河南-平顶山"】

2023-11-27 19:08:18 开始第 164 次操作

2023-11-27 19:08:18 开始操作号码 【1880077】
2023-11-27 19:08:22 GSD getOne 第 1 次 等待 3 秒
2023-11-27 19:08:25 查询号码 【1880077】，返回信息 {"status":"ok","msg":"河南-开封","gid":"359929","time_insert":"2021-07-22 23:12"}
2023-11-27 19:08:25 查询号码 【1880077】，GSD为【"河南-开封"】

2023-11-27 19:33:05 开始第 165 次操作

2023-11-27 19:33:05 开始操作号码 【1880078】
2023-11-27 19:33:09 GSD getOne 第 1 次 等待 3 秒
2023-11-27 19:33:12 查询号码 【1880078】，返回信息 {"status":"ok","msg":"北京-北京","gid":"359957","time_insert":"2021-07-22 23:25","time_update":"2021-08-05 11:16"}
2023-11-27 19:33:12 查询号码 【1880078】，GSD为【"北京-北京"】

2023-11-27 19:33:13 开始第 166 次操作

2023-11-27 19:33:13 开始操作号码 【1880079】
2023-11-27 19:33:17 GSD getOne 第 1 次 等待 3 秒
2023-11-27 19:33:20 查询号码 【1880079】，返回信息 {"status":"ok","msg":"北京-北京","gid":"359977","time_insert":"2021-07-22 23:38"}
2023-11-27 19:33:20 查询号码 【1880079】，GSD为【"北京-北京"】

2023-11-27 19:33:21 开始第 167 次操作

2023-11-27 19:33:21 开始操作号码 【1880080】
2023-11-27 19:33:24 GSD getOne 第 1 次 等待 3 秒
2023-11-27 19:33:27 查询号码 【1880080】，返回信息 {"status":"ok","msg":"四川-遂宁","gid":"360084","time_insert":"2021-07-22 23:53"}
2023-11-27 19:33:28 查询号码 【1880080】，GSD为【"四川-遂宁"】

2023-11-27 19:33:29 开始第 168 次操作

2023-11-27 19:33:29 开始操作号码 【1880081】
2023-11-27 19:33:32 GSD getOne 第 1 次 等待 3 秒
2023-11-27 19:33:35 查询号码 【1880081】，返回信息 {"status":"ok","msg":"四川-遂宁","gid":"360240","time_insert":"2021-07-23 00:04"}
2023-11-27 19:33:35 查询号码 【1880081】，GSD为【"四川-遂宁"】

2023-11-27 20:17:03 开始第 169 次操作

2023-11-27 20:17:03 开始操作号码 【1880082】
2023-11-27 20:17:07 GSD getOne 第 1 次 等待 3 秒
2023-11-27 20:17:10 查询号码 【1880082】，返回信息 {"status":"ok","msg":"四川-南充","gid":"360369","time_insert":"2021-07-23 00:15"}
2023-11-27 20:17:10 查询号码 【1880082】，GSD为【"四川-南充"】

2023-11-27 20:17:11 开始第 170 次操作

2023-11-27 20:17:11 开始操作号码 【1880083】
2023-11-27 20:17:15 GSD getOne 第 1 次 等待 3 秒
2023-11-27 20:17:18 查询号码 【1880083】，返回信息 {"status":"ok","msg":"四川-南充","gid":"360428","time_insert":"2021-07-23 00:27"}
2023-11-27 20:17:18 查询号码 【1880083】，GSD为【"四川-南充"】

2023-11-27 20:17:19 开始第 171 次操作

2023-11-27 20:17:19 开始操作号码 【1880084】
2023-11-27 20:17:23 GSD getOne 第 1 次 等待 3 秒
2023-11-27 20:17:26 查询号码 【1880084】，返回信息 {"status":"ok","msg":"四川-南充","gid":"360452","time_insert":"2021-07-23 00:41","time_update":"2021-08-05 11:33"}
2023-11-27 20:17:26 查询号码 【1880084】，GSD为【"四川-南充"】

2023-11-27 20:17:27 开始第 172 次操作

2023-11-27 20:17:27 开始操作号码 【1880085】
2023-11-27 20:17:30 GSD getOne 第 1 次 等待 3 秒
2023-11-27 20:17:33 查询号码 【1880085】，返回信息 {"status":"ok","msg":"四川-南充","gid":"360477","time_insert":"2021-07-23 00:54"}
2023-11-27 20:17:33 查询号码 【1880085】，GSD为【"四川-南充"】

2023-11-27 20:50:05 开始第 173 次操作

2023-11-27 20:50:05 开始操作号码 【1880086】
2023-11-27 20:50:09 GSD getOne 第 1 次 等待 3 秒
2023-11-27 20:50:12 查询号码 【1880086】，返回信息 {"status":"ok","msg":"四川-南充","gid":"360571","time_insert":"2021-07-23 01:08"}
2023-11-27 20:50:12 查询号码 【1880086】，GSD为【"四川-南充"】

2023-11-27 20:50:13 开始第 174 次操作

2023-11-27 20:50:13 开始操作号码 【1880087】
2023-11-27 20:50:19 GSD getOne 第 1 次 等待 3 秒
2023-11-27 20:50:22 查询号码 【1880087】，返回信息 {"status":"ok","msg":"四川-南充","gid":"360802","time_insert":"2021-07-23 01:23"}
2023-11-27 20:50:22 查询号码 【1880087】，GSD为【"四川-南充"】

2023-11-27 20:50:23 开始第 175 次操作

2023-11-27 20:50:23 开始操作号码 【1880088】
2023-11-27 20:50:30 GSD getOne 第 1 次 等待 3 秒
2023-11-27 20:50:33 查询号码 【1880088】，返回信息 {"status":"ok","msg":"四川-南充","gid":"360913","time_insert":"2021-07-23 01:36"}
2023-11-27 20:50:33 查询号码 【1880088】，GSD为【"四川-南充"】

2023-11-27 20:50:34 开始第 176 次操作

2023-11-27 20:50:34 开始操作号码 【1880089】
2023-11-27 20:50:41 GSD getOne 第 1 次 等待 3 秒
2023-11-27 20:50:44 查询号码 【1880089】，返回信息 {"status":"ok","msg":"四川-南充","gid":"360990","time_insert":"2021-07-23 01:47"}
2023-11-27 20:50:44 查询号码 【1880089】，GSD为【"四川-南充"】

2023-11-27 21:12:38 开始第 177 次操作

2023-11-27 21:12:38 开始操作号码 【1880090】
2023-11-27 21:12:43 GSD getOne 第 1 次 等待 3 秒
2023-11-27 21:12:46 查询号码 【1880090】，返回信息 {"status":"ok","msg":"四川-遂宁","gid":"361185","time_insert":"2021-07-23 01:59"}
2023-11-27 21:12:46 查询号码 【1880090】，GSD为【"四川-遂宁"】

2023-11-27 21:12:47 开始第 178 次操作

2023-11-27 21:12:47 开始操作号码 【1880091】
2023-11-27 21:12:52 GSD getOne 第 1 次 等待 3 秒
2023-11-27 21:12:55 查询号码 【1880091】，返回信息 {"status":"ok","msg":"四川-遂宁","gid":"361323","time_insert":"2021-07-23 02:09"}
2023-11-27 21:12:55 查询号码 【1880091】，GSD为【"四川-遂宁"】

2023-11-27 21:12:56 开始第 179 次操作

2023-11-27 21:12:56 开始操作号码 【1880092】
2023-11-27 21:13:00 GSD getOne 第 1 次 等待 3 秒
2023-11-27 21:13:03 查询号码 【1880092】，返回信息 {"status":"ok","msg":"四川-遂宁","gid":"361356","time_insert":"2021-07-23 02:22"}
2023-11-27 21:13:03 查询号码 【1880092】，GSD为【"四川-遂宁"】

2023-11-27 21:13:04 开始第 180 次操作

2023-11-27 21:13:04 开始操作号码 【1880093】
2023-11-27 21:13:08 GSD getOne 第 1 次 等待 3 秒
2023-11-27 21:13:11 查询号码 【1880093】，返回信息 {"status":"ok","msg":"四川-遂宁","gid":"361379","time_insert":"2021-07-23 02:35"}
2023-11-27 21:13:11 查询号码 【1880093】，GSD为【"四川-遂宁"】

