2024-07-19 00:12:00 开始第 7389 次操作

2024-07-19 00:12:00 开始操作号码 【1557298】
2024-07-19 00:12:08 GSD getOne 第 1 次 等待 3 秒
2024-07-19 00:12:11 查询号码 【1557298】，返回信息 {"status":"ok","msg":"湖北-黄石","gid":"398784","time_insert":"2021-07-26 07:20"}
2024-07-19 00:12:11 查询号码 【1557298】，GSD为【"湖北-黄石"】

2024-07-19 00:12:12 开始第 7390 次操作

2024-07-19 00:12:12 开始操作号码 【1557299】
2024-07-19 00:12:26 GSD getOne 第 1 次 等待 3 秒
2024-07-19 00:12:29 查询号码 【1557299】，返回信息 {"status":"ok","msg":"湖北-黄石","gid":"398781","time_insert":"2021-07-26 07:19"}
2024-07-19 00:12:29 查询号码 【1557299】，GSD为【"湖北-黄石"】

2024-07-19 00:12:30 开始第 7391 次操作

2024-07-19 00:12:30 开始操作号码 【1557300】
2024-07-19 00:12:37 GSD getOne 第 1 次 等待 3 秒
2024-07-19 00:12:40 查询号码 【1557300】，返回信息 {"status":"ok","msg":"湖南-岳阳","gid":"398780","time_insert":"2021-07-26 07:19"}
2024-07-19 00:12:40 查询号码 【1557300】，GSD为【"湖南-岳阳"】

2024-07-19 00:12:41 开始第 7392 次操作

2024-07-19 00:12:41 开始操作号码 【1557301】
2024-07-19 00:12:49 GSD getOne 第 1 次 等待 3 秒
2024-07-19 00:12:52 查询号码 【1557301】，返回信息 {"status":"ok","msg":"湖南-岳阳","gid":"398774","time_insert":"2021-07-26 07:18"}
2024-07-19 00:12:52 查询号码 【1557301】，GSD为【"湖南-岳阳"】

2024-07-19 00:37:49 开始第 7393 次操作

2024-07-19 00:37:49 开始操作号码 【1557302】
2024-07-19 00:37:59 GSD getOne 第 1 次 等待 3 秒
2024-07-19 00:38:02 查询号码 【1557302】，返回信息 {"status":"ok","msg":"湖南-岳阳","gid":"398771","time_insert":"2021-07-26 07:17"}
2024-07-19 00:38:02 查询号码 【1557302】，GSD为【"湖南-岳阳"】

2024-07-19 00:38:03 开始第 7394 次操作

2024-07-19 00:38:03 开始操作号码 【1557303】
2024-07-19 00:38:14 GSD getOne 第 1 次 等待 3 秒
2024-07-19 00:38:17 查询号码 【1557303】，返回信息 {"status":"ok","msg":"湖南-岳阳","gid":"22167","time_insert":"2018-01-15 19:20","time_update":"2020-09-22 21:30"}
2024-07-19 00:38:17 查询号码 【1557303】，GSD为【"湖南-岳阳"】

2024-07-19 00:38:18 开始第 7395 次操作

2024-07-19 00:38:18 开始操作号码 【1557304】
2024-07-19 00:38:26 GSD getOne 第 1 次 等待 3 秒
2024-07-19 00:38:29 查询号码 【1557304】，返回信息 {"status":"ok","msg":"湖南-岳阳","gid":"398768","time_insert":"2021-07-26 07:16"}
2024-07-19 00:38:29 查询号码 【1557304】，GSD为【"湖南-岳阳"】

2024-07-19 00:38:30 开始第 7396 次操作

2024-07-19 00:38:30 开始操作号码 【1557305】
2024-07-19 00:38:38 GSD getOne 第 1 次 等待 3 秒
2024-07-19 00:38:41 查询号码 【1557305】，返回信息 {"status":"ok","msg":"湖南-岳阳","gid":"398763","time_insert":"2021-07-26 07:15"}
2024-07-19 00:38:41 查询号码 【1557305】，GSD为【"湖南-岳阳"】

2024-07-19 01:08:54 开始第 7397 次操作

2024-07-19 01:08:54 开始操作号码 【1557306】
2024-07-19 01:09:02 GSD getOne 第 1 次 等待 3 秒
2024-07-19 01:09:05 查询号码 【1557306】，返回信息 {"status":"ok","msg":"湖南-岳阳","gid":"398760","time_insert":"2021-07-26 07:14"}
2024-07-19 01:09:05 查询号码 【1557306】，GSD为【"湖南-岳阳"】

2024-07-19 01:09:06 开始第 7398 次操作

2024-07-19 01:09:06 开始操作号码 【1557307】
2024-07-19 01:09:14 GSD getOne 第 1 次 等待 3 秒
2024-07-19 01:09:17 查询号码 【1557307】，返回信息 {"status":"ok","msg":"湖南-岳阳","gid":"398755","time_insert":"2021-07-26 07:13"}
2024-07-19 01:09:17 查询号码 【1557307】，GSD为【"湖南-岳阳"】

2024-07-19 01:09:18 开始第 7399 次操作

2024-07-19 01:09:18 开始操作号码 【1557308】
2024-07-19 01:09:27 GSD getOne 第 1 次 等待 3 秒
2024-07-19 01:09:30 查询号码 【1557308】，返回信息 {"status":"ok","msg":"湖南-岳阳","gid":"398748","time_insert":"2021-07-26 07:12"}
2024-07-19 01:09:30 查询号码 【1557308】，GSD为【"湖南-岳阳"】

2024-07-19 01:09:31 开始第 7400 次操作

2024-07-19 01:09:31 开始操作号码 【1557309】
2024-07-19 01:09:39 GSD getOne 第 1 次 等待 3 秒
2024-07-19 01:09:42 查询号码 【1557309】，返回信息 {"status":"ok","msg":"湖南-岳阳","gid":"398742","time_insert":"2021-07-26 07:12"}
2024-07-19 01:09:42 查询号码 【1557309】，GSD为【"湖南-岳阳"】

