2024-09-21 00:12:46 开始第 5753 次操作

2024-09-21 00:12:46 开始操作号码 【1445750】
2024-09-21 00:12:49 GSD getOne 第 1 次 等待 3 秒
2024-09-21 00:12:52 查询号码 【1445750】，返回信息 {"status":"ok","msg":"-","gid":"650636","time_insert":"2023-04-13 02:57"}
2024-09-21 00:12:52 查询号码 【1445750】，GSD为【"-"】
2024-09-21 00:12:52 ok && -
2024-09-21 00:12:58 CHB 1445750?1726848772 第 1 次 等待 3 秒
2024-09-21 00:13:01 CHB 1445750?1726848772 第 1 次 获取到号码【1445750】GSD
2024-09-21 00:13:01 未获取到号码【1445750】GSD，可能号码格式错误
2024-09-21 00:13:01 获取到号码【1445750】的GSD为【-】
2024-09-21 00:13:07 GSD insert 第 1 次 等待 3 秒
2024-09-21 00:13:10 {"status":"bad","gid":"650636","msg":"添加失败！号码【1445750(-|-)】已存在！"}
2024-09-21 00:13:10 随机等待 107 秒，约 1 分钟
2024-09-21 00:13:10 下次操作: 2024-09-21 00:14:57

2024-09-21 00:14:57 开始第 5754 次操作

2024-09-21 00:14:57 开始操作号码 【1445751】
2024-09-21 00:15:00 GSD getOne 第 1 次 等待 3 秒
2024-09-21 00:15:03 查询号码 【1445751】，返回信息 {"status":"ok","msg":"-","gid":"650658","time_insert":"2023-04-13 03:12"}
2024-09-21 00:15:03 查询号码 【1445751】，GSD为【"-"】
2024-09-21 00:15:03 ok && -
2024-09-21 00:15:04 CHB 1445751?1726848903 第 1 次 等待 3 秒
2024-09-21 00:15:07 CHB 1445751?1726848903 第 1 次 获取到号码【1445751】GSD
2024-09-21 00:15:07 未获取到号码【1445751】GSD，可能号码格式错误
2024-09-21 00:15:07 获取到号码【1445751】的GSD为【-】
2024-09-21 00:15:09 GSD insert 第 1 次 等待 3 秒
2024-09-21 00:15:12 {"status":"bad","gid":"650658","msg":"添加失败！号码【1445751(-|-)】已存在！"}
2024-09-21 00:15:12 随机等待 228 秒，约 3 分钟
2024-09-21 00:15:12 下次操作: 2024-09-21 00:19:00

2024-09-21 00:19:00 开始第 5755 次操作

2024-09-21 00:19:00 开始操作号码 【1445752】
2024-09-21 00:19:03 GSD getOne 第 1 次 等待 3 秒
2024-09-21 00:19:06 查询号码 【1445752】，返回信息 {"status":"ok","msg":"-","gid":"650686","time_insert":"2023-04-13 03:29"}
2024-09-21 00:19:06 查询号码 【1445752】，GSD为【"-"】
2024-09-21 00:19:06 ok && -
2024-09-21 00:19:08 CHB 1445752?1726849146 第 1 次 等待 3 秒
2024-09-21 00:19:11 CHB 1445752?1726849146 第 1 次 获取到号码【1445752】GSD
2024-09-21 00:19:11 未获取到号码【1445752】GSD，可能号码格式错误
2024-09-21 00:19:11 获取到号码【1445752】的GSD为【-】
2024-09-21 00:19:13 GSD insert 第 1 次 等待 3 秒
2024-09-21 00:19:16 {"status":"bad","gid":"650686","msg":"添加失败！号码【1445752(-|-)】已存在！"}
2024-09-21 00:19:16 随机等待 85 秒，约 1 分钟
2024-09-21 00:19:16 下次操作: 2024-09-21 00:20:41

2024-09-21 00:20:41 开始第 5756 次操作

2024-09-21 00:20:41 开始操作号码 【1445753】
2024-09-21 00:20:44 GSD getOne 第 1 次 等待 3 秒
2024-09-21 00:20:47 查询号码 【1445753】，返回信息 {"status":"ok","msg":"-","gid":"650707","time_insert":"2023-04-13 03:41"}
2024-09-21 00:20:47 查询号码 【1445753】，GSD为【"-"】
2024-09-21 00:20:47 ok && -
2024-09-21 00:20:48 CHB 1445753?1726849247 第 1 次 等待 3 秒
2024-09-21 00:20:51 CHB 1445753?1726849247 第 1 次 获取到号码【1445753】GSD
2024-09-21 00:20:51 未获取到号码【1445753】GSD，可能号码格式错误
2024-09-21 00:20:51 获取到号码【1445753】的GSD为【-】
2024-09-21 00:21:00 GSD insert 第 1 次 等待 3 秒
2024-09-21 00:21:03 {"status":"bad","gid":"650707","msg":"添加失败！号码【1445753(-|-)】已存在！"}

