2024-03-30 00:10:12 开始第 905 次操作

2024-03-30 00:10:12 开始操作号码 【1660819】
2024-03-30 00:10:17 GSD getOne 第 1 次 等待 3 秒
2024-03-30 00:10:20 查询号码 【1660819】，返回信息 {"status":"ok","msg":"四川-凉山","gid":"28448","time_insert":"2019-02-06 19:34","time_update":"2020-10-27 13:27"}
2024-03-30 00:10:20 查询号码 【1660819】，GSD为【"四川-凉山"】

2024-03-30 00:10:21 开始第 906 次操作

2024-03-30 00:10:21 开始操作号码 【1660820】
2024-03-30 00:10:28 GSD getOne 第 1 次 等待 3 秒
2024-03-30 00:10:31 查询号码 【1660820】，返回信息 {"status":"ok","msg":"四川-眉山","gid":"28449","time_insert":"2018-07-10 22:26","time_update":"2020-10-27 13:30"}
2024-03-30 00:10:31 查询号码 【1660820】，GSD为【"四川-眉山"】

2024-03-30 00:10:32 开始第 907 次操作

2024-03-30 00:10:32 开始操作号码 【1660821】
2024-03-30 00:10:37 GSD getOne 第 1 次 等待 3 秒
2024-03-30 00:10:40 查询号码 【1660821】，返回信息 {"status":"ok","msg":"四川-巴中","gid":"118156","time_insert":"2021-06-23 13:53"}
2024-03-30 00:10:40 查询号码 【1660821】，GSD为【"四川-巴中"】

2024-03-30 00:10:41 开始第 908 次操作

2024-03-30 00:10:41 开始操作号码 【1660822】
2024-03-30 00:10:47 GSD getOne 第 1 次 等待 3 秒
2024-03-30 00:10:50 查询号码 【1660822】，返回信息 {"status":"ok","msg":"四川-南充","gid":"118159","time_insert":"2021-06-23 13:54"}
2024-03-30 00:10:50 查询号码 【1660822】，GSD为【"四川-南充"】

