2021-07-08 00:07:05 开始第 1 次操作

2021-07-08 00:07:05 开始操作号码 【1745635】
2021-07-08 00:07:09 GSD getOne 第 1 次 等待 1 秒
2021-07-08 00:07:10 查询号码 【1745635】，返回信息 {"status":"bad","msg":""}
2021-07-08 00:07:10 查询号码 【1745635】，GSD为【""】
2021-07-08 00:07:10 bad
2021-07-08 00:07:11 CHB 1745635?1625674030 第 1 次 等待 1 秒
2021-07-08 00:07:12 CHB 1745635?1625674030 第 1 次 获取到号码【1745635】GSD
2021-07-08 00:07:12 未获取到号码【1745635】GSD，可能号码格式错误
2021-07-08 00:07:12 获取到号码【1745635】的GSD为【-】
2021-07-08 00:07:16 GSD insert 第 1 次 等待 1 秒
2021-07-08 00:07:17 {"status":"ok","msg":"添加成功！218066"}
2021-07-08 00:07:17 下次操作: 2021-07-08 00:07:32

2021-07-08 00:07:32 开始第 2 次操作

2021-07-08 00:07:32 开始操作号码 【1745636】
2021-07-08 00:07:38 GSD getOne 第 1 次 等待 1 秒
2021-07-08 00:07:39 查询号码 【1745636】，返回信息 {"status":"bad","msg":""}
2021-07-08 00:07:39 查询号码 【1745636】，GSD为【""】
2021-07-08 00:07:39 bad
2021-07-08 00:07:40 CHB 1745636?1625674059 第 1 次 等待 1 秒
2021-07-08 00:07:41 CHB 1745636?1625674059 第 1 次 获取到号码【1745636】GSD
2021-07-08 00:07:41 未获取到号码【1745636】GSD，可能号码格式错误
2021-07-08 00:07:41 获取到号码【1745636】的GSD为【-】
2021-07-08 00:07:45 GSD insert 第 1 次 等待 1 秒
2021-07-08 00:07:46 {"status":"ok","msg":"添加成功！218074"}
2021-07-08 00:07:46 下次操作: 2021-07-08 00:08:01

2021-07-08 00:08:01 开始第 3 次操作

2021-07-08 00:08:01 开始操作号码 【1745637】
2021-07-08 00:08:06 GSD getOne 第 1 次 等待 1 秒
2021-07-08 00:08:07 查询号码 【1745637】，返回信息 {"status":"bad","msg":""}
2021-07-08 00:08:07 查询号码 【1745637】，GSD为【""】
2021-07-08 00:08:07 bad
2021-07-08 00:08:09 CHB 1745637?1625674087 第 1 次 等待 1 秒
2021-07-08 00:08:10 CHB 1745637?1625674087 第 1 次 获取到号码【1745637】GSD
2021-07-08 00:08:10 未获取到号码【1745637】GSD，可能号码格式错误
2021-07-08 00:08:10 获取到号码【1745637】的GSD为【-】
2021-07-08 00:08:13 GSD insert 第 1 次 等待 1 秒
2021-07-08 00:08:14 {"status":"ok","msg":"添加成功！218081"}
2021-07-08 00:08:14 下次操作: 2021-07-08 00:08:20

2021-07-08 00:08:20 开始第 4 次操作

2021-07-08 00:08:20 开始操作号码 【1745638】
2021-07-08 00:08:26 GSD getOne 第 1 次 等待 1 秒
2021-07-08 00:08:27 查询号码 【1745638】，返回信息 {"status":"bad","msg":""}
2021-07-08 00:08:27 查询号码 【1745638】，GSD为【""】
2021-07-08 00:08:27 bad
2021-07-08 00:08:28 CHB 1745638?1625674107 第 1 次 等待 1 秒
2021-07-08 00:08:29 CHB 1745638?1625674107 第 1 次 获取到号码【1745638】GSD
2021-07-08 00:08:29 未获取到号码【1745638】GSD，可能号码格式错误
2021-07-08 00:08:29 获取到号码【1745638】的GSD为【-】
2021-07-08 00:08:33 GSD insert 第 1 次 等待 1 秒
2021-07-08 00:08:34 {"status":"ok","msg":"添加成功！218083"}
2021-07-08 00:08:34 下次操作: 2021-07-08 00:08:43

2021-07-08 00:08:43 开始第 5 次操作

2021-07-08 00:08:43 开始操作号码 【1745639】
2021-07-08 00:08:47 GSD getOne 第 1 次 等待 1 秒
2021-07-08 00:08:48 查询号码 【1745639】，返回信息 {"status":"bad","msg":""}
2021-07-08 00:08:48 查询号码 【1745639】，GSD为【""】
2021-07-08 00:08:48 bad
2021-07-08 00:08:50 CHB 1745639?1625674128 第 1 次 等待 1 秒
2021-07-08 00:08:51 CHB 1745639?1625674128 第 1 次 获取到号码【1745639】GSD
2021-07-08 00:08:51 未获取到号码【1745639】GSD，可能号码格式错误
2021-07-08 00:08:51 获取到号码【1745639】的GSD为【-】
2021-07-08 00:08:55 GSD insert 第 1 次 等待 1 秒
2021-07-08 00:08:56 {"status":"ok","msg":"添加成功！218086"}
2021-07-08 00:08:56 下次操作: 2021-07-08 00:09:03

2021-07-08 00:09:03 开始第 6 次操作

2021-07-08 00:09:03 开始操作号码 【1745640】
2021-07-08 00:09:06 GSD getOne 第 1 次 等待 1 秒
2021-07-08 00:09:07 查询号码 【1745640】，返回信息 {"status":"bad","msg":""}
2021-07-08 00:09:08 查询号码 【1745640】，GSD为【""】
2021-07-08 00:09:08 bad
2021-07-08 00:09:09 CHB 1745640?1625674148 第 1 次 等待 1 秒
2021-07-08 00:09:10 CHB 1745640?1625674148 第 1 次 获取到号码【1745640】GSD
2021-07-08 00:09:10 未获取到号码【1745640】GSD，可能号码格式错误
2021-07-08 00:09:10 获取到号码【1745640】的GSD为【-】
2021-07-08 00:09:15 GSD insert 第 1 次 等待 1 秒
2021-07-08 00:09:16 {"status":"ok","msg":"添加成功！218091"}
2021-07-08 00:09:16 下次操作: 2021-07-08 00:09:23

2021-07-08 00:09:23 开始第 7 次操作

2021-07-08 00:09:23 开始操作号码 【1745641】
2021-07-08 00:09:27 GSD getOne 第 1 次 等待 1 秒
2021-07-08 00:09:28 查询号码 【1745641】，返回信息 {"status":"bad","msg":""}
2021-07-08 00:09:28 查询号码 【1745641】，GSD为【""】
2021-07-08 00:09:28 bad
2021-07-08 00:09:30 CHB 1745641?1625674168 第 1 次 等待 1 秒
2021-07-08 00:09:31 CHB 1745641?1625674168 第 1 次 获取到号码【1745641】GSD
2021-07-08 00:09:31 未获取到号码【1745641】GSD，可能号码格式错误
2021-07-08 00:09:31 获取到号码【1745641】的GSD为【-】
2021-07-08 00:09:35 GSD insert 第 1 次 等待 1 秒
2021-07-08 00:09:36 {"status":"ok","msg":"添加成功！218095"}
2021-07-08 00:09:36 下次操作: 2021-07-08 00:09:46

2021-07-08 00:09:46 开始第 8 次操作

2021-07-08 00:09:46 开始操作号码 【1745642】
2021-07-08 00:09:49 GSD getOne 第 1 次 等待 1 秒
2021-07-08 00:09:50 查询号码 【1745642】，返回信息 {"status":"bad","msg":""}
2021-07-08 00:09:50 查询号码 【1745642】，GSD为【""】
2021-07-08 00:09:50 bad
2021-07-08 00:09:52 CHB 1745642?1625674190 第 1 次 等待 1 秒
2021-07-08 00:09:53 CHB 1745642?1625674190 第 1 次 获取到号码【1745642】GSD
2021-07-08 00:09:53 未获取到号码【1745642】GSD，可能号码格式错误
2021-07-08 00:09:53 获取到号码【1745642】的GSD为【-】
2021-07-08 00:10:01 GSD insert 第 1 次 等待 1 秒
2021-07-08 00:10:02 {"status":"ok","msg":"添加成功！218102"}
2021-07-08 00:10:02 下次操作: 2021-07-08 00:10:12

2021-07-08 00:10:12 开始第 9 次操作

2021-07-08 00:10:12 开始操作号码 【1745643】
2021-07-08 00:10:16 GSD getOne 第 1 次 等待 1 秒
2021-07-08 00:10:17 查询号码 【1745643】，返回信息 {"status":"bad","msg":""}
2021-07-08 00:10:18 查询号码 【1745643】，GSD为【""】
2021-07-08 00:10:18 bad
2021-07-08 00:10:23 CHB 1745643?1625674218 第 1 次 等待 1 秒
2021-07-08 00:10:24 CHB 1745643?1625674218 第 1 次 获取到号码【1745643】GSD
2021-07-08 00:10:24 未获取到号码【1745643】GSD，可能号码格式错误
2021-07-08 00:10:24 获取到号码【1745643】的GSD为【-】
2021-07-08 00:10:30 GSD insert 第 1 次 等待 1 秒
2021-07-08 00:10:31 {"status":"ok","msg":"添加成功！218107"}
2021-07-08 00:10:31 下次操作: 2021-07-08 00:10:46

2021-07-08 00:10:46 开始第 10 次操作

2021-07-08 00:10:46 开始操作号码 【1745644】
2021-07-08 00:10:51 GSD getOne 第 1 次 等待 1 秒
2021-07-08 00:10:52 查询号码 【1745644】，返回信息 {"status":"bad","msg":""}
2021-07-08 00:10:52 查询号码 【1745644】，GSD为【""】
2021-07-08 00:10:52 bad
2021-07-08 00:10:53 CHB 1745644?1625674252 第 1 次 等待 1 秒
2021-07-08 00:10:54 CHB 1745644?1625674252 第 1 次 获取到号码【1745644】GSD
2021-07-08 00:10:54 未获取到号码【1745644】GSD，可能号码格式错误
2021-07-08 00:10:54 获取到号码【1745644】的GSD为【-】
2021-07-08 00:10:58 GSD insert 第 1 次 等待 1 秒
2021-07-08 00:10:59 {"status":"ok","msg":"添加成功！218113"}
2021-07-08 00:10:59 下次操作: 2021-07-08 00:11:09

2021-07-08 00:11:09 开始第 11 次操作

2021-07-08 00:11:09 开始操作号码 【1745645】
2021-07-08 00:11:12 GSD getOne 第 1 次 等待 1 秒
2021-07-08 00:11:13 查询号码 【1745645】，返回信息 {"status":"bad","msg":""}
2021-07-08 00:11:13 查询号码 【1745645】，GSD为【""】
2021-07-08 00:11:13 bad
2021-07-08 00:11:15 CHB 1745645?1625674273 第 1 次 等待 1 秒
2021-07-08 00:11:16 CHB 1745645?1625674273 第 1 次 获取到号码【1745645】GSD
2021-07-08 00:11:16 未获取到号码【1745645】GSD，可能号码格式错误
2021-07-08 00:11:16 获取到号码【1745645】的GSD为【-】
2021-07-08 00:11:28 GSD insert 第 1 次 等待 1 秒
2021-07-08 00:11:29 {"status":"ok","msg":"添加成功！218119"}
2021-07-08 00:11:29 下次操作: 2021-07-08 00:11:36

2021-07-08 00:11:36 开始第 12 次操作

2021-07-08 00:11:36 开始操作号码 【1745646】
2021-07-08 00:11:39 GSD getOne 第 1 次 等待 1 秒
2021-07-08 00:11:40 查询号码 【1745646】，返回信息 {"status":"bad","msg":""}
2021-07-08 00:11:40 查询号码 【1745646】，GSD为【""】
2021-07-08 00:11:40 bad
2021-07-08 00:11:42 CHB 1745646?1625674300 第 1 次 等待 1 秒
2021-07-08 00:11:43 CHB 1745646?1625674300 第 1 次 获取到号码【1745646】GSD
2021-07-08 00:11:43 未获取到号码【1745646】GSD，可能号码格式错误
2021-07-08 00:11:43 获取到号码【1745646】的GSD为【-】
2021-07-08 00:11:48 GSD insert 第 1 次 等待 1 秒
2021-07-08 00:11:49 {"status":"ok","msg":"添加成功！218123"}
2021-07-08 00:11:49 下次操作: 2021-07-08 00:12:00

2021-07-08 00:12:00 开始第 13 次操作

2021-07-08 00:12:00 开始操作号码 【1745647】
2021-07-08 00:12:03 GSD getOne 第 1 次 等待 1 秒
2021-07-08 00:12:04 查询号码 【1745647】，返回信息 {"status":"bad","msg":""}
2021-07-08 00:12:04 查询号码 【1745647】，GSD为【""】
2021-07-08 00:12:04 bad
2021-07-08 00:12:06 CHB 1745647?1625674324 第 1 次 等待 1 秒
2021-07-08 00:12:07 CHB 1745647?1625674324 第 1 次 获取到号码【1745647】GSD
2021-07-08 00:12:07 未获取到号码【1745647】GSD，可能号码格式错误
2021-07-08 00:12:07 获取到号码【1745647】的GSD为【-】
2021-07-08 00:12:15 GSD insert 第 1 次 等待 1 秒
2021-07-08 00:12:16 {"status":"ok","msg":"添加成功！218128"}
2021-07-08 00:12:16 下次操作: 2021-07-08 00:12:28

2021-07-08 00:12:28 开始第 14 次操作

2021-07-08 00:12:28 开始操作号码 【1745648】
2021-07-08 00:12:35 GSD getOne 第 1 次 等待 1 秒
2021-07-08 00:12:36 查询号码 【1745648】，返回信息 {"status":"bad","msg":""}
2021-07-08 00:12:36 查询号码 【1745648】，GSD为【""】
2021-07-08 00:12:36 bad
2021-07-08 00:12:37 CHB 1745648?1625674356 第 1 次 等待 1 秒
2021-07-08 00:12:38 CHB 1745648?1625674356 第 1 次 获取到号码【1745648】GSD
2021-07-08 00:12:38 未获取到号码【1745648】GSD，可能号码格式错误
2021-07-08 00:12:38 获取到号码【1745648】的GSD为【-】
2021-07-08 00:12:44 GSD insert 第 1 次 等待 1 秒
2021-07-08 00:12:45 {"status":"ok","msg":"添加成功！218132"}
2021-07-08 00:12:45 下次操作: 2021-07-08 00:12:52

2021-07-08 00:12:52 开始第 15 次操作

2021-07-08 00:12:52 开始操作号码 【1745649】
2021-07-08 00:12:58 GSD getOne 第 1 次 等待 1 秒
2021-07-08 00:12:59 查询号码 【1745649】，返回信息 {"status":"bad","msg":""}
2021-07-08 00:12:59 查询号码 【1745649】，GSD为【""】
2021-07-08 00:12:59 bad
2021-07-08 00:13:00 CHB 1745649?1625674379 第 1 次 等待 1 秒
2021-07-08 00:13:01 CHB 1745649?1625674379 第 1 次 获取到号码【1745649】GSD
2021-07-08 00:13:02 未获取到号码【1745649】GSD，可能号码格式错误
2021-07-08 00:13:02 获取到号码【1745649】的GSD为【-】
2021-07-08 00:13:07 GSD insert 第 1 次 等待 1 秒
2021-07-08 00:13:08 {"status":"ok","msg":"添加成功！218139"}
2021-07-08 00:13:08 下次操作: 2021-07-08 00:13:21

2021-07-08 00:13:21 开始第 16 次操作

2021-07-08 00:13:21 开始操作号码 【1745650】
2021-07-08 00:13:28 GSD getOne 第 1 次 等待 1 秒
2021-07-08 00:13:29 查询号码 【1745650】，返回信息 {"status":"bad","msg":""}
2021-07-08 00:13:29 查询号码 【1745650】，GSD为【""】
2021-07-08 00:13:29 bad
2021-07-08 00:13:31 CHB 1745650?1625674409 第 1 次 等待 1 秒
2021-07-08 00:13:32 CHB 1745650?1625674409 第 1 次 获取到号码【1745650】GSD
2021-07-08 00:13:32 未获取到号码【1745650】GSD，可能号码格式错误
2021-07-08 00:13:32 获取到号码【1745650】的GSD为【-】
2021-07-08 00:13:36 GSD insert 第 1 次 等待 1 秒
2021-07-08 00:13:37 {"status":"ok","msg":"添加成功！218144"}
2021-07-08 00:13:37 下次操作: 2021-07-08 00:13:50

2021-07-08 00:13:50 开始第 17 次操作

2021-07-08 00:13:50 开始操作号码 【1745651】
2021-07-08 00:13:56 GSD getOne 第 1 次 等待 1 秒
2021-07-08 00:13:57 查询号码 【1745651】，返回信息 {"status":"bad","msg":""}
2021-07-08 00:13:57 查询号码 【1745651】，GSD为【""】
2021-07-08 00:13:57 bad
2021-07-08 00:13:58 CHB 1745651?1625674437 第 1 次 等待 1 秒
2021-07-08 00:13:59 CHB 1745651?1625674437 第 1 次 获取到号码【1745651】GSD
2021-07-08 00:13:59 未获取到号码【1745651】GSD，可能号码格式错误
2021-07-08 00:13:59 获取到号码【1745651】的GSD为【-】
2021-07-08 00:14:03 GSD insert 第 1 次 等待 1 秒
2021-07-08 00:14:04 {"status":"ok","msg":"添加成功！218148"}
2021-07-08 00:14:04 下次操作: 2021-07-08 00:14:14

2021-07-08 00:14:14 开始第 18 次操作

2021-07-08 00:14:14 开始操作号码 【1745652】
2021-07-08 00:14:19 GSD getOne 第 1 次 等待 1 秒
2021-07-08 00:14:20 查询号码 【1745652】，返回信息 {"status":"bad","msg":""}
2021-07-08 00:14:20 查询号码 【1745652】，GSD为【""】
2021-07-08 00:14:20 bad
2021-07-08 00:14:22 CHB 1745652?1625674460 第 1 次 等待 1 秒
2021-07-08 00:14:23 CHB 1745652?1625674460 第 1 次 获取到号码【1745652】GSD
2021-07-08 00:14:23 未获取到号码【1745652】GSD，可能号码格式错误
2021-07-08 00:14:23 获取到号码【1745652】的GSD为【-】
2021-07-08 00:14:26 GSD insert 第 1 次 等待 1 秒
2021-07-08 00:14:27 {"status":"ok","msg":"添加成功！218152"}
2021-07-08 00:14:27 下次操作: 2021-07-08 00:14:35

2021-07-08 00:14:35 开始第 19 次操作

2021-07-08 00:14:35 开始操作号码 【1745653】
2021-07-08 00:14:40 GSD getOne 第 1 次 等待 1 秒
2021-07-08 00:14:41 查询号码 【1745653】，返回信息 {"status":"bad","msg":""}
2021-07-08 00:14:41 查询号码 【1745653】，GSD为【""】
2021-07-08 00:14:41 bad
2021-07-08 00:14:42 CHB 1745653?1625674481 第 1 次 等待 1 秒
2021-07-08 00:14:43 CHB 1745653?1625674481 第 1 次 获取到号码【1745653】GSD
2021-07-08 00:14:44 未获取到号码【1745653】GSD，可能号码格式错误
2021-07-08 00:14:44 获取到号码【1745653】的GSD为【-】
2021-07-08 00:14:48 GSD insert 第 1 次 等待 1 秒
2021-07-08 00:14:49 {"status":"ok","msg":"添加成功！218156"}
2021-07-08 00:14:49 下次操作: 2021-07-08 00:15:05

2021-07-08 00:15:05 开始第 20 次操作

2021-07-08 00:15:05 开始操作号码 【1745654】
2021-07-08 00:15:10 GSD getOne 第 1 次 等待 1 秒
2021-07-08 00:15:11 查询号码 【1745654】，返回信息 {"status":"bad","msg":""}
2021-07-08 00:15:11 查询号码 【1745654】，GSD为【""】
2021-07-08 00:15:11 bad
2021-07-08 00:15:12 CHB 1745654?1625674511 第 1 次 等待 1 秒
2021-07-08 00:15:13 CHB 1745654?1625674511 第 1 次 获取到号码【1745654】GSD
2021-07-08 00:15:13 未获取到号码【1745654】GSD，可能号码格式错误
2021-07-08 00:15:13 获取到号码【1745654】的GSD为【-】
2021-07-08 00:15:20 GSD insert 第 1 次 等待 1 秒
2021-07-08 00:15:21 {"status":"ok","msg":"添加成功！218160"}
2021-07-08 00:15:21 下次操作: 2021-07-08 00:15:38

2021-07-08 00:15:38 开始第 21 次操作

2021-07-08 00:15:38 开始操作号码 【1745655】
2021-07-08 00:15:43 GSD getOne 第 1 次 等待 1 秒
2021-07-08 00:15:44 查询号码 【1745655】，返回信息 {"status":"bad","msg":""}
2021-07-08 00:15:44 查询号码 【1745655】，GSD为【""】
2021-07-08 00:15:44 bad
2021-07-08 00:15:45 CHB 1745655?1625674544 第 1 次 等待 1 秒
2021-07-08 00:15:46 CHB 1745655?1625674544 第 1 次 获取到号码【1745655】GSD
2021-07-08 00:15:46 未获取到号码【1745655】GSD，可能号码格式错误
2021-07-08 00:15:46 获取到号码【1745655】的GSD为【-】
2021-07-08 00:15:57 GSD insert 第 1 次 等待 1 秒
2021-07-08 00:15:58 {"status":"ok","msg":"添加成功！218168"}
2021-07-08 00:15:58 下次操作: 2021-07-08 00:16:16

2021-07-08 00:16:16 开始第 22 次操作

2021-07-08 00:16:16 开始操作号码 【1745656】
2021-07-08 00:16:20 GSD getOne 第 1 次 等待 1 秒
2021-07-08 00:16:21 查询号码 【1745656】，返回信息 {"status":"bad","msg":""}
2021-07-08 00:16:21 查询号码 【1745656】，GSD为【""】
2021-07-08 00:16:21 bad
2021-07-08 00:16:23 CHB 1745656?1625674581 第 1 次 等待 1 秒
2021-07-08 00:16:24 CHB 1745656?1625674581 第 1 次 获取到号码【1745656】GSD
2021-07-08 00:16:24 未获取到号码【1745656】GSD，可能号码格式错误
2021-07-08 00:16:24 获取到号码【1745656】的GSD为【-】
2021-07-08 00:16:29 GSD insert 第 1 次 等待 1 秒
2021-07-08 00:16:30 {"status":"ok","msg":"添加成功！218174"}
2021-07-08 00:16:30 下次操作: 2021-07-08 00:16:40

2021-07-08 00:16:40 开始第 23 次操作

2021-07-08 00:16:40 开始操作号码 【1745657】
2021-07-08 00:16:45 GSD getOne 第 1 次 等待 1 秒
2021-07-08 00:16:46 查询号码 【1745657】，返回信息 {"status":"bad","msg":""}
2021-07-08 00:16:46 查询号码 【1745657】，GSD为【""】
2021-07-08 00:16:46 bad
2021-07-08 00:16:47 CHB 1745657?1625674606 第 1 次 等待 1 秒
2021-07-08 00:16:48 CHB 1745657?1625674606 第 1 次 获取到号码【1745657】GSD
2021-07-08 00:16:48 未获取到号码【1745657】GSD，可能号码格式错误
2021-07-08 00:16:48 获取到号码【1745657】的GSD为【-】
2021-07-08 00:16:56 GSD insert 第 1 次 等待 1 秒
2021-07-08 00:16:57 {"status":"ok","msg":"添加成功！218178"}
2021-07-08 00:16:57 下次操作: 2021-07-08 00:17:15

2021-07-08 00:17:15 开始第 24 次操作

2021-07-08 00:17:15 开始操作号码 【1745658】
2021-07-08 00:17:19 GSD getOne 第 1 次 等待 1 秒
2021-07-08 00:17:20 查询号码 【1745658】，返回信息 {"status":"bad","msg":""}
2021-07-08 00:17:20 查询号码 【1745658】，GSD为【""】
2021-07-08 00:17:20 bad
2021-07-08 00:17:22 CHB 1745658?1625674640 第 1 次 等待 1 秒
2021-07-08 00:17:23 CHB 1745658?1625674640 第 1 次 获取到号码【1745658】GSD
2021-07-08 00:17:23 未获取到号码【1745658】GSD，可能号码格式错误
2021-07-08 00:17:23 获取到号码【1745658】的GSD为【-】
2021-07-08 00:17:28 GSD insert 第 1 次 等待 1 秒
2021-07-08 00:17:29 {"status":"ok","msg":"添加成功！218184"}
2021-07-08 00:17:29 下次操作: 2021-07-08 00:17:35

2021-07-08 00:17:35 开始第 25 次操作

2021-07-08 00:17:35 开始操作号码 【1745659】
2021-07-08 00:17:39 GSD getOne 第 1 次 等待 1 秒
2021-07-08 00:17:40 查询号码 【1745659】，返回信息 {"status":"bad","msg":""}
2021-07-08 00:17:40 查询号码 【1745659】，GSD为【""】
2021-07-08 00:17:40 bad
2021-07-08 00:17:41 CHB 1745659?1625674660 第 1 次 等待 1 秒
2021-07-08 00:17:42 CHB 1745659?1625674660 第 1 次 获取到号码【1745659】GSD
2021-07-08 00:17:42 未获取到号码【1745659】GSD，可能号码格式错误
2021-07-08 00:17:42 获取到号码【1745659】的GSD为【-】
2021-07-08 00:17:46 GSD insert 第 1 次 等待 1 秒
2021-07-08 00:17:47 {"status":"ok","msg":"添加成功！218187"}
2021-07-08 00:17:47 下次操作: 2021-07-08 00:17:57

2021-07-08 00:17:57 开始第 26 次操作

2021-07-08 00:17:57 开始操作号码 【1745660】
2021-07-08 00:18:02 GSD getOne 第 1 次 等待 1 秒
2021-07-08 00:18:03 查询号码 【1745660】，返回信息 {"status":"bad","msg":""}
2021-07-08 00:18:03 查询号码 【1745660】，GSD为【""】
2021-07-08 00:18:03 bad
2021-07-08 00:18:05 CHB 1745660?1625674683 第 1 次 等待 1 秒
2021-07-08 00:18:06 CHB 1745660?1625674683 第 1 次 获取到号码【1745660】GSD
2021-07-08 00:18:06 未获取到号码【1745660】GSD，可能号码格式错误
2021-07-08 00:18:06 获取到号码【1745660】的GSD为【-】
2021-07-08 00:18:09 GSD insert 第 1 次 等待 1 秒
2021-07-08 00:18:10 {"status":"ok","msg":"添加成功！218192"}
2021-07-08 00:18:10 下次操作: 2021-07-08 00:18:20

2021-07-08 00:18:20 开始第 27 次操作

2021-07-08 00:18:20 开始操作号码 【1745661】
2021-07-08 00:18:27 GSD getOne 第 1 次 等待 1 秒
2021-07-08 00:18:28 查询号码 【1745661】，返回信息 {"status":"bad","msg":""}
2021-07-08 00:18:28 查询号码 【1745661】，GSD为【""】
2021-07-08 00:18:28 bad
2021-07-08 00:18:29 CHB 1745661?1625674708 第 1 次 等待 1 秒
2021-07-08 00:18:30 CHB 1745661?1625674708 第 1 次 获取到号码【1745661】GSD
2021-07-08 00:18:30 未获取到号码【1745661】GSD，可能号码格式错误
2021-07-08 00:18:30 获取到号码【1745661】的GSD为【-】
2021-07-08 00:18:34 GSD insert 第 1 次 等待 1 秒
2021-07-08 00:18:35 {"status":"ok","msg":"添加成功！218197"}
2021-07-08 00:18:36 下次操作: 2021-07-08 00:18:49

2021-07-08 00:18:49 开始第 28 次操作

2021-07-08 00:18:49 开始操作号码 【1745662】
2021-07-08 00:18:56 GSD getOne 第 1 次 等待 1 秒
2021-07-08 00:18:57 查询号码 【1745662】，返回信息 {"status":"bad","msg":""}
2021-07-08 00:18:57 查询号码 【1745662】，GSD为【""】
2021-07-08 00:18:57 bad
2021-07-08 00:18:58 CHB 1745662?1625674737 第 1 次 等待 1 秒
2021-07-08 00:18:59 CHB 1745662?1625674737 第 1 次 获取到号码【1745662】GSD
2021-07-08 00:18:59 未获取到号码【1745662】GSD，可能号码格式错误
2021-07-08 00:19:00 获取到号码【1745662】的GSD为【-】
2021-07-08 00:19:03 GSD insert 第 1 次 等待 1 秒
2021-07-08 00:19:04 {"status":"ok","msg":"添加成功！218202"}
2021-07-08 00:19:04 下次操作: 2021-07-08 00:19:17

2021-07-08 00:19:17 开始第 29 次操作

2021-07-08 00:19:17 开始操作号码 【1745663】
2021-07-08 00:19:22 GSD getOne 第 1 次 等待 1 秒
2021-07-08 00:19:23 查询号码 【1745663】，返回信息 {"status":"bad","msg":""}
2021-07-08 00:19:23 查询号码 【1745663】，GSD为【""】
2021-07-08 00:19:23 bad
2021-07-08 00:19:25 CHB 1745663?1625674763 第 1 次 等待 1 秒
2021-07-08 00:19:26 CHB 1745663?1625674763 第 1 次 获取到号码【1745663】GSD
2021-07-08 00:19:26 未获取到号码【1745663】GSD，可能号码格式错误
2021-07-08 00:19:26 获取到号码【1745663】的GSD为【-】
2021-07-08 00:19:29 GSD insert 第 1 次 等待 1 秒
2021-07-08 00:19:30 {"status":"ok","msg":"添加成功！218206"}
2021-07-08 00:19:30 下次操作: 2021-07-08 00:19:48

2021-07-08 00:19:48 开始第 30 次操作

2021-07-08 00:19:48 开始操作号码 【1745664】
2021-07-08 00:19:53 GSD getOne 第 1 次 等待 1 秒
2021-07-08 00:19:54 查询号码 【1745664】，返回信息 {"status":"bad","msg":""}
2021-07-08 00:19:54 查询号码 【1745664】，GSD为【""】
2021-07-08 00:19:54 bad
2021-07-08 00:19:55 CHB 1745664?1625674794 第 1 次 等待 1 秒
2021-07-08 00:19:56 CHB 1745664?1625674794 第 1 次 获取到号码【1745664】GSD
2021-07-08 00:19:56 未获取到号码【1745664】GSD，可能号码格式错误
2021-07-08 00:19:56 获取到号码【1745664】的GSD为【-】
2021-07-08 00:20:00 GSD insert 第 1 次 等待 1 秒
2021-07-08 00:20:01 {"status":"ok","msg":"添加成功！218210"}

