2024-08-25 00:10:48 开始第 1009 次操作

2024-08-25 00:10:48 开始操作号码 【1441008】
2024-08-25 00:10:56 GSD getOne 第 1 次 等待 3 秒
2024-08-25 00:10:59 查询号码 【1441008】，返回信息 {"status":"ok","msg":"-","gid":"534720","time_insert":"2023-02-16 23:16"}
2024-08-25 00:11:00 查询号码 【1441008】，GSD为【"-"】
2024-08-25 00:11:00 ok && -
2024-08-25 00:11:04 CHB 1441008?1724515860 第 1 次 等待 3 秒
2024-08-25 00:11:07 CHB 1441008?1724515860 第 1 次 获取到号码【1441008】GSD
2024-08-25 00:11:07 未获取到号码【1441008】GSD，可能号码格式错误
2024-08-25 00:11:07 获取到号码【1441008】的GSD为【-】
2024-08-25 00:11:18 GSD insert 第 1 次 等待 3 秒
2024-08-25 00:11:21 {"status":"bad","gid":"534720","msg":"添加失败！号码【1441008(-|-)】已存在！"}
2024-08-25 00:11:21 随机等待 135 秒，约 2 分钟
2024-08-25 00:11:21 下次操作: 2024-08-25 00:13:36

2024-08-25 00:13:36 开始第 1010 次操作

2024-08-25 00:13:36 开始操作号码 【1441009】
2024-08-25 00:13:46 GSD getOne 第 1 次 等待 3 秒
2024-08-25 00:13:49 查询号码 【1441009】，返回信息 {"status":"ok","msg":"-","gid":"534742","time_insert":"2023-02-16 23:31"}
2024-08-25 00:13:49 查询号码 【1441009】，GSD为【"-"】
2024-08-25 00:13:49 ok && -
2024-08-25 00:13:51 CHB 1441009?1724516029 第 1 次 等待 3 秒
2024-08-25 00:13:54 CHB 1441009?1724516029 第 1 次 获取到号码【1441009】GSD
2024-08-25 00:13:54 未获取到号码【1441009】GSD，可能号码格式错误
2024-08-25 00:13:54 获取到号码【1441009】的GSD为【-】
2024-08-25 00:14:02 GSD insert 第 1 次 等待 3 秒
2024-08-25 00:14:05 {"status":"bad","gid":"534742","msg":"添加失败！号码【1441009(-|-)】已存在！"}
2024-08-25 00:14:05 随机等待 137 秒，约 2 分钟
2024-08-25 00:14:05 下次操作: 2024-08-25 00:16:22

2024-08-25 00:16:22 开始第 1011 次操作

2024-08-25 00:16:22 开始操作号码 【1441010】
2024-08-25 00:16:31 GSD getOne 第 1 次 等待 3 秒
2024-08-25 00:16:34 查询号码 【1441010】，返回信息 {"status":"ok","msg":"-","gid":"534755","time_insert":"2023-02-16 23:42"}
2024-08-25 00:16:34 查询号码 【1441010】，GSD为【"-"】
2024-08-25 00:16:34 ok && -
2024-08-25 00:16:37 CHB 1441010?1724516194 第 1 次 等待 3 秒
2024-08-25 00:16:40 CHB 1441010?1724516194 第 1 次 获取到号码【1441010】GSD
2024-08-25 00:16:40 未获取到号码【1441010】GSD，可能号码格式错误
2024-08-25 00:16:40 获取到号码【1441010】的GSD为【-】
2024-08-25 00:16:48 GSD insert 第 1 次 等待 3 秒
2024-08-25 00:16:51 {"status":"bad","gid":"534755","msg":"添加失败！号码【1441010(-|-)】已存在！"}
2024-08-25 00:16:51 随机等待 122 秒，约 2 分钟
2024-08-25 00:16:51 下次操作: 2024-08-25 00:18:53

2024-08-25 00:18:53 开始第 1012 次操作

2024-08-25 00:18:53 开始操作号码 【1441011】
2024-08-25 00:19:01 GSD getOne 第 1 次 等待 3 秒
2024-08-25 00:19:04 查询号码 【1441011】，返回信息 {"status":"ok","msg":"-","gid":"534769","time_insert":"2023-02-16 23:55"}
2024-08-25 00:19:04 查询号码 【1441011】，GSD为【"-"】
2024-08-25 00:19:04 ok && -
2024-08-25 00:19:06 CHB 1441011?1724516344 第 1 次 等待 3 秒
2024-08-25 00:19:09 CHB 1441011?1724516344 第 1 次 获取到号码【1441011】GSD
2024-08-25 00:19:09 未获取到号码【1441011】GSD，可能号码格式错误
2024-08-25 00:19:09 获取到号码【1441011】的GSD为【-】
2024-08-25 00:19:18 GSD insert 第 1 次 等待 3 秒
2024-08-25 00:19:21 {"status":"bad","gid":"534769","msg":"添加失败！号码【1441011(-|-)】已存在！"}

2024-08-25 00:37:36 开始第 1013 次操作

2024-08-25 00:37:36 开始操作号码 【1441012】
2024-08-25 00:37:48 GSD getOne 第 1 次 等待 3 秒
2024-08-25 00:37:51 查询号码 【1441012】，返回信息 {"status":"ok","msg":"-","gid":"534779","time_insert":"2023-02-17 00:05"}
2024-08-25 00:37:51 查询号码 【1441012】，GSD为【"-"】
2024-08-25 00:37:51 ok && -
2024-08-25 00:37:52 CHB 1441012?1724517471 第 1 次 等待 3 秒
2024-08-25 00:37:55 CHB 1441012?1724517471 第 1 次 获取到号码【1441012】GSD
2024-08-25 00:37:55 未获取到号码【1441012】GSD，可能号码格式错误
2024-08-25 00:37:55 获取到号码【1441012】的GSD为【-】
2024-08-25 00:38:03 GSD insert 第 1 次 等待 3 秒
2024-08-25 00:38:06 {"status":"bad","gid":"534779","msg":"添加失败！号码【1441012(-|-)】已存在！"}
2024-08-25 00:38:06 随机等待 110 秒，约 1 分钟
2024-08-25 00:38:06 下次操作: 2024-08-25 00:39:56

2024-08-25 00:39:56 开始第 1014 次操作

2024-08-25 00:39:56 开始操作号码 【1441013】
2024-08-25 00:40:04 GSD getOne 第 1 次 等待 3 秒
2024-08-25 00:40:07 查询号码 【1441013】，返回信息 {"status":"ok","msg":"-","gid":"534792","time_insert":"2023-02-17 00:13"}
2024-08-25 00:40:07 查询号码 【1441013】，GSD为【"-"】
2024-08-25 00:40:07 ok && -
2024-08-25 00:40:09 CHB 1441013?1724517607 第 1 次 等待 3 秒
2024-08-25 00:40:12 CHB 1441013?1724517607 第 1 次 获取到号码【1441013】GSD
2024-08-25 00:40:12 未获取到号码【1441013】GSD，可能号码格式错误
2024-08-25 00:40:12 获取到号码【1441013】的GSD为【-】
2024-08-25 00:40:22 GSD insert 第 1 次 等待 3 秒
2024-08-25 00:40:25 {"status":"bad","gid":"534792","msg":"添加失败！号码【1441013(-|-)】已存在！"}
2024-08-25 00:40:25 随机等待 168 秒，约 2 分钟
2024-08-25 00:40:25 下次操作: 2024-08-25 00:43:13

2024-08-25 00:43:13 开始第 1015 次操作

2024-08-25 00:43:13 开始操作号码 【1441014】
2024-08-25 00:43:21 GSD getOne 第 1 次 等待 3 秒
2024-08-25 00:43:24 查询号码 【1441014】，返回信息 {"status":"ok","msg":"-","gid":"534801","time_insert":"2023-02-17 00:22"}
2024-08-25 00:43:24 查询号码 【1441014】，GSD为【"-"】
2024-08-25 00:43:24 ok && -
2024-08-25 00:43:26 CHB 1441014?1724517804 第 1 次 等待 3 秒
2024-08-25 00:43:29 CHB 1441014?1724517804 第 1 次 获取到号码【1441014】GSD
2024-08-25 00:43:29 未获取到号码【1441014】GSD，可能号码格式错误
2024-08-25 00:43:29 获取到号码【1441014】的GSD为【-】
2024-08-25 00:43:37 GSD insert 第 1 次 等待 3 秒
2024-08-25 00:43:40 {"status":"bad","gid":"534801","msg":"添加失败！号码【1441014(-|-)】已存在！"}
2024-08-25 00:43:40 随机等待 138 秒，约 2 分钟
2024-08-25 00:43:40 下次操作: 2024-08-25 00:45:58

2024-08-25 00:45:58 开始第 1016 次操作

2024-08-25 00:45:58 开始操作号码 【1441015】
2024-08-25 00:46:06 GSD getOne 第 1 次 等待 3 秒
2024-08-25 00:46:09 查询号码 【1441015】，返回信息 {"status":"ok","msg":"-","gid":"534812","time_insert":"2023-02-17 00:30"}
2024-08-25 00:46:09 查询号码 【1441015】，GSD为【"-"】
2024-08-25 00:46:09 ok && -
2024-08-25 00:46:11 CHB 1441015?1724517969 第 1 次 等待 3 秒
2024-08-25 00:46:14 CHB 1441015?1724517969 第 1 次 获取到号码【1441015】GSD
2024-08-25 00:46:14 未获取到号码【1441015】GSD，可能号码格式错误
2024-08-25 00:46:14 获取到号码【1441015】的GSD为【-】
2024-08-25 00:46:23 GSD insert 第 1 次 等待 3 秒
2024-08-25 00:46:26 {"status":"bad","gid":"534812","msg":"添加失败！号码【1441015(-|-)】已存在！"}

