2023-10-21 00:11:00 开始第 4325 次操作

2023-10-21 00:11:00 开始操作号码 【1984238】
2023-10-21 00:11:02 GSD getOne 第 1 次 等待 3 秒
2023-10-21 00:11:05 查询号码 【1984238】，返回信息 {"status":"ok","msg":"广东-东莞","gid":"508649","time_insert":"2021-08-13 23:01"}
2023-10-21 00:11:06 查询号码 【1984238】，GSD为【"广东-东莞"】

2023-10-21 00:11:07 开始第 4326 次操作

2023-10-21 00:11:07 开始操作号码 【1984239】
2023-10-21 00:11:12 GSD getOne 第 1 次 等待 3 秒
2023-10-21 00:11:16 查询号码 【1984239】，返回信息 {"status":"ok","msg":"广东-东莞","gid":"508656","time_insert":"2021-08-13 23:05"}
2023-10-21 00:11:16 查询号码 【1984239】，GSD为【"广东-东莞"】

2023-10-21 00:11:17 开始第 4327 次操作

2023-10-21 00:11:17 开始操作号码 【1984240】
2023-10-21 00:11:20 GSD getOne 第 1 次 等待 3 秒
2023-10-21 00:11:23 查询号码 【1984240】，返回信息 {"status":"ok","msg":"广东-广州","gid":"508664","time_insert":"2021-08-13 23:10"}
2023-10-21 00:11:23 查询号码 【1984240】，GSD为【"广东-广州"】

2023-10-21 00:11:24 开始第 4328 次操作

2023-10-21 00:11:24 开始操作号码 【1984241】
2023-10-21 00:11:28 GSD getOne 第 1 次 等待 3 秒
2023-10-21 00:11:31 查询号码 【1984241】，返回信息 {"status":"ok","msg":"广东-广州","gid":"508673","time_insert":"2021-08-13 23:15"}
2023-10-21 00:11:31 查询号码 【1984241】，GSD为【"广东-广州"】

2023-10-21 00:36:28 开始第 4329 次操作

2023-10-21 00:36:28 开始操作号码 【1984242】
2023-10-21 00:36:32 GSD getOne 第 1 次 等待 3 秒
2023-10-21 00:36:35 查询号码 【1984242】，返回信息 {"status":"ok","msg":"广东-广州","gid":"508684","time_insert":"2021-08-13 23:26"}
2023-10-21 00:36:35 查询号码 【1984242】，GSD为【"广东-广州"】

2023-10-21 00:36:36 开始第 4330 次操作

2023-10-21 00:36:36 开始操作号码 【1984243】
2023-10-21 00:36:39 GSD getOne 第 1 次 等待 3 秒
2023-10-21 00:36:42 查询号码 【1984243】，返回信息 {"status":"ok","msg":"广东-广州","gid":"508697","time_insert":"2021-08-13 23:35"}
2023-10-21 00:36:42 查询号码 【1984243】，GSD为【"广东-广州"】

2023-10-21 00:36:43 开始第 4331 次操作

2023-10-21 00:36:43 开始操作号码 【1984244】
2023-10-21 00:36:46 GSD getOne 第 1 次 等待 3 秒
2023-10-21 00:36:49 查询号码 【1984244】，返回信息 {"status":"ok","msg":"广东-广州","gid":"508712","time_insert":"2021-08-13 23:45"}
2023-10-21 00:36:49 查询号码 【1984244】，GSD为【"广东-广州"】

2023-10-21 00:36:50 开始第 4332 次操作

2023-10-21 00:36:50 开始操作号码 【1984245】
2023-10-21 00:36:53 GSD getOne 第 1 次 等待 3 秒
2023-10-21 00:36:56 查询号码 【1984245】，返回信息 {"status":"ok","msg":"广东-广州","gid":"508713","time_insert":"2021-08-13 23:46"}
2023-10-21 00:36:56 查询号码 【1984245】，GSD为【"广东-广州"】

2023-10-21 01:07:44 开始第 4333 次操作

2023-10-21 01:07:44 开始操作号码 【1984246】
2023-10-21 01:07:51 GSD getOne 第 1 次 等待 3 秒
2023-10-21 01:07:54 查询号码 【1984246】，返回信息 {"status":"ok","msg":"广东-广州","gid":"508724","time_insert":"2021-08-13 23:55"}
2023-10-21 01:07:54 查询号码 【1984246】，GSD为【"广东-广州"】

2023-10-21 01:07:55 开始第 4334 次操作

2023-10-21 01:07:55 开始操作号码 【1984247】
2023-10-21 01:07:58 GSD getOne 第 1 次 等待 3 秒
2023-10-21 01:08:01 查询号码 【1984247】，返回信息 {"status":"ok","msg":"广东-广州","gid":"508727","time_insert":"2021-08-13 23:56"}
2023-10-21 01:08:01 查询号码 【1984247】，GSD为【"广东-广州"】

2023-10-21 01:08:02 开始第 4335 次操作

2023-10-21 01:08:02 开始操作号码 【1984248】
2023-10-21 01:08:05 GSD getOne 第 1 次 等待 3 秒
2023-10-21 01:08:08 查询号码 【1984248】，返回信息 {"status":"ok","msg":"广东-深圳","gid":"508735","time_insert":"2021-08-14 00:04"}
2023-10-21 01:08:08 查询号码 【1984248】，GSD为【"广东-深圳"】

2023-10-21 01:08:09 开始第 4336 次操作

2023-10-21 01:08:09 开始操作号码 【1984249】
2023-10-21 01:08:13 GSD getOne 第 1 次 等待 3 秒
2023-10-21 01:08:16 查询号码 【1984249】，返回信息 {"status":"ok","msg":"广东-广州","gid":"508737","time_insert":"2021-08-14 00:05"}
2023-10-21 01:08:16 查询号码 【1984249】，GSD为【"广东-广州"】

