2024-03-16 00:11:26 开始第 9297 次操作

2024-03-16 00:11:26 开始操作号码 【1779210】
2024-03-16 00:11:32 GSD getOne 第 1 次 等待 3 秒
2024-03-16 00:11:35 查询号码 【1779210】，返回信息 {"status":"ok","msg":"陕西-榆林","gid":"213074","time_insert":"2021-07-07 09:40"}
2024-03-16 00:11:35 查询号码 【1779210】，GSD为【"陕西-榆林"】

2024-03-16 00:11:36 开始第 9298 次操作

2024-03-16 00:11:36 开始操作号码 【1779211】
2024-03-16 00:11:40 GSD getOne 第 1 次 等待 3 秒
2024-03-16 00:11:43 查询号码 【1779211】，返回信息 {"status":"ok","msg":"陕西-榆林","gid":"213068","time_insert":"2021-07-07 09:39"}
2024-03-16 00:11:43 查询号码 【1779211】，GSD为【"陕西-榆林"】

2024-03-16 00:11:44 开始第 9299 次操作

2024-03-16 00:11:44 开始操作号码 【1779212】
2024-03-16 00:11:49 GSD getOne 第 1 次 等待 3 秒
2024-03-16 00:11:52 查询号码 【1779212】，返回信息 {"status":"ok","msg":"陕西-榆林","gid":"212867","time_insert":"2021-07-07 08:00"}
2024-03-16 00:11:52 查询号码 【1779212】，GSD为【"陕西-榆林"】

2024-03-16 00:11:53 开始第 9300 次操作

2024-03-16 00:11:53 开始操作号码 【1779213】
2024-03-16 00:11:58 GSD getOne 第 1 次 等待 3 秒
2024-03-16 00:12:01 查询号码 【1779213】，返回信息 {"status":"ok","msg":"陕西-榆林","gid":"212863","time_insert":"2021-07-07 07:59"}
2024-03-16 00:12:01 查询号码 【1779213】，GSD为【"陕西-榆林"】

