2024-04-18 00:11:58 开始第 4241 次操作

2024-04-18 00:11:58 开始操作号码 【1664155】
2024-04-18 00:12:03 GSD getOne 第 1 次 等待 3 秒
2024-04-18 00:12:06 查询号码 【1664155】，返回信息 {"status":"ok","msg":"辽宁-丹东","gid":"145691","time_insert":"2021-06-28 10:36"}
2024-04-18 00:12:06 查询号码 【1664155】，GSD为【"辽宁-丹东"】

2024-04-18 00:12:07 开始第 4242 次操作

2024-04-18 00:12:07 开始操作号码 【1664156】
2024-04-18 00:12:12 GSD getOne 第 1 次 等待 3 秒
2024-04-18 00:12:15 查询号码 【1664156】，返回信息 {"status":"ok","msg":"辽宁-丹东","gid":"145700","time_insert":"2021-06-28 10:37"}
2024-04-18 00:12:15 查询号码 【1664156】，GSD为【"辽宁-丹东"】

2024-04-18 00:12:16 开始第 4243 次操作

2024-04-18 00:12:16 开始操作号码 【1664157】
2024-04-18 00:12:21 GSD getOne 第 1 次 等待 3 秒
2024-04-18 00:12:24 查询号码 【1664157】，返回信息 {"status":"ok","msg":"辽宁-丹东","gid":"145709","time_insert":"2021-06-28 10:37"}
2024-04-18 00:12:24 查询号码 【1664157】，GSD为【"辽宁-丹东"】

2024-04-18 00:12:25 开始第 4244 次操作

2024-04-18 00:12:25 开始操作号码 【1664158】
2024-04-18 00:12:31 GSD getOne 第 1 次 等待 3 秒
2024-04-18 00:12:34 查询号码 【1664158】，返回信息 {"status":"ok","msg":"辽宁-丹东","gid":"145715","time_insert":"2021-06-28 10:38"}
2024-04-18 00:12:34 查询号码 【1664158】，GSD为【"辽宁-丹东"】

2024-04-18 00:37:13 开始第 4245 次操作

2024-04-18 00:37:13 开始操作号码 【1664159】
2024-04-18 00:37:20 GSD getOne 第 1 次 等待 3 秒
2024-04-18 00:37:23 查询号码 【1664159】，返回信息 {"status":"ok","msg":"辽宁-丹东","gid":"145722","time_insert":"2021-06-28 10:39"}
2024-04-18 00:37:23 查询号码 【1664159】，GSD为【"辽宁-丹东"】

2024-04-18 00:37:24 开始第 4246 次操作

2024-04-18 00:37:24 开始操作号码 【1664160】
2024-04-18 00:37:30 GSD getOne 第 1 次 等待 3 秒
2024-04-18 00:37:33 查询号码 【1664160】，返回信息 {"status":"ok","msg":"辽宁-锦州","gid":"145727","time_insert":"2021-06-28 10:40"}
2024-04-18 00:37:33 查询号码 【1664160】，GSD为【"辽宁-锦州"】

2024-04-18 00:37:34 开始第 4247 次操作

2024-04-18 00:37:34 开始操作号码 【1664161】
2024-04-18 00:37:41 GSD getOne 第 1 次 等待 3 秒
2024-04-18 00:37:44 查询号码 【1664161】，返回信息 {"status":"ok","msg":"辽宁-锦州","gid":"145734","time_insert":"2021-06-28 10:41"}
2024-04-18 00:37:44 查询号码 【1664161】，GSD为【"辽宁-锦州"】

2024-04-18 00:37:45 开始第 4248 次操作

2024-04-18 00:37:45 开始操作号码 【1664162】
2024-04-18 00:37:52 GSD getOne 第 1 次 等待 3 秒
2024-04-18 00:37:55 查询号码 【1664162】，返回信息 {"status":"ok","msg":"辽宁-锦州","gid":"145739","time_insert":"2021-06-28 10:41"}
2024-04-18 00:37:55 查询号码 【1664162】，GSD为【"辽宁-锦州"】

2024-04-18 01:07:47 开始第 4249 次操作

2024-04-18 01:07:47 开始操作号码 【1664163】
2024-04-18 01:07:55 GSD getOne 第 1 次 等待 3 秒
2024-04-18 01:07:58 查询号码 【1664163】，返回信息 {"status":"ok","msg":"辽宁-锦州","gid":"145743","time_insert":"2021-06-28 10:42"}
2024-04-18 01:07:58 查询号码 【1664163】，GSD为【"辽宁-锦州"】

2024-04-18 01:07:59 开始第 4250 次操作

2024-04-18 01:07:59 开始操作号码 【1664164】
2024-04-18 01:08:05 GSD getOne 第 1 次 等待 3 秒
2024-04-18 01:08:08 查询号码 【1664164】，返回信息 {"status":"ok","msg":"辽宁-锦州","gid":"145762","time_insert":"2021-06-28 10:54"}
2024-04-18 01:08:08 查询号码 【1664164】，GSD为【"辽宁-锦州"】

2024-04-18 01:08:09 开始第 4251 次操作

2024-04-18 01:08:09 开始操作号码 【1664165】
2024-04-18 01:08:14 GSD getOne 第 1 次 等待 3 秒
2024-04-18 01:08:17 查询号码 【1664165】，返回信息 {"status":"ok","msg":"辽宁-锦州","gid":"145769","time_insert":"2021-06-28 10:54"}
2024-04-18 01:08:17 查询号码 【1664165】，GSD为【"辽宁-锦州"】

2024-04-18 01:08:18 开始第 4252 次操作

2024-04-18 01:08:18 开始操作号码 【1664166】
2024-04-18 01:08:23 GSD getOne 第 1 次 等待 3 秒
2024-04-18 01:08:26 查询号码 【1664166】，返回信息 {"status":"ok","msg":"辽宁-锦州","gid":"145774","time_insert":"2021-06-28 10:55"}
2024-04-18 01:08:26 查询号码 【1664166】，GSD为【"辽宁-锦州"】

2024-04-18 01:32:59 开始第 4253 次操作

2024-04-18 01:32:59 开始操作号码 【1664167】
2024-04-18 01:33:04 GSD getOne 第 1 次 等待 3 秒
2024-04-18 01:33:07 查询号码 【1664167】，返回信息 {"status":"ok","msg":"辽宁-锦州","gid":"145783","time_insert":"2021-06-28 10:55"}
2024-04-18 01:33:08 查询号码 【1664167】，GSD为【"辽宁-锦州"】

2024-04-18 01:33:09 开始第 4254 次操作

2024-04-18 01:33:09 开始操作号码 【1664168】
2024-04-18 01:33:15 GSD getOne 第 1 次 等待 3 秒
2024-04-18 01:33:19 查询号码 【1664168】，返回信息 {"status":"ok","msg":"辽宁-锦州","gid":"145788","time_insert":"2021-06-28 10:55"}
2024-04-18 01:33:19 查询号码 【1664168】，GSD为【"辽宁-锦州"】

2024-04-18 01:33:20 开始第 4255 次操作

2024-04-18 01:33:20 开始操作号码 【1664169】
2024-04-18 01:33:24 GSD getOne 第 1 次 等待 3 秒
2024-04-18 01:33:27 查询号码 【1664169】，返回信息 {"status":"ok","msg":"辽宁-锦州","gid":"145794","time_insert":"2021-06-28 10:56"}
2024-04-18 01:33:27 查询号码 【1664169】，GSD为【"辽宁-锦州"】

2024-04-18 01:33:28 开始第 4256 次操作

2024-04-18 01:33:28 开始操作号码 【1664170】
2024-04-18 01:33:33 GSD getOne 第 1 次 等待 3 秒
2024-04-18 01:33:36 查询号码 【1664170】，返回信息 {"status":"ok","msg":"辽宁-营口","gid":"145798","time_insert":"2021-06-28 10:56"}
2024-04-18 01:33:36 查询号码 【1664170】，GSD为【"辽宁-营口"】

