2023-11-04 00:11:20 开始第 6897 次操作

2023-11-04 00:11:20 开始操作号码 【1986810】
2023-11-04 00:11:23 GSD getOne 第 1 次 等待 3 秒
2023-11-04 00:11:26 查询号码 【1986810】，返回信息 {"status":"ok","msg":"广东-肇庆","gid":"493204","time_insert":"2021-08-03 22:57"}
2023-11-04 00:11:26 查询号码 【1986810】，GSD为【"广东-肇庆"】

2023-11-04 00:11:27 开始第 6898 次操作

2023-11-04 00:11:27 开始操作号码 【1986811】
2023-11-04 00:11:31 GSD getOne 第 1 次 等待 3 秒
2023-11-04 00:11:34 查询号码 【1986811】，返回信息 {"status":"ok","msg":"广东-深圳","gid":"493198","time_insert":"2021-08-03 22:56"}
2023-11-04 00:11:34 查询号码 【1986811】，GSD为【"广东-深圳"】

2023-11-04 00:11:35 开始第 6899 次操作

2023-11-04 00:11:35 开始操作号码 【1986812】
2023-11-04 00:11:38 GSD getOne 第 1 次 等待 3 秒
2023-11-04 00:11:41 查询号码 【1986812】，返回信息 {"status":"ok","msg":"广东-肇庆","gid":"493192","time_insert":"2021-08-03 22:55"}
2023-11-04 00:11:41 查询号码 【1986812】，GSD为【"广东-肇庆"】

2023-11-04 00:11:42 开始第 6900 次操作

2023-11-04 00:11:42 开始操作号码 【1986813】
2023-11-04 00:11:52 GSD getOne 第 1 次 等待 3 秒
2023-11-04 00:11:55 查询号码 【1986813】，返回信息 {"status":"ok","msg":"广东-梅州","gid":"493187","time_insert":"2021-08-03 22:54"}
2023-11-04 00:11:55 查询号码 【1986813】，GSD为【"广东-梅州"】

2023-11-04 00:36:57 开始第 6901 次操作

2023-11-04 00:36:57 开始操作号码 【1986814】
2023-11-04 00:37:05 GSD getOne 第 1 次 等待 3 秒
2023-11-04 00:37:08 查询号码 【1986814】，返回信息 {"status":"ok","msg":"广东-惠州","gid":"493180","time_insert":"2021-08-03 22:53"}
2023-11-04 00:37:08 查询号码 【1986814】，GSD为【"广东-惠州"】

2023-11-04 00:37:09 开始第 6902 次操作

2023-11-04 00:37:09 开始操作号码 【1986815】
2023-11-04 00:37:14 GSD getOne 第 1 次 等待 3 秒
2023-11-04 00:37:17 查询号码 【1986815】，返回信息 {"status":"ok","msg":"广东-梅州","gid":"493176","time_insert":"2021-08-03 22:52"}
2023-11-04 00:37:17 查询号码 【1986815】，GSD为【"广东-梅州"】

2023-11-04 00:37:18 开始第 6903 次操作

2023-11-04 00:37:18 开始操作号码 【1986816】
2023-11-04 00:37:23 GSD getOne 第 1 次 等待 3 秒
2023-11-04 00:37:26 查询号码 【1986816】，返回信息 {"status":"ok","msg":"广东-云浮","gid":"493172","time_insert":"2021-08-03 22:51"}
2023-11-04 00:37:26 查询号码 【1986816】，GSD为【"广东-云浮"】

2023-11-04 00:37:27 开始第 6904 次操作

2023-11-04 00:37:27 开始操作号码 【1986817】
2023-11-04 00:37:31 GSD getOne 第 1 次 等待 3 秒
2023-11-04 00:37:34 查询号码 【1986817】，返回信息 {"status":"ok","msg":"广东-河源","gid":"493165","time_insert":"2021-08-03 22:50"}
2023-11-04 00:37:34 查询号码 【1986817】，GSD为【"广东-河源"】

