2021-07-25 00:00:22 开始第 19 次操作

2021-07-25 00:00:22 开始操作号码 【1538357】
2021-07-25 00:00:27 GSD getOne 第 1 次 等待 3 秒
2021-07-25 00:00:30 查询号码 【1538357】，返回信息 {"status":"bad","msg":""}
2021-07-25 00:00:30 查询号码 【1538357】，GSD为【""】
2021-07-25 00:00:30 bad
2021-07-25 00:00:33 CHB 1538357?1627142430 第 1 次 等待 3 秒
2021-07-25 00:00:36 CHB 1538357?1627142430 第 1 次 获取到号码【1538357】GSD
2021-07-25 00:00:36 获取到号码【1538357】的GSD为【山西-临汾】
2021-07-25 00:00:46 GSD insert 第 1 次 等待 3 秒
2021-07-25 00:00:49 {"status":"ok","gid":382949,"msg":"添加成功！"}
2021-07-25 00:00:49 下次操作: 2021-07-25 00:01:01

2021-07-25 00:01:01 开始第 20 次操作

2021-07-25 00:01:01 开始操作号码 【1538356】
2021-07-25 00:01:06 GSD getOne 第 1 次 等待 3 秒
2021-07-25 00:01:09 查询号码 【1538356】，返回信息 {"status":"bad","msg":""}
2021-07-25 00:01:09 查询号码 【1538356】，GSD为【""】
2021-07-25 00:01:09 bad
2021-07-25 00:01:11 CHB 1538356?1627142469 第 1 次 等待 3 秒
2021-07-25 00:01:14 CHB 1538356?1627142469 第 1 次 获取到号码【1538356】GSD
2021-07-25 00:01:14 获取到号码【1538356】的GSD为【山西-晋城】
2021-07-25 00:01:32 GSD insert 第 1 次 等待 3 秒
2021-07-25 00:01:35 {"status":"ok","gid":382964,"msg":"添加成功！"}
2021-07-25 00:01:35 下次操作: 2021-07-25 00:01:50

2021-07-25 00:01:50 开始第 21 次操作

2021-07-25 00:01:50 开始操作号码 【1538355】
2021-07-25 00:01:53 GSD getOne 第 1 次 等待 3 秒
2021-07-25 00:01:56 查询号码 【1538355】，返回信息 {"status":"bad","msg":""}
2021-07-25 00:01:56 查询号码 【1538355】，GSD为【""】
2021-07-25 00:01:56 bad
2021-07-25 00:01:59 CHB 1538355?1627142516 第 1 次 等待 3 秒
2021-07-25 00:02:02 CHB 1538355?1627142516 第 1 次 获取到号码【1538355】GSD
2021-07-25 00:02:02 获取到号码【1538355】的GSD为【山西-长治】
2021-07-25 00:02:13 GSD insert 第 1 次 等待 3 秒
2021-07-25 00:02:16 {"status":"ok","gid":382976,"msg":"添加成功！"}
2021-07-25 00:02:16 下次操作: 2021-07-25 00:02:29

2021-07-25 00:02:29 开始第 22 次操作

2021-07-25 00:02:29 开始操作号码 【1538354】
2021-07-25 00:02:33 GSD getOne 第 1 次 等待 3 秒
2021-07-25 00:02:36 查询号码 【1538354】，返回信息 {"status":"bad","msg":""}
2021-07-25 00:02:36 查询号码 【1538354】，GSD为【""】
2021-07-25 00:02:36 bad
2021-07-25 00:02:39 CHB 1538354?1627142556 第 1 次 等待 3 秒
2021-07-25 00:02:42 CHB 1538354?1627142556 第 1 次 获取到号码【1538354】GSD
2021-07-25 00:02:42 获取到号码【1538354】的GSD为【山西-晋中】
2021-07-25 00:02:57 GSD insert 第 1 次 等待 3 秒
2021-07-25 00:03:00 {"status":"ok","gid":382988,"msg":"添加成功！"}
2021-07-25 00:03:00 下次操作: 2021-07-25 00:03:19

2021-07-25 00:03:19 开始第 23 次操作

2021-07-25 00:03:19 开始操作号码 【1538353】
2021-07-25 00:03:22 GSD getOne 第 1 次 等待 3 秒
2021-07-25 00:03:25 查询号码 【1538353】，返回信息 {"status":"bad","msg":""}
2021-07-25 00:03:25 查询号码 【1538353】，GSD为【""】
2021-07-25 00:03:25 bad
2021-07-25 00:03:27 CHB 1538353?1627142605 第 1 次 等待 3 秒
2021-07-25 00:03:30 CHB 1538353?1627142605 第 1 次 获取到号码【1538353】GSD
2021-07-25 00:03:30 获取到号码【1538353】的GSD为【山西-阳泉】
2021-07-25 00:03:50 GSD insert 第 1 次 等待 3 秒
2021-07-25 00:03:53 {"status":"ok","gid":383000,"msg":"添加成功！"}
2021-07-25 00:03:53 下次操作: 2021-07-25 00:04:17

2021-07-25 00:04:17 开始第 24 次操作

2021-07-25 00:04:17 开始操作号码 【1538352】
2021-07-25 00:04:20 GSD getOne 第 1 次 等待 3 秒
2021-07-25 00:04:23 查询号码 【1538352】，返回信息 {"status":"bad","msg":""}
2021-07-25 00:04:23 查询号码 【1538352】，GSD为【""】
2021-07-25 00:04:23 bad
2021-07-25 00:04:26 CHB 1538352?1627142663 第 1 次 等待 3 秒
2021-07-25 00:04:29 CHB 1538352?1627142663 第 1 次 获取到号码【1538352】GSD
2021-07-25 00:04:29 获取到号码【1538352】的GSD为【山西-大同】
2021-07-25 00:04:40 GSD insert 第 1 次 等待 3 秒
2021-07-25 00:04:43 {"status":"ok","gid":383011,"msg":"添加成功！"}
2021-07-25 00:04:43 下次操作: 2021-07-25 00:05:06

2021-07-25 00:05:06 开始第 25 次操作

2021-07-25 00:05:06 开始操作号码 【1538351】
2021-07-25 00:05:09 GSD getOne 第 1 次 等待 3 秒
2021-07-25 00:05:12 查询号码 【1538351】，返回信息 {"status":"bad","msg":""}
2021-07-25 00:05:12 查询号码 【1538351】，GSD为【""】
2021-07-25 00:05:12 bad
2021-07-25 00:05:14 CHB 1538351?1627142712 第 1 次 等待 3 秒
2021-07-25 00:05:17 CHB 1538351?1627142712 第 1 次 获取到号码【1538351】GSD
2021-07-25 00:05:17 获取到号码【1538351】的GSD为【山西-太原】
2021-07-25 00:05:35 GSD insert 第 1 次 等待 3 秒
2021-07-25 00:05:38 {"status":"ok","gid":383028,"msg":"添加成功！"}
2021-07-25 00:05:38 下次操作: 2021-07-25 00:05:59

2021-07-25 00:05:59 开始第 26 次操作

2021-07-25 00:05:59 开始操作号码 【1538350】
2021-07-25 00:06:05 GSD getOne 第 1 次 等待 3 秒
2021-07-25 00:06:08 查询号码 【1538350】，返回信息 {"status":"bad","msg":""}
2021-07-25 00:06:08 查询号码 【1538350】，GSD为【""】
2021-07-25 00:06:08 bad
2021-07-25 00:06:10 CHB 1538350?1627142768 第 1 次 等待 3 秒
2021-07-25 00:06:13 CHB 1538350?1627142768 第 1 次 获取到号码【1538350】GSD
2021-07-25 00:06:13 获取到号码【1538350】的GSD为【山西-忻州】
2021-07-25 00:06:24 GSD insert 第 1 次 等待 3 秒
2021-07-25 00:06:27 {"status":"ok","gid":383040,"msg":"添加成功！"}
2021-07-25 00:06:27 下次操作: 2021-07-25 00:06:49

2021-07-25 00:06:49 开始第 27 次操作

2021-07-25 00:06:49 开始操作号码 【1538349】
2021-07-25 00:06:53 GSD getOne 第 1 次 等待 3 秒
2021-07-25 00:06:56 查询号码 【1538349】，返回信息 {"status":"bad","msg":""}
2021-07-25 00:06:56 查询号码 【1538349】，GSD为【""】
2021-07-25 00:06:56 bad
2021-07-25 00:06:59 CHB 1538349?1627142816 第 1 次 等待 3 秒
2021-07-25 00:07:02 CHB 1538349?1627142816 第 1 次 获取到号码【1538349】GSD
2021-07-25 00:07:02 获取到号码【1538349】的GSD为【山西-朔州】
2021-07-25 00:07:12 GSD insert 第 1 次 等待 3 秒
2021-07-25 00:07:15 {"status":"ok","gid":383056,"msg":"添加成功！"}
2021-07-25 00:07:15 下次操作: 2021-07-25 00:07:28

2021-07-25 00:07:28 开始第 28 次操作

2021-07-25 00:07:28 开始操作号码 【1538348】
2021-07-25 00:07:32 GSD getOne 第 1 次 等待 3 秒
2021-07-25 00:07:35 查询号码 【1538348】，返回信息 {"status":"bad","msg":""}
2021-07-25 00:07:35 查询号码 【1538348】，GSD为【""】
2021-07-25 00:07:35 bad
2021-07-25 00:07:38 CHB 1538348?1627142855 第 1 次 等待 3 秒
2021-07-25 00:07:41 CHB 1538348?1627142855 第 1 次 获取到号码【1538348】GSD
2021-07-25 00:07:41 获取到号码【1538348】的GSD为【山西-吕梁】
2021-07-25 00:07:56 GSD insert 第 1 次 等待 3 秒
2021-07-25 00:07:59 {"status":"ok","gid":383067,"msg":"添加成功！"}
2021-07-25 00:07:59 下次操作: 2021-07-25 00:08:17

2021-07-25 00:08:17 开始第 29 次操作

2021-07-25 00:08:17 开始操作号码 【1538347】
2021-07-25 00:08:23 GSD getOne 第 1 次 等待 3 秒
2021-07-25 00:08:26 查询号码 【1538347】，返回信息 {"status":"bad","msg":""}
2021-07-25 00:08:26 查询号码 【1538347】，GSD为【""】
2021-07-25 00:08:26 bad
2021-07-25 00:08:29 CHB 1538347?1627142906 第 1 次 等待 3 秒
2021-07-25 00:08:32 CHB 1538347?1627142906 第 1 次 获取到号码【1538347】GSD
2021-07-25 00:08:32 获取到号码【1538347】的GSD为【山西-临汾】
2021-07-25 00:08:42 GSD insert 第 1 次 等待 3 秒
2021-07-25 00:08:45 {"status":"ok","gid":383078,"msg":"添加成功！"}
2021-07-25 00:08:45 下次操作: 2021-07-25 00:09:08

2021-07-25 00:09:08 开始第 30 次操作

2021-07-25 00:09:08 开始操作号码 【1538346】
2021-07-25 00:09:12 GSD getOne 第 1 次 等待 3 秒
2021-07-25 00:09:15 查询号码 【1538346】，返回信息 {"status":"bad","msg":""}
2021-07-25 00:09:15 查询号码 【1538346】，GSD为【""】
2021-07-25 00:09:15 bad
2021-07-25 00:09:24 CHB 1538346?1627142955 第 1 次 等待 3 秒
2021-07-25 00:09:27 CHB 1538346?1627142955 第 1 次 获取到号码【1538346】GSD
2021-07-25 00:09:27 获取到号码【1538346】的GSD为【山西-太原】
2021-07-25 00:09:30 GSD insert 第 1 次 等待 3 秒
2021-07-25 00:09:33 {"status":"ok","gid":383087,"msg":"添加成功！"}
2021-07-25 00:09:33 下次操作: 2021-07-25 00:09:45

2021-07-25 00:09:46 开始第 31 次操作

2021-07-25 00:09:46 开始操作号码 【1538345】
2021-07-25 00:09:52 GSD getOne 第 1 次 等待 3 秒
2021-07-25 00:09:55 查询号码 【1538345】，返回信息 {"status":"bad","msg":""}
2021-07-25 00:09:55 查询号码 【1538345】，GSD为【""】
2021-07-25 00:09:55 bad
2021-07-25 00:09:59 CHB 1538345?1627142995 第 1 次 等待 3 秒
2021-07-25 00:10:02 CHB 1538345?1627142995 第 1 次 获取到号码【1538345】GSD
2021-07-25 00:10:02 获取到号码【1538345】的GSD为【山西-长治】
2021-07-25 00:10:12 GSD insert 第 1 次 等待 3 秒
2021-07-25 00:10:15 {"status":"ok","gid":383096,"msg":"添加成功！"}
2021-07-25 00:10:15 下次操作: 2021-07-25 00:10:36

2021-07-25 00:10:36 开始第 32 次操作

2021-07-25 00:10:36 开始操作号码 【1538344】
2021-07-25 00:10:42 GSD getOne 第 1 次 等待 3 秒
2021-07-25 00:10:45 查询号码 【1538344】，返回信息 {"status":"bad","msg":""}
2021-07-25 00:10:45 查询号码 【1538344】，GSD为【""】
2021-07-25 00:10:45 bad
2021-07-25 00:10:48 CHB 1538344?1627143045 第 1 次 等待 3 秒
2021-07-25 00:10:51 CHB 1538344?1627143045 第 1 次 获取到号码【1538344】GSD
2021-07-25 00:10:51 获取到号码【1538344】的GSD为【山西-晋中】
2021-07-25 00:11:01 GSD insert 第 1 次 等待 3 秒
2021-07-25 00:11:04 {"status":"ok","gid":383103,"msg":"添加成功！"}
2021-07-25 00:11:04 下次操作: 2021-07-25 00:11:24

2021-07-25 00:11:24 开始第 33 次操作

2021-07-25 00:11:24 开始操作号码 【1538343】
2021-07-25 00:11:27 GSD getOne 第 1 次 等待 3 秒
2021-07-25 00:11:30 查询号码 【1538343】，返回信息 {"status":"bad","msg":""}
2021-07-25 00:11:30 查询号码 【1538343】，GSD为【""】
2021-07-25 00:11:30 bad
2021-07-25 00:11:36 CHB 1538343?1627143090 第 1 次 等待 3 秒
2021-07-25 00:11:39 CHB 1538343?1627143090 第 1 次 获取到号码【1538343】GSD
2021-07-25 00:11:39 获取到号码【1538343】的GSD为【山西-太原】
2021-07-25 00:11:49 GSD insert 第 1 次 等待 3 秒
2021-07-25 00:11:52 {"status":"ok","gid":383113,"msg":"添加成功！"}
2021-07-25 00:11:52 下次操作: 2021-07-25 00:12:04

2021-07-25 00:12:04 开始第 34 次操作

2021-07-25 00:12:04 开始操作号码 【1538342】
2021-07-25 00:12:11 GSD getOne 第 1 次 等待 3 秒
2021-07-25 00:12:14 查询号码 【1538342】，返回信息 {"status":"bad","msg":""}
2021-07-25 00:12:14 查询号码 【1538342】，GSD为【""】
2021-07-25 00:12:14 bad
2021-07-25 00:12:18 CHB 1538342?1627143134 第 1 次 等待 3 秒
2021-07-25 00:12:21 CHB 1538342?1627143134 第 1 次 获取到号码【1538342】GSD
2021-07-25 00:12:21 获取到号码【1538342】的GSD为【山西-大同】
2021-07-25 00:12:31 GSD insert 第 1 次 等待 3 秒
2021-07-25 00:12:34 {"status":"ok","gid":383121,"msg":"添加成功！"}
2021-07-25 00:12:34 下次操作: 2021-07-25 00:12:53

2021-07-25 00:12:53 开始第 35 次操作

2021-07-25 00:12:53 开始操作号码 【1538341】
2021-07-25 00:12:56 GSD getOne 第 1 次 等待 3 秒
2021-07-25 00:12:59 查询号码 【1538341】，返回信息 {"status":"bad","msg":""}
2021-07-25 00:12:59 查询号码 【1538341】，GSD为【""】
2021-07-25 00:12:59 bad
2021-07-25 00:13:01 CHB 1538341?1627143179 第 1 次 等待 3 秒
2021-07-25 00:13:04 CHB 1538341?1627143179 第 1 次 获取到号码【1538341】GSD
2021-07-25 00:13:04 获取到号码【1538341】的GSD为【山西-太原】
2021-07-25 00:13:26 GSD insert 第 1 次 等待 3 秒
2021-07-25 00:13:29 {"status":"ok","gid":383127,"msg":"添加成功！"}
2021-07-25 00:13:29 下次操作: 2021-07-25 00:13:47

2021-07-25 00:13:47 开始第 36 次操作

2021-07-25 00:13:47 开始操作号码 【1538340】
2021-07-25 00:13:54 GSD getOne 第 1 次 等待 3 秒
2021-07-25 00:13:57 查询号码 【1538340】，返回信息 {"status":"bad","msg":""}
2021-07-25 00:13:57 查询号码 【1538340】，GSD为【""】
2021-07-25 00:13:57 bad
2021-07-25 00:13:59 CHB 1538340?1627143237 第 1 次 等待 3 秒
2021-07-25 00:14:02 CHB 1538340?1627143237 第 1 次 获取到号码【1538340】GSD
2021-07-25 00:14:02 获取到号码【1538340】的GSD为【山西-太原】
2021-07-25 00:14:36 GSD insert 第 1 次 等待 3 秒
2021-07-25 00:14:39 {"status":"ok","gid":383134,"msg":"添加成功！"}
2021-07-25 00:14:39 下次操作: 2021-07-25 00:14:55

2021-07-25 00:14:55 开始第 37 次操作

2021-07-25 00:14:55 开始操作号码 【1538339】
2021-07-25 00:14:58 GSD getOne 第 1 次 等待 3 秒
2021-07-25 00:15:01 查询号码 【1538339】，返回信息 {"status":"bad","msg":""}
2021-07-25 00:15:01 查询号码 【1538339】，GSD为【""】
2021-07-25 00:15:01 bad
2021-07-25 00:15:04 CHB 1538339?1627143301 第 1 次 等待 3 秒
2021-07-25 00:15:07 CHB 1538339?1627143301 第 1 次 获取到号码【1538339】GSD
2021-07-25 00:15:07 获取到号码【1538339】的GSD为【河北-石家庄】
2021-07-25 00:15:17 GSD insert 第 1 次 等待 3 秒
2021-07-25 00:15:20 {"status":"ok","gid":383140,"msg":"添加成功！"}
2021-07-25 00:15:20 下次操作: 2021-07-25 00:15:39

2021-07-25 00:15:39 开始第 38 次操作

2021-07-25 00:15:39 开始操作号码 【1538338】
2021-07-25 00:15:43 GSD getOne 第 1 次 等待 3 秒
2021-07-25 00:15:46 查询号码 【1538338】，返回信息 {"status":"bad","msg":""}
2021-07-25 00:15:46 查询号码 【1538338】，GSD为【""】
2021-07-25 00:15:46 bad
2021-07-25 00:15:52 CHB 1538338?1627143346 第 1 次 等待 3 秒
2021-07-25 00:15:55 CHB 1538338?1627143346 第 1 次 获取到号码【1538338】GSD
2021-07-25 00:15:55 获取到号码【1538338】的GSD为【河北-衡水】
2021-07-25 00:16:06 GSD insert 第 1 次 等待 3 秒
2021-07-25 00:16:09 {"status":"ok","gid":383144,"msg":"添加成功！"}
2021-07-25 00:16:09 下次操作: 2021-07-25 00:16:21

2021-07-25 00:16:21 开始第 39 次操作

2021-07-25 00:16:21 开始操作号码 【1538337】
2021-07-25 00:16:27 GSD getOne 第 1 次 等待 3 秒
2021-07-25 00:16:30 查询号码 【1538337】，返回信息 {"status":"bad","msg":""}
2021-07-25 00:16:30 查询号码 【1538337】，GSD为【""】
2021-07-25 00:16:30 bad
2021-07-25 00:16:33 CHB 1538337?1627143390 第 1 次 等待 3 秒
2021-07-25 00:16:36 CHB 1538337?1627143390 第 1 次 获取到号码【1538337】GSD
2021-07-25 00:16:36 获取到号码【1538337】的GSD为【河北-沧州】
2021-07-25 00:16:47 GSD insert 第 1 次 等待 3 秒
2021-07-25 00:16:50 {"status":"ok","gid":383151,"msg":"添加成功！"}
2021-07-25 00:16:50 下次操作: 2021-07-25 00:17:11

2021-07-25 00:17:11 开始第 40 次操作

2021-07-25 00:17:11 开始操作号码 【1538336】
2021-07-25 00:17:15 GSD getOne 第 1 次 等待 3 秒
2021-07-25 00:17:18 查询号码 【1538336】，返回信息 {"status":"bad","msg":""}
2021-07-25 00:17:18 查询号码 【1538336】，GSD为【""】
2021-07-25 00:17:18 bad
2021-07-25 00:17:20 CHB 1538336?1627143438 第 1 次 等待 3 秒
2021-07-25 00:17:23 CHB 1538336?1627143438 第 1 次 获取到号码【1538336】GSD
2021-07-25 00:17:23 获取到号码【1538336】的GSD为【河北-廊坊】
2021-07-25 00:17:42 GSD insert 第 1 次 等待 3 秒
2021-07-25 00:17:45 {"status":"ok","gid":383155,"msg":"添加成功！"}

