2024-11-05 00:14:51 开始第 3245 次操作

2024-11-05 00:14:51 开始操作号码 【1333244】
2024-11-05 00:14:53 GSD getOne 第 1 次 等待 3 秒
2024-11-05 00:14:56 查询号码 【1333244】，返回信息 {"status":"ok","msg":"辽宁-沈阳","gid":"106009","time_insert":"2021-06-19 12:04"}
2024-11-05 00:14:56 查询号码 【1333244】，GSD为【"辽宁-沈阳"】

2024-11-05 00:14:57 开始第 3246 次操作

2024-11-05 00:14:57 开始操作号码 【1333245】
2024-11-05 00:14:58 GSD getOne 第 1 次 等待 3 秒
2024-11-05 00:15:01 查询号码 【1333245】，返回信息 {"status":"ok","msg":"辽宁-沈阳","gid":"106039","time_insert":"2021-06-19 12:28"}
2024-11-05 00:15:01 查询号码 【1333245】，GSD为【"辽宁-沈阳"】

2024-11-05 00:15:02 开始第 3247 次操作

2024-11-05 00:15:02 开始操作号码 【1333246】
2024-11-05 00:15:03 GSD getOne 第 1 次 等待 3 秒
2024-11-05 00:15:06 查询号码 【1333246】，返回信息 {"status":"ok","msg":"辽宁-沈阳","gid":"106057","time_insert":"2021-06-19 12:44"}
2024-11-05 00:15:06 查询号码 【1333246】，GSD为【"辽宁-沈阳"】

2024-11-05 00:15:07 开始第 3248 次操作

2024-11-05 00:15:07 开始操作号码 【1333247】
2024-11-05 00:15:08 GSD getOne 第 1 次 等待 3 秒
2024-11-05 00:15:11 查询号码 【1333247】，返回信息 {"status":"ok","msg":"辽宁-沈阳","gid":"106084","time_insert":"2021-06-19 13:10"}
2024-11-05 00:15:11 查询号码 【1333247】，GSD为【"辽宁-沈阳"】

2024-11-05 00:41:57 开始第 3249 次操作

2024-11-05 00:41:57 开始操作号码 【1333248】
2024-11-05 00:41:58 GSD getOne 第 1 次 等待 3 秒
2024-11-05 00:42:01 查询号码 【1333248】，返回信息 {"status":"ok","msg":"辽宁-沈阳","gid":"106109","time_insert":"2021-06-19 13:33"}
2024-11-05 00:42:01 查询号码 【1333248】，GSD为【"辽宁-沈阳"】

2024-11-05 00:42:02 开始第 3250 次操作

2024-11-05 00:42:02 开始操作号码 【1333249】
2024-11-05 00:42:04 GSD getOne 第 1 次 等待 3 秒
2024-11-05 00:42:07 查询号码 【1333249】，返回信息 {"status":"ok","msg":"辽宁-沈阳","gid":"106133","time_insert":"2021-06-19 13:52"}
2024-11-05 00:42:07 查询号码 【1333249】，GSD为【"辽宁-沈阳"】

2024-11-05 00:42:08 开始第 3251 次操作

2024-11-05 00:42:08 开始操作号码 【1333250】
2024-11-05 00:42:09 GSD getOne 第 1 次 等待 3 秒
2024-11-05 00:42:12 查询号码 【1333250】，返回信息 {"status":"ok","msg":"湖南-岳阳","gid":"3106","time_insert":"2020-04-21 14:28","time_update":"2020-09-21 20:08"}
2024-11-05 00:42:12 查询号码 【1333250】，GSD为【"湖南-岳阳"】

2024-11-05 00:42:13 开始第 3252 次操作

2024-11-05 00:42:13 开始操作号码 【1333251】
2024-11-05 00:42:15 GSD getOne 第 1 次 等待 3 秒
2024-11-05 00:42:18 查询号码 【1333251】，返回信息 {"status":"ok","msg":"湖南-长沙","gid":"106171","time_insert":"2021-06-19 14:23"}
2024-11-05 00:42:18 查询号码 【1333251】，GSD为【"湖南-长沙"】

2024-11-05 01:11:03 开始第 3253 次操作

2024-11-05 01:11:03 开始操作号码 【1333252】
2024-11-05 01:11:04 GSD getOne 第 1 次 等待 3 秒
2024-11-05 01:11:07 查询号码 【1333252】，返回信息 {"status":"ok","msg":"湖南-湘潭","gid":"106192","time_insert":"2021-06-19 14:44"}
2024-11-05 01:11:07 查询号码 【1333252】，GSD为【"湖南-湘潭"】

2024-11-05 01:11:08 开始第 3254 次操作

2024-11-05 01:11:08 开始操作号码 【1333253】
2024-11-05 01:11:09 GSD getOne 第 1 次 等待 3 秒
2024-11-05 01:11:12 查询号码 【1333253】，返回信息 {"status":"ok","msg":"湖南-株洲","gid":"106228","time_insert":"2021-06-19 15:11"}
2024-11-05 01:11:12 查询号码 【1333253】，GSD为【"湖南-株洲"】

2024-11-05 01:11:13 开始第 3255 次操作

2024-11-05 01:11:13 开始操作号码 【1333254】
2024-11-05 01:11:14 GSD getOne 第 1 次 等待 3 秒
2024-11-05 01:11:17 查询号码 【1333254】，返回信息 {"status":"ok","msg":"湖南-衡阳","gid":"106247","time_insert":"2021-06-19 15:29"}
2024-11-05 01:11:17 查询号码 【1333254】，GSD为【"湖南-衡阳"】

2024-11-05 01:11:18 开始第 3256 次操作

2024-11-05 01:11:18 开始操作号码 【1333255】
2024-11-05 01:11:19 GSD getOne 第 1 次 等待 3 秒
2024-11-05 01:11:22 查询号码 【1333255】，返回信息 {"status":"ok","msg":"湖南-郴州","gid":"106282","time_insert":"2021-06-19 15:56"}
2024-11-05 01:11:22 查询号码 【1333255】，GSD为【"湖南-郴州"】

2024-11-05 01:36:12 开始第 3257 次操作

2024-11-05 01:36:12 开始操作号码 【1333256】
2024-11-05 01:36:13 GSD getOne 第 1 次 等待 3 秒
2024-11-05 01:36:16 查询号码 【1333256】，返回信息 {"status":"ok","msg":"湖南-常德","gid":"106324","time_insert":"2021-06-19 16:24"}
2024-11-05 01:36:16 查询号码 【1333256】，GSD为【"湖南-常德"】

2024-11-05 01:36:17 开始第 3258 次操作

2024-11-05 01:36:17 开始操作号码 【1333257】
2024-11-05 01:36:19 GSD getOne 第 1 次 等待 3 秒
2024-11-05 01:36:22 查询号码 【1333257】，返回信息 {"status":"ok","msg":"湖南-益阳","gid":"106359","time_insert":"2021-06-19 16:47","time_update":"2021-06-19 17:01"}
2024-11-05 01:36:22 查询号码 【1333257】，GSD为【"湖南-益阳"】

2024-11-05 01:36:23 开始第 3259 次操作

2024-11-05 01:36:23 开始操作号码 【1333258】
2024-11-05 01:36:24 GSD getOne 第 1 次 等待 3 秒
2024-11-05 01:36:27 查询号码 【1333258】，返回信息 {"status":"ok","msg":"湖南-娄底","gid":"106389","time_insert":"2021-06-19 17:09"}
2024-11-05 01:36:27 查询号码 【1333258】，GSD为【"湖南-娄底"】

2024-11-05 01:36:28 开始第 3260 次操作

2024-11-05 01:36:28 开始操作号码 【1333259】
2024-11-05 01:36:29 GSD getOne 第 1 次 等待 3 秒
2024-11-05 01:36:32 查询号码 【1333259】，返回信息 {"status":"ok","msg":"湖南-邵阳","gid":"106435","time_insert":"2021-06-19 17:37"}
2024-11-05 01:36:32 查询号码 【1333259】，GSD为【"湖南-邵阳"】

2024-11-05 02:15:57 开始第 3261 次操作

2024-11-05 02:15:57 开始操作号码 【1333260】
2024-11-05 02:15:58 GSD getOne 第 1 次 等待 3 秒
2024-11-05 02:16:01 查询号码 【1333260】，返回信息 {"status":"ok","msg":"广东-东莞","gid":"106465","time_insert":"2021-06-19 17:57"}
2024-11-05 02:16:01 查询号码 【1333260】，GSD为【"广东-东莞"】

2024-11-05 02:16:02 开始第 3262 次操作

2024-11-05 02:16:02 开始操作号码 【1333261】
2024-11-05 02:16:03 GSD getOne 第 1 次 等待 3 秒
2024-11-05 02:16:06 查询号码 【1333261】，返回信息 {"status":"ok","msg":"广东-东莞","gid":"106502","time_insert":"2021-06-19 18:24"}
2024-11-05 02:16:06 查询号码 【1333261】，GSD为【"广东-东莞"】

2024-11-05 02:16:07 开始第 3263 次操作

2024-11-05 02:16:07 开始操作号码 【1333262】
2024-11-05 02:16:08 GSD getOne 第 1 次 等待 3 秒
2024-11-05 02:16:11 查询号码 【1333262】，返回信息 {"status":"ok","msg":"广东-东莞","gid":"106524","time_insert":"2021-06-19 18:41"}
2024-11-05 02:16:11 查询号码 【1333262】，GSD为【"广东-东莞"】

2024-11-05 02:16:12 开始第 3264 次操作

2024-11-05 02:16:12 开始操作号码 【1333263】
2024-11-05 02:16:13 GSD getOne 第 1 次 等待 3 秒
2024-11-05 02:16:16 查询号码 【1333263】，返回信息 {"status":"ok","msg":"广东-东莞","gid":"82460","time_insert":"2021-06-06 08:32","time_update":"2021-06-06 08:50"}
2024-11-05 02:16:16 查询号码 【1333263】，GSD为【"广东-东莞"】

2024-11-05 02:41:11 开始第 3265 次操作

2024-11-05 02:41:11 开始操作号码 【1333264】
2024-11-05 02:41:12 GSD getOne 第 1 次 等待 3 秒
2024-11-05 02:41:15 查询号码 【1333264】，返回信息 {"status":"ok","msg":"广东-东莞","gid":"106559","time_insert":"2021-06-19 19:05"}
2024-11-05 02:41:15 查询号码 【1333264】，GSD为【"广东-东莞"】

2024-11-05 02:41:16 开始第 3266 次操作

2024-11-05 02:41:16 开始操作号码 【1333265】
2024-11-05 02:41:17 GSD getOne 第 1 次 等待 3 秒
2024-11-05 02:41:20 查询号码 【1333265】，返回信息 {"status":"ok","msg":"广东-东莞","gid":"3107","time_insert":"2015-03-01 15:25","time_update":"2020-09-25 05:16"}
2024-11-05 02:41:20 查询号码 【1333265】，GSD为【"广东-东莞"】

2024-11-05 02:41:21 开始第 3267 次操作

2024-11-05 02:41:21 开始操作号码 【1333266】
2024-11-05 02:41:23 GSD getOne 第 1 次 等待 3 秒
2024-11-05 02:41:26 查询号码 【1333266】，返回信息 {"status":"ok","msg":"广东-东莞","gid":"106589","time_insert":"2021-06-19 19:27"}
2024-11-05 02:41:26 查询号码 【1333266】，GSD为【"广东-东莞"】

2024-11-05 02:41:27 开始第 3268 次操作

2024-11-05 02:41:27 开始操作号码 【1333267】
2024-11-05 02:41:28 GSD getOne 第 1 次 等待 3 秒
2024-11-05 02:41:31 查询号码 【1333267】，返回信息 {"status":"ok","msg":"广东-东莞","gid":"106635","time_insert":"2021-06-19 19:56"}
2024-11-05 02:41:31 查询号码 【1333267】，GSD为【"广东-东莞"】

2024-11-05 03:10:57 开始第 3269 次操作

2024-11-05 03:10:57 开始操作号码 【1333268】
2024-11-05 03:10:58 GSD getOne 第 1 次 等待 3 秒
2024-11-05 03:11:01 查询号码 【1333268】，返回信息 {"status":"ok","msg":"广东-东莞","gid":"3108","time_insert":"2019-05-06 17:13","time_update":"2020-09-25 05:21"}
2024-11-05 03:11:01 查询号码 【1333268】，GSD为【"广东-东莞"】

2024-11-05 03:11:02 开始第 3270 次操作

2024-11-05 03:11:02 开始操作号码 【1333269】
2024-11-05 03:11:03 GSD getOne 第 1 次 等待 3 秒
2024-11-05 03:11:06 查询号码 【1333269】，返回信息 {"status":"ok","msg":"广东-东莞","gid":"106677","time_insert":"2021-06-19 20:27"}
2024-11-05 03:11:06 查询号码 【1333269】，GSD为【"广东-东莞"】

2024-11-05 03:11:07 开始第 3271 次操作

2024-11-05 03:11:07 开始操作号码 【1333270】
2024-11-05 03:11:08 GSD getOne 第 1 次 等待 3 秒
2024-11-05 03:11:11 查询号码 【1333270】，返回信息 {"status":"ok","msg":"广东-梅州","gid":"106714","time_insert":"2021-06-19 20:55"}
2024-11-05 03:11:11 查询号码 【1333270】，GSD为【"广东-梅州"】

2024-11-05 03:11:12 开始第 3272 次操作

2024-11-05 03:11:12 开始操作号码 【1333271】
2024-11-05 03:11:13 GSD getOne 第 1 次 等待 3 秒
2024-11-05 03:11:16 查询号码 【1333271】，返回信息 {"status":"ok","msg":"广东-梅州","gid":"106753","time_insert":"2021-06-19 21:19"}
2024-11-05 03:11:16 查询号码 【1333271】，GSD为【"广东-梅州"】

2024-11-05 03:34:16 开始第 3273 次操作

2024-11-05 03:34:16 开始操作号码 【1333272】
2024-11-05 03:34:17 GSD getOne 第 1 次 等待 3 秒
2024-11-05 03:34:20 查询号码 【1333272】，返回信息 {"status":"ok","msg":"广东-梅州","gid":"106792","time_insert":"2021-06-19 21:42"}
2024-11-05 03:34:20 查询号码 【1333272】，GSD为【"广东-梅州"】

2024-11-05 03:34:21 开始第 3274 次操作

2024-11-05 03:34:21 开始操作号码 【1333273】
2024-11-05 03:34:22 GSD getOne 第 1 次 等待 3 秒
2024-11-05 03:34:25 查询号码 【1333273】，返回信息 {"status":"ok","msg":"广东-梅州","gid":"106870","time_insert":"2021-06-19 22:05"}
2024-11-05 03:34:25 查询号码 【1333273】，GSD为【"广东-梅州"】

2024-11-05 03:34:26 开始第 3275 次操作

2024-11-05 03:34:26 开始操作号码 【1333274】
2024-11-05 03:34:27 GSD getOne 第 1 次 等待 3 秒
2024-11-05 03:34:30 查询号码 【1333274】，返回信息 {"status":"ok","msg":"广东-梅州","gid":"106970","time_insert":"2021-06-19 22:31"}
2024-11-05 03:34:30 查询号码 【1333274】，GSD为【"广东-梅州"】

2024-11-05 03:34:31 开始第 3276 次操作

2024-11-05 03:34:31 开始操作号码 【1333275】
2024-11-05 03:34:32 GSD getOne 第 1 次 等待 3 秒
2024-11-05 03:34:35 查询号码 【1333275】，返回信息 {"status":"ok","msg":"广东-梅州","gid":"107003","time_insert":"2021-06-19 22:54"}
2024-11-05 03:34:35 查询号码 【1333275】，GSD为【"广东-梅州"】

2024-11-05 04:12:52 开始第 3277 次操作

2024-11-05 04:12:52 开始操作号码 【1333276】
2024-11-05 04:12:53 GSD getOne 第 1 次 等待 3 秒
2024-11-05 04:12:56 查询号码 【1333276】，返回信息 {"status":"ok","msg":"广东-河源","gid":"107027","time_insert":"2021-06-19 23:11"}
2024-11-05 04:12:56 查询号码 【1333276】，GSD为【"广东-河源"】

2024-11-05 04:12:57 开始第 3278 次操作

2024-11-05 04:12:57 开始操作号码 【1333277】
2024-11-05 04:12:58 GSD getOne 第 1 次 等待 3 秒
2024-11-05 04:13:01 查询号码 【1333277】，返回信息 {"status":"ok","msg":"广东-潮州","gid":"107064","time_insert":"2021-06-19 23:39"}
2024-11-05 04:13:01 查询号码 【1333277】，GSD为【"广东-潮州"】

2024-11-05 04:13:02 开始第 3279 次操作

2024-11-05 04:13:02 开始操作号码 【1333278】
2024-11-05 04:13:03 GSD getOne 第 1 次 等待 3 秒
2024-11-05 04:13:06 查询号码 【1333278】，返回信息 {"status":"ok","msg":"广东-潮州","gid":"107095","time_insert":"2021-06-19 23:56"}
2024-11-05 04:13:06 查询号码 【1333278】，GSD为【"广东-潮州"】

2024-11-05 04:13:07 开始第 3280 次操作

2024-11-05 04:13:07 开始操作号码 【1333279】
2024-11-05 04:13:08 GSD getOne 第 1 次 等待 3 秒
2024-11-05 04:13:11 查询号码 【1333279】，返回信息 {"status":"ok","msg":"广东-潮州","gid":"50023","time_insert":"2021-04-21 14:56"}
2024-11-05 04:13:11 查询号码 【1333279】，GSD为【"广东-潮州"】

2024-11-05 04:35:18 开始第 3281 次操作

2024-11-05 04:35:18 开始操作号码 【1333280】
2024-11-05 04:35:20 GSD getOne 第 1 次 等待 3 秒
2024-11-05 04:35:23 查询号码 【1333280】，返回信息 {"status":"ok","msg":"广东-广州","gid":"107141","time_insert":"2021-06-20 00:20"}
2024-11-05 04:35:23 查询号码 【1333280】，GSD为【"广东-广州"】

2024-11-05 04:35:24 开始第 3282 次操作

2024-11-05 04:35:24 开始操作号码 【1333281】
2024-11-05 04:35:25 GSD getOne 第 1 次 等待 3 秒
2024-11-05 04:35:28 查询号码 【1333281】，返回信息 {"status":"ok","msg":"广东-广州","gid":"107181","time_insert":"2021-06-20 00:45"}
2024-11-05 04:35:28 查询号码 【1333281】，GSD为【"广东-广州"】

2024-11-05 04:35:29 开始第 3283 次操作

2024-11-05 04:35:29 开始操作号码 【1333282】
2024-11-05 04:35:30 GSD getOne 第 1 次 等待 3 秒
2024-11-05 04:35:33 查询号码 【1333282】，返回信息 {"status":"ok","msg":"广东-广州","gid":"107212","time_insert":"2021-06-20 01:02"}
2024-11-05 04:35:33 查询号码 【1333282】，GSD为【"广东-广州"】

2024-11-05 04:35:34 开始第 3284 次操作

2024-11-05 04:35:34 开始操作号码 【1333283】
2024-11-05 04:35:35 GSD getOne 第 1 次 等待 3 秒
2024-11-05 04:35:38 查询号码 【1333283】，返回信息 {"status":"ok","msg":"广东-广州","gid":"3109","time_insert":"2016-02-01 15:48","time_update":"2020-09-25 05:25"}
2024-11-05 04:35:38 查询号码 【1333283】，GSD为【"广东-广州"】

2024-11-05 05:10:48 开始第 3285 次操作

2024-11-05 05:10:48 开始操作号码 【1333284】
2024-11-05 05:10:49 GSD getOne 第 1 次 等待 3 秒
2024-11-05 05:10:52 查询号码 【1333284】，返回信息 {"status":"ok","msg":"广东-广州","gid":"107248","time_insert":"2021-06-20 01:27"}
2024-11-05 05:10:52 查询号码 【1333284】，GSD为【"广东-广州"】

2024-11-05 05:10:54 开始第 3286 次操作

2024-11-05 05:10:54 开始操作号码 【1333285】
2024-11-05 05:10:55 GSD getOne 第 1 次 等待 3 秒
2024-11-05 05:10:58 查询号码 【1333285】，返回信息 {"status":"ok","msg":"广东-广州","gid":"107280","time_insert":"2021-06-20 01:48"}
2024-11-05 05:10:58 查询号码 【1333285】，GSD为【"广东-广州"】

2024-11-05 05:10:59 开始第 3287 次操作

2024-11-05 05:10:59 开始操作号码 【1333286】
2024-11-05 05:11:00 GSD getOne 第 1 次 等待 3 秒
2024-11-05 05:11:03 查询号码 【1333286】，返回信息 {"status":"ok","msg":"广东-广州","gid":"107321","time_insert":"2021-06-20 02:13"}
2024-11-05 05:11:03 查询号码 【1333286】，GSD为【"广东-广州"】

2024-11-05 05:11:04 开始第 3288 次操作

2024-11-05 05:11:04 开始操作号码 【1333287】
2024-11-05 05:11:05 GSD getOne 第 1 次 等待 3 秒
2024-11-05 05:11:08 查询号码 【1333287】，返回信息 {"status":"ok","msg":"广东-广州","gid":"107366","time_insert":"2021-06-20 02:41"}
2024-11-05 05:11:08 查询号码 【1333287】，GSD为【"广东-广州"】

2024-11-05 05:34:47 开始第 3289 次操作

2024-11-05 05:34:47 开始操作号码 【1333288】
2024-11-05 05:34:49 GSD getOne 第 1 次 等待 3 秒
2024-11-05 05:34:52 查询号码 【1333288】，返回信息 {"status":"ok","msg":"广东-广州","gid":"107396","time_insert":"2021-06-20 03:01"}
2024-11-05 05:34:52 查询号码 【1333288】，GSD为【"广东-广州"】

2024-11-05 05:34:53 开始第 3290 次操作

2024-11-05 05:34:53 开始操作号码 【1333289】
2024-11-05 05:34:54 GSD getOne 第 1 次 等待 3 秒
2024-11-05 05:34:57 查询号码 【1333289】，返回信息 {"status":"ok","msg":"广东-广州","gid":"107434","time_insert":"2021-06-20 03:25"}
2024-11-05 05:34:57 查询号码 【1333289】，GSD为【"广东-广州"】

2024-11-05 05:34:58 开始第 3291 次操作

2024-11-05 05:34:58 开始操作号码 【1333290】
2024-11-05 05:34:58 GSD getOne 第 1 次 等待 3 秒
2024-11-05 05:35:01 查询号码 【1333290】，返回信息 {"status":"ok","msg":"广东-深圳","gid":"107476","time_insert":"2021-06-20 03:50"}
2024-11-05 05:35:02 查询号码 【1333290】，GSD为【"广东-深圳"】

2024-11-05 05:35:03 开始第 3292 次操作

2024-11-05 05:35:03 开始操作号码 【1333291】
2024-11-05 05:35:03 GSD getOne 第 1 次 等待 3 秒
2024-11-05 05:35:06 查询号码 【1333291】，返回信息 {"status":"ok","msg":"广东-深圳","gid":"107508","time_insert":"2021-06-20 04:11"}
2024-11-05 05:35:06 查询号码 【1333291】，GSD为【"广东-深圳"】

