2023-10-09 00:09:46 开始第 2325 次操作

2023-10-09 00:09:46 开始操作号码 【1982324】
2023-10-09 00:09:58 GSD getOne 第 1 次 等待 3 秒
2023-10-09 00:10:01 查询号码 【1982324】，返回信息 {"status":"ok","msg":"重庆-涪陵","gid":"498154","time_insert":"2021-08-07 01:59"}
2023-10-09 00:10:02 查询号码 【1982324】，GSD为【"重庆-涪陵"】

2023-10-09 00:10:03 开始第 2326 次操作

2023-10-09 00:10:03 开始操作号码 【1982325】
2023-10-09 00:10:06 GSD getOne 第 1 次 等待 3 秒
2023-10-09 00:10:09 查询号码 【1982325】，返回信息 {"status":"ok","msg":"重庆-涪陵","gid":"498160","time_insert":"2021-08-07 02:07"}
2023-10-09 00:10:09 查询号码 【1982325】，GSD为【"重庆-涪陵"】

2023-10-09 00:10:10 开始第 2327 次操作

2023-10-09 00:10:10 开始操作号码 【1982326】
2023-10-09 00:10:12 GSD getOne 第 1 次 等待 3 秒
2023-10-09 00:10:15 查询号码 【1982326】，返回信息 {"status":"ok","msg":"重庆-涪陵","gid":"498162","time_insert":"2021-08-07 02:09"}
2023-10-09 00:10:15 查询号码 【1982326】，GSD为【"重庆-涪陵"】

2023-10-09 00:10:16 开始第 2328 次操作

2023-10-09 00:10:16 开始操作号码 【1982327】
2023-10-09 00:10:21 GSD getOne 第 1 次 等待 3 秒
2023-10-09 00:10:24 查询号码 【1982327】，返回信息 {"status":"ok","msg":"重庆-涪陵","gid":"498165","time_insert":"2021-08-07 02:17"}
2023-10-09 00:10:25 查询号码 【1982327】，GSD为【"重庆-涪陵"】

2023-10-09 00:34:13 开始第 2329 次操作

2023-10-09 00:34:13 开始操作号码 【1982328】
2023-10-09 00:34:24 GSD getOne 第 1 次 等待 3 秒
2023-10-09 00:34:27 查询号码 【1982328】，返回信息 {"status":"ok","msg":"重庆-涪陵","gid":"498166","time_insert":"2021-08-07 02:19"}
2023-10-09 00:34:27 查询号码 【1982328】，GSD为【"重庆-涪陵"】

2023-10-09 00:34:28 开始第 2330 次操作

2023-10-09 00:34:28 开始操作号码 【1982329】
2023-10-09 00:34:35 GSD getOne 第 1 次 等待 3 秒
2023-10-09 00:34:38 查询号码 【1982329】，返回信息 {"status":"ok","msg":"重庆-涪陵","gid":"498171","time_insert":"2021-08-07 02:26"}
2023-10-09 00:34:38 查询号码 【1982329】，GSD为【"重庆-涪陵"】

2023-10-09 00:34:39 开始第 2331 次操作

2023-10-09 00:34:39 开始操作号码 【1982330】
2023-10-09 00:34:43 GSD getOne 第 1 次 等待 3 秒
2023-10-09 00:34:46 查询号码 【1982330】，返回信息 {"status":"ok","msg":"重庆-重庆","gid":"498173","time_insert":"2021-08-07 02:28"}
2023-10-09 00:34:46 查询号码 【1982330】，GSD为【"重庆-重庆"】

2023-10-09 00:34:47 开始第 2332 次操作

2023-10-09 00:34:47 开始操作号码 【1982331】
2023-10-09 00:34:51 GSD getOne 第 1 次 等待 3 秒
2023-10-09 00:34:54 查询号码 【1982331】，返回信息 {"status":"ok","msg":"重庆-重庆","gid":"498177","time_insert":"2021-08-07 02:36"}
2023-10-09 00:34:54 查询号码 【1982331】，GSD为【"重庆-重庆"】

