2024-02-19 00:10:15 开始第 4561 次操作

2024-02-19 00:10:15 开始操作号码 【1774474】
2024-02-19 00:10:22 GSD getOne 第 1 次 等待 3 秒
2024-02-19 00:10:25 查询号码 【1774474】，返回信息 {"status":"ok","msg":"河南-周口","gid":"262148","time_insert":"2021-07-13 03:47"}
2024-02-19 00:10:26 查询号码 【1774474】，GSD为【"河南-周口"】

2024-02-19 00:10:27 开始第 4562 次操作

2024-02-19 00:10:27 开始操作号码 【1774475】
2024-02-19 00:10:32 GSD getOne 第 1 次 等待 3 秒
2024-02-19 00:10:35 查询号码 【1774475】，返回信息 {"status":"ok","msg":"河南-漯河","gid":"262140","time_insert":"2021-07-13 03:47"}
2024-02-19 00:10:35 查询号码 【1774475】，GSD为【"河南-漯河"】

2024-02-19 00:10:36 开始第 4563 次操作

2024-02-19 00:10:36 开始操作号码 【1774476】
2024-02-19 00:10:40 GSD getOne 第 1 次 等待 3 秒
2024-02-19 00:10:43 查询号码 【1774476】，返回信息 {"status":"ok","msg":"河南-三门峡","gid":"262126","time_insert":"2021-07-13 03:46"}
2024-02-19 00:10:43 查询号码 【1774476】，GSD为【"河南-三门峡"】

2024-02-19 00:10:44 开始第 4564 次操作

2024-02-19 00:10:44 开始操作号码 【1774477】
2024-02-19 00:10:51 GSD getOne 第 1 次 等待 3 秒
2024-02-19 00:10:54 查询号码 【1774477】，返回信息 {"status":"ok","msg":"河南-南阳","gid":"262110","time_insert":"2021-07-13 03:45"}
2024-02-19 00:10:54 查询号码 【1774477】，GSD为【"河南-南阳"】

2024-02-19 00:35:03 开始第 4565 次操作

2024-02-19 00:35:03 开始操作号码 【1774478】
2024-02-19 00:35:09 GSD getOne 第 1 次 等待 3 秒
2024-02-19 00:35:12 查询号码 【1774478】，返回信息 {"status":"ok","msg":"河南-洛阳","gid":"262095","time_insert":"2021-07-13 03:45"}
2024-02-19 00:35:12 查询号码 【1774478】，GSD为【"河南-洛阳"】

2024-02-19 00:35:13 开始第 4566 次操作

2024-02-19 00:35:13 开始操作号码 【1774479】
2024-02-19 00:35:18 GSD getOne 第 1 次 等待 3 秒
2024-02-19 00:35:21 查询号码 【1774479】，返回信息 {"status":"ok","msg":"河南-濮阳","gid":"262084","time_insert":"2021-07-13 03:44"}
2024-02-19 00:35:21 查询号码 【1774479】，GSD为【"河南-濮阳"】

2024-02-19 00:35:22 开始第 4567 次操作

2024-02-19 00:35:22 开始操作号码 【1774480】
2024-02-19 00:35:27 GSD getOne 第 1 次 等待 3 秒
2024-02-19 00:35:30 查询号码 【1774480】，返回信息 {"status":"ok","msg":"海南-海口","gid":"262070","time_insert":"2021-07-13 03:43"}
2024-02-19 00:35:30 查询号码 【1774480】，GSD为【"海南-海口"】

2024-02-19 00:35:31 开始第 4568 次操作

2024-02-19 00:35:31 开始操作号码 【1774481】
2024-02-19 00:35:36 GSD getOne 第 1 次 等待 3 秒
2024-02-19 00:35:39 查询号码 【1774481】，返回信息 {"status":"ok","msg":"海南-海口","gid":"262058","time_insert":"2021-07-13 03:42"}
2024-02-19 00:35:39 查询号码 【1774481】，GSD为【"海南-海口"】

2024-02-19 01:06:58 开始第 4569 次操作

2024-02-19 01:06:58 开始操作号码 【1774482】
2024-02-19 01:07:03 GSD getOne 第 1 次 等待 3 秒
2024-02-19 01:07:06 查询号码 【1774482】，返回信息 {"status":"ok","msg":"海南-海口","gid":"262043","time_insert":"2021-07-13 03:42"}
2024-02-19 01:07:06 查询号码 【1774482】，GSD为【"海南-海口"】

2024-02-19 01:07:07 开始第 4570 次操作

2024-02-19 01:07:07 开始操作号码 【1774483】
2024-02-19 01:07:13 GSD getOne 第 1 次 等待 3 秒
2024-02-19 01:07:16 查询号码 【1774483】，返回信息 {"status":"ok","msg":"海南-海口","gid":"262028","time_insert":"2021-07-13 03:41"}
2024-02-19 01:07:16 查询号码 【1774483】，GSD为【"海南-海口"】

2024-02-19 01:07:17 开始第 4571 次操作

2024-02-19 01:07:17 开始操作号码 【1774484】
2024-02-19 01:07:21 GSD getOne 第 1 次 等待 3 秒
2024-02-19 01:07:24 查询号码 【1774484】，返回信息 {"status":"ok","msg":"海南-海口","gid":"262013","time_insert":"2021-07-13 03:40"}
2024-02-19 01:07:24 查询号码 【1774484】，GSD为【"海南-海口"】

2024-02-19 01:07:25 开始第 4572 次操作

2024-02-19 01:07:25 开始操作号码 【1774485】
2024-02-19 01:07:31 GSD getOne 第 1 次 等待 3 秒
2024-02-19 01:07:34 查询号码 【1774485】，返回信息 {"status":"ok","msg":"海南-海口","gid":"261997","time_insert":"2021-07-13 03:40"}
2024-02-19 01:07:34 查询号码 【1774485】，GSD为【"海南-海口"】

2024-02-19 01:33:03 开始第 4573 次操作

2024-02-19 01:33:03 开始操作号码 【1774486】
2024-02-19 01:33:07 GSD getOne 第 1 次 等待 3 秒
2024-02-19 01:33:10 查询号码 【1774486】，返回信息 {"status":"ok","msg":"海南-海口","gid":"261984","time_insert":"2021-07-13 03:39"}
2024-02-19 01:33:10 查询号码 【1774486】，GSD为【"海南-海口"】

2024-02-19 01:33:11 开始第 4574 次操作

2024-02-19 01:33:11 开始操作号码 【1774487】
2024-02-19 01:33:16 GSD getOne 第 1 次 等待 3 秒
2024-02-19 01:33:19 查询号码 【1774487】，返回信息 {"status":"ok","msg":"海南-海口","gid":"261969","time_insert":"2021-07-13 03:38"}
2024-02-19 01:33:19 查询号码 【1774487】，GSD为【"海南-海口"】

2024-02-19 01:33:20 开始第 4575 次操作

2024-02-19 01:33:20 开始操作号码 【1774488】
2024-02-19 01:33:25 GSD getOne 第 1 次 等待 3 秒
2024-02-19 01:33:28 查询号码 【1774488】，返回信息 {"status":"ok","msg":"海南-海口","gid":"261953","time_insert":"2021-07-13 03:37"}
2024-02-19 01:33:28 查询号码 【1774488】，GSD为【"海南-海口"】

2024-02-19 01:33:29 开始第 4576 次操作

2024-02-19 01:33:29 开始操作号码 【1774489】
2024-02-19 01:33:33 GSD getOne 第 1 次 等待 3 秒
2024-02-19 01:33:36 查询号码 【1774489】，返回信息 {"status":"ok","msg":"海南-海口","gid":"261940","time_insert":"2021-07-13 03:37"}
2024-02-19 01:33:36 查询号码 【1774489】，GSD为【"海南-海口"】

