2024-06-25 00:11:44 开始第 3045 次操作

2024-06-25 00:11:44 开始操作号码 【1552958】
2024-06-25 00:12:07 GSD getOne 第 1 次 等待 3 秒
2024-06-25 00:12:10 查询号码 【1552958】，返回信息 {"status":"ok","msg":"陕西-西安","gid":"210498","time_insert":"2021-07-07 01:40"}
2024-06-25 00:12:10 查询号码 【1552958】，GSD为【"陕西-西安"】

2024-06-25 00:12:11 开始第 3046 次操作

2024-06-25 00:12:11 开始操作号码 【1552959】
2024-06-25 00:12:26 GSD getOne 第 1 次 等待 3 秒
2024-06-25 00:12:29 查询号码 【1552959】，返回信息 {"status":"ok","msg":"陕西-西安","gid":"210719","time_insert":"2021-07-07 01:56"}
2024-06-25 00:12:29 查询号码 【1552959】，GSD为【"陕西-西安"】

2024-06-25 00:12:30 开始第 3047 次操作

2024-06-25 00:12:30 开始操作号码 【1552960】
2024-06-25 00:12:57 GSD getOne 第 1 次 等待 3 秒
2024-06-25 00:13:00 查询号码 【1552960】，返回信息 {"status":"ok","msg":"陕西-西安","gid":"210797","time_insert":"2021-07-07 02:13"}
2024-06-25 00:13:00 查询号码 【1552960】，GSD为【"陕西-西安"】

2024-06-25 00:13:01 开始第 3048 次操作

2024-06-25 00:13:01 开始操作号码 【1552961】
2024-06-25 00:13:15 GSD getOne 第 1 次 等待 3 秒
2024-06-25 00:13:18 查询号码 【1552961】，返回信息 {"status":"ok","msg":"陕西-西安","gid":"210826","time_insert":"2021-07-07 02:30"}
2024-06-25 00:13:18 查询号码 【1552961】，GSD为【"陕西-西安"】

