2024-08-01 00:12:24 开始第 9737 次操作

2024-08-01 00:12:24 开始操作号码 【1559646】
2024-08-01 00:12:33 GSD getOne 第 1 次 等待 3 秒
2024-08-01 00:12:36 查询号码 【1559646】，返回信息 {"status":"ok","msg":"陕西-咸阳","gid":"370150","time_insert":"2021-07-23 21:42"}
2024-08-01 00:12:36 查询号码 【1559646】，GSD为【"陕西-咸阳"】

2024-08-01 00:12:38 开始第 9738 次操作

2024-08-01 00:12:38 开始操作号码 【1559647】
2024-08-01 00:12:46 GSD getOne 第 1 次 等待 3 秒
2024-08-01 00:12:49 查询号码 【1559647】，返回信息 {"status":"ok","msg":"陕西-咸阳","gid":"370140","time_insert":"2021-07-23 21:41"}
2024-08-01 00:12:49 查询号码 【1559647】，GSD为【"陕西-咸阳"】

2024-08-01 00:12:50 开始第 9739 次操作

2024-08-01 00:12:50 开始操作号码 【1559648】
2024-08-01 00:12:59 GSD getOne 第 1 次 等待 3 秒
2024-08-01 00:13:02 查询号码 【1559648】，返回信息 {"status":"ok","msg":"陕西-铜川","gid":"370134","time_insert":"2021-07-23 21:41"}
2024-08-01 00:13:02 查询号码 【1559648】，GSD为【"陕西-铜川"】

2024-08-01 00:13:03 开始第 9740 次操作

2024-08-01 00:13:03 开始操作号码 【1559649】
2024-08-01 00:13:12 GSD getOne 第 1 次 等待 3 秒
2024-08-01 00:13:15 查询号码 【1559649】，返回信息 {"status":"ok","msg":"陕西-铜川","gid":"370126","time_insert":"2021-07-23 21:40"}
2024-08-01 00:13:15 查询号码 【1559649】，GSD为【"陕西-铜川"】

2024-08-01 00:38:30 开始第 9741 次操作

2024-08-01 00:38:30 开始操作号码 【1559650】
2024-08-01 00:38:39 GSD getOne 第 1 次 等待 3 秒
2024-08-01 00:38:42 查询号码 【1559650】，返回信息 {"status":"ok","msg":"陕西-榆林","gid":"370120","time_insert":"2021-07-23 21:40"}
2024-08-01 00:38:42 查询号码 【1559650】，GSD为【"陕西-榆林"】

2024-08-01 00:38:44 开始第 9742 次操作

2024-08-01 00:38:44 开始操作号码 【1559651】
2024-08-01 00:38:52 GSD getOne 第 1 次 等待 3 秒
2024-08-01 00:38:55 查询号码 【1559651】，返回信息 {"status":"ok","msg":"陕西-榆林","gid":"370111","time_insert":"2021-07-23 21:39"}
2024-08-01 00:38:55 查询号码 【1559651】，GSD为【"陕西-榆林"】

2024-08-01 00:38:56 开始第 9743 次操作

2024-08-01 00:38:56 开始操作号码 【1559652】
2024-08-01 00:39:05 GSD getOne 第 1 次 等待 3 秒
2024-08-01 00:39:08 查询号码 【1559652】，返回信息 {"status":"ok","msg":"陕西-榆林","gid":"370105","time_insert":"2021-07-23 21:38"}
2024-08-01 00:39:08 查询号码 【1559652】，GSD为【"陕西-榆林"】

2024-08-01 00:39:09 开始第 9744 次操作

2024-08-01 00:39:09 开始操作号码 【1559653】
2024-08-01 00:39:17 GSD getOne 第 1 次 等待 3 秒
2024-08-01 00:39:20 查询号码 【1559653】，返回信息 {"status":"ok","msg":"陕西-榆林","gid":"370098","time_insert":"2021-07-23 21:38","time_update":"2021-07-23 21:47"}
2024-08-01 00:39:20 查询号码 【1559653】，GSD为【"陕西-榆林"】

