2023-10-27 00:10:49 开始第 5429 次操作

2023-10-27 00:10:49 开始操作号码 【1985342】
2023-10-27 00:10:53 GSD getOne 第 1 次 等待 3 秒
2023-10-27 00:10:56 查询号码 【1985342】，返回信息 {"status":"ok","msg":"山东-德州","gid":"511651","time_insert":"2021-08-15 18:41"}
2023-10-27 00:10:56 查询号码 【1985342】，GSD为【"山东-德州"】

2023-10-27 00:10:57 开始第 5430 次操作

2023-10-27 00:10:57 开始操作号码 【1985343】
2023-10-27 00:11:22 GSD getOne 第 1 次 等待 3 秒
2023-10-27 00:11:25 查询号码 【1985343】，返回信息 {"status":"ok","msg":"山东-德州","gid":"511665","time_insert":"2021-08-15 18:52"}
2023-10-27 00:11:25 查询号码 【1985343】，GSD为【"山东-德州"】

2023-10-27 00:11:26 开始第 5431 次操作

2023-10-27 00:11:26 开始操作号码 【1985344】
2023-10-27 00:11:29 GSD getOne 第 1 次 等待 3 秒
2023-10-27 00:11:32 查询号码 【1985344】，返回信息 {"status":"ok","msg":"山东-德州","gid":"511686","time_insert":"2021-08-15 19:06"}
2023-10-27 00:11:32 查询号码 【1985344】，GSD为【"山东-德州"】

2023-10-27 00:11:33 开始第 5432 次操作

2023-10-27 00:11:33 开始操作号码 【1985345】
2023-10-27 00:11:38 GSD getOne 第 1 次 等待 3 秒
2023-10-27 00:11:41 查询号码 【1985345】，返回信息 {"status":"ok","msg":"山东-德州","gid":"511703","time_insert":"2021-08-15 19:18"}
2023-10-27 00:11:41 查询号码 【1985345】，GSD为【"山东-德州"】

2023-10-27 00:34:55 开始第 5433 次操作

2023-10-27 00:34:55 开始操作号码 【1985346】
2023-10-27 00:35:08 GSD getOne 第 1 次 等待 3 秒
2023-10-27 00:35:11 查询号码 【1985346】，返回信息 {"status":"ok","msg":"山东-德州","gid":"511717","time_insert":"2021-08-15 19:28"}
2023-10-27 00:35:11 查询号码 【1985346】，GSD为【"山东-德州"】

2023-10-27 00:35:12 开始第 5434 次操作

2023-10-27 00:35:12 开始操作号码 【1985347】
2023-10-27 00:35:15 GSD getOne 第 1 次 等待 3 秒
2023-10-27 00:35:18 查询号码 【1985347】，返回信息 {"status":"ok","msg":"山东-德州","gid":"511739","time_insert":"2021-08-15 19:42"}
2023-10-27 00:35:18 查询号码 【1985347】，GSD为【"山东-德州"】

2023-10-27 00:35:19 开始第 5435 次操作

2023-10-27 00:35:19 开始操作号码 【1985348】
2023-10-27 00:35:26 GSD getOne 第 1 次 等待 3 秒
2023-10-27 00:35:29 查询号码 【1985348】，返回信息 {"status":"ok","msg":"山东-德州","gid":"511759","time_insert":"2021-08-15 19:55"}
2023-10-27 00:35:29 查询号码 【1985348】，GSD为【"山东-德州"】

2023-10-27 00:35:30 开始第 5436 次操作

2023-10-27 00:35:30 开始操作号码 【1985349】
2023-10-27 00:35:33 GSD getOne 第 1 次 等待 3 秒
2023-10-27 00:35:36 查询号码 【1985349】，返回信息 {"status":"ok","msg":"山东-德州","gid":"511779","time_insert":"2021-08-15 20:08"}
2023-10-27 00:35:37 查询号码 【1985349】，GSD为【"山东-德州"】

