2023-10-29 00:09:36 开始第 5797 次操作

2023-10-29 00:09:36 开始操作号码 【1985710】
2023-10-29 00:10:00 GSD getOne 第 1 次 等待 3 秒
2023-10-29 00:10:03 查询号码 【1985710】，返回信息 {"status":"ok","msg":"浙江-杭州","gid":"511050","time_insert":"2021-08-15 11:46"}
2023-10-29 00:10:03 查询号码 【1985710】，GSD为【"浙江-杭州"】

2023-10-29 00:10:04 开始第 5798 次操作

2023-10-29 00:10:04 开始操作号码 【1985711】
2023-10-29 00:10:07 GSD getOne 第 1 次 等待 3 秒
2023-10-29 00:10:10 查询号码 【1985711】，返回信息 {"status":"ok","msg":"浙江-杭州","gid":"511070","time_insert":"2021-08-15 11:58"}
2023-10-29 00:10:10 查询号码 【1985711】，GSD为【"浙江-杭州"】

2023-10-29 00:10:11 开始第 5799 次操作

2023-10-29 00:10:11 开始操作号码 【1985712】
2023-10-29 00:10:23 GSD getOne 第 1 次 等待 3 秒
2023-10-29 00:10:26 查询号码 【1985712】，返回信息 {"status":"ok","msg":"浙江-杭州","gid":"511093","time_insert":"2021-08-15 12:13"}
2023-10-29 00:10:26 查询号码 【1985712】，GSD为【"浙江-杭州"】

2023-10-29 00:10:27 开始第 5800 次操作

2023-10-29 00:10:27 开始操作号码 【1985713】
2023-10-29 00:10:33 GSD getOne 第 1 次 等待 3 秒
2023-10-29 00:10:36 查询号码 【1985713】，返回信息 {"status":"ok","msg":"浙江-杭州","gid":"511112","time_insert":"2021-08-15 12:28"}
2023-10-29 00:10:36 查询号码 【1985713】，GSD为【"浙江-杭州"】

2023-10-29 00:34:38 开始第 5801 次操作

2023-10-29 00:34:38 开始操作号码 【1985714】
2023-10-29 00:34:45 GSD getOne 第 1 次 等待 3 秒
2023-10-29 00:34:48 查询号码 【1985714】，返回信息 {"status":"ok","msg":"浙江-杭州","gid":"511133","time_insert":"2021-08-15 12:42"}
2023-10-29 00:34:48 查询号码 【1985714】，GSD为【"浙江-杭州"】

2023-10-29 00:34:49 开始第 5802 次操作

2023-10-29 00:34:49 开始操作号码 【1985715】
2023-10-29 00:34:54 GSD getOne 第 1 次 等待 3 秒
2023-10-29 00:34:57 查询号码 【1985715】，返回信息 {"status":"ok","msg":"浙江-杭州","gid":"511151","time_insert":"2021-08-15 12:56"}
2023-10-29 00:34:57 查询号码 【1985715】，GSD为【"浙江-杭州"】

2023-10-29 00:34:58 开始第 5803 次操作

2023-10-29 00:34:58 开始操作号码 【1985716】
2023-10-29 00:35:05 GSD getOne 第 1 次 等待 3 秒
2023-10-29 00:35:08 查询号码 【1985716】，返回信息 {"status":"ok","msg":"浙江-杭州","gid":"511171","time_insert":"2021-08-15 13:08"}
2023-10-29 00:35:08 查询号码 【1985716】，GSD为【"浙江-杭州"】

2023-10-29 00:35:09 开始第 5804 次操作

2023-10-29 00:35:09 开始操作号码 【1985717】
2023-10-29 00:35:13 GSD getOne 第 1 次 等待 3 秒
2023-10-29 00:35:16 查询号码 【1985717】，返回信息 {"status":"ok","msg":"浙江-杭州","gid":"511186","time_insert":"2021-08-15 13:19"}
2023-10-29 00:35:16 查询号码 【1985717】，GSD为【"浙江-杭州"】

