2023-12-26 00:10:46 开始第 5329 次操作

2023-12-26 00:10:46 开始操作号码 【1885242】
2023-12-26 00:10:50 GSD getOne 第 1 次 等待 3 秒
2023-12-26 00:10:53 查询号码 【1885242】，返回信息 {"status":"ok","msg":"江苏-苏州","gid":"44142","time_insert":"2017-08-08 13:36","time_update":"2020-08-26 19:20"}
2023-12-26 00:10:53 查询号码 【1885242】，GSD为【"江苏-苏州"】

2023-12-26 00:10:54 开始第 5330 次操作

2023-12-26 00:10:54 开始操作号码 【1885243】
2023-12-26 00:11:01 GSD getOne 第 1 次 等待 3 秒
2023-12-26 00:11:04 查询号码 【1885243】，返回信息 {"status":"ok","msg":"江苏-苏州","gid":"460076","time_insert":"2021-07-31 21:10"}
2023-12-26 00:11:04 查询号码 【1885243】，GSD为【"江苏-苏州"】

2023-12-26 00:11:05 开始第 5331 次操作

2023-12-26 00:11:05 开始操作号码 【1885244】
2023-12-26 00:11:08 GSD getOne 第 1 次 等待 3 秒
2023-12-26 00:11:11 查询号码 【1885244】，返回信息 {"status":"ok","msg":"江苏-苏州","gid":"460066","time_insert":"2021-07-31 21:09"}
2023-12-26 00:11:11 查询号码 【1885244】，GSD为【"江苏-苏州"】

2023-12-26 00:11:12 开始第 5332 次操作

2023-12-26 00:11:12 开始操作号码 【1885245】
2023-12-26 00:11:16 GSD getOne 第 1 次 等待 3 秒
2023-12-26 00:11:19 查询号码 【1885245】，返回信息 {"status":"ok","msg":"江苏-苏州","gid":"460059","time_insert":"2021-07-31 21:08"}
2023-12-26 00:11:19 查询号码 【1885245】，GSD为【"江苏-苏州"】

