2024-07-31 00:13:24 开始第 9553 次操作

2024-07-31 00:13:24 开始操作号码 【1559462】
2024-07-31 00:13:33 GSD getOne 第 1 次 等待 3 秒
2024-07-31 00:13:36 查询号码 【1559462】，返回信息 {"status":"ok","msg":"陕西-西安","gid":"372210","time_insert":"2021-07-24 02:04"}
2024-07-31 00:13:36 查询号码 【1559462】，GSD为【"陕西-西安"】

2024-07-31 00:13:37 开始第 9554 次操作

2024-07-31 00:13:37 开始操作号码 【1559463】
2024-07-31 00:13:49 GSD getOne 第 1 次 等待 3 秒
2024-07-31 00:13:52 查询号码 【1559463】，返回信息 {"status":"ok","msg":"陕西-西安","gid":"372200","time_insert":"2021-07-24 02:04"}
2024-07-31 00:13:52 查询号码 【1559463】，GSD为【"陕西-西安"】

2024-07-31 00:13:53 开始第 9555 次操作

2024-07-31 00:13:53 开始操作号码 【1559464】
2024-07-31 00:14:01 GSD getOne 第 1 次 等待 3 秒
2024-07-31 00:14:04 查询号码 【1559464】，返回信息 {"status":"ok","msg":"陕西-西安","gid":"372190","time_insert":"2021-07-24 02:03"}
2024-07-31 00:14:04 查询号码 【1559464】，GSD为【"陕西-西安"】

2024-07-31 00:14:05 开始第 9556 次操作

2024-07-31 00:14:05 开始操作号码 【1559465】
2024-07-31 00:14:13 GSD getOne 第 1 次 等待 3 秒
2024-07-31 00:14:16 查询号码 【1559465】，返回信息 {"status":"ok","msg":"陕西-西安","gid":"372183","time_insert":"2021-07-24 02:02"}
2024-07-31 00:14:16 查询号码 【1559465】，GSD为【"陕西-西安"】

2024-07-31 00:39:19 开始第 9557 次操作

2024-07-31 00:39:19 开始操作号码 【1559466】
2024-07-31 00:39:43 GSD getOne 第 1 次 等待 3 秒
2024-07-31 00:39:46 查询号码 【1559466】，返回信息 {"status":"ok","msg":"陕西-西安","gid":"372173","time_insert":"2021-07-24 02:02"}
2024-07-31 00:39:46 查询号码 【1559466】，GSD为【"陕西-西安"】

2024-07-31 00:39:47 开始第 9558 次操作

2024-07-31 00:39:47 开始操作号码 【1559467】
2024-07-31 00:39:56 GSD getOne 第 1 次 等待 3 秒
2024-07-31 00:39:59 查询号码 【1559467】，返回信息 {"status":"ok","msg":"陕西-西安","gid":"372161","time_insert":"2021-07-24 02:01"}
2024-07-31 00:39:59 查询号码 【1559467】，GSD为【"陕西-西安"】

2024-07-31 00:40:01 开始第 9559 次操作

2024-07-31 00:40:01 开始操作号码 【1559468】
2024-07-31 00:40:18 GSD getOne 第 1 次 等待 3 秒
2024-07-31 00:40:21 查询号码 【1559468】，返回信息 {"status":"ok","msg":"陕西-西安","gid":"372156","time_insert":"2021-07-24 02:01"}
2024-07-31 00:40:21 查询号码 【1559468】，GSD为【"陕西-西安"】

2024-07-31 00:40:22 开始第 9560 次操作

2024-07-31 00:40:22 开始操作号码 【1559469】
2024-07-31 00:40:32 GSD getOne 第 1 次 等待 3 秒
2024-07-31 00:40:35 查询号码 【1559469】，返回信息 {"status":"ok","msg":"陕西-西安","gid":"372145","time_insert":"2021-07-24 02:00"}
2024-07-31 00:40:35 查询号码 【1559469】，GSD为【"陕西-西安"】

