2024-01-08 00:10:07 开始第 7717 次操作

2024-01-08 00:10:07 开始操作号码 【1887630】
2024-01-08 00:10:11 GSD getOne 第 1 次 等待 3 秒
2024-01-08 00:10:14 查询号码 【1887630】，返回信息 {"status":"ok","msg":"福建-漳州","gid":"435061","time_insert":"2021-07-29 16:24"}
2024-01-08 00:10:14 查询号码 【1887630】，GSD为【"福建-漳州"】

2024-01-08 00:10:15 开始第 7718 次操作

2024-01-08 00:10:15 开始操作号码 【1887631】
2024-01-08 00:10:18 GSD getOne 第 1 次 等待 3 秒
2024-01-08 00:10:21 查询号码 【1887631】，返回信息 {"status":"ok","msg":"福建-漳州","gid":"435057","time_insert":"2021-07-29 16:24"}
2024-01-08 00:10:21 查询号码 【1887631】，GSD为【"福建-漳州"】

2024-01-08 00:10:22 开始第 7719 次操作

2024-01-08 00:10:22 开始操作号码 【1887632】
2024-01-08 00:10:25 GSD getOne 第 1 次 等待 3 秒
2024-01-08 00:10:28 查询号码 【1887632】，返回信息 {"status":"ok","msg":"福建-漳州","gid":"435046","time_insert":"2021-07-29 16:20"}
2024-01-08 00:10:28 查询号码 【1887632】，GSD为【"福建-漳州"】

2024-01-08 00:10:29 开始第 7720 次操作

2024-01-08 00:10:29 开始操作号码 【1887633】
2024-01-08 00:10:32 GSD getOne 第 1 次 等待 3 秒
2024-01-08 00:10:35 查询号码 【1887633】，返回信息 {"status":"ok","msg":"福建-漳州","gid":"435039","time_insert":"2021-07-29 16:19"}
2024-01-08 00:10:35 查询号码 【1887633】，GSD为【"福建-漳州"】

2024-01-08 00:36:30 开始第 7721 次操作

2024-01-08 00:36:30 开始操作号码 【1887634】
2024-01-08 00:36:35 GSD getOne 第 1 次 等待 3 秒
2024-01-08 00:36:38 查询号码 【1887634】，返回信息 {"status":"ok","msg":"福建-漳州","gid":"435036","time_insert":"2021-07-29 16:18"}
2024-01-08 00:36:38 查询号码 【1887634】，GSD为【"福建-漳州"】

2024-01-08 00:36:39 开始第 7722 次操作

2024-01-08 00:36:39 开始操作号码 【1887635】
2024-01-08 00:36:43 GSD getOne 第 1 次 等待 3 秒
2024-01-08 00:36:46 查询号码 【1887635】，返回信息 {"status":"ok","msg":"福建-泉州","gid":"435033","time_insert":"2021-07-29 16:17"}
2024-01-08 00:36:46 查询号码 【1887635】，GSD为【"福建-泉州"】

2024-01-08 00:36:47 开始第 7723 次操作

2024-01-08 00:36:47 开始操作号码 【1887636】
2024-01-08 00:36:57 GSD getOne 第 1 次 等待 3 秒
2024-01-08 00:37:00 查询号码 【1887636】，返回信息 {"status":"ok","msg":"福建-泉州","gid":"44470","time_insert":"2018-06-23 22:53","time_update":"2020-09-05 12:35"}
2024-01-08 00:37:00 查询号码 【1887636】，GSD为【"福建-泉州"】

2024-01-08 00:37:01 开始第 7724 次操作

2024-01-08 00:37:01 开始操作号码 【1887637】
2024-01-08 00:37:05 GSD getOne 第 1 次 等待 3 秒
2024-01-08 00:37:08 查询号码 【1887637】，返回信息 {"status":"ok","msg":"福建-泉州","gid":"435027","time_insert":"2021-07-29 16:15"}
2024-01-08 00:37:08 查询号码 【1887637】，GSD为【"福建-泉州"】

