2021-08-01 00:00:30 开始第 14 次操作

2021-08-01 00:00:30 开始操作号码 【1958636】
2021-08-01 00:00:42 GSD getOne 第 1 次 等待 3 秒
2021-08-01 00:00:45 查询号码 【1958636】，返回信息 {"status":"bad","msg":""}
2021-08-01 00:00:45 查询号码 【1958636】，GSD为【""】
2021-08-01 00:00:45 bad
2021-08-01 00:00:46 CHB 1958636?1627747245 第 1 次 等待 3 秒
2021-08-01 00:00:49 CHB 1958636?1627747245 第 1 次 获取到号码【1958636】GSD
2021-08-01 00:00:49 获取到号码【1958636】的GSD为【黑龙江-双鸭山】
2021-08-01 00:01:12 GSD insert 第 1 次 等待 3 秒
2021-08-01 00:01:15 {"status":"ok","gid":461571,"msg":"添加成功！"}
2021-08-01 00:01:15 下次操作: 2021-08-01 00:01:39

2021-08-01 00:01:39 开始第 15 次操作

2021-08-01 00:01:39 开始操作号码 【1958635】
2021-08-01 00:01:48 GSD getOne 第 1 次 等待 3 秒
2021-08-01 00:01:51 查询号码 【1958635】，返回信息 {"status":"bad","msg":""}
2021-08-01 00:01:51 查询号码 【1958635】，GSD为【""】
2021-08-01 00:01:51 bad
2021-08-01 00:01:52 CHB 1958635?1627747311 第 1 次 等待 3 秒
2021-08-01 00:01:55 CHB 1958635?1627747311 第 1 次 获取到号码【1958635】GSD
2021-08-01 00:01:55 获取到号码【1958635】的GSD为【黑龙江-黑河】
2021-08-01 00:02:15 GSD insert 第 1 次 等待 3 秒
2021-08-01 00:02:18 {"status":"ok","gid":461584,"msg":"添加成功！"}
2021-08-01 00:02:18 下次操作: 2021-08-01 00:02:41

2021-08-01 00:02:41 开始第 16 次操作

2021-08-01 00:02:41 开始操作号码 【1958634】
2021-08-01 00:02:48 GSD getOne 第 1 次 等待 3 秒
2021-08-01 00:02:51 查询号码 【1958634】，返回信息 {"status":"bad","msg":""}
2021-08-01 00:02:52 查询号码 【1958634】，GSD为【""】
2021-08-01 00:02:52 bad
2021-08-01 00:02:57 CHB 1958634?1627747372 第 1 次 等待 3 秒
2021-08-01 00:03:00 CHB 1958634?1627747372 第 1 次 获取到号码【1958634】GSD
2021-08-01 00:03:01 获取到号码【1958634】的GSD为【黑龙江-黑河】
2021-08-01 00:03:11 GSD insert 第 1 次 等待 3 秒
2021-08-01 00:03:14 {"status":"ok","gid":461596,"msg":"添加成功！"}
2021-08-01 00:03:14 下次操作: 2021-08-01 00:03:38

2021-08-01 00:03:38 开始第 17 次操作

2021-08-01 00:03:38 开始操作号码 【1958633】
2021-08-01 00:03:43 GSD getOne 第 1 次 等待 3 秒
2021-08-01 00:03:46 查询号码 【1958633】，返回信息 {"status":"bad","msg":""}
2021-08-01 00:03:46 查询号码 【1958633】，GSD为【""】
2021-08-01 00:03:46 bad
2021-08-01 00:03:47 CHB 1958633?1627747426 第 1 次 等待 3 秒
2021-08-01 00:03:50 CHB 1958633?1627747426 第 1 次 获取到号码【1958633】GSD
2021-08-01 00:03:50 获取到号码【1958633】的GSD为【黑龙江-鸡西】
2021-08-01 00:04:11 GSD insert 第 1 次 等待 3 秒
2021-08-01 00:04:14 {"status":"ok","gid":461608,"msg":"添加成功！"}
2021-08-01 00:04:14 下次操作: 2021-08-01 00:04:27

2021-08-01 00:04:27 开始第 18 次操作

2021-08-01 00:04:27 开始操作号码 【1958632】
2021-08-01 00:04:31 GSD getOne 第 1 次 等待 3 秒
2021-08-01 00:04:34 查询号码 【1958632】，返回信息 {"status":"bad","msg":""}
2021-08-01 00:04:34 查询号码 【1958632】，GSD为【""】
2021-08-01 00:04:34 bad
2021-08-01 00:04:35 CHB 1958632?1627747474 第 1 次 等待 3 秒
2021-08-01 00:04:38 CHB 1958632?1627747474 第 1 次 获取到号码【1958632】GSD
2021-08-01 00:04:38 获取到号码【1958632】的GSD为【黑龙江-鸡西】
2021-08-01 00:04:58 GSD insert 第 1 次 等待 3 秒
2021-08-01 00:05:01 {"status":"ok","gid":461617,"msg":"添加成功！"}
2021-08-01 00:05:01 下次操作: 2021-08-01 00:05:24

2021-08-01 00:05:24 开始第 19 次操作

2021-08-01 00:05:24 开始操作号码 【1958631】
2021-08-01 00:05:29 GSD getOne 第 1 次 等待 3 秒
2021-08-01 00:05:32 查询号码 【1958631】，返回信息 {"status":"bad","msg":""}
2021-08-01 00:05:32 查询号码 【1958631】，GSD为【""】
2021-08-01 00:05:32 bad
2021-08-01 00:05:34 CHB 1958631?1627747532 第 1 次 等待 3 秒
2021-08-01 00:05:37 CHB 1958631?1627747532 第 1 次 获取到号码【1958631】GSD
2021-08-01 00:05:37 获取到号码【1958631】的GSD为【黑龙江-佳木斯】
2021-08-01 00:06:03 GSD insert 第 1 次 等待 3 秒
2021-08-01 00:06:06 {"status":"ok","gid":461631,"msg":"添加成功！"}
2021-08-01 00:06:06 下次操作: 2021-08-01 00:06:26

2021-08-01 00:06:26 开始第 20 次操作

2021-08-01 00:06:26 开始操作号码 【1958630】
2021-08-01 00:06:44 GSD getOne 第 1 次 等待 3 秒
2021-08-01 00:06:47 查询号码 【1958630】，返回信息 {"status":"bad","msg":""}
2021-08-01 00:06:48 查询号码 【1958630】，GSD为【""】
2021-08-01 00:06:48 bad
2021-08-01 00:06:49 CHB 1958630?1627747608 第 1 次 等待 3 秒
2021-08-01 00:06:52 CHB 1958630?1627747608 第 1 次 获取到号码【1958630】GSD
2021-08-01 00:06:52 获取到号码【1958630】的GSD为【黑龙江-佳木斯】
2021-08-01 00:07:18 GSD insert 第 1 次 等待 3 秒
2021-08-01 00:07:21 {"status":"ok","gid":461644,"msg":"添加成功！"}
2021-08-01 00:07:21 下次操作: 2021-08-01 00:07:42

2021-08-01 00:07:42 开始第 21 次操作

2021-08-01 00:07:42 开始操作号码 【1958629】
2021-08-01 00:07:45 GSD getOne 第 1 次 等待 3 秒
2021-08-01 00:07:48 查询号码 【1958629】，返回信息 {"status":"bad","msg":""}
2021-08-01 00:07:48 查询号码 【1958629】，GSD为【""】
2021-08-01 00:07:48 bad
2021-08-01 00:07:50 CHB 1958629?1627747668 第 1 次 等待 3 秒
2021-08-01 00:07:53 CHB 1958629?1627747668 第 1 次 获取到号码【1958629】GSD
2021-08-01 00:07:53 获取到号码【1958629】的GSD为【黑龙江-佳木斯】
2021-08-01 00:08:15 GSD insert 第 1 次 等待 3 秒
2021-08-01 00:08:18 {"status":"ok","gid":461656,"msg":"添加成功！"}
2021-08-01 00:08:18 下次操作: 2021-08-01 00:08:31

2021-08-01 00:08:31 开始第 22 次操作

2021-08-01 00:08:31 开始操作号码 【1958628】
2021-08-01 00:08:35 GSD getOne 第 1 次 等待 3 秒
2021-08-01 00:08:38 查询号码 【1958628】，返回信息 {"status":"bad","msg":""}
2021-08-01 00:08:38 查询号码 【1958628】，GSD为【""】
2021-08-01 00:08:38 bad
2021-08-01 00:08:39 CHB 1958628?1627747718 第 1 次 等待 3 秒
2021-08-01 00:08:42 CHB 1958628?1627747718 第 1 次 获取到号码【1958628】GSD
2021-08-01 00:08:42 获取到号码【1958628】的GSD为【黑龙江-牡丹江】
2021-08-01 00:09:01 GSD insert 第 1 次 等待 3 秒
2021-08-01 00:09:04 {"status":"ok","gid":461667,"msg":"添加成功！"}
2021-08-01 00:09:04 下次操作: 2021-08-01 00:09:20

2021-08-01 00:09:20 开始第 23 次操作

2021-08-01 00:09:20 开始操作号码 【1958627】
2021-08-01 00:09:23 GSD getOne 第 1 次 等待 3 秒
2021-08-01 00:09:26 查询号码 【1958627】，返回信息 {"status":"bad","msg":""}
2021-08-01 00:09:26 查询号码 【1958627】，GSD为【""】
2021-08-01 00:09:26 bad
2021-08-01 00:09:28 CHB 1958627?1627747766 第 1 次 等待 3 秒
2021-08-01 00:09:31 CHB 1958627?1627747766 第 1 次 获取到号码【1958627】GSD
2021-08-01 00:09:31 获取到号码【1958627】的GSD为【黑龙江-牡丹江】
2021-08-01 00:09:51 GSD insert 第 1 次 等待 3 秒
2021-08-01 00:09:54 {"status":"ok","gid":461679,"msg":"添加成功！"}
2021-08-01 00:09:54 下次操作: 2021-08-01 00:10:07

2021-08-01 00:10:07 开始第 24 次操作

2021-08-01 00:10:07 开始操作号码 【1958626】
2021-08-01 00:10:11 GSD getOne 第 1 次 等待 3 秒
2021-08-01 00:10:14 查询号码 【1958626】，返回信息 {"status":"bad","msg":""}
2021-08-01 00:10:14 查询号码 【1958626】，GSD为【""】
2021-08-01 00:10:14 bad
2021-08-01 00:10:15 CHB 1958626?1627747814 第 1 次 等待 3 秒
2021-08-01 00:10:18 CHB 1958626?1627747814 第 1 次 获取到号码【1958626】GSD
2021-08-01 00:10:19 获取到号码【1958626】的GSD为【黑龙江-绥化】
2021-08-01 00:10:41 GSD insert 第 1 次 等待 3 秒
2021-08-01 00:10:44 {"status":"ok","gid":461692,"msg":"添加成功！"}
2021-08-01 00:10:44 下次操作: 2021-08-01 00:11:01

2021-08-01 00:11:01 开始第 25 次操作

2021-08-01 00:11:01 开始操作号码 【1958625】
2021-08-01 00:11:15 GSD getOne 第 1 次 等待 3 秒
2021-08-01 00:11:18 查询号码 【1958625】，返回信息 {"status":"bad","msg":""}
2021-08-01 00:11:18 查询号码 【1958625】，GSD为【""】
2021-08-01 00:11:18 bad
2021-08-01 00:11:20 CHB 1958625?1627747878 第 1 次 等待 3 秒
2021-08-01 00:11:23 CHB 1958625?1627747878 第 1 次 获取到号码【1958625】GSD
2021-08-01 00:11:23 获取到号码【1958625】的GSD为【黑龙江-绥化】
2021-08-01 00:11:36 GSD insert 第 1 次 等待 3 秒
2021-08-01 00:11:39 {"status":"ok","gid":461704,"msg":"添加成功！"}
2021-08-01 00:11:39 下次操作: 2021-08-01 00:11:52

2021-08-01 00:11:52 开始第 26 次操作

2021-08-01 00:11:52 开始操作号码 【1958624】
2021-08-01 00:11:56 GSD getOne 第 1 次 等待 3 秒
2021-08-01 00:11:59 查询号码 【1958624】，返回信息 {"status":"bad","msg":""}
2021-08-01 00:11:59 查询号码 【1958624】，GSD为【""】
2021-08-01 00:11:59 bad
2021-08-01 00:12:00 CHB 1958624?1627747919 第 1 次 等待 3 秒
2021-08-01 00:12:03 CHB 1958624?1627747919 第 1 次 获取到号码【1958624】GSD
2021-08-01 00:12:04 获取到号码【1958624】的GSD为【黑龙江-绥化】
2021-08-01 00:12:22 GSD insert 第 1 次 等待 3 秒
2021-08-01 00:12:25 {"status":"ok","gid":461715,"msg":"添加成功！"}
2021-08-01 00:12:25 下次操作: 2021-08-01 00:12:39

2021-08-01 00:12:39 开始第 27 次操作

2021-08-01 00:12:39 开始操作号码 【1958623】
2021-08-01 00:12:42 GSD getOne 第 1 次 等待 3 秒
2021-08-01 00:12:45 查询号码 【1958623】，返回信息 {"status":"bad","msg":""}
2021-08-01 00:12:45 查询号码 【1958623】，GSD为【""】
2021-08-01 00:12:45 bad
2021-08-01 00:12:51 CHB 1958623?1627747965 第 1 次 等待 3 秒
2021-08-01 00:12:54 CHB 1958623?1627747965 第 1 次 获取到号码【1958623】GSD
2021-08-01 00:12:54 获取到号码【1958623】的GSD为【黑龙江-齐齐哈尔】
2021-08-01 00:13:06 GSD insert 第 1 次 等待 3 秒
2021-08-01 00:13:09 {"status":"ok","gid":461723,"msg":"添加成功！"}
2021-08-01 00:13:09 下次操作: 2021-08-01 00:13:32

2021-08-01 00:13:32 开始第 28 次操作

2021-08-01 00:13:32 开始操作号码 【1958622】
2021-08-01 00:13:38 GSD getOne 第 1 次 等待 3 秒
2021-08-01 00:13:41 查询号码 【1958622】，返回信息 {"status":"bad","msg":""}
2021-08-01 00:13:41 查询号码 【1958622】，GSD为【""】
2021-08-01 00:13:41 bad
2021-08-01 00:13:42 CHB 1958622?1627748021 第 1 次 等待 3 秒
2021-08-01 00:13:45 CHB 1958622?1627748021 第 1 次 获取到号码【1958622】GSD
2021-08-01 00:13:45 获取到号码【1958622】的GSD为【黑龙江-齐齐哈尔】
2021-08-01 00:14:06 GSD insert 第 1 次 等待 3 秒
2021-08-01 00:14:09 {"status":"ok","gid":461734,"msg":"添加成功！"}
2021-08-01 00:14:09 下次操作: 2021-08-01 00:14:25

2021-08-01 00:14:25 开始第 29 次操作

2021-08-01 00:14:25 开始操作号码 【1958621】
2021-08-01 00:14:29 GSD getOne 第 1 次 等待 3 秒
2021-08-01 00:14:32 查询号码 【1958621】，返回信息 {"status":"bad","msg":""}
2021-08-01 00:14:32 查询号码 【1958621】，GSD为【""】
2021-08-01 00:14:32 bad
2021-08-01 00:14:33 CHB 1958621?1627748072 第 1 次 等待 3 秒
2021-08-01 00:14:36 CHB 1958621?1627748072 第 1 次 获取到号码【1958621】GSD
2021-08-01 00:14:36 获取到号码【1958621】的GSD为【黑龙江-齐齐哈尔】
2021-08-01 00:14:55 GSD insert 第 1 次 等待 3 秒
2021-08-01 00:14:58 {"status":"ok","gid":461743,"msg":"添加成功！"}
2021-08-01 00:14:58 下次操作: 2021-08-01 00:15:17

2021-08-01 00:15:17 开始第 30 次操作

2021-08-01 00:15:17 开始操作号码 【1958620】
2021-08-01 00:15:28 GSD getOne 第 1 次 等待 3 秒
2021-08-01 00:15:31 查询号码 【1958620】，返回信息 {"status":"bad","msg":""}
2021-08-01 00:15:32 查询号码 【1958620】，GSD为【""】
2021-08-01 00:15:32 bad
2021-08-01 00:15:33 CHB 1958620?1627748132 第 1 次 等待 3 秒
2021-08-01 00:15:36 CHB 1958620?1627748132 第 1 次 获取到号码【1958620】GSD
2021-08-01 00:15:36 获取到号码【1958620】的GSD为【黑龙江-齐齐哈尔】
2021-08-01 00:15:58 GSD insert 第 1 次 等待 3 秒
2021-08-01 00:16:01 {"status":"ok","gid":461747,"msg":"添加成功！"}
2021-08-01 00:16:01 下次操作: 2021-08-01 00:16:15

2021-08-01 00:16:15 开始第 31 次操作

2021-08-01 00:16:15 开始操作号码 【1958619】
2021-08-01 00:16:18 GSD getOne 第 1 次 等待 3 秒
2021-08-01 00:16:21 查询号码 【1958619】，返回信息 {"status":"bad","msg":""}
2021-08-01 00:16:21 查询号码 【1958619】，GSD为【""】
2021-08-01 00:16:21 bad
2021-08-01 00:16:23 CHB 1958619?1627748181 第 1 次 等待 3 秒
2021-08-01 00:16:26 CHB 1958619?1627748181 第 1 次 获取到号码【1958619】GSD
2021-08-01 00:16:26 获取到号码【1958619】的GSD为【黑龙江-牡丹江】
2021-08-01 00:16:47 GSD insert 第 1 次 等待 3 秒
2021-08-01 00:16:50 {"status":"ok","gid":461756,"msg":"添加成功！"}
2021-08-01 00:16:50 下次操作: 2021-08-01 00:17:07

2021-08-01 00:17:07 开始第 32 次操作

2021-08-01 00:17:07 开始操作号码 【1958618】
2021-08-01 00:17:11 GSD getOne 第 1 次 等待 3 秒
2021-08-01 00:17:14 查询号码 【1958618】，返回信息 {"status":"bad","msg":""}
2021-08-01 00:17:14 查询号码 【1958618】，GSD为【""】
2021-08-01 00:17:14 bad
2021-08-01 00:17:15 CHB 1958618?1627748234 第 1 次 等待 3 秒
2021-08-01 00:17:18 CHB 1958618?1627748234 第 1 次 获取到号码【1958618】GSD
2021-08-01 00:17:19 获取到号码【1958618】的GSD为【黑龙江-哈尔滨】
2021-08-01 00:17:37 GSD insert 第 1 次 等待 3 秒
2021-08-01 00:17:40 {"status":"ok","gid":461765,"msg":"添加成功！"}
2021-08-01 00:17:40 下次操作: 2021-08-01 00:17:59

2021-08-01 00:17:59 开始第 33 次操作

2021-08-01 00:17:59 开始操作号码 【1958617】
2021-08-01 00:18:04 GSD getOne 第 1 次 等待 3 秒
2021-08-01 00:18:07 查询号码 【1958617】，返回信息 {"status":"bad","msg":""}
2021-08-01 00:18:07 查询号码 【1958617】，GSD为【""】
2021-08-01 00:18:07 bad
2021-08-01 00:18:08 CHB 1958617?1627748287 第 1 次 等待 3 秒
2021-08-01 00:18:11 CHB 1958617?1627748287 第 1 次 获取到号码【1958617】GSD
2021-08-01 00:18:12 获取到号码【1958617】的GSD为【黑龙江-绥化】
2021-08-01 00:18:33 GSD insert 第 1 次 等待 3 秒
2021-08-01 00:18:36 {"status":"ok","gid":461772,"msg":"添加成功！"}
2021-08-01 00:18:36 下次操作: 2021-08-01 00:19:00

2021-08-01 00:19:00 开始第 34 次操作

2021-08-01 00:19:00 开始操作号码 【1958616】
2021-08-01 00:19:06 GSD getOne 第 1 次 等待 3 秒
2021-08-01 00:19:09 查询号码 【1958616】，返回信息 {"status":"bad","msg":""}
2021-08-01 00:19:09 查询号码 【1958616】，GSD为【""】
2021-08-01 00:19:09 bad
2021-08-01 00:19:10 CHB 1958616?1627748349 第 1 次 等待 3 秒
2021-08-01 00:19:13 CHB 1958616?1627748349 第 1 次 获取到号码【1958616】GSD
2021-08-01 00:19:14 获取到号码【1958616】的GSD为【黑龙江-大庆】
2021-08-01 00:19:45 GSD insert 第 1 次 等待 3 秒
2021-08-01 00:19:48 {"status":"ok","gid":461783,"msg":"添加成功！"}
2021-08-01 00:19:48 下次操作: 2021-08-01 00:20:05

2021-08-01 00:20:05 开始第 35 次操作

2021-08-01 00:20:05 开始操作号码 【1958615】
2021-08-01 00:20:08 GSD getOne 第 1 次 等待 3 秒
2021-08-01 00:20:11 查询号码 【1958615】，返回信息 {"status":"bad","msg":""}
2021-08-01 00:20:11 查询号码 【1958615】，GSD为【""】
2021-08-01 00:20:11 bad
2021-08-01 00:20:13 CHB 1958615?1627748411 第 1 次 等待 3 秒
2021-08-01 00:20:16 CHB 1958615?1627748411 第 1 次 获取到号码【1958615】GSD
2021-08-01 00:20:16 获取到号码【1958615】的GSD为【黑龙江-大庆】
2021-08-01 00:20:35 GSD insert 第 1 次 等待 3 秒
2021-08-01 00:20:38 {"status":"ok","gid":461789,"msg":"添加成功！"}
2021-08-01 00:20:38 下次操作: 2021-08-01 00:20:54

2021-08-01 00:20:54 开始第 36 次操作

2021-08-01 00:20:54 开始操作号码 【1958614】
2021-08-01 00:21:00 GSD getOne 第 1 次 等待 3 秒
2021-08-01 00:21:03 查询号码 【1958614】，返回信息 {"status":"bad","msg":""}
2021-08-01 00:21:03 查询号码 【1958614】，GSD为【""】
2021-08-01 00:21:03 bad
2021-08-01 00:21:04 CHB 1958614?1627748463 第 1 次 等待 3 秒
2021-08-01 00:21:07 CHB 1958614?1627748463 第 1 次 获取到号码【1958614】GSD
2021-08-01 00:21:07 获取到号码【1958614】的GSD为【黑龙江-大庆】
2021-08-01 00:21:26 GSD insert 第 1 次 等待 3 秒
2021-08-01 00:21:29 {"status":"ok","gid":461795,"msg":"添加成功！"}
2021-08-01 00:21:29 下次操作: 2021-08-01 00:21:46

2021-08-01 00:21:46 开始第 37 次操作

2021-08-01 00:21:46 开始操作号码 【1958613】
2021-08-01 00:21:56 GSD getOne 第 1 次 等待 3 秒
2021-08-01 00:21:59 查询号码 【1958613】，返回信息 {"status":"bad","msg":""}
2021-08-01 00:21:59 查询号码 【1958613】，GSD为【""】
2021-08-01 00:21:59 bad
2021-08-01 00:22:00 CHB 1958613?1627748519 第 1 次 等待 3 秒
2021-08-01 00:22:03 CHB 1958613?1627748519 第 1 次 获取到号码【1958613】GSD
2021-08-01 00:22:03 获取到号码【1958613】的GSD为【黑龙江-大庆】
2021-08-01 00:22:25 GSD insert 第 1 次 等待 3 秒
2021-08-01 00:22:28 {"status":"ok","gid":461800,"msg":"添加成功！"}
2021-08-01 00:22:28 下次操作: 2021-08-01 00:22:49

2021-08-01 00:22:49 开始第 38 次操作

2021-08-01 00:22:49 开始操作号码 【1958612】
2021-08-01 00:22:54 GSD getOne 第 1 次 等待 3 秒
2021-08-01 00:22:57 查询号码 【1958612】，返回信息 {"status":"bad","msg":""}
2021-08-01 00:22:57 查询号码 【1958612】，GSD为【""】
2021-08-01 00:22:57 bad
2021-08-01 00:22:58 CHB 1958612?1627748577 第 1 次 等待 3 秒
2021-08-01 00:23:01 CHB 1958612?1627748577 第 1 次 获取到号码【1958612】GSD
2021-08-01 00:23:01 未获取到号码【1958612】GSD，查号吧 400 错误
2021-08-01 00:23:01 获取到号码【1958612】的GSD为【-】
2021-08-01 00:23:19 GSD insert 第 1 次 等待 3 秒
2021-08-01 00:23:22 {"status":"ok","gid":461808,"msg":"添加成功！"}
2021-08-01 00:23:22 下次操作: 2021-08-01 00:23:41

2021-08-01 00:23:41 开始第 39 次操作

2021-08-01 00:23:41 开始操作号码 【1958611】
2021-08-01 00:23:54 GSD getOne 第 1 次 等待 3 秒
2021-08-01 00:23:57 查询号码 【1958611】，返回信息 {"status":"bad","msg":""}
2021-08-01 00:23:57 查询号码 【1958611】，GSD为【""】
2021-08-01 00:23:57 bad
2021-08-01 00:23:58 CHB 1958611?1627748637 第 1 次 等待 3 秒
2021-08-01 00:24:01 CHB 1958611?1627748637 第 1 次 获取到号码【1958611】GSD
2021-08-01 00:24:02 获取到号码【1958611】的GSD为【黑龙江-哈尔滨】
2021-08-01 00:24:20 GSD insert 第 1 次 等待 3 秒
2021-08-01 00:24:23 {"status":"ok","gid":461816,"msg":"添加成功！"}
2021-08-01 00:24:23 下次操作: 2021-08-01 00:24:41

2021-08-01 00:24:41 开始第 40 次操作

2021-08-01 00:24:41 开始操作号码 【1958610】
2021-08-01 00:24:45 GSD getOne 第 1 次 等待 3 秒
2021-08-01 00:24:48 查询号码 【1958610】，返回信息 {"status":"bad","msg":""}
2021-08-01 00:24:48 查询号码 【1958610】，GSD为【""】
2021-08-01 00:24:48 bad
2021-08-01 00:24:50 CHB 1958610?1627748688 第 1 次 等待 3 秒
2021-08-01 00:24:53 CHB 1958610?1627748688 第 1 次 获取到号码【1958610】GSD
2021-08-01 00:24:53 获取到号码【1958610】的GSD为【黑龙江-哈尔滨】
2021-08-01 00:25:17 GSD insert 第 1 次 等待 3 秒
2021-08-01 00:25:20 {"status":"ok","gid":461819,"msg":"添加成功！"}

2021-08-01 01:00:36 开始第 1 次操作

2021-08-01 01:00:36 开始操作号码 【1958609】
2021-08-01 01:00:40 GSD getOne 第 1 次 等待 3 秒
2021-08-01 01:00:43 查询号码 【1958609】，返回信息 {"status":"bad","msg":""}
2021-08-01 01:00:43 查询号码 【1958609】，GSD为【""】
2021-08-01 01:00:43 bad
2021-08-01 01:00:45 CHB 1958609?1627750843 第 1 次 等待 3 秒
2021-08-01 01:00:48 CHB 1958609?1627750843 第 1 次 获取到号码【1958609】GSD
2021-08-01 01:00:48 获取到号码【1958609】的GSD为【黑龙江-哈尔滨】
2021-08-01 01:00:57 GSD insert 第 1 次 等待 3 秒
2021-08-01 01:01:00 {"status":"ok","gid":461915,"msg":"添加成功！"}
2021-08-01 01:01:00 下次操作: 2021-08-01 01:01:13

2021-08-01 01:01:13 开始第 2 次操作

2021-08-01 01:01:13 开始操作号码 【1958608】
2021-08-01 01:01:28 GSD getOne 第 1 次 等待 3 秒
2021-08-01 01:01:31 查询号码 【1958608】，返回信息 {"status":"bad","msg":""}
2021-08-01 01:01:31 查询号码 【1958608】，GSD为【""】
2021-08-01 01:01:31 bad
2021-08-01 01:01:33 CHB 1958608?1627750891 第 1 次 等待 3 秒
2021-08-01 01:01:36 CHB 1958608?1627750891 第 1 次 获取到号码【1958608】GSD
2021-08-01 01:01:36 获取到号码【1958608】的GSD为【黑龙江-哈尔滨】
2021-08-01 01:01:43 GSD insert 第 1 次 等待 3 秒
2021-08-01 01:01:46 {"status":"ok","gid":461921,"msg":"添加成功！"}
2021-08-01 01:01:46 下次操作: 2021-08-01 01:02:03

2021-08-01 01:02:03 开始第 3 次操作

2021-08-01 01:02:03 开始操作号码 【1958607】
2021-08-01 01:02:07 GSD getOne 第 1 次 等待 3 秒
2021-08-01 01:02:10 查询号码 【1958607】，返回信息 {"status":"bad","msg":""}
2021-08-01 01:02:10 查询号码 【1958607】，GSD为【""】
2021-08-01 01:02:10 bad
2021-08-01 01:02:13 CHB 1958607?1627750930 第 1 次 等待 3 秒
2021-08-01 01:02:16 CHB 1958607?1627750930 第 1 次 获取到号码【1958607】GSD
2021-08-01 01:02:16 获取到号码【1958607】的GSD为【黑龙江-哈尔滨】
2021-08-01 01:02:20 GSD insert 第 1 次 等待 3 秒
2021-08-01 01:02:23 {"status":"ok","gid":461930,"msg":"添加成功！"}
2021-08-01 01:02:23 下次操作: 2021-08-01 01:02:45

2021-08-01 01:02:45 开始第 4 次操作

2021-08-01 01:02:45 开始操作号码 【1958606】
2021-08-01 01:03:00 GSD getOne 第 1 次 等待 3 秒
2021-08-01 01:03:03 查询号码 【1958606】，返回信息 {"status":"bad","msg":""}
2021-08-01 01:03:03 查询号码 【1958606】，GSD为【""】
2021-08-01 01:03:03 bad
2021-08-01 01:03:05 CHB 1958606?1627750983 第 1 次 等待 3 秒
2021-08-01 01:03:08 CHB 1958606?1627750983 第 1 次 获取到号码【1958606】GSD
2021-08-01 01:03:08 获取到号码【1958606】的GSD为【黑龙江-哈尔滨】
2021-08-01 01:03:12 GSD insert 第 1 次 等待 3 秒
2021-08-01 01:03:15 {"status":"ok","gid":461942,"msg":"添加成功！"}
2021-08-01 01:03:15 下次操作: 2021-08-01 01:03:32

2021-08-01 01:03:32 开始第 5 次操作

2021-08-01 01:03:32 开始操作号码 【1958605】
2021-08-01 01:03:38 GSD getOne 第 1 次 等待 3 秒
2021-08-01 01:03:41 查询号码 【1958605】，返回信息 {"status":"bad","msg":""}
2021-08-01 01:03:41 查询号码 【1958605】，GSD为【""】
2021-08-01 01:03:41 bad
2021-08-01 01:03:45 CHB 1958605?1627751021 第 1 次 等待 3 秒
2021-08-01 01:03:48 CHB 1958605?1627751021 第 1 次 获取到号码【1958605】GSD
2021-08-01 01:03:48 获取到号码【1958605】的GSD为【黑龙江-哈尔滨】
2021-08-01 01:03:59 GSD insert 第 1 次 等待 3 秒
2021-08-01 01:04:02 {"status":"ok","gid":461951,"msg":"添加成功！"}
2021-08-01 01:04:02 下次操作: 2021-08-01 01:04:24

2021-08-01 01:04:24 开始第 6 次操作

2021-08-01 01:04:24 开始操作号码 【1958604】
2021-08-01 01:04:28 GSD getOne 第 1 次 等待 3 秒
2021-08-01 01:04:31 查询号码 【1958604】，返回信息 {"status":"bad","msg":""}
2021-08-01 01:04:31 查询号码 【1958604】，GSD为【""】
2021-08-01 01:04:31 bad
2021-08-01 01:04:35 CHB 1958604?1627751071 第 1 次 等待 3 秒
2021-08-01 01:04:38 CHB 1958604?1627751071 第 1 次 获取到号码【1958604】GSD
2021-08-01 01:04:38 获取到号码【1958604】的GSD为【黑龙江-哈尔滨】
2021-08-01 01:04:42 GSD insert 第 1 次 等待 3 秒
2021-08-01 01:04:45 {"status":"ok","gid":461959,"msg":"添加成功！"}
2021-08-01 01:04:45 下次操作: 2021-08-01 01:05:00

2021-08-01 01:05:00 开始第 7 次操作

2021-08-01 01:05:00 开始操作号码 【1958603】
2021-08-01 01:05:04 GSD getOne 第 1 次 等待 3 秒
2021-08-01 01:05:07 查询号码 【1958603】，返回信息 {"status":"bad","msg":""}
2021-08-01 01:05:07 查询号码 【1958603】，GSD为【""】
2021-08-01 01:05:07 bad
2021-08-01 01:05:09 CHB 1958603?1627751107 第 1 次 等待 3 秒
2021-08-01 01:05:12 CHB 1958603?1627751107 第 1 次 获取到号码【1958603】GSD
2021-08-01 01:05:12 获取到号码【1958603】的GSD为【黑龙江-哈尔滨】
2021-08-01 01:05:19 GSD insert 第 1 次 等待 3 秒
2021-08-01 01:05:22 {"status":"ok","gid":461968,"msg":"添加成功！"}
2021-08-01 01:05:22 下次操作: 2021-08-01 01:05:37

2021-08-01 01:05:37 开始第 8 次操作

2021-08-01 01:05:37 开始操作号码 【1958602】
2021-08-01 01:05:42 GSD getOne 第 1 次 等待 3 秒
2021-08-01 01:05:45 查询号码 【1958602】，返回信息 {"status":"bad","msg":""}
2021-08-01 01:05:46 查询号码 【1958602】，GSD为【""】
2021-08-01 01:05:46 bad
2021-08-01 01:05:51 CHB 1958602?1627751146 第 1 次 等待 3 秒
2021-08-01 01:05:54 CHB 1958602?1627751146 第 1 次 获取到号码【1958602】GSD
2021-08-01 01:05:54 获取到号码【1958602】的GSD为【黑龙江-哈尔滨】
2021-08-01 01:05:59 GSD insert 第 1 次 等待 3 秒
2021-08-01 01:06:02 {"status":"ok","gid":461974,"msg":"添加成功！"}
2021-08-01 01:06:02 下次操作: 2021-08-01 01:06:23

2021-08-01 01:06:23 开始第 9 次操作

2021-08-01 01:06:23 开始操作号码 【1958601】
2021-08-01 01:06:27 GSD getOne 第 1 次 等待 3 秒
2021-08-01 01:06:30 查询号码 【1958601】，返回信息 {"status":"bad","msg":""}
2021-08-01 01:06:30 查询号码 【1958601】，GSD为【""】
2021-08-01 01:06:30 bad
2021-08-01 01:06:35 CHB 1958601?1627751190 第 1 次 等待 3 秒
2021-08-01 01:06:38 CHB 1958601?1627751190 第 1 次 获取到号码【1958601】GSD
2021-08-01 01:06:38 未获取到号码【1958601】GSD，查号吧 502 百度云加速 错误
2021-08-01 01:06:38 获取到号码【1958601】的GSD为【-】
2021-08-01 01:06:44 GSD insert 第 1 次 等待 3 秒
2021-08-01 01:06:47 {"status":"ok","gid":461984,"msg":"添加成功！"}
2021-08-01 01:06:47 下次操作: 2021-08-01 01:07:08

2021-08-01 01:07:08 开始第 10 次操作

2021-08-01 01:07:08 开始操作号码 【1958600】
2021-08-01 01:07:14 GSD getOne 第 1 次 等待 3 秒
2021-08-01 01:07:17 查询号码 【1958600】，返回信息 {"status":"bad","msg":""}
2021-08-01 01:07:17 查询号码 【1958600】，GSD为【""】
2021-08-01 01:07:17 bad
2021-08-01 01:07:21 CHB 1958600?1627751237 第 1 次 等待 3 秒
2021-08-01 01:07:24 CHB 1958600?1627751237 第 1 次 获取到号码【1958600】GSD
2021-08-01 01:07:24 未获取到号码【1958600】GSD，查号吧 502 百度云加速 错误
2021-08-01 01:07:24 获取到号码【1958600】的GSD为【-】
2021-08-01 01:07:28 GSD insert 第 1 次 等待 3 秒
2021-08-01 01:07:31 {"status":"ok","gid":461993,"msg":"添加成功！"}
2021-08-01 01:07:31 下次操作: 2021-08-01 01:07:54

2021-08-01 01:07:54 开始第 11 次操作

2021-08-01 01:07:54 开始操作号码 【1958599】
2021-08-01 01:08:18 GSD getOne 第 1 次 等待 3 秒
2021-08-01 01:08:21 查询号码 【1958599】，返回信息 {"status":"bad","msg":""}
2021-08-01 01:08:21 查询号码 【1958599】，GSD为【""】
2021-08-01 01:08:21 bad
2021-08-01 01:09:22 CHB 1958599?1627751301 第 1 次 等待 3 秒
2021-08-01 01:09:25 CHB 1958599?1627751301 第 1 次 获取到号码【1958599】GSD
2021-08-01 01:09:25 未获取到号码【1958599】源码
2021-08-01 01:09:25 获取到号码【1958599】的GSD为【-】
2021-08-01 01:09:30 GSD insert 第 1 次 等待 3 秒
2021-08-01 01:09:33 {"status":"ok","gid":462009,"msg":"添加成功！"}
2021-08-01 01:09:33 下次操作: 2021-08-01 01:09:49

2021-08-01 01:09:49 开始第 12 次操作

2021-08-01 01:09:49 开始操作号码 【1958598】
2021-08-01 01:09:53 GSD getOne 第 1 次 等待 3 秒
2021-08-01 01:09:56 查询号码 【1958598】，返回信息 {"status":"bad","msg":""}
2021-08-01 01:09:56 查询号码 【1958598】，GSD为【""】
2021-08-01 01:09:56 bad
2021-08-01 01:09:59 CHB 1958598?1627751396 第 1 次 等待 3 秒
2021-08-01 01:10:02 CHB 1958598?1627751396 第 1 次 获取到号码【1958598】GSD
2021-08-01 01:10:02 获取到号码【1958598】的GSD为【贵州-贵阳】
2021-08-01 01:10:06 GSD insert 第 1 次 等待 3 秒
2021-08-01 01:10:09 {"status":"ok","gid":462016,"msg":"添加成功！"}
2021-08-01 01:10:09 下次操作: 2021-08-01 01:10:30

2021-08-01 01:10:30 开始第 13 次操作

2021-08-01 01:10:30 开始操作号码 【1958597】
2021-08-01 01:10:35 GSD getOne 第 1 次 等待 3 秒
2021-08-01 01:10:38 查询号码 【1958597】，返回信息 {"status":"bad","msg":""}
2021-08-01 01:10:38 查询号码 【1958597】，GSD为【""】
2021-08-01 01:10:38 bad
2021-08-01 01:10:42 CHB 1958597?1627751438 第 1 次 等待 3 秒
2021-08-01 01:10:45 CHB 1958597?1627751438 第 1 次 获取到号码【1958597】GSD
2021-08-01 01:10:45 获取到号码【1958597】的GSD为【贵州-贵阳】
2021-08-01 01:10:55 GSD insert 第 1 次 等待 3 秒
2021-08-01 01:10:58 {"status":"ok","gid":462029,"msg":"添加成功！"}
2021-08-01 01:10:58 下次操作: 2021-08-01 01:11:19

2021-08-01 01:11:19 开始第 14 次操作

2021-08-01 01:11:19 开始操作号码 【1958596】
2021-08-01 01:11:22 GSD getOne 第 1 次 等待 3 秒
2021-08-01 01:11:25 查询号码 【1958596】，返回信息 {"status":"bad","msg":""}
2021-08-01 01:11:25 查询号码 【1958596】，GSD为【""】
2021-08-01 01:11:25 bad
2021-08-01 01:12:26 CHB 1958596?1627751485 第 1 次 等待 3 秒
2021-08-01 01:12:29 CHB 1958596?1627751485 第 1 次 获取到号码【1958596】GSD
2021-08-01 01:12:30 未获取到号码【1958596】源码
2021-08-01 01:12:30 获取到号码【1958596】的GSD为【-】
2021-08-01 01:12:37 GSD insert 第 1 次 等待 3 秒
2021-08-01 01:12:40 {"status":"ok","gid":462046,"msg":"添加成功！"}
2021-08-01 01:12:40 下次操作: 2021-08-01 01:13:03

2021-08-01 01:13:03 开始第 15 次操作

2021-08-01 01:13:03 开始操作号码 【1958595】
2021-08-01 01:13:09 GSD getOne 第 1 次 等待 3 秒
2021-08-01 01:13:12 查询号码 【1958595】，返回信息 {"status":"bad","msg":""}
2021-08-01 01:13:12 查询号码 【1958595】，GSD为【""】
2021-08-01 01:13:12 bad
2021-08-01 01:13:19 CHB 1958595?1627751592 第 1 次 等待 3 秒
2021-08-01 01:13:22 CHB 1958595?1627751592 第 1 次 获取到号码【1958595】GSD
2021-08-01 01:13:22 获取到号码【1958595】的GSD为【贵州-贵阳】
2021-08-01 01:13:26 GSD insert 第 1 次 等待 3 秒
2021-08-01 01:13:29 {"status":"ok","gid":462055,"msg":"添加成功！"}
2021-08-01 01:13:29 下次操作: 2021-08-01 01:13:46

2021-08-01 01:13:46 开始第 16 次操作

2021-08-01 01:13:46 开始操作号码 【1958594】
2021-08-01 01:13:49 GSD getOne 第 1 次 等待 3 秒
2021-08-01 01:13:52 查询号码 【1958594】，返回信息 {"status":"bad","msg":""}
2021-08-01 01:13:52 查询号码 【1958594】，GSD为【""】
2021-08-01 01:13:52 bad
2021-08-01 01:13:58 CHB 1958594?1627751632 第 1 次 等待 3 秒
2021-08-01 01:14:01 CHB 1958594?1627751632 第 1 次 获取到号码【1958594】GSD
2021-08-01 01:14:01 未获取到号码【1958594】GSD，查号吧 502 百度云加速 错误
2021-08-01 01:14:01 获取到号码【1958594】的GSD为【-】
2021-08-01 01:14:16 GSD insert 第 1 次 等待 3 秒
2021-08-01 01:14:19 {"status":"ok","gid":462062,"msg":"添加成功！"}
2021-08-01 01:14:19 下次操作: 2021-08-01 01:14:37

2021-08-01 01:14:37 开始第 17 次操作

2021-08-01 01:14:37 开始操作号码 【1958593】
2021-08-01 01:14:42 GSD getOne 第 1 次 等待 3 秒
2021-08-01 01:14:45 查询号码 【1958593】，返回信息 {"status":"bad","msg":""}
2021-08-01 01:14:45 查询号码 【1958593】，GSD为【""】
2021-08-01 01:14:45 bad
2021-08-01 01:15:04 CHB 1958593?1627751685 第 1 次 等待 3 秒
2021-08-01 01:15:07 CHB 1958593?1627751685 第 1 次 获取到号码【1958593】GSD
2021-08-01 01:15:07 获取到号码【1958593】的GSD为【贵州-贵阳】
2021-08-01 01:15:12 GSD insert 第 1 次 等待 3 秒
2021-08-01 01:15:15 {"status":"ok","gid":462074,"msg":"添加成功！"}
2021-08-01 01:15:15 下次操作: 2021-08-01 01:15:33

2021-08-01 01:15:33 开始第 18 次操作

2021-08-01 01:15:33 开始操作号码 【1958592】
2021-08-01 01:15:38 GSD getOne 第 1 次 等待 3 秒
2021-08-01 01:15:41 查询号码 【1958592】，返回信息 {"status":"bad","msg":""}
2021-08-01 01:15:41 查询号码 【1958592】，GSD为【""】
2021-08-01 01:15:41 bad
2021-08-01 01:15:46 CHB 1958592?1627751741 第 1 次 等待 3 秒
2021-08-01 01:15:49 CHB 1958592?1627751741 第 1 次 获取到号码【1958592】GSD
2021-08-01 01:15:49 未获取到号码【1958592】GSD，查号吧 502 百度云加速 错误
2021-08-01 01:15:49 获取到号码【1958592】的GSD为【-】
2021-08-01 01:15:53 GSD insert 第 1 次 等待 3 秒
2021-08-01 01:15:56 {"status":"ok","gid":462082,"msg":"添加成功！"}
2021-08-01 01:15:56 下次操作: 2021-08-01 01:16:13

2021-08-01 01:16:13 开始第 19 次操作

2021-08-01 01:16:13 开始操作号码 【1958591】
2021-08-01 01:16:18 GSD getOne 第 1 次 等待 3 秒
2021-08-01 01:16:21 查询号码 【1958591】，返回信息 {"status":"bad","msg":""}
2021-08-01 01:16:21 查询号码 【1958591】，GSD为【""】
2021-08-01 01:16:21 bad
2021-08-01 01:16:25 CHB 1958591?1627751781 第 1 次 等待 3 秒
2021-08-01 01:16:28 CHB 1958591?1627751781 第 1 次 获取到号码【1958591】GSD
2021-08-01 01:16:28 未获取到号码【1958591】GSD，查号吧 502 百度云加速 错误
2021-08-01 01:16:28 获取到号码【1958591】的GSD为【-】
2021-08-01 01:16:32 GSD insert 第 1 次 等待 3 秒
2021-08-01 01:16:35 {"status":"ok","gid":462091,"msg":"添加成功！"}
2021-08-01 01:16:35 下次操作: 2021-08-01 01:16:51

2021-08-01 01:16:51 开始第 20 次操作

2021-08-01 01:16:51 开始操作号码 【1958590】
2021-08-01 01:16:58 GSD getOne 第 1 次 等待 3 秒
2021-08-01 01:17:01 查询号码 【1958590】，返回信息 {"status":"bad","msg":""}
2021-08-01 01:17:01 查询号码 【1958590】，GSD为【""】
2021-08-01 01:17:01 bad
2021-08-01 01:17:04 CHB 1958590?1627751821 第 1 次 等待 3 秒
2021-08-01 01:17:07 CHB 1958590?1627751821 第 1 次 获取到号码【1958590】GSD
2021-08-01 01:17:07 获取到号码【1958590】的GSD为【贵州-贵阳】
2021-08-01 01:17:13 GSD insert 第 1 次 等待 3 秒
2021-08-01 01:17:16 {"status":"ok","gid":462098,"msg":"添加成功！"}
2021-08-01 01:17:16 下次操作: 2021-08-01 01:17:38

2021-08-01 01:17:38 开始第 21 次操作

2021-08-01 01:17:38 开始操作号码 【1958589】
2021-08-01 01:17:48 GSD getOne 第 1 次 等待 3 秒
2021-08-01 01:17:51 查询号码 【1958589】，返回信息 {"status":"bad","msg":""}
2021-08-01 01:17:51 查询号码 【1958589】，GSD为【""】
2021-08-01 01:17:51 bad
2021-08-01 01:17:53 CHB 1958589?1627751871 第 1 次 等待 3 秒
2021-08-01 01:17:56 CHB 1958589?1627751871 第 1 次 获取到号码【1958589】GSD
2021-08-01 01:17:56 获取到号码【1958589】的GSD为【贵州-贵阳】
2021-08-01 01:18:04 GSD insert 第 1 次 等待 3 秒
2021-08-01 01:18:07 {"status":"ok","gid":462107,"msg":"添加成功！"}
2021-08-01 01:18:07 下次操作: 2021-08-01 01:18:20

2021-08-01 01:18:20 开始第 22 次操作

2021-08-01 01:18:20 开始操作号码 【1958588】
2021-08-01 01:18:23 GSD getOne 第 1 次 等待 3 秒
2021-08-01 01:18:26 查询号码 【1958588】，返回信息 {"status":"bad","msg":""}
2021-08-01 01:18:26 查询号码 【1958588】，GSD为【""】
2021-08-01 01:18:26 bad
2021-08-01 01:18:29 CHB 1958588?1627751906 第 1 次 等待 3 秒
2021-08-01 01:18:32 CHB 1958588?1627751906 第 1 次 未获取到 等待 19 秒 下次操作: 2021-08-01 01:18:51
2021-08-01 01:18:54 CHB 1958588?1627751931 第 2 次 等待 3 秒
2021-08-01 01:18:57 CHB 1958588?1627751931 第 2 次 获取到号码【1958588】GSD
2021-08-01 01:18:57 获取到号码【1958588】的GSD为【贵州-贵阳】
2021-08-01 01:19:01 GSD insert 第 1 次 等待 3 秒
2021-08-01 01:19:04 {"status":"ok","gid":462122,"msg":"添加成功！"}
2021-08-01 01:19:04 下次操作: 2021-08-01 01:19:24

2021-08-01 01:19:24 开始第 23 次操作

2021-08-01 01:19:24 开始操作号码 【1958587】
2021-08-01 01:19:31 GSD getOne 第 1 次 等待 3 秒
2021-08-01 01:19:34 查询号码 【1958587】，返回信息 {"status":"bad","msg":""}
2021-08-01 01:19:34 查询号码 【1958587】，GSD为【""】
2021-08-01 01:19:34 bad
2021-08-01 01:19:36 CHB 1958587?1627751974 第 1 次 等待 3 秒
2021-08-01 01:19:39 CHB 1958587?1627751974 第 1 次 获取到号码【1958587】GSD
2021-08-01 01:19:39 获取到号码【1958587】的GSD为【贵州-贵阳】
2021-08-01 01:19:43 GSD insert 第 1 次 等待 3 秒
2021-08-01 01:19:46 {"status":"ok","gid":462132,"msg":"添加成功！"}
2021-08-01 01:19:46 下次操作: 2021-08-01 01:20:01

2021-08-01 01:20:01 开始第 24 次操作

2021-08-01 01:20:01 开始操作号码 【1958586】
2021-08-01 01:20:05 GSD getOne 第 1 次 等待 3 秒
2021-08-01 01:20:08 查询号码 【1958586】，返回信息 {"status":"bad","msg":""}
2021-08-01 01:20:08 查询号码 【1958586】，GSD为【""】
2021-08-01 01:20:08 bad
2021-08-01 01:20:09 CHB 1958586?1627752008 第 1 次 等待 3 秒
2021-08-01 01:20:12 CHB 1958586?1627752008 第 1 次 获取到号码【1958586】GSD
2021-08-01 01:20:13 获取到号码【1958586】的GSD为【贵州-贵阳】
2021-08-01 01:20:17 GSD insert 第 1 次 等待 3 秒
2021-08-01 01:20:20 {"status":"ok","gid":462140,"msg":"添加成功！"}
2021-08-01 01:20:20 下次操作: 2021-08-01 01:20:32

2021-08-01 01:20:32 开始第 25 次操作

2021-08-01 01:20:32 开始操作号码 【1958585】
2021-08-01 01:20:37 GSD getOne 第 1 次 等待 3 秒
2021-08-01 01:20:40 查询号码 【1958585】，返回信息 {"status":"bad","msg":""}
2021-08-01 01:20:40 查询号码 【1958585】，GSD为【""】
2021-08-01 01:20:40 bad
2021-08-01 01:20:42 CHB 1958585?1627752040 第 1 次 等待 3 秒
2021-08-01 01:20:45 CHB 1958585?1627752040 第 1 次 获取到号码【1958585】GSD
2021-08-01 01:20:45 获取到号码【1958585】的GSD为【贵州-贵阳】
2021-08-01 01:20:54 GSD insert 第 1 次 等待 3 秒
2021-08-01 01:20:57 {"status":"ok","gid":462148,"msg":"添加成功！"}
2021-08-01 01:20:57 下次操作: 2021-08-01 01:21:12

2021-08-01 01:21:12 开始第 26 次操作

2021-08-01 01:21:12 开始操作号码 【1958584】
2021-08-01 01:21:20 GSD getOne 第 1 次 等待 3 秒
2021-08-01 01:21:23 查询号码 【1958584】，返回信息 {"status":"bad","msg":""}
2021-08-01 01:21:23 查询号码 【1958584】，GSD为【""】
2021-08-01 01:21:23 bad
2021-08-01 01:21:27 CHB 1958584?1627752083 第 1 次 等待 3 秒
2021-08-01 01:21:30 CHB 1958584?1627752083 第 1 次 获取到号码【1958584】GSD
2021-08-01 01:21:30 未获取到号码【1958584】GSD，查号吧 400 错误
2021-08-01 01:21:30 获取到号码【1958584】的GSD为【-】
2021-08-01 01:21:35 GSD insert 第 1 次 等待 3 秒
2021-08-01 01:21:38 {"status":"ok","gid":462157,"msg":"添加成功！"}
2021-08-01 01:21:38 下次操作: 2021-08-01 01:21:51

2021-08-01 01:21:51 开始第 27 次操作

2021-08-01 01:21:51 开始操作号码 【1958583】
2021-08-01 01:21:56 GSD getOne 第 1 次 等待 3 秒
2021-08-01 01:21:59 查询号码 【1958583】，返回信息 {"status":"bad","msg":""}
2021-08-01 01:21:59 查询号码 【1958583】，GSD为【""】
2021-08-01 01:21:59 bad
2021-08-01 01:22:00 CHB 1958583?1627752119 第 1 次 等待 3 秒
2021-08-01 01:22:03 CHB 1958583?1627752119 第 1 次 获取到号码【1958583】GSD
2021-08-01 01:22:04 获取到号码【1958583】的GSD为【贵州-贵阳】
2021-08-01 01:22:10 GSD insert 第 1 次 等待 3 秒
2021-08-01 01:22:13 {"status":"ok","gid":462167,"msg":"添加成功！"}
2021-08-01 01:22:13 下次操作: 2021-08-01 01:22:33

2021-08-01 01:22:33 开始第 28 次操作

2021-08-01 01:22:33 开始操作号码 【1958582】
2021-08-01 01:22:36 GSD getOne 第 1 次 等待 3 秒
2021-08-01 01:22:39 查询号码 【1958582】，返回信息 {"status":"bad","msg":""}
2021-08-01 01:22:39 查询号码 【1958582】，GSD为【""】
2021-08-01 01:22:39 bad
2021-08-01 01:22:42 CHB 1958582?1627752159 第 1 次 等待 3 秒
2021-08-01 01:22:45 CHB 1958582?1627752159 第 1 次 获取到号码【1958582】GSD
2021-08-01 01:22:45 获取到号码【1958582】的GSD为【贵州-贵阳】
2021-08-01 01:22:48 GSD insert 第 1 次 等待 3 秒
2021-08-01 01:22:51 {"status":"ok","gid":462176,"msg":"添加成功！"}
2021-08-01 01:22:51 下次操作: 2021-08-01 01:23:10

2021-08-01 01:23:10 开始第 29 次操作

2021-08-01 01:23:10 开始操作号码 【1958581】
2021-08-01 01:23:31 GSD getOne 第 1 次 等待 3 秒
2021-08-01 01:23:34 查询号码 【1958581】，返回信息 {"status":"bad","msg":""}
2021-08-01 01:23:34 查询号码 【1958581】，GSD为【""】
2021-08-01 01:23:34 bad
2021-08-01 01:23:36 CHB 1958581?1627752214 第 1 次 等待 3 秒
2021-08-01 01:23:39 CHB 1958581?1627752214 第 1 次 获取到号码【1958581】GSD
2021-08-01 01:23:39 获取到号码【1958581】的GSD为【贵州-贵阳】
2021-08-01 01:23:45 GSD insert 第 1 次 等待 3 秒
2021-08-01 01:23:48 {"status":"ok","gid":462189,"msg":"添加成功！"}
2021-08-01 01:23:48 下次操作: 2021-08-01 01:24:07

2021-08-01 01:24:07 开始第 30 次操作

2021-08-01 01:24:07 开始操作号码 【1958580】
2021-08-01 01:24:12 GSD getOne 第 1 次 等待 3 秒
2021-08-01 01:24:15 查询号码 【1958580】，返回信息 {"status":"bad","msg":""}
2021-08-01 01:24:15 查询号码 【1958580】，GSD为【""】
2021-08-01 01:24:15 bad
2021-08-01 01:24:18 CHB 1958580?1627752255 第 1 次 等待 3 秒
2021-08-01 01:24:21 CHB 1958580?1627752255 第 1 次 获取到号码【1958580】GSD
2021-08-01 01:24:21 获取到号码【1958580】的GSD为【贵州-贵阳】
2021-08-01 01:24:27 GSD insert 第 1 次 等待 3 秒
2021-08-01 01:24:30 {"status":"ok","gid":462198,"msg":"添加成功！"}
2021-08-01 01:24:30 下次操作: 2021-08-01 01:24:51

2021-08-01 01:24:51 开始第 31 次操作

2021-08-01 01:24:51 开始操作号码 【1958579】
2021-08-01 01:24:56 GSD getOne 第 1 次 等待 3 秒
2021-08-01 01:24:59 查询号码 【1958579】，返回信息 {"status":"bad","msg":""}
2021-08-01 01:24:59 查询号码 【1958579】，GSD为【""】
2021-08-01 01:24:59 bad
2021-08-01 01:25:00 CHB 1958579?1627752299 第 1 次 等待 3 秒
2021-08-01 01:25:03 CHB 1958579?1627752299 第 1 次 获取到号码【1958579】GSD
2021-08-01 01:25:03 获取到号码【1958579】的GSD为【贵州-毕节】
2021-08-01 01:25:07 GSD insert 第 1 次 等待 3 秒
2021-08-01 01:25:10 {"status":"ok","gid":462208,"msg":"添加成功！"}
2021-08-01 01:25:10 下次操作: 2021-08-01 01:25:26

2021-08-01 01:25:26 开始第 32 次操作

2021-08-01 01:25:26 开始操作号码 【1958578】
2021-08-01 01:25:31 GSD getOne 第 1 次 等待 3 秒
2021-08-01 01:25:34 查询号码 【1958578】，返回信息 {"status":"bad","msg":""}
2021-08-01 01:25:34 查询号码 【1958578】，GSD为【""】
2021-08-01 01:25:34 bad
2021-08-01 01:25:37 CHB 1958578?1627752334 第 1 次 等待 3 秒
2021-08-01 01:25:40 CHB 1958578?1627752334 第 1 次 获取到号码【1958578】GSD
2021-08-01 01:25:40 获取到号码【1958578】的GSD为【贵州-毕节】
2021-08-01 01:25:44 GSD insert 第 1 次 等待 3 秒
2021-08-01 01:25:47 {"status":"ok","gid":462216,"msg":"添加成功！"}
2021-08-01 01:25:47 下次操作: 2021-08-01 01:26:11

2021-08-01 01:26:11 开始第 33 次操作

2021-08-01 01:26:11 开始操作号码 【1958577】
2021-08-01 01:26:15 GSD getOne 第 1 次 等待 3 秒
2021-08-01 01:26:18 查询号码 【1958577】，返回信息 {"status":"bad","msg":""}
2021-08-01 01:26:18 查询号码 【1958577】，GSD为【""】
2021-08-01 01:26:18 bad
2021-08-01 01:26:25 CHB 1958577?1627752378 第 1 次 等待 3 秒
2021-08-01 01:26:28 CHB 1958577?1627752378 第 1 次 获取到号码【1958577】GSD
2021-08-01 01:26:28 获取到号码【1958577】的GSD为【贵州-毕节】
2021-08-01 01:26:37 GSD insert 第 1 次 等待 3 秒
2021-08-01 01:26:40 {"status":"ok","gid":462225,"msg":"添加成功！"}
2021-08-01 01:26:40 下次操作: 2021-08-01 01:26:55

2021-08-01 01:26:55 开始第 34 次操作

2021-08-01 01:26:55 开始操作号码 【1958576】
2021-08-01 01:26:59 GSD getOne 第 1 次 等待 3 秒
2021-08-01 01:27:02 查询号码 【1958576】，返回信息 {"status":"bad","msg":""}
2021-08-01 01:27:02 查询号码 【1958576】，GSD为【""】
2021-08-01 01:27:02 bad
2021-08-01 01:27:04 CHB 1958576?1627752422 第 1 次 等待 3 秒
2021-08-01 01:27:07 CHB 1958576?1627752422 第 1 次 获取到号码【1958576】GSD
2021-08-01 01:27:07 获取到号码【1958576】的GSD为【贵州-毕节】
2021-08-01 01:27:18 GSD insert 第 1 次 等待 3 秒
2021-08-01 01:27:21 {"status":"ok","gid":462235,"msg":"添加成功！"}
2021-08-01 01:27:21 下次操作: 2021-08-01 01:27:43

2021-08-01 01:27:43 开始第 35 次操作

2021-08-01 01:27:43 开始操作号码 【1958575】
2021-08-01 01:27:47 GSD getOne 第 1 次 等待 3 秒
2021-08-01 01:27:50 查询号码 【1958575】，返回信息 {"status":"bad","msg":""}
2021-08-01 01:27:50 查询号码 【1958575】，GSD为【""】
2021-08-01 01:27:50 bad
2021-08-01 01:27:52 CHB 1958575?1627752470 第 1 次 等待 3 秒
2021-08-01 01:27:55 CHB 1958575?1627752470 第 1 次 获取到号码【1958575】GSD
2021-08-01 01:27:55 未获取到号码【1958575】GSD，查号吧 400 错误
2021-08-01 01:27:55 获取到号码【1958575】的GSD为【-】
2021-08-01 01:28:01 GSD insert 第 1 次 等待 3 秒
2021-08-01 01:28:04 {"status":"ok","gid":462245,"msg":"添加成功！"}
2021-08-01 01:28:04 下次操作: 2021-08-01 01:28:24

2021-08-01 01:28:24 开始第 36 次操作

2021-08-01 01:28:24 开始操作号码 【1958574】
2021-08-01 01:28:28 GSD getOne 第 1 次 等待 3 秒
2021-08-01 01:28:31 查询号码 【1958574】，返回信息 {"status":"bad","msg":""}
2021-08-01 01:28:31 查询号码 【1958574】，GSD为【""】
2021-08-01 01:28:31 bad
2021-08-01 01:28:33 CHB 1958574?1627752511 第 1 次 等待 3 秒
2021-08-01 01:28:36 CHB 1958574?1627752511 第 1 次 获取到号码【1958574】GSD
2021-08-01 01:28:36 获取到号码【1958574】的GSD为【贵州-毕节】
2021-08-01 01:28:41 GSD insert 第 1 次 等待 3 秒
2021-08-01 01:28:44 {"status":"ok","gid":462255,"msg":"添加成功！"}
2021-08-01 01:28:44 下次操作: 2021-08-01 01:28:57

2021-08-01 01:28:57 开始第 37 次操作

2021-08-01 01:28:57 开始操作号码 【1958573】
2021-08-01 01:29:06 GSD getOne 第 1 次 等待 3 秒
2021-08-01 01:29:09 查询号码 【1958573】，返回信息 {"status":"bad","msg":""}
2021-08-01 01:29:09 查询号码 【1958573】，GSD为【""】
2021-08-01 01:29:09 bad
2021-08-01 01:29:13 CHB 1958573?1627752549 第 1 次 等待 3 秒
2021-08-01 01:29:16 CHB 1958573?1627752549 第 1 次 获取到号码【1958573】GSD
2021-08-01 01:29:16 获取到号码【1958573】的GSD为【贵州-毕节】
2021-08-01 01:29:21 GSD insert 第 1 次 等待 3 秒
2021-08-01 01:29:24 {"status":"ok","gid":462263,"msg":"添加成功！"}
2021-08-01 01:29:24 下次操作: 2021-08-01 01:29:45

2021-08-01 01:29:45 开始第 38 次操作

2021-08-01 01:29:45 开始操作号码 【1958572】
2021-08-01 01:29:48 GSD getOne 第 1 次 等待 3 秒
2021-08-01 01:29:51 查询号码 【1958572】，返回信息 {"status":"bad","msg":""}
2021-08-01 01:29:52 查询号码 【1958572】，GSD为【""】
2021-08-01 01:29:52 bad
2021-08-01 01:29:56 CHB 1958572?1627752592 第 1 次 等待 3 秒
2021-08-01 01:29:59 CHB 1958572?1627752592 第 1 次 获取到号码【1958572】GSD
2021-08-01 01:29:59 获取到号码【1958572】的GSD为【贵州-毕节】
2021-08-01 01:30:04 GSD insert 第 1 次 等待 3 秒
2021-08-01 01:30:07 {"status":"ok","gid":462270,"msg":"添加成功！"}
2021-08-01 01:30:07 下次操作: 2021-08-01 01:30:22

2021-08-01 01:30:22 开始第 39 次操作

2021-08-01 01:30:22 开始操作号码 【1958571】
2021-08-01 01:30:35 GSD getOne 第 1 次 等待 3 秒
2021-08-01 01:30:38 查询号码 【1958571】，返回信息 {"status":"bad","msg":""}
2021-08-01 01:30:39 查询号码 【1958571】，GSD为【""】
2021-08-01 01:30:39 bad
2021-08-01 01:30:41 CHB 1958571?1627752639 第 1 次 等待 3 秒
2021-08-01 01:30:44 CHB 1958571?1627752639 第 1 次 获取到号码【1958571】GSD
2021-08-01 01:30:44 获取到号码【1958571】的GSD为【贵州-毕节】
2021-08-01 01:30:51 GSD insert 第 1 次 等待 3 秒
2021-08-01 01:30:54 {"status":"ok","gid":462278,"msg":"添加成功！"}
2021-08-01 01:30:54 下次操作: 2021-08-01 01:31:11

2021-08-01 01:31:11 开始第 40 次操作

2021-08-01 01:31:11 开始操作号码 【1958570】
2021-08-01 01:31:16 GSD getOne 第 1 次 等待 3 秒
2021-08-01 01:31:19 查询号码 【1958570】，返回信息 {"status":"bad","msg":""}
2021-08-01 01:31:19 查询号码 【1958570】，GSD为【""】
2021-08-01 01:31:19 bad
2021-08-01 01:31:21 CHB 1958570?1627752679 第 1 次 等待 3 秒
2021-08-01 01:31:24 CHB 1958570?1627752679 第 1 次 获取到号码【1958570】GSD
2021-08-01 01:31:24 获取到号码【1958570】的GSD为【贵州-毕节】
2021-08-01 01:31:28 GSD insert 第 1 次 等待 3 秒
2021-08-01 01:31:31 {"status":"ok","gid":462282,"msg":"添加成功！"}

2021-08-01 01:42:43 开始第 1 次操作

2021-08-01 01:42:43 开始操作号码 【1958569】
2021-08-01 01:43:03 GSD getOne 第 1 次 等待 3 秒
2021-08-01 01:43:06 查询号码 【1958569】，返回信息 {"status":"bad","msg":""}
2021-08-01 01:43:06 查询号码 【1958569】，GSD为【""】
2021-08-01 01:43:06 bad
2021-08-01 01:43:07 CHB 1958569?1627753386 第 1 次 等待 3 秒
2021-08-01 01:43:10 CHB 1958569?1627753386 第 1 次 获取到号码【1958569】GSD
2021-08-01 01:43:10 获取到号码【1958569】的GSD为【贵州-六盘水】
2021-08-01 01:43:14 GSD insert 第 1 次 等待 3 秒
2021-08-01 01:43:17 {"status":"ok","gid":462346,"msg":"添加成功！"}
2021-08-01 01:43:17 下次操作: 2021-08-01 01:43:34

2021-08-01 01:43:34 开始第 2 次操作

2021-08-01 01:43:34 开始操作号码 【1958568】
2021-08-01 01:43:38 GSD getOne 第 1 次 等待 3 秒
2021-08-01 01:43:41 查询号码 【1958568】，返回信息 {"status":"bad","msg":""}
2021-08-01 01:43:41 查询号码 【1958568】，GSD为【""】
2021-08-01 01:43:41 bad
2021-08-01 01:43:42 CHB 1958568?1627753421 第 1 次 等待 3 秒
2021-08-01 01:43:46 CHB 1958568?1627753421 第 1 次 获取到号码【1958568】GSD
2021-08-01 01:43:46 获取到号码【1958568】的GSD为【贵州-六盘水】
2021-08-01 01:43:50 GSD insert 第 1 次 等待 3 秒
2021-08-01 01:43:53 {"status":"ok","gid":462354,"msg":"添加成功！"}
2021-08-01 01:43:53 下次操作: 2021-08-01 01:44:14

2021-08-01 01:44:14 开始第 3 次操作

2021-08-01 01:44:14 开始操作号码 【1958567】
2021-08-01 01:44:21 GSD getOne 第 1 次 等待 3 秒
2021-08-01 01:44:24 查询号码 【1958567】，返回信息 {"status":"bad","msg":""}
2021-08-01 01:44:24 查询号码 【1958567】，GSD为【""】
2021-08-01 01:44:24 bad
2021-08-01 01:44:26 CHB 1958567?1627753464 第 1 次 等待 3 秒
2021-08-01 01:44:29 CHB 1958567?1627753464 第 1 次 获取到号码【1958567】GSD
2021-08-01 01:44:29 获取到号码【1958567】的GSD为【贵州-六盘水】
2021-08-01 01:44:33 GSD insert 第 1 次 等待 3 秒
2021-08-01 01:44:36 {"status":"ok","gid":462363,"msg":"添加成功！"}
2021-08-01 01:44:36 下次操作: 2021-08-01 01:44:55

2021-08-01 01:44:55 开始第 4 次操作

2021-08-01 01:44:55 开始操作号码 【1958566】
2021-08-01 01:44:59 GSD getOne 第 1 次 等待 3 秒
2021-08-01 01:45:02 查询号码 【1958566】，返回信息 {"status":"bad","msg":""}
2021-08-01 01:45:02 查询号码 【1958566】，GSD为【""】
2021-08-01 01:45:02 bad
2021-08-01 01:45:04 CHB 1958566?1627753502 第 1 次 等待 3 秒
2021-08-01 01:45:07 CHB 1958566?1627753502 第 1 次 获取到号码【1958566】GSD
2021-08-01 01:45:07 获取到号码【1958566】的GSD为【贵州-六盘水】
2021-08-01 01:45:15 GSD insert 第 1 次 等待 3 秒
2021-08-01 01:45:18 {"status":"ok","gid":462375,"msg":"添加成功！"}
2021-08-01 01:45:18 下次操作: 2021-08-01 01:45:32

2021-08-01 01:45:32 开始第 5 次操作

2021-08-01 01:45:32 开始操作号码 【1958565】
2021-08-01 01:45:36 GSD getOne 第 1 次 等待 3 秒
2021-08-01 01:45:39 查询号码 【1958565】，返回信息 {"status":"bad","msg":""}
2021-08-01 01:45:39 查询号码 【1958565】，GSD为【""】
2021-08-01 01:45:39 bad
2021-08-01 01:45:40 CHB 1958565?1627753539 第 1 次 等待 3 秒
2021-08-01 01:45:43 CHB 1958565?1627753539 第 1 次 获取到号码【1958565】GSD
2021-08-01 01:45:43 未获取到号码【1958565】GSD，查号吧 400 错误
2021-08-01 01:45:43 获取到号码【1958565】的GSD为【-】
2021-08-01 01:45:47 GSD insert 第 1 次 等待 3 秒
2021-08-01 01:45:50 {"status":"ok","gid":462384,"msg":"添加成功！"}
2021-08-01 01:45:50 下次操作: 2021-08-01 01:46:05

2021-08-01 01:46:05 开始第 6 次操作

2021-08-01 01:46:05 开始操作号码 【1958564】
2021-08-01 01:46:09 GSD getOne 第 1 次 等待 3 秒
2021-08-01 01:46:12 查询号码 【1958564】，返回信息 {"status":"bad","msg":""}
2021-08-01 01:46:12 查询号码 【1958564】，GSD为【""】
2021-08-01 01:46:12 bad
2021-08-01 01:46:13 CHB 1958564?1627753572 第 1 次 等待 3 秒
2021-08-01 01:46:16 CHB 1958564?1627753572 第 1 次 获取到号码【1958564】GSD
2021-08-01 01:46:16 获取到号码【1958564】的GSD为【贵州-铜仁】
2021-08-01 01:46:20 GSD insert 第 1 次 等待 3 秒
2021-08-01 01:46:23 {"status":"ok","gid":462394,"msg":"添加成功！"}
2021-08-01 01:46:23 下次操作: 2021-08-01 01:46:36

2021-08-01 01:46:36 开始第 7 次操作

2021-08-01 01:46:36 开始操作号码 【1958563】
2021-08-01 01:46:41 GSD getOne 第 1 次 等待 3 秒
2021-08-01 01:46:44 查询号码 【1958563】，返回信息 {"status":"bad","msg":""}
2021-08-01 01:46:44 查询号码 【1958563】，GSD为【""】
2021-08-01 01:46:44 bad
2021-08-01 01:46:46 CHB 1958563?1627753604 第 1 次 等待 3 秒
2021-08-01 01:46:49 CHB 1958563?1627753604 第 1 次 获取到号码【1958563】GSD
2021-08-01 01:46:49 获取到号码【1958563】的GSD为【贵州-铜仁】
2021-08-01 01:46:53 GSD insert 第 1 次 等待 3 秒
2021-08-01 01:46:56 {"status":"ok","gid":462400,"msg":"添加成功！"}
2021-08-01 01:46:56 下次操作: 2021-08-01 01:47:17

2021-08-01 01:47:17 开始第 8 次操作

2021-08-01 01:47:17 开始操作号码 【1958562】
2021-08-01 01:47:21 GSD getOne 第 1 次 等待 3 秒
2021-08-01 01:47:24 查询号码 【1958562】，返回信息 {"status":"bad","msg":""}
2021-08-01 01:47:24 查询号码 【1958562】，GSD为【""】
2021-08-01 01:47:24 bad
2021-08-01 01:47:26 CHB 1958562?1627753644 第 1 次 等待 3 秒
2021-08-01 01:47:29 CHB 1958562?1627753644 第 1 次 获取到号码【1958562】GSD
2021-08-01 01:47:29 获取到号码【1958562】的GSD为【贵州-铜仁】
2021-08-01 01:47:32 GSD insert 第 1 次 等待 3 秒
2021-08-01 01:47:35 {"status":"ok","gid":462412,"msg":"添加成功！"}
2021-08-01 01:47:35 下次操作: 2021-08-01 01:47:56

2021-08-01 01:47:56 开始第 9 次操作

2021-08-01 01:47:56 开始操作号码 【1958561】
2021-08-01 01:48:00 GSD getOne 第 1 次 等待 3 秒
2021-08-01 01:48:03 查询号码 【1958561】，返回信息 {"status":"bad","msg":""}
2021-08-01 01:48:03 查询号码 【1958561】，GSD为【""】
2021-08-01 01:48:03 bad
2021-08-01 01:48:05 CHB 1958561?1627753683 第 1 次 等待 3 秒
2021-08-01 01:48:08 CHB 1958561?1627753683 第 1 次 获取到号码【1958561】GSD
2021-08-01 01:48:08 获取到号码【1958561】的GSD为【贵州-铜仁】
2021-08-01 01:48:15 GSD insert 第 1 次 等待 3 秒
2021-08-01 01:48:18 {"status":"ok","gid":462423,"msg":"添加成功！"}
2021-08-01 01:48:18 下次操作: 2021-08-01 01:48:39

2021-08-01 01:48:39 开始第 10 次操作

2021-08-01 01:48:39 开始操作号码 【1958560】
2021-08-01 01:48:45 GSD getOne 第 1 次 等待 3 秒
2021-08-01 01:48:48 查询号码 【1958560】，返回信息 {"status":"bad","msg":""}
2021-08-01 01:48:48 查询号码 【1958560】，GSD为【""】
2021-08-01 01:48:48 bad
2021-08-01 01:48:50 CHB 1958560?1627753728 第 1 次 等待 3 秒
2021-08-01 01:48:53 CHB 1958560?1627753728 第 1 次 获取到号码【1958560】GSD
2021-08-01 01:48:53 获取到号码【1958560】的GSD为【贵州-铜仁】
2021-08-01 01:48:58 GSD insert 第 1 次 等待 3 秒
2021-08-01 01:49:01 {"status":"ok","gid":462431,"msg":"添加成功！"}
2021-08-01 01:49:01 下次操作: 2021-08-01 01:49:18

2021-08-01 01:49:18 开始第 11 次操作

2021-08-01 01:49:18 开始操作号码 【1958559】
2021-08-01 01:49:23 GSD getOne 第 1 次 等待 3 秒
2021-08-01 01:49:26 查询号码 【1958559】，返回信息 {"status":"bad","msg":""}
2021-08-01 01:49:26 查询号码 【1958559】，GSD为【""】
2021-08-01 01:49:26 bad
2021-08-01 01:49:28 CHB 1958559?1627753766 第 1 次 等待 3 秒
2021-08-01 01:49:31 CHB 1958559?1627753766 第 1 次 获取到号码【1958559】GSD
2021-08-01 01:49:31 获取到号码【1958559】的GSD为【贵州-黔东南】
2021-08-01 01:49:39 GSD insert 第 1 次 等待 3 秒
2021-08-01 01:49:42 {"status":"ok","gid":462440,"msg":"添加成功！"}
2021-08-01 01:49:42 下次操作: 2021-08-01 01:50:04

2021-08-01 01:50:04 开始第 12 次操作

2021-08-01 01:50:04 开始操作号码 【1958558】
2021-08-01 01:50:10 GSD getOne 第 1 次 等待 3 秒
2021-08-01 01:50:13 查询号码 【1958558】，返回信息 {"status":"bad","msg":""}
2021-08-01 01:50:13 查询号码 【1958558】，GSD为【""】
2021-08-01 01:50:13 bad
2021-08-01 01:50:14 CHB 1958558?1627753813 第 1 次 等待 3 秒
2021-08-01 01:50:17 CHB 1958558?1627753813 第 1 次 获取到号码【1958558】GSD
2021-08-01 01:50:18 获取到号码【1958558】的GSD为【贵州-黔东南】
2021-08-01 01:50:21 GSD insert 第 1 次 等待 3 秒
2021-08-01 01:50:24 {"status":"ok","gid":462451,"msg":"添加成功！"}
2021-08-01 01:50:24 下次操作: 2021-08-01 01:50:43

2021-08-01 01:50:43 开始第 13 次操作

2021-08-01 01:50:43 开始操作号码 【1958557】
2021-08-01 01:50:50 GSD getOne 第 1 次 等待 3 秒
2021-08-01 01:50:53 查询号码 【1958557】，返回信息 {"status":"bad","msg":""}
2021-08-01 01:50:53 查询号码 【1958557】，GSD为【""】
2021-08-01 01:50:53 bad
2021-08-01 01:50:55 CHB 1958557?1627753853 第 1 次 等待 3 秒
2021-08-01 01:50:58 CHB 1958557?1627753853 第 1 次 获取到号码【1958557】GSD
2021-08-01 01:50:58 获取到号码【1958557】的GSD为【贵州-黔东南】
2021-08-01 01:51:04 GSD insert 第 1 次 等待 3 秒
2021-08-01 01:51:07 {"status":"ok","gid":462462,"msg":"添加成功！"}
2021-08-01 01:51:07 下次操作: 2021-08-01 01:51:30

2021-08-01 01:51:30 开始第 14 次操作

2021-08-01 01:51:30 开始操作号码 【1958556】
2021-08-01 01:51:35 GSD getOne 第 1 次 等待 3 秒
2021-08-01 01:51:39 查询号码 【1958556】，返回信息 {"status":"bad","msg":""}
2021-08-01 01:51:39 查询号码 【1958556】，GSD为【""】
2021-08-01 01:51:39 bad
2021-08-01 01:51:40 CHB 1958556?1627753899 第 1 次 等待 3 秒
2021-08-01 01:51:43 CHB 1958556?1627753899 第 1 次 获取到号码【1958556】GSD
2021-08-01 01:51:43 获取到号码【1958556】的GSD为【贵州-黔东南】
2021-08-01 01:51:50 GSD insert 第 1 次 等待 3 秒
2021-08-01 01:51:53 {"status":"ok","gid":462476,"msg":"添加成功！"}
2021-08-01 01:51:53 下次操作: 2021-08-01 01:52:17

2021-08-01 01:52:18 开始第 15 次操作

2021-08-01 01:52:18 开始操作号码 【1958555】
2021-08-01 01:52:22 GSD getOne 第 1 次 等待 3 秒
2021-08-01 01:52:25 查询号码 【1958555】，返回信息 {"status":"bad","msg":""}
2021-08-01 01:52:25 查询号码 【1958555】，GSD为【""】
2021-08-01 01:52:25 bad
2021-08-01 01:52:27 CHB 1958555?1627753945 第 1 次 等待 3 秒
2021-08-01 01:52:30 CHB 1958555?1627753945 第 1 次 获取到号码【1958555】GSD
2021-08-01 01:52:30 获取到号码【1958555】的GSD为【贵州-黔东南】
2021-08-01 01:52:34 GSD insert 第 1 次 等待 3 秒
2021-08-01 01:52:37 {"status":"ok","gid":462486,"msg":"添加成功！"}
2021-08-01 01:52:37 下次操作: 2021-08-01 01:52:53

2021-08-01 01:52:53 开始第 16 次操作

2021-08-01 01:52:53 开始操作号码 【1958554】
2021-08-01 01:52:57 GSD getOne 第 1 次 等待 3 秒
2021-08-01 01:53:00 查询号码 【1958554】，返回信息 {"status":"bad","msg":""}
2021-08-01 01:53:00 查询号码 【1958554】，GSD为【""】
2021-08-01 01:53:00 bad
2021-08-01 01:53:01 CHB 1958554?1627753980 第 1 次 等待 3 秒
2021-08-01 01:53:04 CHB 1958554?1627753980 第 1 次 获取到号码【1958554】GSD
2021-08-01 01:53:04 获取到号码【1958554】的GSD为【贵州-黔东南】
2021-08-01 01:53:10 GSD insert 第 1 次 等待 3 秒
2021-08-01 01:53:13 {"status":"ok","gid":462492,"msg":"添加成功！"}
2021-08-01 01:53:13 下次操作: 2021-08-01 01:53:31

2021-08-01 01:53:31 开始第 17 次操作

2021-08-01 01:53:31 开始操作号码 【1958553】
2021-08-01 01:53:35 GSD getOne 第 1 次 等待 3 秒
2021-08-01 01:53:38 查询号码 【1958553】，返回信息 {"status":"bad","msg":""}
2021-08-01 01:53:38 查询号码 【1958553】，GSD为【""】
2021-08-01 01:53:38 bad
2021-08-01 01:53:40 CHB 1958553?1627754018 第 1 次 等待 3 秒
2021-08-01 01:53:43 CHB 1958553?1627754018 第 1 次 获取到号码【1958553】GSD
2021-08-01 01:53:43 获取到号码【1958553】的GSD为【贵州-黔东南】
2021-08-01 01:53:49 GSD insert 第 1 次 等待 3 秒
2021-08-01 01:53:52 {"status":"ok","gid":462500,"msg":"添加成功！"}
2021-08-01 01:53:52 下次操作: 2021-08-01 01:54:12

2021-08-01 01:54:12 开始第 18 次操作

2021-08-01 01:54:12 开始操作号码 【1958552】
2021-08-01 01:54:17 GSD getOne 第 1 次 等待 3 秒
2021-08-01 01:54:20 查询号码 【1958552】，返回信息 {"status":"bad","msg":""}
2021-08-01 01:54:20 查询号码 【1958552】，GSD为【""】
2021-08-01 01:54:20 bad
2021-08-01 01:54:22 CHB 1958552?1627754060 第 1 次 等待 3 秒
2021-08-01 01:54:25 CHB 1958552?1627754060 第 1 次 获取到号码【1958552】GSD
2021-08-01 01:54:25 获取到号码【1958552】的GSD为【贵州-黔东南】
2021-08-01 01:54:34 GSD insert 第 1 次 等待 3 秒
2021-08-01 01:54:37 {"status":"ok","gid":462511,"msg":"添加成功！"}
2021-08-01 01:54:37 下次操作: 2021-08-01 01:54:54

2021-08-01 01:54:54 开始第 19 次操作

2021-08-01 01:54:54 开始操作号码 【1958551】
2021-08-01 01:54:59 GSD getOne 第 1 次 等待 3 秒
2021-08-01 01:55:02 查询号码 【1958551】，返回信息 {"status":"bad","msg":""}
2021-08-01 01:55:02 查询号码 【1958551】，GSD为【""】
2021-08-01 01:55:02 bad
2021-08-01 01:55:03 CHB 1958551?1627754102 第 1 次 等待 3 秒
2021-08-01 01:55:06 CHB 1958551?1627754102 第 1 次 获取到号码【1958551】GSD
2021-08-01 01:55:06 获取到号码【1958551】的GSD为【贵州-黔东南】
2021-08-01 01:55:12 GSD insert 第 1 次 等待 3 秒
2021-08-01 01:55:15 {"status":"ok","gid":462519,"msg":"添加成功！"}
2021-08-01 01:55:15 下次操作: 2021-08-01 01:55:30

2021-08-01 01:55:30 开始第 20 次操作

2021-08-01 01:55:30 开始操作号码 【1958550】
2021-08-01 01:55:35 GSD getOne 第 1 次 等待 3 秒
2021-08-01 01:55:38 查询号码 【1958550】，返回信息 {"status":"bad","msg":""}
2021-08-01 01:55:38 查询号码 【1958550】，GSD为【""】
2021-08-01 01:55:38 bad
2021-08-01 01:55:39 CHB 1958550?1627754138 第 1 次 等待 3 秒
2021-08-01 01:55:42 CHB 1958550?1627754138 第 1 次 获取到号码【1958550】GSD
2021-08-01 01:55:42 获取到号码【1958550】的GSD为【贵州-黔东南】
2021-08-01 01:55:46 GSD insert 第 1 次 等待 3 秒
2021-08-01 01:55:49 {"status":"ok","gid":462529,"msg":"添加成功！"}
2021-08-01 01:55:49 下次操作: 2021-08-01 01:56:04

2021-08-01 01:56:04 开始第 21 次操作

2021-08-01 01:56:04 开始操作号码 【1958549】
2021-08-01 01:56:08 GSD getOne 第 1 次 等待 3 秒
2021-08-01 01:56:11 查询号码 【1958549】，返回信息 {"status":"bad","msg":""}
2021-08-01 01:56:11 查询号码 【1958549】，GSD为【""】
2021-08-01 01:56:11 bad
2021-08-01 01:56:12 CHB 1958549?1627754171 第 1 次 等待 3 秒
2021-08-01 01:56:15 CHB 1958549?1627754171 第 1 次 获取到号码【1958549】GSD
2021-08-01 01:56:16 获取到号码【1958549】的GSD为【贵州-黔南】
2021-08-01 01:56:20 GSD insert 第 1 次 等待 3 秒
2021-08-01 01:56:23 {"status":"ok","gid":462538,"msg":"添加成功！"}
2021-08-01 01:56:23 下次操作: 2021-08-01 01:56:40

2021-08-01 01:56:40 开始第 22 次操作

2021-08-01 01:56:40 开始操作号码 【1958548】
2021-08-01 01:56:46 GSD getOne 第 1 次 等待 3 秒
2021-08-01 01:56:49 查询号码 【1958548】，返回信息 {"status":"bad","msg":""}
2021-08-01 01:56:49 查询号码 【1958548】，GSD为【""】
2021-08-01 01:56:49 bad
2021-08-01 01:56:50 CHB 1958548?1627754209 第 1 次 等待 3 秒
2021-08-01 01:56:53 CHB 1958548?1627754209 第 1 次 获取到号码【1958548】GSD
2021-08-01 01:56:54 获取到号码【1958548】的GSD为【贵州-黔南】
2021-08-01 01:56:59 GSD insert 第 1 次 等待 3 秒
2021-08-01 01:57:02 {"status":"ok","gid":462548,"msg":"添加成功！"}
2021-08-01 01:57:02 下次操作: 2021-08-01 01:57:16

2021-08-01 01:57:16 开始第 23 次操作

2021-08-01 01:57:16 开始操作号码 【1958547】
2021-08-01 01:57:20 GSD getOne 第 1 次 等待 3 秒
2021-08-01 01:57:23 查询号码 【1958547】，返回信息 {"status":"bad","msg":""}
2021-08-01 01:57:23 查询号码 【1958547】，GSD为【""】
2021-08-01 01:57:23 bad
2021-08-01 01:57:25 CHB 1958547?1627754243 第 1 次 等待 3 秒
2021-08-01 01:57:28 CHB 1958547?1627754243 第 1 次 获取到号码【1958547】GSD
2021-08-01 01:57:28 获取到号码【1958547】的GSD为【贵州-黔南】
2021-08-01 01:57:35 GSD insert 第 1 次 等待 3 秒
2021-08-01 01:57:38 {"status":"ok","gid":462559,"msg":"添加成功！"}
2021-08-01 01:57:38 下次操作: 2021-08-01 01:57:59

2021-08-01 01:57:59 开始第 24 次操作

2021-08-01 01:57:59 开始操作号码 【1958546】
2021-08-01 01:58:29 GSD getOne 第 1 次 等待 3 秒
2021-08-01 01:58:32 查询号码 【1958546】，返回信息 {"status":"bad","msg":""}
2021-08-01 01:58:32 查询号码 【1958546】，GSD为【""】
2021-08-01 01:58:32 bad
2021-08-01 01:58:33 CHB 1958546?1627754312 第 1 次 等待 3 秒
2021-08-01 01:58:36 CHB 1958546?1627754312 第 1 次 获取到号码【1958546】GSD
2021-08-01 01:58:36 获取到号码【1958546】的GSD为【贵州-黔南】
2021-08-01 01:58:40 GSD insert 第 1 次 等待 3 秒
2021-08-01 01:58:43 {"status":"ok","gid":462575,"msg":"添加成功！"}
2021-08-01 01:58:43 下次操作: 2021-08-01 01:59:03

2021-08-01 01:59:03 开始第 25 次操作

2021-08-01 01:59:03 开始操作号码 【1958545】
2021-08-01 01:59:07 GSD getOne 第 1 次 等待 3 秒
2021-08-01 01:59:10 查询号码 【1958545】，返回信息 {"status":"bad","msg":""}
2021-08-01 01:59:10 查询号码 【1958545】，GSD为【""】
2021-08-01 01:59:10 bad
2021-08-01 01:59:11 CHB 1958545?1627754350 第 1 次 等待 3 秒
2021-08-01 01:59:14 CHB 1958545?1627754350 第 1 次 获取到号码【1958545】GSD
2021-08-01 01:59:15 获取到号码【1958545】的GSD为【贵州-黔南】
2021-08-01 01:59:18 GSD insert 第 1 次 等待 3 秒
2021-08-01 01:59:21 {"status":"ok","gid":462585,"msg":"添加成功！"}
2021-08-01 01:59:21 下次操作: 2021-08-01 01:59:33

2021-08-01 01:59:33 开始第 26 次操作

2021-08-01 01:59:33 开始操作号码 【1958544】
2021-08-01 01:59:37 GSD getOne 第 1 次 等待 3 秒
2021-08-01 01:59:40 查询号码 【1958544】，返回信息 {"status":"bad","msg":""}
2021-08-01 01:59:40 查询号码 【1958544】，GSD为【""】
2021-08-01 01:59:40 bad
2021-08-01 01:59:41 CHB 1958544?1627754380 第 1 次 等待 3 秒
2021-08-01 01:59:44 CHB 1958544?1627754380 第 1 次 获取到号码【1958544】GSD
2021-08-01 01:59:44 获取到号码【1958544】的GSD为【贵州-毕节】
2021-08-01 01:59:48 GSD insert 第 1 次 等待 3 秒
2021-08-01 01:59:51 {"status":"ok","gid":462594,"msg":"添加成功！"}
2021-08-01 01:59:51 下次操作: 2021-08-01 02:00:13

2021-08-01 02:00:13 开始第 27 次操作

2021-08-01 02:00:13 开始操作号码 【1958543】
2021-08-01 02:00:19 GSD getOne 第 1 次 等待 3 秒
2021-08-01 02:00:22 查询号码 【1958543】，返回信息 {"status":"bad","msg":""}
2021-08-01 02:00:22 查询号码 【1958543】，GSD为【""】
2021-08-01 02:00:22 bad
2021-08-01 02:00:24 CHB 1958543?1627754422 第 1 次 等待 3 秒
2021-08-01 02:00:27 CHB 1958543?1627754422 第 1 次 获取到号码【1958543】GSD
2021-08-01 02:00:27 获取到号码【1958543】的GSD为【贵州-毕节】
2021-08-01 02:00:31 GSD insert 第 1 次 等待 3 秒
2021-08-01 02:00:34 {"status":"ok","gid":462604,"msg":"添加成功！"}
2021-08-01 02:00:34 下次操作: 2021-08-01 02:00:46

2021-08-01 02:00:46 开始第 28 次操作

2021-08-01 02:00:46 开始操作号码 【1958542】
2021-08-01 02:00:50 GSD getOne 第 1 次 等待 3 秒
2021-08-01 02:00:53 查询号码 【1958542】，返回信息 {"status":"bad","msg":""}
2021-08-01 02:00:53 查询号码 【1958542】，GSD为【""】
2021-08-01 02:00:53 bad
2021-08-01 02:00:54 CHB 1958542?1627754453 第 1 次 等待 3 秒
2021-08-01 02:00:57 CHB 1958542?1627754453 第 1 次 获取到号码【1958542】GSD
2021-08-01 02:00:58 获取到号码【1958542】的GSD为【贵州-毕节】
2021-08-01 02:01:04 GSD insert 第 1 次 等待 3 秒
2021-08-01 02:01:07 {"status":"ok","gid":462612,"msg":"添加成功！"}
2021-08-01 02:01:07 下次操作: 2021-08-01 02:01:31

2021-08-01 02:01:31 开始第 29 次操作

2021-08-01 02:01:31 开始操作号码 【1958541】
2021-08-01 02:01:36 GSD getOne 第 1 次 等待 3 秒
2021-08-01 02:01:39 查询号码 【1958541】，返回信息 {"status":"ok","msg":"贵州-毕节","gid":"57667","time_insert":"2021-05-12 10:32","time_update":"2021-06-24 22:18"}
2021-08-01 02:01:39 查询号码 【1958541】，GSD为【"贵州-毕节"】

2021-08-01 02:01:39 开始第 29 次操作

2021-08-01 02:01:39 开始操作号码 【1958540】
2021-08-01 02:01:43 GSD getOne 第 1 次 等待 3 秒
2021-08-01 02:01:46 查询号码 【1958540】，返回信息 {"status":"bad","msg":""}
2021-08-01 02:01:47 查询号码 【1958540】，GSD为【""】
2021-08-01 02:01:47 bad
2021-08-01 02:01:48 CHB 1958540?1627754507 第 1 次 等待 3 秒
2021-08-01 02:01:51 CHB 1958540?1627754507 第 1 次 获取到号码【1958540】GSD
2021-08-01 02:01:51 获取到号码【1958540】的GSD为【贵州-毕节】
2021-08-01 02:01:56 GSD insert 第 1 次 等待 3 秒
2021-08-01 02:01:59 {"status":"ok","gid":462622,"msg":"添加成功！"}
2021-08-01 02:01:59 下次操作: 2021-08-01 02:02:23

2021-08-01 02:02:23 开始第 30 次操作

2021-08-01 02:02:23 开始操作号码 【1958539】
2021-08-01 02:02:27 GSD getOne 第 1 次 等待 3 秒
2021-08-01 02:02:30 查询号码 【1958539】，返回信息 {"status":"bad","msg":""}
2021-08-01 02:02:30 查询号码 【1958539】，GSD为【""】
2021-08-01 02:02:30 bad
2021-08-01 02:02:31 CHB 1958539?1627754550 第 1 次 等待 3 秒
2021-08-01 02:02:35 CHB 1958539?1627754550 第 1 次 获取到号码【1958539】GSD
2021-08-01 02:02:35 获取到号码【1958539】的GSD为【贵州-六盘水】
2021-08-01 02:02:38 GSD insert 第 1 次 等待 3 秒
2021-08-01 02:02:41 {"status":"ok","gid":462631,"msg":"添加成功！"}
2021-08-01 02:02:41 下次操作: 2021-08-01 02:03:03

2021-08-01 02:03:03 开始第 31 次操作

2021-08-01 02:03:03 开始操作号码 【1958538】
2021-08-01 02:03:07 GSD getOne 第 1 次 等待 3 秒
2021-08-01 02:03:10 查询号码 【1958538】，返回信息 {"status":"bad","msg":""}
2021-08-01 02:03:10 查询号码 【1958538】，GSD为【""】
2021-08-01 02:03:10 bad
2021-08-01 02:03:11 CHB 1958538?1627754590 第 1 次 等待 3 秒
2021-08-01 02:03:14 CHB 1958538?1627754590 第 1 次 获取到号码【1958538】GSD
2021-08-01 02:03:14 获取到号码【1958538】的GSD为【贵州-六盘水】
2021-08-01 02:03:19 GSD insert 第 1 次 等待 3 秒
2021-08-01 02:03:22 {"status":"ok","gid":462641,"msg":"添加成功！"}
2021-08-01 02:03:22 下次操作: 2021-08-01 02:03:35

2021-08-01 02:03:35 开始第 32 次操作

2021-08-01 02:03:35 开始操作号码 【1958537】
2021-08-01 02:03:39 GSD getOne 第 1 次 等待 3 秒
2021-08-01 02:03:42 查询号码 【1958537】，返回信息 {"status":"bad","msg":""}
2021-08-01 02:03:43 查询号码 【1958537】，GSD为【""】
2021-08-01 02:03:43 bad
2021-08-01 02:03:44 CHB 1958537?1627754623 第 1 次 等待 3 秒
2021-08-01 02:03:47 CHB 1958537?1627754623 第 1 次 获取到号码【1958537】GSD
2021-08-01 02:03:47 获取到号码【1958537】的GSD为【贵州-六盘水】
2021-08-01 02:03:51 GSD insert 第 1 次 等待 3 秒
2021-08-01 02:03:54 {"status":"ok","gid":462650,"msg":"添加成功！"}
2021-08-01 02:03:54 下次操作: 2021-08-01 02:04:07

2021-08-01 02:04:07 开始第 33 次操作

2021-08-01 02:04:07 开始操作号码 【1958536】
2021-08-01 02:04:11 GSD getOne 第 1 次 等待 3 秒
2021-08-01 02:04:14 查询号码 【1958536】，返回信息 {"status":"bad","msg":""}
2021-08-01 02:04:14 查询号码 【1958536】，GSD为【""】
2021-08-01 02:04:14 bad
2021-08-01 02:04:15 CHB 1958536?1627754654 第 1 次 等待 3 秒
2021-08-01 02:04:18 CHB 1958536?1627754654 第 1 次 获取到号码【1958536】GSD
2021-08-01 02:04:18 获取到号码【1958536】的GSD为【贵州-六盘水】
2021-08-01 02:04:22 GSD insert 第 1 次 等待 3 秒
2021-08-01 02:04:25 {"status":"ok","gid":462655,"msg":"添加成功！"}
2021-08-01 02:04:25 下次操作: 2021-08-01 02:04:47

2021-08-01 02:04:47 开始第 34 次操作

2021-08-01 02:04:47 开始操作号码 【1958535】
2021-08-01 02:04:51 GSD getOne 第 1 次 等待 3 秒
2021-08-01 02:04:54 查询号码 【1958535】，返回信息 {"status":"bad","msg":""}
2021-08-01 02:04:54 查询号码 【1958535】，GSD为【""】
2021-08-01 02:04:54 bad
2021-08-01 02:04:56 CHB 1958535?1627754694 第 1 次 等待 3 秒
2021-08-01 02:04:59 CHB 1958535?1627754694 第 1 次 获取到号码【1958535】GSD
2021-08-01 02:04:59 获取到号码【1958535】的GSD为【贵州-六盘水】
2021-08-01 02:05:04 GSD insert 第 1 次 等待 3 秒
2021-08-01 02:05:07 {"status":"ok","gid":462664,"msg":"添加成功！"}
2021-08-01 02:05:07 下次操作: 2021-08-01 02:05:23

2021-08-01 02:05:23 开始第 35 次操作

2021-08-01 02:05:23 开始操作号码 【1958534】
2021-08-01 02:05:27 GSD getOne 第 1 次 等待 3 秒
2021-08-01 02:05:30 查询号码 【1958534】，返回信息 {"status":"bad","msg":""}
2021-08-01 02:05:30 查询号码 【1958534】，GSD为【""】
2021-08-01 02:05:30 bad
2021-08-01 02:05:32 CHB 1958534?1627754730 第 1 次 等待 3 秒
2021-08-01 02:05:35 CHB 1958534?1627754730 第 1 次 获取到号码【1958534】GSD
2021-08-01 02:05:35 获取到号码【1958534】的GSD为【贵州-铜仁】
2021-08-01 02:05:40 GSD insert 第 1 次 等待 3 秒
2021-08-01 02:05:43 {"status":"ok","gid":462673,"msg":"添加成功！"}
2021-08-01 02:05:43 下次操作: 2021-08-01 02:05:57

2021-08-01 02:05:57 开始第 36 次操作

2021-08-01 02:05:57 开始操作号码 【1958533】
2021-08-01 02:06:02 GSD getOne 第 1 次 等待 3 秒
2021-08-01 02:06:05 查询号码 【1958533】，返回信息 {"status":"bad","msg":""}
2021-08-01 02:06:05 查询号码 【1958533】，GSD为【""】
2021-08-01 02:06:05 bad
2021-08-01 02:06:10 CHB 1958533?1627754765 第 1 次 等待 3 秒
2021-08-01 02:06:13 CHB 1958533?1627754765 第 1 次 获取到号码【1958533】GSD
2021-08-01 02:06:13 获取到号码【1958533】的GSD为【贵州-铜仁】
2021-08-01 02:06:17 GSD insert 第 1 次 等待 3 秒
2021-08-01 02:06:20 {"status":"ok","gid":462679,"msg":"添加成功！"}
2021-08-01 02:06:21 下次操作: 2021-08-01 02:06:34

2021-08-01 02:06:34 开始第 37 次操作

2021-08-01 02:06:34 开始操作号码 【1958532】
2021-08-01 02:06:37 GSD getOne 第 1 次 等待 3 秒
2021-08-01 02:06:40 查询号码 【1958532】，返回信息 {"status":"bad","msg":""}
2021-08-01 02:06:40 查询号码 【1958532】，GSD为【""】
2021-08-01 02:06:40 bad
2021-08-01 02:06:42 CHB 1958532?1627754800 第 1 次 等待 3 秒
2021-08-01 02:06:45 CHB 1958532?1627754800 第 1 次 获取到号码【1958532】GSD
2021-08-01 02:06:45 获取到号码【1958532】的GSD为【贵州-铜仁】
2021-08-01 02:06:49 GSD insert 第 1 次 等待 3 秒
2021-08-01 02:06:52 {"status":"ok","gid":462687,"msg":"添加成功！"}
2021-08-01 02:06:52 下次操作: 2021-08-01 02:07:04

2021-08-01 02:07:04 开始第 38 次操作

2021-08-01 02:07:04 开始操作号码 【1958531】
2021-08-01 02:07:08 GSD getOne 第 1 次 等待 3 秒
2021-08-01 02:07:11 查询号码 【1958531】，返回信息 {"status":"bad","msg":""}
2021-08-01 02:07:11 查询号码 【1958531】，GSD为【""】
2021-08-01 02:07:11 bad
2021-08-01 02:07:13 CHB 1958531?1627754831 第 1 次 等待 3 秒
2021-08-01 02:07:16 CHB 1958531?1627754831 第 1 次 获取到号码【1958531】GSD
2021-08-01 02:07:16 获取到号码【1958531】的GSD为【贵州-铜仁】
2021-08-01 02:07:19 GSD insert 第 1 次 等待 3 秒
2021-08-01 02:07:22 {"status":"ok","gid":462694,"msg":"添加成功！"}
2021-08-01 02:07:22 下次操作: 2021-08-01 02:07:42

2021-08-01 02:07:42 开始第 39 次操作

2021-08-01 02:07:42 开始操作号码 【1958530】
2021-08-01 02:07:47 GSD getOne 第 1 次 等待 3 秒
2021-08-01 02:07:50 查询号码 【1958530】，返回信息 {"status":"bad","msg":""}
2021-08-01 02:07:50 查询号码 【1958530】，GSD为【""】
2021-08-01 02:07:50 bad
2021-08-01 02:07:52 CHB 1958530?1627754870 第 1 次 等待 3 秒
2021-08-01 02:07:55 CHB 1958530?1627754870 第 1 次 获取到号码【1958530】GSD
2021-08-01 02:07:55 获取到号码【1958530】的GSD为【贵州-铜仁】
2021-08-01 02:07:58 GSD insert 第 1 次 等待 3 秒
2021-08-01 02:08:01 {"status":"ok","gid":462699,"msg":"添加成功！"}
2021-08-01 02:08:01 下次操作: 2021-08-01 02:08:13

2021-08-01 02:08:13 开始第 40 次操作

2021-08-01 02:08:13 开始操作号码 【1958529】
2021-08-01 02:08:20 GSD getOne 第 1 次 等待 3 秒
2021-08-01 02:08:23 查询号码 【1958529】，返回信息 {"status":"bad","msg":""}
2021-08-01 02:08:23 查询号码 【1958529】，GSD为【""】
2021-08-01 02:08:23 bad
2021-08-01 02:08:24 CHB 1958529?1627754903 第 1 次 等待 3 秒
2021-08-01 02:08:27 CHB 1958529?1627754903 第 1 次 获取到号码【1958529】GSD
2021-08-01 02:08:27 获取到号码【1958529】的GSD为【贵州-遵义】
2021-08-01 02:08:31 GSD insert 第 1 次 等待 3 秒
2021-08-01 02:08:34 {"status":"ok","gid":462705,"msg":"添加成功！"}

