2024-07-27 00:13:00 开始第 8833 次操作

2024-07-27 00:13:00 开始操作号码 【1558742】
2024-07-27 00:13:09 GSD getOne 第 1 次 等待 3 秒
2024-07-27 00:13:12 查询号码 【1558742】，返回信息 {"status":"ok","msg":"湖北-恩施","gid":"22312","time_insert":"2018-03-10 17:38","time_update":"2020-09-17 15:29"}
2024-07-27 00:13:13 查询号码 【1558742】，GSD为【"湖北-恩施"】

2024-07-27 00:13:14 开始第 8834 次操作

2024-07-27 00:13:14 开始操作号码 【1558743】
2024-07-27 00:13:22 GSD getOne 第 1 次 等待 3 秒
2024-07-27 00:13:25 查询号码 【1558743】，返回信息 {"status":"ok","msg":"湖北-恩施","gid":"381121","time_insert":"2021-07-24 20:06"}
2024-07-27 00:13:25 查询号码 【1558743】，GSD为【"湖北-恩施"】

2024-07-27 00:13:26 开始第 8835 次操作

2024-07-27 00:13:26 开始操作号码 【1558744】
2024-07-27 00:13:34 GSD getOne 第 1 次 等待 3 秒
2024-07-27 00:13:37 查询号码 【1558744】，返回信息 {"status":"ok","msg":"湖北-恩施","gid":"381115","time_insert":"2021-07-24 20:05"}
2024-07-27 00:13:37 查询号码 【1558744】，GSD为【"湖北-恩施"】

2024-07-27 00:13:38 开始第 8836 次操作

2024-07-27 00:13:38 开始操作号码 【1558745】
2024-07-27 00:13:48 GSD getOne 第 1 次 等待 3 秒
2024-07-27 00:13:51 查询号码 【1558745】，返回信息 {"status":"ok","msg":"湖北-恩施","gid":"22313","time_insert":"2017-05-01 00:00","time_update":"2021-06-04 19:50"}
2024-07-27 00:13:51 查询号码 【1558745】，GSD为【"湖北-恩施"】

2024-07-27 00:39:38 开始第 8837 次操作

2024-07-27 00:39:38 开始操作号码 【1558746】
2024-07-27 00:39:49 GSD getOne 第 1 次 等待 3 秒
2024-07-27 00:39:52 查询号码 【1558746】，返回信息 {"status":"ok","msg":"湖北-恩施","gid":"381112","time_insert":"2021-07-24 20:04"}
2024-07-27 00:39:52 查询号码 【1558746】，GSD为【"湖北-恩施"】

2024-07-27 00:39:53 开始第 8838 次操作

2024-07-27 00:39:53 开始操作号码 【1558747】
2024-07-27 00:40:00 GSD getOne 第 1 次 等待 3 秒
2024-07-27 00:40:03 查询号码 【1558747】，返回信息 {"status":"ok","msg":"湖北-恩施","gid":"381109","time_insert":"2021-07-24 20:03"}
2024-07-27 00:40:03 查询号码 【1558747】，GSD为【"湖北-恩施"】

2024-07-27 00:40:04 开始第 8839 次操作

2024-07-27 00:40:04 开始操作号码 【1558748】
2024-07-27 00:40:18 GSD getOne 第 1 次 等待 3 秒
2024-07-27 00:40:21 查询号码 【1558748】，返回信息 {"status":"ok","msg":"湖北-恩施","gid":"381105","time_insert":"2021-07-24 20:03"}
2024-07-27 00:40:21 查询号码 【1558748】，GSD为【"湖北-恩施"】

2024-07-27 00:40:22 开始第 8840 次操作

2024-07-27 00:40:22 开始操作号码 【1558749】
2024-07-27 00:40:32 GSD getOne 第 1 次 等待 3 秒
2024-07-27 00:40:35 查询号码 【1558749】，返回信息 {"status":"ok","msg":"湖北-恩施","gid":"381100","time_insert":"2021-07-24 20:02"}
2024-07-27 00:40:35 查询号码 【1558749】，GSD为【"湖北-恩施"】

