2024-08-02 00:13:00 开始第 9917 次操作

2024-08-02 00:13:00 开始操作号码 【1559826】
2024-08-02 00:13:09 GSD getOne 第 1 次 等待 3 秒
2024-08-02 00:13:12 查询号码 【1559826】，返回信息 {"status":"ok","msg":"内蒙古-呼和浩特","gid":"368081","time_insert":"2021-07-23 17:13"}
2024-08-02 00:13:12 查询号码 【1559826】，GSD为【"内蒙古-呼和浩特"】

2024-08-02 00:13:13 开始第 9918 次操作

2024-08-02 00:13:13 开始操作号码 【1559827】
2024-08-02 00:13:25 GSD getOne 第 1 次 等待 3 秒
2024-08-02 00:13:28 查询号码 【1559827】，返回信息 {"status":"ok","msg":"内蒙古-呼和浩特","gid":"368076","time_insert":"2021-07-23 17:12"}
2024-08-02 00:13:28 查询号码 【1559827】，GSD为【"内蒙古-呼和浩特"】

2024-08-02 00:13:29 开始第 9919 次操作

2024-08-02 00:13:29 开始操作号码 【1559828】
2024-08-02 00:13:38 GSD getOne 第 1 次 等待 3 秒
2024-08-02 00:13:41 查询号码 【1559828】，返回信息 {"status":"ok","msg":"内蒙古-呼和浩特","gid":"368071","time_insert":"2021-07-23 17:11"}
2024-08-02 00:13:41 查询号码 【1559828】，GSD为【"内蒙古-呼和浩特"】

2024-08-02 00:13:42 开始第 9920 次操作

2024-08-02 00:13:42 开始操作号码 【1559829】
2024-08-02 00:13:50 GSD getOne 第 1 次 等待 3 秒
2024-08-02 00:13:53 查询号码 【1559829】，返回信息 {"status":"ok","msg":"内蒙古-呼和浩特","gid":"368065","time_insert":"2021-07-23 17:10"}
2024-08-02 00:13:53 查询号码 【1559829】，GSD为【"内蒙古-呼和浩特"】

2024-08-02 00:38:46 开始第 9921 次操作

2024-08-02 00:38:46 开始操作号码 【1559830】
2024-08-02 00:38:54 GSD getOne 第 1 次 等待 3 秒
2024-08-02 00:38:57 查询号码 【1559830】，返回信息 {"status":"ok","msg":"内蒙古-包头","gid":"368057","time_insert":"2021-07-23 17:09"}
2024-08-02 00:38:57 查询号码 【1559830】，GSD为【"内蒙古-包头"】

2024-08-02 00:38:58 开始第 9922 次操作

2024-08-02 00:38:58 开始操作号码 【1559831】
2024-08-02 00:39:08 GSD getOne 第 1 次 等待 3 秒
2024-08-02 00:39:11 查询号码 【1559831】，返回信息 {"status":"ok","msg":"内蒙古-包头","gid":"368050","time_insert":"2021-07-23 17:08"}
2024-08-02 00:39:11 查询号码 【1559831】，GSD为【"内蒙古-包头"】

2024-08-02 00:39:12 开始第 9923 次操作

2024-08-02 00:39:12 开始操作号码 【1559832】
2024-08-02 00:39:21 GSD getOne 第 1 次 等待 3 秒
2024-08-02 00:39:24 查询号码 【1559832】，返回信息 {"status":"ok","msg":"内蒙古-包头","gid":"368043","time_insert":"2021-07-23 17:08"}
2024-08-02 00:39:24 查询号码 【1559832】，GSD为【"内蒙古-包头"】

2024-08-02 00:39:25 开始第 9924 次操作

2024-08-02 00:39:25 开始操作号码 【1559833】
2024-08-02 00:39:37 GSD getOne 第 1 次 等待 3 秒
2024-08-02 00:39:40 查询号码 【1559833】，返回信息 {"status":"ok","msg":"内蒙古-包头","gid":"368036","time_insert":"2021-07-23 17:07"}
2024-08-02 00:39:40 查询号码 【1559833】，GSD为【"内蒙古-包头"】

2024-08-02 01:10:46 开始第 9925 次操作

2024-08-02 01:10:46 开始操作号码 【1559834】
2024-08-02 01:10:54 GSD getOne 第 1 次 等待 3 秒
2024-08-02 01:10:57 查询号码 【1559834】，返回信息 {"status":"ok","msg":"内蒙古-包头","gid":"368020","time_insert":"2021-07-23 17:05"}
2024-08-02 01:10:57 查询号码 【1559834】，GSD为【"内蒙古-包头"】

2024-08-02 01:10:59 开始第 9926 次操作

2024-08-02 01:10:59 开始操作号码 【1559835】
2024-08-02 01:11:08 GSD getOne 第 1 次 等待 3 秒
2024-08-02 01:11:11 查询号码 【1559835】，返回信息 {"status":"ok","msg":"内蒙古-包头","gid":"368013","time_insert":"2021-07-23 17:05"}
2024-08-02 01:11:11 查询号码 【1559835】，GSD为【"内蒙古-包头"】

2024-08-02 01:11:12 开始第 9927 次操作

2024-08-02 01:11:12 开始操作号码 【1559836】
2024-08-02 01:11:21 GSD getOne 第 1 次 等待 3 秒
2024-08-02 01:11:24 查询号码 【1559836】，返回信息 {"status":"ok","msg":"内蒙古-包头","gid":"368001","time_insert":"2021-07-23 17:04"}
2024-08-02 01:11:24 查询号码 【1559836】，GSD为【"内蒙古-包头"】

2024-08-02 01:11:25 开始第 9928 次操作

2024-08-02 01:11:25 开始操作号码 【1559837】
2024-08-02 01:11:33 GSD getOne 第 1 次 等待 3 秒
2024-08-02 01:11:36 查询号码 【1559837】，返回信息 {"status":"ok","msg":"内蒙古-包头","gid":"367986","time_insert":"2021-07-23 17:03"}
2024-08-02 01:11:36 查询号码 【1559837】，GSD为【"内蒙古-包头"】

2024-08-02 01:33:00 开始第 9929 次操作

2024-08-02 01:33:00 开始操作号码 【1559838】
2024-08-02 01:33:08 GSD getOne 第 1 次 等待 3 秒
2024-08-02 01:33:11 查询号码 【1559838】，返回信息 {"status":"ok","msg":"内蒙古-包头","gid":"367975","time_insert":"2021-07-23 17:02"}
2024-08-02 01:33:11 查询号码 【1559838】，GSD为【"内蒙古-包头"】

2024-08-02 01:33:12 开始第 9930 次操作

2024-08-02 01:33:12 开始操作号码 【1559839】
2024-08-02 01:33:21 GSD getOne 第 1 次 等待 3 秒
2024-08-02 01:33:24 查询号码 【1559839】，返回信息 {"status":"ok","msg":"内蒙古-包头","gid":"367967","time_insert":"2021-07-23 17:01"}
2024-08-02 01:33:24 查询号码 【1559839】，GSD为【"内蒙古-包头"】

2024-08-02 01:33:25 开始第 9931 次操作

2024-08-02 01:33:25 开始操作号码 【1559840】
2024-08-02 01:33:33 GSD getOne 第 1 次 等待 3 秒
2024-08-02 01:33:36 查询号码 【1559840】，返回信息 {"status":"ok","msg":"内蒙古-包头","gid":"367955","time_insert":"2021-07-23 17:00"}
2024-08-02 01:33:36 查询号码 【1559840】，GSD为【"内蒙古-包头"】

2024-08-02 01:33:37 开始第 9932 次操作

2024-08-02 01:33:37 开始操作号码 【1559841】
2024-08-02 01:33:45 GSD getOne 第 1 次 等待 3 秒
2024-08-02 01:33:48 查询号码 【1559841】，返回信息 {"status":"ok","msg":"内蒙古-包头","gid":"367941","time_insert":"2021-07-23 16:59"}
2024-08-02 01:33:48 查询号码 【1559841】，GSD为【"内蒙古-包头"】

2024-08-02 02:13:17 开始第 9933 次操作

2024-08-02 02:13:17 开始操作号码 【1559842】
2024-08-02 02:13:28 GSD getOne 第 1 次 等待 3 秒
2024-08-02 02:13:31 查询号码 【1559842】，返回信息 {"status":"ok","msg":"内蒙古-包头","gid":"367930","time_insert":"2021-07-23 16:59"}
2024-08-02 02:13:31 查询号码 【1559842】，GSD为【"内蒙古-包头"】

2024-08-02 02:13:32 开始第 9934 次操作

2024-08-02 02:13:32 开始操作号码 【1559843】
2024-08-02 02:13:39 GSD getOne 第 1 次 等待 3 秒
2024-08-02 02:13:42 查询号码 【1559843】，返回信息 {"status":"ok","msg":"内蒙古-包头","gid":"367916","time_insert":"2021-07-23 16:58"}
2024-08-02 02:13:42 查询号码 【1559843】，GSD为【"内蒙古-包头"】

2024-08-02 02:13:44 开始第 9935 次操作

2024-08-02 02:13:44 开始操作号码 【1559844】
2024-08-02 02:13:51 GSD getOne 第 1 次 等待 3 秒
2024-08-02 02:13:54 查询号码 【1559844】，返回信息 {"status":"ok","msg":"内蒙古-包头","gid":"367906","time_insert":"2021-07-23 16:57"}
2024-08-02 02:13:54 查询号码 【1559844】，GSD为【"内蒙古-包头"】

2024-08-02 02:13:55 开始第 9936 次操作

2024-08-02 02:13:55 开始操作号码 【1559845】
2024-08-02 02:14:03 GSD getOne 第 1 次 等待 3 秒
2024-08-02 02:14:06 查询号码 【1559845】，返回信息 {"status":"ok","msg":"内蒙古-包头","gid":"367895","time_insert":"2021-07-23 16:56"}
2024-08-02 02:14:06 查询号码 【1559845】，GSD为【"内蒙古-包头"】

2024-08-02 02:37:46 开始第 9937 次操作

2024-08-02 02:37:46 开始操作号码 【1559846】
2024-08-02 02:37:56 GSD getOne 第 1 次 等待 3 秒
2024-08-02 02:37:59 查询号码 【1559846】，返回信息 {"status":"ok","msg":"内蒙古-包头","gid":"367883","time_insert":"2021-07-23 16:55"}
2024-08-02 02:37:59 查询号码 【1559846】，GSD为【"内蒙古-包头"】

2024-08-02 02:38:00 开始第 9938 次操作

2024-08-02 02:38:00 开始操作号码 【1559847】
2024-08-02 02:38:27 GSD getOne 第 1 次 等待 3 秒
2024-08-02 02:38:30 查询号码 【1559847】，返回信息 {"status":"ok","msg":"内蒙古-包头","gid":"367869","time_insert":"2021-07-23 16:54"}
2024-08-02 02:38:30 查询号码 【1559847】，GSD为【"内蒙古-包头"】

2024-08-02 02:38:31 开始第 9939 次操作

2024-08-02 02:38:31 开始操作号码 【1559848】
2024-08-02 02:38:40 GSD getOne 第 1 次 等待 3 秒
2024-08-02 02:38:43 查询号码 【1559848】，返回信息 {"status":"ok","msg":"内蒙古-包头","gid":"367858","time_insert":"2021-07-23 16:53"}
2024-08-02 02:38:43 查询号码 【1559848】，GSD为【"内蒙古-包头"】

2024-08-02 02:38:44 开始第 9940 次操作

2024-08-02 02:38:44 开始操作号码 【1559849】
2024-08-02 02:38:52 GSD getOne 第 1 次 等待 3 秒
2024-08-02 02:38:55 查询号码 【1559849】，返回信息 {"status":"ok","msg":"内蒙古-包头","gid":"367847","time_insert":"2021-07-23 16:53"}
2024-08-02 02:38:55 查询号码 【1559849】，GSD为【"内蒙古-包头"】

