2024-03-03 00:10:13 开始第 6953 次操作

2024-03-03 00:10:13 开始操作号码 【1776866】
2024-03-03 00:10:21 GSD getOne 第 1 次 等待 3 秒
2024-03-03 00:10:24 查询号码 【1776866】，返回信息 {"status":"ok","msg":"江苏-镇江","gid":"235579","time_insert":"2021-07-10 01:50"}
2024-03-03 00:10:24 查询号码 【1776866】，GSD为【"江苏-镇江"】

2024-03-03 00:10:25 开始第 6954 次操作

2024-03-03 00:10:25 开始操作号码 【1776867】
2024-03-03 00:10:30 GSD getOne 第 1 次 等待 3 秒
2024-03-03 00:10:33 查询号码 【1776867】，返回信息 {"status":"ok","msg":"江苏-镇江","gid":"235575","time_insert":"2021-07-10 01:50"}
2024-03-03 00:10:33 查询号码 【1776867】，GSD为【"江苏-镇江"】

2024-03-03 00:10:34 开始第 6955 次操作

2024-03-03 00:10:34 开始操作号码 【1776868】
2024-03-03 00:10:40 GSD getOne 第 1 次 等待 3 秒
2024-03-03 00:10:43 查询号码 【1776868】，返回信息 {"status":"ok","msg":"江苏-南通","gid":"235570","time_insert":"2021-07-10 01:49"}
2024-03-03 00:10:43 查询号码 【1776868】，GSD为【"江苏-南通"】

2024-03-03 00:10:44 开始第 6956 次操作

2024-03-03 00:10:44 开始操作号码 【1776869】
2024-03-03 00:10:48 GSD getOne 第 1 次 等待 3 秒
2024-03-03 00:10:51 查询号码 【1776869】，返回信息 {"status":"ok","msg":"江苏-南通","gid":"235564","time_insert":"2021-07-10 01:49"}
2024-03-03 00:10:51 查询号码 【1776869】，GSD为【"江苏-南通"】

