2024-03-19 00:11:37 开始第 9849 次操作

2024-03-19 00:11:37 开始操作号码 【1779762】
2024-03-19 00:11:43 GSD getOne 第 1 次 等待 3 秒
2024-03-19 00:11:46 查询号码 【1779762】，返回信息 {"status":"ok","msg":"甘肃-兰州","gid":"206964","time_insert":"2021-07-06 15:40"}
2024-03-19 00:11:46 查询号码 【1779762】，GSD为【"甘肃-兰州"】

2024-03-19 00:11:47 开始第 9850 次操作

2024-03-19 00:11:47 开始操作号码 【1779763】
2024-03-19 00:11:52 GSD getOne 第 1 次 等待 3 秒
2024-03-19 00:11:55 查询号码 【1779763】，返回信息 {"status":"ok","msg":"甘肃-兰州","gid":"206957","time_insert":"2021-07-06 15:40"}
2024-03-19 00:11:55 查询号码 【1779763】，GSD为【"甘肃-兰州"】

2024-03-19 00:11:56 开始第 9851 次操作

2024-03-19 00:11:56 开始操作号码 【1779764】
2024-03-19 00:12:01 GSD getOne 第 1 次 等待 3 秒
2024-03-19 00:12:04 查询号码 【1779764】，返回信息 {"status":"ok","msg":"甘肃-兰州","gid":"206951","time_insert":"2021-07-06 15:39"}
2024-03-19 00:12:04 查询号码 【1779764】，GSD为【"甘肃-兰州"】

2024-03-19 00:12:05 开始第 9852 次操作

2024-03-19 00:12:05 开始操作号码 【1779765】
2024-03-19 00:12:10 GSD getOne 第 1 次 等待 3 秒
2024-03-19 00:12:13 查询号码 【1779765】，返回信息 {"status":"ok","msg":"甘肃-兰州","gid":"206943","time_insert":"2021-07-06 15:39"}
2024-03-19 00:12:13 查询号码 【1779765】，GSD为【"甘肃-兰州"】

2024-03-19 00:37:14 开始第 9853 次操作

2024-03-19 00:37:14 开始操作号码 【1779766】
2024-03-19 00:37:18 GSD getOne 第 1 次 等待 3 秒
2024-03-19 00:37:21 查询号码 【1779766】，返回信息 {"status":"ok","msg":"甘肃-兰州","gid":"301518","time_insert":"2021-07-17 09:02"}
2024-03-19 00:37:21 查询号码 【1779766】，GSD为【"甘肃-兰州"】

2024-03-19 00:37:22 开始第 9854 次操作

2024-03-19 00:37:22 开始操作号码 【1779767】
2024-03-19 00:37:27 GSD getOne 第 1 次 等待 3 秒
2024-03-19 00:37:30 查询号码 【1779767】，返回信息 {"status":"ok","msg":"甘肃-兰州","gid":"206932","time_insert":"2021-07-06 15:38"}
2024-03-19 00:37:30 查询号码 【1779767】，GSD为【"甘肃-兰州"】

2024-03-19 00:37:31 开始第 9855 次操作

2024-03-19 00:37:31 开始操作号码 【1779768】
2024-03-19 00:37:35 GSD getOne 第 1 次 等待 3 秒
2024-03-19 00:37:38 查询号码 【1779768】，返回信息 {"status":"ok","msg":"甘肃-兰州","gid":"206927","time_insert":"2021-07-06 15:38"}
2024-03-19 00:37:38 查询号码 【1779768】，GSD为【"甘肃-兰州"】

2024-03-19 00:37:39 开始第 9856 次操作

2024-03-19 00:37:39 开始操作号码 【1779769】
2024-03-19 00:37:44 GSD getOne 第 1 次 等待 3 秒
2024-03-19 00:37:47 查询号码 【1779769】，返回信息 {"status":"ok","msg":"甘肃-兰州","gid":"206922","time_insert":"2021-07-06 15:37"}
2024-03-19 00:37:47 查询号码 【1779769】，GSD为【"甘肃-兰州"】

2024-03-19 01:09:20 开始第 9857 次操作

2024-03-19 01:09:20 开始操作号码 【1779770】
2024-03-19 01:09:25 GSD getOne 第 1 次 等待 3 秒
2024-03-19 01:09:28 查询号码 【1779770】，返回信息 {"status":"ok","msg":"河南-新乡","gid":"206912","time_insert":"2021-07-06 15:37"}
2024-03-19 01:09:28 查询号码 【1779770】，GSD为【"河南-新乡"】

2024-03-19 01:09:29 开始第 9858 次操作

2024-03-19 01:09:29 开始操作号码 【1779771】
2024-03-19 01:09:34 GSD getOne 第 1 次 等待 3 秒
2024-03-19 01:09:37 查询号码 【1779771】，返回信息 {"status":"ok","msg":"河南-许昌","gid":"206907","time_insert":"2021-07-06 15:37"}
2024-03-19 01:09:37 查询号码 【1779771】，GSD为【"河南-许昌"】

2024-03-19 01:09:38 开始第 9859 次操作

2024-03-19 01:09:38 开始操作号码 【1779772】
2024-03-19 01:09:42 GSD getOne 第 1 次 等待 3 秒
2024-03-19 01:09:45 查询号码 【1779772】，返回信息 {"status":"ok","msg":"河南-安阳","gid":"55401","time_insert":"2020-06-05 08:37"}
2024-03-19 01:09:45 查询号码 【1779772】，GSD为【"河南-安阳"】

2024-03-19 01:09:46 开始第 9860 次操作

2024-03-19 01:09:46 开始操作号码 【1779773】
2024-03-19 01:09:51 GSD getOne 第 1 次 等待 3 秒
2024-03-19 01:09:54 查询号码 【1779773】，返回信息 {"status":"ok","msg":"河南-开封","gid":"206891","time_insert":"2021-07-06 15:36"}
2024-03-19 01:09:54 查询号码 【1779773】，GSD为【"河南-开封"】

