2024-09-27 00:13:11 开始第 6797 次操作

2024-09-27 00:13:11 开始操作号码 【1446794】
2024-09-27 00:13:14 GSD getOne 第 1 次 等待 3 秒
2024-09-27 00:13:17 查询号码 【1446794】，返回信息 {"status":"ok","msg":"-","gid":"678867","time_insert":"2023-04-26 17:19"}
2024-09-27 00:13:17 查询号码 【1446794】，GSD为【"-"】
2024-09-27 00:13:17 ok && -
2024-09-27 00:13:19 CHB 1446794?1727367197 第 1 次 等待 3 秒
2024-09-27 00:13:22 CHB 1446794?1727367197 第 1 次 获取到号码【1446794】GSD
2024-09-27 00:13:22 未获取到号码【1446794】GSD，可能号码格式错误
2024-09-27 00:13:22 获取到号码【1446794】的GSD为【-】
2024-09-27 00:13:25 GSD insert 第 1 次 等待 3 秒
2024-09-27 00:13:28 {"status":"bad","gid":"678867","msg":"添加失败！号码【1446794(-|-)】已存在！"}
2024-09-27 00:13:28 随机等待 214 秒，约 3 分钟
2024-09-27 00:13:28 下次操作: 2024-09-27 00:17:02

2024-09-27 00:17:02 开始第 6798 次操作

2024-09-27 00:17:02 开始操作号码 【1446795】
2024-09-27 00:17:05 GSD getOne 第 1 次 等待 3 秒
2024-09-27 00:17:08 查询号码 【1446795】，返回信息 {"status":"ok","msg":"-","gid":"678888","time_insert":"2023-04-26 17:34"}
2024-09-27 00:17:08 查询号码 【1446795】，GSD为【"-"】
2024-09-27 00:17:08 ok && -
2024-09-27 00:17:10 CHB 1446795?1727367428 第 1 次 等待 3 秒
2024-09-27 00:17:13 CHB 1446795?1727367428 第 1 次 获取到号码【1446795】GSD
2024-09-27 00:17:13 未获取到号码【1446795】GSD，可能号码格式错误
2024-09-27 00:17:13 获取到号码【1446795】的GSD为【-】
2024-09-27 00:17:15 GSD insert 第 1 次 等待 3 秒
2024-09-27 00:17:18 {"status":"bad","gid":"678888","msg":"添加失败！号码【1446795(-|-)】已存在！"}
2024-09-27 00:17:18 随机等待 230 秒，约 3 分钟
2024-09-27 00:17:18 下次操作: 2024-09-27 00:21:08

2024-09-27 00:21:08 开始第 6799 次操作

2024-09-27 00:21:08 开始操作号码 【1446796】
2024-09-27 00:21:11 GSD getOne 第 1 次 等待 3 秒
2024-09-27 00:21:14 查询号码 【1446796】，返回信息 {"status":"ok","msg":"-","gid":"678907","time_insert":"2023-04-26 17:45"}
2024-09-27 00:21:14 查询号码 【1446796】，GSD为【"-"】
2024-09-27 00:21:14 ok && -
2024-09-27 00:21:16 CHB 1446796?1727367674 第 1 次 等待 3 秒
2024-09-27 00:21:19 CHB 1446796?1727367674 第 1 次 获取到号码【1446796】GSD
2024-09-27 00:21:19 未获取到号码【1446796】GSD，可能号码格式错误
2024-09-27 00:21:19 获取到号码【1446796】的GSD为【-】
2024-09-27 00:21:21 GSD insert 第 1 次 等待 3 秒
2024-09-27 00:21:24 {"status":"bad","gid":"678907","msg":"添加失败！号码【1446796(-|-)】已存在！"}
2024-09-27 00:21:24 随机等待 213 秒，约 3 分钟
2024-09-27 00:21:24 下次操作: 2024-09-27 00:24:57

2024-09-27 00:24:57 开始第 6800 次操作

2024-09-27 00:24:57 开始操作号码 【1446797】
2024-09-27 00:25:00 GSD getOne 第 1 次 等待 3 秒
2024-09-27 00:25:03 查询号码 【1446797】，返回信息 {"status":"ok","msg":"-","gid":"678940","time_insert":"2023-04-26 18:06"}
2024-09-27 00:25:03 查询号码 【1446797】，GSD为【"-"】
2024-09-27 00:25:03 ok && -
2024-09-27 00:25:05 CHB 1446797?1727367903 第 1 次 等待 3 秒
2024-09-27 00:25:08 CHB 1446797?1727367903 第 1 次 获取到号码【1446797】GSD
2024-09-27 00:25:08 未获取到号码【1446797】GSD，可能号码格式错误
2024-09-27 00:25:08 获取到号码【1446797】的GSD为【-】
2024-09-27 00:25:10 GSD insert 第 1 次 等待 3 秒
2024-09-27 00:25:13 {"status":"bad","gid":"678940","msg":"添加失败！号码【1446797(-|-)】已存在！"}

2024-09-27 00:42:07 开始第 6801 次操作

2024-09-27 00:42:07 开始操作号码 【1446798】
2024-09-27 00:42:09 GSD getOne 第 1 次 等待 3 秒
2024-09-27 00:42:12 查询号码 【1446798】，返回信息 {"status":"ok","msg":"-","gid":"678957","time_insert":"2023-04-26 18:21"}
2024-09-27 00:42:12 查询号码 【1446798】，GSD为【"-"】
2024-09-27 00:42:12 ok && -
2024-09-27 00:42:13 CHB 1446798?1727368932 第 1 次 等待 3 秒
2024-09-27 00:42:16 CHB 1446798?1727368932 第 1 次 获取到号码【1446798】GSD
2024-09-27 00:42:16 未获取到号码【1446798】GSD，可能号码格式错误
2024-09-27 00:42:16 获取到号码【1446798】的GSD为【-】
2024-09-27 00:42:18 GSD insert 第 1 次 等待 3 秒
2024-09-27 00:42:21 {"status":"bad","gid":"678957","msg":"添加失败！号码【1446798(-|-)】已存在！"}
2024-09-27 00:42:21 随机等待 171 秒，约 2 分钟
2024-09-27 00:42:21 下次操作: 2024-09-27 00:45:12

2024-09-27 00:45:12 开始第 6802 次操作

2024-09-27 00:45:12 开始操作号码 【1446799】
2024-09-27 00:45:14 GSD getOne 第 1 次 等待 3 秒
2024-09-27 00:45:17 查询号码 【1446799】，返回信息 {"status":"ok","msg":"-","gid":"678977","time_insert":"2023-04-26 18:33"}
2024-09-27 00:45:17 查询号码 【1446799】，GSD为【"-"】
2024-09-27 00:45:17 ok && -
2024-09-27 00:45:19 CHB 1446799?1727369117 第 1 次 等待 3 秒
2024-09-27 00:45:22 CHB 1446799?1727369117 第 1 次 获取到号码【1446799】GSD
2024-09-27 00:45:22 未获取到号码【1446799】GSD，可能号码格式错误
2024-09-27 00:45:22 获取到号码【1446799】的GSD为【-】
2024-09-27 00:45:24 GSD insert 第 1 次 等待 3 秒
2024-09-27 00:45:27 {"status":"bad","gid":"678977","msg":"添加失败！号码【1446799(-|-)】已存在！"}
2024-09-27 00:45:27 随机等待 145 秒，约 2 分钟
2024-09-27 00:45:27 下次操作: 2024-09-27 00:47:52

2024-09-27 00:47:52 开始第 6803 次操作

2024-09-27 00:47:52 开始操作号码 【1446800】
2024-09-27 00:48:00 GSD getOne 第 1 次 等待 3 秒
2024-09-27 00:48:03 查询号码 【1446800】，返回信息 {"status":"ok","msg":"-","gid":"679006","time_insert":"2023-04-26 18:50"}
2024-09-27 00:48:04 查询号码 【1446800】，GSD为【"-"】
2024-09-27 00:48:04 ok && -
2024-09-27 00:48:05 CHB 1446800?1727369284 第 1 次 等待 3 秒
2024-09-27 00:48:08 CHB 1446800?1727369284 第 1 次 获取到号码【1446800】GSD
2024-09-27 00:48:08 未获取到号码【1446800】GSD，可能号码格式错误
2024-09-27 00:48:08 获取到号码【1446800】的GSD为【-】
2024-09-27 00:48:13 GSD insert 第 1 次 等待 3 秒
2024-09-27 00:48:16 {"status":"bad","gid":"679006","msg":"添加失败！号码【1446800(-|-)】已存在！"}
2024-09-27 00:48:16 随机等待 92 秒，约 1 分钟
2024-09-27 00:48:16 下次操作: 2024-09-27 00:49:48

2024-09-27 00:49:48 开始第 6804 次操作

2024-09-27 00:49:48 开始操作号码 【1446801】
2024-09-27 00:49:50 GSD getOne 第 1 次 等待 3 秒
2024-09-27 00:49:53 查询号码 【1446801】，返回信息 {"status":"ok","msg":"-","gid":"679039","time_insert":"2023-04-26 19:12"}
2024-09-27 00:49:53 查询号码 【1446801】，GSD为【"-"】
2024-09-27 00:49:53 ok && -
2024-09-27 00:49:54 CHB 1446801?1727369393 第 1 次 等待 3 秒
2024-09-27 00:49:57 CHB 1446801?1727369393 第 1 次 获取到号码【1446801】GSD
2024-09-27 00:49:57 未获取到号码【1446801】GSD，可能号码格式错误
2024-09-27 00:49:57 获取到号码【1446801】的GSD为【-】
2024-09-27 00:49:59 GSD insert 第 1 次 等待 3 秒
2024-09-27 00:50:02 {"status":"bad","gid":"679039","msg":"添加失败！号码【1446801(-|-)】已存在！"}

