2024-07-09 00:12:56 开始第 5593 次操作

2024-07-09 00:12:56 开始操作号码 【1555502】
2024-07-09 00:13:05 GSD getOne 第 1 次 等待 3 秒
2024-07-09 00:13:08 查询号码 【1555502】，返回信息 {"status":"ok","msg":"安徽-滁州","gid":"422212","time_insert":"2021-07-28 07:02"}
2024-07-09 00:13:08 查询号码 【1555502】，GSD为【"安徽-滁州"】

2024-07-09 00:13:09 开始第 5594 次操作

2024-07-09 00:13:09 开始操作号码 【1555503】
2024-07-09 00:13:17 GSD getOne 第 1 次 等待 3 秒
2024-07-09 00:13:20 查询号码 【1555503】，返回信息 {"status":"ok","msg":"安徽-滁州","gid":"422202","time_insert":"2021-07-28 07:01"}
2024-07-09 00:13:20 查询号码 【1555503】，GSD为【"安徽-滁州"】

2024-07-09 00:13:21 开始第 5595 次操作

2024-07-09 00:13:21 开始操作号码 【1555504】
2024-07-09 00:13:23 GSD getOne 第 1 次 等待 3 秒
2024-07-09 00:13:34 GSD getOne 第 2 次 等待 3 秒
2024-07-09 00:13:37 查询号码 【1555504】，返回信息 {"status":"ok","msg":"安徽-滁州","gid":"422190","time_insert":"2021-07-28 07:00"}
2024-07-09 00:13:37 查询号码 【1555504】，GSD为【"安徽-滁州"】

2024-07-09 00:13:38 开始第 5596 次操作

2024-07-09 00:13:38 开始操作号码 【1555505】
2024-07-09 00:13:45 GSD getOne 第 1 次 等待 3 秒
2024-07-09 00:13:48 查询号码 【1555505】，返回信息 {"status":"ok","msg":"安徽-滁州","gid":"422178","time_insert":"2021-07-28 06:59"}
2024-07-09 00:13:48 查询号码 【1555505】，GSD为【"安徽-滁州"】

