2024-04-26 00:11:34 开始第 5713 次操作

2024-04-26 00:11:34 开始操作号码 【1665627】
2024-04-26 00:11:40 GSD getOne 第 1 次 等待 3 秒
2024-04-26 00:11:43 查询号码 【1665627】，返回信息 {"status":"ok","msg":"山西-吕梁","gid":"162093","time_insert":"2021-06-30 16:58"}
2024-04-26 00:11:43 查询号码 【1665627】，GSD为【"山西-吕梁"】

2024-04-26 00:11:44 开始第 5714 次操作

2024-04-26 00:11:44 开始操作号码 【1665628】
2024-04-26 00:11:53 GSD getOne 第 1 次 等待 3 秒
2024-04-26 00:11:56 查询号码 【1665628】，返回信息 {"status":"ok","msg":"山西-吕梁","gid":"162103","time_insert":"2021-06-30 16:59"}
2024-04-26 00:11:56 查询号码 【1665628】，GSD为【"山西-吕梁"】

2024-04-26 00:11:57 开始第 5715 次操作

2024-04-26 00:11:57 开始操作号码 【1665629】
2024-04-26 00:12:02 GSD getOne 第 1 次 等待 3 秒
2024-04-26 00:12:05 查询号码 【1665629】，返回信息 {"status":"ok","msg":"山西-吕梁","gid":"162109","time_insert":"2021-06-30 17:00"}
2024-04-26 00:12:05 查询号码 【1665629】，GSD为【"山西-吕梁"】

2024-04-26 00:12:06 开始第 5716 次操作

2024-04-26 00:12:06 开始操作号码 【1665630】
2024-04-26 00:12:12 GSD getOne 第 1 次 等待 3 秒
2024-04-26 00:12:15 查询号码 【1665630】，返回信息 {"status":"ok","msg":"山西-吕梁","gid":"162115","time_insert":"2021-06-30 17:00"}
2024-04-26 00:12:15 查询号码 【1665630】，GSD为【"山西-吕梁"】

2024-04-26 00:35:35 开始第 5717 次操作

2024-04-26 00:35:35 开始操作号码 【1665631】
2024-04-26 00:35:46 GSD getOne 第 1 次 等待 3 秒
2024-04-26 00:35:49 查询号码 【1665631】，返回信息 {"status":"ok","msg":"山西-吕梁","gid":"162120","time_insert":"2021-06-30 17:01"}
2024-04-26 00:35:49 查询号码 【1665631】，GSD为【"山西-吕梁"】

2024-04-26 00:35:50 开始第 5718 次操作

2024-04-26 00:35:50 开始操作号码 【1665632】
2024-04-26 00:35:56 GSD getOne 第 1 次 等待 3 秒
2024-04-26 00:35:59 查询号码 【1665632】，返回信息 {"status":"ok","msg":"山西-吕梁","gid":"162126","time_insert":"2021-06-30 17:02"}
2024-04-26 00:35:59 查询号码 【1665632】，GSD为【"山西-吕梁"】

2024-04-26 00:36:00 开始第 5719 次操作

2024-04-26 00:36:00 开始操作号码 【1665633】
2024-04-26 00:36:05 GSD getOne 第 1 次 等待 3 秒
2024-04-26 00:36:08 查询号码 【1665633】，返回信息 {"status":"ok","msg":"山西-吕梁","gid":"162132","time_insert":"2021-06-30 17:03"}
2024-04-26 00:36:08 查询号码 【1665633】，GSD为【"山西-吕梁"】

2024-04-26 00:36:09 开始第 5720 次操作

2024-04-26 00:36:09 开始操作号码 【1665634】
2024-04-26 00:36:15 GSD getOne 第 1 次 等待 3 秒
2024-04-26 00:36:18 查询号码 【1665634】，返回信息 {"status":"ok","msg":"山西-吕梁","gid":"162137","time_insert":"2021-06-30 17:04"}
2024-04-26 00:36:18 查询号码 【1665634】，GSD为【"山西-吕梁"】

2024-04-26 01:10:28 开始第 5721 次操作

2024-04-26 01:10:28 开始操作号码 【1665635】
2024-04-26 01:10:38 GSD getOne 第 1 次 等待 3 秒
2024-04-26 01:10:41 查询号码 【1665635】，返回信息 {"status":"ok","msg":"山西-吕梁","gid":"162142","time_insert":"2021-06-30 17:04"}
2024-04-26 01:10:41 查询号码 【1665635】，GSD为【"山西-吕梁"】

2024-04-26 01:10:42 开始第 5722 次操作

2024-04-26 01:10:42 开始操作号码 【1665636】
2024-04-26 01:10:53 GSD getOne 第 1 次 等待 3 秒
2024-04-26 01:10:56 查询号码 【1665636】，返回信息 {"status":"ok","msg":"山西-吕梁","gid":"162146","time_insert":"2021-06-30 17:05"}
2024-04-26 01:10:56 查询号码 【1665636】，GSD为【"山西-吕梁"】

2024-04-26 01:10:57 开始第 5723 次操作

2024-04-26 01:10:57 开始操作号码 【1665637】
2024-04-26 01:11:07 GSD getOne 第 1 次 等待 3 秒
2024-04-26 01:11:10 查询号码 【1665637】，返回信息 {"status":"ok","msg":"山西-吕梁","gid":"162154","time_insert":"2021-06-30 17:06"}
2024-04-26 01:11:10 查询号码 【1665637】，GSD为【"山西-吕梁"】

2024-04-26 01:11:11 开始第 5724 次操作

2024-04-26 01:11:11 开始操作号码 【1665638】
2024-04-26 01:11:17 GSD getOne 第 1 次 等待 3 秒
2024-04-26 01:11:20 查询号码 【1665638】，返回信息 {"status":"ok","msg":"山西-吕梁","gid":"162158","time_insert":"2021-06-30 17:07"}
2024-04-26 01:11:20 查询号码 【1665638】，GSD为【"山西-吕梁"】

