2024-05-01 00:12:05 开始第 6633 次操作

2024-05-01 00:12:05 开始操作号码 【1666547】
2024-05-01 00:12:11 GSD getOne 第 1 次 等待 3 秒
2024-05-01 00:12:14 查询号码 【1666547】，返回信息 {"status":"ok","msg":"山东-聊城","gid":"171147","time_insert":"2021-07-02 03:40"}
2024-05-01 00:12:15 查询号码 【1666547】，GSD为【"山东-聊城"】

2024-05-01 00:12:16 开始第 6634 次操作

2024-05-01 00:12:16 开始操作号码 【1666548】
2024-05-01 00:12:25 GSD getOne 第 1 次 等待 3 秒
2024-05-01 00:12:28 查询号码 【1666548】，返回信息 {"status":"ok","msg":"山东-聊城","gid":"171157","time_insert":"2021-07-02 03:41"}
2024-05-01 00:12:28 查询号码 【1666548】，GSD为【"山东-聊城"】

2024-05-01 00:12:29 开始第 6635 次操作

2024-05-01 00:12:29 开始操作号码 【1666549】
2024-05-01 00:12:39 GSD getOne 第 1 次 等待 3 秒
2024-05-01 00:12:42 查询号码 【1666549】，返回信息 {"status":"ok","msg":"山东-聊城","gid":"171167","time_insert":"2021-07-02 03:42"}
2024-05-01 00:12:42 查询号码 【1666549】，GSD为【"山东-聊城"】

2024-05-01 00:12:43 开始第 6636 次操作

2024-05-01 00:12:43 开始操作号码 【1666550】
2024-05-01 00:12:50 GSD getOne 第 1 次 等待 3 秒
2024-05-01 00:12:53 查询号码 【1666550】，返回信息 {"status":"ok","msg":"山东-烟台","gid":"171180","time_insert":"2021-07-02 03:43"}
2024-05-01 00:12:53 查询号码 【1666550】，GSD为【"山东-烟台"】

2024-05-01 00:37:05 开始第 6637 次操作

2024-05-01 00:37:05 开始操作号码 【1666551】
2024-05-01 00:37:12 GSD getOne 第 1 次 等待 3 秒
2024-05-01 00:37:15 查询号码 【1666551】，返回信息 {"status":"ok","msg":"山东-烟台","gid":"171194","time_insert":"2021-07-02 03:44"}
2024-05-01 00:37:15 查询号码 【1666551】，GSD为【"山东-烟台"】

2024-05-01 00:37:16 开始第 6638 次操作

2024-05-01 00:37:16 开始操作号码 【1666552】
2024-05-01 00:37:29 GSD getOne 第 1 次 等待 3 秒
2024-05-01 00:37:32 查询号码 【1666552】，返回信息 {"status":"ok","msg":"山东-德州","gid":"171203","time_insert":"2021-07-02 03:44"}
2024-05-01 00:37:32 查询号码 【1666552】，GSD为【"山东-德州"】

2024-05-01 00:37:33 开始第 6639 次操作

2024-05-01 00:37:33 开始操作号码 【1666553】
2024-05-01 00:37:41 GSD getOne 第 1 次 等待 3 秒
2024-05-01 00:37:44 查询号码 【1666553】，返回信息 {"status":"ok","msg":"山东-德州","gid":"171214","time_insert":"2021-07-02 03:45"}
2024-05-01 00:37:44 查询号码 【1666553】，GSD为【"山东-德州"】

2024-05-01 00:37:45 开始第 6640 次操作

2024-05-01 00:37:45 开始操作号码 【1666554】
2024-05-01 00:37:53 GSD getOne 第 1 次 等待 3 秒
2024-05-01 00:37:56 查询号码 【1666554】，返回信息 {"status":"ok","msg":"山东-德州","gid":"171224","time_insert":"2021-07-02 03:46"}
2024-05-01 00:37:56 查询号码 【1666554】，GSD为【"山东-德州"】

