2024-06-11 00:12:47 开始第 501 次操作

2024-06-11 00:12:47 开始操作号码 【1550415】
2024-06-11 00:12:53 GSD getOne 第 1 次 等待 3 秒
2024-06-11 00:12:56 查询号码 【1550415】，返回信息 {"status":"ok","msg":"辽宁-丹东","gid":"89012","time_insert":"2021-06-10 03:45"}
2024-06-11 00:12:56 查询号码 【1550415】，GSD为【"辽宁-丹东"】

2024-06-11 00:12:57 开始第 502 次操作

2024-06-11 00:12:57 开始操作号码 【1550416】
2024-06-11 00:13:02 GSD getOne 第 1 次 等待 3 秒
2024-06-11 00:13:05 查询号码 【1550416】，返回信息 {"status":"ok","msg":"辽宁-锦州","gid":"89034","time_insert":"2021-06-10 04:04"}
2024-06-11 00:13:05 查询号码 【1550416】，GSD为【"辽宁-锦州"】

2024-06-11 00:13:06 开始第 503 次操作

2024-06-11 00:13:06 开始操作号码 【1550417】
2024-06-11 00:13:12 GSD getOne 第 1 次 等待 3 秒
2024-06-11 00:13:15 查询号码 【1550417】，返回信息 {"status":"ok","msg":"辽宁-营口","gid":"89054","time_insert":"2021-06-10 04:23"}
2024-06-11 00:13:15 查询号码 【1550417】，GSD为【"辽宁-营口"】

2024-06-11 00:13:16 开始第 504 次操作

2024-06-11 00:13:16 开始操作号码 【1550418】
2024-06-11 00:13:24 GSD getOne 第 1 次 等待 3 秒
2024-06-11 00:13:27 查询号码 【1550418】，返回信息 {"status":"ok","msg":"辽宁-阜新","gid":"89072","time_insert":"2021-06-10 04:42"}
2024-06-11 00:13:27 查询号码 【1550418】，GSD为【"辽宁-阜新"】

