2021-07-14 00:00:38 开始第 19 次操作

2021-07-14 00:00:38 开始操作号码 【1749673】
2021-07-14 00:00:41 GSD getOne 第 1 次 等待 1 秒
2021-07-14 00:00:42 查询号码 【1749673】，返回信息 {"status":"bad","msg":""}
2021-07-14 00:00:42 查询号码 【1749673】，GSD为【""】
2021-07-14 00:00:42 bad
2021-07-14 00:00:44 CHB 1749673?1626192042 第 1 次 等待 1 秒
2021-07-14 00:00:45 CHB 1749673?1626192042 第 1 次 获取到号码【1749673】GSD
2021-07-14 00:00:45 未获取到号码【1749673】GSD，可能号码格式错误
2021-07-14 00:00:45 获取到号码【1749673】的GSD为【-】
2021-07-14 00:00:48 GSD insert 第 1 次 等待 1 秒
2021-07-14 00:00:49 {"status":"ok","gid":269569,"msg":"添加成功！"}
2021-07-14 00:00:49 下次操作: 2021-07-14 00:00:56

2021-07-14 00:00:56 开始第 20 次操作

2021-07-14 00:00:56 开始操作号码 【1749674】
2021-07-14 00:01:00 GSD getOne 第 1 次 等待 1 秒
2021-07-14 00:01:01 查询号码 【1749674】，返回信息 {"status":"bad","msg":""}
2021-07-14 00:01:01 查询号码 【1749674】，GSD为【""】
2021-07-14 00:01:01 bad
2021-07-14 00:01:08 CHB 1749674?1626192061 第 1 次 等待 1 秒
2021-07-14 00:01:09 CHB 1749674?1626192061 第 1 次 获取到号码【1749674】GSD
2021-07-14 00:01:09 未获取到号码【1749674】GSD，可能号码格式错误
2021-07-14 00:01:09 获取到号码【1749674】的GSD为【-】
2021-07-14 00:01:12 GSD insert 第 1 次 等待 1 秒
2021-07-14 00:01:13 {"status":"ok","gid":269577,"msg":"添加成功！"}
2021-07-14 00:01:13 下次操作: 2021-07-14 00:01:30

2021-07-14 00:01:30 开始第 21 次操作

2021-07-14 00:01:30 开始操作号码 【1749675】
2021-07-14 00:01:35 GSD getOne 第 1 次 等待 1 秒
2021-07-14 00:01:36 查询号码 【1749675】，返回信息 {"status":"bad","msg":""}
2021-07-14 00:01:36 查询号码 【1749675】，GSD为【""】
2021-07-14 00:01:36 bad
2021-07-14 00:01:37 CHB 1749675?1626192096 第 1 次 等待 1 秒
2021-07-14 00:01:38 CHB 1749675?1626192096 第 1 次 获取到号码【1749675】GSD
2021-07-14 00:01:39 未获取到号码【1749675】GSD，可能号码格式错误
2021-07-14 00:01:39 获取到号码【1749675】的GSD为【-】
2021-07-14 00:01:48 GSD insert 第 1 次 等待 1 秒
2021-07-14 00:01:49 {"status":"ok","gid":269586,"msg":"添加成功！"}
2021-07-14 00:01:49 下次操作: 2021-07-14 00:01:58

2021-07-14 00:01:58 开始第 22 次操作

2021-07-14 00:01:58 开始操作号码 【1749676】
2021-07-14 00:02:01 GSD getOne 第 1 次 等待 1 秒
2021-07-14 00:02:02 查询号码 【1749676】，返回信息 {"status":"bad","msg":""}
2021-07-14 00:02:02 查询号码 【1749676】，GSD为【""】
2021-07-14 00:02:02 bad
2021-07-14 00:02:04 CHB 1749676?1626192122 第 1 次 等待 1 秒
2021-07-14 00:02:05 CHB 1749676?1626192122 第 1 次 获取到号码【1749676】GSD
2021-07-14 00:02:05 未获取到号码【1749676】GSD，可能号码格式错误
2021-07-14 00:02:05 获取到号码【1749676】的GSD为【-】
2021-07-14 00:02:07 GSD insert 第 1 次 等待 1 秒
2021-07-14 00:02:08 {"status":"ok","gid":269591,"msg":"添加成功！"}
2021-07-14 00:02:08 下次操作: 2021-07-14 00:02:24

2021-07-14 00:02:24 开始第 23 次操作

2021-07-14 00:02:24 开始操作号码 【1749677】
2021-07-14 00:02:27 GSD getOne 第 1 次 等待 1 秒
2021-07-14 00:02:28 查询号码 【1749677】，返回信息 {"status":"bad","msg":""}
2021-07-14 00:02:28 查询号码 【1749677】，GSD为【""】
2021-07-14 00:02:28 bad
2021-07-14 00:02:30 CHB 1749677?1626192148 第 1 次 等待 1 秒
2021-07-14 00:02:31 CHB 1749677?1626192148 第 1 次 获取到号码【1749677】GSD
2021-07-14 00:02:31 未获取到号码【1749677】GSD，可能号码格式错误
2021-07-14 00:02:31 获取到号码【1749677】的GSD为【-】
2021-07-14 00:02:35 GSD insert 第 1 次 等待 1 秒
2021-07-14 00:02:36 {"status":"ok","gid":269598,"msg":"添加成功！"}
2021-07-14 00:02:36 下次操作: 2021-07-14 00:02:54

2021-07-14 00:02:54 开始第 24 次操作

2021-07-14 00:02:54 开始操作号码 【1749678】
2021-07-14 00:02:57 GSD getOne 第 1 次 等待 1 秒
2021-07-14 00:02:58 查询号码 【1749678】，返回信息 {"status":"bad","msg":""}
2021-07-14 00:02:58 查询号码 【1749678】，GSD为【""】
2021-07-14 00:02:58 bad
2021-07-14 00:03:04 CHB 1749678?1626192178 第 1 次 等待 1 秒
2021-07-14 00:03:05 CHB 1749678?1626192178 第 1 次 获取到号码【1749678】GSD
2021-07-14 00:03:05 未获取到号码【1749678】GSD，可能号码格式错误
2021-07-14 00:03:05 获取到号码【1749678】的GSD为【-】
2021-07-14 00:03:08 GSD insert 第 1 次 等待 1 秒
2021-07-14 00:03:09 {"status":"ok","gid":269606,"msg":"添加成功！"}
2021-07-14 00:03:09 下次操作: 2021-07-14 00:03:19

2021-07-14 00:03:19 开始第 25 次操作

2021-07-14 00:03:19 开始操作号码 【1749679】
2021-07-14 00:03:22 GSD getOne 第 1 次 等待 1 秒
2021-07-14 00:03:23 查询号码 【1749679】，返回信息 {"status":"bad","msg":""}
2021-07-14 00:03:23 查询号码 【1749679】，GSD为【""】
2021-07-14 00:03:23 bad
2021-07-14 00:03:26 CHB 1749679?1626192203 第 1 次 等待 1 秒
2021-07-14 00:03:27 CHB 1749679?1626192203 第 1 次 获取到号码【1749679】GSD
2021-07-14 00:03:27 未获取到号码【1749679】GSD，可能号码格式错误
2021-07-14 00:03:27 获取到号码【1749679】的GSD为【-】
2021-07-14 00:03:30 GSD insert 第 1 次 等待 1 秒
2021-07-14 00:03:31 {"status":"ok","gid":269612,"msg":"添加成功！"}
2021-07-14 00:03:31 下次操作: 2021-07-14 00:03:44

2021-07-14 00:03:44 开始第 26 次操作

2021-07-14 00:03:44 开始操作号码 【1749680】
2021-07-14 00:03:47 GSD getOne 第 1 次 等待 1 秒
2021-07-14 00:03:48 查询号码 【1749680】，返回信息 {"status":"bad","msg":""}
2021-07-14 00:03:48 查询号码 【1749680】，GSD为【""】
2021-07-14 00:03:48 bad
2021-07-14 00:03:51 CHB 1749680?1626192228 第 1 次 等待 1 秒
2021-07-14 00:03:52 CHB 1749680?1626192228 第 1 次 获取到号码【1749680】GSD
2021-07-14 00:03:52 未获取到号码【1749680】GSD，可能号码格式错误
2021-07-14 00:03:52 获取到号码【1749680】的GSD为【-】
2021-07-14 00:03:55 GSD insert 第 1 次 等待 1 秒
2021-07-14 00:03:56 {"status":"ok","gid":269618,"msg":"添加成功！"}
2021-07-14 00:03:56 下次操作: 2021-07-14 00:04:06

2021-07-14 00:04:06 开始第 27 次操作

2021-07-14 00:04:06 开始操作号码 【1749681】
2021-07-14 00:04:09 GSD getOne 第 1 次 等待 1 秒
2021-07-14 00:04:10 查询号码 【1749681】，返回信息 {"status":"bad","msg":""}
2021-07-14 00:04:10 查询号码 【1749681】，GSD为【""】
2021-07-14 00:04:10 bad
2021-07-14 00:04:14 CHB 1749681?1626192250 第 1 次 等待 1 秒
2021-07-14 00:04:15 CHB 1749681?1626192250 第 1 次 获取到号码【1749681】GSD
2021-07-14 00:04:15 未获取到号码【1749681】GSD，可能号码格式错误
2021-07-14 00:04:15 获取到号码【1749681】的GSD为【-】
2021-07-14 00:04:18 GSD insert 第 1 次 等待 1 秒
2021-07-14 00:04:19 {"status":"ok","gid":269623,"msg":"添加成功！"}
2021-07-14 00:04:19 下次操作: 2021-07-14 00:04:30

2021-07-14 00:04:30 开始第 28 次操作

2021-07-14 00:04:30 开始操作号码 【1749682】
2021-07-14 00:04:33 GSD getOne 第 1 次 等待 1 秒
2021-07-14 00:04:34 查询号码 【1749682】，返回信息 {"status":"bad","msg":""}
2021-07-14 00:04:34 查询号码 【1749682】，GSD为【""】
2021-07-14 00:04:34 bad
2021-07-14 00:04:36 CHB 1749682?1626192274 第 1 次 等待 1 秒
2021-07-14 00:04:37 CHB 1749682?1626192274 第 1 次 获取到号码【1749682】GSD
2021-07-14 00:04:37 未获取到号码【1749682】GSD，可能号码格式错误
2021-07-14 00:04:37 获取到号码【1749682】的GSD为【-】
2021-07-14 00:04:42 GSD insert 第 1 次 等待 1 秒
2021-07-14 00:04:43 {"status":"ok","gid":269626,"msg":"添加成功！"}
2021-07-14 00:04:43 下次操作: 2021-07-14 00:04:55

2021-07-14 00:04:55 开始第 29 次操作

2021-07-14 00:04:55 开始操作号码 【1749683】
2021-07-14 00:05:00 GSD getOne 第 1 次 等待 1 秒
2021-07-14 00:05:01 查询号码 【1749683】，返回信息 {"status":"bad","msg":""}
2021-07-14 00:05:01 查询号码 【1749683】，GSD为【""】
2021-07-14 00:05:01 bad
2021-07-14 00:05:03 CHB 1749683?1626192301 第 1 次 等待 1 秒
2021-07-14 00:05:04 CHB 1749683?1626192301 第 1 次 获取到号码【1749683】GSD
2021-07-14 00:05:04 未获取到号码【1749683】GSD，可能号码格式错误
2021-07-14 00:05:04 获取到号码【1749683】的GSD为【-】
2021-07-14 00:05:09 GSD insert 第 1 次 等待 1 秒
2021-07-14 00:05:10 {"status":"ok","gid":269632,"msg":"添加成功！"}
2021-07-14 00:05:10 下次操作: 2021-07-14 00:05:22

2021-07-14 00:05:22 开始第 30 次操作

2021-07-14 00:05:22 开始操作号码 【1749684】
2021-07-14 00:05:29 GSD getOne 第 1 次 等待 1 秒
2021-07-14 00:05:30 查询号码 【1749684】，返回信息 {"status":"bad","msg":""}
2021-07-14 00:05:30 查询号码 【1749684】，GSD为【""】
2021-07-14 00:05:30 bad
2021-07-14 00:05:32 CHB 1749684?1626192330 第 1 次 等待 1 秒
2021-07-14 00:05:33 CHB 1749684?1626192330 第 1 次 获取到号码【1749684】GSD
2021-07-14 00:05:33 未获取到号码【1749684】GSD，可能号码格式错误
2021-07-14 00:05:33 获取到号码【1749684】的GSD为【-】
2021-07-14 00:06:39 GSD insert 第 1 次 等待 1 秒
2021-07-14 00:06:40 {"status":"ok","gid":269637,"msg":"添加成功！"}

