2024-10-01 00:13:35 开始第 7465 次操作

2024-10-01 00:13:35 开始操作号码 【1447461】
2024-10-01 00:13:39 GSD getOne 第 1 次 等待 3 秒
2024-10-01 00:13:42 查询号码 【1447461】，返回信息 {"status":"ok","msg":"-","gid":"686859","time_insert":"2023-04-30 13:36"}
2024-10-01 00:13:42 查询号码 【1447461】，GSD为【"-"】
2024-10-01 00:13:42 ok && -
2024-10-01 00:14:58 CHB 1447461?1727712822 第 1 次 等待 3 秒
2024-10-01 00:15:01 CHB 1447461?1727712822 第 1 次 获取到号码【1447461】GSD
2024-10-01 00:15:01 未获取到号码【1447461】GSD，可能号码格式错误
2024-10-01 00:15:01 获取到号码【1447461】的GSD为【-】
2024-10-01 00:15:03 GSD insert 第 1 次 等待 3 秒
2024-10-01 00:15:06 {"status":"bad","gid":"686859","msg":"添加失败！号码【1447461(-|-)】已存在！"}
2024-10-01 00:15:06 随机等待 92 秒，约 1 分钟
2024-10-01 00:15:06 下次操作: 2024-10-01 00:16:38

2024-10-01 00:16:38 开始第 7466 次操作

2024-10-01 00:16:38 开始操作号码 【1447462】
2024-10-01 00:16:40 GSD getOne 第 1 次 等待 3 秒
2024-10-01 00:16:43 查询号码 【1447462】，返回信息 {"status":"ok","msg":"-","gid":"686856","time_insert":"2023-04-30 13:35"}
2024-10-01 00:16:43 查询号码 【1447462】，GSD为【"-"】
2024-10-01 00:16:43 ok && -
2024-10-01 00:16:46 CHB 1447462?1727713003 第 1 次 等待 3 秒
2024-10-01 00:16:49 CHB 1447462?1727713003 第 1 次 获取到号码【1447462】GSD
2024-10-01 00:16:49 未获取到号码【1447462】GSD，可能号码格式错误
2024-10-01 00:16:49 获取到号码【1447462】的GSD为【-】
2024-10-01 00:16:51 GSD insert 第 1 次 等待 3 秒
2024-10-01 00:16:54 {"status":"bad","gid":"686856","msg":"添加失败！号码【1447462(-|-)】已存在！"}
2024-10-01 00:16:54 随机等待 82 秒，约 1 分钟
2024-10-01 00:16:54 下次操作: 2024-10-01 00:18:16

2024-10-01 00:18:16 开始第 7467 次操作

2024-10-01 00:18:16 开始操作号码 【1447463】
2024-10-01 00:18:21 GSD getOne 第 1 次 等待 3 秒
2024-10-01 00:18:24 查询号码 【1447463】，返回信息 {"status":"ok","msg":"-","gid":"686855","time_insert":"2023-04-30 13:33"}
2024-10-01 00:18:24 查询号码 【1447463】，GSD为【"-"】
2024-10-01 00:18:24 ok && -
2024-10-01 00:18:28 CHB 1447463?1727713104 第 1 次 等待 3 秒
2024-10-01 00:18:31 CHB 1447463?1727713104 第 1 次 获取到号码【1447463】GSD
2024-10-01 00:18:31 未获取到号码【1447463】GSD，可能号码格式错误
2024-10-01 00:18:31 获取到号码【1447463】的GSD为【-】
2024-10-01 00:18:34 GSD insert 第 1 次 等待 3 秒
2024-10-01 00:18:37 {"status":"bad","gid":"686855","msg":"添加失败！号码【1447463(-|-)】已存在！"}
2024-10-01 00:18:37 随机等待 215 秒，约 3 分钟
2024-10-01 00:18:37 下次操作: 2024-10-01 00:22:12

2024-10-01 00:22:12 开始第 7468 次操作

2024-10-01 00:22:12 开始操作号码 【1447464】
2024-10-01 00:22:13 GSD getOne 第 1 次 等待 3 秒
2024-10-01 00:22:16 查询号码 【1447464】，返回信息 {"status":"ok","msg":"-","gid":"686849","time_insert":"2023-04-30 13:29"}
2024-10-01 00:22:16 查询号码 【1447464】，GSD为【"-"】
2024-10-01 00:22:16 ok && -
2024-10-01 00:22:19 CHB 1447464?1727713336 第 1 次 等待 3 秒
2024-10-01 00:22:22 CHB 1447464?1727713336 第 1 次 获取到号码【1447464】GSD
2024-10-01 00:22:22 未获取到号码【1447464】GSD，可能号码格式错误
2024-10-01 00:22:22 获取到号码【1447464】的GSD为【-】
2024-10-01 00:22:23 GSD insert 第 1 次 等待 3 秒
2024-10-01 00:22:26 {"status":"bad","gid":"686849","msg":"添加失败！号码【1447464(-|-)】已存在！"}

