2024-07-06 00:12:08 开始第 5049 次操作

2024-07-06 00:12:08 开始操作号码 【1554958】
2024-07-06 00:12:27 GSD getOne 第 1 次 等待 3 秒
2024-07-06 00:12:30 查询号码 【1554958】，返回信息 {"status":"ok","msg":"湖北-孝感","gid":"381134","time_insert":"2021-07-24 20:09"}
2024-07-06 00:12:30 查询号码 【1554958】，GSD为【"湖北-孝感"】

2024-07-06 00:12:31 开始第 5050 次操作

2024-07-06 00:12:31 开始操作号码 【1554959】
2024-07-06 00:12:39 GSD getOne 第 1 次 等待 3 秒
2024-07-06 00:12:42 查询号码 【1554959】，返回信息 {"status":"ok","msg":"湖北-孝感","gid":"381164","time_insert":"2021-07-24 20:19"}
2024-07-06 00:12:42 查询号码 【1554959】，GSD为【"湖北-孝感"】

2024-07-06 00:12:43 开始第 5051 次操作

2024-07-06 00:12:43 开始操作号码 【1554960】
2024-07-06 00:12:51 GSD getOne 第 1 次 等待 3 秒
2024-07-06 00:12:54 查询号码 【1554960】，返回信息 {"status":"ok","msg":"湖北-孝感","gid":"381182","time_insert":"2021-07-24 20:28"}
2024-07-06 00:12:54 查询号码 【1554960】，GSD为【"湖北-孝感"】

2024-07-06 00:12:55 开始第 5052 次操作

2024-07-06 00:12:55 开始操作号码 【1554961】
2024-07-06 00:13:03 GSD getOne 第 1 次 等待 3 秒
2024-07-06 00:13:06 查询号码 【1554961】，返回信息 {"status":"ok","msg":"湖北-孝感","gid":"381198","time_insert":"2021-07-24 20:37"}
2024-07-06 00:13:06 查询号码 【1554961】，GSD为【"湖北-孝感"】

