2023-11-01 00:11:41 开始第 6345 次操作

2023-11-01 00:11:41 开始操作号码 【1986258】
2023-11-01 00:11:44 GSD getOne 第 1 次 等待 3 秒
2023-11-01 00:11:47 查询号码 【1986258】，返回信息 {"status":"ok","msg":"山东-淄博","gid":"512816","time_insert":"2021-08-16 10:26"}
2023-11-01 00:11:47 查询号码 【1986258】，GSD为【"山东-淄博"】

2023-11-01 00:11:48 开始第 6346 次操作

2023-11-01 00:11:48 开始操作号码 【1986259】
2023-11-01 00:11:51 GSD getOne 第 1 次 等待 3 秒
2023-11-01 00:11:54 查询号码 【1986259】，返回信息 {"status":"ok","msg":"山东-淄博","gid":"512817","time_insert":"2021-08-16 10:26"}
2023-11-01 00:11:54 查询号码 【1986259】，GSD为【"山东-淄博"】

2023-11-01 00:11:55 开始第 6347 次操作

2023-11-01 00:11:55 开始操作号码 【1986260】
2023-11-01 00:11:57 GSD getOne 第 1 次 等待 3 秒
2023-11-01 00:12:00 查询号码 【1986260】，返回信息 {"status":"ok","msg":"山东-潍坊","gid":"512833","time_insert":"2021-08-16 10:38"}
2023-11-01 00:12:00 查询号码 【1986260】，GSD为【"山东-潍坊"】

2023-11-01 00:12:01 开始第 6348 次操作

2023-11-01 00:12:01 开始操作号码 【1986261】
2023-11-01 00:12:05 GSD getOne 第 1 次 等待 3 秒
2023-11-01 00:12:08 查询号码 【1986261】，返回信息 {"status":"ok","msg":"山东-潍坊","gid":"512836","time_insert":"2021-08-16 10:41"}
2023-11-01 00:12:08 查询号码 【1986261】，GSD为【"山东-潍坊"】

2023-11-01 00:37:20 开始第 6349 次操作

2023-11-01 00:37:20 开始操作号码 【1986262】
2023-11-01 00:37:25 GSD getOne 第 1 次 等待 3 秒
2023-11-01 00:37:28 查询号码 【1986262】，返回信息 {"status":"ok","msg":"山东-潍坊","gid":"512847","time_insert":"2021-08-16 10:51"}
2023-11-01 00:37:28 查询号码 【1986262】，GSD为【"山东-潍坊"】

2023-11-01 00:37:29 开始第 6350 次操作

2023-11-01 00:37:29 开始操作号码 【1986263】
2023-11-01 00:37:32 GSD getOne 第 1 次 等待 3 秒
2023-11-01 00:37:35 查询号码 【1986263】，返回信息 {"status":"ok","msg":"山东-潍坊","gid":"512860","time_insert":"2021-08-16 11:01"}
2023-11-01 00:37:35 查询号码 【1986263】，GSD为【"山东-潍坊"】

2023-11-01 00:37:36 开始第 6351 次操作

2023-11-01 00:37:36 开始操作号码 【1986264】
2023-11-01 00:37:39 GSD getOne 第 1 次 等待 3 秒
2023-11-01 00:37:42 查询号码 【1986264】，返回信息 {"status":"ok","msg":"山东-潍坊","gid":"512869","time_insert":"2021-08-16 11:08"}
2023-11-01 00:37:42 查询号码 【1986264】，GSD为【"山东-潍坊"】

2023-11-01 00:37:43 开始第 6352 次操作

2023-11-01 00:37:43 开始操作号码 【1986265】
2023-11-01 00:37:46 GSD getOne 第 1 次 等待 3 秒
2023-11-01 00:37:49 查询号码 【1986265】，返回信息 {"status":"ok","msg":"山东-潍坊","gid":"512873","time_insert":"2021-08-16 11:11"}
2023-11-01 00:37:49 查询号码 【1986265】，GSD为【"山东-潍坊"】

