2024-02-28 00:11:05 开始第 6217 次操作

2024-02-28 00:11:05 开始操作号码 【1776130】
2024-02-28 00:11:14 GSD getOne 第 1 次 等待 3 秒
2024-02-28 00:11:17 查询号码 【1776130】，返回信息 {"status":"ok","msg":"四川-成都","gid":"30902","time_insert":"2017-05-01 00:00","time_update":"2020-10-31 01:23"}
2024-02-28 00:11:17 查询号码 【1776130】，GSD为【"四川-成都"】

2024-02-28 00:11:18 开始第 6218 次操作

2024-02-28 00:11:18 开始操作号码 【1776131】
2024-02-28 00:11:22 GSD getOne 第 1 次 等待 3 秒
2024-02-28 00:11:25 查询号码 【1776131】，返回信息 {"status":"ok","msg":"四川-成都","gid":"30903","time_insert":"2017-04-23 09:43","time_update":"2020-10-31 01:28"}
2024-02-28 00:11:25 查询号码 【1776131】，GSD为【"四川-成都"】

2024-02-28 00:11:26 开始第 6219 次操作

2024-02-28 00:11:26 开始操作号码 【1776132】
2024-02-28 00:11:31 GSD getOne 第 1 次 等待 3 秒
2024-02-28 00:11:34 查询号码 【1776132】，返回信息 {"status":"ok","msg":"四川-凉山","gid":"30904","time_insert":"2018-02-22 23:18","time_update":"2020-10-31 01:32"}
2024-02-28 00:11:34 查询号码 【1776132】，GSD为【"四川-凉山"】

2024-02-28 00:11:36 开始第 6220 次操作

2024-02-28 00:11:36 开始操作号码 【1776133】
2024-02-28 00:11:40 GSD getOne 第 1 次 等待 3 秒
2024-02-28 00:11:43 查询号码 【1776133】，返回信息 {"status":"ok","msg":"四川-眉山","gid":"243573","time_insert":"2021-07-10 23:52"}
2024-02-28 00:11:43 查询号码 【1776133】，GSD为【"四川-眉山"】

