2021-07-05 00:00:14 开始第 14 次操作

2021-07-05 00:00:14 开始操作号码 【1743788】
2021-07-05 00:00:20 GSD getOne 第 1 次 等待 1 秒
2021-07-05 00:00:21 查询号码 【1743788】，返回信息 {"status":"bad","msg":""}
2021-07-05 00:00:21 查询号码 【1743788】，GSD为【""】
2021-07-05 00:00:21 bad
2021-07-05 00:00:22 CHB 1743788?1625414421 第 1 次 等待 1 秒
2021-07-05 00:00:23 CHB 1743788?1625414421 第 1 次 获取到号码【1743788】GSD
2021-07-05 00:00:23 未获取到号码【1743788】GSD，可能号码格式错误
2021-07-05 00:00:23 获取到号码【1743788】的GSD为【-】
2021-07-05 00:00:42 GSD insert 第 1 次 等待 1 秒
2021-07-05 00:00:43 {"status":"ok","msg":"添加成功！193976"}
2021-07-05 00:00:43 下次操作: 2021-07-05 00:00:54

2021-07-05 00:00:54 开始第 15 次操作

2021-07-05 00:00:54 开始操作号码 【1743789】
2021-07-05 00:01:07 GSD getOne 第 1 次 等待 1 秒
2021-07-05 00:01:08 查询号码 【1743789】，返回信息 {"status":"bad","msg":""}
2021-07-05 00:01:08 查询号码 【1743789】，GSD为【""】
2021-07-05 00:01:08 bad
2021-07-05 00:01:11 CHB 1743789?1625414468 第 1 次 等待 1 秒
2021-07-05 00:01:12 CHB 1743789?1625414468 第 1 次 获取到号码【1743789】GSD
2021-07-05 00:01:12 未获取到号码【1743789】GSD，可能号码格式错误
2021-07-05 00:01:12 获取到号码【1743789】的GSD为【-】
2021-07-05 00:01:31 GSD insert 第 1 次 等待 1 秒
2021-07-05 00:01:32 {"status":"ok","msg":"添加成功！193983"}
2021-07-05 00:01:32 下次操作: 2021-07-05 00:01:42

2021-07-05 00:01:42 开始第 16 次操作

2021-07-05 00:01:42 开始操作号码 【1743790】
2021-07-05 00:01:53 GSD getOne 第 1 次 等待 1 秒
2021-07-05 00:01:54 查询号码 【1743790】，返回信息 {"status":"bad","msg":""}
2021-07-05 00:01:54 查询号码 【1743790】，GSD为【""】
2021-07-05 00:01:54 bad
2021-07-05 00:01:55 CHB 1743790?1625414514 第 1 次 等待 1 秒
2021-07-05 00:01:56 CHB 1743790?1625414514 第 1 次 获取到号码【1743790】GSD
2021-07-05 00:01:56 未获取到号码【1743790】GSD，可能号码格式错误
2021-07-05 00:01:56 获取到号码【1743790】的GSD为【-】
2021-07-05 00:02:15 GSD insert 第 1 次 等待 1 秒
2021-07-05 00:02:16 {"status":"ok","msg":"添加成功！193989"}
2021-07-05 00:02:16 下次操作: 2021-07-05 00:02:30

2021-07-05 00:02:30 开始第 17 次操作

2021-07-05 00:02:30 开始操作号码 【1743791】
2021-07-05 00:02:43 GSD getOne 第 1 次 等待 1 秒
2021-07-05 00:02:44 查询号码 【1743791】，返回信息 {"status":"bad","msg":""}
2021-07-05 00:02:44 查询号码 【1743791】，GSD为【""】
2021-07-05 00:02:44 bad
2021-07-05 00:02:45 CHB 1743791?1625414564 第 1 次 等待 1 秒
2021-07-05 00:02:46 CHB 1743791?1625414564 第 1 次 获取到号码【1743791】GSD
2021-07-05 00:02:46 未获取到号码【1743791】GSD，可能号码格式错误
2021-07-05 00:02:46 获取到号码【1743791】的GSD为【-】
2021-07-05 00:03:05 GSD insert 第 1 次 等待 1 秒
2021-07-05 00:03:06 {"status":"ok","msg":"添加成功！193998"}
2021-07-05 00:03:06 下次操作: 2021-07-05 00:03:19

2021-07-05 00:03:19 开始第 18 次操作

2021-07-05 00:03:19 开始操作号码 【1743792】
2021-07-05 00:03:26 GSD getOne 第 1 次 等待 1 秒
2021-07-05 00:03:27 查询号码 【1743792】，返回信息 {"status":"bad","msg":""}
2021-07-05 00:03:27 查询号码 【1743792】，GSD为【""】
2021-07-05 00:03:27 bad
2021-07-05 00:03:28 CHB 1743792?1625414607 第 1 次 等待 1 秒
2021-07-05 00:03:29 CHB 1743792?1625414607 第 1 次 获取到号码【1743792】GSD
2021-07-05 00:03:29 未获取到号码【1743792】GSD，可能号码格式错误
2021-07-05 00:03:29 获取到号码【1743792】的GSD为【-】
2021-07-05 00:03:56 GSD insert 第 1 次 等待 1 秒
2021-07-05 00:03:57 {"status":"ok","msg":"添加成功！194007"}
2021-07-05 00:03:57 下次操作: 2021-07-05 00:04:07

2021-07-05 00:04:07 开始第 19 次操作

2021-07-05 00:04:07 开始操作号码 【1743793】
2021-07-05 00:04:26 GSD getOne 第 1 次 等待 1 秒
2021-07-05 00:04:27 查询号码 【1743793】，返回信息 {"status":"bad","msg":""}
2021-07-05 00:04:27 查询号码 【1743793】，GSD为【""】
2021-07-05 00:04:27 bad
2021-07-05 00:04:32 CHB 1743793?1625414667 第 1 次 等待 1 秒
2021-07-05 00:04:33 CHB 1743793?1625414667 第 1 次 获取到号码【1743793】GSD
2021-07-05 00:04:33 未获取到号码【1743793】GSD，可能号码格式错误
2021-07-05 00:04:33 获取到号码【1743793】的GSD为【-】
2021-07-05 00:04:53 GSD insert 第 1 次 等待 1 秒
2021-07-05 00:04:54 {"status":"ok","msg":"添加成功！194017"}
2021-07-05 00:04:54 下次操作: 2021-07-05 00:05:06

2021-07-05 00:05:06 开始第 20 次操作

2021-07-05 00:05:06 开始操作号码 【1743794】
2021-07-05 00:05:14 GSD getOne 第 1 次 等待 1 秒
2021-07-05 00:05:15 查询号码 【1743794】，返回信息 {"status":"bad","msg":""}
2021-07-05 00:05:15 查询号码 【1743794】，GSD为【""】
2021-07-05 00:05:15 bad
2021-07-05 00:05:17 CHB 1743794?1625414715 第 1 次 等待 1 秒
2021-07-05 00:05:18 CHB 1743794?1625414715 第 1 次 获取到号码【1743794】GSD
2021-07-05 00:05:18 未获取到号码【1743794】GSD，可能号码格式错误
2021-07-05 00:05:18 获取到号码【1743794】的GSD为【-】
2021-07-05 00:05:37 GSD insert 第 1 次 等待 1 秒
2021-07-05 00:05:38 {"status":"ok","msg":"添加成功！194024"}
2021-07-05 00:05:38 下次操作: 2021-07-05 00:05:48

2021-07-05 00:05:48 开始第 21 次操作

2021-07-05 00:05:48 开始操作号码 【1743795】
2021-07-05 00:06:02 GSD getOne 第 1 次 等待 1 秒
2021-07-05 00:06:03 查询号码 【1743795】，返回信息 {"status":"bad","msg":""}
2021-07-05 00:06:03 查询号码 【1743795】，GSD为【""】
2021-07-05 00:06:03 bad
2021-07-05 00:06:05 CHB 1743795?1625414763 第 1 次 等待 1 秒
2021-07-05 00:06:06 CHB 1743795?1625414763 第 1 次 获取到号码【1743795】GSD
2021-07-05 00:06:06 未获取到号码【1743795】GSD，可能号码格式错误
2021-07-05 00:06:06 获取到号码【1743795】的GSD为【-】
2021-07-05 00:06:26 GSD insert 第 1 次 等待 1 秒
2021-07-05 00:06:27 {"status":"ok","msg":"添加成功！194031"}
2021-07-05 00:06:27 下次操作: 2021-07-05 00:06:36

2021-07-05 00:06:37 开始第 22 次操作

2021-07-05 00:06:37 开始操作号码 【1743796】
2021-07-05 00:06:47 GSD getOne 第 1 次 等待 1 秒
2021-07-05 00:06:48 查询号码 【1743796】，返回信息 {"status":"bad","msg":""}
2021-07-05 00:06:48 查询号码 【1743796】，GSD为【""】
2021-07-05 00:06:48 bad
2021-07-05 00:06:49 CHB 1743796?1625414808 第 1 次 等待 1 秒
2021-07-05 00:06:50 CHB 1743796?1625414808 第 1 次 获取到号码【1743796】GSD
2021-07-05 00:06:51 未获取到号码【1743796】GSD，可能号码格式错误
2021-07-05 00:06:51 获取到号码【1743796】的GSD为【-】
2021-07-05 00:07:12 GSD insert 第 1 次 等待 1 秒
2021-07-05 00:07:13 {"status":"ok","msg":"添加成功！194037"}
2021-07-05 00:07:13 下次操作: 2021-07-05 00:07:27

2021-07-05 00:07:27 开始第 23 次操作

2021-07-05 00:07:27 开始操作号码 【1743797】
2021-07-05 00:07:34 GSD getOne 第 1 次 等待 1 秒
2021-07-05 00:07:35 查询号码 【1743797】，返回信息 {"status":"bad","msg":""}
2021-07-05 00:07:35 查询号码 【1743797】，GSD为【""】
2021-07-05 00:07:35 bad
2021-07-05 00:07:36 CHB 1743797?1625414855 第 1 次 等待 1 秒
2021-07-05 00:07:37 CHB 1743797?1625414855 第 1 次 获取到号码【1743797】GSD
2021-07-05 00:07:37 未获取到号码【1743797】GSD，可能号码格式错误
2021-07-05 00:07:37 获取到号码【1743797】的GSD为【-】
2021-07-05 00:08:02 GSD insert 第 1 次 等待 1 秒
2021-07-05 00:08:03 {"status":"ok","msg":"添加成功！194044"}
2021-07-05 00:08:03 下次操作: 2021-07-05 00:08:20

2021-07-05 00:08:20 开始第 24 次操作

2021-07-05 00:08:20 开始操作号码 【1743798】
2021-07-05 00:08:24 GSD getOne 第 1 次 等待 1 秒
2021-07-05 00:08:25 查询号码 【1743798】，返回信息 {"status":"bad","msg":""}
2021-07-05 00:08:25 查询号码 【1743798】，GSD为【""】
2021-07-05 00:08:25 bad
2021-07-05 00:08:26 CHB 1743798?1625414905 第 1 次 等待 1 秒
2021-07-05 00:08:27 CHB 1743798?1625414905 第 1 次 获取到号码【1743798】GSD
2021-07-05 00:08:27 未获取到号码【1743798】GSD，可能号码格式错误
2021-07-05 00:08:27 获取到号码【1743798】的GSD为【-】
2021-07-05 00:08:31 GSD insert 第 1 次 等待 1 秒
2021-07-05 00:08:32 {"status":"ok","msg":"添加成功！194048"}
2021-07-05 00:08:32 下次操作: 2021-07-05 00:08:39

2021-07-05 00:08:39 开始第 25 次操作

2021-07-05 00:08:39 开始操作号码 【1743799】
2021-07-05 00:08:51 GSD getOne 第 1 次 等待 1 秒
2021-07-05 00:08:52 查询号码 【1743799】，返回信息 {"status":"bad","msg":""}
2021-07-05 00:08:52 查询号码 【1743799】，GSD为【""】
2021-07-05 00:08:52 bad
2021-07-05 00:08:53 CHB 1743799?1625414932 第 1 次 等待 1 秒
2021-07-05 00:08:54 CHB 1743799?1625414932 第 1 次 获取到号码【1743799】GSD
2021-07-05 00:08:54 未获取到号码【1743799】GSD，可能号码格式错误
2021-07-05 00:08:54 获取到号码【1743799】的GSD为【-】
2021-07-05 00:08:58 GSD insert 第 1 次 等待 1 秒
2021-07-05 00:08:59 {"status":"ok","msg":"添加成功！194052"}
2021-07-05 00:08:59 下次操作: 2021-07-05 00:09:11

2021-07-05 00:09:11 开始第 26 次操作

2021-07-05 00:09:11 开始操作号码 【1743800】
2021-07-05 00:09:14 GSD getOne 第 1 次 等待 1 秒
2021-07-05 00:09:15 查询号码 【1743800】，返回信息 {"status":"bad","msg":""}
2021-07-05 00:09:15 查询号码 【1743800】，GSD为【""】
2021-07-05 00:09:15 bad
2021-07-05 00:09:16 CHB 1743800?1625414955 第 1 次 等待 1 秒
2021-07-05 00:09:17 CHB 1743800?1625414955 第 1 次 获取到号码【1743800】GSD
2021-07-05 00:09:17 未获取到号码【1743800】GSD，可能号码格式错误
2021-07-05 00:09:17 获取到号码【1743800】的GSD为【-】
2021-07-05 00:09:22 GSD insert 第 1 次 等待 1 秒
2021-07-05 00:09:23 {"status":"ok","msg":"添加成功！194054"}
2021-07-05 00:09:23 下次操作: 2021-07-05 00:09:40

2021-07-05 00:09:40 开始第 27 次操作

2021-07-05 00:09:40 开始操作号码 【1743801】
2021-07-05 00:09:44 GSD getOne 第 1 次 等待 1 秒
2021-07-05 00:09:45 查询号码 【1743801】，返回信息 {"status":"bad","msg":""}
2021-07-05 00:09:45 查询号码 【1743801】，GSD为【""】
2021-07-05 00:09:45 bad
2021-07-05 00:09:46 CHB 1743801?1625414985 第 1 次 等待 1 秒
2021-07-05 00:09:47 CHB 1743801?1625414985 第 1 次 获取到号码【1743801】GSD
2021-07-05 00:09:48 未获取到号码【1743801】GSD，可能号码格式错误
2021-07-05 00:09:48 获取到号码【1743801】的GSD为【-】
2021-07-05 00:09:51 GSD insert 第 1 次 等待 1 秒
2021-07-05 00:09:52 {"status":"ok","msg":"添加成功！194057"}
2021-07-05 00:09:52 下次操作: 2021-07-05 00:10:02

2021-07-05 00:10:02 开始第 28 次操作

2021-07-05 00:10:02 开始操作号码 【1743802】
2021-07-05 00:10:06 GSD getOne 第 1 次 等待 1 秒
2021-07-05 00:10:07 查询号码 【1743802】，返回信息 {"status":"bad","msg":""}
2021-07-05 00:10:07 查询号码 【1743802】，GSD为【""】
2021-07-05 00:10:07 bad
2021-07-05 00:10:08 CHB 1743802?1625415007 第 1 次 等待 1 秒
2021-07-05 00:10:09 CHB 1743802?1625415007 第 1 次 获取到号码【1743802】GSD
2021-07-05 00:10:09 未获取到号码【1743802】GSD，可能号码格式错误
2021-07-05 00:10:09 获取到号码【1743802】的GSD为【-】
2021-07-05 00:10:13 GSD insert 第 1 次 等待 1 秒
2021-07-05 00:10:14 {"status":"ok","msg":"添加成功！194059"}
2021-07-05 00:10:14 下次操作: 2021-07-05 00:10:29

2021-07-05 00:10:29 开始第 29 次操作

2021-07-05 00:10:29 开始操作号码 【1743803】
2021-07-05 00:10:33 GSD getOne 第 1 次 等待 1 秒
2021-07-05 00:10:34 查询号码 【1743803】，返回信息 {"status":"bad","msg":""}
2021-07-05 00:10:34 查询号码 【1743803】，GSD为【""】
2021-07-05 00:10:34 bad
2021-07-05 00:10:35 CHB 1743803?1625415034 第 1 次 等待 1 秒
2021-07-05 00:10:36 CHB 1743803?1625415034 第 1 次 获取到号码【1743803】GSD
2021-07-05 00:10:36 未获取到号码【1743803】GSD，可能号码格式错误
2021-07-05 00:10:36 获取到号码【1743803】的GSD为【-】
2021-07-05 00:10:40 GSD insert 第 1 次 等待 1 秒
2021-07-05 00:10:41 {"status":"ok","msg":"添加成功！194064"}
2021-07-05 00:10:41 下次操作: 2021-07-05 00:10:51

2021-07-05 00:10:51 开始第 30 次操作

2021-07-05 00:10:51 开始操作号码 【1743804】
2021-07-05 00:10:55 GSD getOne 第 1 次 等待 1 秒
2021-07-05 00:10:56 查询号码 【1743804】，返回信息 {"status":"bad","msg":""}
2021-07-05 00:10:56 查询号码 【1743804】，GSD为【""】
2021-07-05 00:10:56 bad
2021-07-05 00:10:57 CHB 1743804?1625415056 第 1 次 等待 1 秒
2021-07-05 00:10:58 CHB 1743804?1625415056 第 1 次 获取到号码【1743804】GSD
2021-07-05 00:10:58 未获取到号码【1743804】GSD，可能号码格式错误
2021-07-05 00:10:58 获取到号码【1743804】的GSD为【-】
2021-07-05 00:11:05 GSD insert 第 1 次 等待 1 秒
2021-07-05 00:11:06 {"status":"ok","msg":"添加成功！194065"}

