2024-07-02 00:11:49 开始第 4321 次操作

2024-07-02 00:11:49 开始操作号码 【1554230】
2024-07-02 00:12:03 GSD getOne 第 1 次 等待 3 秒
2024-07-02 00:12:06 查询号码 【1554230】，返回信息 {"status":"ok","msg":"辽宁-大连","gid":"331354","time_insert":"2021-07-20 00:58"}
2024-07-02 00:12:06 查询号码 【1554230】，GSD为【"辽宁-大连"】

2024-07-02 00:12:07 开始第 4322 次操作

2024-07-02 00:12:07 开始操作号码 【1554231】
2024-07-02 00:12:21 GSD getOne 第 1 次 等待 3 秒
2024-07-02 00:12:24 查询号码 【1554231】，返回信息 {"status":"ok","msg":"辽宁-大连","gid":"331420","time_insert":"2021-07-20 01:07"}
2024-07-02 00:12:24 查询号码 【1554231】，GSD为【"辽宁-大连"】

2024-07-02 00:12:25 开始第 4323 次操作

2024-07-02 00:12:25 开始操作号码 【1554232】
2024-07-02 00:12:40 GSD getOne 第 1 次 等待 3 秒
2024-07-02 00:12:43 查询号码 【1554232】，返回信息 {"status":"ok","msg":"辽宁-大连","gid":"331542","time_insert":"2021-07-20 01:16"}
2024-07-02 00:12:43 查询号码 【1554232】，GSD为【"辽宁-大连"】

2024-07-02 00:12:44 开始第 4324 次操作

2024-07-02 00:12:44 开始操作号码 【1554233】
2024-07-02 00:12:58 GSD getOne 第 1 次 等待 3 秒
2024-07-02 00:13:01 查询号码 【1554233】，返回信息 {"status":"ok","msg":"辽宁-大连","gid":"331679","time_insert":"2021-07-20 01:26"}
2024-07-02 00:13:01 查询号码 【1554233】，GSD为【"辽宁-大连"】

