2023-11-16 00:11:42 开始第 9089 次操作

2023-11-16 00:11:42 开始操作号码 【1989001】
2023-11-16 00:11:46 GSD getOne 第 1 次 等待 3 秒
2023-11-16 00:11:49 查询号码 【1989001】，返回信息 {"status":"ok","msg":"福建-漳州","gid":"468629","time_insert":"2021-08-01 15:14"}
2023-11-16 00:11:49 查询号码 【1989001】，GSD为【"福建-漳州"】

2023-11-16 00:11:50 开始第 9090 次操作

2023-11-16 00:11:50 开始操作号码 【1989002】
2023-11-16 00:12:00 GSD getOne 第 1 次 等待 3 秒
2023-11-16 00:12:03 查询号码 【1989002】，返回信息 {"status":"ok","msg":"福建-龙岩","gid":"468616","time_insert":"2021-08-01 15:13"}
2023-11-16 00:12:03 查询号码 【1989002】，GSD为【"福建-龙岩"】

2023-11-16 00:12:04 开始第 9091 次操作

2023-11-16 00:12:04 开始操作号码 【1989003】
2023-11-16 00:12:11 GSD getOne 第 1 次 等待 3 秒
2023-11-16 00:12:14 查询号码 【1989003】，返回信息 {"status":"ok","msg":"福建-龙岩","gid":"468603","time_insert":"2021-08-01 15:12"}
2023-11-16 00:12:14 查询号码 【1989003】，GSD为【"福建-龙岩"】

2023-11-16 00:12:15 开始第 9092 次操作

2023-11-16 00:12:15 开始操作号码 【1989004】
2023-11-16 00:12:20 GSD getOne 第 1 次 等待 3 秒
2023-11-16 00:12:23 查询号码 【1989004】，返回信息 {"status":"ok","msg":"福建-龙岩","gid":"468591","time_insert":"2021-08-01 15:11"}
2023-11-16 00:12:23 查询号码 【1989004】，GSD为【"福建-龙岩"】

