2023-12-02 00:11:12 开始第 925 次操作

2023-12-02 00:11:12 开始操作号码 【1880838】
2023-12-02 00:11:16 GSD getOne 第 1 次 等待 3 秒
2023-12-02 00:11:19 查询号码 【1880838】，返回信息 {"status":"ok","msg":"四川-德阳","gid":"411736","time_insert":"2021-07-27 10:16"}
2023-12-02 00:11:19 查询号码 【1880838】，GSD为【"四川-德阳"】

2023-12-02 00:11:20 开始第 926 次操作

2023-12-02 00:11:20 开始操作号码 【1880839】
2023-12-02 00:11:24 GSD getOne 第 1 次 等待 3 秒
2023-12-02 00:11:27 查询号码 【1880839】，返回信息 {"status":"ok","msg":"四川-广元","gid":"43803","time_insert":"2019-03-26 08:44","time_update":"2020-11-13 20:05"}
2023-12-02 00:11:27 查询号码 【1880839】，GSD为【"四川-广元"】

2023-12-02 00:11:28 开始第 927 次操作

2023-12-02 00:11:28 开始操作号码 【1880840】
2023-12-02 00:11:33 GSD getOne 第 1 次 等待 3 秒
2023-12-02 00:11:36 查询号码 【1880840】，返回信息 {"status":"ok","msg":"四川-达州","gid":"411777","time_insert":"2021-07-27 10:28"}
2023-12-02 00:11:36 查询号码 【1880840】，GSD为【"四川-达州"】

2023-12-02 00:11:37 开始第 928 次操作

2023-12-02 00:11:37 开始操作号码 【1880841】
2023-12-02 00:11:42 GSD getOne 第 1 次 等待 3 秒
2023-12-02 00:11:45 查询号码 【1880841】，返回信息 {"status":"ok","msg":"四川-遂宁","gid":"411783","time_insert":"2021-07-27 10:30"}
2023-12-02 00:11:46 查询号码 【1880841】，GSD为【"四川-遂宁"】

