2023-10-18 00:11:31 开始第 3773 次操作

2023-10-18 00:11:31 开始操作号码 【1983686】
2023-10-18 00:11:38 GSD getOne 第 1 次 等待 3 秒
2023-10-18 00:11:41 查询号码 【1983686】，返回信息 {"status":"ok","msg":"北京-北京","gid":"504577","time_insert":"2021-08-11 21:50"}
2023-10-18 00:11:41 查询号码 【1983686】，GSD为【"北京-北京"】

2023-10-18 00:11:42 开始第 3774 次操作

2023-10-18 00:11:42 开始操作号码 【1983687】
2023-10-18 00:11:46 GSD getOne 第 1 次 等待 3 秒
2023-10-18 00:11:49 查询号码 【1983687】，返回信息 {"status":"ok","msg":"北京-北京","gid":"504589","time_insert":"2021-08-11 21:59"}
2023-10-18 00:11:49 查询号码 【1983687】，GSD为【"北京-北京"】

2023-10-18 00:11:50 开始第 3775 次操作

2023-10-18 00:11:50 开始操作号码 【1983688】
2023-10-18 00:11:59 GSD getOne 第 1 次 等待 3 秒
2023-10-18 00:12:02 查询号码 【1983688】，返回信息 {"status":"ok","msg":"北京-北京","gid":"504591","time_insert":"2021-08-11 22:00"}
2023-10-18 00:12:02 查询号码 【1983688】，GSD为【"北京-北京"】

2023-10-18 00:12:03 开始第 3776 次操作

2023-10-18 00:12:03 开始操作号码 【1983689】
2023-10-18 00:12:09 GSD getOne 第 1 次 等待 3 秒
2023-10-18 00:12:12 查询号码 【1983689】，返回信息 {"status":"ok","msg":"北京-北京","gid":"504600","time_insert":"2021-08-11 22:07"}
2023-10-18 00:12:12 查询号码 【1983689】，GSD为【"北京-北京"】

