2024-11-21 00:15:45 开始第 6061 次操作

2024-11-21 00:15:45 开始操作号码 【1336060】
2024-11-21 00:15:46 GSD getOne 第 1 次 等待 3 秒
2024-11-21 00:15:49 查询号码 【1336060】，返回信息 {"status":"ok","msg":"广东-珠海","gid":"298432","time_insert":"2021-07-17 01:07"}
2024-11-21 00:15:49 查询号码 【1336060】，GSD为【"广东-珠海"】

2024-11-21 00:15:50 开始第 6062 次操作

2024-11-21 00:15:50 开始操作号码 【1336061】
2024-11-21 00:15:52 GSD getOne 第 1 次 等待 3 秒
2024-11-21 00:15:55 查询号码 【1336061】，返回信息 {"status":"ok","msg":"广东-珠海","gid":"298426","time_insert":"2021-07-17 01:07"}
2024-11-21 00:15:55 查询号码 【1336061】，GSD为【"广东-珠海"】

2024-11-21 00:15:56 开始第 6063 次操作

2024-11-21 00:15:56 开始操作号码 【1336062】
2024-11-21 00:15:57 GSD getOne 第 1 次 等待 3 秒
2024-11-21 00:16:00 查询号码 【1336062】，返回信息 {"status":"ok","msg":"广东-潮州","gid":"298418","time_insert":"2021-07-17 01:06"}
2024-11-21 00:16:00 查询号码 【1336062】，GSD为【"广东-潮州"】

2024-11-21 00:16:01 开始第 6064 次操作

2024-11-21 00:16:01 开始操作号码 【1336063】
2024-11-21 00:16:02 GSD getOne 第 1 次 等待 3 秒
2024-11-21 00:16:05 查询号码 【1336063】，返回信息 {"status":"ok","msg":"广东-东莞","gid":"298411","time_insert":"2021-07-17 01:06"}
2024-11-21 00:16:05 查询号码 【1336063】，GSD为【"广东-东莞"】

2024-11-21 00:44:57 开始第 6065 次操作

2024-11-21 00:44:57 开始操作号码 【1336064】
2024-11-21 00:44:58 GSD getOne 第 1 次 等待 3 秒
2024-11-21 00:45:01 查询号码 【1336064】，返回信息 {"status":"ok","msg":"广东-东莞","gid":"298404","time_insert":"2021-07-17 01:05"}
2024-11-21 00:45:01 查询号码 【1336064】，GSD为【"广东-东莞"】

2024-11-21 00:45:02 开始第 6066 次操作

2024-11-21 00:45:02 开始操作号码 【1336065】
2024-11-21 00:45:03 GSD getOne 第 1 次 等待 3 秒
2024-11-21 00:45:06 查询号码 【1336065】，返回信息 {"status":"ok","msg":"广东-东莞","gid":"298398","time_insert":"2021-07-17 01:04"}
2024-11-21 00:45:06 查询号码 【1336065】，GSD为【"广东-东莞"】

2024-11-21 00:45:07 开始第 6067 次操作

2024-11-21 00:45:07 开始操作号码 【1336066】
2024-11-21 00:45:08 GSD getOne 第 1 次 等待 3 秒
2024-11-21 00:45:11 查询号码 【1336066】，返回信息 {"status":"ok","msg":"广东-东莞","gid":"298393","time_insert":"2021-07-17 01:04"}
2024-11-21 00:45:11 查询号码 【1336066】，GSD为【"广东-东莞"】

2024-11-21 00:45:12 开始第 6068 次操作

2024-11-21 00:45:12 开始操作号码 【1336067】
2024-11-21 00:45:12 GSD getOne 第 1 次 等待 3 秒
2024-11-21 00:45:15 查询号码 【1336067】，返回信息 {"status":"ok","msg":"广东-东莞","gid":"298389","time_insert":"2021-07-17 01:03"}
2024-11-21 00:45:15 查询号码 【1336067】，GSD为【"广东-东莞"】

