2023-11-03 00:11:36 开始第 6713 次操作

2023-11-03 00:11:36 开始操作号码 【1986626】
2023-11-03 00:11:39 GSD getOne 第 1 次 等待 3 秒
2023-11-03 00:11:42 查询号码 【1986626】，返回信息 {"status":"ok","msg":"广东-潮州","gid":"494480","time_insert":"2021-08-04 04:42"}
2023-11-03 00:11:42 查询号码 【1986626】，GSD为【"广东-潮州"】

2023-11-03 00:11:43 开始第 6714 次操作

2023-11-03 00:11:43 开始操作号码 【1986627】
2023-11-03 00:11:47 GSD getOne 第 1 次 等待 3 秒
2023-11-03 00:11:50 查询号码 【1986627】，返回信息 {"status":"ok","msg":"广东-茂名","gid":"494382","time_insert":"2021-08-04 04:17"}
2023-11-03 00:11:50 查询号码 【1986627】，GSD为【"广东-茂名"】

2023-11-03 00:11:51 开始第 6715 次操作

2023-11-03 00:11:51 开始操作号码 【1986628】
2023-11-03 00:11:59 GSD getOne 第 1 次 等待 3 秒
2023-11-03 00:12:02 查询号码 【1986628】，返回信息 {"status":"ok","msg":"广东-深圳","gid":"494378","time_insert":"2021-08-04 04:15"}
2023-11-03 00:12:02 查询号码 【1986628】，GSD为【"广东-深圳"】

2023-11-03 00:12:03 开始第 6716 次操作

2023-11-03 00:12:03 开始操作号码 【1986629】
2023-11-03 00:12:07 GSD getOne 第 1 次 等待 3 秒
2023-11-03 00:12:10 查询号码 【1986629】，返回信息 {"status":"ok","msg":"广东-阳江","gid":"494377","time_insert":"2021-08-04 04:15"}
2023-11-03 00:12:10 查询号码 【1986629】，GSD为【"广东-阳江"】

2023-11-03 00:38:20 开始第 6717 次操作

2023-11-03 00:38:20 开始操作号码 【1986630】
2023-11-03 00:38:23 GSD getOne 第 1 次 等待 3 秒
2023-11-03 00:38:26 查询号码 【1986630】，返回信息 {"status":"ok","msg":"广东-阳江","gid":"494367","time_insert":"2021-08-04 04:12"}
2023-11-03 00:38:26 查询号码 【1986630】，GSD为【"广东-阳江"】

2023-11-03 00:38:27 开始第 6718 次操作

2023-11-03 00:38:27 开始操作号码 【1986631】
2023-11-03 00:38:30 GSD getOne 第 1 次 等待 3 秒
2023-11-03 00:38:33 查询号码 【1986631】，返回信息 {"status":"ok","msg":"广东-阳江","gid":"494362","time_insert":"2021-08-04 04:11"}
2023-11-03 00:38:33 查询号码 【1986631】，GSD为【"广东-阳江"】

2023-11-03 00:38:34 开始第 6719 次操作

2023-11-03 00:38:34 开始操作号码 【1986632】
2023-11-03 00:38:37 GSD getOne 第 1 次 等待 3 秒
2023-11-03 00:38:40 查询号码 【1986632】，返回信息 {"status":"ok","msg":"广东-阳江","gid":"494357","time_insert":"2021-08-04 04:09"}
2023-11-03 00:38:40 查询号码 【1986632】，GSD为【"广东-阳江"】

2023-11-03 00:38:41 开始第 6720 次操作

2023-11-03 00:38:41 开始操作号码 【1986633】
2023-11-03 00:38:44 GSD getOne 第 1 次 等待 3 秒
2023-11-03 00:38:47 查询号码 【1986633】，返回信息 {"status":"ok","msg":"广东-深圳","gid":"494351","time_insert":"2021-08-04 04:07"}
2023-11-03 00:38:47 查询号码 【1986633】，GSD为【"广东-深圳"】

2023-11-03 01:08:04 开始第 6721 次操作

2023-11-03 01:08:04 开始操作号码 【1986634】
2023-11-03 01:08:07 GSD getOne 第 1 次 等待 3 秒
2023-11-03 01:08:10 查询号码 【1986634】，返回信息 {"status":"ok","msg":"广东-珠海","gid":"494343","time_insert":"2021-08-04 04:05"}
2023-11-03 01:08:10 查询号码 【1986634】，GSD为【"广东-珠海"】

2023-11-03 01:08:11 开始第 6722 次操作

2023-11-03 01:08:11 开始操作号码 【1986635】
2023-11-03 01:08:14 GSD getOne 第 1 次 等待 3 秒
2023-11-03 01:08:17 查询号码 【1986635】，返回信息 {"status":"ok","msg":"广东-阳江","gid":"494338","time_insert":"2021-08-04 04:04"}
2023-11-03 01:08:17 查询号码 【1986635】，GSD为【"广东-阳江"】

2023-11-03 01:08:18 开始第 6723 次操作

2023-11-03 01:08:18 开始操作号码 【1986636】
2023-11-03 01:08:20 GSD getOne 第 1 次 等待 3 秒
2023-11-03 01:08:24 查询号码 【1986636】，返回信息 {"status":"ok","msg":"广东-阳江","gid":"494333","time_insert":"2021-08-04 04:03"}
2023-11-03 01:08:24 查询号码 【1986636】，GSD为【"广东-阳江"】

2023-11-03 01:08:25 开始第 6724 次操作

2023-11-03 01:08:25 开始操作号码 【1986637】
2023-11-03 01:08:27 GSD getOne 第 1 次 等待 3 秒
2023-11-03 01:08:30 查询号码 【1986637】，返回信息 {"status":"ok","msg":"广东-珠海","gid":"494327","time_insert":"2021-08-04 04:01"}
2023-11-03 01:08:30 查询号码 【1986637】，GSD为【"广东-珠海"】

2023-11-03 01:33:01 开始第 6725 次操作

2023-11-03 01:33:01 开始操作号码 【1986638】
2023-11-03 01:33:03 GSD getOne 第 1 次 等待 3 秒
2023-11-03 01:33:06 查询号码 【1986638】，返回信息 {"status":"ok","msg":"广东-深圳","gid":"494323","time_insert":"2021-08-04 04:00"}
2023-11-03 01:33:06 查询号码 【1986638】，GSD为【"广东-深圳"】

2023-11-03 01:33:08 开始第 6726 次操作

2023-11-03 01:33:08 开始操作号码 【1986639】
2023-11-03 01:33:10 GSD getOne 第 1 次 等待 3 秒
2023-11-03 01:33:13 查询号码 【1986639】，返回信息 {"status":"ok","msg":"广东-韶关","gid":"494317","time_insert":"2021-08-04 03:58"}
2023-11-03 01:33:13 查询号码 【1986639】，GSD为【"广东-韶关"】

2023-11-03 01:33:14 开始第 6727 次操作

2023-11-03 01:33:14 开始操作号码 【1986640】
2023-11-03 01:33:19 GSD getOne 第 1 次 等待 3 秒
2023-11-03 01:33:22 查询号码 【1986640】，返回信息 {"status":"ok","msg":"广东-清远","gid":"494312","time_insert":"2021-08-04 03:57"}
2023-11-03 01:33:22 查询号码 【1986640】，GSD为【"广东-清远"】

2023-11-03 01:33:23 开始第 6728 次操作

2023-11-03 01:33:23 开始操作号码 【1986641】
2023-11-03 01:33:25 GSD getOne 第 1 次 等待 3 秒
2023-11-03 01:33:28 查询号码 【1986641】，返回信息 {"status":"ok","msg":"广东-清远","gid":"494305","time_insert":"2021-08-04 03:55"}
2023-11-03 01:33:29 查询号码 【1986641】，GSD为【"广东-清远"】

2023-11-03 02:11:05 开始第 6729 次操作

2023-11-03 02:11:05 开始操作号码 【1986642】
2023-11-03 02:11:07 GSD getOne 第 1 次 等待 3 秒
2023-11-03 02:11:10 查询号码 【1986642】，返回信息 {"status":"ok","msg":"广东-清远","gid":"494299","time_insert":"2021-08-04 03:54"}
2023-11-03 02:11:11 查询号码 【1986642】，GSD为【"广东-清远"】

2023-11-03 02:11:12 开始第 6730 次操作

2023-11-03 02:11:12 开始操作号码 【1986643】
2023-11-03 02:11:14 GSD getOne 第 1 次 等待 3 秒
2023-11-03 02:11:17 查询号码 【1986643】，返回信息 {"status":"ok","msg":"广东-清远","gid":"494296","time_insert":"2021-08-04 03:53"}
2023-11-03 02:11:18 查询号码 【1986643】，GSD为【"广东-清远"】

2023-11-03 02:11:19 开始第 6731 次操作

2023-11-03 02:11:19 开始操作号码 【1986644】
2023-11-03 02:11:21 GSD getOne 第 1 次 等待 3 秒
2023-11-03 02:11:24 查询号码 【1986644】，返回信息 {"status":"ok","msg":"广东-揭阳","gid":"494284","time_insert":"2021-08-04 03:50"}
2023-11-03 02:11:24 查询号码 【1986644】，GSD为【"广东-揭阳"】

2023-11-03 02:11:26 开始第 6732 次操作

2023-11-03 02:11:26 开始操作号码 【1986645】
2023-11-03 02:11:28 GSD getOne 第 1 次 等待 3 秒
2023-11-03 02:11:31 查询号码 【1986645】，返回信息 {"status":"ok","msg":"广东-揭阳","gid":"494278","time_insert":"2021-08-04 03:48"}
2023-11-03 02:11:31 查询号码 【1986645】，GSD为【"广东-揭阳"】

2023-11-03 02:34:02 开始第 6733 次操作

2023-11-03 02:34:02 开始操作号码 【1986646】
2023-11-03 02:34:05 GSD getOne 第 1 次 等待 3 秒
2023-11-03 02:34:08 查询号码 【1986646】，返回信息 {"status":"ok","msg":"广东-揭阳","gid":"494274","time_insert":"2021-08-04 03:47"}
2023-11-03 02:34:08 查询号码 【1986646】，GSD为【"广东-揭阳"】

2023-11-03 02:34:09 开始第 6734 次操作

2023-11-03 02:34:09 开始操作号码 【1986647】
2023-11-03 02:34:12 GSD getOne 第 1 次 等待 3 秒
2023-11-03 02:34:15 查询号码 【1986647】，返回信息 {"status":"ok","msg":"广东-惠州","gid":"494266","time_insert":"2021-08-04 03:46"}
2023-11-03 02:34:15 查询号码 【1986647】，GSD为【"广东-惠州"】

2023-11-03 02:34:16 开始第 6735 次操作

2023-11-03 02:34:16 开始操作号码 【1986648】
2023-11-03 02:34:19 GSD getOne 第 1 次 等待 3 秒
2023-11-03 02:34:22 查询号码 【1986648】，返回信息 {"status":"ok","msg":"广东-深圳","gid":"494261","time_insert":"2021-08-04 03:45"}
2023-11-03 02:34:22 查询号码 【1986648】，GSD为【"广东-深圳"】

2023-11-03 02:34:23 开始第 6736 次操作

2023-11-03 02:34:23 开始操作号码 【1986649】
2023-11-03 02:34:26 GSD getOne 第 1 次 等待 3 秒
2023-11-03 02:34:29 查询号码 【1986649】，返回信息 {"status":"ok","msg":"广东-湛江","gid":"494257","time_insert":"2021-08-04 03:43"}
2023-11-03 02:34:29 查询号码 【1986649】，GSD为【"广东-湛江"】

2023-11-03 03:06:56 开始第 6737 次操作

2023-11-03 03:06:56 开始操作号码 【1986650】
2023-11-03 03:06:59 GSD getOne 第 1 次 等待 3 秒
2023-11-03 03:07:02 查询号码 【1986650】，返回信息 {"status":"ok","msg":"广东-韶关","gid":"494252","time_insert":"2021-08-04 03:42"}
2023-11-03 03:07:02 查询号码 【1986650】，GSD为【"广东-韶关"】

2023-11-03 03:07:03 开始第 6738 次操作

2023-11-03 03:07:03 开始操作号码 【1986651】
2023-11-03 03:07:06 GSD getOne 第 1 次 等待 3 秒
2023-11-03 03:07:09 查询号码 【1986651】，返回信息 {"status":"ok","msg":"广东-韶关","gid":"494246","time_insert":"2021-08-04 03:41"}
2023-11-03 03:07:09 查询号码 【1986651】，GSD为【"广东-韶关"】

2023-11-03 03:07:10 开始第 6739 次操作

2023-11-03 03:07:10 开始操作号码 【1986652】
2023-11-03 03:07:13 GSD getOne 第 1 次 等待 3 秒
2023-11-03 03:07:16 查询号码 【1986652】，返回信息 {"status":"ok","msg":"广东-韶关","gid":"494238","time_insert":"2021-08-04 03:39"}
2023-11-03 03:07:16 查询号码 【1986652】，GSD为【"广东-韶关"】

2023-11-03 03:07:17 开始第 6740 次操作

2023-11-03 03:07:17 开始操作号码 【1986653】
2023-11-03 03:07:20 GSD getOne 第 1 次 等待 3 秒
2023-11-03 03:07:23 查询号码 【1986653】，返回信息 {"status":"ok","msg":"广东-韶关","gid":"494232","time_insert":"2021-08-04 03:37"}
2023-11-03 03:07:23 查询号码 【1986653】，GSD为【"广东-韶关"】

2023-11-03 03:33:02 开始第 6741 次操作

2023-11-03 03:33:02 开始操作号码 【1986654】
2023-11-03 03:33:05 GSD getOne 第 1 次 等待 3 秒
2023-11-03 03:33:08 查询号码 【1986654】，返回信息 {"status":"ok","msg":"广东-湛江","gid":"494226","time_insert":"2021-08-04 03:36"}
2023-11-03 03:33:08 查询号码 【1986654】，GSD为【"广东-湛江"】

2023-11-03 03:33:09 开始第 6742 次操作

2023-11-03 03:33:09 开始操作号码 【1986655】
2023-11-03 03:33:12 GSD getOne 第 1 次 等待 3 秒
2023-11-03 03:33:15 查询号码 【1986655】，返回信息 {"status":"ok","msg":"广东-深圳","gid":"494220","time_insert":"2021-08-04 03:34"}
2023-11-03 03:33:15 查询号码 【1986655】，GSD为【"广东-深圳"】

2023-11-03 03:33:16 开始第 6743 次操作

2023-11-03 03:33:16 开始操作号码 【1986656】
2023-11-03 03:33:19 GSD getOne 第 1 次 等待 3 秒
2023-11-03 03:33:22 查询号码 【1986656】，返回信息 {"status":"ok","msg":"广东-韶关","gid":"494216","time_insert":"2021-08-04 03:33"}
2023-11-03 03:33:22 查询号码 【1986656】，GSD为【"广东-韶关"】

2023-11-03 03:33:23 开始第 6744 次操作

2023-11-03 03:33:23 开始操作号码 【1986657】
2023-11-03 03:33:26 GSD getOne 第 1 次 等待 3 秒
2023-11-03 03:33:29 查询号码 【1986657】，返回信息 {"status":"ok","msg":"广东-湛江","gid":"494211","time_insert":"2021-08-04 03:32"}
2023-11-03 03:33:29 查询号码 【1986657】，GSD为【"广东-湛江"】

