2024-11-10 00:12:34 开始第 4141 次操作

2024-11-10 00:12:34 开始操作号码 【1334140】
2024-11-10 00:12:35 GSD getOne 第 1 次 等待 3 秒
2024-11-10 00:12:38 查询号码 【1334140】，返回信息 {"status":"ok","msg":"吉林-长春","gid":"163002","time_insert":"2021-07-01 00:00"}
2024-11-10 00:12:38 查询号码 【1334140】，GSD为【"吉林-长春"】

2024-11-10 00:12:39 开始第 4142 次操作

2024-11-10 00:12:39 开始操作号码 【1334141】
2024-11-10 00:12:40 GSD getOne 第 1 次 等待 3 秒
2024-11-10 00:12:43 查询号码 【1334141】，返回信息 {"status":"ok","msg":"吉林-长春","gid":"163102","time_insert":"2021-07-01 00:16"}
2024-11-10 00:12:44 查询号码 【1334141】，GSD为【"吉林-长春"】

2024-11-10 00:12:45 开始第 4143 次操作

2024-11-10 00:12:45 开始操作号码 【1334142】
2024-11-10 00:12:47 GSD getOne 第 1 次 等待 3 秒
2024-11-10 00:12:50 查询号码 【1334142】，返回信息 {"status":"ok","msg":"吉林-长春","gid":"163150","time_insert":"2021-07-01 00:35"}
2024-11-10 00:12:50 查询号码 【1334142】，GSD为【"吉林-长春"】

2024-11-10 00:12:51 开始第 4144 次操作

2024-11-10 00:12:51 开始操作号码 【1334143】
2024-11-10 00:12:52 GSD getOne 第 1 次 等待 3 秒
2024-11-10 00:12:55 查询号码 【1334143】，返回信息 {"status":"ok","msg":"吉林-长春","gid":"163220","time_insert":"2021-07-01 00:59"}
2024-11-10 00:12:55 查询号码 【1334143】，GSD为【"吉林-长春"】

2024-11-10 00:39:37 开始第 4145 次操作

2024-11-10 00:39:37 开始操作号码 【1334144】
2024-11-10 00:39:38 GSD getOne 第 1 次 等待 3 秒
2024-11-10 00:39:41 查询号码 【1334144】，返回信息 {"status":"ok","msg":"吉林-长春","gid":"163289","time_insert":"2021-07-01 01:23"}
2024-11-10 00:39:41 查询号码 【1334144】，GSD为【"吉林-长春"】

2024-11-10 00:39:42 开始第 4146 次操作

2024-11-10 00:39:42 开始操作号码 【1334145】
2024-11-10 00:39:43 GSD getOne 第 1 次 等待 3 秒
2024-11-10 00:39:46 查询号码 【1334145】，返回信息 {"status":"ok","msg":"吉林-长春","gid":"163406","time_insert":"2021-07-01 01:45"}
2024-11-10 00:39:46 查询号码 【1334145】，GSD为【"吉林-长春"】

2024-11-10 00:39:47 开始第 4147 次操作

2024-11-10 00:39:47 开始操作号码 【1334146】
2024-11-10 00:39:48 GSD getOne 第 1 次 等待 3 秒
2024-11-10 00:39:51 查询号码 【1334146】，返回信息 {"status":"ok","msg":"吉林-长春","gid":"163565","time_insert":"2021-07-01 02:05"}
2024-11-10 00:39:51 查询号码 【1334146】，GSD为【"吉林-长春"】

2024-11-10 00:39:53 开始第 4148 次操作

2024-11-10 00:39:53 开始操作号码 【1334147】
2024-11-10 00:39:54 GSD getOne 第 1 次 等待 3 秒
2024-11-10 00:39:57 查询号码 【1334147】，返回信息 {"status":"ok","msg":"吉林-长春","gid":"163615","time_insert":"2021-07-01 02:21"}
2024-11-10 00:39:57 查询号码 【1334147】，GSD为【"吉林-长春"】

