2021-07-18 00:00:11 开始第 20 次操作

2021-07-18 00:00:11 开始操作号码 【1833682】
2021-07-18 00:00:23 GSD getOne 第 1 次 等待 3 秒
2021-07-18 00:00:26 查询号码 【1833682】，返回信息 {"status":"bad","msg":""}
2021-07-18 00:00:26 查询号码 【1833682】，GSD为【""】
2021-07-18 00:00:26 bad
2021-07-18 00:00:28 CHB 1833682?1626537626 第 1 次 等待 3 秒
2021-07-18 00:00:31 CHB 1833682?1626537626 第 1 次 获取到号码【1833682】GSD
2021-07-18 00:00:31 获取到号码【1833682】的GSD为【河南-焦作】
2021-07-18 00:00:38 GSD insert 第 1 次 等待 3 秒
2021-07-18 00:00:41 {"status":"ok","gid":308517,"msg":"添加成功！"}
2021-07-18 00:00:41 下次操作: 2021-07-18 00:01:00

2021-07-18 00:01:00 开始第 21 次操作

2021-07-18 00:01:00 开始操作号码 【1833683】
2021-07-18 00:01:03 GSD getOne 第 1 次 等待 3 秒
2021-07-18 00:01:06 查询号码 【1833683】，返回信息 {"status":"bad","msg":""}
2021-07-18 00:01:06 查询号码 【1833683】，GSD为【""】
2021-07-18 00:01:06 bad
2021-07-18 00:01:08 CHB 1833683?1626537666 第 1 次 等待 3 秒
2021-07-18 00:01:11 CHB 1833683?1626537666 第 1 次 获取到号码【1833683】GSD
2021-07-18 00:01:11 获取到号码【1833683】的GSD为【河南-焦作】
2021-07-18 00:01:14 GSD insert 第 1 次 等待 3 秒
2021-07-18 00:01:17 {"status":"ok","gid":308523,"msg":"添加成功！"}
2021-07-18 00:01:17 下次操作: 2021-07-18 00:01:40

2021-07-18 00:01:40 开始第 22 次操作

2021-07-18 00:01:40 开始操作号码 【1833684】
2021-07-18 00:01:48 GSD getOne 第 1 次 等待 3 秒
2021-07-18 00:01:51 查询号码 【1833684】，返回信息 {"status":"bad","msg":""}
2021-07-18 00:01:51 查询号码 【1833684】，GSD为【""】
2021-07-18 00:01:51 bad
2021-07-18 00:01:53 CHB 1833684?1626537711 第 1 次 等待 3 秒
2021-07-18 00:01:56 CHB 1833684?1626537711 第 1 次 获取到号码【1833684】GSD
2021-07-18 00:01:56 获取到号码【1833684】的GSD为【河南-焦作】
2021-07-18 00:01:58 GSD insert 第 1 次 等待 3 秒
2021-07-18 00:02:01 {"status":"ok","gid":308535,"msg":"添加成功！"}
2021-07-18 00:02:01 下次操作: 2021-07-18 00:02:20

2021-07-18 00:02:20 开始第 23 次操作

2021-07-18 00:02:20 开始操作号码 【1833685】
2021-07-18 00:02:25 GSD getOne 第 1 次 等待 3 秒
2021-07-18 00:02:28 查询号码 【1833685】，返回信息 {"status":"bad","msg":""}
2021-07-18 00:02:28 查询号码 【1833685】，GSD为【""】
2021-07-18 00:02:28 bad
2021-07-18 00:02:29 CHB 1833685?1626537748 第 1 次 等待 3 秒
2021-07-18 00:02:32 CHB 1833685?1626537748 第 1 次 获取到号码【1833685】GSD
2021-07-18 00:02:32 获取到号码【1833685】的GSD为【河南-焦作】
2021-07-18 00:02:39 GSD insert 第 1 次 等待 3 秒
2021-07-18 00:02:42 {"status":"ok","gid":308545,"msg":"添加成功！"}
2021-07-18 00:02:42 下次操作: 2021-07-18 00:03:01

2021-07-18 00:03:01 开始第 24 次操作

2021-07-18 00:03:01 开始操作号码 【1833686】
2021-07-18 00:03:04 GSD getOne 第 1 次 等待 3 秒
2021-07-18 00:03:07 查询号码 【1833686】，返回信息 {"status":"ok","msg":"河南-焦作","gid":"37737","time_insert":"2017-12-11 13:21","time_update":"2020-09-13 22:57"}
2021-07-18 00:03:07 查询号码 【1833686】，GSD为【"河南-焦作"】

2021-07-18 00:03:07 开始第 24 次操作

2021-07-18 00:03:07 开始操作号码 【1833687】
2021-07-18 00:03:13 GSD getOne 第 1 次 等待 3 秒
2021-07-18 00:03:16 查询号码 【1833687】，返回信息 {"status":"bad","msg":""}
2021-07-18 00:03:16 查询号码 【1833687】，GSD为【""】
2021-07-18 00:03:16 bad
2021-07-18 00:03:18 CHB 1833687?1626537796 第 1 次 等待 3 秒
2021-07-18 00:03:21 CHB 1833687?1626537796 第 1 次 获取到号码【1833687】GSD
2021-07-18 00:03:21 获取到号码【1833687】的GSD为【河南-焦作】
2021-07-18 00:03:26 GSD insert 第 1 次 等待 3 秒
2021-07-18 00:03:29 {"status":"ok","gid":308555,"msg":"添加成功！"}
2021-07-18 00:03:29 下次操作: 2021-07-18 00:03:46

2021-07-18 00:03:46 开始第 25 次操作

2021-07-18 00:03:46 开始操作号码 【1833688】
2021-07-18 00:03:59 GSD getOne 第 1 次 等待 3 秒
2021-07-18 00:04:02 查询号码 【1833688】，返回信息 {"status":"bad","msg":""}
2021-07-18 00:04:02 查询号码 【1833688】，GSD为【""】
2021-07-18 00:04:02 bad
2021-07-18 00:04:03 CHB 1833688?1626537842 第 1 次 等待 3 秒
2021-07-18 00:04:06 CHB 1833688?1626537842 第 1 次 获取到号码【1833688】GSD
2021-07-18 00:04:06 获取到号码【1833688】的GSD为【河南-焦作】
2021-07-18 00:04:17 GSD insert 第 1 次 等待 3 秒
2021-07-18 00:04:20 {"status":"ok","gid":308571,"msg":"添加成功！"}
2021-07-18 00:04:20 下次操作: 2021-07-18 00:04:39

2021-07-18 00:04:39 开始第 26 次操作

2021-07-18 00:04:39 开始操作号码 【1833689】
2021-07-18 00:04:43 GSD getOne 第 1 次 等待 3 秒
2021-07-18 00:04:46 查询号码 【1833689】，返回信息 {"status":"bad","msg":""}
2021-07-18 00:04:46 查询号码 【1833689】，GSD为【""】
2021-07-18 00:04:46 bad
2021-07-18 00:04:48 CHB 1833689?1626537886 第 1 次 等待 3 秒
2021-07-18 00:04:51 CHB 1833689?1626537886 第 1 次 获取到号码【1833689】GSD
2021-07-18 00:04:51 获取到号码【1833689】的GSD为【河南-焦作】
2021-07-18 00:04:57 GSD insert 第 1 次 等待 3 秒
2021-07-18 00:05:00 {"status":"ok","gid":308581,"msg":"添加成功！"}
2021-07-18 00:05:00 下次操作: 2021-07-18 00:05:16

2021-07-18 00:05:16 开始第 27 次操作

2021-07-18 00:05:16 开始操作号码 【1833690】
2021-07-18 00:05:43 GSD getOne 第 1 次 等待 3 秒
2021-07-18 00:05:46 查询号码 【1833690】，返回信息 {"status":"bad","msg":""}
2021-07-18 00:05:46 查询号码 【1833690】，GSD为【""】
2021-07-18 00:05:46 bad
2021-07-18 00:05:47 CHB 1833690?1626537946 第 1 次 等待 3 秒
2021-07-18 00:05:50 CHB 1833690?1626537946 第 1 次 获取到号码【1833690】GSD
2021-07-18 00:05:50 获取到号码【1833690】的GSD为【河南-商丘】
2021-07-18 00:05:53 GSD insert 第 1 次 等待 3 秒
2021-07-18 00:05:56 {"status":"ok","gid":308594,"msg":"添加成功！"}
2021-07-18 00:05:56 下次操作: 2021-07-18 00:06:11

2021-07-18 00:06:11 开始第 28 次操作

2021-07-18 00:06:11 开始操作号码 【1833691】
2021-07-18 00:06:14 GSD getOne 第 1 次 等待 3 秒
2021-07-18 00:06:17 查询号码 【1833691】，返回信息 {"status":"bad","msg":""}
2021-07-18 00:06:17 查询号码 【1833691】，GSD为【""】
2021-07-18 00:06:17 bad
2021-07-18 00:06:18 CHB 1833691?1626537977 第 1 次 等待 3 秒
2021-07-18 00:06:21 CHB 1833691?1626537977 第 1 次 获取到号码【1833691】GSD
2021-07-18 00:06:21 获取到号码【1833691】的GSD为【河南-商丘】
2021-07-18 00:06:26 GSD insert 第 1 次 等待 3 秒
2021-07-18 00:06:29 {"status":"ok","gid":308604,"msg":"添加成功！"}
2021-07-18 00:06:29 下次操作: 2021-07-18 00:06:51

2021-07-18 00:06:51 开始第 29 次操作

2021-07-18 00:06:51 开始操作号码 【1833692】
2021-07-18 00:07:02 GSD getOne 第 1 次 等待 3 秒
2021-07-18 00:07:05 查询号码 【1833692】，返回信息 {"status":"bad","msg":""}
2021-07-18 00:07:05 查询号码 【1833692】，GSD为【""】
2021-07-18 00:07:05 bad
2021-07-18 00:07:07 CHB 1833692?1626538025 第 1 次 等待 3 秒
2021-07-18 00:07:10 CHB 1833692?1626538025 第 1 次 获取到号码【1833692】GSD
2021-07-18 00:07:10 获取到号码【1833692】的GSD为【河南-商丘】
2021-07-18 00:07:13 GSD insert 第 1 次 等待 3 秒
2021-07-18 00:07:16 {"status":"ok","gid":308614,"msg":"添加成功！"}
2021-07-18 00:07:16 下次操作: 2021-07-18 00:07:28

2021-07-18 00:07:28 开始第 30 次操作

2021-07-18 00:07:28 开始操作号码 【1833693】
2021-07-18 00:07:37 GSD getOne 第 1 次 等待 3 秒
2021-07-18 00:07:40 查询号码 【1833693】，返回信息 {"status":"bad","msg":""}
2021-07-18 00:07:40 查询号码 【1833693】，GSD为【""】
2021-07-18 00:07:40 bad
2021-07-18 00:07:41 CHB 1833693?1626538060 第 1 次 等待 3 秒
2021-07-18 00:07:44 CHB 1833693?1626538060 第 1 次 获取到号码【1833693】GSD
2021-07-18 00:07:45 获取到号码【1833693】的GSD为【河南-商丘】
2021-07-18 00:07:49 GSD insert 第 1 次 等待 3 秒
2021-07-18 00:07:52 {"status":"ok","gid":308624,"msg":"添加成功！"}
2021-07-18 00:07:52 下次操作: 2021-07-18 00:08:07

2021-07-18 00:08:07 开始第 31 次操作

2021-07-18 00:08:07 开始操作号码 【1833694】
2021-07-18 00:08:13 GSD getOne 第 1 次 等待 3 秒
2021-07-18 00:08:16 查询号码 【1833694】，返回信息 {"status":"bad","msg":""}
2021-07-18 00:08:16 查询号码 【1833694】，GSD为【""】
2021-07-18 00:08:16 bad
2021-07-18 00:08:18 CHB 1833694?1626538096 第 1 次 等待 3 秒
2021-07-18 00:08:21 CHB 1833694?1626538096 第 1 次 获取到号码【1833694】GSD
2021-07-18 00:08:21 获取到号码【1833694】的GSD为【河南-商丘】
2021-07-18 00:08:25 GSD insert 第 1 次 等待 3 秒
2021-07-18 00:08:28 {"status":"ok","gid":308629,"msg":"添加成功！"}
2021-07-18 00:08:28 下次操作: 2021-07-18 00:08:43

2021-07-18 00:08:43 开始第 32 次操作

2021-07-18 00:08:43 开始操作号码 【1833695】
2021-07-18 00:08:46 GSD getOne 第 1 次 等待 3 秒
2021-07-18 00:08:49 查询号码 【1833695】，返回信息 {"status":"ok","msg":"河南-商丘","gid":"55698","time_insert":"2021-04-19 18:00"}
2021-07-18 00:08:49 查询号码 【1833695】，GSD为【"河南-商丘"】

2021-07-18 00:08:49 开始第 32 次操作

2021-07-18 00:08:49 开始操作号码 【1833696】
2021-07-18 00:08:53 GSD getOne 第 1 次 等待 3 秒
2021-07-18 00:08:56 查询号码 【1833696】，返回信息 {"status":"bad","msg":""}
2021-07-18 00:08:56 查询号码 【1833696】，GSD为【""】
2021-07-18 00:08:56 bad
2021-07-18 00:08:57 CHB 1833696?1626538136 第 1 次 等待 3 秒
2021-07-18 00:09:00 CHB 1833696?1626538136 第 1 次 获取到号码【1833696】GSD
2021-07-18 00:09:00 获取到号码【1833696】的GSD为【河南-商丘】
2021-07-18 00:09:06 GSD insert 第 1 次 等待 3 秒
2021-07-18 00:09:09 {"status":"ok","gid":308642,"msg":"添加成功！"}
2021-07-18 00:09:09 下次操作: 2021-07-18 00:09:24

2021-07-18 00:09:24 开始第 33 次操作

2021-07-18 00:09:24 开始操作号码 【1833697】
2021-07-18 00:09:27 GSD getOne 第 1 次 等待 3 秒
2021-07-18 00:09:30 查询号码 【1833697】，返回信息 {"status":"bad","msg":""}
2021-07-18 00:09:30 查询号码 【1833697】，GSD为【""】
2021-07-18 00:09:30 bad
2021-07-18 00:09:31 CHB 1833697?1626538170 第 1 次 等待 3 秒
2021-07-18 00:09:34 CHB 1833697?1626538170 第 1 次 获取到号码【1833697】GSD
2021-07-18 00:09:34 获取到号码【1833697】的GSD为【河南-商丘】
2021-07-18 00:09:44 GSD insert 第 1 次 等待 3 秒
2021-07-18 00:09:47 {"status":"ok","gid":308650,"msg":"添加成功！"}
2021-07-18 00:09:47 下次操作: 2021-07-18 00:10:02

2021-07-18 00:10:02 开始第 34 次操作

2021-07-18 00:10:02 开始操作号码 【1833698】
2021-07-18 00:10:09 GSD getOne 第 1 次 等待 3 秒
2021-07-18 00:10:12 查询号码 【1833698】，返回信息 {"status":"ok","msg":"河南-商丘","gid":"37738","time_insert":"2019-01-12 15:11","time_update":"2020-09-14 04:27"}
2021-07-18 00:10:12 查询号码 【1833698】，GSD为【"河南-商丘"】

2021-07-18 00:10:12 开始第 34 次操作

2021-07-18 00:10:12 开始操作号码 【1833699】
2021-07-18 00:10:20 GSD getOne 第 1 次 等待 3 秒
2021-07-18 00:10:23 查询号码 【1833699】，返回信息 {"status":"ok","msg":"河南-商丘","gid":"55699","time_insert":"2021-03-03 20:23"}
2021-07-18 00:10:24 查询号码 【1833699】，GSD为【"河南-商丘"】

2021-07-18 00:10:24 开始第 34 次操作

2021-07-18 00:10:24 开始操作号码 【1833700】
2021-07-18 00:10:28 GSD getOne 第 1 次 等待 3 秒
2021-07-18 00:10:31 查询号码 【1833700】，返回信息 {"status":"ok","msg":"河南-商丘","gid":"55700","time_insert":"2020-03-19 09:03"}
2021-07-18 00:10:31 查询号码 【1833700】，GSD为【"河南-商丘"】

2021-07-18 00:10:31 开始第 34 次操作

2021-07-18 00:10:31 开始操作号码 【1833701】
2021-07-18 00:10:51 GSD getOne 第 1 次 等待 3 秒
2021-07-18 00:10:54 查询号码 【1833701】，返回信息 {"status":"bad","msg":""}
2021-07-18 00:10:54 查询号码 【1833701】，GSD为【""】
2021-07-18 00:10:54 bad
2021-07-18 00:10:55 CHB 1833701?1626538254 第 1 次 等待 3 秒
2021-07-18 00:10:58 CHB 1833701?1626538254 第 1 次 获取到号码【1833701】GSD
2021-07-18 00:10:58 获取到号码【1833701】的GSD为【河南-商丘】
2021-07-18 00:11:23 GSD insert 第 1 次 等待 3 秒
2021-07-18 00:11:26 {"status":"ok","gid":308667,"msg":"添加成功！"}
2021-07-18 00:11:26 下次操作: 2021-07-18 00:11:50

2021-07-18 00:11:50 开始第 35 次操作

2021-07-18 00:11:50 开始操作号码 【1833702】
2021-07-18 00:11:56 GSD getOne 第 1 次 等待 3 秒
2021-07-18 00:11:59 查询号码 【1833702】，返回信息 {"status":"bad","msg":""}
2021-07-18 00:11:59 查询号码 【1833702】，GSD为【""】
2021-07-18 00:11:59 bad
2021-07-18 00:12:01 CHB 1833702?1626538319 第 1 次 等待 3 秒
2021-07-18 00:12:04 CHB 1833702?1626538319 第 1 次 获取到号码【1833702】GSD
2021-07-18 00:12:04 获取到号码【1833702】的GSD为【河南-商丘】
2021-07-18 00:12:10 GSD insert 第 1 次 等待 3 秒
2021-07-18 00:12:13 {"status":"ok","gid":308679,"msg":"添加成功！"}
2021-07-18 00:12:13 下次操作: 2021-07-18 00:12:33

2021-07-18 00:12:33 开始第 36 次操作

2021-07-18 00:12:33 开始操作号码 【1833703】
2021-07-18 00:12:36 GSD getOne 第 1 次 等待 3 秒
2021-07-18 00:12:39 查询号码 【1833703】，返回信息 {"status":"bad","msg":""}
2021-07-18 00:12:39 查询号码 【1833703】，GSD为【""】
2021-07-18 00:12:39 bad
2021-07-18 00:12:40 CHB 1833703?1626538359 第 1 次 等待 3 秒
2021-07-18 00:12:43 CHB 1833703?1626538359 第 1 次 获取到号码【1833703】GSD
2021-07-18 00:12:43 获取到号码【1833703】的GSD为【河南-商丘】
2021-07-18 00:12:46 GSD insert 第 1 次 等待 3 秒
2021-07-18 00:12:49 {"status":"ok","gid":308687,"msg":"添加成功！"}
2021-07-18 00:12:49 下次操作: 2021-07-18 00:13:03

2021-07-18 00:13:03 开始第 37 次操作

2021-07-18 00:13:03 开始操作号码 【1833704】
2021-07-18 00:13:08 GSD getOne 第 1 次 等待 3 秒
2021-07-18 00:13:11 查询号码 【1833704】，返回信息 {"status":"bad","msg":""}
2021-07-18 00:13:11 查询号码 【1833704】，GSD为【""】
2021-07-18 00:13:11 bad
2021-07-18 00:13:13 CHB 1833704?1626538391 第 1 次 等待 3 秒
2021-07-18 00:13:16 CHB 1833704?1626538391 第 1 次 获取到号码【1833704】GSD
2021-07-18 00:13:16 获取到号码【1833704】的GSD为【河南-商丘】
2021-07-18 00:13:21 GSD insert 第 1 次 等待 3 秒
2021-07-18 00:13:24 {"status":"ok","gid":308692,"msg":"添加成功！"}
2021-07-18 00:13:24 下次操作: 2021-07-18 00:13:44

2021-07-18 00:13:44 开始第 38 次操作

2021-07-18 00:13:44 开始操作号码 【1833705】
2021-07-18 00:13:47 GSD getOne 第 1 次 等待 3 秒
2021-07-18 00:13:50 查询号码 【1833705】，返回信息 {"status":"bad","msg":""}
2021-07-18 00:13:50 查询号码 【1833705】，GSD为【""】
2021-07-18 00:13:50 bad
2021-07-18 00:13:51 CHB 1833705?1626538430 第 1 次 等待 3 秒
2021-07-18 00:13:54 CHB 1833705?1626538430 第 1 次 获取到号码【1833705】GSD
2021-07-18 00:13:55 获取到号码【1833705】的GSD为【河南-商丘】
2021-07-18 00:14:00 GSD insert 第 1 次 等待 3 秒
2021-07-18 00:14:03 {"status":"ok","gid":308698,"msg":"添加成功！"}
2021-07-18 00:14:03 下次操作: 2021-07-18 00:14:15

2021-07-18 00:14:15 开始第 39 次操作

2021-07-18 00:14:15 开始操作号码 【1833706】
2021-07-18 00:14:19 GSD getOne 第 1 次 等待 3 秒
2021-07-18 00:14:22 查询号码 【1833706】，返回信息 {"status":"bad","msg":""}
2021-07-18 00:14:22 查询号码 【1833706】，GSD为【""】
2021-07-18 00:14:22 bad
2021-07-18 00:14:24 CHB 1833706?1626538462 第 1 次 等待 3 秒
2021-07-18 00:14:27 CHB 1833706?1626538462 第 1 次 获取到号码【1833706】GSD
2021-07-18 00:14:27 获取到号码【1833706】的GSD为【河南-商丘】
2021-07-18 00:14:33 GSD insert 第 1 次 等待 3 秒
2021-07-18 00:14:36 {"status":"ok","gid":308704,"msg":"添加成功！"}
2021-07-18 00:14:36 下次操作: 2021-07-18 00:14:51

2021-07-18 00:14:51 开始第 40 次操作

2021-07-18 00:14:51 开始操作号码 【1833707】
2021-07-18 00:14:56 GSD getOne 第 1 次 等待 3 秒
2021-07-18 00:14:59 查询号码 【1833707】，返回信息 {"status":"bad","msg":""}
2021-07-18 00:15:00 查询号码 【1833707】，GSD为【""】
2021-07-18 00:15:00 bad
2021-07-18 00:15:01 CHB 1833707?1626538500 第 1 次 等待 3 秒
2021-07-18 00:15:04 CHB 1833707?1626538500 第 1 次 获取到号码【1833707】GSD
2021-07-18 00:15:04 获取到号码【1833707】的GSD为【河南-商丘】
2021-07-18 00:15:08 GSD insert 第 1 次 等待 3 秒
2021-07-18 00:15:11 {"status":"ok","gid":308707,"msg":"添加成功！"}

