2024-11-29 00:15:23 开始第 7441 次操作

2024-11-29 00:15:23 开始操作号码 【1337440】
2024-11-29 00:15:24 GSD getOne 第 1 次 等待 3 秒
2024-11-29 00:15:27 查询号码 【1337440】，返回信息 {"status":"ok","msg":"广西-玉林","gid":"282910","time_insert":"2021-07-15 11:17"}
2024-11-29 00:15:27 查询号码 【1337440】，GSD为【"广西-玉林"】

2024-11-29 00:15:28 开始第 7442 次操作

2024-11-29 00:15:28 开始操作号码 【1337441】
2024-11-29 00:15:29 GSD getOne 第 1 次 等待 3 秒
2024-11-29 00:15:32 查询号码 【1337441】，返回信息 {"status":"ok","msg":"广西-百色","gid":"282898","time_insert":"2021-07-15 11:17"}
2024-11-29 00:15:32 查询号码 【1337441】，GSD为【"广西-百色"】

2024-11-29 00:15:33 开始第 7443 次操作

2024-11-29 00:15:33 开始操作号码 【1337442】
2024-11-29 00:15:34 GSD getOne 第 1 次 等待 3 秒
2024-11-29 00:15:37 查询号码 【1337442】，返回信息 {"status":"ok","msg":"广西-钦州","gid":"282887","time_insert":"2021-07-15 11:17"}
2024-11-29 00:15:37 查询号码 【1337442】，GSD为【"广西-钦州"】

2024-11-29 00:15:38 开始第 7444 次操作

2024-11-29 00:15:38 开始操作号码 【1337443】
2024-11-29 00:15:39 GSD getOne 第 1 次 等待 3 秒
2024-11-29 00:15:42 查询号码 【1337443】，返回信息 {"status":"ok","msg":"广西-来宾","gid":"282883","time_insert":"2021-07-15 11:16"}
2024-11-29 00:15:42 查询号码 【1337443】，GSD为【"广西-来宾"】

