2023-11-17 00:12:11 开始第 9273 次操作

2023-11-17 00:12:11 开始操作号码 【1989185】
2023-11-17 00:12:15 GSD getOne 第 1 次 等待 3 秒
2023-11-17 00:12:18 查询号码 【1989185】，返回信息 {"status":"ok","msg":"湖南-湘潭","gid":"466290","time_insert":"2021-08-01 10:52"}
2023-11-17 00:12:18 查询号码 【1989185】，GSD为【"湖南-湘潭"】

2023-11-17 00:12:19 开始第 9274 次操作

2023-11-17 00:12:19 开始操作号码 【1989186】
2023-11-17 00:12:24 GSD getOne 第 1 次 等待 3 秒
2023-11-17 00:12:27 查询号码 【1989186】，返回信息 {"status":"ok","msg":"湖南-湘潭","gid":"466277","time_insert":"2021-08-01 10:51"}
2023-11-17 00:12:27 查询号码 【1989186】，GSD为【"湖南-湘潭"】

2023-11-17 00:12:28 开始第 9275 次操作

2023-11-17 00:12:28 开始操作号码 【1989187】
2023-11-17 00:12:34 GSD getOne 第 1 次 等待 3 秒
2023-11-17 00:12:37 查询号码 【1989187】，返回信息 {"status":"ok","msg":"湖南-衡阳","gid":"466264","time_insert":"2021-08-01 10:50"}
2023-11-17 00:12:37 查询号码 【1989187】，GSD为【"湖南-衡阳"】

2023-11-17 00:12:38 开始第 9276 次操作

2023-11-17 00:12:38 开始操作号码 【1989188】
2023-11-17 00:12:42 GSD getOne 第 1 次 等待 3 秒
2023-11-17 00:12:45 查询号码 【1989188】，返回信息 {"status":"ok","msg":"湖南-衡阳","gid":"466252","time_insert":"2021-08-01 10:49"}
2023-11-17 00:12:45 查询号码 【1989188】，GSD为【"湖南-衡阳"】

2023-11-17 00:39:13 开始第 9277 次操作

2023-11-17 00:39:13 开始操作号码 【1989189】
2023-11-17 00:39:18 GSD getOne 第 1 次 等待 3 秒
2023-11-17 00:39:22 查询号码 【1989189】，返回信息 {"status":"ok","msg":"湖南-衡阳","gid":"466102","time_insert":"2021-08-01 10:11"}
2023-11-17 00:39:22 查询号码 【1989189】，GSD为【"湖南-衡阳"】

2023-11-17 00:39:23 开始第 9278 次操作

2023-11-17 00:39:23 开始操作号码 【1989190】
2023-11-17 00:39:27 GSD getOne 第 1 次 等待 3 秒
2023-11-17 00:39:30 查询号码 【1989190】，返回信息 {"status":"ok","msg":"湖南-张家界","gid":"466099","time_insert":"2021-08-01 10:10"}
2023-11-17 00:39:30 查询号码 【1989190】，GSD为【"湖南-张家界"】

2023-11-17 00:39:31 开始第 9279 次操作

2023-11-17 00:39:31 开始操作号码 【1989191】
2023-11-17 00:39:35 GSD getOne 第 1 次 等待 3 秒
2023-11-17 00:39:38 查询号码 【1989191】，返回信息 {"status":"ok","msg":"湖南-怀化","gid":"466093","time_insert":"2021-08-01 10:10"}
2023-11-17 00:39:38 查询号码 【1989191】，GSD为【"湖南-怀化"】

2023-11-17 00:39:39 开始第 9280 次操作

2023-11-17 00:39:39 开始操作号码 【1989192】
2023-11-17 00:39:44 GSD getOne 第 1 次 等待 3 秒
2023-11-17 00:39:47 查询号码 【1989192】，返回信息 {"status":"ok","msg":"湖南-怀化","gid":"466086","time_insert":"2021-08-01 10:09"}
2023-11-17 00:39:47 查询号码 【1989192】，GSD为【"湖南-怀化"】

