2024-05-15 00:12:17 开始第 9213 次操作

2024-05-15 00:12:17 开始操作号码 【1669126】
2024-05-15 00:12:24 GSD getOne 第 1 次 等待 3 秒
2024-05-15 00:12:27 查询号码 【1669126】，返回信息 {"status":"ok","msg":"陕西-汉中","gid":"200834","time_insert":"2021-07-05 21:36"}
2024-05-15 00:12:27 查询号码 【1669126】，GSD为【"陕西-汉中"】

2024-05-15 00:12:28 开始第 9214 次操作

2024-05-15 00:12:28 开始操作号码 【1669127】
2024-05-15 00:12:34 GSD getOne 第 1 次 等待 3 秒
2024-05-15 00:12:37 查询号码 【1669127】，返回信息 {"status":"ok","msg":"陕西-宝鸡","gid":"200842","time_insert":"2021-07-05 21:37"}
2024-05-15 00:12:37 查询号码 【1669127】，GSD为【"陕西-宝鸡"】

2024-05-15 00:12:38 开始第 9215 次操作

2024-05-15 00:12:38 开始操作号码 【1669128】
2024-05-15 00:12:56 GSD getOne 第 1 次 等待 3 秒
2024-05-15 00:12:59 查询号码 【1669128】，返回信息 {"status":"ok","msg":"陕西-商洛","gid":"200848","time_insert":"2021-07-05 21:37"}
2024-05-15 00:12:59 查询号码 【1669128】，GSD为【"陕西-商洛"】

2024-05-15 00:13:00 开始第 9216 次操作

2024-05-15 00:13:00 开始操作号码 【1669129】
2024-05-15 00:13:10 GSD getOne 第 1 次 等待 3 秒
2024-05-15 00:13:13 查询号码 【1669129】，返回信息 {"status":"ok","msg":"陕西-安康","gid":"200856","time_insert":"2021-07-05 21:38","time_update":"2021-07-05 21:44"}
2024-05-15 00:13:13 查询号码 【1669129】，GSD为【"陕西-安康"】

2024-05-15 00:38:23 开始第 9217 次操作

2024-05-15 00:38:23 开始操作号码 【1669130】
2024-05-15 00:38:37 GSD getOne 第 1 次 等待 3 秒
2024-05-15 00:38:40 查询号码 【1669130】，返回信息 {"status":"ok","msg":"河南-驻马店","gid":"200863","time_insert":"2021-07-05 21:38"}
2024-05-15 00:38:40 查询号码 【1669130】，GSD为【"河南-驻马店"】

2024-05-15 00:38:41 开始第 9218 次操作

2024-05-15 00:38:41 开始操作号码 【1669131】
2024-05-15 00:38:50 GSD getOne 第 1 次 等待 3 秒
2024-05-15 00:38:53 查询号码 【1669131】，返回信息 {"status":"ok","msg":"河南-驻马店","gid":"200867","time_insert":"2021-07-05 21:39"}
2024-05-15 00:38:53 查询号码 【1669131】，GSD为【"河南-驻马店"】

2024-05-15 00:38:54 开始第 9219 次操作

2024-05-15 00:38:54 开始操作号码 【1669132】
2024-05-15 00:39:01 GSD getOne 第 1 次 等待 3 秒
2024-05-15 00:39:04 查询号码 【1669132】，返回信息 {"status":"ok","msg":"河南-驻马店","gid":"200874","time_insert":"2021-07-05 21:39"}
2024-05-15 00:39:04 查询号码 【1669132】，GSD为【"河南-驻马店"】

2024-05-15 00:39:05 开始第 9220 次操作

2024-05-15 00:39:05 开始操作号码 【1669133】
2024-05-15 00:39:18 GSD getOne 第 1 次 等待 3 秒
2024-05-15 00:39:21 查询号码 【1669133】，返回信息 {"status":"ok","msg":"河南-济源","gid":"200881","time_insert":"2021-07-05 21:39"}
2024-05-15 00:39:21 查询号码 【1669133】，GSD为【"河南-济源"】

