2024-06-22 00:11:33 开始第 2505 次操作

2024-06-22 00:11:33 开始操作号码 【1552418】
2024-06-22 00:11:54 GSD getOne 第 1 次 等待 3 秒
2024-06-22 00:11:57 查询号码 【1552418】，返回信息 {"status":"ok","msg":"辽宁-沈阳","gid":"166469","time_insert":"2021-07-01 12:55"}
2024-06-22 00:11:57 查询号码 【1552418】，GSD为【"辽宁-沈阳"】

2024-06-22 00:11:58 开始第 2506 次操作

2024-06-22 00:11:58 开始操作号码 【1552419】
2024-06-22 00:12:15 GSD getOne 第 1 次 等待 3 秒
2024-06-22 00:12:18 查询号码 【1552419】，返回信息 {"status":"ok","msg":"辽宁-沈阳","gid":"166675","time_insert":"2021-07-01 13:14"}
2024-06-22 00:12:18 查询号码 【1552419】，GSD为【"辽宁-沈阳"】

2024-06-22 00:12:19 开始第 2507 次操作

2024-06-22 00:12:19 开始操作号码 【1552420】
2024-06-22 00:12:36 GSD getOne 第 1 次 等待 3 秒
2024-06-22 00:12:39 查询号码 【1552420】，返回信息 {"status":"ok","msg":"辽宁-沈阳","gid":"166747","time_insert":"2021-07-01 13:32"}
2024-06-22 00:12:39 查询号码 【1552420】，GSD为【"辽宁-沈阳"】

2024-06-22 00:12:40 开始第 2508 次操作

2024-06-22 00:12:40 开始操作号码 【1552421】
2024-06-22 00:12:54 GSD getOne 第 1 次 等待 3 秒
2024-06-22 00:12:57 查询号码 【1552421】，返回信息 {"status":"ok","msg":"辽宁-沈阳","gid":"166950","time_insert":"2021-07-01 13:49"}
2024-06-22 00:12:57 查询号码 【1552421】，GSD为【"辽宁-沈阳"】

2024-06-22 00:36:48 开始第 2509 次操作

2024-06-22 00:36:48 开始操作号码 【1552422】
2024-06-22 00:37:03 GSD getOne 第 1 次 等待 3 秒
2024-06-22 00:37:06 查询号码 【1552422】，返回信息 {"status":"ok","msg":"辽宁-沈阳","gid":"167039","time_insert":"2021-07-01 14:08"}
2024-06-22 00:37:06 查询号码 【1552422】，GSD为【"辽宁-沈阳"】

2024-06-22 00:37:07 开始第 2510 次操作

2024-06-22 00:37:07 开始操作号码 【1552423】
2024-06-22 00:37:26 GSD getOne 第 1 次 等待 3 秒
2024-06-22 00:37:29 查询号码 【1552423】，返回信息 {"status":"ok","msg":"辽宁-沈阳","gid":"167064","time_insert":"2021-07-01 14:28"}
2024-06-22 00:37:29 查询号码 【1552423】，GSD为【"辽宁-沈阳"】

2024-06-22 00:37:30 开始第 2511 次操作

2024-06-22 00:37:30 开始操作号码 【1552424】
2024-06-22 00:37:46 GSD getOne 第 1 次 等待 3 秒
2024-06-22 00:37:49 查询号码 【1552424】，返回信息 {"status":"ok","msg":"辽宁-沈阳","gid":"167089","time_insert":"2021-07-01 14:46"}
2024-06-22 00:37:49 查询号码 【1552424】，GSD为【"辽宁-沈阳"】

2024-06-22 00:37:50 开始第 2512 次操作

2024-06-22 00:37:50 开始操作号码 【1552425】
2024-06-22 00:38:10 GSD getOne 第 1 次 等待 3 秒
2024-06-22 00:38:13 查询号码 【1552425】，返回信息 {"status":"ok","msg":"辽宁-沈阳","gid":"167156","time_insert":"2021-07-01 15:02"}
2024-06-22 00:38:13 查询号码 【1552425】，GSD为【"辽宁-沈阳"】

2024-06-22 01:10:41 开始第 2513 次操作

2024-06-22 01:10:41 开始操作号码 【1552426】
2024-06-22 01:10:57 GSD getOne 第 1 次 等待 3 秒
2024-06-22 01:11:00 查询号码 【1552426】，返回信息 {"status":"ok","msg":"辽宁-沈阳","gid":"167375","time_insert":"2021-07-01 15:22"}
2024-06-22 01:11:00 查询号码 【1552426】，GSD为【"辽宁-沈阳"】

2024-06-22 01:11:01 开始第 2514 次操作

2024-06-22 01:11:01 开始操作号码 【1552427】
2024-06-22 01:11:17 GSD getOne 第 1 次 等待 3 秒
2024-06-22 01:11:20 查询号码 【1552427】，返回信息 {"status":"ok","msg":"辽宁-沈阳","gid":"167465","time_insert":"2021-07-01 15:40"}
2024-06-22 01:11:20 查询号码 【1552427】，GSD为【"辽宁-沈阳"】

2024-06-22 01:11:21 开始第 2515 次操作

2024-06-22 01:11:21 开始操作号码 【1552428】
2024-06-22 01:11:34 GSD getOne 第 1 次 等待 3 秒
2024-06-22 01:11:37 查询号码 【1552428】，返回信息 {"status":"ok","msg":"辽宁-沈阳","gid":"167646","time_insert":"2021-07-01 15:57"}
2024-06-22 01:11:37 查询号码 【1552428】，GSD为【"辽宁-沈阳"】

2024-06-22 01:11:38 开始第 2516 次操作

2024-06-22 01:11:38 开始操作号码 【1552429】
2024-06-22 01:11:53 GSD getOne 第 1 次 等待 3 秒
2024-06-22 01:11:56 查询号码 【1552429】，返回信息 {"status":"ok","msg":"辽宁-沈阳","gid":"167695","time_insert":"2021-07-01 16:16"}
2024-06-22 01:11:56 查询号码 【1552429】，GSD为【"辽宁-沈阳"】

