2023-11-06 00:09:53 开始第 7261 次操作

2023-11-06 00:09:53 开始操作号码 【1987174】
2023-11-06 00:10:00 GSD getOne 第 1 次 等待 3 秒
2023-11-06 00:10:03 查询号码 【1987174】，返回信息 {"status":"ok","msg":"湖北-十堰","gid":"490152","time_insert":"2021-08-03 13:11"}
2023-11-06 00:10:03 查询号码 【1987174】，GSD为【"湖北-十堰"】

2023-11-06 00:10:04 开始第 7262 次操作

2023-11-06 00:10:04 开始操作号码 【1987175】
2023-11-06 00:10:07 GSD getOne 第 1 次 等待 3 秒
2023-11-06 00:10:10 查询号码 【1987175】，返回信息 {"status":"ok","msg":"湖北-十堰","gid":"46358","time_insert":"2020-06-08 10:35","time_update":"2020-09-19 15:59"}
2023-11-06 00:10:10 查询号码 【1987175】，GSD为【"湖北-十堰"】

2023-11-06 00:10:11 开始第 7263 次操作

2023-11-06 00:10:11 开始操作号码 【1987176】
2023-11-06 00:10:15 GSD getOne 第 1 次 等待 3 秒
2023-11-06 00:10:18 查询号码 【1987176】，返回信息 {"status":"ok","msg":"湖北-十堰","gid":"490139","time_insert":"2021-08-03 13:10"}
2023-11-06 00:10:18 查询号码 【1987176】，GSD为【"湖北-十堰"】

2023-11-06 00:10:19 开始第 7264 次操作

2023-11-06 00:10:19 开始操作号码 【1987177】
2023-11-06 00:10:22 GSD getOne 第 1 次 等待 3 秒
2023-11-06 00:10:25 查询号码 【1987177】，返回信息 {"status":"ok","msg":"湖北-十堰","gid":"490126","time_insert":"2021-08-03 13:09"}
2023-11-06 00:10:25 查询号码 【1987177】，GSD为【"湖北-十堰"】

2023-11-06 00:35:40 开始第 7265 次操作

2023-11-06 00:35:40 开始操作号码 【1987178】
2023-11-06 00:35:48 GSD getOne 第 1 次 等待 3 秒
2023-11-06 00:35:51 查询号码 【1987178】，返回信息 {"status":"ok","msg":"湖北-十堰","gid":"490112","time_insert":"2021-08-03 13:08"}
2023-11-06 00:35:51 查询号码 【1987178】，GSD为【"湖北-十堰"】

2023-11-06 00:35:52 开始第 7266 次操作

2023-11-06 00:35:52 开始操作号码 【1987179】
2023-11-06 00:35:56 GSD getOne 第 1 次 等待 3 秒
2023-11-06 00:35:59 查询号码 【1987179】，返回信息 {"status":"ok","msg":"湖北-咸宁","gid":"490105","time_insert":"2021-08-03 13:07"}
2023-11-06 00:35:59 查询号码 【1987179】，GSD为【"湖北-咸宁"】

2023-11-06 00:36:00 开始第 7267 次操作

2023-11-06 00:36:00 开始操作号码 【1987180】
2023-11-06 00:36:04 GSD getOne 第 1 次 等待 3 秒
2023-11-06 00:36:07 查询号码 【1987180】，返回信息 {"status":"ok","msg":"湖北-咸宁","gid":"490096","time_insert":"2021-08-03 13:06"}
2023-11-06 00:36:07 查询号码 【1987180】，GSD为【"湖北-咸宁"】

2023-11-06 00:36:08 开始第 7268 次操作

2023-11-06 00:36:08 开始操作号码 【1987181】
2023-11-06 00:36:11 GSD getOne 第 1 次 等待 3 秒
2023-11-06 00:36:14 查询号码 【1987181】，返回信息 {"status":"ok","msg":"湖北-咸宁","gid":"490087","time_insert":"2021-08-03 13:05"}
2023-11-06 00:36:14 查询号码 【1987181】，GSD为【"湖北-咸宁"】

