2024-01-09 00:11:39 开始第 7901 次操作

2024-01-09 00:11:39 开始操作号码 【1887814】
2024-01-09 00:11:42 GSD getOne 第 1 次 等待 3 秒
2024-01-09 00:11:45 查询号码 【1887814】，返回信息 {"status":"ok","msg":"广西-玉林","gid":"433037","time_insert":"2021-07-29 12:03"}
2024-01-09 00:11:45 查询号码 【1887814】，GSD为【"广西-玉林"】

2024-01-09 00:11:46 开始第 7902 次操作

2024-01-09 00:11:46 开始操作号码 【1887815】
2024-01-09 00:11:49 GSD getOne 第 1 次 等待 3 秒
2024-01-09 00:11:52 查询号码 【1887815】，返回信息 {"status":"ok","msg":"广西-玉林","gid":"433031","time_insert":"2021-07-29 12:02"}
2024-01-09 00:11:52 查询号码 【1887815】，GSD为【"广西-玉林"】

2024-01-09 00:11:53 开始第 7903 次操作

2024-01-09 00:11:53 开始操作号码 【1887816】
2024-01-09 00:11:55 GSD getOne 第 1 次 等待 3 秒
2024-01-09 00:11:58 查询号码 【1887816】，返回信息 {"status":"ok","msg":"广西-玉林","gid":"50085","time_insert":"2021-04-21 15:10"}
2024-01-09 00:11:58 查询号码 【1887816】，GSD为【"广西-玉林"】

2024-01-09 00:11:59 开始第 7904 次操作

2024-01-09 00:11:59 开始操作号码 【1887817】
2024-01-09 00:12:02 GSD getOne 第 1 次 等待 3 秒
2024-01-09 00:12:05 查询号码 【1887817】，返回信息 {"status":"ok","msg":"广西-南宁","gid":"433019","time_insert":"2021-07-29 12:02"}
2024-01-09 00:12:05 查询号码 【1887817】，GSD为【"广西-南宁"】

