2024-09-11 00:12:12 开始第 4001 次操作

2024-09-11 00:12:12 开始操作号码 【1443999】
2024-09-11 00:12:23 GSD getOne 第 1 次 等待 3 秒
2024-09-11 00:12:26 查询号码 【1443999】，返回信息 {"status":"ok","msg":"-","gid":"602994","time_insert":"2023-03-20 15:17"}
2024-09-11 00:12:26 查询号码 【1443999】，GSD为【"-"】
2024-09-11 00:12:26 ok && -
2024-09-11 00:12:29 CHB 1443999?1725984746 第 1 次 等待 3 秒
2024-09-11 00:12:32 CHB 1443999?1725984746 第 1 次 获取到号码【1443999】GSD
2024-09-11 00:12:32 未获取到号码【1443999】GSD，可能号码格式错误
2024-09-11 00:12:32 获取到号码【1443999】的GSD为【-】
2024-09-11 00:12:41 GSD insert 第 1 次 等待 3 秒
2024-09-11 00:12:44 {"status":"bad","gid":"602994","msg":"添加失败！号码【1443999(-|-)】已存在！"}
2024-09-11 00:12:44 随机等待 163 秒，约 2 分钟
2024-09-11 00:12:44 下次操作: 2024-09-11 00:15:27

2024-09-11 00:15:27 开始第 4002 次操作

2024-09-11 00:15:27 开始操作号码 【1444000】
2024-09-11 00:15:37 GSD getOne 第 1 次 等待 3 秒
2024-09-11 00:15:40 查询号码 【1444000】，返回信息 {"status":"ok","msg":"-","gid":"603011","time_insert":"2023-03-20 15:27"}
2024-09-11 00:15:40 查询号码 【1444000】，GSD为【"-"】
2024-09-11 00:15:40 ok && -
2024-09-11 00:15:42 CHB 1444000?1725984940 第 1 次 等待 3 秒
2024-09-11 00:15:45 CHB 1444000?1725984940 第 1 次 获取到号码【1444000】GSD
2024-09-11 00:15:45 未获取到号码【1444000】GSD，可能号码格式错误
2024-09-11 00:15:45 获取到号码【1444000】的GSD为【-】
2024-09-11 00:15:53 GSD insert 第 1 次 等待 3 秒
2024-09-11 00:15:56 {"status":"bad","gid":"603011","msg":"添加失败！号码【1444000(-|-)】已存在！"}
2024-09-11 00:15:56 随机等待 222 秒，约 3 分钟
2024-09-11 00:15:56 下次操作: 2024-09-11 00:19:38

2024-09-11 00:19:38 开始第 4003 次操作

2024-09-11 00:19:38 开始操作号码 【1444001】
2024-09-11 00:19:49 GSD getOne 第 1 次 等待 3 秒
2024-09-11 00:19:52 查询号码 【1444001】，返回信息 {"status":"ok","msg":"-","gid":"603030","time_insert":"2023-03-20 15:38"}
2024-09-11 00:19:52 查询号码 【1444001】，GSD为【"-"】
2024-09-11 00:19:52 ok && -
2024-09-11 00:19:54 CHB 1444001?1725985192 第 1 次 等待 3 秒
2024-09-11 00:19:57 CHB 1444001?1725985192 第 1 次 获取到号码【1444001】GSD
2024-09-11 00:19:57 未获取到号码【1444001】GSD，可能号码格式错误
2024-09-11 00:19:57 获取到号码【1444001】的GSD为【-】
2024-09-11 00:20:05 GSD insert 第 1 次 等待 3 秒
2024-09-11 00:20:08 {"status":"bad","gid":"603030","msg":"添加失败！号码【1444001(-|-)】已存在！"}
2024-09-11 00:20:08 随机等待 108 秒，约 1 分钟
2024-09-11 00:20:08 下次操作: 2024-09-11 00:21:56

2024-09-11 00:21:56 开始第 4004 次操作

2024-09-11 00:21:56 开始操作号码 【1444002】
2024-09-11 00:22:04 GSD getOne 第 1 次 等待 3 秒
2024-09-11 00:22:07 查询号码 【1444002】，返回信息 {"status":"ok","msg":"-","gid":"603067","time_insert":"2023-03-20 15:59"}
2024-09-11 00:22:07 查询号码 【1444002】，GSD为【"-"】
2024-09-11 00:22:07 ok && -
2024-09-11 00:22:11 CHB 1444002?1725985327 第 1 次 等待 3 秒
2024-09-11 00:22:14 CHB 1444002?1725985327 第 1 次 获取到号码【1444002】GSD
2024-09-11 00:22:14 未获取到号码【1444002】GSD，可能号码格式错误
2024-09-11 00:22:14 获取到号码【1444002】的GSD为【-】
2024-09-11 00:22:22 GSD insert 第 1 次 等待 3 秒
2024-09-11 00:22:25 {"status":"bad","gid":"603067","msg":"添加失败！号码【1444002(-|-)】已存在！"}

2024-09-11 00:40:38 开始第 4005 次操作

2024-09-11 00:40:38 开始操作号码 【1444003】
2024-09-11 00:40:47 GSD getOne 第 1 次 等待 3 秒
2024-09-11 00:40:50 查询号码 【1444003】，返回信息 {"status":"ok","msg":"-","gid":"603077","time_insert":"2023-03-20 16:09"}
2024-09-11 00:40:50 查询号码 【1444003】，GSD为【"-"】
2024-09-11 00:40:50 ok && -
2024-09-11 00:40:52 CHB 1444003?1725986450 第 1 次 等待 3 秒
2024-09-11 00:40:55 CHB 1444003?1725986450 第 1 次 获取到号码【1444003】GSD
2024-09-11 00:40:55 未获取到号码【1444003】GSD，可能号码格式错误
2024-09-11 00:40:55 获取到号码【1444003】的GSD为【-】
2024-09-11 00:41:03 GSD insert 第 1 次 等待 3 秒
2024-09-11 00:41:06 {"status":"bad","gid":"603077","msg":"添加失败！号码【1444003(-|-)】已存在！"}
2024-09-11 00:41:06 随机等待 101 秒，约 1 分钟
2024-09-11 00:41:06 下次操作: 2024-09-11 00:42:47

2024-09-11 00:42:47 开始第 4006 次操作

2024-09-11 00:42:47 开始操作号码 【1444004】
2024-09-11 00:42:55 GSD getOne 第 1 次 等待 3 秒
2024-09-11 00:42:58 查询号码 【1444004】，返回信息 {"status":"ok","msg":"-","gid":"603103","time_insert":"2023-03-20 16:27"}
2024-09-11 00:42:58 查询号码 【1444004】，GSD为【"-"】
2024-09-11 00:42:58 ok && -
2024-09-11 00:43:00 CHB 1444004?1725986578 第 1 次 等待 3 秒
2024-09-11 00:43:03 CHB 1444004?1725986578 第 1 次 获取到号码【1444004】GSD
2024-09-11 00:43:03 未获取到号码【1444004】GSD，可能号码格式错误
2024-09-11 00:43:03 获取到号码【1444004】的GSD为【-】
2024-09-11 00:43:12 GSD insert 第 1 次 等待 3 秒
2024-09-11 00:43:15 {"status":"bad","gid":"603103","msg":"添加失败！号码【1444004(-|-)】已存在！"}
2024-09-11 00:43:15 随机等待 82 秒，约 1 分钟
2024-09-11 00:43:15 下次操作: 2024-09-11 00:44:37

2024-09-11 00:44:37 开始第 4007 次操作

2024-09-11 00:44:37 开始操作号码 【1444005】
2024-09-11 00:44:45 GSD getOne 第 1 次 等待 3 秒
2024-09-11 00:44:48 查询号码 【1444005】，返回信息 {"status":"ok","msg":"-","gid":"603130","time_insert":"2023-03-20 16:45"}
2024-09-11 00:44:48 查询号码 【1444005】，GSD为【"-"】
2024-09-11 00:44:48 ok && -
2024-09-11 00:44:50 CHB 1444005?1725986688 第 1 次 等待 3 秒
2024-09-11 00:44:53 CHB 1444005?1725986688 第 1 次 获取到号码【1444005】GSD
2024-09-11 00:44:53 未获取到号码【1444005】GSD，可能号码格式错误
2024-09-11 00:44:53 获取到号码【1444005】的GSD为【-】
2024-09-11 00:45:01 GSD insert 第 1 次 等待 3 秒
2024-09-11 00:45:04 {"status":"bad","gid":"603130","msg":"添加失败！号码【1444005(-|-)】已存在！"}
2024-09-11 00:45:04 随机等待 136 秒，约 2 分钟
2024-09-11 00:45:04 下次操作: 2024-09-11 00:47:20

2024-09-11 00:47:20 开始第 4008 次操作

2024-09-11 00:47:20 开始操作号码 【1444006】
2024-09-11 00:47:28 GSD getOne 第 1 次 等待 3 秒
2024-09-11 00:47:31 查询号码 【1444006】，返回信息 {"status":"ok","msg":"-","gid":"603153","time_insert":"2023-03-20 16:58"}
2024-09-11 00:47:31 查询号码 【1444006】，GSD为【"-"】
2024-09-11 00:47:31 ok && -
2024-09-11 00:47:33 CHB 1444006?1725986851 第 1 次 等待 3 秒
2024-09-11 00:47:36 CHB 1444006?1725986851 第 1 次 获取到号码【1444006】GSD
2024-09-11 00:47:36 未获取到号码【1444006】GSD，可能号码格式错误
2024-09-11 00:47:36 获取到号码【1444006】的GSD为【-】
2024-09-11 00:47:44 GSD insert 第 1 次 等待 3 秒
2024-09-11 00:47:47 {"status":"bad","gid":"603153","msg":"添加失败！号码【1444006(-|-)】已存在！"}

2024-09-11 01:09:00 开始第 4009 次操作

2024-09-11 01:09:00 开始操作号码 【1444007】
2024-09-11 01:09:10 GSD getOne 第 1 次 等待 3 秒
2024-09-11 01:09:13 查询号码 【1444007】，返回信息 {"status":"ok","msg":"-","gid":"603175","time_insert":"2023-03-20 17:15"}
2024-09-11 01:09:13 查询号码 【1444007】，GSD为【"-"】
2024-09-11 01:09:13 ok && -
2024-09-11 01:09:16 CHB 1444007?1725988153 第 1 次 等待 3 秒
2024-09-11 01:09:19 CHB 1444007?1725988153 第 1 次 获取到号码【1444007】GSD
2024-09-11 01:09:19 未获取到号码【1444007】GSD，可能号码格式错误
2024-09-11 01:09:19 获取到号码【1444007】的GSD为【-】
2024-09-11 01:09:27 GSD insert 第 1 次 等待 3 秒
2024-09-11 01:09:30 {"status":"bad","gid":"603175","msg":"添加失败！号码【1444007(-|-)】已存在！"}
2024-09-11 01:09:30 随机等待 125 秒，约 2 分钟
2024-09-11 01:09:30 下次操作: 2024-09-11 01:11:35

2024-09-11 01:11:35 开始第 4010 次操作

2024-09-11 01:11:35 开始操作号码 【1444008】
2024-09-11 01:11:43 GSD getOne 第 1 次 等待 3 秒
2024-09-11 01:11:46 查询号码 【1444008】，返回信息 {"status":"ok","msg":"-","gid":"603192","time_insert":"2023-03-20 17:27"}
2024-09-11 01:11:46 查询号码 【1444008】，GSD为【"-"】
2024-09-11 01:11:46 ok && -
2024-09-11 01:12:35 CHB 1444008?1725988306 第 1 次 等待 3 秒
2024-09-11 01:12:38 CHB 1444008?1725988306 第 1 次 获取到号码【1444008】GSD
2024-09-11 01:12:38 未获取到号码【1444008】GSD，可能号码格式错误
2024-09-11 01:12:38 获取到号码【1444008】的GSD为【-】
2024-09-11 01:12:46 GSD insert 第 1 次 等待 3 秒
2024-09-11 01:12:49 {"status":"bad","gid":"603192","msg":"添加失败！号码【1444008(-|-)】已存在！"}
2024-09-11 01:12:49 随机等待 112 秒，约 1 分钟
2024-09-11 01:12:49 下次操作: 2024-09-11 01:14:41

2024-09-11 01:14:41 开始第 4011 次操作

2024-09-11 01:14:41 开始操作号码 【1444009】
2024-09-11 01:14:49 GSD getOne 第 1 次 等待 3 秒
2024-09-11 01:14:52 查询号码 【1444009】，返回信息 {"status":"ok","msg":"-","gid":"603226","time_insert":"2023-03-20 17:47"}
2024-09-11 01:14:52 查询号码 【1444009】，GSD为【"-"】
2024-09-11 01:14:52 ok && -
2024-09-11 01:14:54 CHB 1444009?1725988492 第 1 次 等待 3 秒
2024-09-11 01:14:57 CHB 1444009?1725988492 第 1 次 获取到号码【1444009】GSD
2024-09-11 01:14:57 未获取到号码【1444009】GSD，可能号码格式错误
2024-09-11 01:14:57 获取到号码【1444009】的GSD为【-】
2024-09-11 01:15:05 GSD insert 第 1 次 等待 3 秒
2024-09-11 01:15:08 {"status":"bad","gid":"603226","msg":"添加失败！号码【1444009(-|-)】已存在！"}
2024-09-11 01:15:08 随机等待 142 秒，约 2 分钟
2024-09-11 01:15:08 下次操作: 2024-09-11 01:17:30

2024-09-11 01:17:30 开始第 4012 次操作

2024-09-11 01:17:30 开始操作号码 【1444010】
2024-09-11 01:17:37 GSD getOne 第 1 次 等待 3 秒
2024-09-11 01:17:40 查询号码 【1444010】，返回信息 {"status":"ok","msg":"-","gid":"603256","time_insert":"2023-03-20 18:09"}
2024-09-11 01:17:40 查询号码 【1444010】，GSD为【"-"】
2024-09-11 01:17:40 ok && -
2024-09-11 01:17:42 CHB 1444010?1725988660 第 1 次 等待 3 秒
2024-09-11 01:17:45 CHB 1444010?1725988660 第 1 次 获取到号码【1444010】GSD
2024-09-11 01:17:45 未获取到号码【1444010】GSD，可能号码格式错误
2024-09-11 01:17:45 获取到号码【1444010】的GSD为【-】
2024-09-11 01:17:53 GSD insert 第 1 次 等待 3 秒
2024-09-11 01:17:56 {"status":"bad","gid":"603256","msg":"添加失败！号码【1444010(-|-)】已存在！"}

2024-09-11 01:34:57 开始第 4013 次操作

2024-09-11 01:34:57 开始操作号码 【1444011】
2024-09-11 01:35:05 GSD getOne 第 1 次 等待 3 秒
2024-09-11 01:35:08 查询号码 【1444011】，返回信息 {"status":"ok","msg":"-","gid":"603281","time_insert":"2023-03-20 18:27"}
2024-09-11 01:35:08 查询号码 【1444011】，GSD为【"-"】
2024-09-11 01:35:08 ok && -
2024-09-11 01:35:13 CHB 1444011?1725989708 第 1 次 等待 3 秒
2024-09-11 01:35:16 CHB 1444011?1725989708 第 1 次 获取到号码【1444011】GSD
2024-09-11 01:35:16 未获取到号码【1444011】GSD，可能号码格式错误
2024-09-11 01:35:16 获取到号码【1444011】的GSD为【-】
2024-09-11 01:35:23 GSD insert 第 1 次 等待 3 秒
2024-09-11 01:35:26 {"status":"bad","gid":"603281","msg":"添加失败！号码【1444011(-|-)】已存在！"}
2024-09-11 01:35:26 随机等待 203 秒，约 3 分钟
2024-09-11 01:35:26 下次操作: 2024-09-11 01:38:49

2024-09-11 01:38:49 开始第 4014 次操作

2024-09-11 01:38:49 开始操作号码 【1444012】
2024-09-11 01:38:57 GSD getOne 第 1 次 等待 3 秒
2024-09-11 01:39:00 查询号码 【1444012】，返回信息 {"status":"ok","msg":"-","gid":"603302","time_insert":"2023-03-20 18:43"}
2024-09-11 01:39:00 查询号码 【1444012】，GSD为【"-"】
2024-09-11 01:39:00 ok && -
2024-09-11 01:39:04 CHB 1444012?1725989940 第 1 次 等待 3 秒
2024-09-11 01:39:07 CHB 1444012?1725989940 第 1 次 获取到号码【1444012】GSD
2024-09-11 01:39:07 未获取到号码【1444012】GSD，可能号码格式错误
2024-09-11 01:39:07 获取到号码【1444012】的GSD为【-】
2024-09-11 01:39:15 GSD insert 第 1 次 等待 3 秒
2024-09-11 01:39:18 {"status":"bad","gid":"603302","msg":"添加失败！号码【1444012(-|-)】已存在！"}
2024-09-11 01:39:18 随机等待 119 秒，约 1 分钟
2024-09-11 01:39:18 下次操作: 2024-09-11 01:41:17

2024-09-11 01:41:17 开始第 4015 次操作

2024-09-11 01:41:17 开始操作号码 【1444013】
2024-09-11 01:41:25 GSD getOne 第 1 次 等待 3 秒
2024-09-11 01:41:28 查询号码 【1444013】，返回信息 {"status":"ok","msg":"-","gid":"603335","time_insert":"2023-03-20 19:01"}
2024-09-11 01:41:28 查询号码 【1444013】，GSD为【"-"】
2024-09-11 01:41:28 ok && -
2024-09-11 01:41:30 CHB 1444013?1725990088 第 1 次 等待 3 秒
2024-09-11 01:41:33 CHB 1444013?1725990088 第 1 次 获取到号码【1444013】GSD
2024-09-11 01:41:33 未获取到号码【1444013】GSD，可能号码格式错误
2024-09-11 01:41:33 获取到号码【1444013】的GSD为【-】
2024-09-11 01:41:41 GSD insert 第 1 次 等待 3 秒
2024-09-11 01:41:44 {"status":"bad","gid":"603335","msg":"添加失败！号码【1444013(-|-)】已存在！"}
2024-09-11 01:41:44 随机等待 85 秒，约 1 分钟
2024-09-11 01:41:44 下次操作: 2024-09-11 01:43:09

2024-09-11 01:43:09 开始第 4016 次操作

2024-09-11 01:43:09 开始操作号码 【1444014】
2024-09-11 01:43:17 GSD getOne 第 1 次 等待 3 秒
2024-09-11 01:43:20 查询号码 【1444014】，返回信息 {"status":"ok","msg":"-","gid":"603350","time_insert":"2023-03-20 19:12"}
2024-09-11 01:43:20 查询号码 【1444014】，GSD为【"-"】
2024-09-11 01:43:20 ok && -
2024-09-11 01:43:22 CHB 1444014?1725990200 第 1 次 等待 3 秒
2024-09-11 01:43:25 CHB 1444014?1725990200 第 1 次 获取到号码【1444014】GSD
2024-09-11 01:43:25 未获取到号码【1444014】GSD，可能号码格式错误
2024-09-11 01:43:25 获取到号码【1444014】的GSD为【-】
2024-09-11 01:43:33 GSD insert 第 1 次 等待 3 秒
2024-09-11 01:43:36 {"status":"bad","gid":"603350","msg":"添加失败！号码【1444014(-|-)】已存在！"}

