2024-09-01 00:00:24 开始第 2246 次操作

2024-09-01 00:00:24 开始操作号码 【1442245】
2024-09-01 00:00:38 GSD getOne 第 1 次 等待 3 秒
2024-09-01 00:00:41 查询号码 【1442245】，返回信息 {"status":"ok","msg":"-","gid":"561639","time_insert":"2023-02-28 20:33"}
2024-09-01 00:00:41 查询号码 【1442245】，GSD为【"-"】
2024-09-01 00:00:41 ok && -
2024-09-01 00:00:43 CHB 1442245?1725120041 第 1 次 等待 3 秒
2024-09-01 00:00:46 CHB 1442245?1725120041 第 1 次 获取到号码【1442245】GSD
2024-09-01 00:00:46 未获取到号码【1442245】GSD，可能号码格式错误
2024-09-01 00:00:46 获取到号码【1442245】的GSD为【-】
2024-09-01 00:00:58 GSD insert 第 1 次 等待 3 秒
2024-09-01 00:01:01 {"status":"bad","gid":"561639","msg":"添加失败！号码【1442245(-|-)】已存在！"}
2024-09-01 00:01:01 随机等待 209 秒，约 3 分钟
2024-09-01 00:01:01 下次操作: 2024-09-01 00:04:30

2024-09-01 00:04:30 开始第 2247 次操作

2024-09-01 00:04:30 开始操作号码 【1442246】
2024-09-01 00:04:37 GSD getOne 第 1 次 等待 3 秒
2024-09-01 00:04:40 查询号码 【1442246】，返回信息 {"status":"ok","msg":"-","gid":"561654","time_insert":"2023-02-28 20:45"}
2024-09-01 00:04:40 查询号码 【1442246】，GSD为【"-"】
2024-09-01 00:04:40 ok && -
2024-09-01 00:04:42 CHB 1442246?1725120280 第 1 次 等待 3 秒
2024-09-01 00:04:45 CHB 1442246?1725120280 第 1 次 获取到号码【1442246】GSD
2024-09-01 00:04:45 未获取到号码【1442246】GSD，可能号码格式错误
2024-09-01 00:04:45 获取到号码【1442246】的GSD为【-】
2024-09-01 00:04:54 GSD insert 第 1 次 等待 3 秒
2024-09-01 00:04:57 {"status":"bad","gid":"561654","msg":"添加失败！号码【1442246(-|-)】已存在！"}
2024-09-01 00:04:57 随机等待 120 秒，约 2 分钟
2024-09-01 00:04:57 下次操作: 2024-09-01 00:06:57

2024-09-01 00:06:57 开始第 2248 次操作

2024-09-01 00:06:57 开始操作号码 【1442247】
2024-09-01 00:07:05 GSD getOne 第 1 次 等待 3 秒
2024-09-01 00:07:08 查询号码 【1442247】，返回信息 {"status":"ok","msg":"-","gid":"561667","time_insert":"2023-02-28 20:56"}
2024-09-01 00:07:08 查询号码 【1442247】，GSD为【"-"】
2024-09-01 00:07:08 ok && -
2024-09-01 00:07:10 CHB 1442247?1725120428 第 1 次 等待 3 秒
2024-09-01 00:07:13 CHB 1442247?1725120428 第 1 次 获取到号码【1442247】GSD
2024-09-01 00:07:13 未获取到号码【1442247】GSD，可能号码格式错误
2024-09-01 00:07:13 获取到号码【1442247】的GSD为【-】
2024-09-01 00:07:21 GSD insert 第 1 次 等待 3 秒
2024-09-01 00:07:24 {"status":"bad","gid":"561667","msg":"添加失败！号码【1442247(-|-)】已存在！"}

2024-09-01 00:11:45 开始第 2249 次操作

2024-09-01 00:11:45 开始操作号码 【1442248】
2024-09-01 00:11:53 GSD getOne 第 1 次 等待 3 秒
2024-09-01 00:11:56 查询号码 【1442248】，返回信息 {"status":"ok","msg":"-","gid":"561688","time_insert":"2023-02-28 21:08"}
2024-09-01 00:11:56 查询号码 【1442248】，GSD为【"-"】
2024-09-01 00:11:56 ok && -
2024-09-01 00:11:58 CHB 1442248?1725120716 第 1 次 等待 3 秒
2024-09-01 00:12:01 CHB 1442248?1725120716 第 1 次 获取到号码【1442248】GSD
2024-09-01 00:12:01 未获取到号码【1442248】GSD，可能号码格式错误
2024-09-01 00:12:01 获取到号码【1442248】的GSD为【-】
2024-09-01 00:12:09 GSD insert 第 1 次 等待 3 秒
2024-09-01 00:12:12 {"status":"bad","gid":"561688","msg":"添加失败！号码【1442248(-|-)】已存在！"}
2024-09-01 00:12:12 随机等待 100 秒，约 1 分钟
2024-09-01 00:12:12 下次操作: 2024-09-01 00:13:52

2024-09-01 00:13:52 开始第 2250 次操作

2024-09-01 00:13:52 开始操作号码 【1442249】
2024-09-01 00:14:00 GSD getOne 第 1 次 等待 3 秒
2024-09-01 00:14:03 查询号码 【1442249】，返回信息 {"status":"ok","msg":"-","gid":"561706","time_insert":"2023-02-28 21:25"}
2024-09-01 00:14:03 查询号码 【1442249】，GSD为【"-"】
2024-09-01 00:14:03 ok && -
2024-09-01 00:14:05 CHB 1442249?1725120843 第 1 次 等待 3 秒
2024-09-01 00:14:08 CHB 1442249?1725120843 第 1 次 获取到号码【1442249】GSD
2024-09-01 00:14:08 未获取到号码【1442249】GSD，可能号码格式错误
2024-09-01 00:14:08 获取到号码【1442249】的GSD为【-】
2024-09-01 00:14:16 GSD insert 第 1 次 等待 3 秒
2024-09-01 00:14:19 {"status":"bad","gid":"561706","msg":"添加失败！号码【1442249(-|-)】已存在！"}
2024-09-01 00:14:19 随机等待 66 秒，约 1 分钟
2024-09-01 00:14:19 下次操作: 2024-09-01 00:15:25

2024-09-01 00:15:25 开始第 2251 次操作

2024-09-01 00:15:25 开始操作号码 【1442250】
2024-09-01 00:15:42 GSD getOne 第 1 次 等待 3 秒
2024-09-01 00:15:45 查询号码 【1442250】，返回信息 {"status":"ok","msg":"-","gid":"561724","time_insert":"2023-02-28 21:36"}
2024-09-01 00:15:45 查询号码 【1442250】，GSD为【"-"】
2024-09-01 00:15:45 ok && -
2024-09-01 00:15:46 CHB 1442250?1725120945 第 1 次 等待 3 秒
2024-09-01 00:15:49 CHB 1442250?1725120945 第 1 次 获取到号码【1442250】GSD
2024-09-01 00:15:50 未获取到号码【1442250】GSD，可能号码格式错误
2024-09-01 00:15:50 获取到号码【1442250】的GSD为【-】
2024-09-01 00:15:58 GSD insert 第 1 次 等待 3 秒
2024-09-01 00:16:01 {"status":"bad","gid":"561724","msg":"添加失败！号码【1442250(-|-)】已存在！"}
2024-09-01 00:16:01 随机等待 157 秒，约 2 分钟
2024-09-01 00:16:01 下次操作: 2024-09-01 00:18:38

2024-09-01 00:18:38 开始第 2252 次操作

2024-09-01 00:18:38 开始操作号码 【1442251】
2024-09-01 00:18:46 GSD getOne 第 1 次 等待 3 秒
2024-09-01 00:18:49 查询号码 【1442251】，返回信息 {"status":"ok","msg":"-","gid":"561743","time_insert":"2023-02-28 21:50"}
2024-09-01 00:18:49 查询号码 【1442251】，GSD为【"-"】
2024-09-01 00:18:49 ok && -
2024-09-01 00:18:51 CHB 1442251?1725121129 第 1 次 等待 3 秒
2024-09-01 00:18:54 CHB 1442251?1725121129 第 1 次 获取到号码【1442251】GSD
2024-09-01 00:18:54 未获取到号码【1442251】GSD，可能号码格式错误
2024-09-01 00:18:54 获取到号码【1442251】的GSD为【-】
2024-09-01 00:19:02 GSD insert 第 1 次 等待 3 秒
2024-09-01 00:19:05 {"status":"bad","gid":"561743","msg":"添加失败！号码【1442251(-|-)】已存在！"}

2024-09-01 00:40:48 开始第 2253 次操作

2024-09-01 00:40:48 开始操作号码 【1442252】
2024-09-01 00:41:20 GSD getOne 第 1 次 等待 3 秒
2024-09-01 00:41:23 查询号码 【1442252】，返回信息 {"status":"ok","msg":"-","gid":"561770","time_insert":"2023-02-28 22:04"}
2024-09-01 00:41:23 查询号码 【1442252】，GSD为【"-"】
2024-09-01 00:41:23 ok && -
2024-09-01 00:41:25 CHB 1442252?1725122483 第 1 次 等待 3 秒
2024-09-01 00:41:28 CHB 1442252?1725122483 第 1 次 获取到号码【1442252】GSD
2024-09-01 00:41:28 未获取到号码【1442252】GSD，可能号码格式错误
2024-09-01 00:41:28 获取到号码【1442252】的GSD为【-】
2024-09-01 00:41:36 GSD insert 第 1 次 等待 3 秒
2024-09-01 00:41:39 {"status":"bad","gid":"561770","msg":"添加失败！号码【1442252(-|-)】已存在！"}
2024-09-01 00:41:39 随机等待 70 秒，约 1 分钟
2024-09-01 00:41:39 下次操作: 2024-09-01 00:42:49

2024-09-01 00:42:49 开始第 2254 次操作

2024-09-01 00:42:49 开始操作号码 【1442253】
2024-09-01 00:42:57 GSD getOne 第 1 次 等待 3 秒
2024-09-01 00:43:00 查询号码 【1442253】，返回信息 {"status":"ok","msg":"-","gid":"561793","time_insert":"2023-02-28 22:18"}
2024-09-01 00:43:00 查询号码 【1442253】，GSD为【"-"】
2024-09-01 00:43:00 ok && -
2024-09-01 00:43:02 CHB 1442253?1725122580 第 1 次 等待 3 秒
2024-09-01 00:43:05 CHB 1442253?1725122580 第 1 次 获取到号码【1442253】GSD
2024-09-01 00:43:05 未获取到号码【1442253】GSD，可能号码格式错误
2024-09-01 00:43:05 获取到号码【1442253】的GSD为【-】
2024-09-01 00:43:13 GSD insert 第 1 次 等待 3 秒
2024-09-01 00:43:16 {"status":"bad","gid":"561793","msg":"添加失败！号码【1442253(-|-)】已存在！"}
2024-09-01 00:43:16 随机等待 156 秒，约 2 分钟
2024-09-01 00:43:16 下次操作: 2024-09-01 00:45:52

2024-09-01 00:45:52 开始第 2255 次操作

2024-09-01 00:45:52 开始操作号码 【1442254】
2024-09-01 00:46:00 GSD getOne 第 1 次 等待 3 秒
2024-09-01 00:46:03 查询号码 【1442254】，返回信息 {"status":"ok","msg":"-","gid":"561818","time_insert":"2023-02-28 22:35"}
2024-09-01 00:46:03 查询号码 【1442254】，GSD为【"-"】
2024-09-01 00:46:03 ok && -
2024-09-01 00:46:05 CHB 1442254?1725122763 第 1 次 等待 3 秒
2024-09-01 00:46:08 CHB 1442254?1725122763 第 1 次 获取到号码【1442254】GSD
2024-09-01 00:46:08 未获取到号码【1442254】GSD，可能号码格式错误
2024-09-01 00:46:08 获取到号码【1442254】的GSD为【-】
2024-09-01 00:46:17 GSD insert 第 1 次 等待 3 秒
2024-09-01 00:46:20 {"status":"bad","gid":"561818","msg":"添加失败！号码【1442254(-|-)】已存在！"}
2024-09-01 00:46:20 随机等待 187 秒，约 3 分钟
2024-09-01 00:46:20 下次操作: 2024-09-01 00:49:27

2024-09-01 00:49:27 开始第 2256 次操作

2024-09-01 00:49:27 开始操作号码 【1442255】
2024-09-01 00:49:35 GSD getOne 第 1 次 等待 3 秒
2024-09-01 00:49:38 查询号码 【1442255】，返回信息 {"status":"ok","msg":"-","gid":"561835","time_insert":"2023-02-28 22:44"}
2024-09-01 00:49:38 查询号码 【1442255】，GSD为【"-"】
2024-09-01 00:49:38 ok && -
2024-09-01 00:49:40 CHB 1442255?1725122978 第 1 次 等待 3 秒
2024-09-01 00:49:43 CHB 1442255?1725122978 第 1 次 获取到号码【1442255】GSD
2024-09-01 00:49:43 未获取到号码【1442255】GSD，可能号码格式错误
2024-09-01 00:49:43 获取到号码【1442255】的GSD为【-】
2024-09-01 00:49:59 GSD insert 第 1 次 等待 3 秒
2024-09-01 00:50:02 {"status":"bad","gid":"561835","msg":"添加失败！号码【1442255(-|-)】已存在！"}

