2023-11-20 00:10:03 开始第 9825 次操作

2023-11-20 00:10:03 开始操作号码 【1989737】
2023-11-20 00:10:07 GSD getOne 第 1 次 等待 3 秒
2023-11-20 00:10:10 查询号码 【1989737】，返回信息 {"status":"ok","msg":"广西-河池","gid":"459556","time_insert":"2021-07-31 19:50"}
2023-11-20 00:10:10 查询号码 【1989737】，GSD为【"广西-河池"】

2023-11-20 00:10:11 开始第 9826 次操作

2023-11-20 00:10:11 开始操作号码 【1989738】
2023-11-20 00:10:17 GSD getOne 第 1 次 等待 3 秒
2023-11-20 00:10:20 查询号码 【1989738】，返回信息 {"status":"ok","msg":"广西-河池","gid":"459547","time_insert":"2021-07-31 19:49"}
2023-11-20 00:10:20 查询号码 【1989738】，GSD为【"广西-河池"】

2023-11-20 00:10:21 开始第 9827 次操作

2023-11-20 00:10:21 开始操作号码 【1989739】
2023-11-20 00:10:25 GSD getOne 第 1 次 等待 3 秒
2023-11-20 00:10:28 查询号码 【1989739】，返回信息 {"status":"ok","msg":"广西-河池","gid":"459539","time_insert":"2021-07-31 19:48"}
2023-11-20 00:10:28 查询号码 【1989739】，GSD为【"广西-河池"】

2023-11-20 00:10:29 开始第 9828 次操作

2023-11-20 00:10:29 开始操作号码 【1989740】
2023-11-20 00:10:34 GSD getOne 第 1 次 等待 3 秒
2023-11-20 00:10:37 查询号码 【1989740】，返回信息 {"status":"ok","msg":"广西-来宾","gid":"459532","time_insert":"2021-07-31 19:48"}
2023-11-20 00:10:37 查询号码 【1989740】，GSD为【"广西-来宾"】

