2024-02-10 00:10:18 开始第 2905 次操作

2024-02-10 00:10:18 开始操作号码 【1772818】
2024-02-10 00:10:23 GSD getOne 第 1 次 等待 3 秒
2024-02-10 00:10:26 查询号码 【1772818】，返回信息 {"status":"ok","msg":"广东-广州","gid":"280609","time_insert":"2021-07-15 05:50"}
2024-02-10 00:10:26 查询号码 【1772818】，GSD为【"广东-广州"】

2024-02-10 00:10:27 开始第 2906 次操作

2024-02-10 00:10:27 开始操作号码 【1772819】
2024-02-10 00:10:31 GSD getOne 第 1 次 等待 3 秒
2024-02-10 00:10:34 查询号码 【1772819】，返回信息 {"status":"ok","msg":"广东-广州","gid":"280596","time_insert":"2021-07-15 05:49"}
2024-02-10 00:10:34 查询号码 【1772819】，GSD为【"广东-广州"】

2024-02-10 00:10:35 开始第 2907 次操作

2024-02-10 00:10:35 开始操作号码 【1772820】
2024-02-10 00:10:39 GSD getOne 第 1 次 等待 3 秒
2024-02-10 00:10:42 查询号码 【1772820】，返回信息 {"status":"ok","msg":"广东-江门","gid":"280585","time_insert":"2021-07-15 05:48"}
2024-02-10 00:10:42 查询号码 【1772820】，GSD为【"广东-江门"】

2024-02-10 00:10:43 开始第 2908 次操作

2024-02-10 00:10:43 开始操作号码 【1772821】
2024-02-10 00:10:47 GSD getOne 第 1 次 等待 3 秒
2024-02-10 00:10:50 查询号码 【1772821】，返回信息 {"status":"ok","msg":"广东-江门","gid":"280573","time_insert":"2021-07-15 05:48"}
2024-02-10 00:10:50 查询号码 【1772821】，GSD为【"广东-江门"】

