2024-05-14 00:12:35 开始第 9029 次操作

2024-05-14 00:12:35 开始操作号码 【1668943】
2024-05-14 00:12:41 GSD getOne 第 1 次 等待 3 秒
2024-05-14 00:12:44 查询号码 【1668943】，返回信息 {"status":"ok","msg":"北京-北京","gid":"198460","time_insert":"2021-07-05 15:06","time_update":"2021-09-18 05:34"}
2024-05-14 00:12:44 查询号码 【1668943】，GSD为【"北京-北京"】

2024-05-14 00:12:45 开始第 9030 次操作

2024-05-14 00:12:45 开始操作号码 【1668944】
2024-05-14 00:12:53 GSD getOne 第 1 次 等待 3 秒
2024-05-14 00:12:56 查询号码 【1668944】，返回信息 {"status":"ok","msg":"北京-北京","gid":"198470","time_insert":"2021-07-05 15:07","time_update":"2021-09-18 05:35"}
2024-05-14 00:12:56 查询号码 【1668944】，GSD为【"北京-北京"】

2024-05-14 00:12:57 开始第 9031 次操作

2024-05-14 00:12:57 开始操作号码 【1668945】
2024-05-14 00:13:05 GSD getOne 第 1 次 等待 3 秒
2024-05-14 00:13:08 查询号码 【1668945】，返回信息 {"status":"ok","msg":"北京-北京","gid":"198480","time_insert":"2021-07-05 15:08","time_update":"2021-09-18 05:36"}
2024-05-14 00:13:08 查询号码 【1668945】，GSD为【"北京-北京"】

2024-05-14 00:13:09 开始第 9032 次操作

2024-05-14 00:13:09 开始操作号码 【1668946】
2024-05-14 00:13:15 GSD getOne 第 1 次 等待 3 秒
2024-05-14 00:13:18 查询号码 【1668946】，返回信息 {"status":"ok","msg":"北京-北京","gid":"198490","time_insert":"2021-07-05 15:08","time_update":"2021-09-18 05:36"}
2024-05-14 00:13:18 查询号码 【1668946】，GSD为【"北京-北京"】

