2024-11-22 00:15:42 开始第 6233 次操作

2024-11-22 00:15:42 开始操作号码 【1336232】
2024-11-22 00:15:44 GSD getOne 第 1 次 等待 3 秒
2024-11-22 00:15:47 查询号码 【1336232】，返回信息 {"status":"ok","msg":"浙江-嘉兴","gid":"3384","time_insert":"2018-07-04 20:08","time_update":"2020-08-27 16:44"}
2024-11-22 00:15:47 查询号码 【1336232】，GSD为【"浙江-嘉兴"】

2024-11-22 00:15:48 开始第 6234 次操作

2024-11-22 00:15:48 开始操作号码 【1336233】
2024-11-22 00:15:50 GSD getOne 第 1 次 等待 3 秒
2024-11-22 00:15:53 查询号码 【1336233】，返回信息 {"status":"ok","msg":"浙江-嘉兴","gid":"296635","time_insert":"2021-07-16 21:02"}
2024-11-22 00:15:53 查询号码 【1336233】，GSD为【"浙江-嘉兴"】

2024-11-22 00:15:54 开始第 6235 次操作

2024-11-22 00:15:54 开始操作号码 【1336234】
2024-11-22 00:15:55 GSD getOne 第 1 次 等待 3 秒
2024-11-22 00:15:58 查询号码 【1336234】，返回信息 {"status":"ok","msg":"浙江-嘉兴","gid":"296628","time_insert":"2021-07-16 21:02"}
2024-11-22 00:15:58 查询号码 【1336234】，GSD为【"浙江-嘉兴"】

2024-11-22 00:15:59 开始第 6236 次操作

2024-11-22 00:16:00 开始操作号码 【1336235】
2024-11-22 00:16:02 GSD getOne 第 1 次 等待 3 秒
2024-11-22 00:16:05 查询号码 【1336235】，返回信息 {"status":"ok","msg":"浙江-嘉兴","gid":"296620","time_insert":"2021-07-16 21:01"}
2024-11-22 00:16:05 查询号码 【1336235】，GSD为【"浙江-嘉兴"】

