2024-11-01 00:15:12 开始第 2537 次操作

2024-11-01 00:15:12 开始操作号码 【1332536】
2024-11-01 00:15:13 GSD getOne 第 1 次 等待 3 秒
2024-11-01 00:15:16 查询号码 【1332536】，返回信息 {"status":"ok","msg":"陕西-汉中","gid":"3005","time_insert":"2019-03-21 21:43","time_update":"2020-12-10 21:53"}
2024-11-01 00:15:16 查询号码 【1332536】，GSD为【"陕西-汉中"】

2024-11-01 00:15:17 开始第 2538 次操作

2024-11-01 00:15:17 开始操作号码 【1332537】
2024-11-01 00:15:18 GSD getOne 第 1 次 等待 3 秒
2024-11-01 00:15:21 查询号码 【1332537】，返回信息 {"status":"ok","msg":"陕西-宝鸡","gid":"88682","time_insert":"2021-06-09 22:47"}
2024-11-01 00:15:21 查询号码 【1332537】，GSD为【"陕西-宝鸡"】

2024-11-01 00:15:22 开始第 2539 次操作

2024-11-01 00:15:22 开始操作号码 【1332538】
2024-11-01 00:15:23 GSD getOne 第 1 次 等待 3 秒
2024-11-01 00:15:26 查询号码 【1332538】，返回信息 {"status":"ok","msg":"陕西-西安","gid":"88708","time_insert":"2021-06-09 23:10"}
2024-11-01 00:15:26 查询号码 【1332538】，GSD为【"陕西-西安"】

2024-11-01 00:15:27 开始第 2540 次操作

2024-11-01 00:15:27 开始操作号码 【1332539】
2024-11-01 00:15:28 GSD getOne 第 1 次 等待 3 秒
2024-11-01 00:15:31 查询号码 【1332539】，返回信息 {"status":"ok","msg":"陕西-铜川","gid":"88730","time_insert":"2021-06-09 23:31"}
2024-11-01 00:15:31 查询号码 【1332539】，GSD为【"陕西-铜川"】

2024-11-01 00:42:45 开始第 2541 次操作

2024-11-01 00:42:45 开始操作号码 【1332540】
2024-11-01 00:42:46 GSD getOne 第 1 次 等待 3 秒
2024-11-01 00:42:49 查询号码 【1332540】，返回信息 {"status":"ok","msg":"陕西-榆林","gid":"88750","time_insert":"2021-06-09 23:50"}
2024-11-01 00:42:49 查询号码 【1332540】，GSD为【"陕西-榆林"】

2024-11-01 00:42:50 开始第 2542 次操作

2024-11-01 00:42:50 开始操作号码 【1332541】
2024-11-01 00:42:52 GSD getOne 第 1 次 等待 3 秒
2024-11-01 00:42:55 查询号码 【1332541】，返回信息 {"status":"ok","msg":"陕西-榆林","gid":"88774","time_insert":"2021-06-10 00:10"}
2024-11-01 00:42:55 查询号码 【1332541】，GSD为【"陕西-榆林"】

2024-11-01 00:42:56 开始第 2543 次操作

2024-11-01 00:42:56 开始操作号码 【1332542】
2024-11-01 00:42:57 GSD getOne 第 1 次 等待 3 秒
2024-11-01 00:43:00 查询号码 【1332542】，返回信息 {"status":"ok","msg":"陕西-榆林","gid":"88792","time_insert":"2021-06-10 00:26"}
2024-11-01 00:43:00 查询号码 【1332542】，GSD为【"陕西-榆林"】

2024-11-01 00:43:01 开始第 2544 次操作

2024-11-01 00:43:01 开始操作号码 【1332543】
2024-11-01 00:43:02 GSD getOne 第 1 次 等待 3 秒
2024-11-01 00:43:05 查询号码 【1332543】，返回信息 {"status":"ok","msg":"陕西-渭南","gid":"88814","time_insert":"2021-06-10 00:47"}
2024-11-01 00:43:05 查询号码 【1332543】，GSD为【"陕西-渭南"】

