2023-09-28 00:11:06 开始第 301 次操作

2023-09-28 00:11:06 开始操作号码 【1980300】
2023-09-28 00:11:08 GSD getOne 第 1 次 等待 3 秒
2023-09-28 00:11:11 查询号码 【1980300】，返回信息 {"status":"ok","msg":"河北-邯郸","gid":"442432","time_insert":"2021-07-30 08:02"}
2023-09-28 00:11:11 查询号码 【1980300】，GSD为【"河北-邯郸"】

2023-09-28 00:11:13 开始第 302 次操作

2023-09-28 00:11:13 开始操作号码 【1980301】
2023-09-28 00:11:14 GSD getOne 第 1 次 等待 3 秒
2023-09-28 00:11:17 查询号码 【1980301】，返回信息 {"status":"ok","msg":"河北-石家庄","gid":"442449","time_insert":"2021-07-30 08:04"}
2023-09-28 00:11:17 查询号码 【1980301】，GSD为【"河北-石家庄"】

2023-09-28 00:11:18 开始第 303 次操作

2023-09-28 00:11:18 开始操作号码 【1980302】
2023-09-28 00:11:20 GSD getOne 第 1 次 等待 3 秒
2023-09-28 00:11:23 查询号码 【1980302】，返回信息 {"status":"ok","msg":"河北-邯郸","gid":"442484","time_insert":"2021-07-30 08:11"}
2023-09-28 00:11:23 查询号码 【1980302】，GSD为【"河北-邯郸"】

2023-09-28 00:11:24 开始第 304 次操作

2023-09-28 00:11:24 开始操作号码 【1980303】
2023-09-28 00:11:26 GSD getOne 第 1 次 等待 3 秒
2023-09-28 00:11:29 查询号码 【1980303】，返回信息 {"status":"ok","msg":"河北-张家口","gid":"442490","time_insert":"2021-07-30 08:14"}
2023-09-28 00:11:29 查询号码 【1980303】，GSD为【"河北-张家口"】

2023-09-28 00:37:05 开始第 305 次操作

2023-09-28 00:37:05 开始操作号码 【1980304】
2023-09-28 00:37:07 GSD getOne 第 1 次 等待 3 秒
2023-09-28 00:37:10 查询号码 【1980304】，返回信息 {"status":"ok","msg":"河北-秦皇岛","gid":"442509","time_insert":"2021-07-30 08:21"}
2023-09-28 00:37:10 查询号码 【1980304】，GSD为【"河北-秦皇岛"】

2023-09-28 00:37:11 开始第 306 次操作

2023-09-28 00:37:11 开始操作号码 【1980305】
2023-09-28 00:37:12 GSD getOne 第 1 次 等待 3 秒
2023-09-28 00:37:15 查询号码 【1980305】，返回信息 {"status":"ok","msg":"河北-唐山","gid":"442510","time_insert":"2021-07-30 08:22"}
2023-09-28 00:37:16 查询号码 【1980305】，GSD为【"河北-唐山"】

2023-09-28 00:37:17 开始第 307 次操作

2023-09-28 00:37:17 开始操作号码 【1980306】
2023-09-28 00:37:20 GSD getOne 第 1 次 等待 3 秒
2023-09-28 00:37:23 查询号码 【1980306】，返回信息 {"status":"ok","msg":"河北-廊坊","gid":"442523","time_insert":"2021-07-30 08:32"}
2023-09-28 00:37:23 查询号码 【1980306】，GSD为【"河北-廊坊"】

2023-09-28 00:37:24 开始第 308 次操作

2023-09-28 00:37:24 开始操作号码 【1980307】
2023-09-28 00:37:27 GSD getOne 第 1 次 等待 3 秒
2023-09-28 00:37:30 查询号码 【1980307】，返回信息 {"status":"ok","msg":"河北-沧州","gid":"442525","time_insert":"2021-07-30 08:33"}
2023-09-28 00:37:30 查询号码 【1980307】，GSD为【"河北-沧州"】

