2023-12-22 00:11:16 开始第 4593 次操作

2023-12-22 00:11:16 开始操作号码 【1884506】
2023-12-22 00:11:19 GSD getOne 第 1 次 等待 3 秒
2023-12-22 00:11:22 查询号码 【1884506】，返回信息 {"status":"ok","msg":"黑龙江-哈尔滨","gid":"468343","time_insert":"2021-08-01 14:52"}
2023-12-22 00:11:23 查询号码 【1884506】，GSD为【"黑龙江-哈尔滨"】

2023-12-22 00:11:24 开始第 4594 次操作

2023-12-22 00:11:24 开始操作号码 【1884507】
2023-12-22 00:11:27 GSD getOne 第 1 次 等待 3 秒
2023-12-22 00:11:30 查询号码 【1884507】，返回信息 {"status":"ok","msg":"黑龙江-哈尔滨","gid":"468325","time_insert":"2021-08-01 14:51"}
2023-12-22 00:11:30 查询号码 【1884507】，GSD为【"黑龙江-哈尔滨"】

2023-12-22 00:11:31 开始第 4595 次操作

2023-12-22 00:11:31 开始操作号码 【1884508】
2023-12-22 00:11:35 GSD getOne 第 1 次 等待 3 秒
2023-12-22 00:11:38 查询号码 【1884508】，返回信息 {"status":"ok","msg":"黑龙江-哈尔滨","gid":"468317","time_insert":"2021-08-01 14:50"}
2023-12-22 00:11:38 查询号码 【1884508】，GSD为【"黑龙江-哈尔滨"】

2023-12-22 00:11:39 开始第 4596 次操作

2023-12-22 00:11:39 开始操作号码 【1884509】
2023-12-22 00:11:43 GSD getOne 第 1 次 等待 3 秒
2023-12-22 00:11:46 查询号码 【1884509】，返回信息 {"status":"ok","msg":"黑龙江-哈尔滨","gid":"468245","time_insert":"2021-08-01 14:12"}
2023-12-22 00:11:46 查询号码 【1884509】，GSD为【"黑龙江-哈尔滨"】

2023-12-22 00:37:44 开始第 4597 次操作

2023-12-22 00:37:44 开始操作号码 【1884510】
2023-12-22 00:37:49 GSD getOne 第 1 次 等待 3 秒
2023-12-22 00:37:52 查询号码 【1884510】，返回信息 {"status":"ok","msg":"黑龙江-哈尔滨","gid":"468238","time_insert":"2021-08-01 14:11"}
2023-12-22 00:37:52 查询号码 【1884510】，GSD为【"黑龙江-哈尔滨"】

2023-12-22 00:37:53 开始第 4598 次操作

2023-12-22 00:37:53 开始操作号码 【1884511】
2023-12-22 00:37:56 GSD getOne 第 1 次 等待 3 秒
2023-12-22 00:37:59 查询号码 【1884511】，返回信息 {"status":"ok","msg":"黑龙江-哈尔滨","gid":"468233","time_insert":"2021-08-01 14:10"}
2023-12-22 00:37:59 查询号码 【1884511】，GSD为【"黑龙江-哈尔滨"】

2023-12-22 00:38:00 开始第 4599 次操作

2023-12-22 00:38:00 开始操作号码 【1884512】
2023-12-22 00:38:04 GSD getOne 第 1 次 等待 3 秒
2023-12-22 00:38:07 查询号码 【1884512】，返回信息 {"status":"ok","msg":"黑龙江-哈尔滨","gid":"468230","time_insert":"2021-08-01 14:09"}
2023-12-22 00:38:07 查询号码 【1884512】，GSD为【"黑龙江-哈尔滨"】

2023-12-22 00:38:08 开始第 4600 次操作

2023-12-22 00:38:08 开始操作号码 【1884513】
2023-12-22 00:38:12 GSD getOne 第 1 次 等待 3 秒
2023-12-22 00:38:15 查询号码 【1884513】，返回信息 {"status":"ok","msg":"黑龙江-哈尔滨","gid":"468225","time_insert":"2021-08-01 14:08"}
2023-12-22 00:38:16 查询号码 【1884513】，GSD为【"黑龙江-哈尔滨"】

