2024-01-06 00:10:04 开始第 7349 次操作

2024-01-06 00:10:04 开始操作号码 【1887262】
2024-01-06 00:10:07 GSD getOne 第 1 次 等待 3 秒
2024-01-06 00:10:10 查询号码 【1887262】，返回信息 {"status":"ok","msg":"湖北-武汉","gid":"438293","time_insert":"2021-07-29 23:18"}
2024-01-06 00:10:10 查询号码 【1887262】，GSD为【"湖北-武汉"】

2024-01-06 00:10:11 开始第 7350 次操作

2024-01-06 00:10:11 开始操作号码 【1887263】
2024-01-06 00:10:15 GSD getOne 第 1 次 等待 3 秒
2024-01-06 00:10:18 查询号码 【1887263】，返回信息 {"status":"ok","msg":"湖北-武汉","gid":"44378","time_insert":"2017-04-19 11:23","time_update":"2020-09-19 11:47"}
2024-01-06 00:10:18 查询号码 【1887263】，GSD为【"湖北-武汉"】

2024-01-06 00:10:19 开始第 7351 次操作

2024-01-06 00:10:19 开始操作号码 【1887264】
2024-01-06 00:10:22 GSD getOne 第 1 次 等待 3 秒
2024-01-06 00:10:25 查询号码 【1887264】，返回信息 {"status":"ok","msg":"湖北-孝感","gid":"438289","time_insert":"2021-07-29 23:17"}
2024-01-06 00:10:25 查询号码 【1887264】，GSD为【"湖北-孝感"】

2024-01-06 00:10:26 开始第 7352 次操作

2024-01-06 00:10:26 开始操作号码 【1887265】
2024-01-06 00:10:29 GSD getOne 第 1 次 等待 3 秒
2024-01-06 00:10:32 查询号码 【1887265】，返回信息 {"status":"ok","msg":"湖北-孝感","gid":"44379","time_insert":"2017-04-19 11:23","time_update":"2020-09-19 11:50"}
2024-01-06 00:10:32 查询号码 【1887265】，GSD为【"湖北-孝感"】

