2024-10-11 00:12:55 开始第 9213 次操作

2024-10-11 00:12:55 开始操作号码 【1449207】
2024-10-11 00:12:57 GSD getOne 第 1 次 等待 3 秒
2024-10-11 00:13:00 查询号码 【1449207】，返回信息 {"status":"ok","msg":"-","gid":"678091","time_insert":"2023-04-26 07:42"}
2024-10-11 00:13:00 查询号码 【1449207】，GSD为【"-"】
2024-10-11 00:13:00 ok && -
2024-10-11 00:13:02 CHB 1449207?1728576780 第 1 次 等待 3 秒
2024-10-11 00:13:05 CHB 1449207?1728576780 第 1 次 获取到号码【1449207】GSD
2024-10-11 00:13:05 未获取到号码【1449207】GSD，可能号码格式错误
2024-10-11 00:13:05 获取到号码【1449207】的GSD为【-】
2024-10-11 00:13:08 GSD insert 第 1 次 等待 3 秒
2024-10-11 00:13:11 {"status":"bad","gid":"678091","msg":"添加失败！号码【1449207(-|-)】已存在！"}
2024-10-11 00:13:11 随机等待 94 秒，约 1 分钟
2024-10-11 00:13:11 下次操作: 2024-10-11 00:14:45

2024-10-11 00:14:45 开始第 9214 次操作

2024-10-11 00:14:45 开始操作号码 【1449208】
2024-10-11 00:14:47 GSD getOne 第 1 次 等待 3 秒
2024-10-11 00:14:50 查询号码 【1449208】，返回信息 {"status":"ok","msg":"-","gid":"678085","time_insert":"2023-04-26 07:39"}
2024-10-11 00:14:50 查询号码 【1449208】，GSD为【"-"】
2024-10-11 00:14:50 ok && -
2024-10-11 00:14:52 CHB 1449208?1728576890 第 1 次 等待 3 秒
2024-10-11 00:14:55 CHB 1449208?1728576890 第 1 次 获取到号码【1449208】GSD
2024-10-11 00:14:55 未获取到号码【1449208】GSD，可能号码格式错误
2024-10-11 00:14:55 获取到号码【1449208】的GSD为【-】
2024-10-11 00:14:57 GSD insert 第 1 次 等待 3 秒
2024-10-11 00:15:00 {"status":"bad","gid":"678085","msg":"添加失败！号码【1449208(-|-)】已存在！"}
2024-10-11 00:15:00 随机等待 85 秒，约 1 分钟
2024-10-11 00:15:00 下次操作: 2024-10-11 00:16:25

2024-10-11 00:16:25 开始第 9215 次操作

2024-10-11 00:16:25 开始操作号码 【1449209】
2024-10-11 00:16:27 GSD getOne 第 1 次 等待 3 秒
2024-10-11 00:16:30 查询号码 【1449209】，返回信息 {"status":"ok","msg":"-","gid":"678082","time_insert":"2023-04-26 07:37"}
2024-10-11 00:16:30 查询号码 【1449209】，GSD为【"-"】
2024-10-11 00:16:30 ok && -
2024-10-11 00:16:32 CHB 1449209?1728576990 第 1 次 等待 3 秒
2024-10-11 00:16:35 CHB 1449209?1728576990 第 1 次 获取到号码【1449209】GSD
2024-10-11 00:16:35 未获取到号码【1449209】GSD，可能号码格式错误
2024-10-11 00:16:35 获取到号码【1449209】的GSD为【-】
2024-10-11 00:16:41 GSD insert 第 1 次 等待 3 秒
2024-10-11 00:16:44 {"status":"bad","gid":"678082","msg":"添加失败！号码【1449209(-|-)】已存在！"}
2024-10-11 00:16:44 随机等待 153 秒，约 2 分钟
2024-10-11 00:16:44 下次操作: 2024-10-11 00:19:17

2024-10-11 00:19:17 开始第 9216 次操作

2024-10-11 00:19:17 开始操作号码 【1449210】
2024-10-11 00:19:19 GSD getOne 第 1 次 等待 3 秒
2024-10-11 00:19:22 查询号码 【1449210】，返回信息 {"status":"ok","msg":"-","gid":"678079","time_insert":"2023-04-26 07:35"}
2024-10-11 00:19:22 查询号码 【1449210】，GSD为【"-"】
2024-10-11 00:19:22 ok && -
2024-10-11 00:19:24 CHB 1449210?1728577162 第 1 次 等待 3 秒
2024-10-11 00:19:27 CHB 1449210?1728577162 第 1 次 获取到号码【1449210】GSD
2024-10-11 00:19:27 未获取到号码【1449210】GSD，可能号码格式错误
2024-10-11 00:19:27 获取到号码【1449210】的GSD为【-】
2024-10-11 00:19:29 GSD insert 第 1 次 等待 3 秒
2024-10-11 00:19:32 {"status":"bad","gid":"678079","msg":"添加失败！号码【1449210(-|-)】已存在！"}

2024-10-11 00:40:34 开始第 9217 次操作

2024-10-11 00:40:34 开始操作号码 【1449211】
2024-10-11 00:40:36 GSD getOne 第 1 次 等待 3 秒
2024-10-11 00:40:39 查询号码 【1449211】，返回信息 {"status":"ok","msg":"-","gid":"678074","time_insert":"2023-04-26 07:33"}
2024-10-11 00:40:39 查询号码 【1449211】，GSD为【"-"】
2024-10-11 00:40:39 ok && -
2024-10-11 00:40:42 CHB 1449211?1728578439 第 1 次 等待 3 秒
2024-10-11 00:40:45 CHB 1449211?1728578439 第 1 次 获取到号码【1449211】GSD
2024-10-11 00:40:45 未获取到号码【1449211】GSD，可能号码格式错误
2024-10-11 00:40:45 获取到号码【1449211】的GSD为【-】
2024-10-11 00:40:47 GSD insert 第 1 次 等待 3 秒
2024-10-11 00:40:50 {"status":"bad","gid":"678074","msg":"添加失败！号码【1449211(-|-)】已存在！"}
2024-10-11 00:40:50 随机等待 92 秒，约 1 分钟
2024-10-11 00:40:50 下次操作: 2024-10-11 00:42:22

2024-10-11 00:42:22 开始第 9218 次操作

2024-10-11 00:42:22 开始操作号码 【1449212】
2024-10-11 00:42:23 GSD getOne 第 1 次 等待 3 秒
2024-10-11 00:42:26 查询号码 【1449212】，返回信息 {"status":"ok","msg":"-","gid":"678069","time_insert":"2023-04-26 07:29"}
2024-10-11 00:42:27 查询号码 【1449212】，GSD为【"-"】
2024-10-11 00:42:27 ok && -
2024-10-11 00:42:28 CHB 1449212?1728578547 第 1 次 等待 3 秒
2024-10-11 00:42:31 CHB 1449212?1728578547 第 1 次 获取到号码【1449212】GSD
2024-10-11 00:42:31 未获取到号码【1449212】GSD，可能号码格式错误
2024-10-11 00:42:31 获取到号码【1449212】的GSD为【-】
2024-10-11 00:42:36 GSD insert 第 1 次 等待 3 秒
2024-10-11 00:42:39 {"status":"bad","gid":"678069","msg":"添加失败！号码【1449212(-|-)】已存在！"}
2024-10-11 00:42:39 随机等待 211 秒，约 3 分钟
2024-10-11 00:42:39 下次操作: 2024-10-11 00:46:10

2024-10-11 00:46:10 开始第 9219 次操作

2024-10-11 00:46:10 开始操作号码 【1449213】
2024-10-11 00:46:12 GSD getOne 第 1 次 等待 3 秒
2024-10-11 00:46:15 查询号码 【1449213】，返回信息 {"status":"ok","msg":"-","gid":"678065","time_insert":"2023-04-26 07:26"}
2024-10-11 00:46:15 查询号码 【1449213】，GSD为【"-"】
2024-10-11 00:46:15 ok && -
2024-10-11 00:46:16 CHB 1449213?1728578775 第 1 次 等待 3 秒
2024-10-11 00:46:19 CHB 1449213?1728578775 第 1 次 获取到号码【1449213】GSD
2024-10-11 00:46:19 未获取到号码【1449213】GSD，可能号码格式错误
2024-10-11 00:46:19 获取到号码【1449213】的GSD为【-】
2024-10-11 00:46:22 GSD insert 第 1 次 等待 3 秒
2024-10-11 00:46:25 {"status":"bad","gid":"678065","msg":"添加失败！号码【1449213(-|-)】已存在！"}
2024-10-11 00:46:25 随机等待 193 秒，约 3 分钟
2024-10-11 00:46:25 下次操作: 2024-10-11 00:49:38

2024-10-11 00:49:38 开始第 9220 次操作

2024-10-11 00:49:38 开始操作号码 【1449214】
2024-10-11 00:49:40 GSD getOne 第 1 次 等待 3 秒
2024-10-11 00:49:43 查询号码 【1449214】，返回信息 {"status":"ok","msg":"-","gid":"678059","time_insert":"2023-04-26 07:23"}
2024-10-11 00:49:43 查询号码 【1449214】，GSD为【"-"】
2024-10-11 00:49:43 ok && -
2024-10-11 00:49:45 CHB 1449214?1728578983 第 1 次 等待 3 秒
2024-10-11 00:49:48 CHB 1449214?1728578983 第 1 次 获取到号码【1449214】GSD
2024-10-11 00:49:48 未获取到号码【1449214】GSD，可能号码格式错误
2024-10-11 00:49:48 获取到号码【1449214】的GSD为【-】
2024-10-11 00:49:50 GSD insert 第 1 次 等待 3 秒
2024-10-11 00:49:53 {"status":"bad","gid":"678059","msg":"添加失败！号码【1449214(-|-)】已存在！"}

2024-10-11 01:10:30 开始第 9221 次操作

2024-10-11 01:10:30 开始操作号码 【1449215】
2024-10-11 01:10:49 GSD getOne 第 1 次 等待 3 秒
2024-10-11 01:10:52 查询号码 【1449215】，返回信息 {"status":"ok","msg":"-","gid":"678058","time_insert":"2023-04-26 07:21"}
2024-10-11 01:10:52 查询号码 【1449215】，GSD为【"-"】
2024-10-11 01:10:52 ok && -
2024-10-11 01:10:54 CHB 1449215?1728580252 第 1 次 等待 3 秒
2024-10-11 01:10:57 CHB 1449215?1728580252 第 1 次 获取到号码【1449215】GSD
2024-10-11 01:10:57 未获取到号码【1449215】GSD，可能号码格式错误
2024-10-11 01:10:57 获取到号码【1449215】的GSD为【-】
2024-10-11 01:11:12 GSD insert 第 1 次 等待 3 秒
2024-10-11 01:11:15 {"status":"bad","gid":"678058","msg":"添加失败！号码【1449215(-|-)】已存在！"}
2024-10-11 01:11:15 随机等待 211 秒，约 3 分钟
2024-10-11 01:11:15 下次操作: 2024-10-11 01:14:46

2024-10-11 01:14:46 开始第 9222 次操作

2024-10-11 01:14:46 开始操作号码 【1449216】
2024-10-11 01:14:48 GSD getOne 第 1 次 等待 3 秒
2024-10-11 01:14:51 查询号码 【1449216】，返回信息 {"status":"ok","msg":"-","gid":"678050","time_insert":"2023-04-26 07:15"}
2024-10-11 01:14:51 查询号码 【1449216】，GSD为【"-"】
2024-10-11 01:14:51 ok && -
2024-10-11 01:14:53 CHB 1449216?1728580491 第 1 次 等待 3 秒
2024-10-11 01:14:56 CHB 1449216?1728580491 第 1 次 获取到号码【1449216】GSD
2024-10-11 01:14:56 未获取到号码【1449216】GSD，可能号码格式错误
2024-10-11 01:14:56 获取到号码【1449216】的GSD为【-】
2024-10-11 01:14:58 GSD insert 第 1 次 等待 3 秒
2024-10-11 01:15:01 {"status":"bad","gid":"678050","msg":"添加失败！号码【1449216(-|-)】已存在！"}
2024-10-11 01:15:01 随机等待 119 秒，约 1 分钟
2024-10-11 01:15:01 下次操作: 2024-10-11 01:17:00

2024-10-11 01:17:00 开始第 9223 次操作

2024-10-11 01:17:00 开始操作号码 【1449217】
2024-10-11 01:17:02 GSD getOne 第 1 次 等待 3 秒
2024-10-11 01:17:05 查询号码 【1449217】，返回信息 {"status":"ok","msg":"-","gid":"678046","time_insert":"2023-04-26 07:13"}
2024-10-11 01:17:05 查询号码 【1449217】，GSD为【"-"】
2024-10-11 01:17:05 ok && -
2024-10-11 01:17:07 CHB 1449217?1728580625 第 1 次 等待 3 秒
2024-10-11 01:17:10 CHB 1449217?1728580625 第 1 次 获取到号码【1449217】GSD
2024-10-11 01:17:10 未获取到号码【1449217】GSD，可能号码格式错误
2024-10-11 01:17:10 获取到号码【1449217】的GSD为【-】
2024-10-11 01:17:12 GSD insert 第 1 次 等待 3 秒
2024-10-11 01:17:15 {"status":"bad","gid":"678046","msg":"添加失败！号码【1449217(-|-)】已存在！"}
2024-10-11 01:17:15 随机等待 113 秒，约 1 分钟
2024-10-11 01:17:15 下次操作: 2024-10-11 01:19:08

2024-10-11 01:19:08 开始第 9224 次操作

2024-10-11 01:19:08 开始操作号码 【1449218】
2024-10-11 01:19:10 GSD getOne 第 1 次 等待 3 秒
2024-10-11 01:19:13 查询号码 【1449218】，返回信息 {"status":"ok","msg":"-","gid":"678042","time_insert":"2023-04-26 07:11"}
2024-10-11 01:19:13 查询号码 【1449218】，GSD为【"-"】
2024-10-11 01:19:13 ok && -
2024-10-11 01:19:14 CHB 1449218?1728580753 第 1 次 等待 3 秒
2024-10-11 01:19:17 CHB 1449218?1728580753 第 1 次 获取到号码【1449218】GSD
2024-10-11 01:19:18 未获取到号码【1449218】GSD，可能号码格式错误
2024-10-11 01:19:18 获取到号码【1449218】的GSD为【-】
2024-10-11 01:19:19 GSD insert 第 1 次 等待 3 秒
2024-10-11 01:19:22 {"status":"bad","gid":"678042","msg":"添加失败！号码【1449218(-|-)】已存在！"}

2024-10-11 01:36:51 开始第 9225 次操作

2024-10-11 01:36:51 开始操作号码 【1449219】
2024-10-11 01:36:54 GSD getOne 第 1 次 等待 3 秒
2024-10-11 01:36:57 查询号码 【1449219】，返回信息 {"status":"ok","msg":"-","gid":"678038","time_insert":"2023-04-26 07:08"}
2024-10-11 01:36:57 查询号码 【1449219】，GSD为【"-"】
2024-10-11 01:36:57 ok && -
2024-10-11 01:36:59 CHB 1449219?1728581817 第 1 次 等待 3 秒
2024-10-11 01:37:02 CHB 1449219?1728581817 第 1 次 获取到号码【1449219】GSD
2024-10-11 01:37:02 未获取到号码【1449219】GSD，可能号码格式错误
2024-10-11 01:37:02 获取到号码【1449219】的GSD为【-】
2024-10-11 01:37:03 GSD insert 第 1 次 等待 3 秒
2024-10-11 01:37:06 {"status":"bad","gid":"678038","msg":"添加失败！号码【1449219(-|-)】已存在！"}
2024-10-11 01:37:06 随机等待 82 秒，约 1 分钟
2024-10-11 01:37:06 下次操作: 2024-10-11 01:38:28

2024-10-11 01:38:28 开始第 9226 次操作

2024-10-11 01:38:28 开始操作号码 【1449220】
2024-10-11 01:38:30 GSD getOne 第 1 次 等待 3 秒
2024-10-11 01:38:33 查询号码 【1449220】，返回信息 {"status":"ok","msg":"-","gid":"678030","time_insert":"2023-04-26 07:01"}
2024-10-11 01:38:33 查询号码 【1449220】，GSD为【"-"】
2024-10-11 01:38:33 ok && -
2024-10-11 01:38:34 CHB 1449220?1728581913 第 1 次 等待 3 秒
2024-10-11 01:38:37 CHB 1449220?1728581913 第 1 次 获取到号码【1449220】GSD
2024-10-11 01:38:37 未获取到号码【1449220】GSD，可能号码格式错误
2024-10-11 01:38:37 获取到号码【1449220】的GSD为【-】
2024-10-11 01:38:39 GSD insert 第 1 次 等待 3 秒
2024-10-11 01:38:42 {"status":"bad","gid":"678030","msg":"添加失败！号码【1449220(-|-)】已存在！"}
2024-10-11 01:38:42 随机等待 135 秒，约 2 分钟
2024-10-11 01:38:42 下次操作: 2024-10-11 01:40:57

2024-10-11 01:40:57 开始第 9227 次操作

2024-10-11 01:40:57 开始操作号码 【1449221】
2024-10-11 01:40:59 GSD getOne 第 1 次 等待 3 秒
2024-10-11 01:41:02 查询号码 【1449221】，返回信息 {"status":"ok","msg":"-","gid":"678026","time_insert":"2023-04-26 06:58"}
2024-10-11 01:41:02 查询号码 【1449221】，GSD为【"-"】
2024-10-11 01:41:02 ok && -
2024-10-11 01:41:04 CHB 1449221?1728582062 第 1 次 等待 3 秒
2024-10-11 01:41:07 CHB 1449221?1728582062 第 1 次 获取到号码【1449221】GSD
2024-10-11 01:41:07 未获取到号码【1449221】GSD，可能号码格式错误
2024-10-11 01:41:07 获取到号码【1449221】的GSD为【-】
2024-10-11 01:41:08 GSD insert 第 1 次 等待 3 秒
2024-10-11 01:41:11 {"status":"bad","gid":"678026","msg":"添加失败！号码【1449221(-|-)】已存在！"}
2024-10-11 01:41:11 随机等待 87 秒，约 1 分钟
2024-10-11 01:41:11 下次操作: 2024-10-11 01:42:38

2024-10-11 01:42:38 开始第 9228 次操作

2024-10-11 01:42:38 开始操作号码 【1449222】
2024-10-11 01:42:40 GSD getOne 第 1 次 等待 3 秒
2024-10-11 01:42:43 查询号码 【1449222】，返回信息 {"status":"ok","msg":"-","gid":"678020","time_insert":"2023-04-26 06:55"}
2024-10-11 01:42:43 查询号码 【1449222】，GSD为【"-"】
2024-10-11 01:42:43 ok && -
2024-10-11 01:42:45 CHB 1449222?1728582163 第 1 次 等待 3 秒
2024-10-11 01:42:48 CHB 1449222?1728582163 第 1 次 获取到号码【1449222】GSD
2024-10-11 01:42:48 未获取到号码【1449222】GSD，可能号码格式错误
2024-10-11 01:42:48 获取到号码【1449222】的GSD为【-】
2024-10-11 01:42:50 GSD insert 第 1 次 等待 3 秒
2024-10-11 01:42:53 {"status":"bad","gid":"678020","msg":"添加失败！号码【1449222(-|-)】已存在！"}

2024-10-11 02:14:15 开始第 9229 次操作

2024-10-11 02:14:15 开始操作号码 【1449223】
2024-10-11 02:14:17 GSD getOne 第 1 次 等待 3 秒
2024-10-11 02:14:20 查询号码 【1449223】，返回信息 {"status":"ok","msg":"-","gid":"678016","time_insert":"2023-04-26 06:52"}
2024-10-11 02:14:20 查询号码 【1449223】，GSD为【"-"】
2024-10-11 02:14:20 ok && -
2024-10-11 02:17:09 CHB 1449223?1728584060 第 1 次 等待 3 秒
2024-10-11 02:17:12 CHB 1449223?1728584060 第 1 次 未获取到 等待 140 秒 下次操作: 2024-10-11 02:19:32
2024-10-11 02:20:28 CHB 1449223?1728584372 第 2 次 等待 3 秒
2024-10-11 02:20:31 CHB 1449223?1728584372 第 2 次 获取到号码【1449223】GSD
2024-10-11 02:20:31 未获取到号码【1449223】GSD，可能号码格式错误
2024-10-11 02:20:31 获取到号码【1449223】的GSD为【-】
2024-10-11 02:20:33 GSD insert 第 1 次 等待 3 秒
2024-10-11 02:20:36 {"status":"bad","gid":"678016","msg":"添加失败！号码【1449223(-|-)】已存在！"}
2024-10-11 02:20:36 随机等待 175 秒，约 2 分钟
2024-10-11 02:20:36 下次操作: 2024-10-11 02:23:31

2024-10-11 02:23:31 开始第 9230 次操作

2024-10-11 02:23:31 开始操作号码 【1449224】
2024-10-11 02:23:32 GSD getOne 第 1 次 等待 3 秒
2024-10-11 02:23:35 查询号码 【1449224】，返回信息 {"status":"ok","msg":"-","gid":"678011","time_insert":"2023-04-26 06:49"}
2024-10-11 02:23:35 查询号码 【1449224】，GSD为【"-"】
2024-10-11 02:23:35 ok && -
2024-10-11 02:23:37 CHB 1449224?1728584615 第 1 次 等待 3 秒
2024-10-11 02:23:40 CHB 1449224?1728584615 第 1 次 获取到号码【1449224】GSD
2024-10-11 02:23:40 未获取到号码【1449224】GSD，可能号码格式错误
2024-10-11 02:23:40 获取到号码【1449224】的GSD为【-】
2024-10-11 02:23:42 GSD insert 第 1 次 等待 3 秒
2024-10-11 02:23:45 {"status":"bad","gid":"678011","msg":"添加失败！号码【1449224(-|-)】已存在！"}
2024-10-11 02:23:45 随机等待 109 秒，约 1 分钟
2024-10-11 02:23:45 下次操作: 2024-10-11 02:25:34

2024-10-11 02:25:34 开始第 9231 次操作

2024-10-11 02:25:34 开始操作号码 【1449225】
2024-10-11 02:25:36 GSD getOne 第 1 次 等待 3 秒
2024-10-11 02:25:39 查询号码 【1449225】，返回信息 {"status":"ok","msg":"-","gid":"678007","time_insert":"2023-04-26 06:46"}
2024-10-11 02:25:39 查询号码 【1449225】，GSD为【"-"】
2024-10-11 02:25:39 ok && -
2024-10-11 02:25:41 CHB 1449225?1728584739 第 1 次 等待 3 秒
2024-10-11 02:25:44 CHB 1449225?1728584739 第 1 次 获取到号码【1449225】GSD
2024-10-11 02:25:44 未获取到号码【1449225】GSD，可能号码格式错误
2024-10-11 02:25:44 获取到号码【1449225】的GSD为【-】
2024-10-11 02:25:47 GSD insert 第 1 次 等待 3 秒
2024-10-11 02:25:50 {"status":"bad","gid":"678007","msg":"添加失败！号码【1449225(-|-)】已存在！"}
2024-10-11 02:25:50 随机等待 234 秒，约 3 分钟
2024-10-11 02:25:50 下次操作: 2024-10-11 02:29:44

2024-10-11 02:29:44 开始第 9232 次操作

2024-10-11 02:29:44 开始操作号码 【1449226】
2024-10-11 02:29:45 GSD getOne 第 1 次 等待 3 秒
2024-10-11 02:29:48 查询号码 【1449226】，返回信息 {"status":"ok","msg":"-","gid":"678002","time_insert":"2023-04-26 06:44"}
2024-10-11 02:29:48 查询号码 【1449226】，GSD为【"-"】
2024-10-11 02:29:48 ok && -
2024-10-11 02:29:50 CHB 1449226?1728584988 第 1 次 等待 3 秒
2024-10-11 02:29:53 CHB 1449226?1728584988 第 1 次 获取到号码【1449226】GSD
2024-10-11 02:29:53 未获取到号码【1449226】GSD，可能号码格式错误
2024-10-11 02:29:53 获取到号码【1449226】的GSD为【-】
2024-10-11 02:29:55 GSD insert 第 1 次 等待 3 秒
2024-10-11 02:29:58 {"status":"bad","gid":"678002","msg":"添加失败！号码【1449226(-|-)】已存在！"}

