2023-11-11 00:11:07 开始第 8181 次操作

2023-11-11 00:11:07 开始操作号码 【1988093】
2023-11-11 00:11:10 GSD getOne 第 1 次 等待 3 秒
2023-11-11 00:11:13 查询号码 【1988093】，返回信息 {"status":"ok","msg":"广东-东莞","gid":"479412","time_insert":"2021-08-02 13:36"}
2023-11-11 00:11:13 查询号码 【1988093】，GSD为【"广东-东莞"】

2023-11-11 00:11:14 开始第 8182 次操作

2023-11-11 00:11:14 开始操作号码 【1988094】
2023-11-11 00:11:19 GSD getOne 第 1 次 等待 3 秒
2023-11-11 00:11:22 查询号码 【1988094】，返回信息 {"status":"ok","msg":"广东-佛山","gid":"479259","time_insert":"2021-08-02 13:14"}
2023-11-11 00:11:22 查询号码 【1988094】，GSD为【"广东-佛山"】

2023-11-11 00:11:23 开始第 8183 次操作

2023-11-11 00:11:23 开始操作号码 【1988095】
2023-11-11 00:11:34 GSD getOne 第 1 次 等待 3 秒
2023-11-11 00:11:37 查询号码 【1988095】，返回信息 {"status":"ok","msg":"广东-深圳","gid":"479249","time_insert":"2021-08-02 13:14"}
2023-11-11 00:11:38 查询号码 【1988095】，GSD为【"广东-深圳"】

2023-11-11 00:11:39 开始第 8184 次操作

2023-11-11 00:11:39 开始操作号码 【1988096】
2023-11-11 00:11:46 GSD getOne 第 1 次 等待 3 秒
2023-11-11 00:11:49 查询号码 【1988096】，返回信息 {"status":"ok","msg":"广东-广州","gid":"479237","time_insert":"2021-08-02 13:13"}
2023-11-11 00:11:49 查询号码 【1988096】，GSD为【"广东-广州"】

