2021-07-30 10:54:17 开始第 1 次操作

2021-07-30 10:54:17 开始操作号码 【1959999】
2021-07-30 10:54:21 GSD getOne 第 1 次 等待 3 秒
2021-07-30 10:54:24 查询号码 【1959999】，返回信息 {"status":"bad","msg":""}
2021-07-30 10:54:24 查询号码 【1959999】，GSD为【""】
2021-07-30 10:54:24 bad
2021-07-30 10:54:25 CHB 1959999?1627613664 第 1 次 等待 3 秒
2021-07-30 10:54:28 CHB 1959999?1627613664 第 1 次 获取到号码【1959999】GSD
2021-07-30 10:54:29 获取到号码【1959999】的GSD为【江苏-苏州】
2021-07-30 10:54:47 GSD insert 第 1 次 等待 3 秒
2021-07-30 10:54:50 {"status":"ok","gid":443167,"msg":"添加成功！"}
2021-07-30 10:54:50 下次操作: 2021-07-30 10:55:10

2021-07-30 10:55:10 开始第 2 次操作

2021-07-30 10:55:10 开始操作号码 【1959998】
2021-07-30 10:55:16 GSD getOne 第 1 次 等待 3 秒
2021-07-30 10:55:19 查询号码 【1959998】，返回信息 {"status":"bad","msg":""}
2021-07-30 10:55:19 查询号码 【1959998】，GSD为【""】
2021-07-30 10:55:19 bad
2021-07-30 10:55:20 CHB 1959998?1627613719 第 1 次 等待 3 秒
2021-07-30 10:55:23 CHB 1959998?1627613719 第 1 次 获取到号码【1959998】GSD
2021-07-30 10:55:23 获取到号码【1959998】的GSD为【江苏-扬州】
2021-07-30 10:55:42 GSD insert 第 1 次 等待 3 秒
2021-07-30 10:55:45 {"status":"ok","gid":443183,"msg":"添加成功！"}
2021-07-30 10:55:45 下次操作: 2021-07-30 10:56:06

2021-07-30 10:56:06 开始第 3 次操作

2021-07-30 10:56:06 开始操作号码 【1959997】
2021-07-30 10:56:10 GSD getOne 第 1 次 等待 3 秒
2021-07-30 10:56:13 查询号码 【1959997】，返回信息 {"status":"bad","msg":""}
2021-07-30 10:56:13 查询号码 【1959997】，GSD为【""】
2021-07-30 10:56:13 bad
2021-07-30 10:56:15 CHB 1959997?1627613773 第 1 次 等待 3 秒
2021-07-30 10:56:18 CHB 1959997?1627613773 第 1 次 获取到号码【1959997】GSD
2021-07-30 10:56:18 获取到号码【1959997】的GSD为【江苏-无锡】
2021-07-30 10:56:39 GSD insert 第 1 次 等待 3 秒
2021-07-30 10:56:42 {"status":"ok","gid":443196,"msg":"添加成功！"}
2021-07-30 10:56:42 下次操作: 2021-07-30 10:56:56

2021-07-30 10:56:56 开始第 4 次操作

2021-07-30 10:56:56 开始操作号码 【1959996】
2021-07-30 10:57:00 GSD getOne 第 1 次 等待 3 秒
2021-07-30 10:57:03 查询号码 【1959996】，返回信息 {"status":"bad","msg":""}
2021-07-30 10:57:03 查询号码 【1959996】，GSD为【""】
2021-07-30 10:57:03 bad
2021-07-30 10:57:05 CHB 1959996?1627613823 第 1 次 等待 3 秒
2021-07-30 10:57:08 CHB 1959996?1627613823 第 1 次 获取到号码【1959996】GSD
2021-07-30 10:57:08 获取到号码【1959996】的GSD为【江苏-镇江】
2021-07-30 10:57:30 GSD insert 第 1 次 等待 3 秒
2021-07-30 10:57:33 {"status":"ok","gid":443205,"msg":"添加成功！"}
2021-07-30 10:57:33 下次操作: 2021-07-30 10:57:45

2021-07-30 10:57:45 开始第 5 次操作

2021-07-30 10:57:45 开始操作号码 【1959995】
2021-07-30 10:57:51 GSD getOne 第 1 次 等待 3 秒
2021-07-30 10:57:54 查询号码 【1959995】，返回信息 {"status":"bad","msg":""}
2021-07-30 10:57:54 查询号码 【1959995】，GSD为【""】
2021-07-30 10:57:54 bad
2021-07-30 10:57:56 CHB 1959995?1627613874 第 1 次 等待 3 秒
2021-07-30 10:57:59 CHB 1959995?1627613874 第 1 次 获取到号码【1959995】GSD
2021-07-30 10:57:59 获取到号码【1959995】的GSD为【江苏-连云港】
2021-07-30 10:58:18 GSD insert 第 1 次 等待 3 秒
2021-07-30 10:58:21 {"status":"ok","gid":443215,"msg":"添加成功！"}
2021-07-30 10:58:21 下次操作: 2021-07-30 10:58:40

2021-07-30 10:58:40 开始第 6 次操作

2021-07-30 10:58:40 开始操作号码 【1959994】
2021-07-30 10:58:43 GSD getOne 第 1 次 等待 3 秒
2021-07-30 10:58:46 查询号码 【1959994】，返回信息 {"status":"bad","msg":""}
2021-07-30 10:58:46 查询号码 【1959994】，GSD为【""】
2021-07-30 10:58:46 bad
2021-07-30 10:58:48 CHB 1959994?1627613926 第 1 次 等待 3 秒
2021-07-30 10:58:51 CHB 1959994?1627613926 第 1 次 获取到号码【1959994】GSD
2021-07-30 10:58:51 获取到号码【1959994】的GSD为【江苏-泰州】
2021-07-30 10:59:10 GSD insert 第 1 次 等待 3 秒
2021-07-30 10:59:13 {"status":"ok","gid":443231,"msg":"添加成功！"}
2021-07-30 10:59:13 下次操作: 2021-07-30 10:59:32

2021-07-30 10:59:32 开始第 7 次操作

2021-07-30 10:59:32 开始操作号码 【1959993】
2021-07-30 10:59:36 GSD getOne 第 1 次 等待 3 秒
2021-07-30 10:59:39 查询号码 【1959993】，返回信息 {"status":"bad","msg":""}
2021-07-30 10:59:39 查询号码 【1959993】，GSD为【""】
2021-07-30 10:59:39 bad
2021-07-30 10:59:41 CHB 1959993?1627613979 第 1 次 等待 3 秒
2021-07-30 10:59:44 CHB 1959993?1627613979 第 1 次 获取到号码【1959993】GSD
2021-07-30 10:59:44 获取到号码【1959993】的GSD为【江苏-淮安】
2021-07-30 11:00:02 GSD insert 第 1 次 等待 3 秒
2021-07-30 11:00:05 {"status":"ok","gid":443244,"msg":"添加成功！"}
2021-07-30 11:00:05 下次操作: 2021-07-30 11:00:23

2021-07-30 11:00:24 开始第 8 次操作

2021-07-30 11:00:24 开始操作号码 【1959992】
2021-07-30 11:00:30 GSD getOne 第 1 次 等待 3 秒
2021-07-30 11:00:33 查询号码 【1959992】，返回信息 {"status":"bad","msg":""}
2021-07-30 11:00:33 查询号码 【1959992】，GSD为【""】
2021-07-30 11:00:33 bad
2021-07-30 11:00:35 CHB 1959992?1627614033 第 1 次 等待 3 秒
2021-07-30 11:00:38 CHB 1959992?1627614033 第 1 次 获取到号码【1959992】GSD
2021-07-30 11:00:38 未获取到号码【1959992】GSD，查号吧 400 错误
2021-07-30 11:00:38 获取到号码【1959992】的GSD为【-】
2021-07-30 11:00:58 GSD insert 第 1 次 等待 3 秒
2021-07-30 11:01:01 {"status":"ok","gid":443260,"msg":"添加成功！"}
2021-07-30 11:01:01 下次操作: 2021-07-30 11:01:21

2021-07-30 11:01:21 开始第 9 次操作

2021-07-30 11:01:21 开始操作号码 【1959991】
2021-07-30 11:01:27 GSD getOne 第 1 次 等待 3 秒
2021-07-30 11:01:30 查询号码 【1959991】，返回信息 {"status":"bad","msg":""}
2021-07-30 11:01:30 查询号码 【1959991】，GSD为【""】
2021-07-30 11:01:30 bad
2021-07-30 11:01:32 CHB 1959991?1627614090 第 1 次 等待 3 秒
2021-07-30 11:01:35 CHB 1959991?1627614090 第 1 次 获取到号码【1959991】GSD
2021-07-30 11:01:35 获取到号码【1959991】的GSD为【江苏-南京】
2021-07-30 11:01:54 GSD insert 第 1 次 等待 3 秒
2021-07-30 11:01:57 {"status":"ok","gid":443271,"msg":"添加成功！"}
2021-07-30 11:01:57 下次操作: 2021-07-30 11:02:12

2021-07-30 11:02:12 开始第 10 次操作

2021-07-30 11:02:12 开始操作号码 【1959990】
2021-07-30 11:02:16 GSD getOne 第 1 次 等待 3 秒
2021-07-30 11:02:19 查询号码 【1959990】，返回信息 {"status":"bad","msg":""}
2021-07-30 11:02:19 查询号码 【1959990】，GSD为【""】
2021-07-30 11:02:19 bad
2021-07-30 11:02:21 CHB 1959990?1627614139 第 1 次 等待 3 秒
2021-07-30 11:02:24 CHB 1959990?1627614139 第 1 次 获取到号码【1959990】GSD
2021-07-30 11:02:24 获取到号码【1959990】的GSD为【江苏-常州】
2021-07-30 11:02:47 GSD insert 第 1 次 等待 3 秒
2021-07-30 11:02:50 {"status":"ok","gid":443286,"msg":"添加成功！"}
2021-07-30 11:02:50 下次操作: 2021-07-30 11:03:11

2021-07-30 11:03:11 开始第 11 次操作

2021-07-30 11:03:11 开始操作号码 【1959989】
2021-07-30 11:03:15 GSD getOne 第 1 次 等待 3 秒
2021-07-30 11:03:18 查询号码 【1959989】，返回信息 {"status":"bad","msg":""}
2021-07-30 11:03:18 查询号码 【1959989】，GSD为【""】
2021-07-30 11:03:18 bad
2021-07-30 11:03:20 CHB 1959989?1627614198 第 1 次 等待 3 秒
2021-07-30 11:03:23 CHB 1959989?1627614198 第 1 次 获取到号码【1959989】GSD
2021-07-30 11:03:23 未获取到号码【1959989】GSD，可能号码格式错误
2021-07-30 11:03:23 获取到号码【1959989】的GSD为【-】
2021-07-30 11:03:43 GSD insert 第 1 次 等待 3 秒
2021-07-30 11:03:46 {"status":"ok","gid":443298,"msg":"添加成功！"}
2021-07-30 11:03:46 下次操作: 2021-07-30 11:04:01

2021-07-30 11:04:01 开始第 12 次操作

2021-07-30 11:04:01 开始操作号码 【1959988】
2021-07-30 11:04:04 GSD getOne 第 1 次 等待 3 秒
2021-07-30 11:04:07 查询号码 【1959988】，返回信息 {"status":"bad","msg":""}
2021-07-30 11:04:07 查询号码 【1959988】，GSD为【""】
2021-07-30 11:04:07 bad
2021-07-30 11:04:09 CHB 1959988?1627614247 第 1 次 等待 3 秒
2021-07-30 11:04:12 CHB 1959988?1627614247 第 1 次 获取到号码【1959988】GSD
2021-07-30 11:04:12 未获取到号码【1959988】GSD，可能号码格式错误
2021-07-30 11:04:12 获取到号码【1959988】的GSD为【-】
2021-07-30 11:04:31 GSD insert 第 1 次 等待 3 秒
2021-07-30 11:04:34 {"status":"ok","gid":443311,"msg":"添加成功！"}
2021-07-30 11:04:34 下次操作: 2021-07-30 11:04:53

2021-07-30 11:04:53 开始第 13 次操作

2021-07-30 11:04:53 开始操作号码 【1959987】
2021-07-30 11:04:59 GSD getOne 第 1 次 等待 3 秒
2021-07-30 11:05:02 查询号码 【1959987】，返回信息 {"status":"bad","msg":""}
2021-07-30 11:05:02 查询号码 【1959987】，GSD为【""】
2021-07-30 11:05:02 bad
2021-07-30 11:05:04 CHB 1959987?1627614302 第 1 次 等待 3 秒
2021-07-30 11:05:07 CHB 1959987?1627614302 第 1 次 获取到号码【1959987】GSD
2021-07-30 11:05:07 未获取到号码【1959987】GSD，可能号码格式错误
2021-07-30 11:05:07 获取到号码【1959987】的GSD为【-】
2021-07-30 11:05:28 GSD insert 第 1 次 等待 3 秒
2021-07-30 11:05:31 {"status":"ok","gid":443324,"msg":"添加成功！"}
2021-07-30 11:05:31 下次操作: 2021-07-30 11:05:53

2021-07-30 11:05:53 开始第 14 次操作

2021-07-30 11:05:53 开始操作号码 【1959986】
2021-07-30 11:06:02 GSD getOne 第 1 次 等待 3 秒
2021-07-30 11:06:05 查询号码 【1959986】，返回信息 {"status":"bad","msg":""}
2021-07-30 11:06:06 查询号码 【1959986】，GSD为【""】
2021-07-30 11:06:06 bad
2021-07-30 11:06:07 CHB 1959986?1627614366 第 1 次 等待 3 秒
2021-07-30 11:06:10 CHB 1959986?1627614366 第 1 次 获取到号码【1959986】GSD
2021-07-30 11:06:10 未获取到号码【1959986】GSD，可能号码格式错误
2021-07-30 11:06:10 获取到号码【1959986】的GSD为【-】
2021-07-30 11:06:30 GSD insert 第 1 次 等待 3 秒
2021-07-30 11:06:33 {"status":"ok","gid":443338,"msg":"添加成功！"}
2021-07-30 11:06:33 下次操作: 2021-07-30 11:06:51

2021-07-30 11:06:51 开始第 15 次操作

2021-07-30 11:06:51 开始操作号码 【1959985】
2021-07-30 11:06:54 GSD getOne 第 1 次 等待 3 秒
2021-07-30 11:06:57 查询号码 【1959985】，返回信息 {"status":"bad","msg":""}
2021-07-30 11:06:57 查询号码 【1959985】，GSD为【""】
2021-07-30 11:06:57 bad
2021-07-30 11:06:59 CHB 1959985?1627614417 第 1 次 等待 3 秒
2021-07-30 11:07:02 CHB 1959985?1627614417 第 1 次 获取到号码【1959985】GSD
2021-07-30 11:07:02 未获取到号码【1959985】GSD，可能号码格式错误
2021-07-30 11:07:02 获取到号码【1959985】的GSD为【-】
2021-07-30 11:07:21 GSD insert 第 1 次 等待 3 秒
2021-07-30 11:07:24 {"status":"ok","gid":443351,"msg":"添加成功！"}
2021-07-30 11:07:24 下次操作: 2021-07-30 11:07:39

2021-07-30 11:07:39 开始第 16 次操作

2021-07-30 11:07:39 开始操作号码 【1959984】
2021-07-30 11:07:43 GSD getOne 第 1 次 等待 3 秒
2021-07-30 11:07:46 查询号码 【1959984】，返回信息 {"status":"bad","msg":""}
2021-07-30 11:07:46 查询号码 【1959984】，GSD为【""】
2021-07-30 11:07:46 bad
2021-07-30 11:07:48 CHB 1959984?1627614466 第 1 次 等待 3 秒
2021-07-30 11:07:51 CHB 1959984?1627614466 第 1 次 获取到号码【1959984】GSD
2021-07-30 11:07:51 未获取到号码【1959984】GSD，可能号码格式错误
2021-07-30 11:07:51 获取到号码【1959984】的GSD为【-】
2021-07-30 11:08:10 GSD insert 第 1 次 等待 3 秒
2021-07-30 11:08:13 {"status":"ok","gid":443365,"msg":"添加成功！"}
2021-07-30 11:08:13 下次操作: 2021-07-30 11:08:33

2021-07-30 11:08:33 开始第 17 次操作

2021-07-30 11:08:33 开始操作号码 【1959983】
2021-07-30 11:08:36 GSD getOne 第 1 次 等待 3 秒
2021-07-30 11:08:39 查询号码 【1959983】，返回信息 {"status":"bad","msg":""}
2021-07-30 11:08:39 查询号码 【1959983】，GSD为【""】
2021-07-30 11:08:39 bad
2021-07-30 11:08:41 CHB 1959983?1627614519 第 1 次 等待 3 秒
2021-07-30 11:08:44 CHB 1959983?1627614519 第 1 次 获取到号码【1959983】GSD
2021-07-30 11:08:44 未获取到号码【1959983】GSD，可能号码格式错误
2021-07-30 11:08:44 获取到号码【1959983】的GSD为【-】
2021-07-30 11:09:04 GSD insert 第 1 次 等待 3 秒
2021-07-30 11:09:07 {"status":"ok","gid":443380,"msg":"添加成功！"}
2021-07-30 11:09:07 下次操作: 2021-07-30 11:09:21

2021-07-30 11:09:21 开始第 18 次操作

2021-07-30 11:09:21 开始操作号码 【1959982】
2021-07-30 11:09:25 GSD getOne 第 1 次 等待 3 秒
2021-07-30 11:09:28 查询号码 【1959982】，返回信息 {"status":"bad","msg":""}
2021-07-30 11:09:29 查询号码 【1959982】，GSD为【""】
2021-07-30 11:09:29 bad
2021-07-30 11:09:31 CHB 1959982?1627614569 第 1 次 等待 3 秒
2021-07-30 11:09:34 CHB 1959982?1627614569 第 1 次 获取到号码【1959982】GSD
2021-07-30 11:09:34 未获取到号码【1959982】GSD，可能号码格式错误
2021-07-30 11:09:34 获取到号码【1959982】的GSD为【-】
2021-07-30 11:09:54 GSD insert 第 1 次 等待 3 秒
2021-07-30 11:09:57 {"status":"ok","gid":443392,"msg":"添加成功！"}
2021-07-30 11:09:57 下次操作: 2021-07-30 11:10:09

2021-07-30 11:10:09 开始第 19 次操作

2021-07-30 11:10:09 开始操作号码 【1959981】
2021-07-30 11:10:15 GSD getOne 第 1 次 等待 3 秒
2021-07-30 11:10:18 查询号码 【1959981】，返回信息 {"status":"bad","msg":""}
2021-07-30 11:10:18 查询号码 【1959981】，GSD为【""】
2021-07-30 11:10:18 bad
2021-07-30 11:10:20 CHB 1959981?1627614618 第 1 次 等待 3 秒
2021-07-30 11:10:23 CHB 1959981?1627614618 第 1 次 获取到号码【1959981】GSD
2021-07-30 11:10:24 未获取到号码【1959981】GSD，可能号码格式错误
2021-07-30 11:10:24 获取到号码【1959981】的GSD为【-】
2021-07-30 11:10:42 GSD insert 第 1 次 等待 3 秒
2021-07-30 11:10:45 {"status":"ok","gid":443403,"msg":"添加成功！"}
2021-07-30 11:10:45 下次操作: 2021-07-30 11:10:59

2021-07-30 11:10:59 开始第 20 次操作

2021-07-30 11:10:59 开始操作号码 【1959980】
2021-07-30 11:11:04 GSD getOne 第 1 次 等待 3 秒
2021-07-30 11:11:07 查询号码 【1959980】，返回信息 {"status":"bad","msg":""}
2021-07-30 11:11:07 查询号码 【1959980】，GSD为【""】
2021-07-30 11:11:07 bad
2021-07-30 11:11:09 CHB 1959980?1627614667 第 1 次 等待 3 秒
2021-07-30 11:11:12 CHB 1959980?1627614667 第 1 次 获取到号码【1959980】GSD
2021-07-30 11:11:12 未获取到号码【1959980】GSD，可能号码格式错误
2021-07-30 11:11:12 获取到号码【1959980】的GSD为【-】
2021-07-30 11:11:31 GSD insert 第 1 次 等待 3 秒
2021-07-30 11:11:34 {"status":"ok","gid":443411,"msg":"添加成功！"}
2021-07-30 11:11:34 下次操作: 2021-07-30 11:11:47

2021-07-30 11:11:47 开始第 21 次操作

2021-07-30 11:11:47 开始操作号码 【1959979】
2021-07-30 11:11:54 GSD getOne 第 1 次 等待 3 秒
2021-07-30 11:11:57 查询号码 【1959979】，返回信息 {"status":"bad","msg":""}
2021-07-30 11:11:57 查询号码 【1959979】，GSD为【""】
2021-07-30 11:11:57 bad
2021-07-30 11:12:00 CHB 1959979?1627614717 第 1 次 等待 3 秒
2021-07-30 11:12:03 CHB 1959979?1627614717 第 1 次 获取到号码【1959979】GSD
2021-07-30 11:12:03 未获取到号码【1959979】GSD，可能号码格式错误
2021-07-30 11:12:03 获取到号码【1959979】的GSD为【-】
2021-07-30 11:12:23 GSD insert 第 1 次 等待 3 秒
2021-07-30 11:12:26 {"status":"ok","gid":443424,"msg":"添加成功！"}
2021-07-30 11:12:26 下次操作: 2021-07-30 11:12:50

2021-07-30 11:12:50 开始第 22 次操作

2021-07-30 11:12:50 开始操作号码 【1959978】
2021-07-30 11:12:54 GSD getOne 第 1 次 等待 3 秒
2021-07-30 11:12:57 查询号码 【1959978】，返回信息 {"status":"bad","msg":""}
2021-07-30 11:12:57 查询号码 【1959978】，GSD为【""】
2021-07-30 11:12:57 bad
2021-07-30 11:12:59 CHB 1959978?1627614777 第 1 次 等待 3 秒
2021-07-30 11:13:02 CHB 1959978?1627614777 第 1 次 获取到号码【1959978】GSD
2021-07-30 11:13:02 未获取到号码【1959978】GSD，可能号码格式错误
2021-07-30 11:13:02 获取到号码【1959978】的GSD为【-】
2021-07-30 11:13:23 GSD insert 第 1 次 等待 3 秒
2021-07-30 11:13:26 {"status":"ok","gid":443435,"msg":"添加成功！"}
2021-07-30 11:13:26 下次操作: 2021-07-30 11:13:48

2021-07-30 11:13:48 开始第 23 次操作

2021-07-30 11:13:48 开始操作号码 【1959977】
2021-07-30 11:13:55 GSD getOne 第 1 次 等待 3 秒
2021-07-30 11:13:58 查询号码 【1959977】，返回信息 {"status":"bad","msg":""}
2021-07-30 11:13:58 查询号码 【1959977】，GSD为【""】
2021-07-30 11:13:58 bad
2021-07-30 11:14:00 CHB 1959977?1627614838 第 1 次 等待 3 秒
2021-07-30 11:14:03 CHB 1959977?1627614838 第 1 次 获取到号码【1959977】GSD
2021-07-30 11:14:03 未获取到号码【1959977】GSD，可能号码格式错误
2021-07-30 11:14:03 获取到号码【1959977】的GSD为【-】
2021-07-30 11:14:23 GSD insert 第 1 次 等待 3 秒
2021-07-30 11:14:26 {"status":"ok","gid":443448,"msg":"添加成功！"}
2021-07-30 11:14:26 下次操作: 2021-07-30 11:14:47

2021-07-30 11:14:47 开始第 24 次操作

2021-07-30 11:14:47 开始操作号码 【1959976】
2021-07-30 11:14:50 GSD getOne 第 1 次 等待 3 秒
2021-07-30 11:14:53 查询号码 【1959976】，返回信息 {"status":"bad","msg":""}
2021-07-30 11:14:53 查询号码 【1959976】，GSD为【""】
2021-07-30 11:14:53 bad
2021-07-30 11:14:55 CHB 1959976?1627614893 第 1 次 等待 3 秒
2021-07-30 11:14:58 CHB 1959976?1627614893 第 1 次 获取到号码【1959976】GSD
2021-07-30 11:14:58 未获取到号码【1959976】GSD，可能号码格式错误
2021-07-30 11:14:58 获取到号码【1959976】的GSD为【-】
2021-07-30 11:15:26 GSD insert 第 1 次 等待 3 秒
2021-07-30 11:15:29 {"status":"ok","gid":443458,"msg":"添加成功！"}
2021-07-30 11:15:29 下次操作: 2021-07-30 11:15:42

2021-07-30 11:15:42 开始第 25 次操作

2021-07-30 11:15:42 开始操作号码 【1959975】
2021-07-30 11:15:49 GSD getOne 第 1 次 等待 3 秒
2021-07-30 11:15:52 查询号码 【1959975】，返回信息 {"status":"bad","msg":""}
2021-07-30 11:15:52 查询号码 【1959975】，GSD为【""】
2021-07-30 11:15:52 bad
2021-07-30 11:15:54 CHB 1959975?1627614952 第 1 次 等待 3 秒
2021-07-30 11:15:57 CHB 1959975?1627614952 第 1 次 获取到号码【1959975】GSD
2021-07-30 11:15:57 未获取到号码【1959975】GSD，可能号码格式错误
2021-07-30 11:15:57 获取到号码【1959975】的GSD为【-】
2021-07-30 11:16:18 GSD insert 第 1 次 等待 3 秒
2021-07-30 11:16:21 {"status":"ok","gid":443467,"msg":"添加成功！"}
2021-07-30 11:16:21 下次操作: 2021-07-30 11:16:45

2021-07-30 11:16:45 开始第 26 次操作

2021-07-30 11:16:45 开始操作号码 【1959974】
2021-07-30 11:16:50 GSD getOne 第 1 次 等待 3 秒
2021-07-30 11:16:53 查询号码 【1959974】，返回信息 {"status":"bad","msg":""}
2021-07-30 11:16:53 查询号码 【1959974】，GSD为【""】
2021-07-30 11:16:53 bad
2021-07-30 11:16:55 CHB 1959974?1627615013 第 1 次 等待 3 秒
2021-07-30 11:16:58 CHB 1959974?1627615013 第 1 次 获取到号码【1959974】GSD
2021-07-30 11:16:58 未获取到号码【1959974】GSD，可能号码格式错误
2021-07-30 11:16:58 获取到号码【1959974】的GSD为【-】
2021-07-30 11:17:18 GSD insert 第 1 次 等待 3 秒
2021-07-30 11:17:21 {"status":"ok","gid":443475,"msg":"添加成功！"}
2021-07-30 11:17:21 下次操作: 2021-07-30 11:17:44

2021-07-30 11:17:44 开始第 27 次操作

2021-07-30 11:17:44 开始操作号码 【1959973】
2021-07-30 11:17:47 GSD getOne 第 1 次 等待 3 秒
2021-07-30 11:17:50 查询号码 【1959973】，返回信息 {"status":"bad","msg":""}
2021-07-30 11:17:51 查询号码 【1959973】，GSD为【""】
2021-07-30 11:17:51 bad
2021-07-30 11:17:52 CHB 1959973?1627615071 第 1 次 等待 3 秒
2021-07-30 11:17:55 CHB 1959973?1627615071 第 1 次 获取到号码【1959973】GSD
2021-07-30 11:17:55 未获取到号码【1959973】GSD，可能号码格式错误
2021-07-30 11:17:55 获取到号码【1959973】的GSD为【-】
2021-07-30 11:18:15 GSD insert 第 1 次 等待 3 秒
2021-07-30 11:18:18 {"status":"ok","gid":443485,"msg":"添加成功！"}
2021-07-30 11:18:18 下次操作: 2021-07-30 11:18:41

2021-07-30 11:18:41 开始第 28 次操作

2021-07-30 11:18:41 开始操作号码 【1959972】
2021-07-30 11:18:44 GSD getOne 第 1 次 等待 3 秒
2021-07-30 11:18:47 查询号码 【1959972】，返回信息 {"status":"bad","msg":""}
2021-07-30 11:18:47 查询号码 【1959972】，GSD为【""】
2021-07-30 11:18:47 bad
2021-07-30 11:18:49 CHB 1959972?1627615127 第 1 次 等待 3 秒
2021-07-30 11:18:52 CHB 1959972?1627615127 第 1 次 获取到号码【1959972】GSD
2021-07-30 11:18:52 未获取到号码【1959972】GSD，可能号码格式错误
2021-07-30 11:18:52 获取到号码【1959972】的GSD为【-】
2021-07-30 11:19:11 GSD insert 第 1 次 等待 3 秒
2021-07-30 11:19:14 {"status":"ok","gid":443494,"msg":"添加成功！"}
2021-07-30 11:19:14 下次操作: 2021-07-30 11:19:38

2021-07-30 11:19:38 开始第 29 次操作

2021-07-30 11:19:38 开始操作号码 【1959971】
2021-07-30 11:19:42 GSD getOne 第 1 次 等待 3 秒
2021-07-30 11:19:45 查询号码 【1959971】，返回信息 {"status":"bad","msg":""}
2021-07-30 11:19:45 查询号码 【1959971】，GSD为【""】
2021-07-30 11:19:45 bad
2021-07-30 11:19:47 CHB 1959971?1627615185 第 1 次 等待 3 秒
2021-07-30 11:19:50 CHB 1959971?1627615185 第 1 次 获取到号码【1959971】GSD
2021-07-30 11:19:50 未获取到号码【1959971】GSD，可能号码格式错误
2021-07-30 11:19:50 获取到号码【1959971】的GSD为【-】
2021-07-30 11:20:09 GSD insert 第 1 次 等待 3 秒
2021-07-30 11:20:12 {"status":"ok","gid":443501,"msg":"添加成功！"}
2021-07-30 11:20:12 下次操作: 2021-07-30 11:20:33

2021-07-30 11:20:33 开始第 30 次操作

2021-07-30 11:20:33 开始操作号码 【1959970】
2021-07-30 11:20:38 GSD getOne 第 1 次 等待 3 秒
2021-07-30 11:20:41 查询号码 【1959970】，返回信息 {"status":"bad","msg":""}
2021-07-30 11:20:41 查询号码 【1959970】，GSD为【""】
2021-07-30 11:20:41 bad
2021-07-30 11:20:43 CHB 1959970?1627615241 第 1 次 等待 3 秒
2021-07-30 11:20:46 CHB 1959970?1627615241 第 1 次 获取到号码【1959970】GSD
2021-07-30 11:20:46 未获取到号码【1959970】GSD，可能号码格式错误
2021-07-30 11:20:46 获取到号码【1959970】的GSD为【-】
2021-07-30 11:21:05 GSD insert 第 1 次 等待 3 秒
2021-07-30 11:21:08 {"status":"ok","gid":443510,"msg":"添加成功！"}
2021-07-30 11:21:08 下次操作: 2021-07-30 11:21:25

2021-07-30 11:21:25 开始第 31 次操作

2021-07-30 11:21:25 开始操作号码 【1959969】
2021-07-30 11:21:34 GSD getOne 第 1 次 等待 3 秒
2021-07-30 11:21:37 查询号码 【1959969】，返回信息 {"status":"bad","msg":""}
2021-07-30 11:21:37 查询号码 【1959969】，GSD为【""】
2021-07-30 11:21:37 bad
2021-07-30 11:21:38 CHB 1959969?1627615297 第 1 次 等待 3 秒
2021-07-30 11:21:41 CHB 1959969?1627615297 第 1 次 获取到号码【1959969】GSD
2021-07-30 11:21:41 未获取到号码【1959969】GSD，可能号码格式错误
2021-07-30 11:21:41 获取到号码【1959969】的GSD为【-】
2021-07-30 11:22:02 GSD insert 第 1 次 等待 3 秒
2021-07-30 11:22:05 {"status":"ok","gid":443520,"msg":"添加成功！"}
2021-07-30 11:22:05 下次操作: 2021-07-30 11:22:21

2021-07-30 11:22:21 开始第 32 次操作

2021-07-30 11:22:21 开始操作号码 【1959968】
2021-07-30 11:22:25 GSD getOne 第 1 次 等待 3 秒
2021-07-30 11:22:28 查询号码 【1959968】，返回信息 {"status":"bad","msg":""}
2021-07-30 11:22:28 查询号码 【1959968】，GSD为【""】
2021-07-30 11:22:28 bad
2021-07-30 11:22:30 CHB 1959968?1627615348 第 1 次 等待 3 秒
2021-07-30 11:22:33 CHB 1959968?1627615348 第 1 次 获取到号码【1959968】GSD
2021-07-30 11:22:33 未获取到号码【1959968】GSD，可能号码格式错误
2021-07-30 11:22:33 获取到号码【1959968】的GSD为【-】
2021-07-30 11:22:53 GSD insert 第 1 次 等待 3 秒
2021-07-30 11:22:56 {"status":"ok","gid":443527,"msg":"添加成功！"}
2021-07-30 11:22:56 下次操作: 2021-07-30 11:23:08

2021-07-30 11:23:08 开始第 33 次操作

2021-07-30 11:23:08 开始操作号码 【1959967】
2021-07-30 11:23:15 GSD getOne 第 1 次 等待 3 秒
2021-07-30 11:23:18 查询号码 【1959967】，返回信息 {"status":"bad","msg":""}
2021-07-30 11:23:18 查询号码 【1959967】，GSD为【""】
2021-07-30 11:23:18 bad
2021-07-30 11:23:20 CHB 1959967?1627615398 第 1 次 等待 3 秒
2021-07-30 11:23:23 CHB 1959967?1627615398 第 1 次 获取到号码【1959967】GSD
2021-07-30 11:23:23 未获取到号码【1959967】GSD，可能号码格式错误
2021-07-30 11:23:23 获取到号码【1959967】的GSD为【-】
2021-07-30 11:23:42 GSD insert 第 1 次 等待 3 秒
2021-07-30 11:23:45 {"status":"ok","gid":443534,"msg":"添加成功！"}
2021-07-30 11:23:45 下次操作: 2021-07-30 11:24:03

2021-07-30 11:24:03 开始第 34 次操作

2021-07-30 11:24:03 开始操作号码 【1959966】
2021-07-30 11:24:06 GSD getOne 第 1 次 等待 3 秒
2021-07-30 11:24:09 查询号码 【1959966】，返回信息 {"status":"bad","msg":""}
2021-07-30 11:24:09 查询号码 【1959966】，GSD为【""】
2021-07-30 11:24:09 bad
2021-07-30 11:24:11 CHB 1959966?1627615449 第 1 次 等待 3 秒
2021-07-30 11:24:14 CHB 1959966?1627615449 第 1 次 获取到号码【1959966】GSD
2021-07-30 11:24:14 未获取到号码【1959966】GSD，可能号码格式错误
2021-07-30 11:24:14 获取到号码【1959966】的GSD为【-】
2021-07-30 11:24:33 GSD insert 第 1 次 等待 3 秒
2021-07-30 11:24:36 {"status":"ok","gid":443540,"msg":"添加成功！"}
2021-07-30 11:24:36 下次操作: 2021-07-30 11:24:48

2021-07-30 11:24:48 开始第 35 次操作

2021-07-30 11:24:48 开始操作号码 【1959965】
2021-07-30 11:24:54 GSD getOne 第 1 次 等待 3 秒
2021-07-30 11:24:57 查询号码 【1959965】，返回信息 {"status":"bad","msg":""}
2021-07-30 11:24:57 查询号码 【1959965】，GSD为【""】
2021-07-30 11:24:57 bad
2021-07-30 11:25:00 CHB 1959965?1627615497 第 1 次 等待 3 秒
2021-07-30 11:25:03 CHB 1959965?1627615497 第 1 次 获取到号码【1959965】GSD
2021-07-30 11:25:03 未获取到号码【1959965】GSD，可能号码格式错误
2021-07-30 11:25:03 获取到号码【1959965】的GSD为【-】
2021-07-30 11:25:26 GSD insert 第 1 次 等待 3 秒
2021-07-30 11:25:29 {"status":"ok","gid":443547,"msg":"添加成功！"}
2021-07-30 11:25:29 下次操作: 2021-07-30 11:25:42

2021-07-30 11:25:42 开始第 36 次操作

2021-07-30 11:25:42 开始操作号码 【1959964】
2021-07-30 11:25:49 GSD getOne 第 1 次 等待 3 秒
2021-07-30 11:25:52 查询号码 【1959964】，返回信息 {"status":"bad","msg":""}
2021-07-30 11:25:52 查询号码 【1959964】，GSD为【""】
2021-07-30 11:25:52 bad
2021-07-30 11:25:54 CHB 1959964?1627615552 第 1 次 等待 3 秒
2021-07-30 11:25:57 CHB 1959964?1627615552 第 1 次 获取到号码【1959964】GSD
2021-07-30 11:25:58 未获取到号码【1959964】GSD，可能号码格式错误
2021-07-30 11:25:58 获取到号码【1959964】的GSD为【-】
2021-07-30 11:26:16 GSD insert 第 1 次 等待 3 秒
2021-07-30 11:26:19 {"status":"ok","gid":443552,"msg":"添加成功！"}
2021-07-30 11:26:19 下次操作: 2021-07-30 11:26:43

2021-07-30 11:26:43 开始第 37 次操作

2021-07-30 11:26:43 开始操作号码 【1959963】
2021-07-30 11:26:50 GSD getOne 第 1 次 等待 3 秒
2021-07-30 11:26:53 查询号码 【1959963】，返回信息 {"status":"bad","msg":""}
2021-07-30 11:26:53 查询号码 【1959963】，GSD为【""】
2021-07-30 11:26:53 bad
2021-07-30 11:26:55 CHB 1959963?1627615613 第 1 次 等待 3 秒
2021-07-30 11:26:58 CHB 1959963?1627615613 第 1 次 获取到号码【1959963】GSD
2021-07-30 11:26:58 未获取到号码【1959963】GSD，可能号码格式错误
2021-07-30 11:26:58 获取到号码【1959963】的GSD为【-】
2021-07-30 11:27:18 GSD insert 第 1 次 等待 3 秒
2021-07-30 11:27:21 {"status":"ok","gid":443559,"msg":"添加成功！"}
2021-07-30 11:27:21 下次操作: 2021-07-30 11:27:39

2021-07-30 11:27:39 开始第 38 次操作

2021-07-30 11:27:39 开始操作号码 【1959962】
2021-07-30 11:27:44 GSD getOne 第 1 次 等待 3 秒
2021-07-30 11:27:47 查询号码 【1959962】，返回信息 {"status":"bad","msg":""}
2021-07-30 11:27:47 查询号码 【1959962】，GSD为【""】
2021-07-30 11:27:47 bad
2021-07-30 11:27:48 CHB 1959962?1627615667 第 1 次 等待 3 秒
2021-07-30 11:27:51 CHB 1959962?1627615667 第 1 次 获取到号码【1959962】GSD
2021-07-30 11:27:51 未获取到号码【1959962】GSD，可能号码格式错误
2021-07-30 11:27:51 获取到号码【1959962】的GSD为【-】
2021-07-30 11:28:11 GSD insert 第 1 次 等待 3 秒
2021-07-30 11:28:14 {"status":"ok","gid":443566,"msg":"添加成功！"}
2021-07-30 11:28:14 下次操作: 2021-07-30 11:28:34

2021-07-30 11:28:34 开始第 39 次操作

2021-07-30 11:28:34 开始操作号码 【1959961】
2021-07-30 11:28:37 GSD getOne 第 1 次 等待 3 秒
2021-07-30 11:28:40 查询号码 【1959961】，返回信息 {"status":"bad","msg":""}
2021-07-30 11:28:40 查询号码 【1959961】，GSD为【""】
2021-07-30 11:28:40 bad
2021-07-30 11:28:42 CHB 1959961?1627615720 第 1 次 等待 3 秒
2021-07-30 11:28:45 CHB 1959961?1627615720 第 1 次 获取到号码【1959961】GSD
2021-07-30 11:28:45 未获取到号码【1959961】GSD，可能号码格式错误
2021-07-30 11:28:45 获取到号码【1959961】的GSD为【-】
2021-07-30 11:29:05 GSD insert 第 1 次 等待 3 秒
2021-07-30 11:29:08 {"status":"ok","gid":443573,"msg":"添加成功！"}
2021-07-30 11:29:08 下次操作: 2021-07-30 11:29:24

2021-07-30 11:29:24 开始第 40 次操作

2021-07-30 11:29:24 开始操作号码 【1959960】
2021-07-30 11:29:28 GSD getOne 第 1 次 等待 3 秒
2021-07-30 11:29:31 查询号码 【1959960】，返回信息 {"status":"bad","msg":""}
2021-07-30 11:29:31 查询号码 【1959960】，GSD为【""】
2021-07-30 11:29:31 bad
2021-07-30 11:29:32 CHB 1959960?1627615771 第 1 次 等待 3 秒
2021-07-30 11:29:35 CHB 1959960?1627615771 第 1 次 获取到号码【1959960】GSD
2021-07-30 11:29:35 未获取到号码【1959960】GSD，可能号码格式错误
2021-07-30 11:29:35 获取到号码【1959960】的GSD为【-】
2021-07-30 11:29:58 GSD insert 第 1 次 等待 3 秒
2021-07-30 11:30:01 {"status":"ok","gid":443576,"msg":"添加成功！"}

