2021-07-24 00:00:27 开始第 21 次操作

2021-07-24 00:00:27 开始操作号码 【1539523】
2021-07-24 00:00:30 GSD getOne 第 1 次 等待 3 秒
2021-07-24 00:00:33 查询号码 【1539523】，返回信息 {"status":"bad","msg":""}
2021-07-24 00:00:33 查询号码 【1539523】，GSD为【""】
2021-07-24 00:00:33 bad
2021-07-24 00:00:35 CHB 1539523?1627056033 第 1 次 等待 3 秒
2021-07-24 00:00:38 CHB 1539523?1627056033 第 1 次 获取到号码【1539523】GSD
2021-07-24 00:00:38 获取到号码【1539523】的GSD为【安徽-蚌埠】
2021-07-24 00:00:41 GSD insert 第 1 次 等待 3 秒
2021-07-24 00:00:44 {"status":"ok","gid":371206,"msg":"添加成功！"}
2021-07-24 00:00:44 下次操作: 2021-07-24 00:00:56

2021-07-24 00:00:56 开始第 22 次操作

2021-07-24 00:00:56 开始操作号码 【1539522】
2021-07-24 00:01:03 GSD getOne 第 1 次 等待 3 秒
2021-07-24 00:01:06 查询号码 【1539522】，返回信息 {"status":"bad","msg":""}
2021-07-24 00:01:06 查询号码 【1539522】，GSD为【""】
2021-07-24 00:01:06 bad
2021-07-24 00:01:07 CHB 1539522?1627056066 第 1 次 等待 3 秒
2021-07-24 00:01:10 CHB 1539522?1627056066 第 1 次 获取到号码【1539522】GSD
2021-07-24 00:01:10 获取到号码【1539522】的GSD为【安徽-蚌埠】
2021-07-24 00:01:14 GSD insert 第 1 次 等待 3 秒
2021-07-24 00:01:17 {"status":"ok","gid":371215,"msg":"添加成功！"}
2021-07-24 00:01:17 下次操作: 2021-07-24 00:01:41

2021-07-24 00:01:41 开始第 23 次操作

2021-07-24 00:01:41 开始操作号码 【1539521】
2021-07-24 00:01:43 GSD getOne 第 1 次 等待 3 秒
2021-07-24 00:01:46 查询号码 【1539521】，返回信息 {"status":"bad","msg":""}
2021-07-24 00:01:46 查询号码 【1539521】，GSD为【""】
2021-07-24 00:01:46 bad
2021-07-24 00:01:48 CHB 1539521?1627056106 第 1 次 等待 3 秒
2021-07-24 00:01:51 CHB 1539521?1627056106 第 1 次 获取到号码【1539521】GSD
2021-07-24 00:01:51 获取到号码【1539521】的GSD为【安徽-蚌埠】
2021-07-24 00:01:54 GSD insert 第 1 次 等待 3 秒
2021-07-24 00:01:57 {"status":"ok","gid":371223,"msg":"添加成功！"}
2021-07-24 00:01:57 下次操作: 2021-07-24 00:02:21

2021-07-24 00:02:21 开始第 24 次操作

2021-07-24 00:02:21 开始操作号码 【1539520】
2021-07-24 00:02:26 GSD getOne 第 1 次 等待 3 秒
2021-07-24 00:02:29 查询号码 【1539520】，返回信息 {"status":"bad","msg":""}
2021-07-24 00:02:29 查询号码 【1539520】，GSD为【""】
2021-07-24 00:02:29 bad
2021-07-24 00:02:31 CHB 1539520?1627056149 第 1 次 等待 3 秒
2021-07-24 00:02:34 CHB 1539520?1627056149 第 1 次 获取到号码【1539520】GSD
2021-07-24 00:02:34 获取到号码【1539520】的GSD为【安徽-蚌埠】
2021-07-24 00:02:40 GSD insert 第 1 次 等待 3 秒
2021-07-24 00:02:43 {"status":"ok","gid":371233,"msg":"添加成功！"}
2021-07-24 00:02:43 下次操作: 2021-07-24 00:03:06

2021-07-24 00:03:06 开始第 25 次操作

2021-07-24 00:03:06 开始操作号码 【1539519】
2021-07-24 00:03:09 GSD getOne 第 1 次 等待 3 秒
2021-07-24 00:03:12 查询号码 【1539519】，返回信息 {"status":"bad","msg":""}
2021-07-24 00:03:12 查询号码 【1539519】，GSD为【""】
2021-07-24 00:03:12 bad
2021-07-24 00:03:14 CHB 1539519?1627056192 第 1 次 等待 3 秒
2021-07-24 00:03:17 CHB 1539519?1627056192 第 1 次 获取到号码【1539519】GSD
2021-07-24 00:03:17 获取到号码【1539519】的GSD为【安徽-合肥】
2021-07-24 00:03:20 GSD insert 第 1 次 等待 3 秒
2021-07-24 00:03:23 {"status":"ok","gid":371241,"msg":"添加成功！"}
2021-07-24 00:03:23 下次操作: 2021-07-24 00:03:44

2021-07-24 00:03:44 开始第 26 次操作

2021-07-24 00:03:44 开始操作号码 【1539518】
2021-07-24 00:03:53 GSD getOne 第 1 次 等待 3 秒
2021-07-24 00:03:56 查询号码 【1539518】，返回信息 {"status":"bad","msg":""}
2021-07-24 00:03:56 查询号码 【1539518】，GSD为【""】
2021-07-24 00:03:56 bad
2021-07-24 00:03:57 CHB 1539518?1627056236 第 1 次 等待 3 秒
2021-07-24 00:04:00 CHB 1539518?1627056236 第 1 次 获取到号码【1539518】GSD
2021-07-24 00:04:00 获取到号码【1539518】的GSD为【安徽-合肥】
2021-07-24 00:04:05 GSD insert 第 1 次 等待 3 秒
2021-07-24 00:04:08 {"status":"ok","gid":371254,"msg":"添加成功！"}
2021-07-24 00:04:08 下次操作: 2021-07-24 00:04:31

2021-07-24 00:04:31 开始第 27 次操作

2021-07-24 00:04:31 开始操作号码 【1539517】
2021-07-24 00:04:34 GSD getOne 第 1 次 等待 3 秒
2021-07-24 00:04:37 查询号码 【1539517】，返回信息 {"status":"bad","msg":""}
2021-07-24 00:04:37 查询号码 【1539517】，GSD为【""】
2021-07-24 00:04:37 bad
2021-07-24 00:04:39 CHB 1539517?1627056277 第 1 次 等待 3 秒
2021-07-24 00:04:42 CHB 1539517?1627056277 第 1 次 获取到号码【1539517】GSD
2021-07-24 00:04:42 获取到号码【1539517】的GSD为【安徽-合肥】
2021-07-24 00:04:46 GSD insert 第 1 次 等待 3 秒
2021-07-24 00:04:49 {"status":"ok","gid":371262,"msg":"添加成功！"}
2021-07-24 00:04:49 下次操作: 2021-07-24 00:05:05

2021-07-24 00:05:05 开始第 28 次操作

2021-07-24 00:05:05 开始操作号码 【1539516】
2021-07-24 00:05:09 GSD getOne 第 1 次 等待 3 秒
2021-07-24 00:05:12 查询号码 【1539516】，返回信息 {"status":"bad","msg":""}
2021-07-24 00:05:12 查询号码 【1539516】，GSD为【""】
2021-07-24 00:05:12 bad
2021-07-24 00:05:13 CHB 1539516?1627056312 第 1 次 等待 3 秒
2021-07-24 00:05:16 CHB 1539516?1627056312 第 1 次 获取到号码【1539516】GSD
2021-07-24 00:05:16 获取到号码【1539516】的GSD为【安徽-合肥】
2021-07-24 00:05:20 GSD insert 第 1 次 等待 3 秒
2021-07-24 00:05:23 {"status":"ok","gid":371274,"msg":"添加成功！"}
2021-07-24 00:05:23 下次操作: 2021-07-24 00:05:44

2021-07-24 00:05:44 开始第 29 次操作

2021-07-24 00:05:44 开始操作号码 【1539515】
2021-07-24 00:05:49 GSD getOne 第 1 次 等待 3 秒
2021-07-24 00:05:52 查询号码 【1539515】，返回信息 {"status":"bad","msg":""}
2021-07-24 00:05:52 查询号码 【1539515】，GSD为【""】
2021-07-24 00:05:52 bad
2021-07-24 00:05:54 CHB 1539515?1627056352 第 1 次 等待 3 秒
2021-07-24 00:05:57 CHB 1539515?1627056352 第 1 次 获取到号码【1539515】GSD
2021-07-24 00:05:57 获取到号码【1539515】的GSD为【安徽-合肥】
2021-07-24 00:06:01 GSD insert 第 1 次 等待 3 秒
2021-07-24 00:06:04 {"status":"ok","gid":371285,"msg":"添加成功！"}
2021-07-24 00:06:04 下次操作: 2021-07-24 00:06:28

2021-07-24 00:06:28 开始第 30 次操作

2021-07-24 00:06:28 开始操作号码 【1539514】
2021-07-24 00:06:32 GSD getOne 第 1 次 等待 3 秒
2021-07-24 00:06:35 查询号码 【1539514】，返回信息 {"status":"bad","msg":""}
2021-07-24 00:06:36 查询号码 【1539514】，GSD为【""】
2021-07-24 00:06:36 bad
2021-07-24 00:06:37 CHB 1539514?1627056396 第 1 次 等待 3 秒
2021-07-24 00:06:40 CHB 1539514?1627056396 第 1 次 获取到号码【1539514】GSD
2021-07-24 00:06:40 获取到号码【1539514】的GSD为【安徽-合肥】
2021-07-24 00:06:44 GSD insert 第 1 次 等待 3 秒
2021-07-24 00:06:47 {"status":"ok","gid":371296,"msg":"添加成功！"}
2021-07-24 00:06:47 下次操作: 2021-07-24 00:07:06

2021-07-24 00:07:06 开始第 31 次操作

2021-07-24 00:07:06 开始操作号码 【1539513】
2021-07-24 00:07:09 GSD getOne 第 1 次 等待 3 秒
2021-07-24 00:07:12 查询号码 【1539513】，返回信息 {"status":"bad","msg":""}
2021-07-24 00:07:12 查询号码 【1539513】，GSD为【""】
2021-07-24 00:07:12 bad
2021-07-24 00:07:13 CHB 1539513?1627056432 第 1 次 等待 3 秒
2021-07-24 00:07:16 CHB 1539513?1627056432 第 1 次 获取到号码【1539513】GSD
2021-07-24 00:07:16 获取到号码【1539513】的GSD为【安徽-合肥】
2021-07-24 00:07:20 GSD insert 第 1 次 等待 3 秒
2021-07-24 00:07:23 {"status":"ok","gid":371302,"msg":"添加成功！"}
2021-07-24 00:07:23 下次操作: 2021-07-24 00:07:36

2021-07-24 00:07:36 开始第 32 次操作

2021-07-24 00:07:36 开始操作号码 【1539512】
2021-07-24 00:07:40 GSD getOne 第 1 次 等待 3 秒
2021-07-24 00:07:43 查询号码 【1539512】，返回信息 {"status":"bad","msg":""}
2021-07-24 00:07:43 查询号码 【1539512】，GSD为【""】
2021-07-24 00:07:43 bad
2021-07-24 00:07:45 CHB 1539512?1627056463 第 1 次 等待 3 秒
2021-07-24 00:07:48 CHB 1539512?1627056463 第 1 次 获取到号码【1539512】GSD
2021-07-24 00:07:48 获取到号码【1539512】的GSD为【安徽-合肥】
2021-07-24 00:07:51 GSD insert 第 1 次 等待 3 秒
2021-07-24 00:07:54 {"status":"ok","gid":371307,"msg":"添加成功！"}
2021-07-24 00:07:54 下次操作: 2021-07-24 00:08:17

2021-07-24 00:08:17 开始第 33 次操作

2021-07-24 00:08:17 开始操作号码 【1539511】
2021-07-24 00:08:20 GSD getOne 第 1 次 等待 3 秒
2021-07-24 00:08:23 查询号码 【1539511】，返回信息 {"status":"ok","msg":"安徽-合肥","gid":"21553","time_insert":"2017-05-08 20:35","time_update":"2020-08-15 16:55"}
2021-07-24 00:08:23 查询号码 【1539511】，GSD为【"安徽-合肥"】

2021-07-24 00:08:23 开始第 33 次操作

2021-07-24 00:08:23 开始操作号码 【1539510】
2021-07-24 00:08:26 GSD getOne 第 1 次 等待 3 秒
2021-07-24 00:08:29 查询号码 【1539510】，返回信息 {"status":"bad","msg":""}
2021-07-24 00:08:29 查询号码 【1539510】，GSD为【""】
2021-07-24 00:08:29 bad
2021-07-24 00:08:30 CHB 1539510?1627056509 第 1 次 等待 3 秒
2021-07-24 00:08:33 CHB 1539510?1627056509 第 1 次 获取到号码【1539510】GSD
2021-07-24 00:08:33 获取到号码【1539510】的GSD为【安徽-合肥】
2021-07-24 00:08:39 GSD insert 第 1 次 等待 3 秒
2021-07-24 00:08:42 {"status":"ok","gid":371317,"msg":"添加成功！"}
2021-07-24 00:08:42 下次操作: 2021-07-24 00:08:58

2021-07-24 00:08:58 开始第 34 次操作

2021-07-24 00:08:58 开始操作号码 【1539509】
2021-07-24 00:09:01 GSD getOne 第 1 次 等待 3 秒
2021-07-24 00:09:04 查询号码 【1539509】，返回信息 {"status":"bad","msg":""}
2021-07-24 00:09:04 查询号码 【1539509】，GSD为【""】
2021-07-24 00:09:04 bad
2021-07-24 00:09:05 CHB 1539509?1627056544 第 1 次 等待 3 秒
2021-07-24 00:09:08 CHB 1539509?1627056544 第 1 次 获取到号码【1539509】GSD
2021-07-24 00:09:08 获取到号码【1539509】的GSD为【安徽-合肥】
2021-07-24 00:09:17 GSD insert 第 1 次 等待 3 秒
2021-07-24 00:09:20 {"status":"ok","gid":371324,"msg":"添加成功！"}
2021-07-24 00:09:20 下次操作: 2021-07-24 00:09:38

2021-07-24 00:09:38 开始第 35 次操作

2021-07-24 00:09:38 开始操作号码 【1539508】
2021-07-24 00:09:41 GSD getOne 第 1 次 等待 3 秒
2021-07-24 00:09:44 查询号码 【1539508】，返回信息 {"status":"bad","msg":""}
2021-07-24 00:09:44 查询号码 【1539508】，GSD为【""】
2021-07-24 00:09:44 bad
2021-07-24 00:09:45 CHB 1539508?1627056584 第 1 次 等待 3 秒
2021-07-24 00:09:49 CHB 1539508?1627056584 第 1 次 获取到号码【1539508】GSD
2021-07-24 00:09:49 获取到号码【1539508】的GSD为【安徽-合肥】
2021-07-24 00:09:54 GSD insert 第 1 次 等待 3 秒
2021-07-24 00:09:57 {"status":"ok","gid":371332,"msg":"添加成功！"}
2021-07-24 00:09:57 下次操作: 2021-07-24 00:10:17

2021-07-24 00:10:17 开始第 36 次操作

2021-07-24 00:10:17 开始操作号码 【1539507】
2021-07-24 00:10:21 GSD getOne 第 1 次 等待 3 秒
2021-07-24 00:10:24 查询号码 【1539507】，返回信息 {"status":"bad","msg":""}
2021-07-24 00:10:24 查询号码 【1539507】，GSD为【""】
2021-07-24 00:10:24 bad
2021-07-24 00:10:29 CHB 1539507?1627056624 第 1 次 等待 3 秒
2021-07-24 00:10:32 CHB 1539507?1627056624 第 1 次 获取到号码【1539507】GSD
2021-07-24 00:10:32 获取到号码【1539507】的GSD为【安徽-合肥】
2021-07-24 00:10:38 GSD insert 第 1 次 等待 3 秒
2021-07-24 00:10:41 {"status":"ok","gid":371343,"msg":"添加成功！"}
2021-07-24 00:10:41 下次操作: 2021-07-24 00:10:56

2021-07-24 00:10:56 开始第 37 次操作

2021-07-24 00:10:56 开始操作号码 【1539506】
2021-07-24 00:11:00 GSD getOne 第 1 次 等待 3 秒
2021-07-24 00:11:03 查询号码 【1539506】，返回信息 {"status":"bad","msg":""}
2021-07-24 00:11:03 查询号码 【1539506】，GSD为【""】
2021-07-24 00:11:03 bad
2021-07-24 00:11:05 CHB 1539506?1627056663 第 1 次 等待 3 秒
2021-07-24 00:11:08 CHB 1539506?1627056663 第 1 次 获取到号码【1539506】GSD
2021-07-24 00:11:08 获取到号码【1539506】的GSD为【安徽-合肥】
2021-07-24 00:11:14 GSD insert 第 1 次 等待 3 秒
2021-07-24 00:11:17 {"status":"ok","gid":371349,"msg":"添加成功！"}
2021-07-24 00:11:17 下次操作: 2021-07-24 00:11:39

2021-07-24 00:11:39 开始第 38 次操作

2021-07-24 00:11:39 开始操作号码 【1539505】
2021-07-24 00:11:42 GSD getOne 第 1 次 等待 3 秒
2021-07-24 00:11:45 查询号码 【1539505】，返回信息 {"status":"bad","msg":""}
2021-07-24 00:11:46 查询号码 【1539505】，GSD为【""】
2021-07-24 00:11:46 bad
2021-07-24 00:11:47 CHB 1539505?1627056706 第 1 次 等待 3 秒
2021-07-24 00:11:50 CHB 1539505?1627056706 第 1 次 获取到号码【1539505】GSD
2021-07-24 00:11:50 获取到号码【1539505】的GSD为【安徽-合肥】
2021-07-24 00:11:57 GSD insert 第 1 次 等待 3 秒
2021-07-24 00:12:00 {"status":"ok","gid":371356,"msg":"添加成功！"}
2021-07-24 00:12:00 下次操作: 2021-07-24 00:12:16

2021-07-24 00:12:16 开始第 39 次操作

2021-07-24 00:12:16 开始操作号码 【1539504】
2021-07-24 00:12:20 GSD getOne 第 1 次 等待 3 秒
2021-07-24 00:12:23 查询号码 【1539504】，返回信息 {"status":"bad","msg":""}
2021-07-24 00:12:23 查询号码 【1539504】，GSD为【""】
2021-07-24 00:12:23 bad
2021-07-24 00:12:24 CHB 1539504?1627056743 第 1 次 等待 3 秒
2021-07-24 00:12:27 CHB 1539504?1627056743 第 1 次 获取到号码【1539504】GSD
2021-07-24 00:12:27 获取到号码【1539504】的GSD为【安徽-合肥】
2021-07-24 00:12:33 GSD insert 第 1 次 等待 3 秒
2021-07-24 00:12:36 {"status":"ok","gid":371361,"msg":"添加成功！"}
2021-07-24 00:12:36 下次操作: 2021-07-24 00:12:48

2021-07-24 00:12:48 开始第 40 次操作

2021-07-24 00:12:48 开始操作号码 【1539503】
2021-07-24 00:12:51 GSD getOne 第 1 次 等待 3 秒
2021-07-24 00:12:54 查询号码 【1539503】，返回信息 {"status":"bad","msg":""}
2021-07-24 00:12:54 查询号码 【1539503】，GSD为【""】
2021-07-24 00:12:54 bad
2021-07-24 00:12:55 CHB 1539503?1627056774 第 1 次 等待 3 秒
2021-07-24 00:12:58 CHB 1539503?1627056774 第 1 次 获取到号码【1539503】GSD
2021-07-24 00:12:58 获取到号码【1539503】的GSD为【安徽-合肥】
2021-07-24 00:13:05 GSD insert 第 1 次 等待 3 秒
2021-07-24 00:13:08 {"status":"ok","gid":371363,"msg":"添加成功！"}

2021-07-24 01:03:31 开始第 1 次操作

2021-07-24 01:03:31 开始操作号码 【1539502】
2021-07-24 01:03:36 GSD getOne 第 1 次 等待 3 秒
2021-07-24 01:03:39 查询号码 【1539502】，返回信息 {"status":"bad","msg":""}
2021-07-24 01:03:39 查询号码 【1539502】，GSD为【""】
2021-07-24 01:03:39 bad
2021-07-24 01:03:41 CHB 1539502?1627059819 第 1 次 等待 3 秒
2021-07-24 01:03:44 CHB 1539502?1627059819 第 1 次 获取到号码【1539502】GSD
2021-07-24 01:03:44 获取到号码【1539502】的GSD为【安徽-合肥】
2021-07-24 01:03:54 GSD insert 第 1 次 等待 3 秒
2021-07-24 01:03:57 {"status":"ok","gid":371528,"msg":"添加成功！"}
2021-07-24 01:03:57 下次操作: 2021-07-24 01:04:09

2021-07-24 01:04:09 开始第 2 次操作

2021-07-24 01:04:09 开始操作号码 【1539501】
2021-07-24 01:04:13 GSD getOne 第 1 次 等待 3 秒
2021-07-24 01:04:16 查询号码 【1539501】，返回信息 {"status":"bad","msg":""}
2021-07-24 01:04:16 查询号码 【1539501】，GSD为【""】
2021-07-24 01:04:16 bad
2021-07-24 01:04:20 CHB 1539501?1627059856 第 1 次 等待 3 秒
2021-07-24 01:04:23 CHB 1539501?1627059856 第 1 次 获取到号码【1539501】GSD
2021-07-24 01:04:23 获取到号码【1539501】的GSD为【安徽-合肥】
2021-07-24 01:04:37 GSD insert 第 1 次 等待 3 秒
2021-07-24 01:04:40 {"status":"ok","gid":371536,"msg":"添加成功！"}
2021-07-24 01:04:40 下次操作: 2021-07-24 01:05:01

2021-07-24 01:05:01 开始第 3 次操作

2021-07-24 01:05:01 开始操作号码 【1539500】
2021-07-24 01:05:04 GSD getOne 第 1 次 等待 3 秒
2021-07-24 01:05:07 查询号码 【1539500】，返回信息 {"status":"bad","msg":""}
2021-07-24 01:05:07 查询号码 【1539500】，GSD为【""】
2021-07-24 01:05:07 bad
2021-07-24 01:05:09 CHB 1539500?1627059907 第 1 次 等待 3 秒
2021-07-24 01:05:12 CHB 1539500?1627059907 第 1 次 获取到号码【1539500】GSD
2021-07-24 01:05:12 获取到号码【1539500】的GSD为【安徽-合肥】
2021-07-24 01:05:30 GSD insert 第 1 次 等待 3 秒
2021-07-24 01:05:33 {"status":"ok","gid":371544,"msg":"添加成功！"}
2021-07-24 01:05:33 下次操作: 2021-07-24 01:05:52

2021-07-24 01:05:52 开始第 4 次操作

2021-07-24 01:05:52 开始操作号码 【1539499】
2021-07-24 01:05:57 GSD getOne 第 1 次 等待 3 秒
2021-07-24 01:06:00 查询号码 【1539499】，返回信息 {"status":"bad","msg":""}
2021-07-24 01:06:00 查询号码 【1539499】，GSD为【""】
2021-07-24 01:06:00 bad
2021-07-24 01:06:02 CHB 1539499?1627059960 第 1 次 等待 3 秒
2021-07-24 01:06:05 CHB 1539499?1627059960 第 1 次 获取到号码【1539499】GSD
2021-07-24 01:06:05 获取到号码【1539499】的GSD为【云南-文山】
2021-07-24 01:06:23 GSD insert 第 1 次 等待 3 秒
2021-07-24 01:06:26 {"status":"ok","gid":371552,"msg":"添加成功！"}
2021-07-24 01:06:26 下次操作: 2021-07-24 01:06:46

2021-07-24 01:06:46 开始第 5 次操作

2021-07-24 01:06:46 开始操作号码 【1539498】
2021-07-24 01:06:55 GSD getOne 第 1 次 等待 3 秒
2021-07-24 01:06:58 查询号码 【1539498】，返回信息 {"status":"bad","msg":""}
2021-07-24 01:06:58 查询号码 【1539498】，GSD为【""】
2021-07-24 01:06:58 bad
2021-07-24 01:07:00 CHB 1539498?1627060018 第 1 次 等待 3 秒
2021-07-24 01:07:03 CHB 1539498?1627060018 第 1 次 获取到号码【1539498】GSD
2021-07-24 01:07:03 获取到号码【1539498】的GSD为【云南-文山】
2021-07-24 01:07:21 GSD insert 第 1 次 等待 3 秒
2021-07-24 01:07:24 {"status":"ok","gid":371561,"msg":"添加成功！"}
2021-07-24 01:07:24 下次操作: 2021-07-24 01:07:37

2021-07-24 01:07:37 开始第 6 次操作

2021-07-24 01:07:37 开始操作号码 【1539497】
2021-07-24 01:07:40 GSD getOne 第 1 次 等待 3 秒
2021-07-24 01:07:43 查询号码 【1539497】，返回信息 {"status":"bad","msg":""}
2021-07-24 01:07:43 查询号码 【1539497】，GSD为【""】
2021-07-24 01:07:43 bad
2021-07-24 01:07:45 CHB 1539497?1627060063 第 1 次 等待 3 秒
2021-07-24 01:07:48 CHB 1539497?1627060063 第 1 次 获取到号码【1539497】GSD
2021-07-24 01:07:48 获取到号码【1539497】的GSD为【云南-昆明】
2021-07-24 01:08:08 GSD insert 第 1 次 等待 3 秒
2021-07-24 01:08:11 {"status":"ok","gid":371569,"msg":"添加成功！"}
2021-07-24 01:08:11 下次操作: 2021-07-24 01:08:31

2021-07-24 01:08:31 开始第 7 次操作

2021-07-24 01:08:31 开始操作号码 【1539496】
2021-07-24 01:08:34 GSD getOne 第 1 次 等待 3 秒
2021-07-24 01:08:37 查询号码 【1539496】，返回信息 {"status":"bad","msg":""}
2021-07-24 01:08:37 查询号码 【1539496】，GSD为【""】
2021-07-24 01:08:37 bad
2021-07-24 01:08:39 CHB 1539496?1627060117 第 1 次 等待 3 秒
2021-07-24 01:08:42 CHB 1539496?1627060117 第 1 次 获取到号码【1539496】GSD
2021-07-24 01:08:42 获取到号码【1539496】的GSD为【云南-普洱】
2021-07-24 01:09:01 GSD insert 第 1 次 等待 3 秒
2021-07-24 01:09:04 {"status":"ok","gid":371577,"msg":"添加成功！"}
2021-07-24 01:09:04 下次操作: 2021-07-24 01:09:22

2021-07-24 01:09:22 开始第 8 次操作

2021-07-24 01:09:22 开始操作号码 【1539495】
2021-07-24 01:09:25 GSD getOne 第 1 次 等待 3 秒
2021-07-24 01:09:28 查询号码 【1539495】，返回信息 {"status":"bad","msg":""}
2021-07-24 01:09:28 查询号码 【1539495】，GSD为【""】
2021-07-24 01:09:28 bad
2021-07-24 01:09:30 CHB 1539495?1627060168 第 1 次 等待 3 秒
2021-07-24 01:09:33 CHB 1539495?1627060168 第 1 次 获取到号码【1539495】GSD
2021-07-24 01:09:33 获取到号码【1539495】的GSD为【云南-普洱】
2021-07-24 01:09:52 GSD insert 第 1 次 等待 3 秒
2021-07-24 01:09:55 {"status":"ok","gid":371584,"msg":"添加成功！"}
2021-07-24 01:09:55 下次操作: 2021-07-24 01:10:15

2021-07-24 01:10:15 开始第 9 次操作

2021-07-24 01:10:15 开始操作号码 【1539494】
2021-07-24 01:10:20 GSD getOne 第 1 次 等待 3 秒
2021-07-24 01:10:23 查询号码 【1539494】，返回信息 {"status":"ok","msg":"云南-普洱","gid":"21552","time_insert":"2018-04-09 13:01","time_update":"2021-05-08 14:38"}
2021-07-24 01:10:24 查询号码 【1539494】，GSD为【"云南-普洱"】

2021-07-24 01:10:24 开始第 9 次操作

2021-07-24 01:10:24 开始操作号码 【1539493】
2021-07-24 01:10:48 GSD getOne 第 1 次 等待 3 秒
2021-07-24 01:10:51 查询号码 【1539493】，返回信息 {"status":"bad","msg":""}
2021-07-24 01:10:51 查询号码 【1539493】，GSD为【""】
2021-07-24 01:10:51 bad
2021-07-24 01:10:53 CHB 1539493?1627060251 第 1 次 等待 3 秒
2021-07-24 01:10:56 CHB 1539493?1627060251 第 1 次 获取到号码【1539493】GSD
2021-07-24 01:10:56 获取到号码【1539493】的GSD为【云南-曲靖】
2021-07-24 01:11:14 GSD insert 第 1 次 等待 3 秒
2021-07-24 01:11:17 {"status":"ok","gid":371599,"msg":"添加成功！"}
2021-07-24 01:11:17 下次操作: 2021-07-24 01:11:31

2021-07-24 01:11:31 开始第 10 次操作

2021-07-24 01:11:31 开始操作号码 【1539492】
2021-07-24 01:11:35 GSD getOne 第 1 次 等待 3 秒
2021-07-24 01:11:38 查询号码 【1539492】，返回信息 {"status":"ok","msg":"云南-德宏","gid":"21551","time_insert":"2017-10-04 21:32","time_update":"2021-06-04 02:01"}
2021-07-24 01:11:38 查询号码 【1539492】，GSD为【"云南-德宏"】

2021-07-24 01:11:38 开始第 10 次操作

2021-07-24 01:11:38 开始操作号码 【1539491】
2021-07-24 01:11:56 GSD getOne 第 1 次 等待 3 秒
2021-07-24 01:11:59 查询号码 【1539491】，返回信息 {"status":"bad","msg":""}
2021-07-24 01:11:59 查询号码 【1539491】，GSD为【""】
2021-07-24 01:11:59 bad
2021-07-24 01:12:01 CHB 1539491?1627060319 第 1 次 等待 3 秒
2021-07-24 01:12:04 CHB 1539491?1627060319 第 1 次 获取到号码【1539491】GSD
2021-07-24 01:12:04 获取到号码【1539491】的GSD为【云南-大理】
2021-07-24 01:12:24 GSD insert 第 1 次 等待 3 秒
2021-07-24 01:12:27 {"status":"ok","gid":371612,"msg":"添加成功！"}
2021-07-24 01:12:27 下次操作: 2021-07-24 01:12:39

2021-07-24 01:12:39 开始第 11 次操作

2021-07-24 01:12:39 开始操作号码 【1539490】
2021-07-24 01:12:52 GSD getOne 第 1 次 等待 3 秒
2021-07-24 01:12:55 查询号码 【1539490】，返回信息 {"status":"bad","msg":""}
2021-07-24 01:12:55 查询号码 【1539490】，GSD为【""】
2021-07-24 01:12:55 bad
2021-07-24 01:12:57 CHB 1539490?1627060375 第 1 次 等待 3 秒
2021-07-24 01:13:00 CHB 1539490?1627060375 第 1 次 获取到号码【1539490】GSD
2021-07-24 01:13:00 获取到号码【1539490】的GSD为【云南-昆明】
2021-07-24 01:13:18 GSD insert 第 1 次 等待 3 秒
2021-07-24 01:13:21 {"status":"ok","gid":371620,"msg":"添加成功！"}
2021-07-24 01:13:21 下次操作: 2021-07-24 01:13:39

2021-07-24 01:13:39 开始第 12 次操作

2021-07-24 01:13:39 开始操作号码 【1539489】
2021-07-24 01:13:48 GSD getOne 第 1 次 等待 3 秒
2021-07-24 01:13:51 查询号码 【1539489】，返回信息 {"status":"bad","msg":""}
2021-07-24 01:13:51 查询号码 【1539489】，GSD为【""】
2021-07-24 01:13:51 bad
2021-07-24 01:13:53 CHB 1539489?1627060431 第 1 次 等待 3 秒
2021-07-24 01:13:56 CHB 1539489?1627060431 第 1 次 获取到号码【1539489】GSD
2021-07-24 01:13:56 获取到号码【1539489】的GSD为【云南-红河】
2021-07-24 01:14:14 GSD insert 第 1 次 等待 3 秒
2021-07-24 01:14:17 {"status":"ok","gid":371633,"msg":"添加成功！"}
2021-07-24 01:14:17 下次操作: 2021-07-24 01:14:40

2021-07-24 01:14:40 开始第 13 次操作

2021-07-24 01:14:40 开始操作号码 【1539488】
2021-07-24 01:14:43 GSD getOne 第 1 次 等待 3 秒
2021-07-24 01:14:46 查询号码 【1539488】，返回信息 {"status":"bad","msg":""}
2021-07-24 01:14:46 查询号码 【1539488】，GSD为【""】
2021-07-24 01:14:46 bad
2021-07-24 01:14:48 CHB 1539488?1627060486 第 1 次 等待 3 秒
2021-07-24 01:14:51 CHB 1539488?1627060486 第 1 次 获取到号码【1539488】GSD
2021-07-24 01:14:51 获取到号码【1539488】的GSD为【云南-红河】
2021-07-24 01:15:09 GSD insert 第 1 次 等待 3 秒
2021-07-24 01:15:12 {"status":"ok","gid":371642,"msg":"添加成功！"}
2021-07-24 01:15:12 下次操作: 2021-07-24 01:15:25

2021-07-24 01:15:25 开始第 14 次操作

2021-07-24 01:15:25 开始操作号码 【1539487】
2021-07-24 01:15:30 GSD getOne 第 1 次 等待 3 秒
2021-07-24 01:15:33 查询号码 【1539487】，返回信息 {"status":"bad","msg":""}
2021-07-24 01:15:33 查询号码 【1539487】，GSD为【""】
2021-07-24 01:15:33 bad
2021-07-24 01:15:36 CHB 1539487?1627060533 第 1 次 等待 3 秒
2021-07-24 01:15:39 CHB 1539487?1627060533 第 1 次 获取到号码【1539487】GSD
2021-07-24 01:15:39 获取到号码【1539487】的GSD为【云南-红河】
2021-07-24 01:15:49 GSD insert 第 1 次 等待 3 秒
2021-07-24 01:15:52 {"status":"ok","gid":371650,"msg":"添加成功！"}
2021-07-24 01:15:52 下次操作: 2021-07-24 01:16:08

2021-07-24 01:16:08 开始第 15 次操作

2021-07-24 01:16:08 开始操作号码 【1539486】
2021-07-24 01:16:12 GSD getOne 第 1 次 等待 3 秒
2021-07-24 01:16:15 查询号码 【1539486】，返回信息 {"status":"bad","msg":""}
2021-07-24 01:16:15 查询号码 【1539486】，GSD为【""】
2021-07-24 01:16:15 bad
2021-07-24 01:16:17 CHB 1539486?1627060575 第 1 次 等待 3 秒
2021-07-24 01:16:20 CHB 1539486?1627060575 第 1 次 获取到号码【1539486】GSD
2021-07-24 01:16:20 获取到号码【1539486】的GSD为【云南-红河】
2021-07-24 01:16:38 GSD insert 第 1 次 等待 3 秒
2021-07-24 01:16:41 {"status":"ok","gid":371662,"msg":"添加成功！"}
2021-07-24 01:16:41 下次操作: 2021-07-24 01:17:02

2021-07-24 01:17:02 开始第 16 次操作

2021-07-24 01:17:02 开始操作号码 【1539485】
2021-07-24 01:17:05 GSD getOne 第 1 次 等待 3 秒
2021-07-24 01:17:08 查询号码 【1539485】，返回信息 {"status":"bad","msg":""}
2021-07-24 01:17:08 查询号码 【1539485】，GSD为【""】
2021-07-24 01:17:08 bad
2021-07-24 01:17:11 CHB 1539485?1627060628 第 1 次 等待 3 秒
2021-07-24 01:17:14 CHB 1539485?1627060628 第 1 次 获取到号码【1539485】GSD
2021-07-24 01:17:14 获取到号码【1539485】的GSD为【云南-红河】
2021-07-24 01:17:24 GSD insert 第 1 次 等待 3 秒
2021-07-24 01:17:27 {"status":"ok","gid":371670,"msg":"添加成功！"}
2021-07-24 01:17:27 下次操作: 2021-07-24 01:17:47

2021-07-24 01:17:47 开始第 17 次操作

2021-07-24 01:17:47 开始操作号码 【1539484】
2021-07-24 01:17:50 GSD getOne 第 1 次 等待 3 秒
2021-07-24 01:17:53 查询号码 【1539484】，返回信息 {"status":"ok","msg":"云南-红河","gid":"21550","time_insert":"2018-06-07 20:49","time_update":"2020-11-30 21:27"}
2021-07-24 01:17:54 查询号码 【1539484】，GSD为【"云南-红河"】

2021-07-24 01:17:54 开始第 17 次操作

2021-07-24 01:17:54 开始操作号码 【1539483】
2021-07-24 01:18:12 GSD getOne 第 1 次 等待 3 秒
2021-07-24 01:18:15 查询号码 【1539483】，返回信息 {"status":"bad","msg":""}
2021-07-24 01:18:15 查询号码 【1539483】，GSD为【""】
2021-07-24 01:18:15 bad
2021-07-24 01:18:17 CHB 1539483?1627060695 第 1 次 等待 3 秒
2021-07-24 01:18:20 CHB 1539483?1627060695 第 1 次 获取到号码【1539483】GSD
2021-07-24 01:18:20 获取到号码【1539483】的GSD为【云南-红河】
2021-07-24 01:18:32 GSD insert 第 1 次 等待 3 秒
2021-07-24 01:18:35 {"status":"ok","gid":371683,"msg":"添加成功！"}
2021-07-24 01:18:35 下次操作: 2021-07-24 01:18:48

2021-07-24 01:18:48 开始第 18 次操作

2021-07-24 01:18:48 开始操作号码 【1539482】
2021-07-24 01:18:52 GSD getOne 第 1 次 等待 3 秒
2021-07-24 01:18:55 查询号码 【1539482】，返回信息 {"status":"bad","msg":""}
2021-07-24 01:18:55 查询号码 【1539482】，GSD为【""】
2021-07-24 01:18:55 bad
2021-07-24 01:18:57 CHB 1539482?1627060735 第 1 次 等待 3 秒
2021-07-24 01:19:00 CHB 1539482?1627060735 第 1 次 获取到号码【1539482】GSD
2021-07-24 01:19:01 获取到号码【1539482】的GSD为【云南-红河】
2021-07-24 01:19:11 GSD insert 第 1 次 等待 3 秒
2021-07-24 01:19:14 {"status":"ok","gid":371691,"msg":"添加成功！"}
2021-07-24 01:19:14 下次操作: 2021-07-24 01:19:27

2021-07-24 01:19:27 开始第 19 次操作

2021-07-24 01:19:27 开始操作号码 【1539481】
2021-07-24 01:19:30 GSD getOne 第 1 次 等待 3 秒
2021-07-24 01:19:33 查询号码 【1539481】，返回信息 {"status":"bad","msg":""}
2021-07-24 01:19:33 查询号码 【1539481】，GSD为【""】
2021-07-24 01:19:33 bad
2021-07-24 01:19:35 CHB 1539481?1627060773 第 1 次 等待 3 秒
2021-07-24 01:19:38 CHB 1539481?1627060773 第 1 次 获取到号码【1539481】GSD
2021-07-24 01:19:38 获取到号码【1539481】的GSD为【云南-德宏】
2021-07-24 01:19:56 GSD insert 第 1 次 等待 3 秒
2021-07-24 01:19:59 {"status":"ok","gid":371699,"msg":"添加成功！"}
2021-07-24 01:19:59 下次操作: 2021-07-24 01:20:22

2021-07-24 01:20:22 开始第 20 次操作

2021-07-24 01:20:22 开始操作号码 【1539480】
2021-07-24 01:20:25 GSD getOne 第 1 次 等待 3 秒
2021-07-24 01:20:28 查询号码 【1539480】，返回信息 {"status":"bad","msg":""}
2021-07-24 01:20:28 查询号码 【1539480】，GSD为【""】
2021-07-24 01:20:28 bad
2021-07-24 01:20:30 CHB 1539480?1627060828 第 1 次 等待 3 秒
2021-07-24 01:20:33 CHB 1539480?1627060828 第 1 次 获取到号码【1539480】GSD
2021-07-24 01:20:33 获取到号码【1539480】的GSD为【云南-德宏】
2021-07-24 01:20:51 GSD insert 第 1 次 等待 3 秒
2021-07-24 01:20:54 {"status":"ok","gid":371713,"msg":"添加成功！"}
2021-07-24 01:20:54 下次操作: 2021-07-24 01:21:08

2021-07-24 01:21:08 开始第 21 次操作

2021-07-24 01:21:08 开始操作号码 【1539479】
2021-07-24 01:21:12 GSD getOne 第 1 次 等待 3 秒
2021-07-24 01:21:15 查询号码 【1539479】，返回信息 {"status":"bad","msg":""}
2021-07-24 01:21:15 查询号码 【1539479】，GSD为【""】
2021-07-24 01:21:15 bad
2021-07-24 01:21:17 CHB 1539479?1627060875 第 1 次 等待 3 秒
2021-07-24 01:21:20 CHB 1539479?1627060875 第 1 次 获取到号码【1539479】GSD
2021-07-24 01:21:20 获取到号码【1539479】的GSD为【内蒙古-锡林郭勒盟】
2021-07-24 01:21:38 GSD insert 第 1 次 等待 3 秒
2021-07-24 01:21:41 {"status":"ok","gid":371723,"msg":"添加成功！"}
2021-07-24 01:21:41 下次操作: 2021-07-24 01:22:03

2021-07-24 01:22:03 开始第 22 次操作

2021-07-24 01:22:03 开始操作号码 【1539478】
2021-07-24 01:22:08 GSD getOne 第 1 次 等待 3 秒
2021-07-24 01:22:11 查询号码 【1539478】，返回信息 {"status":"bad","msg":""}
2021-07-24 01:22:11 查询号码 【1539478】，GSD为【""】
2021-07-24 01:22:11 bad
2021-07-24 01:22:14 CHB 1539478?1627060931 第 1 次 等待 3 秒
2021-07-24 01:22:17 CHB 1539478?1627060931 第 1 次 获取到号码【1539478】GSD
2021-07-24 01:22:17 获取到号码【1539478】的GSD为【内蒙古-巴彦淖尔】
2021-07-24 01:22:27 GSD insert 第 1 次 等待 3 秒
2021-07-24 01:22:30 {"status":"ok","gid":371734,"msg":"添加成功！"}
2021-07-24 01:22:30 下次操作: 2021-07-24 01:22:43

2021-07-24 01:22:43 开始第 23 次操作

2021-07-24 01:22:43 开始操作号码 【1539477】
2021-07-24 01:22:46 GSD getOne 第 1 次 等待 3 秒
2021-07-24 01:22:49 查询号码 【1539477】，返回信息 {"status":"bad","msg":""}
2021-07-24 01:22:49 查询号码 【1539477】，GSD为【""】
2021-07-24 01:22:49 bad
2021-07-24 01:22:51 CHB 1539477?1627060969 第 1 次 等待 3 秒
2021-07-24 01:22:54 CHB 1539477?1627060969 第 1 次 获取到号码【1539477】GSD
2021-07-24 01:22:54 获取到号码【1539477】的GSD为【内蒙古-鄂尔多斯】
2021-07-24 01:23:12 GSD insert 第 1 次 等待 3 秒
2021-07-24 01:23:15 {"status":"ok","gid":371741,"msg":"添加成功！"}
2021-07-24 01:23:15 下次操作: 2021-07-24 01:23:37

2021-07-24 01:23:37 开始第 24 次操作

2021-07-24 01:23:37 开始操作号码 【1539476】
2021-07-24 01:23:40 GSD getOne 第 1 次 等待 3 秒
2021-07-24 01:23:43 查询号码 【1539476】，返回信息 {"status":"bad","msg":""}
2021-07-24 01:23:43 查询号码 【1539476】，GSD为【""】
2021-07-24 01:23:43 bad
2021-07-24 01:23:44 CHB 1539476?1627061023 第 1 次 等待 3 秒
2021-07-24 01:23:47 CHB 1539476?1627061023 第 1 次 获取到号码【1539476】GSD
2021-07-24 01:23:47 获取到号码【1539476】的GSD为【内蒙古-赤峰】
2021-07-24 01:24:06 GSD insert 第 1 次 等待 3 秒
2021-07-24 01:24:09 {"status":"ok","gid":371751,"msg":"添加成功！"}
2021-07-24 01:24:09 下次操作: 2021-07-24 01:24:30

2021-07-24 01:24:30 开始第 25 次操作

2021-07-24 01:24:30 开始操作号码 【1539475】
2021-07-24 01:24:35 GSD getOne 第 1 次 等待 3 秒
2021-07-24 01:24:38 查询号码 【1539475】，返回信息 {"status":"bad","msg":""}
2021-07-24 01:24:38 查询号码 【1539475】，GSD为【""】
2021-07-24 01:24:38 bad
2021-07-24 01:24:40 CHB 1539475?1627061078 第 1 次 等待 3 秒
2021-07-24 01:24:43 CHB 1539475?1627061078 第 1 次 获取到号码【1539475】GSD
2021-07-24 01:24:43 获取到号码【1539475】的GSD为【内蒙古-通辽】
2021-07-24 01:25:06 GSD insert 第 1 次 等待 3 秒
2021-07-24 01:25:09 {"status":"ok","gid":371760,"msg":"添加成功！"}
2021-07-24 01:25:09 下次操作: 2021-07-24 01:25:31

2021-07-24 01:25:31 开始第 26 次操作

2021-07-24 01:25:31 开始操作号码 【1539474】
2021-07-24 01:25:35 GSD getOne 第 1 次 等待 3 秒
2021-07-24 01:25:38 查询号码 【1539474】，返回信息 {"status":"bad","msg":""}
2021-07-24 01:25:38 查询号码 【1539474】，GSD为【""】
2021-07-24 01:25:38 bad
2021-07-24 01:25:40 CHB 1539474?1627061138 第 1 次 等待 3 秒
2021-07-24 01:25:43 CHB 1539474?1627061138 第 1 次 获取到号码【1539474】GSD
2021-07-24 01:25:43 获取到号码【1539474】的GSD为【内蒙古-乌兰察布】
2021-07-24 01:26:05 GSD insert 第 1 次 等待 3 秒
2021-07-24 01:26:08 {"status":"ok","gid":371770,"msg":"添加成功！"}
2021-07-24 01:26:08 下次操作: 2021-07-24 01:26:24

2021-07-24 01:26:24 开始第 27 次操作

2021-07-24 01:26:24 开始操作号码 【1539473】
2021-07-24 01:26:27 GSD getOne 第 1 次 等待 3 秒
2021-07-24 01:26:30 查询号码 【1539473】，返回信息 {"status":"ok","msg":"内蒙古-乌海","gid":"21549","time_insert":"2017-09-11 18:16","time_update":"2020-12-16 13:07"}
2021-07-24 01:26:30 查询号码 【1539473】，GSD为【"内蒙古-乌海"】

2021-07-24 01:26:30 开始第 27 次操作

2021-07-24 01:26:30 开始操作号码 【1539472】
2021-07-24 01:26:48 GSD getOne 第 1 次 等待 3 秒
2021-07-24 01:26:51 查询号码 【1539472】，返回信息 {"status":"bad","msg":""}
2021-07-24 01:26:51 查询号码 【1539472】，GSD为【""】
2021-07-24 01:26:51 bad
2021-07-24 01:26:53 CHB 1539472?1627061211 第 1 次 等待 3 秒
2021-07-24 01:26:56 CHB 1539472?1627061211 第 1 次 获取到号码【1539472】GSD
2021-07-24 01:26:56 获取到号码【1539472】的GSD为【内蒙古-包头】
2021-07-24 01:27:14 GSD insert 第 1 次 等待 3 秒
2021-07-24 01:27:17 {"status":"ok","gid":371786,"msg":"添加成功！"}
2021-07-24 01:27:17 下次操作: 2021-07-24 01:27:38

2021-07-24 01:27:38 开始第 28 次操作

2021-07-24 01:27:38 开始操作号码 【1539471】
2021-07-24 01:27:41 GSD getOne 第 1 次 等待 3 秒
2021-07-24 01:27:44 查询号码 【1539471】，返回信息 {"status":"bad","msg":""}
2021-07-24 01:27:44 查询号码 【1539471】，GSD为【""】
2021-07-24 01:27:44 bad
2021-07-24 01:27:46 CHB 1539471?1627061264 第 1 次 等待 3 秒
2021-07-24 01:27:49 CHB 1539471?1627061264 第 1 次 获取到号码【1539471】GSD
2021-07-24 01:27:49 获取到号码【1539471】的GSD为【内蒙古-呼和浩特】
2021-07-24 01:28:07 GSD insert 第 1 次 等待 3 秒
2021-07-24 01:28:10 {"status":"ok","gid":371794,"msg":"添加成功！"}
2021-07-24 01:28:10 下次操作: 2021-07-24 01:28:30

2021-07-24 01:28:30 开始第 29 次操作

2021-07-24 01:28:30 开始操作号码 【1539470】
2021-07-24 01:28:35 GSD getOne 第 1 次 等待 3 秒
2021-07-24 01:28:38 查询号码 【1539470】，返回信息 {"status":"bad","msg":""}
2021-07-24 01:28:38 查询号码 【1539470】，GSD为【""】
2021-07-24 01:28:38 bad
2021-07-24 01:28:41 CHB 1539470?1627061318 第 1 次 等待 3 秒
2021-07-24 01:28:44 CHB 1539470?1627061318 第 1 次 获取到号码【1539470】GSD
2021-07-24 01:28:44 获取到号码【1539470】的GSD为【内蒙古-呼伦贝尔】
2021-07-24 01:28:54 GSD insert 第 1 次 等待 3 秒
2021-07-24 01:28:57 {"status":"ok","gid":371803,"msg":"添加成功！"}
2021-07-24 01:28:57 下次操作: 2021-07-24 01:29:15

2021-07-24 01:29:15 开始第 30 次操作

2021-07-24 01:29:15 开始操作号码 【1539469】
2021-07-24 01:29:18 GSD getOne 第 1 次 等待 3 秒
2021-07-24 01:29:21 查询号码 【1539469】，返回信息 {"status":"bad","msg":""}
2021-07-24 01:29:21 查询号码 【1539469】，GSD为【""】
2021-07-24 01:29:21 bad
2021-07-24 01:29:22 CHB 1539469?1627061361 第 1 次 等待 3 秒
2021-07-24 01:29:25 CHB 1539469?1627061361 第 1 次 获取到号码【1539469】GSD
2021-07-24 01:29:25 获取到号码【1539469】的GSD为【江苏-盐城】
2021-07-24 01:29:46 GSD insert 第 1 次 等待 3 秒
2021-07-24 01:29:49 {"status":"ok","gid":371813,"msg":"添加成功！"}
2021-07-24 01:29:49 下次操作: 2021-07-24 01:30:05

2021-07-24 01:30:05 开始第 31 次操作

2021-07-24 01:30:05 开始操作号码 【1539468】
2021-07-24 01:30:07 GSD getOne 第 1 次 等待 3 秒
2021-07-24 01:30:10 查询号码 【1539468】，返回信息 {"status":"bad","msg":""}
2021-07-24 01:30:11 查询号码 【1539468】，GSD为【""】
2021-07-24 01:30:11 bad
2021-07-24 01:30:12 CHB 1539468?1627061411 第 1 次 等待 3 秒
2021-07-24 01:30:15 CHB 1539468?1627061411 第 1 次 获取到号码【1539468】GSD
2021-07-24 01:30:15 获取到号码【1539468】的GSD为【江苏-盐城】
2021-07-24 01:30:33 GSD insert 第 1 次 等待 3 秒
2021-07-24 01:30:36 {"status":"ok","gid":371822,"msg":"添加成功！"}
2021-07-24 01:30:36 下次操作: 2021-07-24 01:30:52

2021-07-24 01:30:52 开始第 32 次操作

2021-07-24 01:30:52 开始操作号码 【1539467】
2021-07-24 01:30:57 GSD getOne 第 1 次 等待 3 秒
2021-07-24 01:31:00 查询号码 【1539467】，返回信息 {"status":"bad","msg":""}
2021-07-24 01:31:00 查询号码 【1539467】，GSD为【""】
2021-07-24 01:31:00 bad
2021-07-24 01:31:02 CHB 1539467?1627061460 第 1 次 等待 3 秒
2021-07-24 01:31:05 CHB 1539467?1627061460 第 1 次 获取到号码【1539467】GSD
2021-07-24 01:31:05 获取到号码【1539467】的GSD为【江苏-盐城】
2021-07-24 01:31:25 GSD insert 第 1 次 等待 3 秒
2021-07-24 01:31:28 {"status":"ok","gid":371828,"msg":"添加成功！"}
2021-07-24 01:31:28 下次操作: 2021-07-24 01:31:47

2021-07-24 01:31:47 开始第 33 次操作

2021-07-24 01:31:47 开始操作号码 【1539466】
2021-07-24 01:31:49 GSD getOne 第 1 次 等待 3 秒
2021-07-24 01:31:52 查询号码 【1539466】，返回信息 {"status":"bad","msg":""}
2021-07-24 01:31:52 查询号码 【1539466】，GSD为【""】
2021-07-24 01:31:52 bad
2021-07-24 01:31:54 CHB 1539466?1627061512 第 1 次 等待 3 秒
2021-07-24 01:31:57 CHB 1539466?1627061512 第 1 次 获取到号码【1539466】GSD
2021-07-24 01:31:57 获取到号码【1539466】的GSD为【江苏-盐城】
2021-07-24 01:32:18 GSD insert 第 1 次 等待 3 秒
2021-07-24 01:32:21 {"status":"ok","gid":371836,"msg":"添加成功！"}
2021-07-24 01:32:21 下次操作: 2021-07-24 01:32:45

2021-07-24 01:32:45 开始第 34 次操作

2021-07-24 01:32:45 开始操作号码 【1539465】
2021-07-24 01:32:48 GSD getOne 第 1 次 等待 3 秒
2021-07-24 01:32:51 查询号码 【1539465】，返回信息 {"status":"bad","msg":""}
2021-07-24 01:32:51 查询号码 【1539465】，GSD为【""】
2021-07-24 01:32:51 bad
2021-07-24 01:32:53 CHB 1539465?1627061571 第 1 次 等待 3 秒
2021-07-24 01:32:56 CHB 1539465?1627061571 第 1 次 获取到号码【1539465】GSD
2021-07-24 01:32:56 获取到号码【1539465】的GSD为【江苏-连云港】
2021-07-24 01:33:14 GSD insert 第 1 次 等待 3 秒
2021-07-24 01:33:17 {"status":"ok","gid":371844,"msg":"添加成功！"}
2021-07-24 01:33:17 下次操作: 2021-07-24 01:33:35

2021-07-24 01:33:35 开始第 35 次操作

2021-07-24 01:33:35 开始操作号码 【1539464】
2021-07-24 01:33:38 GSD getOne 第 1 次 等待 3 秒
2021-07-24 01:33:41 查询号码 【1539464】，返回信息 {"status":"bad","msg":""}
2021-07-24 01:33:41 查询号码 【1539464】，GSD为【""】
2021-07-24 01:33:41 bad
2021-07-24 01:33:43 CHB 1539464?1627061621 第 1 次 等待 3 秒
2021-07-24 01:33:46 CHB 1539464?1627061621 第 1 次 获取到号码【1539464】GSD
2021-07-24 01:33:46 获取到号码【1539464】的GSD为【江苏-连云港】
2021-07-24 01:34:04 GSD insert 第 1 次 等待 3 秒
2021-07-24 01:34:07 {"status":"ok","gid":371852,"msg":"添加成功！"}
2021-07-24 01:34:07 下次操作: 2021-07-24 01:34:24

2021-07-24 01:34:24 开始第 36 次操作

2021-07-24 01:34:24 开始操作号码 【1539463】
2021-07-24 01:34:29 GSD getOne 第 1 次 等待 3 秒
2021-07-24 01:34:32 查询号码 【1539463】，返回信息 {"status":"bad","msg":""}
2021-07-24 01:34:32 查询号码 【1539463】，GSD为【""】
2021-07-24 01:34:32 bad
2021-07-24 01:34:34 CHB 1539463?1627061672 第 1 次 等待 3 秒
2021-07-24 01:34:37 CHB 1539463?1627061672 第 1 次 获取到号码【1539463】GSD
2021-07-24 01:34:37 获取到号码【1539463】的GSD为【江苏-扬州】
2021-07-24 01:34:57 GSD insert 第 1 次 等待 3 秒
2021-07-24 01:35:00 {"status":"ok","gid":371861,"msg":"添加成功！"}
2021-07-24 01:35:00 下次操作: 2021-07-24 01:35:23

2021-07-24 01:35:23 开始第 37 次操作

2021-07-24 01:35:23 开始操作号码 【1539462】
2021-07-24 01:35:28 GSD getOne 第 1 次 等待 3 秒
2021-07-24 01:35:31 查询号码 【1539462】，返回信息 {"status":"bad","msg":""}
2021-07-24 01:35:31 查询号码 【1539462】，GSD为【""】
2021-07-24 01:35:31 bad
2021-07-24 01:35:33 CHB 1539462?1627061731 第 1 次 等待 3 秒
2021-07-24 01:35:36 CHB 1539462?1627061731 第 1 次 获取到号码【1539462】GSD
2021-07-24 01:35:36 获取到号码【1539462】的GSD为【江苏-淮安】
2021-07-24 01:35:54 GSD insert 第 1 次 等待 3 秒
2021-07-24 01:35:57 {"status":"ok","gid":371868,"msg":"添加成功！"}
2021-07-24 01:35:57 下次操作: 2021-07-24 01:36:14

2021-07-24 01:36:14 开始第 38 次操作

2021-07-24 01:36:14 开始操作号码 【1539461】
2021-07-24 01:36:17 GSD getOne 第 1 次 等待 3 秒
2021-07-24 01:36:20 查询号码 【1539461】，返回信息 {"status":"bad","msg":""}
2021-07-24 01:36:20 查询号码 【1539461】，GSD为【""】
2021-07-24 01:36:20 bad
2021-07-24 01:36:22 CHB 1539461?1627061780 第 1 次 等待 3 秒
2021-07-24 01:36:25 CHB 1539461?1627061780 第 1 次 获取到号码【1539461】GSD
2021-07-24 01:36:25 获取到号码【1539461】的GSD为【江苏-淮安】
2021-07-24 01:36:45 GSD insert 第 1 次 等待 3 秒
2021-07-24 01:36:48 {"status":"ok","gid":371875,"msg":"添加成功！"}
2021-07-24 01:36:48 下次操作: 2021-07-24 01:37:08

2021-07-24 01:37:08 开始第 39 次操作

2021-07-24 01:37:08 开始操作号码 【1539460】
2021-07-24 01:37:10 GSD getOne 第 1 次 等待 3 秒
2021-07-24 01:37:13 查询号码 【1539460】，返回信息 {"status":"bad","msg":""}
2021-07-24 01:37:14 查询号码 【1539460】，GSD为【""】
2021-07-24 01:37:14 bad
2021-07-24 01:37:15 CHB 1539460?1627061834 第 1 次 等待 3 秒
2021-07-24 01:37:18 CHB 1539460?1627061834 第 1 次 获取到号码【1539460】GSD
2021-07-24 01:37:18 获取到号码【1539460】的GSD为【江苏-徐州】
2021-07-24 01:37:37 GSD insert 第 1 次 等待 3 秒
2021-07-24 01:37:40 {"status":"ok","gid":371885,"msg":"添加成功！"}
2021-07-24 01:37:40 下次操作: 2021-07-24 01:37:58

2021-07-24 01:37:58 开始第 40 次操作

2021-07-24 01:37:58 开始操作号码 【1539459】
2021-07-24 01:38:00 GSD getOne 第 1 次 等待 3 秒
2021-07-24 01:38:03 查询号码 【1539459】，返回信息 {"status":"bad","msg":""}
2021-07-24 01:38:03 查询号码 【1539459】，GSD为【""】
2021-07-24 01:38:03 bad
2021-07-24 01:38:05 CHB 1539459?1627061883 第 1 次 等待 3 秒
2021-07-24 01:38:08 CHB 1539459?1627061883 第 1 次 获取到号码【1539459】GSD
2021-07-24 01:38:08 获取到号码【1539459】的GSD为【福建-三明】
2021-07-24 01:38:26 GSD insert 第 1 次 等待 3 秒
2021-07-24 01:38:29 {"status":"ok","gid":371892,"msg":"添加成功！"}

