2024-03-25 00:09:58 开始第 87 次操作
2024-03-25 00:09:58 号码【177（0000 ---> 9999）】处理完毕
2024-03-25 00:33:03 开始第 87 次操作
2024-03-25 00:33:03 号码【177（0000 ---> 9999）】处理完毕
2024-03-25 01:08:19 开始第 87 次操作
2024-03-25 01:08:19 号码【177（0000 ---> 9999）】处理完毕
2024-03-25 01:34:17 开始第 87 次操作
2024-03-25 01:34:17 号码【177（0000 ---> 9999）】处理完毕
2024-03-25 02:12:47 开始第 87 次操作
2024-03-25 02:12:47 号码【177（0000 ---> 9999）】处理完毕
2024-03-25 02:33:21 开始第 87 次操作
2024-03-25 02:33:21 号码【177（0000 ---> 9999）】处理完毕
2024-03-25 03:08:32 开始第 87 次操作
2024-03-25 03:08:32 号码【177（0000 ---> 9999）】处理完毕
2024-03-25 03:32:46 开始第 87 次操作
2024-03-25 03:32:46 号码【177（0000 ---> 9999）】处理完毕
2024-03-25 04:08:32 开始第 87 次操作
2024-03-25 04:08:32 号码【177（0000 ---> 9999）】处理完毕
2024-03-25 04:34:33 开始第 87 次操作
2024-03-25 04:34:33 号码【177（0000 ---> 9999）】处理完毕
2024-03-25 05:07:02 开始第 87 次操作
2024-03-25 05:07:02 号码【177（0000 ---> 9999）】处理完毕
2024-03-25 05:32:58 开始第 87 次操作
2024-03-25 05:32:58 号码【177（0000 ---> 9999）】处理完毕
2024-03-25 06:09:38 开始第 87 次操作
2024-03-25 06:09:38 号码【177（0000 ---> 9999）】处理完毕
2024-03-25 06:33:33 开始第 87 次操作
2024-03-25 06:33:33 号码【177（0000 ---> 9999）】处理完毕
2024-03-25 07:10:04 开始第 87 次操作
2024-03-25 07:10:04 号码【177（0000 ---> 9999）】处理完毕
2024-03-25 07:33:18 开始第 87 次操作
2024-03-25 07:33:18 号码【177（0000 ---> 9999）】处理完毕
2024-03-25 08:41:28 开始第 87 次操作
2024-03-25 08:41:28 号码【177（0000 ---> 9999）】处理完毕
2024-03-25 09:43:19 开始第 87 次操作
2024-03-25 09:43:19 号码【177（0000 ---> 9999）】处理完毕
2024-03-25 10:18:14 开始第 87 次操作
2024-03-25 10:18:14 号码【177（0000 ---> 9999）】处理完毕
2024-03-25 10:35:39 开始第 87 次操作
2024-03-25 10:35:39 号码【177（0000 ---> 9999）】处理完毕
2024-03-25 11:11:31 开始第 87 次操作
2024-03-25 11:11:31 号码【177（0000 ---> 9999）】处理完毕
2024-03-25 11:33:05 开始第 87 次操作
2024-03-25 11:33:05 号码【177（0000 ---> 9999）】处理完毕
2024-03-25 12:11:45 开始第 87 次操作
2024-03-25 12:11:45 号码【177（0000 ---> 9999）】处理完毕
2024-03-25 12:33:50 开始第 87 次操作
2024-03-25 12:33:50 号码【177（0000 ---> 9999）】处理完毕
2024-03-25 13:09:12 开始第 87 次操作
2024-03-25 13:09:12 号码【177（0000 ---> 9999）】处理完毕
2024-03-25 13:32:59 开始第 87 次操作
2024-03-25 13:32:59 号码【177（0000 ---> 9999）】处理完毕
2024-03-25 13:58:11 开始第 87 次操作

2024-03-25 13:58:11 开始操作号码 【1660001】
2024-03-25 13:58:16 GSD getOne 第 1 次 等待 3 秒
2024-03-25 13:58:19 查询号码 【1660001】，返回信息 {"status":"ok","msg":"北京-北京","gid":"112826","time_insert":"2021-06-22 09:56"}
2024-03-25 13:58:19 查询号码 【1660001】，GSD为【"北京-北京"】

2024-03-25 13:58:20 开始第 88 次操作

2024-03-25 13:58:20 开始操作号码 【1660002】
2024-03-25 13:58:25 GSD getOne 第 1 次 等待 3 秒
2024-03-25 13:58:28 查询号码 【1660002】，返回信息 {"status":"ok","msg":"北京-北京","gid":"112829","time_insert":"2021-06-22 09:57"}
2024-03-25 13:58:28 查询号码 【1660002】，GSD为【"北京-北京"】

2024-03-25 14:12:37 开始第 89 次操作

2024-03-25 14:12:37 开始操作号码 【1660003】
2024-03-25 14:12:43 GSD getOne 第 1 次 等待 3 秒
2024-03-25 14:12:46 查询号码 【1660003】，返回信息 {"status":"ok","msg":"北京-北京","gid":"112830","time_insert":"2021-06-22 09:58"}
2024-03-25 14:12:46 查询号码 【1660003】，GSD为【"北京-北京"】

2024-03-25 14:12:47 开始第 90 次操作

2024-03-25 14:12:47 开始操作号码 【1660004】
2024-03-25 14:12:52 GSD getOne 第 1 次 等待 3 秒
2024-03-25 14:12:55 查询号码 【1660004】，返回信息 {"status":"ok","msg":"北京-北京","gid":"112832","time_insert":"2021-06-22 09:59"}
2024-03-25 14:12:55 查询号码 【1660004】，GSD为【"北京-北京"】

2024-03-25 14:12:56 开始第 91 次操作

2024-03-25 14:12:56 开始操作号码 【1660005】
2024-03-25 14:13:01 GSD getOne 第 1 次 等待 3 秒
2024-03-25 14:13:04 查询号码 【1660005】，返回信息 {"status":"ok","msg":"北京-北京","gid":"112836","time_insert":"2021-06-22 10:00"}
2024-03-25 14:13:04 查询号码 【1660005】，GSD为【"北京-北京"】

2024-03-25 14:13:05 开始第 92 次操作

2024-03-25 14:13:05 开始操作号码 【1660006】
2024-03-25 14:13:10 GSD getOne 第 1 次 等待 3 秒
2024-03-25 14:13:13 查询号码 【1660006】，返回信息 {"status":"ok","msg":"北京-北京","gid":"112837","time_insert":"2021-06-22 10:00"}
2024-03-25 14:13:13 查询号码 【1660006】，GSD为【"北京-北京"】

2024-03-25 14:35:20 开始第 93 次操作

2024-03-25 14:35:20 开始操作号码 【1660007】
2024-03-25 14:35:25 GSD getOne 第 1 次 等待 3 秒
2024-03-25 14:35:28 查询号码 【1660007】，返回信息 {"status":"ok","msg":"北京-北京","gid":"112843","time_insert":"2021-06-22 10:01"}
2024-03-25 14:35:28 查询号码 【1660007】，GSD为【"北京-北京"】

2024-03-25 14:35:29 开始第 94 次操作

2024-03-25 14:35:29 开始操作号码 【1660008】
2024-03-25 14:35:35 GSD getOne 第 1 次 等待 3 秒
2024-03-25 14:35:38 查询号码 【1660008】，返回信息 {"status":"ok","msg":"北京-北京","gid":"112845","time_insert":"2021-06-22 10:02"}
2024-03-25 14:35:38 查询号码 【1660008】，GSD为【"北京-北京"】

2024-03-25 14:35:39 开始第 95 次操作

2024-03-25 14:35:39 开始操作号码 【1660009】
2024-03-25 14:35:43 GSD getOne 第 1 次 等待 3 秒
2024-03-25 14:35:46 查询号码 【1660009】，返回信息 {"status":"ok","msg":"北京-北京","gid":"112847","time_insert":"2021-06-22 10:03"}
2024-03-25 14:35:47 查询号码 【1660009】，GSD为【"北京-北京"】

2024-03-25 14:35:48 开始第 96 次操作

2024-03-25 14:35:48 开始操作号码 【1660010】
2024-03-25 14:35:52 GSD getOne 第 1 次 等待 3 秒
2024-03-25 14:35:55 查询号码 【1660010】，返回信息 {"status":"ok","msg":"北京-北京","gid":"112851","time_insert":"2021-06-22 10:04"}
2024-03-25 14:35:55 查询号码 【1660010】，GSD为【"北京-北京"】

2024-03-25 15:08:50 开始第 97 次操作

2024-03-25 15:08:50 开始操作号码 【1660011】
2024-03-25 15:08:56 GSD getOne 第 1 次 等待 3 秒
2024-03-25 15:08:59 查询号码 【1660011】，返回信息 {"status":"ok","msg":"北京-北京","gid":"112853","time_insert":"2021-06-22 10:05"}
2024-03-25 15:08:59 查询号码 【1660011】，GSD为【"北京-北京"】

2024-03-25 15:09:00 开始第 98 次操作

2024-03-25 15:09:00 开始操作号码 【1660012】
2024-03-25 15:09:04 GSD getOne 第 1 次 等待 3 秒
2024-03-25 15:09:07 查询号码 【1660012】，返回信息 {"status":"ok","msg":"北京-北京","gid":"112854","time_insert":"2021-06-22 10:05"}
2024-03-25 15:09:08 查询号码 【1660012】，GSD为【"北京-北京"】

2024-03-25 15:09:09 开始第 99 次操作

2024-03-25 15:09:09 开始操作号码 【1660013】
2024-03-25 15:09:13 GSD getOne 第 1 次 等待 3 秒
2024-03-25 15:09:16 查询号码 【1660013】，返回信息 {"status":"ok","msg":"北京-北京","gid":"112857","time_insert":"2021-06-22 10:06"}
2024-03-25 15:09:16 查询号码 【1660013】，GSD为【"北京-北京"】

2024-03-25 15:09:17 开始第 100 次操作

2024-03-25 15:09:17 开始操作号码 【1660014】
2024-03-25 15:09:21 GSD getOne 第 1 次 等待 3 秒
2024-03-25 15:09:24 查询号码 【1660014】，返回信息 {"status":"ok","msg":"北京-北京","gid":"112859","time_insert":"2021-06-22 10:07"}
2024-03-25 15:09:25 查询号码 【1660014】，GSD为【"北京-北京"】

