2023-12-27 00:10:30 开始第 5513 次操作

2023-12-27 00:10:30 开始操作号码 【1885426】
2023-12-27 00:10:35 GSD getOne 第 1 次 等待 3 秒
2023-12-27 00:10:38 查询号码 【1885426】，返回信息 {"status":"ok","msg":"山东-青岛","gid":"457900","time_insert":"2021-07-31 16:42"}
2023-12-27 00:10:38 查询号码 【1885426】，GSD为【"山东-青岛"】

2023-12-27 00:10:39 开始第 5514 次操作

2023-12-27 00:10:39 开始操作号码 【1885427】
2023-12-27 00:10:44 GSD getOne 第 1 次 等待 3 秒
2023-12-27 00:10:47 查询号码 【1885427】，返回信息 {"status":"ok","msg":"山东-青岛","gid":"457890","time_insert":"2021-07-31 16:41"}
2023-12-27 00:10:47 查询号码 【1885427】，GSD为【"山东-青岛"】

2023-12-27 00:10:48 开始第 5515 次操作

2023-12-27 00:10:48 开始操作号码 【1885428】
2023-12-27 00:10:51 GSD getOne 第 1 次 等待 3 秒
2023-12-27 00:10:54 查询号码 【1885428】，返回信息 {"status":"ok","msg":"山东-青岛","gid":"457789","time_insert":"2021-07-31 16:13"}
2023-12-27 00:10:54 查询号码 【1885428】，GSD为【"山东-青岛"】

2023-12-27 00:10:55 开始第 5516 次操作

2023-12-27 00:10:55 开始操作号码 【1885429】
2023-12-27 00:10:59 GSD getOne 第 1 次 等待 3 秒
2023-12-27 00:11:02 查询号码 【1885429】，返回信息 {"status":"ok","msg":"山东-青岛","gid":"457784","time_insert":"2021-07-31 16:12"}
2023-12-27 00:11:02 查询号码 【1885429】，GSD为【"山东-青岛"】

2023-12-27 00:37:12 开始第 5517 次操作

2023-12-27 00:37:12 开始操作号码 【1885430】
2023-12-27 00:37:17 GSD getOne 第 1 次 等待 3 秒
2023-12-27 00:37:20 查询号码 【1885430】，返回信息 {"status":"ok","msg":"山东-滨州","gid":"457780","time_insert":"2021-07-31 16:11"}
2023-12-27 00:37:20 查询号码 【1885430】，GSD为【"山东-滨州"】

2023-12-27 00:37:21 开始第 5518 次操作

2023-12-27 00:37:21 开始操作号码 【1885431】
2023-12-27 00:37:25 GSD getOne 第 1 次 等待 3 秒
2023-12-27 00:37:28 查询号码 【1885431】，返回信息 {"status":"ok","msg":"山东-滨州","gid":"457771","time_insert":"2021-07-31 16:10"}
2023-12-27 00:37:28 查询号码 【1885431】，GSD为【"山东-滨州"】

2023-12-27 00:37:29 开始第 5519 次操作

2023-12-27 00:37:29 开始操作号码 【1885432】
2023-12-27 00:37:33 GSD getOne 第 1 次 等待 3 秒
2023-12-27 00:37:36 查询号码 【1885432】，返回信息 {"status":"ok","msg":"山东-滨州","gid":"457765","time_insert":"2021-07-31 16:09"}
2023-12-27 00:37:36 查询号码 【1885432】，GSD为【"山东-滨州"】

2023-12-27 00:37:37 开始第 5520 次操作

2023-12-27 00:37:37 开始操作号码 【1885433】
2023-12-27 00:37:41 GSD getOne 第 1 次 等待 3 秒
2023-12-27 00:37:44 查询号码 【1885433】，返回信息 {"status":"ok","msg":"山东-滨州","gid":"457757","time_insert":"2021-07-31 16:08"}
2023-12-27 00:37:44 查询号码 【1885433】，GSD为【"山东-滨州"】

2023-12-27 01:07:58 开始第 5521 次操作

2023-12-27 01:07:58 开始操作号码 【1885434】
2023-12-27 01:08:02 GSD getOne 第 1 次 等待 3 秒
2023-12-27 01:08:05 查询号码 【1885434】，返回信息 {"status":"ok","msg":"山东-滨州","gid":"457749","time_insert":"2021-07-31 16:07"}
2023-12-27 01:08:05 查询号码 【1885434】，GSD为【"山东-滨州"】

2023-12-27 01:08:06 开始第 5522 次操作

2023-12-27 01:08:06 开始操作号码 【1885435】
2023-12-27 01:08:10 GSD getOne 第 1 次 等待 3 秒
2023-12-27 01:08:13 查询号码 【1885435】，返回信息 {"status":"ok","msg":"山东-滨州","gid":"457743","time_insert":"2021-07-31 16:06"}
2023-12-27 01:08:13 查询号码 【1885435】，GSD为【"山东-滨州"】

2023-12-27 01:08:14 开始第 5523 次操作

2023-12-27 01:08:14 开始操作号码 【1885436】
2023-12-27 01:08:18 GSD getOne 第 1 次 等待 3 秒
2023-12-27 01:08:21 查询号码 【1885436】，返回信息 {"status":"ok","msg":"山东-滨州","gid":"457737","time_insert":"2021-07-31 16:05"}
2023-12-27 01:08:21 查询号码 【1885436】，GSD为【"山东-滨州"】

2023-12-27 01:08:22 开始第 5524 次操作

2023-12-27 01:08:22 开始操作号码 【1885437】
2023-12-27 01:08:25 GSD getOne 第 1 次 等待 3 秒
2023-12-27 01:08:28 查询号码 【1885437】，返回信息 {"status":"ok","msg":"山东-滨州","gid":"457729","time_insert":"2021-07-31 16:05"}
2023-12-27 01:08:28 查询号码 【1885437】，GSD为【"山东-滨州"】

2023-12-27 01:33:11 开始第 5525 次操作

2023-12-27 01:33:11 开始操作号码 【1885438】
2023-12-27 01:33:16 GSD getOne 第 1 次 等待 3 秒
2023-12-27 01:33:19 查询号码 【1885438】，返回信息 {"status":"ok","msg":"山东-滨州","gid":"457721","time_insert":"2021-07-31 16:04"}
2023-12-27 01:33:19 查询号码 【1885438】，GSD为【"山东-滨州"】

2023-12-27 01:33:20 开始第 5526 次操作

2023-12-27 01:33:20 开始操作号码 【1885439】
2023-12-27 01:33:24 GSD getOne 第 1 次 等待 3 秒
2023-12-27 01:33:27 查询号码 【1885439】，返回信息 {"status":"ok","msg":"山东-滨州","gid":"457711","time_insert":"2021-07-31 16:03"}
2023-12-27 01:33:27 查询号码 【1885439】，GSD为【"山东-滨州"】

2023-12-27 01:33:28 开始第 5527 次操作

2023-12-27 01:33:28 开始操作号码 【1885440】
2023-12-27 01:33:31 GSD getOne 第 1 次 等待 3 秒
2023-12-27 01:33:34 查询号码 【1885440】，返回信息 {"status":"ok","msg":"山东-临沂","gid":"457703","time_insert":"2021-07-31 16:02"}
2023-12-27 01:33:34 查询号码 【1885440】，GSD为【"山东-临沂"】

2023-12-27 01:33:35 开始第 5528 次操作

2023-12-27 01:33:35 开始操作号码 【1885441】
2023-12-27 01:33:39 GSD getOne 第 1 次 等待 3 秒
2023-12-27 01:33:42 查询号码 【1885441】，返回信息 {"status":"ok","msg":"山东-临沂","gid":"50927","time_insert":"2021-04-21 18:05"}
2023-12-27 01:33:42 查询号码 【1885441】，GSD为【"山东-临沂"】

