2024-11-11 00:12:28 开始第 4317 次操作

2024-11-11 00:12:28 开始操作号码 【1334316】
2024-11-11 00:12:29 GSD getOne 第 1 次 等待 3 秒
2024-11-11 00:12:32 查询号码 【1334316】，返回信息 {"status":"ok","msg":"河北-廊坊","gid":"180212","time_insert":"2021-07-03 09:45"}
2024-11-11 00:12:32 查询号码 【1334316】，GSD为【"河北-廊坊"】

2024-11-11 00:12:33 开始第 4318 次操作

2024-11-11 00:12:33 开始操作号码 【1334317】
2024-11-11 00:12:34 GSD getOne 第 1 次 等待 3 秒
2024-11-11 00:12:37 查询号码 【1334317】，返回信息 {"status":"ok","msg":"河北-沧州","gid":"180261","time_insert":"2021-07-03 10:08"}
2024-11-11 00:12:37 查询号码 【1334317】，GSD为【"河北-沧州"】

2024-11-11 00:12:38 开始第 4319 次操作

2024-11-11 00:12:38 开始操作号码 【1334318】
2024-11-11 00:12:39 GSD getOne 第 1 次 等待 3 秒
2024-11-11 00:12:42 查询号码 【1334318】，返回信息 {"status":"ok","msg":"河北-衡水","gid":"180431","time_insert":"2021-07-03 10:22"}
2024-11-11 00:12:42 查询号码 【1334318】，GSD为【"河北-衡水"】

2024-11-11 00:12:43 开始第 4320 次操作

2024-11-11 00:12:43 开始操作号码 【1334319】
2024-11-11 00:12:44 GSD getOne 第 1 次 等待 3 秒
2024-11-11 00:12:48 查询号码 【1334319】，返回信息 {"status":"ok","msg":"河北-邢台","gid":"180545","time_insert":"2021-07-03 10:37"}
2024-11-11 00:12:48 查询号码 【1334319】，GSD为【"河北-邢台"】

