2023-10-28 00:10:40 开始第 5613 次操作

2023-10-28 00:10:40 开始操作号码 【1985526】
2023-10-28 00:10:43 GSD getOne 第 1 次 等待 3 秒
2023-10-28 00:10:46 查询号码 【1985526】，返回信息 {"status":"ok","msg":"安徽-宣城","gid":"511361","time_insert":"2021-08-15 15:24"}
2023-10-28 00:10:46 查询号码 【1985526】，GSD为【"安徽-宣城"】

2023-10-28 00:10:47 开始第 5614 次操作

2023-10-28 00:10:47 开始操作号码 【1985527】
2023-10-28 00:10:50 GSD getOne 第 1 次 等待 3 秒
2023-10-28 00:10:53 查询号码 【1985527】，返回信息 {"status":"ok","msg":"安徽-宣城","gid":"511381","time_insert":"2021-08-15 15:37"}
2023-10-28 00:10:53 查询号码 【1985527】，GSD为【"安徽-宣城"】

2023-10-28 00:10:54 开始第 5615 次操作

2023-10-28 00:10:54 开始操作号码 【1985528】
2023-10-28 00:11:03 GSD getOne 第 1 次 等待 3 秒
2023-10-28 00:11:06 查询号码 【1985528】，返回信息 {"status":"ok","msg":"安徽-宣城","gid":"511403","time_insert":"2021-08-15 15:51"}
2023-10-28 00:11:06 查询号码 【1985528】，GSD为【"安徽-宣城"】

2023-10-28 00:11:08 开始第 5616 次操作

2023-10-28 00:11:08 开始操作号码 【1985529】
2023-10-28 00:11:17 GSD getOne 第 1 次 等待 3 秒
2023-10-28 00:11:20 查询号码 【1985529】，返回信息 {"status":"ok","msg":"安徽-蚌埠","gid":"511421","time_insert":"2021-08-15 16:03"}
2023-10-28 00:11:20 查询号码 【1985529】，GSD为【"安徽-蚌埠"】

