2023-10-01 00:09:30 开始第 853 次操作

2023-10-01 00:09:30 开始操作号码 【1980852】
2023-10-01 00:09:36 GSD getOne 第 1 次 等待 3 秒
2023-10-01 00:09:39 查询号码 【1980852】，返回信息 {"status":"ok","msg":"贵州-遵义","gid":"464706","time_insert":"2021-08-01 06:41"}
2023-10-01 00:09:39 查询号码 【1980852】，GSD为【"贵州-遵义"】

2023-10-01 00:09:40 开始第 854 次操作

2023-10-01 00:09:40 开始操作号码 【1980853】
2023-10-01 00:09:43 GSD getOne 第 1 次 等待 3 秒
2023-10-01 00:09:46 查询号码 【1980853】，返回信息 {"status":"ok","msg":"贵州-安顺","gid":"464811","time_insert":"2021-08-01 06:48"}
2023-10-01 00:09:46 查询号码 【1980853】，GSD为【"贵州-安顺"】

2023-10-01 00:09:47 开始第 855 次操作

2023-10-01 00:09:47 开始操作号码 【1980854】
2023-10-01 00:09:54 GSD getOne 第 1 次 等待 3 秒
2023-10-01 00:09:57 查询号码 【1980854】，返回信息 {"status":"ok","msg":"贵州-黔南","gid":"464864","time_insert":"2021-08-01 06:52"}
2023-10-01 00:09:58 查询号码 【1980854】，GSD为【"贵州-黔南"】

2023-10-01 00:09:59 开始第 856 次操作

2023-10-01 00:09:59 开始操作号码 【1980855】
2023-10-01 00:10:00 GSD getOne 第 1 次 等待 3 秒
2023-10-01 00:10:03 查询号码 【1980855】，返回信息 {"status":"ok","msg":"贵州-黔东南","gid":"464975","time_insert":"2021-08-01 06:59"}
2023-10-01 00:10:03 查询号码 【1980855】，GSD为【"贵州-黔东南"】

2023-10-01 00:33:46 开始第 857 次操作

2023-10-01 00:33:46 开始操作号码 【1980856】
2023-10-01 00:33:51 GSD getOne 第 1 次 等待 3 秒
2023-10-01 00:33:54 查询号码 【1980856】，返回信息 {"status":"ok","msg":"贵州-铜仁","gid":"465016","time_insert":"2021-08-01 07:01"}
2023-10-01 00:33:54 查询号码 【1980856】，GSD为【"贵州-铜仁"】

2023-10-01 00:33:55 开始第 858 次操作

2023-10-01 00:33:55 开始操作号码 【1980857】
2023-10-01 00:34:02 GSD getOne 第 1 次 等待 3 秒
2023-10-01 00:34:05 查询号码 【1980857】，返回信息 {"status":"ok","msg":"贵州-毕节","gid":"465081","time_insert":"2021-08-01 07:09"}
2023-10-01 00:34:05 查询号码 【1980857】，GSD为【"贵州-毕节"】

2023-10-01 00:34:06 开始第 859 次操作

2023-10-01 00:34:06 开始操作号码 【1980858】
2023-10-01 00:34:08 GSD getOne 第 1 次 等待 3 秒
2023-10-01 00:34:11 查询号码 【1980858】，返回信息 {"status":"ok","msg":"贵州-六盘水","gid":"465092","time_insert":"2021-08-01 07:12"}
2023-10-01 00:34:11 查询号码 【1980858】，GSD为【"贵州-六盘水"】

2023-10-01 00:34:12 开始第 860 次操作

2023-10-01 00:34:12 开始操作号码 【1980859】
2023-10-01 00:34:15 GSD getOne 第 1 次 等待 3 秒
2023-10-01 00:34:18 查询号码 【1980859】，返回信息 {"status":"ok","msg":"贵州-黔西南","gid":"465114","time_insert":"2021-08-01 07:19"}
2023-10-01 00:34:18 查询号码 【1980859】，GSD为【"贵州-黔西南"】

