2024-09-30 00:12:00 开始第 7301 次操作

2024-09-30 00:12:00 开始操作号码 【1447297】
2024-09-30 00:12:04 GSD getOne 第 1 次 等待 3 秒
2024-09-30 00:12:07 查询号码 【1447297】，返回信息 {"status":"ok","msg":"-","gid":"687517","time_insert":"2023-04-30 22:32"}
2024-09-30 00:12:07 查询号码 【1447297】，GSD为【"-"】
2024-09-30 00:12:07 ok && -
2024-09-30 00:12:09 CHB 1447297?1727626327 第 1 次 等待 3 秒
2024-09-30 00:12:12 CHB 1447297?1727626327 第 1 次 获取到号码【1447297】GSD
2024-09-30 00:12:13 未获取到号码【1447297】GSD，可能号码格式错误
2024-09-30 00:12:13 获取到号码【1447297】的GSD为【-】
2024-09-30 00:12:31 GSD insert 第 1 次 等待 3 秒
2024-09-30 00:12:34 {"status":"bad","gid":"687517","msg":"添加失败！号码【1447297(-|-)】已存在！"}
2024-09-30 00:12:34 随机等待 171 秒，约 2 分钟
2024-09-30 00:12:34 下次操作: 2024-09-30 00:15:25

2024-09-30 00:15:25 开始第 7302 次操作

2024-09-30 00:15:25 开始操作号码 【1447298】
2024-09-30 00:15:30 GSD getOne 第 1 次 等待 3 秒
2024-09-30 00:15:33 查询号码 【1447298】，返回信息 {"status":"ok","msg":"-","gid":"687515","time_insert":"2023-04-30 22:29"}
2024-09-30 00:15:33 查询号码 【1447298】，GSD为【"-"】
2024-09-30 00:15:33 ok && -
2024-09-30 00:15:35 CHB 1447298?1727626533 第 1 次 等待 3 秒
2024-09-30 00:15:38 CHB 1447298?1727626533 第 1 次 获取到号码【1447298】GSD
2024-09-30 00:15:38 未获取到号码【1447298】GSD，可能号码格式错误
2024-09-30 00:15:38 获取到号码【1447298】的GSD为【-】
2024-09-30 00:15:40 GSD insert 第 1 次 等待 3 秒
2024-09-30 00:15:43 {"status":"bad","gid":"687515","msg":"添加失败！号码【1447298(-|-)】已存在！"}
2024-09-30 00:15:43 随机等待 168 秒，约 2 分钟
2024-09-30 00:15:43 下次操作: 2024-09-30 00:18:31

2024-09-30 00:18:31 开始第 7303 次操作

2024-09-30 00:18:31 开始操作号码 【1447299】
2024-09-30 00:18:35 GSD getOne 第 1 次 等待 3 秒
2024-09-30 00:18:38 查询号码 【1447299】，返回信息 {"status":"ok","msg":"-","gid":"687510","time_insert":"2023-04-30 22:27"}
2024-09-30 00:18:38 查询号码 【1447299】，GSD为【"-"】
2024-09-30 00:18:38 ok && -
2024-09-30 00:18:41 CHB 1447299?1727626718 第 1 次 等待 3 秒
2024-09-30 00:18:44 CHB 1447299?1727626718 第 1 次 获取到号码【1447299】GSD
2024-09-30 00:18:44 未获取到号码【1447299】GSD，可能号码格式错误
2024-09-30 00:18:44 获取到号码【1447299】的GSD为【-】
2024-09-30 00:18:49 GSD insert 第 1 次 等待 3 秒
2024-09-30 00:18:52 {"status":"bad","gid":"687510","msg":"添加失败！号码【1447299(-|-)】已存在！"}
2024-09-30 00:18:52 随机等待 224 秒，约 3 分钟
2024-09-30 00:18:52 下次操作: 2024-09-30 00:22:36

2024-09-30 00:22:36 开始第 7304 次操作

2024-09-30 00:22:36 开始操作号码 【1447300】
2024-09-30 00:22:38 GSD getOne 第 1 次 等待 3 秒
2024-09-30 00:22:41 查询号码 【1447300】，返回信息 {"status":"ok","msg":"-","gid":"687505","time_insert":"2023-04-30 22:25"}
2024-09-30 00:22:41 查询号码 【1447300】，GSD为【"-"】
2024-09-30 00:22:41 ok && -
2024-09-30 00:22:44 CHB 1447300?1727626961 第 1 次 等待 3 秒
2024-09-30 00:22:47 CHB 1447300?1727626961 第 1 次 获取到号码【1447300】GSD
2024-09-30 00:22:47 未获取到号码【1447300】GSD，可能号码格式错误
2024-09-30 00:22:47 获取到号码【1447300】的GSD为【-】
2024-09-30 00:22:52 GSD insert 第 1 次 等待 3 秒
2024-09-30 00:22:55 {"status":"bad","gid":"687505","msg":"添加失败！号码【1447300(-|-)】已存在！"}

