2024-04-12 00:09:49 开始第 3293 次操作

2024-04-12 00:09:49 开始操作号码 【1663207】
2024-04-12 00:09:58 GSD getOne 第 1 次 等待 3 秒
2024-04-12 00:10:01 查询号码 【1663207】，返回信息 {"status":"ok","msg":"河北-邯郸","gid":"135246","time_insert":"2021-06-26 23:10"}
2024-04-12 00:10:01 查询号码 【1663207】，GSD为【"河北-邯郸"】

2024-04-12 00:10:02 开始第 3294 次操作

2024-04-12 00:10:02 开始操作号码 【1663208】
2024-04-12 00:10:09 GSD getOne 第 1 次 等待 3 秒
2024-04-12 00:10:12 查询号码 【1663208】，返回信息 {"status":"ok","msg":"河北-邯郸","gid":"135328","time_insert":"2021-06-26 23:54"}
2024-04-12 00:10:12 查询号码 【1663208】，GSD为【"河北-邯郸"】

2024-04-12 00:10:13 开始第 3295 次操作

2024-04-12 00:10:13 开始操作号码 【1663209】
2024-04-12 00:10:19 GSD getOne 第 1 次 等待 3 秒
2024-04-12 00:10:22 查询号码 【1663209】，返回信息 {"status":"ok","msg":"河北-邯郸","gid":"62428","time_insert":"2021-05-19 10:27","time_update":"2021-06-09 03:17"}
2024-04-12 00:10:22 查询号码 【1663209】，GSD为【"河北-邯郸"】

2024-04-12 00:10:23 开始第 3296 次操作

2024-04-12 00:10:23 开始操作号码 【1663210】
2024-04-12 00:10:30 GSD getOne 第 1 次 等待 3 秒
2024-04-12 00:10:33 查询号码 【1663210】，返回信息 {"status":"ok","msg":"河北-石家庄","gid":"135343","time_insert":"2021-06-26 23:56"}
2024-04-12 00:10:33 查询号码 【1663210】，GSD为【"河北-石家庄"】

2024-04-12 00:33:27 开始第 3297 次操作

2024-04-12 00:33:27 开始操作号码 【1663211】
2024-04-12 00:33:32 GSD getOne 第 1 次 等待 3 秒
2024-04-12 00:33:35 查询号码 【1663211】，返回信息 {"status":"ok","msg":"河北-石家庄","gid":"135354","time_insert":"2021-06-26 23:57"}
2024-04-12 00:33:35 查询号码 【1663211】，GSD为【"河北-石家庄"】

2024-04-12 00:33:36 开始第 3298 次操作

2024-04-12 00:33:36 开始操作号码 【1663212】
2024-04-12 00:33:42 GSD getOne 第 1 次 等待 3 秒
2024-04-12 00:33:45 查询号码 【1663212】，返回信息 {"status":"ok","msg":"河北-石家庄","gid":"135362","time_insert":"2021-06-26 23:57"}
2024-04-12 00:33:45 查询号码 【1663212】，GSD为【"河北-石家庄"】

2024-04-12 00:33:46 开始第 3299 次操作

2024-04-12 00:33:46 开始操作号码 【1663213】
2024-04-12 00:33:51 GSD getOne 第 1 次 等待 3 秒
2024-04-12 00:33:54 查询号码 【1663213】，返回信息 {"status":"ok","msg":"河北-石家庄","gid":"135371","time_insert":"2021-06-26 23:58"}
2024-04-12 00:33:54 查询号码 【1663213】，GSD为【"河北-石家庄"】

2024-04-12 00:33:55 开始第 3300 次操作

2024-04-12 00:33:55 开始操作号码 【1663214】
2024-04-12 00:34:01 GSD getOne 第 1 次 等待 3 秒
2024-04-12 00:34:04 查询号码 【1663214】，返回信息 {"status":"ok","msg":"河北-石家庄","gid":"135383","time_insert":"2021-06-26 23:59"}
2024-04-12 00:34:04 查询号码 【1663214】，GSD为【"河北-石家庄"】

