2024-07-28 00:12:15 开始第 9013 次操作

2024-07-28 00:12:15 开始操作号码 【1558922】
2024-07-28 00:12:24 GSD getOne 第 1 次 等待 3 秒
2024-07-28 00:12:27 查询号码 【1558922】，返回信息 {"status":"ok","msg":"山东-枣庄","gid":"378861","time_insert":"2021-07-24 15:53"}
2024-07-28 00:12:27 查询号码 【1558922】，GSD为【"山东-枣庄"】

2024-07-28 00:12:28 开始第 9014 次操作

2024-07-28 00:12:28 开始操作号码 【1558923】
2024-07-28 00:12:36 GSD getOne 第 1 次 等待 3 秒
2024-07-28 00:12:39 查询号码 【1558923】，返回信息 {"status":"ok","msg":"山东-枣庄","gid":"378852","time_insert":"2021-07-24 15:52"}
2024-07-28 00:12:39 查询号码 【1558923】，GSD为【"山东-枣庄"】

2024-07-28 00:12:40 开始第 9015 次操作

2024-07-28 00:12:40 开始操作号码 【1558924】
2024-07-28 00:12:50 GSD getOne 第 1 次 等待 3 秒
2024-07-28 00:12:53 查询号码 【1558924】，返回信息 {"status":"ok","msg":"山东-枣庄","gid":"378841","time_insert":"2021-07-24 15:51"}
2024-07-28 00:12:53 查询号码 【1558924】，GSD为【"山东-枣庄"】

2024-07-28 00:12:54 开始第 9016 次操作

2024-07-28 00:12:54 开始操作号码 【1558925】
2024-07-28 00:13:03 GSD getOne 第 1 次 等待 3 秒
2024-07-28 00:13:06 查询号码 【1558925】，返回信息 {"status":"ok","msg":"山东-枣庄","gid":"378831","time_insert":"2021-07-24 15:51"}
2024-07-28 00:13:06 查询号码 【1558925】，GSD为【"山东-枣庄"】

