2024-03-04 00:09:04 开始第 7137 次操作

2024-03-04 00:09:04 开始操作号码 【1777050】
2024-03-04 00:09:09 GSD getOne 第 1 次 等待 3 秒
2024-03-04 00:09:12 查询号码 【1777050】，返回信息 {"status":"ok","msg":"江西-宜春","gid":"30979","time_insert":"2019-09-16 08:44","time_update":"2020-09-07 14:02"}
2024-03-04 00:09:12 查询号码 【1777050】，GSD为【"江西-宜春"】

2024-03-04 00:09:13 开始第 7138 次操作

2024-03-04 00:09:13 开始操作号码 【1777051】
2024-03-04 00:09:18 GSD getOne 第 1 次 等待 3 秒
2024-03-04 00:09:21 查询号码 【1777051】，返回信息 {"status":"ok","msg":"江西-宜春","gid":"233614","time_insert":"2021-07-09 20:04"}
2024-03-04 00:09:21 查询号码 【1777051】，GSD为【"江西-宜春"】

2024-03-04 00:09:22 开始第 7139 次操作

2024-03-04 00:09:22 开始操作号码 【1777052】
2024-03-04 00:09:27 GSD getOne 第 1 次 等待 3 秒
2024-03-04 00:09:30 查询号码 【1777052】，返回信息 {"status":"ok","msg":"江西-宜春","gid":"51856","time_insert":"2021-04-22 10:22"}
2024-03-04 00:09:30 查询号码 【1777052】，GSD为【"江西-宜春"】

2024-03-04 00:09:31 开始第 7140 次操作

2024-03-04 00:09:31 开始操作号码 【1777053】
2024-03-04 00:09:35 GSD getOne 第 1 次 等待 3 秒
2024-03-04 00:09:38 查询号码 【1777053】，返回信息 {"status":"ok","msg":"江西-宜春","gid":"233593","time_insert":"2021-07-09 20:00"}
2024-03-04 00:09:38 查询号码 【1777053】，GSD为【"江西-宜春"】

