2023-10-14 00:10:44 开始第 3053 次操作

2023-10-14 00:10:44 开始操作号码 【1983018】
2023-10-14 00:10:46 GSD getOne 第 1 次 等待 3 秒
2023-10-14 00:10:49 查询号码 【1983018】，返回信息 {"status":"ok","msg":"广东-汕头","gid":"500754","time_insert":"2021-08-09 11:51"}
2023-10-14 00:10:49 查询号码 【1983018】，GSD为【"广东-汕头"】

2023-10-14 00:10:50 开始第 3054 次操作

2023-10-14 00:10:50 开始操作号码 【1983019】
2023-10-14 00:11:00 GSD getOne 第 1 次 等待 3 秒
2023-10-14 00:11:03 查询号码 【1983019】，返回信息 {"status":"ok","msg":"广东-韶关","gid":"500760","time_insert":"2021-08-09 11:56"}
2023-10-14 00:11:03 查询号码 【1983019】，GSD为【"广东-韶关"】

2023-10-14 00:11:04 开始第 3055 次操作

2023-10-14 00:11:04 开始操作号码 【1983020】
2023-10-14 00:11:06 GSD getOne 第 1 次 等待 3 秒
2023-10-14 00:11:09 查询号码 【1983020】，返回信息 {"status":"ok","msg":"广东-清远","gid":"500763","time_insert":"2021-08-09 12:00"}
2023-10-14 00:11:09 查询号码 【1983020】，GSD为【"广东-清远"】

2023-10-14 00:11:10 开始第 3056 次操作

2023-10-14 00:11:10 开始操作号码 【1983021】
2023-10-14 00:11:13 GSD getOne 第 1 次 等待 3 秒
2023-10-14 00:11:16 查询号码 【1983021】，返回信息 {"status":"ok","msg":"广东-肇庆","gid":"500769","time_insert":"2021-08-09 12:07"}
2023-10-14 00:11:16 查询号码 【1983021】，GSD为【"广东-肇庆"】

