2024-04-16 00:10:28 开始第 3873 次操作

2024-04-16 00:10:28 开始操作号码 【1663787】
2024-04-16 00:10:33 GSD getOne 第 1 次 等待 3 秒
2024-04-16 00:10:36 查询号码 【1663787】，返回信息 {"status":"ok","msg":"河南-开封","gid":"141828","time_insert":"2021-06-27 21:28"}
2024-04-16 00:10:36 查询号码 【1663787】，GSD为【"河南-开封"】

2024-04-16 00:10:37 开始第 3874 次操作

2024-04-16 00:10:37 开始操作号码 【1663788】
2024-04-16 00:10:43 GSD getOne 第 1 次 等待 3 秒
2024-04-16 00:10:46 查询号码 【1663788】，返回信息 {"status":"ok","msg":"河南-开封","gid":"141838","time_insert":"2021-06-27 21:29"}
2024-04-16 00:10:46 查询号码 【1663788】，GSD为【"河南-开封"】

2024-04-16 00:10:47 开始第 3875 次操作

2024-04-16 00:10:47 开始操作号码 【1663789】
2024-04-16 00:10:54 GSD getOne 第 1 次 等待 3 秒
2024-04-16 00:10:57 查询号码 【1663789】，返回信息 {"status":"ok","msg":"河南-开封","gid":"141849","time_insert":"2021-06-27 21:30"}
2024-04-16 00:10:57 查询号码 【1663789】，GSD为【"河南-开封"】

2024-04-16 00:10:58 开始第 3876 次操作

2024-04-16 00:10:58 开始操作号码 【1663790】
2024-04-16 00:11:03 GSD getOne 第 1 次 等待 3 秒
2024-04-16 00:11:06 查询号码 【1663790】，返回信息 {"status":"ok","msg":"河南-洛阳","gid":"141856","time_insert":"2021-06-27 21:30"}
2024-04-16 00:11:06 查询号码 【1663790】，GSD为【"河南-洛阳"】

