2024-04-01 00:09:43 开始第 1273 次操作

2024-04-01 00:09:43 开始操作号码 【1661187】
2024-04-01 00:09:49 GSD getOne 第 1 次 等待 3 秒
2024-04-01 00:09:52 查询号码 【1661187】，返回信息 {"status":"ok","msg":"天津-天津","gid":"120493","time_insert":"2021-06-24 01:58"}
2024-04-01 00:09:52 查询号码 【1661187】，GSD为【"天津-天津"】

2024-04-01 00:09:53 开始第 1274 次操作

2024-04-01 00:09:53 开始操作号码 【1661188】
2024-04-01 00:09:59 GSD getOne 第 1 次 等待 3 秒
2024-04-01 00:10:02 查询号码 【1661188】，返回信息 {"status":"ok","msg":"天津-天津","gid":"120501","time_insert":"2021-06-24 01:59"}
2024-04-01 00:10:02 查询号码 【1661188】，GSD为【"天津-天津"】

2024-04-01 00:10:03 开始第 1275 次操作

2024-04-01 00:10:03 开始操作号码 【1661189】
2024-04-01 00:10:08 GSD getOne 第 1 次 等待 3 秒
2024-04-01 00:10:11 查询号码 【1661189】，返回信息 {"status":"ok","msg":"天津-天津","gid":"120505","time_insert":"2021-06-24 02:00"}
2024-04-01 00:10:11 查询号码 【1661189】，GSD为【"天津-天津"】

2024-04-01 00:10:12 开始第 1276 次操作

2024-04-01 00:10:12 开始操作号码 【1661190】
2024-04-01 00:10:17 GSD getOne 第 1 次 等待 3 秒
2024-04-01 00:10:20 查询号码 【1661190】，返回信息 {"status":"ok","msg":"上海-上海","gid":"120510","time_insert":"2021-06-24 02:01"}
2024-04-01 00:10:20 查询号码 【1661190】，GSD为【"上海-上海"】

