2024-12-08 00:14:07 开始第 8981 次操作

2024-12-08 00:14:07 开始操作号码 【1338980】
2024-12-08 00:14:09 GSD getOne 第 1 次 等待 3 秒
2024-12-08 00:14:12 查询号码 【1338980】，返回信息 {"status":"ok","msg":"海南-海口","gid":"265963","time_insert":"2021-07-13 14:54"}
2024-12-08 00:14:12 查询号码 【1338980】，GSD为【"海南-海口"】

2024-12-08 00:14:13 开始第 8982 次操作

2024-12-08 00:14:13 开始操作号码 【1338981】
2024-12-08 00:14:15 GSD getOne 第 1 次 等待 3 秒
2024-12-08 00:14:18 查询号码 【1338981】，返回信息 {"status":"ok","msg":"海南-海口","gid":"265948","time_insert":"2021-07-13 14:53"}
2024-12-08 00:14:18 查询号码 【1338981】，GSD为【"海南-海口"】

2024-12-08 00:14:19 开始第 8983 次操作

2024-12-08 00:14:19 开始操作号码 【1338982】
2024-12-08 00:14:20 GSD getOne 第 1 次 等待 3 秒
2024-12-08 00:14:23 查询号码 【1338982】，返回信息 {"status":"ok","msg":"海南-海口","gid":"3666","time_insert":"2019-05-27 17:27","time_update":"2020-10-05 18:43"}
2024-12-08 00:14:23 查询号码 【1338982】，GSD为【"海南-海口"】

2024-12-08 00:14:24 开始第 8984 次操作

2024-12-08 00:14:24 开始操作号码 【1338983】
2024-12-08 00:14:26 GSD getOne 第 1 次 等待 3 秒
2024-12-08 00:14:29 查询号码 【1338983】，返回信息 {"status":"ok","msg":"海南-海口","gid":"265923","time_insert":"2021-07-13 14:52"}
2024-12-08 00:14:29 查询号码 【1338983】，GSD为【"海南-海口"】

