2024-12-03 00:16:00 开始第 8129 次操作

2024-12-03 00:16:00 开始操作号码 【1338128】
2024-12-03 00:16:01 GSD getOne 第 1 次 等待 3 秒
2024-12-03 00:16:04 查询号码 【1338128】，返回信息 {"status":"ok","msg":"北京-北京","gid":"275923","time_insert":"2021-07-14 17:01"}
2024-12-03 00:16:04 查询号码 【1338128】，GSD为【"北京-北京"】

2024-12-03 00:16:05 开始第 8130 次操作

2024-12-03 00:16:05 开始操作号码 【1338129】
2024-12-03 00:16:06 GSD getOne 第 1 次 等待 3 秒
2024-12-03 00:16:09 查询号码 【1338129】，返回信息 {"status":"ok","msg":"北京-北京","gid":"275920","time_insert":"2021-07-14 17:00"}
2024-12-03 00:16:09 查询号码 【1338129】，GSD为【"北京-北京"】

2024-12-03 00:16:10 开始第 8131 次操作

2024-12-03 00:16:10 开始操作号码 【1338130】
2024-12-03 00:16:11 GSD getOne 第 1 次 等待 3 秒
2024-12-03 00:16:14 查询号码 【1338130】，返回信息 {"status":"ok","msg":"北京-北京","gid":"275918","time_insert":"2021-07-14 17:00"}
2024-12-03 00:16:14 查询号码 【1338130】，GSD为【"北京-北京"】

2024-12-03 00:16:15 开始第 8132 次操作

2024-12-03 00:16:15 开始操作号码 【1338131】
2024-12-03 00:16:16 GSD getOne 第 1 次 等待 3 秒
2024-12-03 00:16:19 查询号码 【1338131】，返回信息 {"status":"ok","msg":"北京-北京","gid":"275913","time_insert":"2021-07-14 16:58"}
2024-12-03 00:16:19 查询号码 【1338131】，GSD为【"北京-北京"】

