2024-07-24 00:13:20 开始第 8293 次操作

2024-07-24 00:13:20 开始操作号码 【1558202】
2024-07-24 00:13:29 GSD getOne 第 1 次 等待 3 秒
2024-07-24 00:13:32 查询号码 【1558202】，返回信息 {"status":"ok","msg":"山西-忻州","gid":"386904","time_insert":"2021-07-25 07:50"}
2024-07-24 00:13:32 查询号码 【1558202】，GSD为【"山西-忻州"】

2024-07-24 00:13:33 开始第 8294 次操作

2024-07-24 00:13:33 开始操作号码 【1558203】
2024-07-24 00:13:42 GSD getOne 第 1 次 等待 3 秒
2024-07-24 00:13:45 查询号码 【1558203】，返回信息 {"status":"ok","msg":"山西-忻州","gid":"386890","time_insert":"2021-07-25 07:50"}
2024-07-24 00:13:45 查询号码 【1558203】，GSD为【"山西-忻州"】

2024-07-24 00:13:46 开始第 8295 次操作

2024-07-24 00:13:46 开始操作号码 【1558204】
2024-07-24 00:13:54 GSD getOne 第 1 次 等待 3 秒
2024-07-24 00:13:57 查询号码 【1558204】，返回信息 {"status":"ok","msg":"山西-忻州","gid":"386876","time_insert":"2021-07-25 07:49"}
2024-07-24 00:13:57 查询号码 【1558204】，GSD为【"山西-忻州"】

2024-07-24 00:13:58 开始第 8296 次操作

2024-07-24 00:13:58 开始操作号码 【1558205】
2024-07-24 00:14:05 GSD getOne 第 1 次 等待 3 秒
2024-07-24 00:14:08 查询号码 【1558205】，返回信息 {"status":"ok","msg":"山西-忻州","gid":"386863","time_insert":"2021-07-25 07:48"}
2024-07-24 00:14:08 查询号码 【1558205】，GSD为【"山西-忻州"】

2024-07-24 00:40:09 开始第 8297 次操作

2024-07-24 00:40:09 开始操作号码 【1558206】
2024-07-24 00:40:19 GSD getOne 第 1 次 等待 3 秒
2024-07-24 00:40:22 查询号码 【1558206】，返回信息 {"status":"ok","msg":"山西-忻州","gid":"386848","time_insert":"2021-07-25 07:47"}
2024-07-24 00:40:22 查询号码 【1558206】，GSD为【"山西-忻州"】

2024-07-24 00:40:23 开始第 8298 次操作

2024-07-24 00:40:23 开始操作号码 【1558207】
2024-07-24 00:40:31 GSD getOne 第 1 次 等待 3 秒
2024-07-24 00:40:34 查询号码 【1558207】，返回信息 {"status":"ok","msg":"山西-忻州","gid":"386833","time_insert":"2021-07-25 07:46"}
2024-07-24 00:40:34 查询号码 【1558207】，GSD为【"山西-忻州"】

2024-07-24 00:40:35 开始第 8299 次操作

2024-07-24 00:40:35 开始操作号码 【1558208】
2024-07-24 00:40:43 GSD getOne 第 1 次 等待 3 秒
2024-07-24 00:40:46 查询号码 【1558208】，返回信息 {"status":"ok","msg":"山西-吕梁","gid":"386822","time_insert":"2021-07-25 07:46"}
2024-07-24 00:40:46 查询号码 【1558208】，GSD为【"山西-吕梁"】

2024-07-24 00:40:47 开始第 8300 次操作

2024-07-24 00:40:47 开始操作号码 【1558209】
2024-07-24 00:40:55 GSD getOne 第 1 次 等待 3 秒
2024-07-24 00:40:58 查询号码 【1558209】，返回信息 {"status":"ok","msg":"山西-吕梁","gid":"386805","time_insert":"2021-07-25 07:45"}
2024-07-24 00:40:58 查询号码 【1558209】，GSD为【"山西-吕梁"】

