2023-10-11 00:19:34 开始第 2690 次操作

2023-10-11 00:19:34 开始操作号码 【1982688】
2023-10-11 00:21:44 GSD getOne 第 1 次 等待 3 秒
2023-10-11 00:23:57 GSD getOne 第 2 次 等待 3 秒
2023-10-11 00:26:10 GSD getOne 第 3 次 等待 3 秒
2023-10-11 00:28:24 GSD getOne 第 4 次 等待 3 秒
2023-10-11 00:30:37 GSD getOne 第 5 次 等待 3 秒
2023-10-11 00:32:50 GSD getOne 第 6 次 等待 3 秒
2023-10-11 00:35:03 GSD getOne 第 7 次 等待 3 秒
2023-10-11 00:37:16 GSD getOne 第 8 次 等待 3 秒
2023-10-11 00:39:29 GSD getOne 第 9 次 等待 3 秒
2023-10-11 00:41:42 GSD getOne 第 10 次 等待 3 秒
2023-10-11 00:41:45 查询号码 【1982688】，返回信息 
2023-10-11 00:41:45 查询失败，3 秒后重新查询
2023-10-11 00:44:00 GSD getOne 第 1 次 等待 3 秒
2023-10-11 00:46:13 GSD getOne 第 2 次 等待 3 秒
2023-10-11 00:48:26 GSD getOne 第 3 次 等待 3 秒
2023-10-11 00:50:39 GSD getOne 第 4 次 等待 3 秒
2023-10-11 00:52:52 GSD getOne 第 5 次 等待 3 秒
2023-10-11 00:55:05 GSD getOne 第 6 次 等待 3 秒
2023-10-11 00:57:18 GSD getOne 第 7 次 等待 3 秒
2023-10-11 00:59:31 GSD getOne 第 8 次 等待 3 秒
2023-10-11 01:01:44 GSD getOne 第 9 次 等待 3 秒
2023-10-11 01:03:58 GSD getOne 第 10 次 等待 3 秒
2023-10-11 01:04:01 查询号码 【1982688】，返回信息 
2023-10-11 01:04:01 查询失败，结束本次操作，期待下次成功~
2023-10-11 01:04:01 随机等待 137 秒，约 2 分钟
2023-10-11 01:04:01 下次操作: 2023-10-11 01:06:18

2023-10-11 01:06:18 开始第 2691 次操作

2023-10-11 01:06:18 开始操作号码 【1982688】
2023-10-11 01:08:28 GSD getOne 第 1 次 等待 3 秒
2023-10-11 01:10:41 GSD getOne 第 2 次 等待 3 秒
2023-10-11 01:12:54 GSD getOne 第 3 次 等待 3 秒
2023-10-11 01:15:07 GSD getOne 第 4 次 等待 3 秒
2023-10-11 01:17:20 GSD getOne 第 5 次 等待 3 秒
2023-10-11 01:19:34 GSD getOne 第 6 次 等待 3 秒
2023-10-11 01:21:47 GSD getOne 第 7 次 等待 3 秒
2023-10-11 01:24:00 GSD getOne 第 8 次 等待 3 秒
2023-10-11 01:26:13 GSD getOne 第 9 次 等待 3 秒
2023-10-11 01:28:26 GSD getOne 第 10 次 等待 3 秒
2023-10-11 01:28:29 查询号码 【1982688】，返回信息 
2023-10-11 01:28:29 查询失败，3 秒后重新查询
2023-10-11 01:30:43 GSD getOne 第 1 次 等待 3 秒
2023-10-11 01:32:56 GSD getOne 第 2 次 等待 3 秒
2023-10-11 01:35:09 GSD getOne 第 3 次 等待 3 秒
2023-10-11 01:37:23 GSD getOne 第 4 次 等待 3 秒
2023-10-11 01:39:36 GSD getOne 第 5 次 等待 3 秒
2023-10-11 01:41:49 GSD getOne 第 6 次 等待 3 秒
2023-10-11 01:44:02 GSD getOne 第 7 次 等待 3 秒
2023-10-11 01:46:15 GSD getOne 第 8 次 等待 3 秒
2023-10-11 01:48:28 GSD getOne 第 9 次 等待 3 秒
2023-10-11 01:50:41 GSD getOne 第 10 次 等待 3 秒
2023-10-11 01:50:44 查询号码 【1982688】，返回信息 
2023-10-11 01:50:44 查询失败，结束本次操作，期待下次成功~
2023-10-11 01:50:44 随机等待 85 秒，约 1 分钟
2023-10-11 01:50:44 下次操作: 2023-10-11 01:52:09

2023-10-11 01:52:09 开始第 2692 次操作

2023-10-11 01:52:09 开始操作号码 【1982688】
2023-10-11 01:54:20 GSD getOne 第 1 次 等待 3 秒
2023-10-11 01:56:34 GSD getOne 第 2 次 等待 3 秒
2023-10-11 01:58:47 GSD getOne 第 3 次 等待 3 秒
2023-10-11 02:01:00 GSD getOne 第 4 次 等待 3 秒
2023-10-11 02:03:13 GSD getOne 第 5 次 等待 3 秒
2023-10-11 02:05:26 GSD getOne 第 6 次 等待 3 秒
2023-10-11 02:07:39 GSD getOne 第 7 次 等待 3 秒
2023-10-11 02:09:52 GSD getOne 第 8 次 等待 3 秒
2023-10-11 02:12:05 GSD getOne 第 9 次 等待 3 秒
2023-10-11 02:14:19 GSD getOne 第 10 次 等待 3 秒
2023-10-11 02:14:22 查询号码 【1982688】，返回信息 
2023-10-11 02:14:22 查询失败，3 秒后重新查询
2023-10-11 02:16:36 GSD getOne 第 1 次 等待 3 秒
2023-10-11 02:18:49 GSD getOne 第 2 次 等待 3 秒
2023-10-11 02:21:02 GSD getOne 第 3 次 等待 3 秒
2023-10-11 02:23:15 GSD getOne 第 4 次 等待 3 秒
2023-10-11 02:25:28 GSD getOne 第 5 次 等待 3 秒
2023-10-11 02:27:41 GSD getOne 第 6 次 等待 3 秒
2023-10-11 02:29:54 GSD getOne 第 7 次 等待 3 秒
2023-10-11 02:32:08 GSD getOne 第 8 次 等待 3 秒
2023-10-11 02:34:21 GSD getOne 第 9 次 等待 3 秒
2023-10-11 02:36:34 GSD getOne 第 10 次 等待 3 秒
2023-10-11 02:36:37 查询号码 【1982688】，返回信息 
2023-10-11 02:36:37 查询失败，结束本次操作，期待下次成功~

