2024-12-09 00:13:57 开始第 9153 次操作

2024-12-09 00:13:57 开始操作号码 【1339152】
2024-12-09 00:13:59 GSD getOne 第 1 次 等待 3 秒
2024-12-09 00:14:02 查询号码 【1339152】，返回信息 {"status":"ok","msg":"北京-北京","gid":"263675","time_insert":"2021-07-13 07:49"}
2024-12-09 00:14:02 查询号码 【1339152】，GSD为【"北京-北京"】

2024-12-09 00:14:03 开始第 9154 次操作

2024-12-09 00:14:03 开始操作号码 【1339153】
2024-12-09 00:14:04 GSD getOne 第 1 次 等待 3 秒
2024-12-09 00:14:07 查询号码 【1339153】，返回信息 {"status":"ok","msg":"北京-北京","gid":"263662","time_insert":"2021-07-13 07:48"}
2024-12-09 00:14:07 查询号码 【1339153】，GSD为【"北京-北京"】

2024-12-09 00:14:08 开始第 9155 次操作

2024-12-09 00:14:08 开始操作号码 【1339154】
2024-12-09 00:14:09 GSD getOne 第 1 次 等待 3 秒
2024-12-09 00:14:12 查询号码 【1339154】，返回信息 {"status":"ok","msg":"北京-北京","gid":"263646","time_insert":"2021-07-13 07:47"}
2024-12-09 00:14:12 查询号码 【1339154】，GSD为【"北京-北京"】

2024-12-09 00:14:13 开始第 9156 次操作

2024-12-09 00:14:13 开始操作号码 【1339155】
2024-12-09 00:14:16 GSD getOne 第 1 次 等待 3 秒
2024-12-09 00:14:19 查询号码 【1339155】，返回信息 {"status":"ok","msg":"北京-北京","gid":"263629","time_insert":"2021-07-13 07:47"}
2024-12-09 00:14:19 查询号码 【1339155】，GSD为【"北京-北京"】

