2024-04-05 00:11:18 开始第 2009 次操作

2024-04-05 00:11:18 开始操作号码 【1661923】
2024-04-05 00:11:24 GSD getOne 第 1 次 等待 3 秒
2024-04-05 00:11:27 查询号码 【1661923】，返回信息 {"status":"ok","msg":"北京-北京","gid":"125611","time_insert":"2021-06-25 05:01"}
2024-04-05 00:11:27 查询号码 【1661923】，GSD为【"北京-北京"】

2024-04-05 00:11:28 开始第 2010 次操作

2024-04-05 00:11:28 开始操作号码 【1661924】
2024-04-05 00:11:32 GSD getOne 第 1 次 等待 3 秒
2024-04-05 00:11:35 查询号码 【1661924】，返回信息 {"status":"ok","msg":"北京-北京","gid":"125614","time_insert":"2021-06-25 05:02"}
2024-04-05 00:11:35 查询号码 【1661924】，GSD为【"北京-北京"】

2024-04-05 00:11:36 开始第 2011 次操作

2024-04-05 00:11:37 开始操作号码 【1661925】
2024-04-05 00:11:41 GSD getOne 第 1 次 等待 3 秒
2024-04-05 00:11:44 查询号码 【1661925】，返回信息 {"status":"ok","msg":"北京-北京","gid":"125691","time_insert":"2021-06-25 05:51"}
2024-04-05 00:11:44 查询号码 【1661925】，GSD为【"北京-北京"】

2024-04-05 00:11:45 开始第 2012 次操作

2024-04-05 00:11:45 开始操作号码 【1661926】
2024-04-05 00:11:50 GSD getOne 第 1 次 等待 3 秒
2024-04-05 00:11:53 查询号码 【1661926】，返回信息 {"status":"ok","msg":"北京-北京","gid":"125695","time_insert":"2021-06-25 05:52"}
2024-04-05 00:11:53 查询号码 【1661926】，GSD为【"北京-北京"】

2024-04-05 00:36:08 开始第 2013 次操作

2024-04-05 00:36:08 开始操作号码 【1661927】
2024-04-05 00:36:16 GSD getOne 第 1 次 等待 3 秒
2024-04-05 00:36:19 查询号码 【1661927】，返回信息 {"status":"ok","msg":"北京-北京","gid":"125701","time_insert":"2021-06-25 05:53"}
2024-04-05 00:36:19 查询号码 【1661927】，GSD为【"北京-北京"】

2024-04-05 00:36:20 开始第 2014 次操作

2024-04-05 00:36:20 开始操作号码 【1661928】
2024-04-05 00:36:30 GSD getOne 第 1 次 等待 3 秒
2024-04-05 00:36:33 查询号码 【1661928】，返回信息 {"status":"ok","msg":"北京-北京","gid":"125706","time_insert":"2021-06-25 05:54"}
2024-04-05 00:36:33 查询号码 【1661928】，GSD为【"北京-北京"】

2024-04-05 00:36:34 开始第 2015 次操作

2024-04-05 00:36:34 开始操作号码 【1661929】
2024-04-05 00:36:40 GSD getOne 第 1 次 等待 3 秒
2024-04-05 00:36:43 查询号码 【1661929】，返回信息 {"status":"ok","msg":"北京-北京","gid":"125712","time_insert":"2021-06-25 05:55"}
2024-04-05 00:36:43 查询号码 【1661929】，GSD为【"北京-北京"】

2024-04-05 00:36:44 开始第 2016 次操作

2024-04-05 00:36:44 开始操作号码 【1661930】
2024-04-05 00:36:50 GSD getOne 第 1 次 等待 3 秒
2024-04-05 00:36:53 查询号码 【1661930】，返回信息 {"status":"ok","msg":"北京-北京","gid":"125716","time_insert":"2021-06-25 05:56"}
2024-04-05 00:36:53 查询号码 【1661930】，GSD为【"北京-北京"】

