2021-07-02 00:00:22 开始第 14 次操作

2021-07-02 00:00:22 开始操作号码 【1741808】
2021-07-02 00:00:25 GSD getOne 第 1 次 等待 1 秒
2021-07-02 00:00:26 查询号码 【1741808】，返回信息 {"status":"ok","msg":"-","time_insert":"2021-06-29 10:23"}
2021-07-02 00:00:26 查询号码 【1741808】，GSD为【"-"】
2021-07-02 00:00:26 ok && -
2021-07-02 00:00:28 CHB 1741808?1625155226 第 1 次 等待 1 秒
2021-07-02 00:00:29 CHB 1741808?1625155226 第 1 次 获取到号码【1741808】GSD
2021-07-02 00:00:29 未获取到号码【1741808】GSD，可能号码格式错误
2021-07-02 00:00:29 获取到号码【1741808】的GSD为【-】
2021-07-02 00:00:33 GSD insert 第 1 次 等待 1 秒
2021-07-02 00:00:34 {"status":"bad","msg":"添加失败！号码【1741808(-|-)】已存在！"}
2021-07-02 00:00:34 下次操作: 2021-07-02 00:00:52

2021-07-02 00:00:52 开始第 15 次操作

2021-07-02 00:00:52 开始操作号码 【1741809】
2021-07-02 00:01:04 GSD getOne 第 1 次 等待 1 秒
2021-07-02 00:01:05 查询号码 【1741809】，返回信息 {"status":"ok","msg":"-","time_insert":"2021-06-29 10:24"}
2021-07-02 00:01:05 查询号码 【1741809】，GSD为【"-"】
2021-07-02 00:01:05 ok && -
2021-07-02 00:01:07 CHB 1741809?1625155265 第 1 次 等待 1 秒
2021-07-02 00:01:08 CHB 1741809?1625155265 第 1 次 获取到号码【1741809】GSD
2021-07-02 00:01:08 未获取到号码【1741809】GSD，可能号码格式错误
2021-07-02 00:01:08 获取到号码【1741809】的GSD为【-】
2021-07-02 00:01:11 GSD insert 第 1 次 等待 1 秒
2021-07-02 00:01:12 {"status":"bad","msg":"添加失败！号码【1741809(-|-)】已存在！"}
2021-07-02 00:01:12 下次操作: 2021-07-02 00:01:18

2021-07-02 00:01:18 开始第 16 次操作

2021-07-02 00:01:18 开始操作号码 【1741810】
2021-07-02 00:01:22 GSD getOne 第 1 次 等待 1 秒
2021-07-02 00:01:23 查询号码 【1741810】，返回信息 {"status":"ok","msg":"-","time_insert":"2021-06-29 10:24"}
2021-07-02 00:01:24 查询号码 【1741810】，GSD为【"-"】
2021-07-02 00:01:24 ok && -
2021-07-02 00:01:25 CHB 1741810?1625155284 第 1 次 等待 1 秒
2021-07-02 00:01:26 CHB 1741810?1625155284 第 1 次 获取到号码【1741810】GSD
2021-07-02 00:01:26 未获取到号码【1741810】GSD，可能号码格式错误
2021-07-02 00:01:26 获取到号码【1741810】的GSD为【-】
2021-07-02 00:01:29 GSD insert 第 1 次 等待 1 秒
2021-07-02 00:01:30 {"status":"bad","msg":"添加失败！号码【1741810(-|-)】已存在！"}
2021-07-02 00:01:30 下次操作: 2021-07-02 00:01:47

2021-07-02 00:01:47 开始第 17 次操作

2021-07-02 00:01:47 开始操作号码 【1741811】
2021-07-02 00:01:53 GSD getOne 第 1 次 等待 1 秒
2021-07-02 00:01:54 查询号码 【1741811】，返回信息 {"status":"ok","msg":"-","time_insert":"2021-06-29 10:25"}
2021-07-02 00:01:54 查询号码 【1741811】，GSD为【"-"】
2021-07-02 00:01:54 ok && -
2021-07-02 00:01:55 CHB 1741811?1625155314 第 1 次 等待 1 秒
2021-07-02 00:01:56 CHB 1741811?1625155314 第 1 次 获取到号码【1741811】GSD
2021-07-02 00:01:56 未获取到号码【1741811】GSD，可能号码格式错误
2021-07-02 00:01:56 获取到号码【1741811】的GSD为【-】
2021-07-02 00:02:00 GSD insert 第 1 次 等待 1 秒
2021-07-02 00:02:01 {"status":"bad","msg":"添加失败！号码【1741811(-|-)】已存在！"}
2021-07-02 00:02:01 下次操作: 2021-07-02 00:02:14

2021-07-02 00:02:14 开始第 18 次操作

2021-07-02 00:02:14 开始操作号码 【1741812】
2021-07-02 00:02:19 GSD getOne 第 1 次 等待 1 秒
2021-07-02 00:02:21 查询号码 【1741812】，返回信息 {"status":"ok","msg":"-","time_insert":"2021-06-29 10:26"}
2021-07-02 00:02:21 查询号码 【1741812】，GSD为【"-"】
2021-07-02 00:02:21 ok && -
2021-07-02 00:02:23 CHB 1741812?1625155341 第 1 次 等待 1 秒
2021-07-02 00:02:24 CHB 1741812?1625155341 第 1 次 获取到号码【1741812】GSD
2021-07-02 00:02:24 未获取到号码【1741812】GSD，可能号码格式错误
2021-07-02 00:02:24 获取到号码【1741812】的GSD为【-】
2021-07-02 00:02:28 GSD insert 第 1 次 等待 1 秒
2021-07-02 00:02:29 {"status":"bad","msg":"添加失败！号码【1741812(-|-)】已存在！"}
2021-07-02 00:02:29 下次操作: 2021-07-02 00:02:47

2021-07-02 00:02:47 开始第 19 次操作

2021-07-02 00:02:47 开始操作号码 【1741813】
2021-07-02 00:03:00 GSD getOne 第 1 次 等待 1 秒
2021-07-02 00:03:01 查询号码 【1741813】，返回信息 {"status":"ok","msg":"-","time_insert":"2021-06-29 10:27"}
2021-07-02 00:03:01 查询号码 【1741813】，GSD为【"-"】
2021-07-02 00:03:01 ok && -
2021-07-02 00:03:03 CHB 1741813?1625155381 第 1 次 等待 1 秒
2021-07-02 00:03:04 CHB 1741813?1625155381 第 1 次 获取到号码【1741813】GSD
2021-07-02 00:03:04 未获取到号码【1741813】GSD，可能号码格式错误
2021-07-02 00:03:04 获取到号码【1741813】的GSD为【-】
2021-07-02 00:03:07 GSD insert 第 1 次 等待 1 秒
2021-07-02 00:03:08 {"status":"bad","msg":"添加失败！号码【1741813(-|-)】已存在！"}
2021-07-02 00:03:08 下次操作: 2021-07-02 00:03:18

2021-07-02 00:03:18 开始第 20 次操作

2021-07-02 00:03:18 开始操作号码 【1741814】
2021-07-02 00:03:22 GSD getOne 第 1 次 等待 1 秒
2021-07-02 00:03:23 查询号码 【1741814】，返回信息 {"status":"ok","msg":"-","time_insert":"2021-06-29 10:27"}
2021-07-02 00:03:23 查询号码 【1741814】，GSD为【"-"】
2021-07-02 00:03:23 ok && -
2021-07-02 00:03:24 CHB 1741814?1625155403 第 1 次 等待 1 秒
2021-07-02 00:03:25 CHB 1741814?1625155403 第 1 次 获取到号码【1741814】GSD
2021-07-02 00:03:25 未获取到号码【1741814】GSD，可能号码格式错误
2021-07-02 00:03:25 获取到号码【1741814】的GSD为【-】
2021-07-02 00:03:29 GSD insert 第 1 次 等待 1 秒
2021-07-02 00:03:30 {"status":"bad","msg":"添加失败！号码【1741814(-|-)】已存在！"}
2021-07-02 00:03:30 下次操作: 2021-07-02 00:03:41

2021-07-02 00:03:41 开始第 21 次操作

2021-07-02 00:03:41 开始操作号码 【1741815】
2021-07-02 00:03:45 GSD getOne 第 1 次 等待 1 秒
2021-07-02 00:03:46 查询号码 【1741815】，返回信息 {"status":"ok","msg":"-","time_insert":"2021-06-29 10:28"}
2021-07-02 00:03:47 查询号码 【1741815】，GSD为【"-"】
2021-07-02 00:03:47 ok && -
2021-07-02 00:03:48 CHB 1741815?1625155427 第 1 次 等待 1 秒
2021-07-02 00:03:49 CHB 1741815?1625155427 第 1 次 获取到号码【1741815】GSD
2021-07-02 00:03:49 未获取到号码【1741815】GSD，可能号码格式错误
2021-07-02 00:03:49 获取到号码【1741815】的GSD为【-】
2021-07-02 00:03:53 GSD insert 第 1 次 等待 1 秒
2021-07-02 00:03:54 {"status":"bad","msg":"添加失败！号码【1741815(-|-)】已存在！"}
2021-07-02 00:03:54 下次操作: 2021-07-02 00:04:05

2021-07-02 00:04:05 开始第 22 次操作

2021-07-02 00:04:05 开始操作号码 【1741816】
2021-07-02 00:04:11 GSD getOne 第 1 次 等待 1 秒
2021-07-02 00:04:12 查询号码 【1741816】，返回信息 {"status":"ok","msg":"-","time_insert":"2021-06-29 10:29"}
2021-07-02 00:04:12 查询号码 【1741816】，GSD为【"-"】
2021-07-02 00:04:12 ok && -
2021-07-02 00:04:13 CHB 1741816?1625155452 第 1 次 等待 1 秒
2021-07-02 00:04:14 CHB 1741816?1625155452 第 1 次 获取到号码【1741816】GSD
2021-07-02 00:04:14 未获取到号码【1741816】GSD，可能号码格式错误
2021-07-02 00:04:14 获取到号码【1741816】的GSD为【-】
2021-07-02 00:04:17 GSD insert 第 1 次 等待 1 秒
2021-07-02 00:04:18 {"status":"bad","msg":"添加失败！号码【1741816(-|-)】已存在！"}
2021-07-02 00:04:18 下次操作: 2021-07-02 00:04:25

2021-07-02 00:04:25 开始第 23 次操作

2021-07-02 00:04:25 开始操作号码 【1741817】
2021-07-02 00:04:30 GSD getOne 第 1 次 等待 1 秒
2021-07-02 00:04:31 查询号码 【1741817】，返回信息 {"status":"ok","msg":"-","time_insert":"2021-06-29 10:30"}
2021-07-02 00:04:32 查询号码 【1741817】，GSD为【"-"】
2021-07-02 00:04:32 ok && -
2021-07-02 00:04:33 CHB 1741817?1625155472 第 1 次 等待 1 秒
2021-07-02 00:04:34 CHB 1741817?1625155472 第 1 次 获取到号码【1741817】GSD
2021-07-02 00:04:34 未获取到号码【1741817】GSD，可能号码格式错误
2021-07-02 00:04:34 获取到号码【1741817】的GSD为【-】
2021-07-02 00:04:37 GSD insert 第 1 次 等待 1 秒
2021-07-02 00:04:38 {"status":"bad","msg":"添加失败！号码【1741817(-|-)】已存在！"}
2021-07-02 00:04:38 下次操作: 2021-07-02 00:04:53

2021-07-02 00:04:53 开始第 24 次操作

2021-07-02 00:04:53 开始操作号码 【1741818】
2021-07-02 00:04:57 GSD getOne 第 1 次 等待 1 秒
2021-07-02 00:04:58 查询号码 【1741818】，返回信息 {"status":"ok","msg":"-","time_insert":"2021-06-29 10:31"}
2021-07-02 00:04:58 查询号码 【1741818】，GSD为【"-"】
2021-07-02 00:04:58 ok && -
2021-07-02 00:04:59 CHB 1741818?1625155498 第 1 次 等待 1 秒
2021-07-02 00:05:00 CHB 1741818?1625155498 第 1 次 获取到号码【1741818】GSD
2021-07-02 00:05:00 未获取到号码【1741818】GSD，可能号码格式错误
2021-07-02 00:05:00 获取到号码【1741818】的GSD为【-】
2021-07-02 00:05:04 GSD insert 第 1 次 等待 1 秒
2021-07-02 00:05:05 {"status":"bad","msg":"添加失败！号码【1741818(-|-)】已存在！"}
2021-07-02 00:05:05 下次操作: 2021-07-02 00:05:17

2021-07-02 00:05:17 开始第 25 次操作

2021-07-02 00:05:17 开始操作号码 【1741819】
2021-07-02 00:05:24 GSD getOne 第 1 次 等待 1 秒
2021-07-02 00:05:25 查询号码 【1741819】，返回信息 {"status":"ok","msg":"-","time_insert":"2021-06-29 10:32"}
2021-07-02 00:05:25 查询号码 【1741819】，GSD为【"-"】
2021-07-02 00:05:25 ok && -
2021-07-02 00:05:26 CHB 1741819?1625155525 第 1 次 等待 1 秒
2021-07-02 00:05:27 CHB 1741819?1625155525 第 1 次 获取到号码【1741819】GSD
2021-07-02 00:05:27 未获取到号码【1741819】GSD，可能号码格式错误
2021-07-02 00:05:27 获取到号码【1741819】的GSD为【-】
2021-07-02 00:05:30 GSD insert 第 1 次 等待 1 秒
2021-07-02 00:05:31 {"status":"bad","msg":"添加失败！号码【1741819(-|-)】已存在！"}
2021-07-02 00:05:31 下次操作: 2021-07-02 00:05:49

2021-07-02 00:05:49 开始第 26 次操作

2021-07-02 00:05:49 开始操作号码 【1741820】
2021-07-02 00:05:58 GSD getOne 第 1 次 等待 1 秒
2021-07-02 00:05:59 查询号码 【1741820】，返回信息 {"status":"ok","msg":"-","time_insert":"2021-06-29 10:33"}
2021-07-02 00:05:59 查询号码 【1741820】，GSD为【"-"】
2021-07-02 00:05:59 ok && -
2021-07-02 00:06:01 CHB 1741820?1625155559 第 1 次 等待 1 秒
2021-07-02 00:06:02 CHB 1741820?1625155559 第 1 次 获取到号码【1741820】GSD
2021-07-02 00:06:02 未获取到号码【1741820】GSD，可能号码格式错误
2021-07-02 00:06:02 获取到号码【1741820】的GSD为【-】
2021-07-02 00:06:07 GSD insert 第 1 次 等待 1 秒
2021-07-02 00:06:08 {"status":"bad","msg":"添加失败！号码【1741820(-|-)】已存在！"}
2021-07-02 00:06:08 下次操作: 2021-07-02 00:06:16

2021-07-02 00:06:16 开始第 27 次操作

2021-07-02 00:06:16 开始操作号码 【1741821】
2021-07-02 00:06:20 GSD getOne 第 1 次 等待 1 秒
2021-07-02 00:06:21 查询号码 【1741821】，返回信息 {"status":"ok","msg":"-","time_insert":"2021-06-29 10:33"}
2021-07-02 00:06:21 查询号码 【1741821】，GSD为【"-"】
2021-07-02 00:06:21 ok && -
2021-07-02 00:06:22 CHB 1741821?1625155581 第 1 次 等待 1 秒
2021-07-02 00:06:23 CHB 1741821?1625155581 第 1 次 获取到号码【1741821】GSD
2021-07-02 00:06:23 未获取到号码【1741821】GSD，可能号码格式错误
2021-07-02 00:06:23 获取到号码【1741821】的GSD为【-】
2021-07-02 00:06:35 GSD insert 第 1 次 等待 1 秒
2021-07-02 00:06:36 {"status":"bad","msg":"添加失败！号码【1741821(-|-)】已存在！"}
2021-07-02 00:06:36 下次操作: 2021-07-02 00:06:46

2021-07-02 00:06:46 开始第 28 次操作

2021-07-02 00:06:46 开始操作号码 【1741822】
2021-07-02 00:06:57 GSD getOne 第 1 次 等待 1 秒
2021-07-02 00:06:58 查询号码 【1741822】，返回信息 {"status":"ok","msg":"-","time_insert":"2021-06-29 10:34"}
2021-07-02 00:06:58 查询号码 【1741822】，GSD为【"-"】
2021-07-02 00:06:58 ok && -
2021-07-02 00:06:59 CHB 1741822?1625155618 第 1 次 等待 1 秒
2021-07-02 00:07:00 CHB 1741822?1625155618 第 1 次 获取到号码【1741822】GSD
2021-07-02 00:07:00 未获取到号码【1741822】GSD，可能号码格式错误
2021-07-02 00:07:00 获取到号码【1741822】的GSD为【-】
2021-07-02 00:07:04 GSD insert 第 1 次 等待 1 秒
2021-07-02 00:07:05 {"status":"bad","msg":"添加失败！号码【1741822(-|-)】已存在！"}
2021-07-02 00:07:05 下次操作: 2021-07-02 00:07:16

2021-07-02 00:07:16 开始第 29 次操作

2021-07-02 00:07:16 开始操作号码 【1741823】
2021-07-02 00:07:20 GSD getOne 第 1 次 等待 1 秒
2021-07-02 00:07:21 查询号码 【1741823】，返回信息 {"status":"ok","msg":"-","time_insert":"2021-06-29 10:35"}
2021-07-02 00:07:21 查询号码 【1741823】，GSD为【"-"】
2021-07-02 00:07:21 ok && -
2021-07-02 00:07:22 CHB 1741823?1625155641 第 1 次 等待 1 秒
2021-07-02 00:07:23 CHB 1741823?1625155641 第 1 次 获取到号码【1741823】GSD
2021-07-02 00:07:23 未获取到号码【1741823】GSD，可能号码格式错误
2021-07-02 00:07:23 获取到号码【1741823】的GSD为【-】
2021-07-02 00:07:35 GSD insert 第 1 次 等待 1 秒
2021-07-02 00:07:36 {"status":"bad","msg":"添加失败！号码【1741823(-|-)】已存在！"}
2021-07-02 00:07:36 下次操作: 2021-07-02 00:07:45

2021-07-02 00:07:45 开始第 30 次操作

2021-07-02 00:07:45 开始操作号码 【1741824】
2021-07-02 00:07:48 GSD getOne 第 1 次 等待 1 秒
2021-07-02 00:07:49 查询号码 【1741824】，返回信息 {"status":"ok","msg":"-","time_insert":"2021-06-29 10:36"}
2021-07-02 00:07:49 查询号码 【1741824】，GSD为【"-"】
2021-07-02 00:07:49 ok && -
2021-07-02 00:07:52 CHB 1741824?1625155669 第 1 次 等待 1 秒
2021-07-02 00:07:53 CHB 1741824?1625155669 第 1 次 获取到号码【1741824】GSD
2021-07-02 00:07:53 未获取到号码【1741824】GSD，可能号码格式错误
2021-07-02 00:07:53 获取到号码【1741824】的GSD为【-】
2021-07-02 00:07:56 GSD insert 第 1 次 等待 1 秒
2021-07-02 00:07:57 {"status":"bad","msg":"添加失败！号码【1741824(-|-)】已存在！"}

