2024-08-27 00:13:23 开始第 1369 次操作

2024-08-27 00:13:23 开始操作号码 【1441368】
2024-08-27 00:13:32 GSD getOne 第 1 次 等待 3 秒
2024-08-27 00:13:35 查询号码 【1441368】，返回信息 {"status":"ok","msg":"-","gid":"542085","time_insert":"2023-02-20 06:45"}
2024-08-27 00:13:35 查询号码 【1441368】，GSD为【"-"】
2024-08-27 00:13:35 ok && -
2024-08-27 00:13:36 CHB 1441368?1724688815 第 1 次 等待 3 秒
2024-08-27 00:13:39 CHB 1441368?1724688815 第 1 次 获取到号码【1441368】GSD
2024-08-27 00:13:39 未获取到号码【1441368】GSD，可能号码格式错误
2024-08-27 00:13:39 获取到号码【1441368】的GSD为【-】
2024-08-27 00:13:47 GSD insert 第 1 次 等待 3 秒
2024-08-27 00:13:50 {"status":"bad","gid":"542085","msg":"添加失败！号码【1441368(-|-)】已存在！"}
2024-08-27 00:13:50 随机等待 174 秒，约 2 分钟
2024-08-27 00:13:50 下次操作: 2024-08-27 00:16:44

2024-08-27 00:16:44 开始第 1370 次操作

2024-08-27 00:16:44 开始操作号码 【1441369】
2024-08-27 00:16:53 GSD getOne 第 1 次 等待 3 秒
2024-08-27 00:16:56 查询号码 【1441369】，返回信息 {"status":"ok","msg":"-","gid":"542116","time_insert":"2023-02-20 07:02"}
2024-08-27 00:16:56 查询号码 【1441369】，GSD为【"-"】
2024-08-27 00:16:56 ok && -
2024-08-27 00:16:58 CHB 1441369?1724689016 第 1 次 等待 3 秒
2024-08-27 00:17:01 CHB 1441369?1724689016 第 1 次 获取到号码【1441369】GSD
2024-08-27 00:17:01 未获取到号码【1441369】GSD，可能号码格式错误
2024-08-27 00:17:01 获取到号码【1441369】的GSD为【-】
2024-08-27 00:17:08 GSD insert 第 1 次 等待 3 秒
2024-08-27 00:17:11 {"status":"bad","gid":"542116","msg":"添加失败！号码【1441369(-|-)】已存在！"}
2024-08-27 00:17:11 随机等待 179 秒，约 2 分钟
2024-08-27 00:17:11 下次操作: 2024-08-27 00:20:10

2024-08-27 00:20:10 开始第 1371 次操作

2024-08-27 00:20:10 开始操作号码 【1441370】
2024-08-27 00:20:19 GSD getOne 第 1 次 等待 3 秒
2024-08-27 00:20:22 查询号码 【1441370】，返回信息 {"status":"ok","msg":"-","gid":"542133","time_insert":"2023-02-20 07:14"}
2024-08-27 00:20:22 查询号码 【1441370】，GSD为【"-"】
2024-08-27 00:20:22 ok && -
2024-08-27 00:20:24 CHB 1441370?1724689222 第 1 次 等待 3 秒
2024-08-27 00:20:27 CHB 1441370?1724689222 第 1 次 获取到号码【1441370】GSD
2024-08-27 00:20:27 未获取到号码【1441370】GSD，可能号码格式错误
2024-08-27 00:20:27 获取到号码【1441370】的GSD为【-】
2024-08-27 00:20:41 GSD insert 第 1 次 等待 3 秒
2024-08-27 00:20:44 {"status":"bad","gid":"542133","msg":"添加失败！号码【1441370(-|-)】已存在！"}
2024-08-27 00:20:44 随机等待 106 秒，约 1 分钟
2024-08-27 00:20:44 下次操作: 2024-08-27 00:22:30

2024-08-27 00:22:30 开始第 1372 次操作

2024-08-27 00:22:30 开始操作号码 【1441371】
2024-08-27 00:22:37 GSD getOne 第 1 次 等待 3 秒
2024-08-27 00:22:40 查询号码 【1441371】，返回信息 {"status":"ok","msg":"-","gid":"542162","time_insert":"2023-02-20 07:31"}
2024-08-27 00:22:40 查询号码 【1441371】，GSD为【"-"】
2024-08-27 00:22:40 ok && -
2024-08-27 00:22:43 CHB 1441371?1724689360 第 1 次 等待 3 秒
2024-08-27 00:22:46 CHB 1441371?1724689360 第 1 次 获取到号码【1441371】GSD
2024-08-27 00:22:47 未获取到号码【1441371】GSD，可能号码格式错误
2024-08-27 00:22:47 获取到号码【1441371】的GSD为【-】
2024-08-27 00:22:55 GSD insert 第 1 次 等待 3 秒
2024-08-27 00:22:58 {"status":"bad","gid":"542162","msg":"添加失败！号码【1441371(-|-)】已存在！"}

2024-08-27 00:40:42 开始第 1373 次操作

2024-08-27 00:40:42 开始操作号码 【1441372】
2024-08-27 00:40:50 GSD getOne 第 1 次 等待 3 秒
2024-08-27 00:40:53 查询号码 【1441372】，返回信息 {"status":"ok","msg":"-","gid":"542185","time_insert":"2023-02-20 07:43"}
2024-08-27 00:40:53 查询号码 【1441372】，GSD为【"-"】
2024-08-27 00:40:53 ok && -
2024-08-27 00:40:56 CHB 1441372?1724690453 第 1 次 等待 3 秒
2024-08-27 00:40:59 CHB 1441372?1724690453 第 1 次 获取到号码【1441372】GSD
2024-08-27 00:40:59 未获取到号码【1441372】GSD，可能号码格式错误
2024-08-27 00:40:59 获取到号码【1441372】的GSD为【-】
2024-08-27 00:41:08 GSD insert 第 1 次 等待 3 秒
2024-08-27 00:41:11 {"status":"bad","gid":"542185","msg":"添加失败！号码【1441372(-|-)】已存在！"}
2024-08-27 00:41:11 随机等待 152 秒，约 2 分钟
2024-08-27 00:41:11 下次操作: 2024-08-27 00:43:43

2024-08-27 00:43:43 开始第 1374 次操作

2024-08-27 00:43:43 开始操作号码 【1441373】
2024-08-27 00:43:50 GSD getOne 第 1 次 等待 3 秒
2024-08-27 00:43:53 查询号码 【1441373】，返回信息 {"status":"ok","msg":"-","gid":"542209","time_insert":"2023-02-20 07:55"}
2024-08-27 00:43:53 查询号码 【1441373】，GSD为【"-"】
2024-08-27 00:43:53 ok && -
2024-08-27 00:43:56 CHB 1441373?1724690633 第 1 次 等待 3 秒
2024-08-27 00:43:59 CHB 1441373?1724690633 第 1 次 获取到号码【1441373】GSD
2024-08-27 00:43:59 未获取到号码【1441373】GSD，可能号码格式错误
2024-08-27 00:43:59 获取到号码【1441373】的GSD为【-】
2024-08-27 00:44:06 GSD insert 第 1 次 等待 3 秒
2024-08-27 00:44:09 {"status":"bad","gid":"542209","msg":"添加失败！号码【1441373(-|-)】已存在！"}
2024-08-27 00:44:09 随机等待 146 秒，约 2 分钟
2024-08-27 00:44:09 下次操作: 2024-08-27 00:46:35

2024-08-27 00:46:35 开始第 1375 次操作

2024-08-27 00:46:35 开始操作号码 【1441374】
2024-08-27 00:46:43 GSD getOne 第 1 次 等待 3 秒
2024-08-27 00:46:46 查询号码 【1441374】，返回信息 {"status":"ok","msg":"-","gid":"542224","time_insert":"2023-02-20 08:05"}
2024-08-27 00:46:46 查询号码 【1441374】，GSD为【"-"】
2024-08-27 00:46:46 ok && -
2024-08-27 00:46:48 CHB 1441374?1724690806 第 1 次 等待 3 秒
2024-08-27 00:46:51 CHB 1441374?1724690806 第 1 次 获取到号码【1441374】GSD
2024-08-27 00:46:51 未获取到号码【1441374】GSD，可能号码格式错误
2024-08-27 00:46:51 获取到号码【1441374】的GSD为【-】
2024-08-27 00:47:00 GSD insert 第 1 次 等待 3 秒
2024-08-27 00:47:03 {"status":"bad","gid":"542224","msg":"添加失败！号码【1441374(-|-)】已存在！"}
2024-08-27 00:47:03 随机等待 107 秒，约 1 分钟
2024-08-27 00:47:03 下次操作: 2024-08-27 00:48:50

2024-08-27 00:48:50 开始第 1376 次操作

2024-08-27 00:48:50 开始操作号码 【1441375】
2024-08-27 00:48:58 GSD getOne 第 1 次 等待 3 秒
2024-08-27 00:49:01 查询号码 【1441375】，返回信息 {"status":"ok","msg":"-","gid":"542238","time_insert":"2023-02-20 08:19"}
2024-08-27 00:49:01 查询号码 【1441375】，GSD为【"-"】
2024-08-27 00:49:01 ok && -
2024-08-27 00:49:03 CHB 1441375?1724690941 第 1 次 等待 3 秒
2024-08-27 00:49:06 CHB 1441375?1724690941 第 1 次 获取到号码【1441375】GSD
2024-08-27 00:49:06 未获取到号码【1441375】GSD，可能号码格式错误
2024-08-27 00:49:06 获取到号码【1441375】的GSD为【-】
2024-08-27 00:49:13 GSD insert 第 1 次 等待 3 秒
2024-08-27 00:49:16 {"status":"bad","gid":"542238","msg":"添加失败！号码【1441375(-|-)】已存在！"}

