2024-07-21 00:11:20 开始第 7753 次操作

2024-07-21 00:11:20 开始操作号码 【1557662】
2024-07-21 00:11:28 GSD getOne 第 1 次 等待 3 秒
2024-07-21 00:11:31 查询号码 【1557662】，返回信息 {"status":"ok","msg":"湖南-长沙","gid":"394260","time_insert":"2021-07-25 22:01"}
2024-07-21 00:11:31 查询号码 【1557662】，GSD为【"湖南-长沙"】

2024-07-21 00:11:32 开始第 7754 次操作

2024-07-21 00:11:32 开始操作号码 【1557663】
2024-07-21 00:11:41 GSD getOne 第 1 次 等待 3 秒
2024-07-21 00:11:44 查询号码 【1557663】，返回信息 {"status":"ok","msg":"湖南-长沙","gid":"394248","time_insert":"2021-07-25 22:00","time_update":"2021-07-25 22:48"}
2024-07-21 00:11:44 查询号码 【1557663】，GSD为【"湖南-长沙"】

2024-07-21 00:11:45 开始第 7755 次操作

2024-07-21 00:11:45 开始操作号码 【1557664】
2024-07-21 00:11:53 GSD getOne 第 1 次 等待 3 秒
2024-07-21 00:11:56 查询号码 【1557664】，返回信息 {"status":"ok","msg":"湖南-长沙","gid":"394235","time_insert":"2021-07-25 21:59"}
2024-07-21 00:11:56 查询号码 【1557664】，GSD为【"湖南-长沙"】

2024-07-21 00:11:57 开始第 7756 次操作

2024-07-21 00:11:57 开始操作号码 【1557665】
2024-07-21 00:12:07 GSD getOne 第 1 次 等待 3 秒
2024-07-21 00:12:10 查询号码 【1557665】，返回信息 {"status":"ok","msg":"湖南-长沙","gid":"394222","time_insert":"2021-07-25 21:58"}
2024-07-21 00:12:10 查询号码 【1557665】，GSD为【"湖南-长沙"】

2024-07-21 00:37:10 开始第 7757 次操作

2024-07-21 00:37:10 开始操作号码 【1557666】
2024-07-21 00:37:20 GSD getOne 第 1 次 等待 3 秒
2024-07-21 00:37:23 查询号码 【1557666】，返回信息 {"status":"ok","msg":"湖南-长沙","gid":"394207","time_insert":"2021-07-25 21:58"}
2024-07-21 00:37:23 查询号码 【1557666】，GSD为【"湖南-长沙"】

2024-07-21 00:37:24 开始第 7758 次操作

2024-07-21 00:37:24 开始操作号码 【1557667】
2024-07-21 00:37:36 GSD getOne 第 1 次 等待 3 秒
2024-07-21 00:37:39 查询号码 【1557667】，返回信息 {"status":"ok","msg":"湖南-长沙","gid":"394193","time_insert":"2021-07-25 21:57"}
2024-07-21 00:37:39 查询号码 【1557667】，GSD为【"湖南-长沙"】

2024-07-21 00:37:40 开始第 7759 次操作

2024-07-21 00:37:40 开始操作号码 【1557668】
2024-07-21 00:37:48 GSD getOne 第 1 次 等待 3 秒
2024-07-21 00:37:51 查询号码 【1557668】，返回信息 {"status":"ok","msg":"湖南-长沙","gid":"394182","time_insert":"2021-07-25 21:56"}
2024-07-21 00:37:52 查询号码 【1557668】，GSD为【"湖南-长沙"】

2024-07-21 00:37:53 开始第 7760 次操作

2024-07-21 00:37:53 开始操作号码 【1557669】
2024-07-21 00:38:03 GSD getOne 第 1 次 等待 3 秒
2024-07-21 00:38:06 查询号码 【1557669】，返回信息 {"status":"ok","msg":"湖南-长沙","gid":"394078","time_insert":"2021-07-25 21:50","time_update":"2021-07-25 21:55"}
2024-07-21 00:38:06 查询号码 【1557669】，GSD为【"湖南-长沙"】

