2024-06-12 00:12:30 开始第 685 次操作

2024-06-12 00:12:30 开始操作号码 【1550599】
2024-06-12 00:12:57 GSD getOne 第 1 次 等待 3 秒
2024-06-12 00:13:00 查询号码 【1550599】，返回信息 {"status":"ok","msg":"福建-南平","gid":"92822","time_insert":"2021-06-12 11:09"}
2024-06-12 00:13:00 查询号码 【1550599】，GSD为【"福建-南平"】

2024-06-12 00:13:01 开始第 686 次操作

2024-06-12 00:13:01 开始操作号码 【1550600】
2024-06-12 00:13:09 GSD getOne 第 1 次 等待 3 秒
2024-06-12 00:13:12 查询号码 【1550600】，返回信息 {"status":"ok","msg":"吉林-长春","gid":"92844","time_insert":"2021-06-12 11:26"}
2024-06-12 00:13:12 查询号码 【1550600】，GSD为【"吉林-长春"】

2024-06-12 00:13:13 开始第 687 次操作

2024-06-12 00:13:13 开始操作号码 【1550601】
2024-06-12 00:13:19 GSD getOne 第 1 次 等待 3 秒
2024-06-12 00:13:22 查询号码 【1550601】，返回信息 {"status":"ok","msg":"吉林-长春","gid":"92867","time_insert":"2021-06-12 11:43"}
2024-06-12 00:13:22 查询号码 【1550601】，GSD为【"吉林-长春"】

2024-06-12 00:13:23 开始第 688 次操作

2024-06-12 00:13:23 开始操作号码 【1550602】
2024-06-12 00:13:28 GSD getOne 第 1 次 等待 3 秒
2024-06-12 00:13:31 查询号码 【1550602】，返回信息 {"status":"ok","msg":"吉林-吉林","gid":"92889","time_insert":"2021-06-12 12:00"}
2024-06-12 00:13:31 查询号码 【1550602】，GSD为【"吉林-吉林"】

