2021-08-04 00:04:55 开始第 12 次操作

2021-08-04 00:04:55 开始操作号码 【1955912】
2021-08-04 00:05:08 GSD getOne 第 1 次 等待 3 秒
2021-08-04 00:05:11 查询号码 【1955912】，返回信息 {"status":"bad","msg":""}
2021-08-04 00:05:11 查询号码 【1955912】，GSD为【""】
2021-08-04 00:05:11 bad
2021-08-04 00:05:12 CHB 1955912?1628006711 第 1 次 等待 3 秒
2021-08-04 00:05:15 CHB 1955912?1628006711 第 1 次 获取到号码【1955912】GSD
2021-08-04 00:05:15 获取到号码【1955912】的GSD为【福建-福州】
2021-08-04 00:05:32 GSD insert 第 1 次 等待 3 秒
2021-08-04 00:05:35 {"status":"ok","gid":493466,"msg":"添加成功！"}
2021-08-04 00:05:35 下次操作: 2021-08-04 00:05:50

2021-08-04 00:05:50 开始第 13 次操作

2021-08-04 00:05:50 开始操作号码 【1955911】
2021-08-04 00:06:03 GSD getOne 第 1 次 等待 3 秒
2021-08-04 00:06:06 查询号码 【1955911】，返回信息 {"status":"bad","msg":""}
2021-08-04 00:06:06 查询号码 【1955911】，GSD为【""】
2021-08-04 00:06:06 bad
2021-08-04 00:06:13 CHB 1955911?1628006766 第 1 次 等待 3 秒
2021-08-04 00:06:16 CHB 1955911?1628006766 第 1 次 获取到号码【1955911】GSD
2021-08-04 00:06:16 获取到号码【1955911】的GSD为【福建-福州】
2021-08-04 00:06:25 GSD insert 第 1 次 等待 3 秒
2021-08-04 00:06:28 {"status":"ok","gid":493471,"msg":"添加成功！"}
2021-08-04 00:06:28 下次操作: 2021-08-04 00:06:43

2021-08-04 00:06:43 开始第 14 次操作

2021-08-04 00:06:43 开始操作号码 【1955910】
2021-08-04 00:07:01 GSD getOne 第 1 次 等待 3 秒
2021-08-04 00:07:04 查询号码 【1955910】，返回信息 {"status":"bad","msg":""}
2021-08-04 00:07:05 查询号码 【1955910】，GSD为【""】
2021-08-04 00:07:05 bad
2021-08-04 00:07:07 CHB 1955910?1628006825 第 1 次 等待 3 秒
2021-08-04 00:07:10 CHB 1955910?1628006825 第 1 次 获取到号码【1955910】GSD
2021-08-04 00:07:10 获取到号码【1955910】的GSD为【福建-福州】
2021-08-04 00:07:24 GSD insert 第 1 次 等待 3 秒
2021-08-04 00:07:27 {"status":"ok","gid":493475,"msg":"添加成功！"}
2021-08-04 00:07:27 下次操作: 2021-08-04 00:07:45

2021-08-04 00:07:45 开始第 15 次操作

2021-08-04 00:07:45 开始操作号码 【1955909】
2021-08-04 00:08:00 GSD getOne 第 1 次 等待 3 秒
2021-08-04 00:08:03 查询号码 【1955909】，返回信息 {"status":"bad","msg":""}
2021-08-04 00:08:03 查询号码 【1955909】，GSD为【""】
2021-08-04 00:08:03 bad
2021-08-04 00:08:05 CHB 1955909?1628006883 第 1 次 等待 3 秒
2021-08-04 00:08:08 CHB 1955909?1628006883 第 1 次 获取到号码【1955909】GSD
2021-08-04 00:08:08 获取到号码【1955909】的GSD为【福建-福州】
2021-08-04 00:08:31 GSD insert 第 1 次 等待 3 秒
2021-08-04 00:08:34 {"status":"ok","gid":493483,"msg":"添加成功！"}
2021-08-04 00:08:34 下次操作: 2021-08-04 00:08:47

2021-08-04 00:08:47 开始第 16 次操作

2021-08-04 00:08:47 开始操作号码 【1955908】
2021-08-04 00:09:06 GSD getOne 第 1 次 等待 3 秒
2021-08-04 00:09:09 查询号码 【1955908】，返回信息 {"status":"bad","msg":""}
2021-08-04 00:09:09 查询号码 【1955908】，GSD为【""】
2021-08-04 00:09:09 bad
2021-08-04 00:09:11 CHB 1955908?1628006949 第 1 次 等待 3 秒
2021-08-04 00:09:14 CHB 1955908?1628006949 第 1 次 获取到号码【1955908】GSD
2021-08-04 00:09:14 获取到号码【1955908】的GSD为【福建-泉州】
2021-08-04 00:09:36 GSD insert 第 1 次 等待 3 秒
2021-08-04 00:09:39 {"status":"ok","gid":493489,"msg":"添加成功！"}
2021-08-04 00:09:39 下次操作: 2021-08-04 00:09:51

2021-08-04 00:09:51 开始第 17 次操作

2021-08-04 00:09:51 开始操作号码 【1955907】
2021-08-04 00:10:25 GSD getOne 第 1 次 等待 3 秒
2021-08-04 00:10:28 查询号码 【1955907】，返回信息 {"status":"bad","msg":""}
2021-08-04 00:10:28 查询号码 【1955907】，GSD为【""】
2021-08-04 00:10:28 bad
2021-08-04 00:10:29 CHB 1955907?1628007028 第 1 次 等待 3 秒
2021-08-04 00:10:32 CHB 1955907?1628007028 第 1 次 获取到号码【1955907】GSD
2021-08-04 00:10:32 获取到号码【1955907】的GSD为【福建-泉州】
2021-08-04 00:10:45 GSD insert 第 1 次 等待 3 秒
2021-08-04 00:10:48 {"status":"ok","gid":493494,"msg":"添加成功！"}
2021-08-04 00:10:48 下次操作: 2021-08-04 00:11:09

2021-08-04 00:11:09 开始第 18 次操作

2021-08-04 00:11:09 开始操作号码 【1955906】
2021-08-04 00:11:54 GSD getOne 第 1 次 等待 3 秒
2021-08-04 00:11:57 查询号码 【1955906】，返回信息 {"status":"bad","msg":""}
2021-08-04 00:11:57 查询号码 【1955906】，GSD为【""】
2021-08-04 00:11:57 bad
2021-08-04 00:11:59 CHB 1955906?1628007117 第 1 次 等待 3 秒
2021-08-04 00:12:02 CHB 1955906?1628007117 第 1 次 获取到号码【1955906】GSD
2021-08-04 00:12:02 获取到号码【1955906】的GSD为【福建-泉州】
2021-08-04 00:12:20 GSD insert 第 1 次 等待 3 秒
2021-08-04 00:12:23 {"status":"ok","gid":493504,"msg":"添加成功！"}
2021-08-04 00:12:23 下次操作: 2021-08-04 00:12:39

2021-08-04 00:12:39 开始第 19 次操作

2021-08-04 00:12:39 开始操作号码 【1955905】
2021-08-04 00:12:52 GSD getOne 第 1 次 等待 3 秒
2021-08-04 00:12:55 查询号码 【1955905】，返回信息 {"status":"bad","msg":""}
2021-08-04 00:12:55 查询号码 【1955905】，GSD为【""】
2021-08-04 00:12:55 bad
2021-08-04 00:12:57 CHB 1955905?1628007175 第 1 次 等待 3 秒
2021-08-04 00:13:00 CHB 1955905?1628007175 第 1 次 获取到号码【1955905】GSD
2021-08-04 00:13:00 获取到号码【1955905】的GSD为【福建-泉州】
2021-08-04 00:13:10 GSD insert 第 1 次 等待 3 秒
2021-08-04 00:13:13 {"status":"ok","gid":493510,"msg":"添加成功！"}
2021-08-04 00:13:13 下次操作: 2021-08-04 00:13:30

2021-08-04 00:13:30 开始第 20 次操作

2021-08-04 00:13:30 开始操作号码 【1955904】
2021-08-04 00:13:40 GSD getOne 第 1 次 等待 3 秒
2021-08-04 00:13:43 查询号码 【1955904】，返回信息 {"status":"bad","msg":""}
2021-08-04 00:13:43 查询号码 【1955904】，GSD为【""】
2021-08-04 00:13:43 bad
2021-08-04 00:13:45 CHB 1955904?1628007223 第 1 次 等待 3 秒
2021-08-04 00:13:48 CHB 1955904?1628007223 第 1 次 获取到号码【1955904】GSD
2021-08-04 00:13:48 获取到号码【1955904】的GSD为【福建-漳州】
2021-08-04 00:14:09 GSD insert 第 1 次 等待 3 秒
2021-08-04 00:14:12 {"status":"ok","gid":493513,"msg":"添加成功！"}
2021-08-04 00:14:12 下次操作: 2021-08-04 00:14:36

2021-08-04 00:14:36 开始第 21 次操作

2021-08-04 00:14:36 开始操作号码 【1955903】
2021-08-04 00:15:06 GSD getOne 第 1 次 等待 3 秒
2021-08-04 00:15:09 查询号码 【1955903】，返回信息 {"status":"bad","msg":""}
2021-08-04 00:15:09 查询号码 【1955903】，GSD为【""】
2021-08-04 00:15:09 bad
2021-08-04 00:15:10 CHB 1955903?1628007309 第 1 次 等待 3 秒
2021-08-04 00:15:13 CHB 1955903?1628007309 第 1 次 获取到号码【1955903】GSD
2021-08-04 00:15:14 获取到号码【1955903】的GSD为【福建-漳州】
2021-08-04 00:15:34 GSD insert 第 1 次 等待 3 秒
2021-08-04 00:15:37 {"status":"ok","gid":493522,"msg":"添加成功！"}
2021-08-04 00:15:37 下次操作: 2021-08-04 00:15:50

2021-08-04 00:15:50 开始第 22 次操作

2021-08-04 00:15:50 开始操作号码 【1955902】
2021-08-04 00:16:01 GSD getOne 第 1 次 等待 3 秒
2021-08-04 00:16:04 查询号码 【1955902】，返回信息 {"status":"bad","msg":""}
2021-08-04 00:16:04 查询号码 【1955902】，GSD为【""】
2021-08-04 00:16:04 bad
2021-08-04 00:16:06 CHB 1955902?1628007364 第 1 次 等待 3 秒
2021-08-04 00:16:09 CHB 1955902?1628007364 第 1 次 获取到号码【1955902】GSD
2021-08-04 00:16:09 获取到号码【1955902】的GSD为【福建-漳州】
2021-08-04 00:17:04 GSD insert 第 1 次 等待 3 秒
2021-08-04 00:17:07 {"status":"ok","gid":493531,"msg":"添加成功！"}
2021-08-04 00:17:07 下次操作: 2021-08-04 00:17:25

2021-08-04 00:17:25 开始第 23 次操作

2021-08-04 00:17:25 开始操作号码 【1955901】
2021-08-04 00:17:41 GSD getOne 第 1 次 等待 3 秒
2021-08-04 00:17:44 查询号码 【1955901】，返回信息 {"status":"bad","msg":""}
2021-08-04 00:17:44 查询号码 【1955901】，GSD为【""】
2021-08-04 00:17:44 bad
2021-08-04 00:17:46 CHB 1955901?1628007464 第 1 次 等待 3 秒
2021-08-04 00:17:49 CHB 1955901?1628007464 第 1 次 获取到号码【1955901】GSD
2021-08-04 00:17:49 获取到号码【1955901】的GSD为【福建-漳州】
2021-08-04 00:18:06 GSD insert 第 1 次 等待 3 秒
2021-08-04 00:18:09 {"status":"ok","gid":493538,"msg":"添加成功！"}
2021-08-04 00:18:09 下次操作: 2021-08-04 00:18:22

2021-08-04 00:18:22 开始第 24 次操作

2021-08-04 00:18:22 开始操作号码 【1955900】
2021-08-04 00:18:58 GSD getOne 第 1 次 等待 3 秒
2021-08-04 00:19:01 查询号码 【1955900】，返回信息 {"status":"bad","msg":""}
2021-08-04 00:19:01 查询号码 【1955900】，GSD为【""】
2021-08-04 00:19:01 bad
2021-08-04 00:19:03 CHB 1955900?1628007541 第 1 次 等待 3 秒
2021-08-04 00:19:06 CHB 1955900?1628007541 第 1 次 获取到号码【1955900】GSD
2021-08-04 00:19:06 获取到号码【1955900】的GSD为【福建-漳州】
2021-08-04 00:19:39 GSD insert 第 1 次 等待 3 秒
2021-08-04 00:19:42 {"status":"ok","gid":493544,"msg":"添加成功！"}
2021-08-04 00:19:42 下次操作: 2021-08-04 00:20:01

2021-08-04 00:20:01 开始第 25 次操作

2021-08-04 00:20:01 开始操作号码 【1955899】
2021-08-04 00:20:07 GSD getOne 第 1 次 等待 3 秒
2021-08-04 00:20:10 查询号码 【1955899】，返回信息 {"status":"bad","msg":""}
2021-08-04 00:20:10 查询号码 【1955899】，GSD为【""】
2021-08-04 00:20:10 bad
2021-08-04 00:20:12 CHB 1955899?1628007610 第 1 次 等待 3 秒
2021-08-04 00:20:15 CHB 1955899?1628007610 第 1 次 获取到号码【1955899】GSD
2021-08-04 00:20:15 获取到号码【1955899】的GSD为【山东-烟台】
2021-08-04 00:20:35 GSD insert 第 1 次 等待 3 秒
2021-08-04 00:20:38 {"status":"ok","gid":493551,"msg":"添加成功！"}
2021-08-04 00:20:38 下次操作: 2021-08-04 00:20:53

2021-08-04 00:20:53 开始第 26 次操作

2021-08-04 00:20:53 开始操作号码 【1955898】
2021-08-04 00:21:49 GSD getOne 第 1 次 等待 3 秒
2021-08-04 00:21:52 查询号码 【1955898】，返回信息 {"status":"bad","msg":""}
2021-08-04 00:21:52 查询号码 【1955898】，GSD为【""】
2021-08-04 00:21:52 bad
2021-08-04 00:21:54 CHB 1955898?1628007712 第 1 次 等待 3 秒
2021-08-04 00:21:57 CHB 1955898?1628007712 第 1 次 获取到号码【1955898】GSD
2021-08-04 00:21:57 获取到号码【1955898】的GSD为【山东-烟台】
2021-08-04 00:22:11 GSD insert 第 1 次 等待 3 秒
2021-08-04 00:22:14 {"status":"ok","gid":493557,"msg":"添加成功！"}
2021-08-04 00:22:14 下次操作: 2021-08-04 00:22:38

2021-08-04 00:22:38 开始第 27 次操作

2021-08-04 00:22:38 开始操作号码 【1955897】
2021-08-04 00:22:52 GSD getOne 第 1 次 等待 3 秒
2021-08-04 00:22:55 查询号码 【1955897】，返回信息 {"status":"bad","msg":""}
2021-08-04 00:22:55 查询号码 【1955897】，GSD为【""】
2021-08-04 00:22:55 bad
2021-08-04 00:22:57 CHB 1955897?1628007775 第 1 次 等待 3 秒
2021-08-04 00:23:00 CHB 1955897?1628007775 第 1 次 获取到号码【1955897】GSD
2021-08-04 00:23:00 获取到号码【1955897】的GSD为【山东-烟台】
2021-08-04 00:23:37 GSD insert 第 1 次 等待 3 秒
2021-08-04 00:23:40 {"status":"ok","gid":493566,"msg":"添加成功！"}
2021-08-04 00:23:40 下次操作: 2021-08-04 00:24:01

2021-08-04 00:24:01 开始第 28 次操作

2021-08-04 00:24:01 开始操作号码 【1955896】
2021-08-04 00:24:17 GSD getOne 第 1 次 等待 3 秒
2021-08-04 00:24:20 查询号码 【1955896】，返回信息 {"status":"bad","msg":""}
2021-08-04 00:24:20 查询号码 【1955896】，GSD为【""】
2021-08-04 00:24:20 bad
2021-08-04 00:24:22 CHB 1955896?1628007860 第 1 次 等待 3 秒
2021-08-04 00:24:25 CHB 1955896?1628007860 第 1 次 获取到号码【1955896】GSD
2021-08-04 00:24:25 获取到号码【1955896】的GSD为【山东-烟台】
2021-08-04 00:24:45 GSD insert 第 1 次 等待 3 秒
2021-08-04 00:24:48 {"status":"ok","gid":493572,"msg":"添加成功！"}
2021-08-04 00:24:48 下次操作: 2021-08-04 00:25:07

2021-08-04 00:25:07 开始第 29 次操作

2021-08-04 00:25:07 开始操作号码 【1955895】
2021-08-04 00:25:29 GSD getOne 第 1 次 等待 3 秒
2021-08-04 00:25:32 查询号码 【1955895】，返回信息 {"status":"bad","msg":""}
2021-08-04 00:25:32 查询号码 【1955895】，GSD为【""】
2021-08-04 00:25:32 bad
2021-08-04 00:25:34 CHB 1955895?1628007932 第 1 次 等待 3 秒
2021-08-04 00:25:37 CHB 1955895?1628007932 第 1 次 获取到号码【1955895】GSD
2021-08-04 00:25:37 获取到号码【1955895】的GSD为【山东-烟台】
2021-08-04 00:26:09 GSD insert 第 1 次 等待 3 秒
2021-08-04 00:26:12 {"status":"ok","gid":493579,"msg":"添加成功！"}
2021-08-04 00:26:12 下次操作: 2021-08-04 00:26:27

2021-08-04 00:26:27 开始第 30 次操作

2021-08-04 00:26:27 开始操作号码 【1955894】
2021-08-04 00:26:45 GSD getOne 第 1 次 等待 3 秒
2021-08-04 00:26:48 查询号码 【1955894】，返回信息 {"status":"bad","msg":""}
2021-08-04 00:26:48 查询号码 【1955894】，GSD为【""】
2021-08-04 00:26:48 bad
2021-08-04 00:26:50 CHB 1955894?1628008008 第 1 次 等待 3 秒
2021-08-04 00:26:53 CHB 1955894?1628008008 第 1 次 获取到号码【1955894】GSD
2021-08-04 00:26:53 获取到号码【1955894】的GSD为【山东-烟台】
2021-08-04 00:27:05 GSD insert 第 1 次 等待 3 秒
2021-08-04 00:27:08 {"status":"ok","gid":493585,"msg":"添加成功！"}
2021-08-04 00:27:08 下次操作: 2021-08-04 00:27:30

2021-08-04 00:27:30 开始第 31 次操作

2021-08-04 00:27:30 开始操作号码 【1955893】
2021-08-04 00:27:53 GSD getOne 第 1 次 等待 3 秒
2021-08-04 00:27:56 查询号码 【1955893】，返回信息 {"status":"bad","msg":""}
2021-08-04 00:27:56 查询号码 【1955893】，GSD为【""】
2021-08-04 00:27:56 bad
2021-08-04 00:27:58 CHB 1955893?1628008076 第 1 次 等待 3 秒
2021-08-04 00:28:01 CHB 1955893?1628008076 第 1 次 获取到号码【1955893】GSD
2021-08-04 00:28:02 获取到号码【1955893】的GSD为【山东-烟台】
2021-08-04 00:28:18 GSD insert 第 1 次 等待 3 秒
2021-08-04 00:28:21 {"status":"ok","gid":493593,"msg":"添加成功！"}
2021-08-04 00:28:21 下次操作: 2021-08-04 00:28:39

2021-08-04 00:28:39 开始第 32 次操作

2021-08-04 00:28:39 开始操作号码 【1955892】
2021-08-04 00:28:56 GSD getOne 第 1 次 等待 3 秒
2021-08-04 00:28:59 查询号码 【1955892】，返回信息 {"status":"bad","msg":""}
2021-08-04 00:28:59 查询号码 【1955892】，GSD为【""】
2021-08-04 00:28:59 bad
2021-08-04 00:29:01 CHB 1955892?1628008139 第 1 次 等待 3 秒
2021-08-04 00:29:04 CHB 1955892?1628008139 第 1 次 获取到号码【1955892】GSD
2021-08-04 00:29:04 获取到号码【1955892】的GSD为【山东-烟台】
2021-08-04 00:29:24 GSD insert 第 1 次 等待 3 秒
2021-08-04 00:29:27 {"status":"ok","gid":493601,"msg":"添加成功！"}
2021-08-04 00:29:27 下次操作: 2021-08-04 00:29:51

2021-08-04 00:29:51 开始第 33 次操作

2021-08-04 00:29:51 开始操作号码 【1955891】
2021-08-04 00:29:58 GSD getOne 第 1 次 等待 3 秒
2021-08-04 00:30:01 查询号码 【1955891】，返回信息 {"status":"bad","msg":""}
2021-08-04 00:30:01 查询号码 【1955891】，GSD为【""】
2021-08-04 00:30:01 bad
2021-08-04 00:30:04 CHB 1955891?1628008201 第 1 次 等待 3 秒
2021-08-04 00:30:07 CHB 1955891?1628008201 第 1 次 获取到号码【1955891】GSD
2021-08-04 00:30:07 获取到号码【1955891】的GSD为【山东-烟台】
2021-08-04 00:30:48 GSD insert 第 1 次 等待 3 秒
2021-08-04 00:30:51 {"status":"ok","gid":493609,"msg":"添加成功！"}
2021-08-04 00:30:51 下次操作: 2021-08-04 00:31:11

2021-08-04 00:31:11 开始第 34 次操作

2021-08-04 00:31:11 开始操作号码 【1955890】
2021-08-04 00:31:29 GSD getOne 第 1 次 等待 3 秒
2021-08-04 00:31:32 查询号码 【1955890】，返回信息 {"status":"bad","msg":""}
2021-08-04 00:31:32 查询号码 【1955890】，GSD为【""】
2021-08-04 00:31:32 bad
2021-08-04 00:31:34 CHB 1955890?1628008292 第 1 次 等待 3 秒
2021-08-04 00:31:37 CHB 1955890?1628008292 第 1 次 获取到号码【1955890】GSD
2021-08-04 00:31:37 获取到号码【1955890】的GSD为【山东-烟台】
2021-08-04 00:31:54 GSD insert 第 1 次 等待 3 秒
2021-08-04 00:31:57 {"status":"ok","gid":493615,"msg":"添加成功！"}
2021-08-04 00:31:57 下次操作: 2021-08-04 00:32:14

2021-08-04 00:32:14 开始第 35 次操作

2021-08-04 00:32:14 开始操作号码 【1955889】
2021-08-04 00:32:37 GSD getOne 第 1 次 等待 3 秒
2021-08-04 00:32:40 查询号码 【1955889】，返回信息 {"status":"bad","msg":""}
2021-08-04 00:32:40 查询号码 【1955889】，GSD为【""】
2021-08-04 00:32:40 bad
2021-08-04 00:32:41 CHB 1955889?1628008360 第 1 次 等待 3 秒
2021-08-04 00:32:44 CHB 1955889?1628008360 第 1 次 获取到号码【1955889】GSD
2021-08-04 00:32:44 未获取到号码【1955889】GSD，可能号码格式错误
2021-08-04 00:32:44 获取到号码【1955889】的GSD为【-】
2021-08-04 00:33:22 GSD insert 第 1 次 等待 3 秒
2021-08-04 00:33:25 {"status":"ok","gid":493622,"msg":"添加成功！"}
2021-08-04 00:33:25 下次操作: 2021-08-04 00:33:45

2021-08-04 00:33:45 开始第 36 次操作

2021-08-04 00:33:45 开始操作号码 【1955888】
2021-08-04 00:33:55 GSD getOne 第 1 次 等待 3 秒
2021-08-04 00:33:58 查询号码 【1955888】，返回信息 {"status":"bad","msg":""}
2021-08-04 00:33:59 查询号码 【1955888】，GSD为【""】
2021-08-04 00:33:59 bad
2021-08-04 00:34:00 CHB 1955888?1628008439 第 1 次 等待 3 秒
2021-08-04 00:34:03 CHB 1955888?1628008439 第 1 次 获取到号码【1955888】GSD
2021-08-04 00:34:03 未获取到号码【1955888】GSD，可能号码格式错误
2021-08-04 00:34:03 获取到号码【1955888】的GSD为【-】
2021-08-04 00:34:27 GSD insert 第 1 次 等待 3 秒
2021-08-04 00:34:30 {"status":"ok","gid":493630,"msg":"添加成功！"}
2021-08-04 00:34:30 下次操作: 2021-08-04 00:34:46

2021-08-04 00:34:46 开始第 37 次操作

2021-08-04 00:34:46 开始操作号码 【1955887】
2021-08-04 00:35:01 GSD getOne 第 1 次 等待 3 秒
2021-08-04 00:35:04 查询号码 【1955887】，返回信息 {"status":"bad","msg":""}
2021-08-04 00:35:04 查询号码 【1955887】，GSD为【""】
2021-08-04 00:35:04 bad
2021-08-04 00:35:06 CHB 1955887?1628008504 第 1 次 等待 3 秒
2021-08-04 00:35:09 CHB 1955887?1628008504 第 1 次 获取到号码【1955887】GSD
2021-08-04 00:35:09 未获取到号码【1955887】GSD，可能号码格式错误
2021-08-04 00:35:09 获取到号码【1955887】的GSD为【-】
2021-08-04 00:35:38 GSD insert 第 1 次 等待 3 秒
2021-08-04 00:35:41 {"status":"ok","gid":493638,"msg":"添加成功！"}
2021-08-04 00:35:41 下次操作: 2021-08-04 00:35:59

2021-08-04 00:35:59 开始第 38 次操作

2021-08-04 00:35:59 开始操作号码 【1955886】
2021-08-04 00:36:33 GSD getOne 第 1 次 等待 3 秒
2021-08-04 00:36:36 查询号码 【1955886】，返回信息 {"status":"bad","msg":""}
2021-08-04 00:36:36 查询号码 【1955886】，GSD为【""】
2021-08-04 00:36:36 bad
2021-08-04 00:36:39 CHB 1955886?1628008596 第 1 次 等待 3 秒
2021-08-04 00:36:42 CHB 1955886?1628008596 第 1 次 获取到号码【1955886】GSD
2021-08-04 00:36:42 未获取到号码【1955886】GSD，可能号码格式错误
2021-08-04 00:36:42 获取到号码【1955886】的GSD为【-】
2021-08-04 00:37:17 GSD insert 第 1 次 等待 3 秒
2021-08-04 00:37:20 {"status":"ok","gid":493645,"msg":"添加成功！"}
2021-08-04 00:37:20 下次操作: 2021-08-04 00:37:32

2021-08-04 00:37:32 开始第 39 次操作

2021-08-04 00:37:32 开始操作号码 【1955885】
2021-08-04 00:38:23 GSD getOne 第 1 次 等待 3 秒
2021-08-04 00:38:26 查询号码 【1955885】，返回信息 {"status":"bad","msg":""}
2021-08-04 00:38:26 查询号码 【1955885】，GSD为【""】
2021-08-04 00:38:26 bad
2021-08-04 00:38:28 CHB 1955885?1628008706 第 1 次 等待 3 秒
2021-08-04 00:38:31 CHB 1955885?1628008706 第 1 次 获取到号码【1955885】GSD
2021-08-04 00:38:31 未获取到号码【1955885】GSD，可能号码格式错误
2021-08-04 00:38:31 获取到号码【1955885】的GSD为【-】
2021-08-04 00:38:44 GSD insert 第 1 次 等待 3 秒
2021-08-04 00:38:47 {"status":"ok","gid":493652,"msg":"添加成功！"}
2021-08-04 00:38:47 下次操作: 2021-08-04 00:39:05

2021-08-04 00:39:05 开始第 40 次操作

2021-08-04 00:39:05 开始操作号码 【1955884】
2021-08-04 00:39:23 GSD getOne 第 1 次 等待 3 秒
2021-08-04 00:39:26 查询号码 【1955884】，返回信息 {"status":"bad","msg":""}
2021-08-04 00:39:26 查询号码 【1955884】，GSD为【""】
2021-08-04 00:39:26 bad
2021-08-04 00:39:28 CHB 1955884?1628008766 第 1 次 等待 3 秒
2021-08-04 00:39:31 CHB 1955884?1628008766 第 1 次 获取到号码【1955884】GSD
2021-08-04 00:39:31 未获取到号码【1955884】GSD，可能号码格式错误
2021-08-04 00:39:31 获取到号码【1955884】的GSD为【-】
2021-08-04 00:39:50 GSD insert 第 1 次 等待 3 秒
2021-08-04 00:39:53 {"status":"ok","gid":493657,"msg":"添加成功！"}

