2023-10-25 00:11:31 开始第 5061 次操作

2023-10-25 00:11:31 开始操作号码 【1984974】
2023-10-25 00:11:37 GSD getOne 第 1 次 等待 3 秒
2023-10-25 00:11:40 查询号码 【1984974】，返回信息 {"status":"ok","msg":"广东-深圳","gid":"512259","time_insert":"2021-08-16 01:56"}
2023-10-25 00:11:41 查询号码 【1984974】，GSD为【"广东-深圳"】

2023-10-25 00:11:42 开始第 5062 次操作

2023-10-25 00:11:42 开始操作号码 【1984975】
2023-10-25 00:11:54 GSD getOne 第 1 次 等待 3 秒
2023-10-25 00:11:57 查询号码 【1984975】，返回信息 {"status":"ok","msg":"广东-深圳","gid":"512278","time_insert":"2021-08-16 02:09"}
2023-10-25 00:11:57 查询号码 【1984975】，GSD为【"广东-深圳"】

2023-10-25 00:11:58 开始第 5063 次操作

2023-10-25 00:11:58 开始操作号码 【1984976】
2023-10-25 00:12:04 GSD getOne 第 1 次 等待 3 秒
2023-10-25 00:12:07 查询号码 【1984976】，返回信息 {"status":"ok","msg":"广东-东莞","gid":"512296","time_insert":"2021-08-16 02:22"}
2023-10-25 00:12:07 查询号码 【1984976】，GSD为【"广东-东莞"】

2023-10-25 00:12:08 开始第 5064 次操作

2023-10-25 00:12:08 开始操作号码 【1984977】
2023-10-25 00:12:11 GSD getOne 第 1 次 等待 3 秒
2023-10-25 00:12:14 查询号码 【1984977】，返回信息 {"status":"ok","msg":"广东-广州","gid":"512314","time_insert":"2021-08-16 02:34"}
2023-10-25 00:12:14 查询号码 【1984977】，GSD为【"广东-广州"】

2023-10-25 00:37:07 开始第 5065 次操作

2023-10-25 00:37:07 开始操作号码 【1984978】
2023-10-25 00:37:10 GSD getOne 第 1 次 等待 3 秒
2023-10-25 00:37:13 查询号码 【1984978】，返回信息 {"status":"ok","msg":"广东-深圳","gid":"512332","time_insert":"2021-08-16 02:49"}
2023-10-25 00:37:13 查询号码 【1984978】，GSD为【"广东-深圳"】

2023-10-25 00:37:14 开始第 5066 次操作

2023-10-25 00:37:14 开始操作号码 【1984979】
2023-10-25 00:37:20 GSD getOne 第 1 次 等待 3 秒
2023-10-25 00:37:23 查询号码 【1984979】，返回信息 {"status":"ok","msg":"广东-深圳","gid":"512347","time_insert":"2021-08-16 03:01"}
2023-10-25 00:37:23 查询号码 【1984979】，GSD为【"广东-深圳"】

2023-10-25 00:37:24 开始第 5067 次操作

2023-10-25 00:37:24 开始操作号码 【1984980】
2023-10-25 00:37:27 GSD getOne 第 1 次 等待 3 秒
2023-10-25 00:37:30 查询号码 【1984980】，返回信息 {"status":"ok","msg":"广东-茂名","gid":"512366","time_insert":"2021-08-16 03:16"}
2023-10-25 00:37:30 查询号码 【1984980】，GSD为【"广东-茂名"】

2023-10-25 00:37:31 开始第 5068 次操作

2023-10-25 00:37:31 开始操作号码 【1984981】
2023-10-25 00:37:33 GSD getOne 第 1 次 等待 3 秒
2023-10-25 00:37:36 查询号码 【1984981】，返回信息 {"status":"ok","msg":"广东-惠州","gid":"512383","time_insert":"2021-08-16 03:29"}
2023-10-25 00:37:37 查询号码 【1984981】，GSD为【"广东-惠州"】

