2024-09-26 00:14:30 开始第 6621 次操作

2024-09-26 00:14:30 开始操作号码 【1446618】
2024-09-26 00:14:54 GSD getOne 第 1 次 等待 3 秒
2024-09-26 00:14:57 查询号码 【1446618】，返回信息 {"status":"ok","msg":"-","gid":"674956","time_insert":"2023-04-24 19:19"}
2024-09-26 00:14:57 查询号码 【1446618】，GSD为【"-"】
2024-09-26 00:14:57 ok && -
2024-09-26 00:15:01 CHB 1446618?1727280897 第 1 次 等待 3 秒
2024-09-26 00:15:04 CHB 1446618?1727280897 第 1 次 获取到号码【1446618】GSD
2024-09-26 00:15:04 未获取到号码【1446618】GSD，可能号码格式错误
2024-09-26 00:15:04 获取到号码【1446618】的GSD为【-】
2024-09-26 00:15:27 GSD insert 第 1 次 等待 3 秒
2024-09-26 00:15:30 {"status":"bad","gid":"674956","msg":"添加失败！号码【1446618(-|-)】已存在！"}
2024-09-26 00:15:30 随机等待 177 秒，约 2 分钟
2024-09-26 00:15:30 下次操作: 2024-09-26 00:18:27

2024-09-26 00:18:27 开始第 6622 次操作

2024-09-26 00:18:27 开始操作号码 【1446619】
2024-09-26 00:18:31 GSD getOne 第 1 次 等待 3 秒
2024-09-26 00:18:34 查询号码 【1446619】，返回信息 {"status":"ok","msg":"-","gid":"674975","time_insert":"2023-04-24 19:31"}
2024-09-26 00:18:34 查询号码 【1446619】，GSD为【"-"】
2024-09-26 00:18:34 ok && -
2024-09-26 00:18:35 CHB 1446619?1727281114 第 1 次 等待 3 秒
2024-09-26 00:18:38 CHB 1446619?1727281114 第 1 次 获取到号码【1446619】GSD
2024-09-26 00:18:38 未获取到号码【1446619】GSD，可能号码格式错误
2024-09-26 00:18:38 获取到号码【1446619】的GSD为【-】
2024-09-26 00:18:41 GSD insert 第 1 次 等待 3 秒
2024-09-26 00:18:44 {"status":"bad","gid":"674975","msg":"添加失败！号码【1446619(-|-)】已存在！"}
2024-09-26 00:18:44 随机等待 167 秒，约 2 分钟
2024-09-26 00:18:44 下次操作: 2024-09-26 00:21:31

2024-09-26 00:21:31 开始第 6623 次操作

2024-09-26 00:21:31 开始操作号码 【1446620】
2024-09-26 00:21:53 GSD getOne 第 1 次 等待 3 秒
2024-09-26 00:21:56 查询号码 【1446620】，返回信息 {"status":"ok","msg":"-","gid":"675005","time_insert":"2023-04-24 19:49"}
2024-09-26 00:21:57 查询号码 【1446620】，GSD为【"-"】
2024-09-26 00:21:57 ok && -
2024-09-26 00:21:58 CHB 1446620?1727281317 第 1 次 等待 3 秒
2024-09-26 00:22:01 CHB 1446620?1727281317 第 1 次 获取到号码【1446620】GSD
2024-09-26 00:22:01 未获取到号码【1446620】GSD，可能号码格式错误
2024-09-26 00:22:01 获取到号码【1446620】的GSD为【-】
2024-09-26 00:22:04 GSD insert 第 1 次 等待 3 秒
2024-09-26 00:22:07 {"status":"bad","gid":"675005","msg":"添加失败！号码【1446620(-|-)】已存在！"}
2024-09-26 00:22:07 随机等待 154 秒，约 2 分钟
2024-09-26 00:22:07 下次操作: 2024-09-26 00:24:41

2024-09-26 00:24:41 开始第 6624 次操作

2024-09-26 00:24:41 开始操作号码 【1446621】
2024-09-26 00:24:44 GSD getOne 第 1 次 等待 3 秒
2024-09-26 00:24:47 查询号码 【1446621】，返回信息 {"status":"ok","msg":"-","gid":"675023","time_insert":"2023-04-24 19:58"}
2024-09-26 00:24:47 查询号码 【1446621】，GSD为【"-"】
2024-09-26 00:24:47 ok && -
2024-09-26 00:24:49 CHB 1446621?1727281487 第 1 次 等待 3 秒
2024-09-26 00:24:52 CHB 1446621?1727281487 第 1 次 获取到号码【1446621】GSD
2024-09-26 00:24:52 未获取到号码【1446621】GSD，可能号码格式错误
2024-09-26 00:24:52 获取到号码【1446621】的GSD为【-】
2024-09-26 00:24:54 GSD insert 第 1 次 等待 3 秒
2024-09-26 00:24:57 {"status":"bad","gid":"675023","msg":"添加失败！号码【1446621(-|-)】已存在！"}

2024-09-26 00:44:51 开始第 6625 次操作

2024-09-26 00:44:51 开始操作号码 【1446622】
2024-09-26 00:44:55 GSD getOne 第 1 次 等待 3 秒
2024-09-26 00:44:58 查询号码 【1446622】，返回信息 {"status":"ok","msg":"-","gid":"675034","time_insert":"2023-04-24 20:07"}
2024-09-26 00:44:58 查询号码 【1446622】，GSD为【"-"】
2024-09-26 00:44:58 ok && -
2024-09-26 00:45:00 CHB 1446622?1727282698 第 1 次 等待 3 秒
2024-09-26 00:45:03 CHB 1446622?1727282698 第 1 次 获取到号码【1446622】GSD
2024-09-26 00:45:03 未获取到号码【1446622】GSD，可能号码格式错误
2024-09-26 00:45:03 获取到号码【1446622】的GSD为【-】
2024-09-26 00:45:11 GSD insert 第 1 次 等待 3 秒
2024-09-26 00:45:14 {"status":"bad","gid":"675034","msg":"添加失败！号码【1446622(-|-)】已存在！"}
2024-09-26 00:45:14 随机等待 212 秒，约 3 分钟
2024-09-26 00:45:14 下次操作: 2024-09-26 00:48:46

2024-09-26 00:48:46 开始第 6626 次操作

2024-09-26 00:48:46 开始操作号码 【1446623】
2024-09-26 00:48:48 GSD getOne 第 1 次 等待 3 秒
2024-09-26 00:48:51 查询号码 【1446623】，返回信息 {"status":"ok","msg":"-","gid":"675045","time_insert":"2023-04-24 20:18"}
2024-09-26 00:48:51 查询号码 【1446623】，GSD为【"-"】
2024-09-26 00:48:51 ok && -
2024-09-26 00:48:53 CHB 1446623?1727282931 第 1 次 等待 3 秒
2024-09-26 00:48:56 CHB 1446623?1727282931 第 1 次 获取到号码【1446623】GSD
2024-09-26 00:48:56 未获取到号码【1446623】GSD，可能号码格式错误
2024-09-26 00:48:56 获取到号码【1446623】的GSD为【-】
2024-09-26 00:48:58 GSD insert 第 1 次 等待 3 秒
2024-09-26 00:49:01 {"status":"bad","gid":"675045","msg":"添加失败！号码【1446623(-|-)】已存在！"}
2024-09-26 00:49:01 随机等待 152 秒，约 2 分钟
2024-09-26 00:49:01 下次操作: 2024-09-26 00:51:33

2024-09-26 00:51:33 开始第 6627 次操作

2024-09-26 00:51:33 开始操作号码 【1446624】
2024-09-26 00:51:36 GSD getOne 第 1 次 等待 3 秒
2024-09-26 00:51:39 查询号码 【1446624】，返回信息 {"status":"ok","msg":"-","gid":"675059","time_insert":"2023-04-24 20:29"}
2024-09-26 00:51:39 查询号码 【1446624】，GSD为【"-"】
2024-09-26 00:51:39 ok && -
2024-09-26 00:51:42 CHB 1446624?1727283099 第 1 次 等待 3 秒
2024-09-26 00:51:45 CHB 1446624?1727283099 第 1 次 获取到号码【1446624】GSD
2024-09-26 00:51:45 未获取到号码【1446624】GSD，可能号码格式错误
2024-09-26 00:51:45 获取到号码【1446624】的GSD为【-】
2024-09-26 00:51:47 GSD insert 第 1 次 等待 3 秒
2024-09-26 00:51:50 {"status":"bad","gid":"675059","msg":"添加失败！号码【1446624(-|-)】已存在！"}
2024-09-26 00:51:50 随机等待 117 秒，约 1 分钟
2024-09-26 00:51:50 下次操作: 2024-09-26 00:53:47

2024-09-26 00:53:47 开始第 6628 次操作

2024-09-26 00:53:47 开始操作号码 【1446625】
2024-09-26 00:53:49 GSD getOne 第 1 次 等待 3 秒
2024-09-26 00:53:52 查询号码 【1446625】，返回信息 {"status":"ok","msg":"-","gid":"675082","time_insert":"2023-04-24 20:50"}
2024-09-26 00:53:53 查询号码 【1446625】，GSD为【"-"】
2024-09-26 00:53:53 ok && -
2024-09-26 00:53:54 CHB 1446625?1727283233 第 1 次 等待 3 秒
2024-09-26 00:53:57 CHB 1446625?1727283233 第 1 次 获取到号码【1446625】GSD
2024-09-26 00:53:57 未获取到号码【1446625】GSD，可能号码格式错误
2024-09-26 00:53:57 获取到号码【1446625】的GSD为【-】
2024-09-26 00:53:59 GSD insert 第 1 次 等待 3 秒
2024-09-26 00:54:02 {"status":"bad","gid":"675082","msg":"添加失败！号码【1446625(-|-)】已存在！"}

2024-09-26 01:09:47 开始第 6629 次操作

2024-09-26 01:09:47 开始操作号码 【1446626】
2024-09-26 01:09:49 GSD getOne 第 1 次 等待 3 秒
2024-09-26 01:09:52 查询号码 【1446626】，返回信息 {"status":"ok","msg":"-","gid":"675114","time_insert":"2023-04-24 21:12"}
2024-09-26 01:09:52 查询号码 【1446626】，GSD为【"-"】
2024-09-26 01:09:52 ok && -
2024-09-26 01:09:54 CHB 1446626?1727284192 第 1 次 等待 3 秒
2024-09-26 01:09:58 CHB 1446626?1727284192 第 1 次 获取到号码【1446626】GSD
2024-09-26 01:09:58 未获取到号码【1446626】GSD，可能号码格式错误
2024-09-26 01:09:58 获取到号码【1446626】的GSD为【-】
2024-09-26 01:10:00 GSD insert 第 1 次 等待 3 秒
2024-09-26 01:10:03 {"status":"bad","gid":"675114","msg":"添加失败！号码【1446626(-|-)】已存在！"}
2024-09-26 01:10:03 随机等待 102 秒，约 1 分钟
2024-09-26 01:10:03 下次操作: 2024-09-26 01:11:45

2024-09-26 01:11:45 开始第 6630 次操作

2024-09-26 01:11:45 开始操作号码 【1446627】
2024-09-26 01:11:47 GSD getOne 第 1 次 等待 3 秒
2024-09-26 01:11:50 查询号码 【1446627】，返回信息 {"status":"ok","msg":"-","gid":"675127","time_insert":"2023-04-24 21:24"}
2024-09-26 01:11:50 查询号码 【1446627】，GSD为【"-"】
2024-09-26 01:11:50 ok && -
2024-09-26 01:11:52 CHB 1446627?1727284310 第 1 次 等待 3 秒
2024-09-26 01:11:55 CHB 1446627?1727284310 第 1 次 获取到号码【1446627】GSD
2024-09-26 01:11:55 未获取到号码【1446627】GSD，可能号码格式错误
2024-09-26 01:11:55 获取到号码【1446627】的GSD为【-】
2024-09-26 01:11:57 GSD insert 第 1 次 等待 3 秒
2024-09-26 01:12:00 {"status":"bad","gid":"675127","msg":"添加失败！号码【1446627(-|-)】已存在！"}
2024-09-26 01:12:00 随机等待 166 秒，约 2 分钟
2024-09-26 01:12:00 下次操作: 2024-09-26 01:14:46

2024-09-26 01:14:46 开始第 6631 次操作

2024-09-26 01:14:46 开始操作号码 【1446628】
2024-09-26 01:14:48 GSD getOne 第 1 次 等待 3 秒
2024-09-26 01:14:51 查询号码 【1446628】，返回信息 {"status":"ok","msg":"-","gid":"675151","time_insert":"2023-04-24 21:37"}
2024-09-26 01:14:51 查询号码 【1446628】，GSD为【"-"】
2024-09-26 01:14:51 ok && -
2024-09-26 01:14:53 CHB 1446628?1727284491 第 1 次 等待 3 秒
2024-09-26 01:14:56 CHB 1446628?1727284491 第 1 次 获取到号码【1446628】GSD
2024-09-26 01:14:56 未获取到号码【1446628】GSD，可能号码格式错误
2024-09-26 01:14:57 获取到号码【1446628】的GSD为【-】
2024-09-26 01:15:13 GSD insert 第 1 次 等待 3 秒
2024-09-26 01:15:16 {"status":"bad","gid":"675151","msg":"添加失败！号码【1446628(-|-)】已存在！"}
2024-09-26 01:15:16 随机等待 169 秒，约 2 分钟
2024-09-26 01:15:16 下次操作: 2024-09-26 01:18:05

2024-09-26 01:18:05 开始第 6632 次操作

2024-09-26 01:18:05 开始操作号码 【1446629】
2024-09-26 01:18:08 GSD getOne 第 1 次 等待 3 秒
2024-09-26 01:18:11 查询号码 【1446629】，返回信息 {"status":"ok","msg":"-","gid":"675176","time_insert":"2023-04-24 21:52"}
2024-09-26 01:18:11 查询号码 【1446629】，GSD为【"-"】
2024-09-26 01:18:11 ok && -
2024-09-26 01:18:14 CHB 1446629?1727284691 第 1 次 等待 3 秒
2024-09-26 01:18:17 CHB 1446629?1727284691 第 1 次 获取到号码【1446629】GSD
2024-09-26 01:18:17 未获取到号码【1446629】GSD，可能号码格式错误
2024-09-26 01:18:17 获取到号码【1446629】的GSD为【-】
2024-09-26 01:18:19 GSD insert 第 1 次 等待 3 秒
2024-09-26 01:18:22 {"status":"bad","gid":"675176","msg":"添加失败！号码【1446629(-|-)】已存在！"}

2024-09-26 01:36:14 开始第 6633 次操作

2024-09-26 01:36:14 开始操作号码 【1446630】
2024-09-26 01:36:16 GSD getOne 第 1 次 等待 3 秒
2024-09-26 01:36:19 查询号码 【1446630】，返回信息 {"status":"ok","msg":"-","gid":"675194","time_insert":"2023-04-24 22:06"}
2024-09-26 01:36:19 查询号码 【1446630】，GSD为【"-"】
2024-09-26 01:36:19 ok && -
2024-09-26 01:36:21 CHB 1446630?1727285779 第 1 次 等待 3 秒
2024-09-26 01:36:24 CHB 1446630?1727285779 第 1 次 获取到号码【1446630】GSD
2024-09-26 01:36:24 未获取到号码【1446630】GSD，可能号码格式错误
2024-09-26 01:36:24 获取到号码【1446630】的GSD为【-】
2024-09-26 01:36:26 GSD insert 第 1 次 等待 3 秒
2024-09-26 01:36:29 {"status":"bad","gid":"675194","msg":"添加失败！号码【1446630(-|-)】已存在！"}
2024-09-26 01:36:29 随机等待 88 秒，约 1 分钟
2024-09-26 01:36:29 下次操作: 2024-09-26 01:37:57

2024-09-26 01:37:57 开始第 6634 次操作

2024-09-26 01:37:57 开始操作号码 【1446631】
2024-09-26 01:38:01 GSD getOne 第 1 次 等待 3 秒
2024-09-26 01:38:04 查询号码 【1446631】，返回信息 {"status":"ok","msg":"-","gid":"675212","time_insert":"2023-04-24 22:17"}
2024-09-26 01:38:04 查询号码 【1446631】，GSD为【"-"】
2024-09-26 01:38:04 ok && -
2024-09-26 01:38:05 CHB 1446631?1727285884 第 1 次 等待 3 秒
2024-09-26 01:38:08 CHB 1446631?1727285884 第 1 次 获取到号码【1446631】GSD
2024-09-26 01:38:08 未获取到号码【1446631】GSD，可能号码格式错误
2024-09-26 01:38:08 获取到号码【1446631】的GSD为【-】
2024-09-26 01:38:10 GSD insert 第 1 次 等待 3 秒
2024-09-26 01:38:13 {"status":"bad","gid":"675212","msg":"添加失败！号码【1446631(-|-)】已存在！"}
2024-09-26 01:38:13 随机等待 226 秒，约 3 分钟
2024-09-26 01:38:13 下次操作: 2024-09-26 01:41:59

2024-09-26 01:41:59 开始第 6635 次操作

2024-09-26 01:41:59 开始操作号码 【1446632】
2024-09-26 01:42:01 GSD getOne 第 1 次 等待 3 秒
2024-09-26 01:42:04 查询号码 【1446632】，返回信息 {"status":"ok","msg":"-","gid":"675245","time_insert":"2023-04-24 22:39"}
2024-09-26 01:42:04 查询号码 【1446632】，GSD为【"-"】
2024-09-26 01:42:04 ok && -
2024-09-26 01:42:09 CHB 1446632?1727286124 第 1 次 等待 3 秒
2024-09-26 01:42:12 CHB 1446632?1727286124 第 1 次 获取到号码【1446632】GSD
2024-09-26 01:42:12 未获取到号码【1446632】GSD，可能号码格式错误
2024-09-26 01:42:12 获取到号码【1446632】的GSD为【-】
2024-09-26 01:42:14 GSD insert 第 1 次 等待 3 秒
2024-09-26 01:42:17 {"status":"bad","gid":"675245","msg":"添加失败！号码【1446632(-|-)】已存在！"}
2024-09-26 01:42:17 随机等待 147 秒，约 2 分钟
2024-09-26 01:42:17 下次操作: 2024-09-26 01:44:44

2024-09-26 01:44:44 开始第 6636 次操作

2024-09-26 01:44:44 开始操作号码 【1446633】
2024-09-26 01:44:46 GSD getOne 第 1 次 等待 3 秒
2024-09-26 01:44:49 查询号码 【1446633】，返回信息 {"status":"ok","msg":"-","gid":"675278","time_insert":"2023-04-24 22:59"}
2024-09-26 01:44:49 查询号码 【1446633】，GSD为【"-"】
2024-09-26 01:44:49 ok && -
2024-09-26 01:44:51 CHB 1446633?1727286289 第 1 次 等待 3 秒
2024-09-26 01:44:54 CHB 1446633?1727286289 第 1 次 获取到号码【1446633】GSD
2024-09-26 01:44:54 未获取到号码【1446633】GSD，可能号码格式错误
2024-09-26 01:44:54 获取到号码【1446633】的GSD为【-】
2024-09-26 01:44:55 GSD insert 第 1 次 等待 3 秒
2024-09-26 01:44:58 {"status":"bad","gid":"675278","msg":"添加失败！号码【1446633(-|-)】已存在！"}

2024-09-26 02:14:08 开始第 6637 次操作

2024-09-26 02:14:08 开始操作号码 【1446634】
2024-09-26 02:14:11 GSD getOne 第 1 次 等待 3 秒
2024-09-26 02:14:14 查询号码 【1446634】，返回信息 {"status":"ok","msg":"-","gid":"675297","time_insert":"2023-04-24 23:11"}
2024-09-26 02:14:14 查询号码 【1446634】，GSD为【"-"】
2024-09-26 02:14:14 ok && -
2024-09-26 02:14:16 CHB 1446634?1727288054 第 1 次 等待 3 秒
2024-09-26 02:14:19 CHB 1446634?1727288054 第 1 次 获取到号码【1446634】GSD
2024-09-26 02:14:19 未获取到号码【1446634】GSD，可能号码格式错误
2024-09-26 02:14:19 获取到号码【1446634】的GSD为【-】
2024-09-26 02:14:21 GSD insert 第 1 次 等待 3 秒
2024-09-26 02:14:24 {"status":"bad","gid":"675297","msg":"添加失败！号码【1446634(-|-)】已存在！"}
2024-09-26 02:14:24 随机等待 182 秒，约 3 分钟
2024-09-26 02:14:24 下次操作: 2024-09-26 02:17:26

2024-09-26 02:17:26 开始第 6638 次操作

2024-09-26 02:17:26 开始操作号码 【1446635】
2024-09-26 02:17:28 GSD getOne 第 1 次 等待 3 秒
2024-09-26 02:17:31 查询号码 【1446635】，返回信息 {"status":"ok","msg":"-","gid":"675319","time_insert":"2023-04-24 23:29"}
2024-09-26 02:17:31 查询号码 【1446635】，GSD为【"-"】
2024-09-26 02:17:31 ok && -
2024-09-26 02:17:34 CHB 1446635?1727288251 第 1 次 等待 3 秒
2024-09-26 02:17:37 CHB 1446635?1727288251 第 1 次 获取到号码【1446635】GSD
2024-09-26 02:17:37 未获取到号码【1446635】GSD，可能号码格式错误
2024-09-26 02:17:37 获取到号码【1446635】的GSD为【-】
2024-09-26 02:17:39 GSD insert 第 1 次 等待 3 秒
2024-09-26 02:17:42 {"status":"bad","gid":"675319","msg":"添加失败！号码【1446635(-|-)】已存在！"}
2024-09-26 02:17:42 随机等待 120 秒，约 2 分钟
2024-09-26 02:17:42 下次操作: 2024-09-26 02:19:42

2024-09-26 02:19:42 开始第 6639 次操作

2024-09-26 02:19:42 开始操作号码 【1446636】
2024-09-26 02:19:44 GSD getOne 第 1 次 等待 3 秒
2024-09-26 02:19:47 查询号码 【1446636】，返回信息 {"status":"ok","msg":"-","gid":"675354","time_insert":"2023-04-24 23:48"}
2024-09-26 02:19:47 查询号码 【1446636】，GSD为【"-"】
2024-09-26 02:19:47 ok && -
2024-09-26 02:19:49 CHB 1446636?1727288387 第 1 次 等待 3 秒
2024-09-26 02:19:52 CHB 1446636?1727288387 第 1 次 获取到号码【1446636】GSD
2024-09-26 02:19:52 未获取到号码【1446636】GSD，可能号码格式错误
2024-09-26 02:19:52 获取到号码【1446636】的GSD为【-】
2024-09-26 02:19:54 GSD insert 第 1 次 等待 3 秒
2024-09-26 02:19:57 {"status":"bad","gid":"675354","msg":"添加失败！号码【1446636(-|-)】已存在！"}
2024-09-26 02:19:57 随机等待 225 秒，约 3 分钟
2024-09-26 02:19:57 下次操作: 2024-09-26 02:23:42

2024-09-26 02:23:42 开始第 6640 次操作

2024-09-26 02:23:42 开始操作号码 【1446637】
2024-09-26 02:23:44 GSD getOne 第 1 次 等待 3 秒
2024-09-26 02:23:47 查询号码 【1446637】，返回信息 {"status":"ok","msg":"-","gid":"675380","time_insert":"2023-04-25 00:04"}
2024-09-26 02:23:47 查询号码 【1446637】，GSD为【"-"】
2024-09-26 02:23:47 ok && -
2024-09-26 02:23:49 CHB 1446637?1727288627 第 1 次 等待 3 秒
2024-09-26 02:23:52 CHB 1446637?1727288627 第 1 次 获取到号码【1446637】GSD
2024-09-26 02:23:52 未获取到号码【1446637】GSD，可能号码格式错误
2024-09-26 02:23:52 获取到号码【1446637】的GSD为【-】
2024-09-26 02:23:54 GSD insert 第 1 次 等待 3 秒
2024-09-26 02:23:57 {"status":"bad","gid":"675380","msg":"添加失败！号码【1446637(-|-)】已存在！"}

2024-09-26 02:41:32 开始第 6641 次操作

2024-09-26 02:41:32 开始操作号码 【1446638】
2024-09-26 02:41:34 GSD getOne 第 1 次 等待 3 秒
2024-09-26 02:41:37 查询号码 【1446638】，返回信息 {"status":"ok","msg":"-","gid":"675393","time_insert":"2023-04-25 00:15"}
2024-09-26 02:41:37 查询号码 【1446638】，GSD为【"-"】
2024-09-26 02:41:37 ok && -
2024-09-26 02:41:40 CHB 1446638?1727289697 第 1 次 等待 3 秒
2024-09-26 02:41:43 CHB 1446638?1727289697 第 1 次 获取到号码【1446638】GSD
2024-09-26 02:41:43 未获取到号码【1446638】GSD，可能号码格式错误
2024-09-26 02:41:43 获取到号码【1446638】的GSD为【-】
2024-09-26 02:41:45 GSD insert 第 1 次 等待 3 秒
2024-09-26 02:41:48 {"status":"bad","gid":"675393","msg":"添加失败！号码【1446638(-|-)】已存在！"}
2024-09-26 02:41:48 随机等待 187 秒，约 3 分钟
2024-09-26 02:41:48 下次操作: 2024-09-26 02:44:55

2024-09-26 02:44:55 开始第 6642 次操作

2024-09-26 02:44:55 开始操作号码 【1446639】
2024-09-26 02:44:57 GSD getOne 第 1 次 等待 3 秒
2024-09-26 02:45:00 查询号码 【1446639】，返回信息 {"status":"ok","msg":"-","gid":"675420","time_insert":"2023-04-25 00:36"}
2024-09-26 02:45:00 查询号码 【1446639】，GSD为【"-"】
2024-09-26 02:45:00 ok && -
2024-09-26 02:45:01 CHB 1446639?1727289900 第 1 次 等待 3 秒
2024-09-26 02:45:04 CHB 1446639?1727289900 第 1 次 获取到号码【1446639】GSD
2024-09-26 02:45:04 未获取到号码【1446639】GSD，可能号码格式错误
2024-09-26 02:45:04 获取到号码【1446639】的GSD为【-】
2024-09-26 02:45:07 GSD insert 第 1 次 等待 3 秒
2024-09-26 02:45:10 {"status":"bad","gid":"675420","msg":"添加失败！号码【1446639(-|-)】已存在！"}
2024-09-26 02:45:10 随机等待 183 秒，约 3 分钟
2024-09-26 02:45:10 下次操作: 2024-09-26 02:48:13

2024-09-26 02:48:13 开始第 6643 次操作

2024-09-26 02:48:13 开始操作号码 【1446640】
2024-09-26 02:48:15 GSD getOne 第 1 次 等待 3 秒
2024-09-26 02:48:18 查询号码 【1446640】，返回信息 {"status":"ok","msg":"-","gid":"675453","time_insert":"2023-04-25 00:59"}
2024-09-26 02:48:18 查询号码 【1446640】，GSD为【"-"】
2024-09-26 02:48:18 ok && -
2024-09-26 02:48:19 CHB 1446640?1727290098 第 1 次 等待 3 秒
2024-09-26 02:48:22 CHB 1446640?1727290098 第 1 次 获取到号码【1446640】GSD
2024-09-26 02:48:22 未获取到号码【1446640】GSD，可能号码格式错误
2024-09-26 02:48:22 获取到号码【1446640】的GSD为【-】
2024-09-26 02:48:24 GSD insert 第 1 次 等待 3 秒
2024-09-26 02:48:27 {"status":"bad","gid":"675453","msg":"添加失败！号码【1446640(-|-)】已存在！"}
2024-09-26 02:48:27 随机等待 162 秒，约 2 分钟
2024-09-26 02:48:27 下次操作: 2024-09-26 02:51:09

2024-09-26 02:51:09 开始第 6644 次操作

2024-09-26 02:51:09 开始操作号码 【1446641】
2024-09-26 02:51:12 GSD getOne 第 1 次 等待 3 秒
2024-09-26 02:51:15 查询号码 【1446641】，返回信息 {"status":"ok","msg":"-","gid":"675470","time_insert":"2023-04-25 01:12"}
2024-09-26 02:51:15 查询号码 【1446641】，GSD为【"-"】
2024-09-26 02:51:15 ok && -
2024-09-26 02:51:17 CHB 1446641?1727290275 第 1 次 等待 3 秒
2024-09-26 02:51:20 CHB 1446641?1727290275 第 1 次 获取到号码【1446641】GSD
2024-09-26 02:51:20 未获取到号码【1446641】GSD，可能号码格式错误
2024-09-26 02:51:20 获取到号码【1446641】的GSD为【-】
2024-09-26 02:51:22 GSD insert 第 1 次 等待 3 秒
2024-09-26 02:51:25 {"status":"bad","gid":"675470","msg":"添加失败！号码【1446641(-|-)】已存在！"}

