2021-07-31 00:00:06 开始第 13 次操作

2021-07-31 00:00:06 开始操作号码 【1959557】
2021-07-31 00:00:10 GSD getOne 第 1 次 等待 3 秒
2021-07-31 00:00:13 查询号码 【1959557】，返回信息 {"status":"bad","msg":""}
2021-07-31 00:00:13 查询号码 【1959557】，GSD为【""】
2021-07-31 00:00:13 bad
2021-07-31 00:00:15 CHB 1959557?1627660813 第 1 次 等待 3 秒
2021-07-31 00:00:18 CHB 1959557?1627660813 第 1 次 获取到号码【1959557】GSD
2021-07-31 00:00:18 未获取到号码【1959557】GSD，可能号码格式错误
2021-07-31 00:00:18 获取到号码【1959557】的GSD为【-】
2021-07-31 00:00:25 GSD insert 第 1 次 等待 3 秒
2021-07-31 00:00:28 {"status":"ok","gid":449839,"msg":"添加成功！"}
2021-07-31 00:00:28 下次操作: 2021-07-31 00:00:47

2021-07-31 00:00:47 开始第 14 次操作

2021-07-31 00:00:47 开始操作号码 【1959556】
2021-07-31 00:00:51 GSD getOne 第 1 次 等待 3 秒
2021-07-31 00:00:54 查询号码 【1959556】，返回信息 {"status":"bad","msg":""}
2021-07-31 00:00:54 查询号码 【1959556】，GSD为【""】
2021-07-31 00:00:54 bad
2021-07-31 00:00:56 CHB 1959556?1627660854 第 1 次 等待 3 秒
2021-07-31 00:00:59 CHB 1959556?1627660854 第 1 次 获取到号码【1959556】GSD
2021-07-31 00:00:59 未获取到号码【1959556】GSD，可能号码格式错误
2021-07-31 00:00:59 获取到号码【1959556】的GSD为【-】
2021-07-31 00:01:02 GSD insert 第 1 次 等待 3 秒
2021-07-31 00:01:05 {"status":"ok","gid":449852,"msg":"添加成功！"}
2021-07-31 00:01:05 下次操作: 2021-07-31 00:01:26

2021-07-31 00:01:26 开始第 15 次操作

2021-07-31 00:01:26 开始操作号码 【1959555】
2021-07-31 00:01:33 GSD getOne 第 1 次 等待 3 秒
2021-07-31 00:01:36 查询号码 【1959555】，返回信息 {"status":"bad","msg":""}
2021-07-31 00:01:36 查询号码 【1959555】，GSD为【""】
2021-07-31 00:01:36 bad
2021-07-31 00:01:37 CHB 1959555?1627660896 第 1 次 等待 3 秒
2021-07-31 00:01:40 CHB 1959555?1627660896 第 1 次 获取到号码【1959555】GSD
2021-07-31 00:01:40 未获取到号码【1959555】GSD，可能号码格式错误
2021-07-31 00:01:40 获取到号码【1959555】的GSD为【-】
2021-07-31 00:01:44 GSD insert 第 1 次 等待 3 秒
2021-07-31 00:01:47 {"status":"ok","gid":449863,"msg":"添加成功！"}
2021-07-31 00:01:47 下次操作: 2021-07-31 00:02:07

2021-07-31 00:02:07 开始第 16 次操作

2021-07-31 00:02:07 开始操作号码 【1959554】
2021-07-31 00:02:11 GSD getOne 第 1 次 等待 3 秒
2021-07-31 00:02:14 查询号码 【1959554】，返回信息 {"status":"bad","msg":""}
2021-07-31 00:02:14 查询号码 【1959554】，GSD为【""】
2021-07-31 00:02:14 bad
2021-07-31 00:02:15 CHB 1959554?1627660934 第 1 次 等待 3 秒
2021-07-31 00:02:18 CHB 1959554?1627660934 第 1 次 获取到号码【1959554】GSD
2021-07-31 00:02:18 未获取到号码【1959554】GSD，可能号码格式错误
2021-07-31 00:02:18 获取到号码【1959554】的GSD为【-】
2021-07-31 00:02:23 GSD insert 第 1 次 等待 3 秒
2021-07-31 00:02:26 {"status":"ok","gid":449875,"msg":"添加成功！"}
2021-07-31 00:02:26 下次操作: 2021-07-31 00:02:42

2021-07-31 00:02:42 开始第 17 次操作

2021-07-31 00:02:42 开始操作号码 【1959553】
2021-07-31 00:02:45 GSD getOne 第 1 次 等待 3 秒
2021-07-31 00:02:48 查询号码 【1959553】，返回信息 {"status":"bad","msg":""}
2021-07-31 00:02:48 查询号码 【1959553】，GSD为【""】
2021-07-31 00:02:48 bad
2021-07-31 00:02:50 CHB 1959553?1627660968 第 1 次 等待 3 秒
2021-07-31 00:02:53 CHB 1959553?1627660968 第 1 次 获取到号码【1959553】GSD
2021-07-31 00:02:53 未获取到号码【1959553】GSD，可能号码格式错误
2021-07-31 00:02:53 获取到号码【1959553】的GSD为【-】
2021-07-31 00:02:57 GSD insert 第 1 次 等待 3 秒
2021-07-31 00:03:00 {"status":"ok","gid":449886,"msg":"添加成功！"}
2021-07-31 00:03:00 下次操作: 2021-07-31 00:03:19

2021-07-31 00:03:19 开始第 18 次操作

2021-07-31 00:03:19 开始操作号码 【1959552】
2021-07-31 00:03:24 GSD getOne 第 1 次 等待 3 秒
2021-07-31 00:03:27 查询号码 【1959552】，返回信息 {"status":"bad","msg":""}
2021-07-31 00:03:27 查询号码 【1959552】，GSD为【""】
2021-07-31 00:03:27 bad
2021-07-31 00:03:29 CHB 1959552?1627661007 第 1 次 等待 3 秒
2021-07-31 00:03:32 CHB 1959552?1627661007 第 1 次 获取到号码【1959552】GSD
2021-07-31 00:03:32 未获取到号码【1959552】GSD，可能号码格式错误
2021-07-31 00:03:32 获取到号码【1959552】的GSD为【-】
2021-07-31 00:03:35 GSD insert 第 1 次 等待 3 秒
2021-07-31 00:03:38 {"status":"ok","gid":449895,"msg":"添加成功！"}
2021-07-31 00:03:38 下次操作: 2021-07-31 00:04:00

2021-07-31 00:04:00 开始第 19 次操作

2021-07-31 00:04:00 开始操作号码 【1959551】
2021-07-31 00:04:04 GSD getOne 第 1 次 等待 3 秒
2021-07-31 00:04:07 查询号码 【1959551】，返回信息 {"status":"bad","msg":""}
2021-07-31 00:04:07 查询号码 【1959551】，GSD为【""】
2021-07-31 00:04:07 bad
2021-07-31 00:04:09 CHB 1959551?1627661047 第 1 次 等待 3 秒
2021-07-31 00:04:12 CHB 1959551?1627661047 第 1 次 获取到号码【1959551】GSD
2021-07-31 00:04:12 未获取到号码【1959551】GSD，可能号码格式错误
2021-07-31 00:04:12 获取到号码【1959551】的GSD为【-】
2021-07-31 00:04:17 GSD insert 第 1 次 等待 3 秒
2021-07-31 00:04:20 {"status":"ok","gid":449906,"msg":"添加成功！"}
2021-07-31 00:04:20 下次操作: 2021-07-31 00:04:32

2021-07-31 00:04:32 开始第 20 次操作

2021-07-31 00:04:32 开始操作号码 【1959550】
2021-07-31 00:04:40 GSD getOne 第 1 次 等待 3 秒
2021-07-31 00:04:43 查询号码 【1959550】，返回信息 {"status":"bad","msg":""}
2021-07-31 00:04:43 查询号码 【1959550】，GSD为【""】
2021-07-31 00:04:43 bad
2021-07-31 00:04:45 CHB 1959550?1627661083 第 1 次 等待 3 秒
2021-07-31 00:04:48 CHB 1959550?1627661083 第 1 次 获取到号码【1959550】GSD
2021-07-31 00:04:48 未获取到号码【1959550】GSD，可能号码格式错误
2021-07-31 00:04:48 获取到号码【1959550】的GSD为【-】
2021-07-31 00:04:53 GSD insert 第 1 次 等待 3 秒
2021-07-31 00:04:56 {"status":"ok","gid":449915,"msg":"添加成功！"}
2021-07-31 00:04:56 下次操作: 2021-07-31 00:05:08

2021-07-31 00:05:08 开始第 21 次操作

2021-07-31 00:05:08 开始操作号码 【1959549】
2021-07-31 00:05:12 GSD getOne 第 1 次 等待 3 秒
2021-07-31 00:05:15 查询号码 【1959549】，返回信息 {"status":"bad","msg":""}
2021-07-31 00:05:15 查询号码 【1959549】，GSD为【""】
2021-07-31 00:05:15 bad
2021-07-31 00:05:17 CHB 1959549?1627661115 第 1 次 等待 3 秒
2021-07-31 00:05:20 CHB 1959549?1627661115 第 1 次 获取到号码【1959549】GSD
2021-07-31 00:05:20 未获取到号码【1959549】GSD，可能号码格式错误
2021-07-31 00:05:20 获取到号码【1959549】的GSD为【-】
2021-07-31 00:05:25 GSD insert 第 1 次 等待 3 秒
2021-07-31 00:05:28 {"status":"ok","gid":449923,"msg":"添加成功！"}
2021-07-31 00:05:28 下次操作: 2021-07-31 00:05:52

2021-07-31 00:05:53 开始第 22 次操作

2021-07-31 00:05:53 开始操作号码 【1959548】
2021-07-31 00:05:56 GSD getOne 第 1 次 等待 3 秒
2021-07-31 00:05:59 查询号码 【1959548】，返回信息 {"status":"bad","msg":""}
2021-07-31 00:05:59 查询号码 【1959548】，GSD为【""】
2021-07-31 00:05:59 bad
2021-07-31 00:06:01 CHB 1959548?1627661159 第 1 次 等待 3 秒
2021-07-31 00:06:04 CHB 1959548?1627661159 第 1 次 获取到号码【1959548】GSD
2021-07-31 00:06:04 未获取到号码【1959548】GSD，可能号码格式错误
2021-07-31 00:06:04 获取到号码【1959548】的GSD为【-】
2021-07-31 00:06:11 GSD insert 第 1 次 等待 3 秒
2021-07-31 00:06:14 {"status":"ok","gid":449935,"msg":"添加成功！"}
2021-07-31 00:06:14 下次操作: 2021-07-31 00:06:33

2021-07-31 00:06:33 开始第 23 次操作

2021-07-31 00:06:33 开始操作号码 【1959547】
2021-07-31 00:06:38 GSD getOne 第 1 次 等待 3 秒
2021-07-31 00:06:41 查询号码 【1959547】，返回信息 {"status":"bad","msg":""}
2021-07-31 00:06:41 查询号码 【1959547】，GSD为【""】
2021-07-31 00:06:41 bad
2021-07-31 00:06:43 CHB 1959547?1627661201 第 1 次 等待 3 秒
2021-07-31 00:06:46 CHB 1959547?1627661201 第 1 次 获取到号码【1959547】GSD
2021-07-31 00:06:46 未获取到号码【1959547】GSD，可能号码格式错误
2021-07-31 00:06:46 获取到号码【1959547】的GSD为【-】
2021-07-31 00:06:52 GSD insert 第 1 次 等待 3 秒
2021-07-31 00:06:55 {"status":"ok","gid":449945,"msg":"添加成功！"}
2021-07-31 00:06:55 下次操作: 2021-07-31 00:07:19

2021-07-31 00:07:19 开始第 24 次操作

2021-07-31 00:07:19 开始操作号码 【1959546】
2021-07-31 00:07:24 GSD getOne 第 1 次 等待 3 秒
2021-07-31 00:07:27 查询号码 【1959546】，返回信息 {"status":"bad","msg":""}
2021-07-31 00:07:27 查询号码 【1959546】，GSD为【""】
2021-07-31 00:07:27 bad
2021-07-31 00:07:29 CHB 1959546?1627661247 第 1 次 等待 3 秒
2021-07-31 00:07:32 CHB 1959546?1627661247 第 1 次 获取到号码【1959546】GSD
2021-07-31 00:07:32 未获取到号码【1959546】GSD，可能号码格式错误
2021-07-31 00:07:32 获取到号码【1959546】的GSD为【-】
2021-07-31 00:07:35 GSD insert 第 1 次 等待 3 秒
2021-07-31 00:07:38 {"status":"ok","gid":449957,"msg":"添加成功！"}
2021-07-31 00:07:38 下次操作: 2021-07-31 00:07:58

2021-07-31 00:07:58 开始第 25 次操作

2021-07-31 00:07:58 开始操作号码 【1959545】
2021-07-31 00:08:05 GSD getOne 第 1 次 等待 3 秒
2021-07-31 00:08:08 查询号码 【1959545】，返回信息 {"status":"bad","msg":""}
2021-07-31 00:08:08 查询号码 【1959545】，GSD为【""】
2021-07-31 00:08:08 bad
2021-07-31 00:08:09 CHB 1959545?1627661288 第 1 次 等待 3 秒
2021-07-31 00:08:12 CHB 1959545?1627661288 第 1 次 获取到号码【1959545】GSD
2021-07-31 00:08:12 未获取到号码【1959545】GSD，可能号码格式错误
2021-07-31 00:08:12 获取到号码【1959545】的GSD为【-】
2021-07-31 00:08:17 GSD insert 第 1 次 等待 3 秒
2021-07-31 00:08:20 {"status":"ok","gid":449967,"msg":"添加成功！"}
2021-07-31 00:08:20 下次操作: 2021-07-31 00:08:37

2021-07-31 00:08:37 开始第 26 次操作

2021-07-31 00:08:37 开始操作号码 【1959544】
2021-07-31 00:08:41 GSD getOne 第 1 次 等待 3 秒
2021-07-31 00:08:44 查询号码 【1959544】，返回信息 {"status":"bad","msg":""}
2021-07-31 00:08:44 查询号码 【1959544】，GSD为【""】
2021-07-31 00:08:44 bad
2021-07-31 00:08:46 CHB 1959544?1627661324 第 1 次 等待 3 秒
2021-07-31 00:08:49 CHB 1959544?1627661324 第 1 次 获取到号码【1959544】GSD
2021-07-31 00:08:49 未获取到号码【1959544】GSD，可能号码格式错误
2021-07-31 00:08:49 获取到号码【1959544】的GSD为【-】
2021-07-31 00:08:52 GSD insert 第 1 次 等待 3 秒
2021-07-31 00:08:55 {"status":"ok","gid":449978,"msg":"添加成功！"}
2021-07-31 00:08:55 下次操作: 2021-07-31 00:09:17

2021-07-31 00:09:17 开始第 27 次操作

2021-07-31 00:09:17 开始操作号码 【1959543】
2021-07-31 00:09:23 GSD getOne 第 1 次 等待 3 秒
2021-07-31 00:09:26 查询号码 【1959543】，返回信息 {"status":"bad","msg":""}
2021-07-31 00:09:26 查询号码 【1959543】，GSD为【""】
2021-07-31 00:09:26 bad
2021-07-31 00:09:27 CHB 1959543?1627661366 第 1 次 等待 3 秒
2021-07-31 00:09:30 CHB 1959543?1627661366 第 1 次 获取到号码【1959543】GSD
2021-07-31 00:09:31 未获取到号码【1959543】GSD，可能号码格式错误
2021-07-31 00:09:31 获取到号码【1959543】的GSD为【-】
2021-07-31 00:09:34 GSD insert 第 1 次 等待 3 秒
2021-07-31 00:09:37 {"status":"ok","gid":449988,"msg":"添加成功！"}
2021-07-31 00:09:37 下次操作: 2021-07-31 00:09:52

2021-07-31 00:09:52 开始第 28 次操作

2021-07-31 00:09:52 开始操作号码 【1959542】
2021-07-31 00:09:56 GSD getOne 第 1 次 等待 3 秒
2021-07-31 00:09:59 查询号码 【1959542】，返回信息 {"status":"bad","msg":""}
2021-07-31 00:09:59 查询号码 【1959542】，GSD为【""】
2021-07-31 00:09:59 bad
2021-07-31 00:10:00 CHB 1959542?1627661399 第 1 次 等待 3 秒
2021-07-31 00:10:03 CHB 1959542?1627661399 第 1 次 获取到号码【1959542】GSD
2021-07-31 00:10:03 未获取到号码【1959542】GSD，查号吧 400 错误
2021-07-31 00:10:03 获取到号码【1959542】的GSD为【-】
2021-07-31 00:10:08 GSD insert 第 1 次 等待 3 秒
2021-07-31 00:10:11 {"status":"ok","gid":449997,"msg":"添加成功！"}
2021-07-31 00:10:11 下次操作: 2021-07-31 00:10:24

2021-07-31 00:10:24 开始第 29 次操作

2021-07-31 00:10:24 开始操作号码 【1959541】
2021-07-31 00:10:29 GSD getOne 第 1 次 等待 3 秒
2021-07-31 00:10:32 查询号码 【1959541】，返回信息 {"status":"bad","msg":""}
2021-07-31 00:10:32 查询号码 【1959541】，GSD为【""】
2021-07-31 00:10:32 bad
2021-07-31 00:10:34 CHB 1959541?1627661432 第 1 次 等待 3 秒
2021-07-31 00:10:37 CHB 1959541?1627661432 第 1 次 获取到号码【1959541】GSD
2021-07-31 00:10:37 未获取到号码【1959541】GSD，可能号码格式错误
2021-07-31 00:10:37 获取到号码【1959541】的GSD为【-】
2021-07-31 00:10:44 GSD insert 第 1 次 等待 3 秒
2021-07-31 00:10:47 {"status":"ok","gid":450007,"msg":"添加成功！"}
2021-07-31 00:10:47 下次操作: 2021-07-31 00:11:03

2021-07-31 00:11:03 开始第 30 次操作

2021-07-31 00:11:03 开始操作号码 【1959540】
2021-07-31 00:11:08 GSD getOne 第 1 次 等待 3 秒
2021-07-31 00:11:11 查询号码 【1959540】，返回信息 {"status":"bad","msg":""}
2021-07-31 00:11:11 查询号码 【1959540】，GSD为【""】
2021-07-31 00:11:11 bad
2021-07-31 00:11:12 CHB 1959540?1627661471 第 1 次 等待 3 秒
2021-07-31 00:11:15 CHB 1959540?1627661471 第 1 次 获取到号码【1959540】GSD
2021-07-31 00:11:15 未获取到号码【1959540】GSD，可能号码格式错误
2021-07-31 00:11:15 获取到号码【1959540】的GSD为【-】
2021-07-31 00:11:19 GSD insert 第 1 次 等待 3 秒
2021-07-31 00:11:22 {"status":"ok","gid":450015,"msg":"添加成功！"}
2021-07-31 00:11:22 下次操作: 2021-07-31 00:11:38

2021-07-31 00:11:38 开始第 31 次操作

2021-07-31 00:11:38 开始操作号码 【1959539】
2021-07-31 00:11:42 GSD getOne 第 1 次 等待 3 秒
2021-07-31 00:11:45 查询号码 【1959539】，返回信息 {"status":"bad","msg":""}
2021-07-31 00:11:45 查询号码 【1959539】，GSD为【""】
2021-07-31 00:11:45 bad
2021-07-31 00:11:47 CHB 1959539?1627661505 第 1 次 等待 3 秒
2021-07-31 00:11:50 CHB 1959539?1627661505 第 1 次 获取到号码【1959539】GSD
2021-07-31 00:11:50 未获取到号码【1959539】GSD，可能号码格式错误
2021-07-31 00:11:50 获取到号码【1959539】的GSD为【-】
2021-07-31 00:11:53 GSD insert 第 1 次 等待 3 秒
2021-07-31 00:11:56 {"status":"ok","gid":450023,"msg":"添加成功！"}
2021-07-31 00:11:56 下次操作: 2021-07-31 00:12:15

2021-07-31 00:12:15 开始第 32 次操作

2021-07-31 00:12:15 开始操作号码 【1959538】
2021-07-31 00:12:19 GSD getOne 第 1 次 等待 3 秒
2021-07-31 00:12:22 查询号码 【1959538】，返回信息 {"status":"bad","msg":""}
2021-07-31 00:12:22 查询号码 【1959538】，GSD为【""】
2021-07-31 00:12:22 bad
2021-07-31 00:12:23 CHB 1959538?1627661542 第 1 次 等待 3 秒
2021-07-31 00:12:26 CHB 1959538?1627661542 第 1 次 获取到号码【1959538】GSD
2021-07-31 00:12:27 未获取到号码【1959538】GSD，可能号码格式错误
2021-07-31 00:12:27 获取到号码【1959538】的GSD为【-】
2021-07-31 00:12:30 GSD insert 第 1 次 等待 3 秒
2021-07-31 00:12:33 {"status":"ok","gid":450032,"msg":"添加成功！"}
2021-07-31 00:12:33 下次操作: 2021-07-31 00:12:45

2021-07-31 00:12:45 开始第 33 次操作

2021-07-31 00:12:45 开始操作号码 【1959537】
2021-07-31 00:12:51 GSD getOne 第 1 次 等待 3 秒
2021-07-31 00:12:54 查询号码 【1959537】，返回信息 {"status":"bad","msg":""}
2021-07-31 00:12:54 查询号码 【1959537】，GSD为【""】
2021-07-31 00:12:54 bad
2021-07-31 00:12:56 CHB 1959537?1627661574 第 1 次 等待 3 秒
2021-07-31 00:12:59 CHB 1959537?1627661574 第 1 次 获取到号码【1959537】GSD
2021-07-31 00:12:59 未获取到号码【1959537】GSD，可能号码格式错误
2021-07-31 00:12:59 获取到号码【1959537】的GSD为【-】
2021-07-31 00:13:07 GSD insert 第 1 次 等待 3 秒
2021-07-31 00:13:10 {"status":"ok","gid":450039,"msg":"添加成功！"}
2021-07-31 00:13:10 下次操作: 2021-07-31 00:13:27

2021-07-31 00:13:27 开始第 34 次操作

2021-07-31 00:13:27 开始操作号码 【1959536】
2021-07-31 00:13:30 GSD getOne 第 1 次 等待 3 秒
2021-07-31 00:13:33 查询号码 【1959536】，返回信息 {"status":"bad","msg":""}
2021-07-31 00:13:33 查询号码 【1959536】，GSD为【""】
2021-07-31 00:13:33 bad
2021-07-31 00:13:35 CHB 1959536?1627661613 第 1 次 等待 3 秒
2021-07-31 00:13:38 CHB 1959536?1627661613 第 1 次 获取到号码【1959536】GSD
2021-07-31 00:13:38 未获取到号码【1959536】GSD，可能号码格式错误
2021-07-31 00:13:38 获取到号码【1959536】的GSD为【-】
2021-07-31 00:13:42 GSD insert 第 1 次 等待 3 秒
2021-07-31 00:13:45 {"status":"ok","gid":450049,"msg":"添加成功！"}
2021-07-31 00:13:45 下次操作: 2021-07-31 00:14:03

2021-07-31 00:14:03 开始第 35 次操作

2021-07-31 00:14:03 开始操作号码 【1959535】
2021-07-31 00:14:10 GSD getOne 第 1 次 等待 3 秒
2021-07-31 00:14:13 查询号码 【1959535】，返回信息 {"status":"bad","msg":""}
2021-07-31 00:14:14 查询号码 【1959535】，GSD为【""】
2021-07-31 00:14:14 bad
2021-07-31 00:14:15 CHB 1959535?1627661654 第 1 次 等待 3 秒
2021-07-31 00:14:18 CHB 1959535?1627661654 第 1 次 获取到号码【1959535】GSD
2021-07-31 00:14:18 未获取到号码【1959535】GSD，可能号码格式错误
2021-07-31 00:14:18 获取到号码【1959535】的GSD为【-】
2021-07-31 00:14:22 GSD insert 第 1 次 等待 3 秒
2021-07-31 00:14:25 {"status":"ok","gid":450061,"msg":"添加成功！"}
2021-07-31 00:14:25 下次操作: 2021-07-31 00:14:39

2021-07-31 00:14:39 开始第 36 次操作

2021-07-31 00:14:39 开始操作号码 【1959534】
2021-07-31 00:14:42 GSD getOne 第 1 次 等待 3 秒
2021-07-31 00:14:45 查询号码 【1959534】，返回信息 {"status":"bad","msg":""}
2021-07-31 00:14:45 查询号码 【1959534】，GSD为【""】
2021-07-31 00:14:45 bad
2021-07-31 00:14:47 CHB 1959534?1627661685 第 1 次 等待 3 秒
2021-07-31 00:14:50 CHB 1959534?1627661685 第 1 次 获取到号码【1959534】GSD
2021-07-31 00:14:50 未获取到号码【1959534】GSD，可能号码格式错误
2021-07-31 00:14:50 获取到号码【1959534】的GSD为【-】
2021-07-31 00:14:55 GSD insert 第 1 次 等待 3 秒
2021-07-31 00:14:58 {"status":"ok","gid":450065,"msg":"添加成功！"}
2021-07-31 00:14:58 下次操作: 2021-07-31 00:15:13

2021-07-31 00:15:13 开始第 37 次操作

2021-07-31 00:15:13 开始操作号码 【1959533】
2021-07-31 00:15:16 GSD getOne 第 1 次 等待 3 秒
2021-07-31 00:15:19 查询号码 【1959533】，返回信息 {"status":"bad","msg":""}
2021-07-31 00:15:19 查询号码 【1959533】，GSD为【""】
2021-07-31 00:15:19 bad
2021-07-31 00:15:21 CHB 1959533?1627661719 第 1 次 等待 3 秒
2021-07-31 00:15:24 CHB 1959533?1627661719 第 1 次 获取到号码【1959533】GSD
2021-07-31 00:15:24 未获取到号码【1959533】GSD，可能号码格式错误
2021-07-31 00:15:24 获取到号码【1959533】的GSD为【-】
2021-07-31 00:15:28 GSD insert 第 1 次 等待 3 秒
2021-07-31 00:15:31 {"status":"ok","gid":450072,"msg":"添加成功！"}
2021-07-31 00:15:31 下次操作: 2021-07-31 00:15:51

2021-07-31 00:15:51 开始第 38 次操作

2021-07-31 00:15:51 开始操作号码 【1959532】
2021-07-31 00:15:54 GSD getOne 第 1 次 等待 3 秒
2021-07-31 00:15:57 查询号码 【1959532】，返回信息 {"status":"bad","msg":""}
2021-07-31 00:15:57 查询号码 【1959532】，GSD为【""】
2021-07-31 00:15:57 bad
2021-07-31 00:15:59 CHB 1959532?1627661757 第 1 次 等待 3 秒
2021-07-31 00:16:02 CHB 1959532?1627661757 第 1 次 获取到号码【1959532】GSD
2021-07-31 00:16:02 未获取到号码【1959532】GSD，可能号码格式错误
2021-07-31 00:16:02 获取到号码【1959532】的GSD为【-】
2021-07-31 00:16:06 GSD insert 第 1 次 等待 3 秒
2021-07-31 00:16:09 {"status":"ok","gid":450077,"msg":"添加成功！"}
2021-07-31 00:16:09 下次操作: 2021-07-31 00:16:27

2021-07-31 00:16:27 开始第 39 次操作

2021-07-31 00:16:27 开始操作号码 【1959531】
2021-07-31 00:16:31 GSD getOne 第 1 次 等待 3 秒
2021-07-31 00:16:34 查询号码 【1959531】，返回信息 {"status":"bad","msg":""}
2021-07-31 00:16:34 查询号码 【1959531】，GSD为【""】
2021-07-31 00:16:34 bad
2021-07-31 00:16:36 CHB 1959531?1627661794 第 1 次 等待 3 秒
2021-07-31 00:16:39 CHB 1959531?1627661794 第 1 次 获取到号码【1959531】GSD
2021-07-31 00:16:39 未获取到号码【1959531】GSD，可能号码格式错误
2021-07-31 00:16:39 获取到号码【1959531】的GSD为【-】
2021-07-31 00:16:44 GSD insert 第 1 次 等待 3 秒
2021-07-31 00:16:47 {"status":"ok","gid":450087,"msg":"添加成功！"}
2021-07-31 00:16:47 下次操作: 2021-07-31 00:17:10

2021-07-31 00:17:10 开始第 40 次操作

2021-07-31 00:17:10 开始操作号码 【1959530】
2021-07-31 00:17:32 GSD getOne 第 1 次 等待 3 秒
2021-07-31 00:17:35 查询号码 【1959530】，返回信息 {"status":"bad","msg":""}
2021-07-31 00:17:35 查询号码 【1959530】，GSD为【""】
2021-07-31 00:17:35 bad
2021-07-31 00:17:36 CHB 1959530?1627661855 第 1 次 等待 3 秒
2021-07-31 00:17:39 CHB 1959530?1627661855 第 1 次 获取到号码【1959530】GSD
2021-07-31 00:17:39 未获取到号码【1959530】GSD，可能号码格式错误
2021-07-31 00:17:39 获取到号码【1959530】的GSD为【-】
2021-07-31 00:17:43 GSD insert 第 1 次 等待 3 秒
2021-07-31 00:17:46 {"status":"ok","gid":450094,"msg":"添加成功！"}

