2024-07-14 00:10:33 开始第 6493 次操作

2024-07-14 00:10:33 开始操作号码 【1556402】
2024-07-14 00:10:46 GSD getOne 第 1 次 等待 3 秒
2024-07-14 00:10:49 查询号码 【1556402】，返回信息 {"status":"ok","msg":"山东-菏泽","gid":"410969","time_insert":"2021-07-27 07:52"}
2024-07-14 00:10:49 查询号码 【1556402】，GSD为【"山东-菏泽"】

2024-07-14 00:10:50 开始第 6494 次操作

2024-07-14 00:10:50 开始操作号码 【1556403】
2024-07-14 00:10:58 GSD getOne 第 1 次 等待 3 秒
2024-07-14 00:11:01 查询号码 【1556403】，返回信息 {"status":"ok","msg":"山东-济宁","gid":"410961","time_insert":"2021-07-27 07:51"}
2024-07-14 00:11:01 查询号码 【1556403】，GSD为【"山东-济宁"】

2024-07-14 00:11:02 开始第 6495 次操作

2024-07-14 00:11:02 开始操作号码 【1556404】
2024-07-14 00:11:09 GSD getOne 第 1 次 等待 3 秒
2024-07-14 00:11:12 查询号码 【1556404】，返回信息 {"status":"ok","msg":"山东-济宁","gid":"410950","time_insert":"2021-07-27 07:51"}
2024-07-14 00:11:12 查询号码 【1556404】，GSD为【"山东-济宁"】

2024-07-14 00:11:13 开始第 6496 次操作

2024-07-14 00:11:13 开始操作号码 【1556405】
2024-07-14 00:11:21 GSD getOne 第 1 次 等待 3 秒
2024-07-14 00:11:24 查询号码 【1556405】，返回信息 {"status":"ok","msg":"山东-滨州","gid":"410942","time_insert":"2021-07-27 07:50"}
2024-07-14 00:11:24 查询号码 【1556405】，GSD为【"山东-滨州"】

