2024-05-07 00:12:13 开始第 7737 次操作

2024-05-07 00:12:13 开始操作号码 【1667651】
2024-05-07 00:12:19 GSD getOne 第 1 次 等待 3 秒
2024-05-07 00:12:22 查询号码 【1667651】，返回信息 {"status":"ok","msg":"广东-东莞","gid":"183694","time_insert":"2021-07-03 18:52"}
2024-05-07 00:12:22 查询号码 【1667651】，GSD为【"广东-东莞"】

2024-05-07 00:12:23 开始第 7738 次操作

2024-05-07 00:12:23 开始操作号码 【1667652】
2024-05-07 00:12:29 GSD getOne 第 1 次 等待 3 秒
2024-05-07 00:12:32 查询号码 【1667652】，返回信息 {"status":"ok","msg":"广东-东莞","gid":"183698","time_insert":"2021-07-03 18:53"}
2024-05-07 00:12:32 查询号码 【1667652】，GSD为【"广东-东莞"】

2024-05-07 00:12:33 开始第 7739 次操作

2024-05-07 00:12:33 开始操作号码 【1667653】
2024-05-07 00:12:38 GSD getOne 第 1 次 等待 3 秒
2024-05-07 00:12:41 查询号码 【1667653】，返回信息 {"status":"ok","msg":"广东-东莞","gid":"183705","time_insert":"2021-07-03 18:53"}
2024-05-07 00:12:41 查询号码 【1667653】，GSD为【"广东-东莞"】

2024-05-07 00:12:42 开始第 7740 次操作

2024-05-07 00:12:42 开始操作号码 【1667654】
2024-05-07 00:12:48 GSD getOne 第 1 次 等待 3 秒
2024-05-07 00:12:52 查询号码 【1667654】，返回信息 {"status":"ok","msg":"广东-东莞","gid":"183733","time_insert":"2021-07-03 18:57"}
2024-05-07 00:12:52 查询号码 【1667654】，GSD为【"广东-东莞"】

2024-05-07 00:37:58 开始第 7741 次操作

2024-05-07 00:37:58 开始操作号码 【1667655】
2024-05-07 00:38:05 GSD getOne 第 1 次 等待 3 秒
2024-05-07 00:38:08 查询号码 【1667655】，返回信息 {"status":"ok","msg":"广东-东莞","gid":"183736","time_insert":"2021-07-03 18:58"}
2024-05-07 00:38:08 查询号码 【1667655】，GSD为【"广东-东莞"】

2024-05-07 00:38:09 开始第 7742 次操作

2024-05-07 00:38:09 开始操作号码 【1667656】
2024-05-07 00:38:13 GSD getOne 第 1 次 等待 3 秒
2024-05-07 00:38:16 查询号码 【1667656】，返回信息 {"status":"ok","msg":"广东-东莞","gid":"183741","time_insert":"2021-07-03 18:59"}
2024-05-07 00:38:16 查询号码 【1667656】，GSD为【"广东-东莞"】

2024-05-07 00:38:17 开始第 7743 次操作

2024-05-07 00:38:17 开始操作号码 【1667657】
2024-05-07 00:38:23 GSD getOne 第 1 次 等待 3 秒
2024-05-07 00:38:26 查询号码 【1667657】，返回信息 {"status":"ok","msg":"广东-东莞","gid":"183747","time_insert":"2021-07-03 18:59"}
2024-05-07 00:38:27 查询号码 【1667657】，GSD为【"广东-东莞"】

2024-05-07 00:38:28 开始第 7744 次操作

2024-05-07 00:38:28 开始操作号码 【1667658】
2024-05-07 00:38:35 GSD getOne 第 1 次 等待 3 秒
2024-05-07 00:38:38 查询号码 【1667658】，返回信息 {"status":"ok","msg":"广东-东莞","gid":"183749","time_insert":"2021-07-03 18:59"}
2024-05-07 00:38:38 查询号码 【1667658】，GSD为【"广东-东莞"】

2024-05-07 01:09:56 开始第 7745 次操作

2024-05-07 01:09:56 开始操作号码 【1667659】
2024-05-07 01:10:02 GSD getOne 第 1 次 等待 3 秒
2024-05-07 01:10:05 查询号码 【1667659】，返回信息 {"status":"ok","msg":"广东-东莞","gid":"183897","time_insert":"2021-07-03 19:34"}
2024-05-07 01:10:05 查询号码 【1667659】，GSD为【"广东-东莞"】

2024-05-07 01:10:06 开始第 7746 次操作

2024-05-07 01:10:06 开始操作号码 【1667660】
2024-05-07 01:10:12 GSD getOne 第 1 次 等待 3 秒
2024-05-07 01:10:15 查询号码 【1667660】，返回信息 {"status":"ok","msg":"广东-云浮","gid":"183902","time_insert":"2021-07-03 19:35"}
2024-05-07 01:10:15 查询号码 【1667660】，GSD为【"广东-云浮"】

2024-05-07 01:10:16 开始第 7747 次操作

2024-05-07 01:10:16 开始操作号码 【1667661】
2024-05-07 01:10:21 GSD getOne 第 1 次 等待 3 秒
2024-05-07 01:10:24 查询号码 【1667661】，返回信息 {"status":"ok","msg":"广东-云浮","gid":"183909","time_insert":"2021-07-03 19:36"}
2024-05-07 01:10:24 查询号码 【1667661】，GSD为【"广东-云浮"】

2024-05-07 01:10:25 开始第 7748 次操作

2024-05-07 01:10:25 开始操作号码 【1667662】
2024-05-07 01:10:30 GSD getOne 第 1 次 等待 3 秒
2024-05-07 01:10:33 查询号码 【1667662】，返回信息 {"status":"ok","msg":"广东-云浮","gid":"183917","time_insert":"2021-07-03 19:37"}
2024-05-07 01:10:33 查询号码 【1667662】，GSD为【"广东-云浮"】

