2023-12-06 00:12:08 开始第 1661 次操作

2023-12-06 00:12:08 开始操作号码 【1881574】
2023-12-06 00:12:14 GSD getOne 第 1 次 等待 3 秒
2023-12-06 00:12:17 查询号码 【1881574】，返回信息 {"status":"ok","msg":"安徽-池州","gid":"457852","time_insert":"2021-07-31 16:34"}
2023-12-06 00:12:17 查询号码 【1881574】，GSD为【"安徽-池州"】

2023-12-06 00:12:18 开始第 1662 次操作

2023-12-06 00:12:18 开始操作号码 【1881575】
2023-12-06 00:12:22 GSD getOne 第 1 次 等待 3 秒
2023-12-06 00:12:25 查询号码 【1881575】，返回信息 {"status":"ok","msg":"安徽-池州","gid":"457931","time_insert":"2021-07-31 16:45"}
2023-12-06 00:12:25 查询号码 【1881575】，GSD为【"安徽-池州"】

2023-12-06 00:12:26 开始第 1663 次操作

2023-12-06 00:12:26 开始操作号码 【1881576】
2023-12-06 00:12:30 GSD getOne 第 1 次 等待 3 秒
2023-12-06 00:12:33 查询号码 【1881576】，返回信息 {"status":"ok","msg":"安徽-池州","gid":"458129","time_insert":"2021-07-31 16:59"}
2023-12-06 00:12:33 查询号码 【1881576】，GSD为【"安徽-池州"】

2023-12-06 00:12:34 开始第 1664 次操作

2023-12-06 00:12:34 开始操作号码 【1881577】
2023-12-06 00:12:38 GSD getOne 第 1 次 等待 3 秒
2023-12-06 00:12:41 查询号码 【1881577】，返回信息 {"status":"ok","msg":"安徽-池州","gid":"458239","time_insert":"2021-07-31 17:07"}
2023-12-06 00:12:41 查询号码 【1881577】，GSD为【"安徽-池州"】

