2024-06-26 00:12:41 开始第 3229 次操作

2024-06-26 00:12:41 开始操作号码 【1553141】
2024-06-26 00:12:56 GSD getOne 第 1 次 等待 3 秒
2024-06-26 00:12:59 查询号码 【1553141】，返回信息 {"status":"ok","msg":"河北-承德","gid":"229562","time_insert":"2021-07-09 08:54"}
2024-06-26 00:12:59 查询号码 【1553141】，GSD为【"河北-承德"】

2024-06-26 00:13:00 开始第 3230 次操作

2024-06-26 00:13:00 开始操作号码 【1553142】
2024-06-26 00:13:17 GSD getOne 第 1 次 等待 3 秒
2024-06-26 00:13:20 查询号码 【1553142】，返回信息 {"status":"ok","msg":"河北-承德","gid":"229595","time_insert":"2021-07-09 09:12"}
2024-06-26 00:13:20 查询号码 【1553142】，GSD为【"河北-承德"】

2024-06-26 00:13:21 开始第 3231 次操作

2024-06-26 00:13:21 开始操作号码 【1553143】
2024-06-26 00:13:34 GSD getOne 第 1 次 等待 3 秒
2024-06-26 00:13:37 查询号码 【1553143】，返回信息 {"status":"ok","msg":"河北-承德","gid":"229620","time_insert":"2021-07-09 09:29"}
2024-06-26 00:13:37 查询号码 【1553143】，GSD为【"河北-承德"】

2024-06-26 00:13:38 开始第 3232 次操作

2024-06-26 00:13:38 开始操作号码 【1553144】
2024-06-26 00:13:53 GSD getOne 第 1 次 等待 3 秒
2024-06-26 00:13:56 查询号码 【1553144】，返回信息 {"status":"ok","msg":"河北-承德","gid":"229750","time_insert":"2021-07-09 09:47"}
2024-06-26 00:13:56 查询号码 【1553144】，GSD为【"河北-承德"】

