2024-08-29 00:12:45 开始第 1729 次操作

2024-08-29 00:12:45 开始操作号码 【1441728】
2024-08-29 00:12:56 GSD getOne 第 1 次 等待 3 秒
2024-08-29 00:12:59 查询号码 【1441728】，返回信息 {"status":"ok","msg":"-","gid":"549857","time_insert":"2023-02-23 17:06"}
2024-08-29 00:12:59 查询号码 【1441728】，GSD为【"-"】
2024-08-29 00:12:59 ok && -
2024-08-29 00:13:03 CHB 1441728?1724861579 第 1 次 等待 3 秒
2024-08-29 00:13:06 CHB 1441728?1724861579 第 1 次 获取到号码【1441728】GSD
2024-08-29 00:13:06 未获取到号码【1441728】GSD，可能号码格式错误
2024-08-29 00:13:06 获取到号码【1441728】的GSD为【-】
2024-08-29 00:13:13 GSD insert 第 1 次 等待 3 秒
2024-08-29 00:13:16 {"status":"bad","gid":"549857","msg":"添加失败！号码【1441728(-|-)】已存在！"}
2024-08-29 00:13:16 随机等待 129 秒，约 2 分钟
2024-08-29 00:13:16 下次操作: 2024-08-29 00:15:25

2024-08-29 00:15:25 开始第 1730 次操作

2024-08-29 00:15:25 开始操作号码 【1441729】
2024-08-29 00:15:33 GSD getOne 第 1 次 等待 3 秒
2024-08-29 00:15:36 查询号码 【1441729】，返回信息 {"status":"ok","msg":"-","gid":"549881","time_insert":"2023-02-23 17:19"}
2024-08-29 00:15:36 查询号码 【1441729】，GSD为【"-"】
2024-08-29 00:15:36 ok && -
2024-08-29 00:15:39 CHB 1441729?1724861736 第 1 次 等待 3 秒
2024-08-29 00:15:42 CHB 1441729?1724861736 第 1 次 获取到号码【1441729】GSD
2024-08-29 00:15:42 未获取到号码【1441729】GSD，可能号码格式错误
2024-08-29 00:15:42 获取到号码【1441729】的GSD为【-】
2024-08-29 00:15:50 GSD insert 第 1 次 等待 3 秒
2024-08-29 00:15:53 {"status":"bad","gid":"549881","msg":"添加失败！号码【1441729(-|-)】已存在！"}
2024-08-29 00:15:53 随机等待 68 秒，约 1 分钟
2024-08-29 00:15:53 下次操作: 2024-08-29 00:17:01

2024-08-29 00:17:01 开始第 1731 次操作

2024-08-29 00:17:01 开始操作号码 【1441730】
2024-08-29 00:17:09 GSD getOne 第 1 次 等待 3 秒
2024-08-29 00:17:12 查询号码 【1441730】，返回信息 {"status":"ok","msg":"-","gid":"549914","time_insert":"2023-02-23 17:36"}
2024-08-29 00:17:12 查询号码 【1441730】，GSD为【"-"】
2024-08-29 00:17:12 ok && -
2024-08-29 00:17:14 CHB 1441730?1724861832 第 1 次 等待 3 秒
2024-08-29 00:17:17 CHB 1441730?1724861832 第 1 次 获取到号码【1441730】GSD
2024-08-29 00:17:17 未获取到号码【1441730】GSD，可能号码格式错误
2024-08-29 00:17:17 获取到号码【1441730】的GSD为【-】
2024-08-29 00:17:24 GSD insert 第 1 次 等待 3 秒
2024-08-29 00:17:27 {"status":"bad","gid":"549914","msg":"添加失败！号码【1441730(-|-)】已存在！"}
2024-08-29 00:17:27 随机等待 208 秒，约 3 分钟
2024-08-29 00:17:27 下次操作: 2024-08-29 00:20:55

2024-08-29 00:20:55 开始第 1732 次操作

2024-08-29 00:20:55 开始操作号码 【1441731】
2024-08-29 00:21:03 GSD getOne 第 1 次 等待 3 秒
2024-08-29 00:21:06 查询号码 【1441731】，返回信息 {"status":"ok","msg":"-","gid":"549934","time_insert":"2023-02-23 17:47"}
2024-08-29 00:21:06 查询号码 【1441731】，GSD为【"-"】
2024-08-29 00:21:06 ok && -
2024-08-29 00:21:08 CHB 1441731?1724862066 第 1 次 等待 3 秒
2024-08-29 00:21:11 CHB 1441731?1724862066 第 1 次 获取到号码【1441731】GSD
2024-08-29 00:21:11 未获取到号码【1441731】GSD，可能号码格式错误
2024-08-29 00:21:11 获取到号码【1441731】的GSD为【-】
2024-08-29 00:21:19 GSD insert 第 1 次 等待 3 秒
2024-08-29 00:21:22 {"status":"bad","gid":"549934","msg":"添加失败！号码【1441731(-|-)】已存在！"}

2024-08-29 00:41:37 开始第 1733 次操作

2024-08-29 00:41:37 开始操作号码 【1441732】
2024-08-29 00:41:45 GSD getOne 第 1 次 等待 3 秒
2024-08-29 00:41:48 查询号码 【1441732】，返回信息 {"status":"ok","msg":"-","gid":"549962","time_insert":"2023-02-23 18:00"}
2024-08-29 00:41:48 查询号码 【1441732】，GSD为【"-"】
2024-08-29 00:41:48 ok && -
2024-08-29 00:41:51 CHB 1441732?1724863308 第 1 次 等待 3 秒
2024-08-29 00:41:54 CHB 1441732?1724863308 第 1 次 获取到号码【1441732】GSD
2024-08-29 00:41:54 未获取到号码【1441732】GSD，可能号码格式错误
2024-08-29 00:41:54 获取到号码【1441732】的GSD为【-】
2024-08-29 00:42:02 GSD insert 第 1 次 等待 3 秒
2024-08-29 00:42:05 {"status":"bad","gid":"549962","msg":"添加失败！号码【1441732(-|-)】已存在！"}
2024-08-29 00:42:05 随机等待 134 秒，约 2 分钟
2024-08-29 00:42:05 下次操作: 2024-08-29 00:44:19

2024-08-29 00:44:19 开始第 1734 次操作

2024-08-29 00:44:19 开始操作号码 【1441733】
2024-08-29 00:44:26 GSD getOne 第 1 次 等待 3 秒
2024-08-29 00:44:29 查询号码 【1441733】，返回信息 {"status":"ok","msg":"-","gid":"549975","time_insert":"2023-02-23 18:10"}
2024-08-29 00:44:29 查询号码 【1441733】，GSD为【"-"】
2024-08-29 00:44:29 ok && -
2024-08-29 00:44:34 CHB 1441733?1724863469 第 1 次 等待 3 秒
2024-08-29 00:44:37 CHB 1441733?1724863469 第 1 次 获取到号码【1441733】GSD
2024-08-29 00:44:38 未获取到号码【1441733】GSD，可能号码格式错误
2024-08-29 00:44:38 获取到号码【1441733】的GSD为【-】
2024-08-29 00:44:45 GSD insert 第 1 次 等待 3 秒
2024-08-29 00:44:48 {"status":"bad","gid":"549975","msg":"添加失败！号码【1441733(-|-)】已存在！"}
2024-08-29 00:44:48 随机等待 213 秒，约 3 分钟
2024-08-29 00:44:48 下次操作: 2024-08-29 00:48:21

2024-08-29 00:48:21 开始第 1735 次操作

2024-08-29 00:48:21 开始操作号码 【1441734】
2024-08-29 00:48:29 GSD getOne 第 1 次 等待 3 秒
2024-08-29 00:48:32 查询号码 【1441734】，返回信息 {"status":"ok","msg":"-","gid":"550000","time_insert":"2023-02-23 18:26"}
2024-08-29 00:48:32 查询号码 【1441734】，GSD为【"-"】
2024-08-29 00:48:32 ok && -
2024-08-29 00:48:35 CHB 1441734?1724863712 第 1 次 等待 3 秒
2024-08-29 00:48:38 CHB 1441734?1724863712 第 1 次 获取到号码【1441734】GSD
2024-08-29 00:48:38 未获取到号码【1441734】GSD，可能号码格式错误
2024-08-29 00:48:38 获取到号码【1441734】的GSD为【-】
2024-08-29 00:48:46 GSD insert 第 1 次 等待 3 秒
2024-08-29 00:48:49 {"status":"bad","gid":"550000","msg":"添加失败！号码【1441734(-|-)】已存在！"}
2024-08-29 00:48:49 随机等待 104 秒，约 1 分钟
2024-08-29 00:48:49 下次操作: 2024-08-29 00:50:33

2024-08-29 00:50:33 开始第 1736 次操作

2024-08-29 00:50:33 开始操作号码 【1441735】
2024-08-29 00:50:40 GSD getOne 第 1 次 等待 3 秒
2024-08-29 00:50:43 查询号码 【1441735】，返回信息 {"status":"ok","msg":"-","gid":"550024","time_insert":"2023-02-23 18:39"}
2024-08-29 00:50:44 查询号码 【1441735】，GSD为【"-"】
2024-08-29 00:50:44 ok && -
2024-08-29 00:50:45 CHB 1441735?1724863844 第 1 次 等待 3 秒
2024-08-29 00:50:48 CHB 1441735?1724863844 第 1 次 获取到号码【1441735】GSD
2024-08-29 00:50:49 未获取到号码【1441735】GSD，可能号码格式错误
2024-08-29 00:50:49 获取到号码【1441735】的GSD为【-】
2024-08-29 00:50:57 GSD insert 第 1 次 等待 3 秒
2024-08-29 00:51:00 {"status":"bad","gid":"550024","msg":"添加失败！号码【1441735(-|-)】已存在！"}

