2024-03-31 00:11:10 开始第 1089 次操作

2024-03-31 00:11:10 开始操作号码 【1661003】
2024-03-31 00:11:16 GSD getOne 第 1 次 等待 3 秒
2024-03-31 00:11:19 查询号码 【1661003】，返回信息 {"status":"ok","msg":"北京-北京","gid":"119296","time_insert":"2021-06-23 19:47"}
2024-03-31 00:11:19 查询号码 【1661003】，GSD为【"北京-北京"】

2024-03-31 00:11:20 开始第 1090 次操作

2024-03-31 00:11:20 开始操作号码 【1661004】
2024-03-31 00:11:28 GSD getOne 第 1 次 等待 3 秒
2024-03-31 00:11:31 查询号码 【1661004】，返回信息 {"status":"ok","msg":"北京-北京","gid":"119301","time_insert":"2021-06-23 19:48"}
2024-03-31 00:11:31 查询号码 【1661004】，GSD为【"北京-北京"】

2024-03-31 00:11:32 开始第 1091 次操作

2024-03-31 00:11:32 开始操作号码 【1661005】
2024-03-31 00:11:36 GSD getOne 第 1 次 等待 3 秒
2024-03-31 00:11:39 查询号码 【1661005】，返回信息 {"status":"ok","msg":"北京-北京","gid":"119305","time_insert":"2021-06-23 19:49"}
2024-03-31 00:11:39 查询号码 【1661005】，GSD为【"北京-北京"】

2024-03-31 00:11:40 开始第 1092 次操作

2024-03-31 00:11:40 开始操作号码 【1661006】
2024-03-31 00:11:46 GSD getOne 第 1 次 等待 3 秒
2024-03-31 00:11:49 查询号码 【1661006】，返回信息 {"status":"ok","msg":"北京-北京","gid":"119310","time_insert":"2021-06-23 19:50"}
2024-03-31 00:11:49 查询号码 【1661006】，GSD为【"北京-北京"】

2024-03-31 00:34:11 开始第 1093 次操作

2024-03-31 00:34:11 开始操作号码 【1661007】
2024-03-31 00:34:22 GSD getOne 第 1 次 等待 3 秒
2024-03-31 00:34:25 查询号码 【1661007】，返回信息 {"status":"ok","msg":"北京-北京","gid":"119316","time_insert":"2021-06-23 19:50"}
2024-03-31 00:34:25 查询号码 【1661007】，GSD为【"北京-北京"】

2024-03-31 00:34:26 开始第 1094 次操作

2024-03-31 00:34:26 开始操作号码 【1661008】
2024-03-31 00:34:35 GSD getOne 第 1 次 等待 3 秒
2024-03-31 00:34:38 查询号码 【1661008】，返回信息 {"status":"ok","msg":"北京-北京","gid":"119322","time_insert":"2021-06-23 19:51"}
2024-03-31 00:34:38 查询号码 【1661008】，GSD为【"北京-北京"】

2024-03-31 00:34:39 开始第 1095 次操作

2024-03-31 00:34:39 开始操作号码 【1661009】
2024-03-31 00:34:44 GSD getOne 第 1 次 等待 3 秒
2024-03-31 00:34:47 查询号码 【1661009】，返回信息 {"status":"ok","msg":"北京-北京","gid":"119327","time_insert":"2021-06-23 19:52"}
2024-03-31 00:34:47 查询号码 【1661009】，GSD为【"北京-北京"】

2024-03-31 00:34:48 开始第 1096 次操作

2024-03-31 00:34:48 开始操作号码 【1661010】
2024-03-31 00:34:52 GSD getOne 第 1 次 等待 3 秒
2024-03-31 00:34:55 查询号码 【1661010】，返回信息 {"status":"ok","msg":"北京-北京","gid":"119333","time_insert":"2021-06-23 19:53","time_update":"2021-09-17 14:23"}
2024-03-31 00:34:55 查询号码 【1661010】，GSD为【"北京-北京"】

