2023-12-03 00:10:02 开始第 1109 次操作

2023-12-03 00:10:02 开始操作号码 【1881022】
2023-12-03 00:10:06 GSD getOne 第 1 次 等待 3 秒
2023-12-03 00:10:09 查询号码 【1881022】，返回信息 {"status":"ok","msg":"北京-北京","gid":"423559","time_insert":"2021-07-28 11:09"}
2023-12-03 00:10:09 查询号码 【1881022】，GSD为【"北京-北京"】

2023-12-03 00:10:10 开始第 1110 次操作

2023-12-03 00:10:10 开始操作号码 【1881023】
2023-12-03 00:10:16 GSD getOne 第 1 次 等待 3 秒
2023-12-03 00:10:19 查询号码 【1881023】，返回信息 {"status":"ok","msg":"北京-北京","gid":"423645","time_insert":"2021-07-28 11:22"}
2023-12-03 00:10:19 查询号码 【1881023】，GSD为【"北京-北京"】

2023-12-03 00:10:20 开始第 1111 次操作

2023-12-03 00:10:20 开始操作号码 【1881024】
2023-12-03 00:10:23 GSD getOne 第 1 次 等待 3 秒
2023-12-03 00:10:26 查询号码 【1881024】，返回信息 {"status":"ok","msg":"北京-北京","gid":"423666","time_insert":"2021-07-28 11:34"}
2023-12-03 00:10:26 查询号码 【1881024】，GSD为【"北京-北京"】

2023-12-03 00:10:27 开始第 1112 次操作

2023-12-03 00:10:27 开始操作号码 【1881025】
2023-12-03 00:10:31 GSD getOne 第 1 次 等待 3 秒
2023-12-03 00:10:34 查询号码 【1881025】，返回信息 {"status":"ok","msg":"北京-北京","gid":"423672","time_insert":"2021-07-28 11:41"}
2023-12-03 00:10:34 查询号码 【1881025】，GSD为【"北京-北京"】

