2024-04-30 00:11:21 开始第 6449 次操作

2024-04-30 00:11:21 开始操作号码 【1666363】
2024-04-30 00:11:29 GSD getOne 第 1 次 等待 3 秒
2024-04-30 00:11:32 查询号码 【1666363】，返回信息 {"status":"ok","msg":"黑龙江-哈尔滨","gid":"169110","time_insert":"2021-07-01 21:28"}
2024-04-30 00:11:32 查询号码 【1666363】，GSD为【"黑龙江-哈尔滨"】

2024-04-30 00:11:33 开始第 6450 次操作

2024-04-30 00:11:33 开始操作号码 【1666364】
2024-04-30 00:11:38 GSD getOne 第 1 次 等待 3 秒
2024-04-30 00:11:41 查询号码 【1666364】，返回信息 {"status":"ok","msg":"黑龙江-哈尔滨","gid":"169114","time_insert":"2021-07-01 21:28"}
2024-04-30 00:11:41 查询号码 【1666364】，GSD为【"黑龙江-哈尔滨"】

2024-04-30 00:11:42 开始第 6451 次操作

2024-04-30 00:11:42 开始操作号码 【1666365】
2024-04-30 00:11:51 GSD getOne 第 1 次 等待 3 秒
2024-04-30 00:11:54 查询号码 【1666365】，返回信息 {"status":"ok","msg":"黑龙江-哈尔滨","gid":"169119","time_insert":"2021-07-01 21:29"}
2024-04-30 00:11:54 查询号码 【1666365】，GSD为【"黑龙江-哈尔滨"】

2024-04-30 00:11:55 开始第 6452 次操作

2024-04-30 00:11:55 开始操作号码 【1666366】
2024-04-30 00:12:00 GSD getOne 第 1 次 等待 3 秒
2024-04-30 00:12:03 查询号码 【1666366】，返回信息 {"status":"ok","msg":"黑龙江-哈尔滨","gid":"169122","time_insert":"2021-07-01 21:29"}
2024-04-30 00:12:03 查询号码 【1666366】，GSD为【"黑龙江-哈尔滨"】

