2023-12-04 00:10:02 开始第 1293 次操作

2023-12-04 00:10:02 开始操作号码 【1881206】
2023-12-04 00:10:07 GSD getOne 第 1 次 等待 3 秒
2023-12-04 00:10:10 查询号码 【1881206】，返回信息 {"status":"ok","msg":"河北-廊坊","gid":"433267","time_insert":"2021-07-29 12:52"}
2023-12-04 00:10:10 查询号码 【1881206】，GSD为【"河北-廊坊"】

2023-12-04 00:10:11 开始第 1294 次操作

2023-12-04 00:10:11 开始操作号码 【1881207】
2023-12-04 00:10:17 GSD getOne 第 1 次 等待 3 秒
2023-12-04 00:10:20 查询号码 【1881207】，返回信息 {"status":"ok","msg":"河北-沧州","gid":"433479","time_insert":"2021-07-29 13:06"}
2023-12-04 00:10:20 查询号码 【1881207】，GSD为【"河北-沧州"】

2023-12-04 00:10:21 开始第 1295 次操作

2023-12-04 00:10:21 开始操作号码 【1881208】
2023-12-04 00:10:25 GSD getOne 第 1 次 等待 3 秒
2023-12-04 00:10:28 查询号码 【1881208】，返回信息 {"status":"ok","msg":"河北-衡水","gid":"433590","time_insert":"2021-07-29 13:15"}
2023-12-04 00:10:28 查询号码 【1881208】，GSD为【"河北-衡水"】

2023-12-04 00:10:29 开始第 1296 次操作

2023-12-04 00:10:29 开始操作号码 【1881209】
2023-12-04 00:10:35 GSD getOne 第 1 次 等待 3 秒
2023-12-04 00:10:38 查询号码 【1881209】，返回信息 {"status":"ok","msg":"河北-邢台","gid":"433636","time_insert":"2021-07-29 13:22"}
2023-12-04 00:10:38 查询号码 【1881209】，GSD为【"河北-邢台"】

2023-12-04 00:35:40 开始第 1297 次操作

2023-12-04 00:35:40 开始操作号码 【1881210】
2023-12-04 00:35:45 GSD getOne 第 1 次 等待 3 秒
2023-12-04 00:35:48 查询号码 【1881210】，返回信息 {"status":"ok","msg":"河北-邯郸","gid":"433687","time_insert":"2021-07-29 13:33"}
2023-12-04 00:35:48 查询号码 【1881210】，GSD为【"河北-邯郸"】

2023-12-04 00:35:49 开始第 1298 次操作

2023-12-04 00:35:49 开始操作号码 【1881211】
2023-12-04 00:35:54 GSD getOne 第 1 次 等待 3 秒
2023-12-04 00:35:57 查询号码 【1881211】，返回信息 {"status":"ok","msg":"河北-石家庄","gid":"433760","time_insert":"2021-07-29 13:40"}
2023-12-04 00:35:57 查询号码 【1881211】，GSD为【"河北-石家庄"】

2023-12-04 00:35:58 开始第 1299 次操作

2023-12-04 00:35:58 开始操作号码 【1881212】
2023-12-04 00:36:02 GSD getOne 第 1 次 等待 3 秒
2023-12-04 00:36:05 查询号码 【1881212】，返回信息 {"status":"ok","msg":"河北-保定","gid":"433862","time_insert":"2021-07-29 13:47"}
2023-12-04 00:36:05 查询号码 【1881212】，GSD为【"河北-保定"】

2023-12-04 00:36:06 开始第 1300 次操作

2023-12-04 00:36:06 开始操作号码 【1881213】
2023-12-04 00:36:10 GSD getOne 第 1 次 等待 3 秒
2023-12-04 00:36:13 查询号码 【1881213】，返回信息 {"status":"ok","msg":"河北-张家口","gid":"434027","time_insert":"2021-07-29 13:57"}
2023-12-04 00:36:13 查询号码 【1881213】，GSD为【"河北-张家口"】

