2024-11-15 00:15:30 开始第 5025 次操作

2024-11-15 00:15:30 开始操作号码 【1335024】
2024-11-15 00:15:32 GSD getOne 第 1 次 等待 3 秒
2024-11-15 00:15:35 查询号码 【1335024】，返回信息 {"status":"ok","msg":"四川-宜宾","gid":"3267","time_insert":"2018-05-04 08:40","time_update":"2020-10-09 10:09"}
2024-11-15 00:15:35 查询号码 【1335024】，GSD为【"四川-宜宾"】

2024-11-15 00:15:36 开始第 5026 次操作

2024-11-15 00:15:36 开始操作号码 【1335025】
2024-11-15 00:15:37 GSD getOne 第 1 次 等待 3 秒
2024-11-15 00:15:40 查询号码 【1335025】，返回信息 {"status":"ok","msg":"四川-南充","gid":"3268","time_insert":"2017-05-04 08:18","time_update":"2020-10-09 10:13"}
2024-11-15 00:15:40 查询号码 【1335025】，GSD为【"四川-南充"】

2024-11-15 00:15:41 开始第 5027 次操作

2024-11-15 00:15:41 开始操作号码 【1335026】
2024-11-15 00:15:42 GSD getOne 第 1 次 等待 3 秒
2024-11-15 00:15:45 查询号码 【1335026】，返回信息 {"status":"ok","msg":"四川-南充","gid":"3269","time_insert":"2017-06-14 16:14","time_update":"2020-10-09 10:18"}
2024-11-15 00:15:45 查询号码 【1335026】，GSD为【"四川-南充"】

2024-11-15 00:15:46 开始第 5028 次操作

2024-11-15 00:15:46 开始操作号码 【1335027】
2024-11-15 00:15:47 GSD getOne 第 1 次 等待 3 秒
2024-11-15 00:15:50 查询号码 【1335027】，返回信息 {"status":"ok","msg":"四川-南充","gid":"3270","time_insert":"2017-10-11 22:47","time_update":"2020-10-09 10:21"}
2024-11-15 00:15:50 查询号码 【1335027】，GSD为【"四川-南充"】

