2024-10-05 00:13:58 开始第 8169 次操作

2024-10-05 00:13:58 开始操作号码 【1448163】
2024-10-05 00:14:00 GSD getOne 第 1 次 等待 3 秒
2024-10-05 00:14:03 查询号码 【1448163】，返回信息 {"status":"ok","msg":"-","gid":"683232","time_insert":"2023-04-28 21:18"}
2024-10-05 00:14:03 查询号码 【1448163】，GSD为【"-"】
2024-10-05 00:14:03 ok && -
2024-10-05 00:14:05 CHB 1448163?1728058443 第 1 次 等待 3 秒
2024-10-05 00:14:08 CHB 1448163?1728058443 第 1 次 获取到号码【1448163】GSD
2024-10-05 00:14:08 未获取到号码【1448163】GSD，可能号码格式错误
2024-10-05 00:14:08 获取到号码【1448163】的GSD为【-】
2024-10-05 00:14:10 GSD insert 第 1 次 等待 3 秒
2024-10-05 00:14:13 {"status":"bad","gid":"683232","msg":"添加失败！号码【1448163(-|-)】已存在！"}
2024-10-05 00:14:13 随机等待 165 秒，约 2 分钟
2024-10-05 00:14:13 下次操作: 2024-10-05 00:16:58

2024-10-05 00:16:58 开始第 8170 次操作

2024-10-05 00:16:58 开始操作号码 【1448164】
2024-10-05 00:17:00 GSD getOne 第 1 次 等待 3 秒
2024-10-05 00:17:03 查询号码 【1448164】，返回信息 {"status":"ok","msg":"-","gid":"683221","time_insert":"2023-04-28 21:05"}
2024-10-05 00:17:03 查询号码 【1448164】，GSD为【"-"】
2024-10-05 00:17:03 ok && -
2024-10-05 00:17:04 CHB 1448164?1728058623 第 1 次 等待 3 秒
2024-10-05 00:17:07 CHB 1448164?1728058623 第 1 次 获取到号码【1448164】GSD
2024-10-05 00:17:07 未获取到号码【1448164】GSD，可能号码格式错误
2024-10-05 00:17:07 获取到号码【1448164】的GSD为【-】
2024-10-05 00:17:10 GSD insert 第 1 次 等待 3 秒
2024-10-05 00:17:13 {"status":"bad","gid":"683221","msg":"添加失败！号码【1448164(-|-)】已存在！"}
2024-10-05 00:17:13 随机等待 222 秒，约 3 分钟
2024-10-05 00:17:13 下次操作: 2024-10-05 00:20:55

2024-10-05 00:20:55 开始第 8171 次操作

2024-10-05 00:20:55 开始操作号码 【1448165】
2024-10-05 00:20:57 GSD getOne 第 1 次 等待 3 秒
2024-10-05 00:21:00 查询号码 【1448165】，返回信息 {"status":"ok","msg":"-","gid":"683217","time_insert":"2023-04-28 21:03"}
2024-10-05 00:21:00 查询号码 【1448165】，GSD为【"-"】
2024-10-05 00:21:00 ok && -
2024-10-05 00:21:02 CHB 1448165?1728058860 第 1 次 等待 3 秒
2024-10-05 00:21:05 CHB 1448165?1728058860 第 1 次 获取到号码【1448165】GSD
2024-10-05 00:21:05 未获取到号码【1448165】GSD，可能号码格式错误
2024-10-05 00:21:05 获取到号码【1448165】的GSD为【-】
2024-10-05 00:21:08 GSD insert 第 1 次 等待 3 秒
2024-10-05 00:21:11 {"status":"bad","gid":"683217","msg":"添加失败！号码【1448165(-|-)】已存在！"}
2024-10-05 00:21:11 随机等待 167 秒，约 2 分钟
2024-10-05 00:21:11 下次操作: 2024-10-05 00:23:58

2024-10-05 00:23:58 开始第 8172 次操作

2024-10-05 00:23:58 开始操作号码 【1448166】
2024-10-05 00:24:15 GSD getOne 第 1 次 等待 3 秒
2024-10-05 00:24:18 查询号码 【1448166】，返回信息 {"status":"ok","msg":"-","gid":"683211","time_insert":"2023-04-28 21:01"}
2024-10-05 00:24:18 查询号码 【1448166】，GSD为【"-"】
2024-10-05 00:24:18 ok && -
2024-10-05 00:24:20 CHB 1448166?1728059058 第 1 次 等待 3 秒
2024-10-05 00:24:23 CHB 1448166?1728059058 第 1 次 获取到号码【1448166】GSD
2024-10-05 00:24:23 未获取到号码【1448166】GSD，可能号码格式错误
2024-10-05 00:24:23 获取到号码【1448166】的GSD为【-】
2024-10-05 00:24:28 GSD insert 第 1 次 等待 3 秒
2024-10-05 00:24:31 {"status":"bad","gid":"683211","msg":"添加失败！号码【1448166(-|-)】已存在！"}

