2023-10-07 00:11:00 开始第 1957 次操作

2023-10-07 00:11:00 开始操作号码 【1981956】
2023-10-07 00:11:03 GSD getOne 第 1 次 等待 3 秒
2023-10-07 00:11:06 查询号码 【1981956】，返回信息 {"status":"ok","msg":"山东-菏泽","gid":"496810","time_insert":"2021-08-05 18:16"}
2023-10-07 00:11:06 查询号码 【1981956】，GSD为【"山东-菏泽"】

2023-10-07 00:11:07 开始第 1958 次操作

2023-10-07 00:11:07 开始操作号码 【1981957】
2023-10-07 00:11:11 GSD getOne 第 1 次 等待 3 秒
2023-10-07 00:11:14 查询号码 【1981957】，返回信息 {"status":"ok","msg":"山东-菏泽","gid":"496815","time_insert":"2021-08-05 18:25"}
2023-10-07 00:11:14 查询号码 【1981957】，GSD为【"山东-菏泽"】

2023-10-07 00:11:15 开始第 1959 次操作

2023-10-07 00:11:15 开始操作号码 【1981958】
2023-10-07 00:11:18 GSD getOne 第 1 次 等待 3 秒
2023-10-07 00:11:21 查询号码 【1981958】，返回信息 {"status":"ok","msg":"山东-菏泽","gid":"496822","time_insert":"2021-08-05 18:36"}
2023-10-07 00:11:21 查询号码 【1981958】，GSD为【"山东-菏泽"】

2023-10-07 00:11:22 开始第 1960 次操作

2023-10-07 00:11:22 开始操作号码 【1981959】
2023-10-07 00:11:26 GSD getOne 第 1 次 等待 3 秒
2023-10-07 00:11:29 查询号码 【1981959】，返回信息 {"status":"ok","msg":"山东-菏泽","gid":"496827","time_insert":"2021-08-05 18:45"}
2023-10-07 00:11:29 查询号码 【1981959】，GSD为【"山东-菏泽"】

