2024-05-05 00:10:41 开始第 7369 次操作

2024-05-05 00:10:41 开始操作号码 【1667283】
2024-05-05 00:10:47 GSD getOne 第 1 次 等待 3 秒
2024-05-05 00:10:50 查询号码 【1667283】，返回信息 {"status":"ok","msg":"湖北-宜昌","gid":"179311","time_insert":"2021-07-03 05:57"}
2024-05-05 00:10:50 查询号码 【1667283】，GSD为【"湖北-宜昌"】

2024-05-05 00:10:51 开始第 7370 次操作

2024-05-05 00:10:51 开始操作号码 【1667284】
2024-05-05 00:10:57 GSD getOne 第 1 次 等待 3 秒
2024-05-05 00:11:00 查询号码 【1667284】，返回信息 {"status":"ok","msg":"湖北-十堰","gid":"179321","time_insert":"2021-07-03 05:58"}
2024-05-05 00:11:00 查询号码 【1667284】，GSD为【"湖北-十堰"】

2024-05-05 00:11:01 开始第 7371 次操作

2024-05-05 00:11:01 开始操作号码 【1667285】
2024-05-05 00:11:08 GSD getOne 第 1 次 等待 3 秒
2024-05-05 00:11:11 查询号码 【1667285】，返回信息 {"status":"ok","msg":"湖北-十堰","gid":"179329","time_insert":"2021-07-03 05:59"}
2024-05-05 00:11:11 查询号码 【1667285】，GSD为【"湖北-十堰"】

2024-05-05 00:11:12 开始第 7372 次操作

2024-05-05 00:11:12 开始操作号码 【1667286】
2024-05-05 00:11:18 GSD getOne 第 1 次 等待 3 秒
2024-05-05 00:11:21 查询号码 【1667286】，返回信息 {"status":"ok","msg":"湖北-十堰","gid":"179337","time_insert":"2021-07-03 05:59"}
2024-05-05 00:11:21 查询号码 【1667286】，GSD为【"湖北-十堰"】

