2024-08-24 00:12:52 开始第 829 次操作

2024-08-24 00:12:52 开始操作号码 【1440828】
2024-08-24 00:13:02 GSD getOne 第 1 次 等待 3 秒
2024-08-24 00:13:05 查询号码 【1440828】，返回信息 {"status":"ok","msg":"-","gid":"531986","time_insert":"2023-02-15 07:40"}
2024-08-24 00:13:05 查询号码 【1440828】，GSD为【"-"】
2024-08-24 00:13:05 ok && -
2024-08-24 00:13:08 CHB 1440828?1724429585 第 1 次 等待 3 秒
2024-08-24 00:13:11 CHB 1440828?1724429585 第 1 次 获取到号码【1440828】GSD
2024-08-24 00:13:12 未获取到号码【1440828】GSD，可能号码格式错误
2024-08-24 00:13:12 获取到号码【1440828】的GSD为【-】
2024-08-24 00:13:20 GSD insert 第 1 次 等待 3 秒
2024-08-24 00:13:23 {"status":"bad","gid":"531986","msg":"添加失败！号码【1440828(-|-)】已存在！"}
2024-08-24 00:13:23 随机等待 211 秒，约 3 分钟
2024-08-24 00:13:23 下次操作: 2024-08-24 00:16:54

2024-08-24 00:16:54 开始第 830 次操作

2024-08-24 00:16:54 开始操作号码 【1440829】
2024-08-24 00:17:04 GSD getOne 第 1 次 等待 3 秒
2024-08-24 00:17:07 查询号码 【1440829】，返回信息 {"status":"ok","msg":"-","gid":"532002","time_insert":"2023-02-15 07:55"}
2024-08-24 00:17:07 查询号码 【1440829】，GSD为【"-"】
2024-08-24 00:17:07 ok && -
2024-08-24 00:17:09 CHB 1440829?1724429827 第 1 次 等待 3 秒
2024-08-24 00:17:12 CHB 1440829?1724429827 第 1 次 获取到号码【1440829】GSD
2024-08-24 00:17:12 未获取到号码【1440829】GSD，可能号码格式错误
2024-08-24 00:17:12 获取到号码【1440829】的GSD为【-】
2024-08-24 00:17:20 GSD insert 第 1 次 等待 3 秒
2024-08-24 00:17:23 {"status":"bad","gid":"532002","msg":"添加失败！号码【1440829(-|-)】已存在！"}
2024-08-24 00:17:23 随机等待 71 秒，约 1 分钟
2024-08-24 00:17:23 下次操作: 2024-08-24 00:18:34

2024-08-24 00:18:34 开始第 831 次操作

2024-08-24 00:18:34 开始操作号码 【1440830】
2024-08-24 00:18:42 GSD getOne 第 1 次 等待 3 秒
2024-08-24 00:18:45 查询号码 【1440830】，返回信息 {"status":"ok","msg":"-","gid":"532019","time_insert":"2023-02-15 08:10"}
2024-08-24 00:18:45 查询号码 【1440830】，GSD为【"-"】
2024-08-24 00:18:45 ok && -
2024-08-24 00:18:48 CHB 1440830?1724429925 第 1 次 等待 3 秒
2024-08-24 00:18:51 CHB 1440830?1724429925 第 1 次 获取到号码【1440830】GSD
2024-08-24 00:18:51 未获取到号码【1440830】GSD，可能号码格式错误
2024-08-24 00:18:51 获取到号码【1440830】的GSD为【-】
2024-08-24 00:18:59 GSD insert 第 1 次 等待 3 秒
2024-08-24 00:19:02 {"status":"bad","gid":"532019","msg":"添加失败！号码【1440830(-|-)】已存在！"}
2024-08-24 00:19:02 随机等待 91 秒，约 1 分钟
2024-08-24 00:19:02 下次操作: 2024-08-24 00:20:33

2024-08-24 00:20:33 开始第 832 次操作

2024-08-24 00:20:33 开始操作号码 【1440831】
2024-08-24 00:20:41 GSD getOne 第 1 次 等待 3 秒
2024-08-24 00:20:44 查询号码 【1440831】，返回信息 {"status":"ok","msg":"-","gid":"532035","time_insert":"2023-02-15 08:23"}
2024-08-24 00:20:44 查询号码 【1440831】，GSD为【"-"】
2024-08-24 00:20:44 ok && -
2024-08-24 00:20:48 CHB 1440831?1724430044 第 1 次 等待 3 秒
2024-08-24 00:20:51 CHB 1440831?1724430044 第 1 次 获取到号码【1440831】GSD
2024-08-24 00:20:51 未获取到号码【1440831】GSD，可能号码格式错误
2024-08-24 00:20:51 获取到号码【1440831】的GSD为【-】
2024-08-24 00:20:59 GSD insert 第 1 次 等待 3 秒
2024-08-24 00:21:02 {"status":"bad","gid":"532035","msg":"添加失败！号码【1440831(-|-)】已存在！"}

