2024-09-04 00:13:40 开始第 2761 次操作

2024-09-04 00:13:40 开始操作号码 【1442760】
2024-09-04 00:13:50 GSD getOne 第 1 次 等待 3 秒
2024-09-04 00:13:53 查询号码 【1442760】，返回信息 {"status":"ok","msg":"-","gid":"573446","time_insert":"2023-03-06 12:00"}
2024-09-04 00:13:53 查询号码 【1442760】，GSD为【"-"】
2024-09-04 00:13:53 ok && -
2024-09-04 00:13:55 CHB 1442760?1725380033 第 1 次 等待 3 秒
2024-09-04 00:13:58 CHB 1442760?1725380033 第 1 次 获取到号码【1442760】GSD
2024-09-04 00:13:58 未获取到号码【1442760】GSD，可能号码格式错误
2024-09-04 00:13:58 获取到号码【1442760】的GSD为【-】
2024-09-04 00:14:06 GSD insert 第 1 次 等待 3 秒
2024-09-04 00:14:09 {"status":"bad","gid":"573446","msg":"添加失败！号码【1442760(-|-)】已存在！"}
2024-09-04 00:14:09 随机等待 108 秒，约 1 分钟
2024-09-04 00:14:09 下次操作: 2024-09-04 00:15:57

2024-09-04 00:15:57 开始第 2762 次操作

2024-09-04 00:15:57 开始操作号码 【1442761】
2024-09-04 00:16:05 GSD getOne 第 1 次 等待 3 秒
2024-09-04 00:16:08 查询号码 【1442761】，返回信息 {"status":"ok","msg":"-","gid":"573470","time_insert":"2023-03-06 12:18"}
2024-09-04 00:16:08 查询号码 【1442761】，GSD为【"-"】
2024-09-04 00:16:08 ok && -
2024-09-04 00:16:09 CHB 1442761?1725380168 第 1 次 等待 3 秒
2024-09-04 00:16:12 CHB 1442761?1725380168 第 1 次 获取到号码【1442761】GSD
2024-09-04 00:16:12 未获取到号码【1442761】GSD，可能号码格式错误
2024-09-04 00:16:12 获取到号码【1442761】的GSD为【-】
2024-09-04 00:16:20 GSD insert 第 1 次 等待 3 秒
2024-09-04 00:16:23 {"status":"bad","gid":"573470","msg":"添加失败！号码【1442761(-|-)】已存在！"}
2024-09-04 00:16:23 随机等待 118 秒，约 1 分钟
2024-09-04 00:16:23 下次操作: 2024-09-04 00:18:21

2024-09-04 00:18:21 开始第 2763 次操作

2024-09-04 00:18:21 开始操作号码 【1442762】
2024-09-04 00:18:29 GSD getOne 第 1 次 等待 3 秒
2024-09-04 00:18:32 查询号码 【1442762】，返回信息 {"status":"ok","msg":"-","gid":"573492","time_insert":"2023-03-06 12:33"}
2024-09-04 00:18:32 查询号码 【1442762】，GSD为【"-"】
2024-09-04 00:18:32 ok && -
2024-09-04 00:18:34 CHB 1442762?1725380312 第 1 次 等待 3 秒
2024-09-04 00:18:37 CHB 1442762?1725380312 第 1 次 获取到号码【1442762】GSD
2024-09-04 00:18:37 未获取到号码【1442762】GSD，可能号码格式错误
2024-09-04 00:18:37 获取到号码【1442762】的GSD为【-】
2024-09-04 00:18:45 GSD insert 第 1 次 等待 3 秒
2024-09-04 00:18:48 {"status":"bad","gid":"573492","msg":"添加失败！号码【1442762(-|-)】已存在！"}
2024-09-04 00:18:48 随机等待 200 秒，约 3 分钟
2024-09-04 00:18:48 下次操作: 2024-09-04 00:22:08

2024-09-04 00:22:08 开始第 2764 次操作

2024-09-04 00:22:08 开始操作号码 【1442763】
2024-09-04 00:22:16 GSD getOne 第 1 次 等待 3 秒
2024-09-04 00:22:19 查询号码 【1442763】，返回信息 {"status":"ok","msg":"-","gid":"573518","time_insert":"2023-03-06 12:49"}
2024-09-04 00:22:19 查询号码 【1442763】，GSD为【"-"】
2024-09-04 00:22:19 ok && -
2024-09-04 00:22:22 CHB 1442763?1725380539 第 1 次 等待 3 秒
2024-09-04 00:22:25 CHB 1442763?1725380539 第 1 次 获取到号码【1442763】GSD
2024-09-04 00:22:25 未获取到号码【1442763】GSD，可能号码格式错误
2024-09-04 00:22:25 获取到号码【1442763】的GSD为【-】
2024-09-04 00:22:32 GSD insert 第 1 次 等待 3 秒
2024-09-04 00:22:35 {"status":"bad","gid":"573518","msg":"添加失败！号码【1442763(-|-)】已存在！"}

