2024-09-22 00:12:23 开始第 5929 次操作

2024-09-22 00:12:23 开始操作号码 【1445926】
2024-09-22 00:12:26 GSD getOne 第 1 次 等待 3 秒
2024-09-22 00:12:29 查询号码 【1445926】，返回信息 {"status":"ok","msg":"-","gid":"654999","time_insert":"2023-04-15 01:54"}
2024-09-22 00:12:29 查询号码 【1445926】，GSD为【"-"】
2024-09-22 00:12:29 ok && -
2024-09-22 00:12:32 CHB 1445926?1726935149 第 1 次 等待 3 秒
2024-09-22 00:12:35 CHB 1445926?1726935149 第 1 次 获取到号码【1445926】GSD
2024-09-22 00:12:35 未获取到号码【1445926】GSD，可能号码格式错误
2024-09-22 00:12:35 获取到号码【1445926】的GSD为【-】
2024-09-22 00:12:38 GSD insert 第 1 次 等待 3 秒
2024-09-22 00:12:41 {"status":"bad","gid":"654999","msg":"添加失败！号码【1445926(-|-)】已存在！"}
2024-09-22 00:12:41 随机等待 168 秒，约 2 分钟
2024-09-22 00:12:41 下次操作: 2024-09-22 00:15:29

2024-09-22 00:15:29 开始第 5930 次操作

2024-09-22 00:15:29 开始操作号码 【1445927】
2024-09-22 00:15:31 GSD getOne 第 1 次 等待 3 秒
2024-09-22 00:15:34 查询号码 【1445927】，返回信息 {"status":"ok","msg":"-","gid":"655016","time_insert":"2023-04-15 02:03"}
2024-09-22 00:15:34 查询号码 【1445927】，GSD为【"-"】
2024-09-22 00:15:34 ok && -
2024-09-22 00:15:37 CHB 1445927?1726935334 第 1 次 等待 3 秒
2024-09-22 00:15:40 CHB 1445927?1726935334 第 1 次 获取到号码【1445927】GSD
2024-09-22 00:15:40 未获取到号码【1445927】GSD，可能号码格式错误
2024-09-22 00:15:40 获取到号码【1445927】的GSD为【-】
2024-09-22 00:15:42 GSD insert 第 1 次 等待 3 秒
2024-09-22 00:15:45 {"status":"bad","gid":"655016","msg":"添加失败！号码【1445927(-|-)】已存在！"}
2024-09-22 00:15:45 随机等待 99 秒，约 1 分钟
2024-09-22 00:15:45 下次操作: 2024-09-22 00:17:24

2024-09-22 00:17:24 开始第 5931 次操作

2024-09-22 00:17:24 开始操作号码 【1445928】
2024-09-22 00:17:27 GSD getOne 第 1 次 等待 3 秒
2024-09-22 00:17:30 查询号码 【1445928】，返回信息 {"status":"ok","msg":"-","gid":"655045","time_insert":"2023-04-15 02:21"}
2024-09-22 00:17:30 查询号码 【1445928】，GSD为【"-"】
2024-09-22 00:17:30 ok && -
2024-09-22 00:17:32 CHB 1445928?1726935450 第 1 次 等待 3 秒
2024-09-22 00:17:35 CHB 1445928?1726935450 第 1 次 获取到号码【1445928】GSD
2024-09-22 00:17:35 未获取到号码【1445928】GSD，可能号码格式错误
2024-09-22 00:17:35 获取到号码【1445928】的GSD为【-】
2024-09-22 00:17:38 GSD insert 第 1 次 等待 3 秒
2024-09-22 00:17:41 {"status":"bad","gid":"655045","msg":"添加失败！号码【1445928(-|-)】已存在！"}
2024-09-22 00:17:41 随机等待 187 秒，约 3 分钟
2024-09-22 00:17:41 下次操作: 2024-09-22 00:20:48

2024-09-22 00:20:48 开始第 5932 次操作

2024-09-22 00:20:48 开始操作号码 【1445929】
2024-09-22 00:20:51 GSD getOne 第 1 次 等待 3 秒
2024-09-22 00:20:54 查询号码 【1445929】，返回信息 {"status":"ok","msg":"-","gid":"655065","time_insert":"2023-04-15 02:33"}
2024-09-22 00:20:54 查询号码 【1445929】，GSD为【"-"】
2024-09-22 00:20:54 ok && -
2024-09-22 00:20:57 CHB 1445929?1726935654 第 1 次 等待 3 秒
2024-09-22 00:21:00 CHB 1445929?1726935654 第 1 次 获取到号码【1445929】GSD
2024-09-22 00:21:00 未获取到号码【1445929】GSD，可能号码格式错误
2024-09-22 00:21:00 获取到号码【1445929】的GSD为【-】
2024-09-22 00:21:06 GSD insert 第 1 次 等待 3 秒
2024-09-22 00:21:09 {"status":"bad","gid":"655065","msg":"添加失败！号码【1445929(-|-)】已存在！"}

