2024-09-25 00:13:22 开始第 6453 次操作

2024-09-25 00:13:22 开始操作号码 【1446450】
2024-09-25 00:13:26 GSD getOne 第 1 次 等待 3 秒
2024-09-25 00:13:29 查询号码 【1446450】，返回信息 {"status":"ok","msg":"-","gid":"670042","time_insert":"2023-04-22 04:05"}
2024-09-25 00:13:29 查询号码 【1446450】，GSD为【"-"】
2024-09-25 00:13:29 ok && -
2024-09-25 00:13:31 CHB 1446450?1727194409 第 1 次 等待 3 秒
2024-09-25 00:13:34 CHB 1446450?1727194409 第 1 次 获取到号码【1446450】GSD
2024-09-25 00:13:34 未获取到号码【1446450】GSD，可能号码格式错误
2024-09-25 00:13:34 获取到号码【1446450】的GSD为【-】
2024-09-25 00:13:36 GSD insert 第 1 次 等待 3 秒
2024-09-25 00:13:39 {"status":"bad","gid":"670042","msg":"添加失败！号码【1446450(-|-)】已存在！"}
2024-09-25 00:13:39 随机等待 77 秒，约 1 分钟
2024-09-25 00:13:39 下次操作: 2024-09-25 00:14:56

2024-09-25 00:14:56 开始第 6454 次操作

2024-09-25 00:14:56 开始操作号码 【1446451】
2024-09-25 00:14:58 GSD getOne 第 1 次 等待 3 秒
2024-09-25 00:15:01 查询号码 【1446451】，返回信息 {"status":"ok","msg":"-","gid":"670064","time_insert":"2023-04-22 04:20"}
2024-09-25 00:15:01 查询号码 【1446451】，GSD为【"-"】
2024-09-25 00:15:01 ok && -
2024-09-25 00:15:03 CHB 1446451?1727194501 第 1 次 等待 3 秒
2024-09-25 00:15:06 CHB 1446451?1727194501 第 1 次 获取到号码【1446451】GSD
2024-09-25 00:15:06 未获取到号码【1446451】GSD，可能号码格式错误
2024-09-25 00:15:06 获取到号码【1446451】的GSD为【-】
2024-09-25 00:15:08 GSD insert 第 1 次 等待 3 秒
2024-09-25 00:15:11 {"status":"bad","gid":"670064","msg":"添加失败！号码【1446451(-|-)】已存在！"}
2024-09-25 00:15:11 随机等待 231 秒，约 3 分钟
2024-09-25 00:15:11 下次操作: 2024-09-25 00:19:02

2024-09-25 00:19:02 开始第 6455 次操作

2024-09-25 00:19:02 开始操作号码 【1446452】
2024-09-25 00:19:04 GSD getOne 第 1 次 等待 3 秒
2024-09-25 00:19:07 查询号码 【1446452】，返回信息 {"status":"ok","msg":"-","gid":"670081","time_insert":"2023-04-22 04:30"}
2024-09-25 00:19:07 查询号码 【1446452】，GSD为【"-"】
2024-09-25 00:19:07 ok && -
2024-09-25 00:19:09 CHB 1446452?1727194747 第 1 次 等待 3 秒
2024-09-25 00:19:12 CHB 1446452?1727194747 第 1 次 获取到号码【1446452】GSD
2024-09-25 00:19:12 未获取到号码【1446452】GSD，可能号码格式错误
2024-09-25 00:19:12 获取到号码【1446452】的GSD为【-】
2024-09-25 00:19:15 GSD insert 第 1 次 等待 3 秒
2024-09-25 00:19:18 {"status":"bad","gid":"670081","msg":"添加失败！号码【1446452(-|-)】已存在！"}
2024-09-25 00:19:18 随机等待 88 秒，约 1 分钟
2024-09-25 00:19:18 下次操作: 2024-09-25 00:20:46

2024-09-25 00:20:46 开始第 6456 次操作

2024-09-25 00:20:46 开始操作号码 【1446453】
2024-09-25 00:20:48 GSD getOne 第 1 次 等待 3 秒
2024-09-25 00:20:51 查询号码 【1446453】，返回信息 {"status":"ok","msg":"-","gid":"670099","time_insert":"2023-04-22 04:39"}
2024-09-25 00:20:51 查询号码 【1446453】，GSD为【"-"】
2024-09-25 00:20:51 ok && -
2024-09-25 00:20:53 CHB 1446453?1727194851 第 1 次 等待 3 秒
2024-09-25 00:20:56 CHB 1446453?1727194851 第 1 次 获取到号码【1446453】GSD
2024-09-25 00:20:56 未获取到号码【1446453】GSD，可能号码格式错误
2024-09-25 00:20:56 获取到号码【1446453】的GSD为【-】
2024-09-25 00:20:58 GSD insert 第 1 次 等待 3 秒
2024-09-25 00:21:01 {"status":"bad","gid":"670099","msg":"添加失败！号码【1446453(-|-)】已存在！"}

2024-09-25 00:42:36 开始第 6457 次操作

2024-09-25 00:42:36 开始操作号码 【1446454】
2024-09-25 00:42:39 GSD getOne 第 1 次 等待 3 秒
2024-09-25 00:42:42 查询号码 【1446454】，返回信息 {"status":"ok","msg":"-","gid":"670132","time_insert":"2023-04-22 05:00"}
2024-09-25 00:42:42 查询号码 【1446454】，GSD为【"-"】
2024-09-25 00:42:42 ok && -
2024-09-25 00:42:43 CHB 1446454?1727196162 第 1 次 等待 3 秒
2024-09-25 00:42:46 CHB 1446454?1727196162 第 1 次 获取到号码【1446454】GSD
2024-09-25 00:42:46 未获取到号码【1446454】GSD，可能号码格式错误
2024-09-25 00:42:47 获取到号码【1446454】的GSD为【-】
2024-09-25 00:42:49 GSD insert 第 1 次 等待 3 秒
2024-09-25 00:42:52 {"status":"bad","gid":"670132","msg":"添加失败！号码【1446454(-|-)】已存在！"}
2024-09-25 00:42:52 随机等待 83 秒，约 1 分钟
2024-09-25 00:42:52 下次操作: 2024-09-25 00:44:15

2024-09-25 00:44:15 开始第 6458 次操作

2024-09-25 00:44:15 开始操作号码 【1446455】
2024-09-25 00:44:17 GSD getOne 第 1 次 等待 3 秒
2024-09-25 00:44:20 查询号码 【1446455】，返回信息 {"status":"ok","msg":"-","gid":"670155","time_insert":"2023-04-22 05:15"}
2024-09-25 00:44:20 查询号码 【1446455】，GSD为【"-"】
2024-09-25 00:44:20 ok && -
2024-09-25 00:44:22 CHB 1446455?1727196260 第 1 次 等待 3 秒
2024-09-25 00:44:25 CHB 1446455?1727196260 第 1 次 获取到号码【1446455】GSD
2024-09-25 00:44:25 未获取到号码【1446455】GSD，可能号码格式错误
2024-09-25 00:44:25 获取到号码【1446455】的GSD为【-】
2024-09-25 00:44:27 GSD insert 第 1 次 等待 3 秒
2024-09-25 00:44:30 {"status":"bad","gid":"670155","msg":"添加失败！号码【1446455(-|-)】已存在！"}
2024-09-25 00:44:30 随机等待 101 秒，约 1 分钟
2024-09-25 00:44:30 下次操作: 2024-09-25 00:46:11

2024-09-25 00:46:11 开始第 6459 次操作

2024-09-25 00:46:11 开始操作号码 【1446456】
2024-09-25 00:46:13 GSD getOne 第 1 次 等待 3 秒
2024-09-25 00:46:16 查询号码 【1446456】，返回信息 {"status":"ok","msg":"-","gid":"670194","time_insert":"2023-04-22 05:38"}
2024-09-25 00:46:16 查询号码 【1446456】，GSD为【"-"】
2024-09-25 00:46:16 ok && -
2024-09-25 00:46:18 CHB 1446456?1727196376 第 1 次 等待 3 秒
2024-09-25 00:46:21 CHB 1446456?1727196376 第 1 次 获取到号码【1446456】GSD
2024-09-25 00:46:21 未获取到号码【1446456】GSD，可能号码格式错误
2024-09-25 00:46:21 获取到号码【1446456】的GSD为【-】
2024-09-25 00:46:23 GSD insert 第 1 次 等待 3 秒
2024-09-25 00:46:26 {"status":"bad","gid":"670194","msg":"添加失败！号码【1446456(-|-)】已存在！"}
2024-09-25 00:46:26 随机等待 211 秒，约 3 分钟
2024-09-25 00:46:26 下次操作: 2024-09-25 00:49:57

2024-09-25 00:49:57 开始第 6460 次操作

2024-09-25 00:49:57 开始操作号码 【1446457】
2024-09-25 00:49:59 GSD getOne 第 1 次 等待 3 秒
2024-09-25 00:50:02 查询号码 【1446457】，返回信息 {"status":"ok","msg":"-","gid":"670220","time_insert":"2023-04-22 05:54"}
2024-09-25 00:50:02 查询号码 【1446457】，GSD为【"-"】
2024-09-25 00:50:02 ok && -
2024-09-25 00:50:04 CHB 1446457?1727196602 第 1 次 等待 3 秒
2024-09-25 00:50:07 CHB 1446457?1727196602 第 1 次 获取到号码【1446457】GSD
2024-09-25 00:50:07 未获取到号码【1446457】GSD，可能号码格式错误
2024-09-25 00:50:07 获取到号码【1446457】的GSD为【-】
2024-09-25 00:50:10 GSD insert 第 1 次 等待 3 秒
2024-09-25 00:50:13 {"status":"bad","gid":"670220","msg":"添加失败！号码【1446457(-|-)】已存在！"}

