2024-09-02 00:11:09 开始第 2417 次操作

2024-09-02 00:11:09 开始操作号码 【1442416】
2024-09-02 00:11:19 GSD getOne 第 1 次 等待 3 秒
2024-09-02 00:11:22 查询号码 【1442416】，返回信息 {"status":"ok","msg":"-","gid":"565700","time_insert":"2023-03-02 19:25"}
2024-09-02 00:11:22 查询号码 【1442416】，GSD为【"-"】
2024-09-02 00:11:22 ok && -
2024-09-02 00:11:24 CHB 1442416?1725207082 第 1 次 等待 3 秒
2024-09-02 00:11:27 CHB 1442416?1725207082 第 1 次 获取到号码【1442416】GSD
2024-09-02 00:11:27 未获取到号码【1442416】GSD，可能号码格式错误
2024-09-02 00:11:27 获取到号码【1442416】的GSD为【-】
2024-09-02 00:11:35 GSD insert 第 1 次 等待 3 秒
2024-09-02 00:11:38 {"status":"bad","gid":"565700","msg":"添加失败！号码【1442416(-|-)】已存在！"}
2024-09-02 00:11:38 随机等待 111 秒，约 1 分钟
2024-09-02 00:11:38 下次操作: 2024-09-02 00:13:29

2024-09-02 00:13:29 开始第 2418 次操作

2024-09-02 00:13:29 开始操作号码 【1442417】
2024-09-02 00:13:37 GSD getOne 第 1 次 等待 3 秒
2024-09-02 00:13:40 查询号码 【1442417】，返回信息 {"status":"ok","msg":"-","gid":"565740","time_insert":"2023-03-02 19:48"}
2024-09-02 00:13:40 查询号码 【1442417】，GSD为【"-"】
2024-09-02 00:13:40 ok && -
2024-09-02 00:13:42 CHB 1442417?1725207220 第 1 次 等待 3 秒
2024-09-02 00:13:45 CHB 1442417?1725207220 第 1 次 获取到号码【1442417】GSD
2024-09-02 00:13:45 未获取到号码【1442417】GSD，可能号码格式错误
2024-09-02 00:13:45 获取到号码【1442417】的GSD为【-】
2024-09-02 00:13:53 GSD insert 第 1 次 等待 3 秒
2024-09-02 00:13:56 {"status":"bad","gid":"565740","msg":"添加失败！号码【1442417(-|-)】已存在！"}
2024-09-02 00:13:56 随机等待 70 秒，约 1 分钟
2024-09-02 00:13:56 下次操作: 2024-09-02 00:15:06

2024-09-02 00:15:06 开始第 2419 次操作

2024-09-02 00:15:06 开始操作号码 【1442418】
2024-09-02 00:15:14 GSD getOne 第 1 次 等待 3 秒
2024-09-02 00:15:17 查询号码 【1442418】，返回信息 {"status":"ok","msg":"-","gid":"565767","time_insert":"2023-03-02 20:04"}
2024-09-02 00:15:17 查询号码 【1442418】，GSD为【"-"】
2024-09-02 00:15:17 ok && -
2024-09-02 00:15:19 CHB 1442418?1725207317 第 1 次 等待 3 秒
2024-09-02 00:15:22 CHB 1442418?1725207317 第 1 次 获取到号码【1442418】GSD
2024-09-02 00:15:22 未获取到号码【1442418】GSD，可能号码格式错误
2024-09-02 00:15:22 获取到号码【1442418】的GSD为【-】
2024-09-02 00:15:30 GSD insert 第 1 次 等待 3 秒
2024-09-02 00:15:33 {"status":"bad","gid":"565767","msg":"添加失败！号码【1442418(-|-)】已存在！"}
2024-09-02 00:15:33 随机等待 230 秒，约 3 分钟
2024-09-02 00:15:33 下次操作: 2024-09-02 00:19:23

2024-09-02 00:19:23 开始第 2420 次操作

2024-09-02 00:19:23 开始操作号码 【1442419】
2024-09-02 00:19:31 GSD getOne 第 1 次 等待 3 秒
2024-09-02 00:19:34 查询号码 【1442419】，返回信息 {"status":"ok","msg":"-","gid":"565781","time_insert":"2023-03-02 20:16"}
2024-09-02 00:19:34 查询号码 【1442419】，GSD为【"-"】
2024-09-02 00:19:34 ok && -
2024-09-02 00:19:36 CHB 1442419?1725207574 第 1 次 等待 3 秒
2024-09-02 00:19:39 CHB 1442419?1725207574 第 1 次 获取到号码【1442419】GSD
2024-09-02 00:19:39 未获取到号码【1442419】GSD，可能号码格式错误
2024-09-02 00:19:39 获取到号码【1442419】的GSD为【-】
2024-09-02 00:19:47 GSD insert 第 1 次 等待 3 秒
2024-09-02 00:19:50 {"status":"bad","gid":"565781","msg":"添加失败！号码【1442419(-|-)】已存在！"}

