2024-12-07 00:15:51 开始第 8805 次操作

2024-12-07 00:15:51 开始操作号码 【1338804】
2024-12-07 00:15:53 GSD getOne 第 1 次 等待 3 秒
2024-12-07 00:15:56 查询号码 【1338804】，返回信息 {"status":"ok","msg":"天津-天津","gid":"267273","time_insert":"2021-07-13 17:50"}
2024-12-07 00:15:56 查询号码 【1338804】，GSD为【"天津-天津"】

2024-12-07 00:15:57 开始第 8806 次操作

2024-12-07 00:15:57 开始操作号码 【1338805】
2024-12-07 00:15:58 GSD getOne 第 1 次 等待 3 秒
2024-12-07 00:16:01 查询号码 【1338805】，返回信息 {"status":"ok","msg":"天津-天津","gid":"267262","time_insert":"2021-07-13 17:50"}
2024-12-07 00:16:01 查询号码 【1338805】，GSD为【"天津-天津"】

2024-12-07 00:16:02 开始第 8807 次操作

2024-12-07 00:16:02 开始操作号码 【1338806】
2024-12-07 00:16:03 GSD getOne 第 1 次 等待 3 秒
2024-12-07 00:16:06 查询号码 【1338806】，返回信息 {"status":"ok","msg":"天津-天津","gid":"267253","time_insert":"2021-07-13 17:49"}
2024-12-07 00:16:06 查询号码 【1338806】，GSD为【"天津-天津"】

2024-12-07 00:16:07 开始第 8808 次操作

2024-12-07 00:16:07 开始操作号码 【1338807】
2024-12-07 00:16:08 GSD getOne 第 1 次 等待 3 秒
2024-12-07 00:16:11 查询号码 【1338807】，返回信息 {"status":"ok","msg":"天津-天津","gid":"267245","time_insert":"2021-07-13 17:49"}
2024-12-07 00:16:11 查询号码 【1338807】，GSD为【"天津-天津"】

2024-12-07 00:44:34 开始第 8809 次操作

2024-12-07 00:44:34 开始操作号码 【1338808】
2024-12-07 00:44:36 GSD getOne 第 1 次 等待 3 秒
2024-12-07 00:44:39 查询号码 【1338808】，返回信息 {"status":"ok","msg":"天津-天津","gid":"267233","time_insert":"2021-07-13 17:49"}
2024-12-07 00:44:39 查询号码 【1338808】，GSD为【"天津-天津"】

2024-12-07 00:44:40 开始第 8810 次操作

2024-12-07 00:44:40 开始操作号码 【1338809】
2024-12-07 00:44:41 GSD getOne 第 1 次 等待 3 秒
2024-12-07 00:44:44 查询号码 【1338809】，返回信息 {"status":"ok","msg":"天津-天津","gid":"267225","time_insert":"2021-07-13 17:48"}
2024-12-07 00:44:44 查询号码 【1338809】，GSD为【"天津-天津"】

2024-12-07 00:44:45 开始第 8811 次操作

2024-12-07 00:44:45 开始操作号码 【1338810】
2024-12-07 00:44:46 GSD getOne 第 1 次 等待 3 秒
2024-12-07 00:44:49 查询号码 【1338810】，返回信息 {"status":"ok","msg":"四川-绵阳","gid":"3604","time_insert":"2014-06-14 13:35","time_update":"2020-10-09 16:11"}
2024-12-07 00:44:49 查询号码 【1338810】，GSD为【"四川-绵阳"】

2024-12-07 00:44:50 开始第 8812 次操作

2024-12-07 00:44:50 开始操作号码 【1338811】
2024-12-07 00:44:53 GSD getOne 第 1 次 等待 3 秒
2024-12-07 00:44:56 查询号码 【1338811】，返回信息 {"status":"ok","msg":"四川-绵阳","gid":"3605","time_insert":"2018-10-03 14:01","time_update":"2020-10-09 16:15"}
2024-12-07 00:44:56 查询号码 【1338811】，GSD为【"四川-绵阳"】

