2024-05-10 00:11:16 开始第 8293 次操作

2024-05-10 00:11:16 开始操作号码 【1668207】
2024-05-10 00:11:30 GSD getOne 第 1 次 等待 3 秒
2024-05-10 00:11:33 查询号码 【1668207】，返回信息 {"status":"ok","msg":"河北-邯郸","gid":"190675","time_insert":"2021-07-04 14:58"}
2024-05-10 00:11:33 查询号码 【1668207】，GSD为【"河北-邯郸"】

2024-05-10 00:11:34 开始第 8294 次操作

2024-05-10 00:11:34 开始操作号码 【1668208】
2024-05-10 00:11:44 GSD getOne 第 1 次 等待 3 秒
2024-05-10 00:11:47 查询号码 【1668208】，返回信息 {"status":"ok","msg":"河北-邯郸","gid":"190683","time_insert":"2021-07-04 14:58"}
2024-05-10 00:11:47 查询号码 【1668208】，GSD为【"河北-邯郸"】

2024-05-10 00:11:48 开始第 8295 次操作

2024-05-10 00:11:48 开始操作号码 【1668209】
2024-05-10 00:11:54 GSD getOne 第 1 次 等待 3 秒
2024-05-10 00:11:57 查询号码 【1668209】，返回信息 {"status":"ok","msg":"河北-邯郸","gid":"190691","time_insert":"2021-07-04 14:59"}
2024-05-10 00:11:57 查询号码 【1668209】，GSD为【"河北-邯郸"】

2024-05-10 00:11:58 开始第 8296 次操作

2024-05-10 00:11:58 开始操作号码 【1668210】
2024-05-10 00:12:04 GSD getOne 第 1 次 等待 3 秒
2024-05-10 00:12:07 查询号码 【1668210】，返回信息 {"status":"ok","msg":"河北-石家庄","gid":"190698","time_insert":"2021-07-04 14:59"}
2024-05-10 00:12:07 查询号码 【1668210】，GSD为【"河北-石家庄"】

