2024-10-03 00:13:17 开始第 7821 次操作

2024-10-03 00:13:17 开始操作号码 【1447815】
2024-10-03 00:13:20 GSD getOne 第 1 次 等待 3 秒
2024-10-03 00:13:23 查询号码 【1447815】，返回信息 {"status":"ok","msg":"-","gid":"685000","time_insert":"2023-04-29 17:19"}
2024-10-03 00:13:23 查询号码 【1447815】，GSD为【"-"】
2024-10-03 00:13:23 ok && -
2024-10-03 00:13:25 CHB 1447815?1727885603 第 1 次 等待 3 秒
2024-10-03 00:13:28 CHB 1447815?1727885603 第 1 次 获取到号码【1447815】GSD
2024-10-03 00:13:28 未获取到号码【1447815】GSD，可能号码格式错误
2024-10-03 00:13:28 获取到号码【1447815】的GSD为【-】
2024-10-03 00:13:30 GSD insert 第 1 次 等待 3 秒
2024-10-03 00:13:33 {"status":"bad","gid":"685000","msg":"添加失败！号码【1447815(-|-)】已存在！"}
2024-10-03 00:13:33 随机等待 219 秒，约 3 分钟
2024-10-03 00:13:33 下次操作: 2024-10-03 00:17:12

2024-10-03 00:17:12 开始第 7822 次操作

2024-10-03 00:17:12 开始操作号码 【1447816】
2024-10-03 00:17:14 GSD getOne 第 1 次 等待 3 秒
2024-10-03 00:17:17 查询号码 【1447816】，返回信息 {"status":"ok","msg":"-","gid":"684994","time_insert":"2023-04-29 17:14"}
2024-10-03 00:17:17 查询号码 【1447816】，GSD为【"-"】
2024-10-03 00:17:17 ok && -
2024-10-03 00:17:19 CHB 1447816?1727885837 第 1 次 等待 3 秒
2024-10-03 00:17:22 CHB 1447816?1727885837 第 1 次 获取到号码【1447816】GSD
2024-10-03 00:17:22 未获取到号码【1447816】GSD，可能号码格式错误
2024-10-03 00:17:22 获取到号码【1447816】的GSD为【-】
2024-10-03 00:17:24 GSD insert 第 1 次 等待 3 秒
2024-10-03 00:17:27 {"status":"bad","gid":"684994","msg":"添加失败！号码【1447816(-|-)】已存在！"}
2024-10-03 00:17:27 随机等待 133 秒，约 2 分钟
2024-10-03 00:17:27 下次操作: 2024-10-03 00:19:40

2024-10-03 00:19:40 开始第 7823 次操作

2024-10-03 00:19:40 开始操作号码 【1447817】
2024-10-03 00:19:43 GSD getOne 第 1 次 等待 3 秒
2024-10-03 00:19:46 查询号码 【1447817】，返回信息 {"status":"ok","msg":"-","gid":"684993","time_insert":"2023-04-29 17:12"}
2024-10-03 00:19:46 查询号码 【1447817】，GSD为【"-"】
2024-10-03 00:19:46 ok && -
2024-10-03 00:23:17 CHB 1447817?1727885986 第 1 次 等待 3 秒
2024-10-03 00:23:20 CHB 1447817?1727885986 第 1 次 未获取到 等待 191 秒 下次操作: 2024-10-03 00:26:31
2024-10-03 00:26:33 CHB 1447817?1727886391 第 2 次 等待 3 秒
2024-10-03 00:26:36 CHB 1447817?1727886391 第 2 次 获取到号码【1447817】GSD
2024-10-03 00:26:36 未获取到号码【1447817】GSD，可能号码格式错误
2024-10-03 00:26:36 获取到号码【1447817】的GSD为【-】
2024-10-03 00:26:42 GSD insert 第 1 次 等待 3 秒
2024-10-03 00:26:45 {"status":"bad","gid":"684993","msg":"添加失败！号码【1447817(-|-)】已存在！"}
2024-10-03 00:26:45 随机等待 177 秒，约 2 分钟
2024-10-03 00:26:45 下次操作: 2024-10-03 00:29:42

2024-10-03 00:29:42 开始第 7824 次操作

2024-10-03 00:29:42 开始操作号码 【1447818】
2024-10-03 00:29:44 GSD getOne 第 1 次 等待 3 秒
2024-10-03 00:29:47 查询号码 【1447818】，返回信息 {"status":"ok","msg":"-","gid":"684988","time_insert":"2023-04-29 17:10"}
2024-10-03 00:29:47 查询号码 【1447818】，GSD为【"-"】
2024-10-03 00:29:47 ok && -
2024-10-03 00:29:49 CHB 1447818?1727886587 第 1 次 等待 3 秒
2024-10-03 00:29:52 CHB 1447818?1727886587 第 1 次 获取到号码【1447818】GSD
2024-10-03 00:29:52 未获取到号码【1447818】GSD，可能号码格式错误
2024-10-03 00:29:52 获取到号码【1447818】的GSD为【-】
2024-10-03 00:29:54 GSD insert 第 1 次 等待 3 秒
2024-10-03 00:29:57 {"status":"bad","gid":"684988","msg":"添加失败！号码【1447818(-|-)】已存在！"}

2024-10-03 00:42:26 开始第 7825 次操作

2024-10-03 00:42:26 开始操作号码 【1447819】
2024-10-03 00:42:28 GSD getOne 第 1 次 等待 3 秒
2024-10-03 00:42:31 查询号码 【1447819】，返回信息 {"status":"ok","msg":"-","gid":"684983","time_insert":"2023-04-29 17:08"}
2024-10-03 00:42:31 查询号码 【1447819】，GSD为【"-"】
2024-10-03 00:42:31 ok && -
2024-10-03 00:42:33 CHB 1447819?1727887351 第 1 次 等待 3 秒
2024-10-03 00:42:36 CHB 1447819?1727887351 第 1 次 获取到号码【1447819】GSD
2024-10-03 00:42:36 未获取到号码【1447819】GSD，可能号码格式错误
2024-10-03 00:42:36 获取到号码【1447819】的GSD为【-】
2024-10-03 00:42:39 GSD insert 第 1 次 等待 3 秒
2024-10-03 00:42:42 {"status":"bad","gid":"684983","msg":"添加失败！号码【1447819(-|-)】已存在！"}
2024-10-03 00:42:42 随机等待 106 秒，约 1 分钟
2024-10-03 00:42:42 下次操作: 2024-10-03 00:44:28

2024-10-03 00:44:28 开始第 7826 次操作

2024-10-03 00:44:28 开始操作号码 【1447820】
2024-10-03 00:44:31 GSD getOne 第 1 次 等待 3 秒
2024-10-03 00:44:34 查询号码 【1447820】，返回信息 {"status":"ok","msg":"-","gid":"684972","time_insert":"2023-04-29 16:58"}
2024-10-03 00:44:34 查询号码 【1447820】，GSD为【"-"】
2024-10-03 00:44:34 ok && -
2024-10-03 00:44:36 CHB 1447820?1727887474 第 1 次 等待 3 秒
2024-10-03 00:44:39 CHB 1447820?1727887474 第 1 次 获取到号码【1447820】GSD
2024-10-03 00:44:39 未获取到号码【1447820】GSD，可能号码格式错误
2024-10-03 00:44:39 获取到号码【1447820】的GSD为【-】
2024-10-03 00:44:41 GSD insert 第 1 次 等待 3 秒
2024-10-03 00:44:44 {"status":"bad","gid":"684972","msg":"添加失败！号码【1447820(-|-)】已存在！"}
2024-10-03 00:44:44 随机等待 159 秒，约 2 分钟
2024-10-03 00:44:44 下次操作: 2024-10-03 00:47:23

2024-10-03 00:47:23 开始第 7827 次操作

2024-10-03 00:47:23 开始操作号码 【1447821】
2024-10-03 00:47:25 GSD getOne 第 1 次 等待 3 秒
2024-10-03 00:47:28 查询号码 【1447821】，返回信息 {"status":"ok","msg":"-","gid":"684968","time_insert":"2023-04-29 16:56"}
2024-10-03 00:47:28 查询号码 【1447821】，GSD为【"-"】
2024-10-03 00:47:28 ok && -
2024-10-03 00:47:30 CHB 1447821?1727887648 第 1 次 等待 3 秒
2024-10-03 00:47:33 CHB 1447821?1727887648 第 1 次 获取到号码【1447821】GSD
2024-10-03 00:47:33 未获取到号码【1447821】GSD，可能号码格式错误
2024-10-03 00:47:33 获取到号码【1447821】的GSD为【-】
2024-10-03 00:47:35 GSD insert 第 1 次 等待 3 秒
2024-10-03 00:47:38 {"status":"bad","gid":"684968","msg":"添加失败！号码【1447821(-|-)】已存在！"}
2024-10-03 00:47:38 随机等待 233 秒，约 3 分钟
2024-10-03 00:47:38 下次操作: 2024-10-03 00:51:31

2024-10-03 00:51:31 开始第 7828 次操作

2024-10-03 00:51:31 开始操作号码 【1447822】
2024-10-03 00:51:33 GSD getOne 第 1 次 等待 3 秒
2024-10-03 00:51:36 查询号码 【1447822】，返回信息 {"status":"ok","msg":"-","gid":"684964","time_insert":"2023-04-29 16:54"}
2024-10-03 00:51:36 查询号码 【1447822】，GSD为【"-"】
2024-10-03 00:51:36 ok && -
2024-10-03 00:51:38 CHB 1447822?1727887896 第 1 次 等待 3 秒
2024-10-03 00:51:41 CHB 1447822?1727887896 第 1 次 获取到号码【1447822】GSD
2024-10-03 00:51:41 未获取到号码【1447822】GSD，可能号码格式错误
2024-10-03 00:51:41 获取到号码【1447822】的GSD为【-】
2024-10-03 00:51:43 GSD insert 第 1 次 等待 3 秒
2024-10-03 00:51:46 {"status":"bad","gid":"684964","msg":"添加失败！号码【1447822(-|-)】已存在！"}

2024-10-03 01:09:51 开始第 7829 次操作

2024-10-03 01:09:51 开始操作号码 【1447823】
2024-10-03 01:09:56 GSD getOne 第 1 次 等待 3 秒
2024-10-03 01:09:59 查询号码 【1447823】，返回信息 {"status":"ok","msg":"-","gid":"684961","time_insert":"2023-04-29 16:53"}
2024-10-03 01:09:59 查询号码 【1447823】，GSD为【"-"】
2024-10-03 01:09:59 ok && -
2024-10-03 01:10:01 CHB 1447823?1727888999 第 1 次 等待 3 秒
2024-10-03 01:10:04 CHB 1447823?1727888999 第 1 次 获取到号码【1447823】GSD
2024-10-03 01:10:04 未获取到号码【1447823】GSD，可能号码格式错误
2024-10-03 01:10:04 获取到号码【1447823】的GSD为【-】
2024-10-03 01:10:06 GSD insert 第 1 次 等待 3 秒
2024-10-03 01:10:09 {"status":"bad","gid":"684961","msg":"添加失败！号码【1447823(-|-)】已存在！"}
2024-10-03 01:10:09 随机等待 171 秒，约 2 分钟
2024-10-03 01:10:09 下次操作: 2024-10-03 01:13:00

2024-10-03 01:13:00 开始第 7830 次操作

2024-10-03 01:13:00 开始操作号码 【1447824】
2024-10-03 01:13:02 GSD getOne 第 1 次 等待 3 秒
2024-10-03 01:13:05 查询号码 【1447824】，返回信息 {"status":"ok","msg":"-","gid":"684956","time_insert":"2023-04-29 16:50"}
2024-10-03 01:13:05 查询号码 【1447824】，GSD为【"-"】
2024-10-03 01:13:05 ok && -
2024-10-03 01:15:59 CHB 1447824?1727889185 第 1 次 等待 3 秒
2024-10-03 01:16:02 CHB 1447824?1727889185 第 1 次 未获取到 等待 98 秒 下次操作: 2024-10-03 01:17:40
2024-10-03 01:17:42 CHB 1447824?1727889460 第 2 次 等待 3 秒
2024-10-03 01:17:45 CHB 1447824?1727889460 第 2 次 获取到号码【1447824】GSD
2024-10-03 01:17:45 未获取到号码【1447824】GSD，可能号码格式错误
2024-10-03 01:17:45 获取到号码【1447824】的GSD为【-】
2024-10-03 01:17:47 GSD insert 第 1 次 等待 3 秒
2024-10-03 01:17:50 {"status":"bad","gid":"684956","msg":"添加失败！号码【1447824(-|-)】已存在！"}
2024-10-03 01:17:50 随机等待 137 秒，约 2 分钟
2024-10-03 01:17:50 下次操作: 2024-10-03 01:20:07

2024-10-03 01:20:07 开始第 7831 次操作

2024-10-03 01:20:07 开始操作号码 【1447825】
2024-10-03 01:20:09 GSD getOne 第 1 次 等待 3 秒
2024-10-03 01:20:12 查询号码 【1447825】，返回信息 {"status":"ok","msg":"-","gid":"684951","time_insert":"2023-04-29 16:47"}
2024-10-03 01:20:12 查询号码 【1447825】，GSD为【"-"】
2024-10-03 01:20:12 ok && -
2024-10-03 01:20:14 CHB 1447825?1727889612 第 1 次 等待 3 秒
2024-10-03 01:20:17 CHB 1447825?1727889612 第 1 次 获取到号码【1447825】GSD
2024-10-03 01:20:17 未获取到号码【1447825】GSD，可能号码格式错误
2024-10-03 01:20:17 获取到号码【1447825】的GSD为【-】
2024-10-03 01:20:19 GSD insert 第 1 次 等待 3 秒
2024-10-03 01:20:22 {"status":"bad","gid":"684951","msg":"添加失败！号码【1447825(-|-)】已存在！"}
2024-10-03 01:20:22 随机等待 172 秒，约 2 分钟
2024-10-03 01:20:22 下次操作: 2024-10-03 01:23:14

2024-10-03 01:23:14 开始第 7832 次操作

2024-10-03 01:23:14 开始操作号码 【1447826】
2024-10-03 01:23:17 GSD getOne 第 1 次 等待 3 秒
2024-10-03 01:23:20 查询号码 【1447826】，返回信息 {"status":"ok","msg":"-","gid":"684948","time_insert":"2023-04-29 16:45"}
2024-10-03 01:23:20 查询号码 【1447826】，GSD为【"-"】
2024-10-03 01:23:20 ok && -
2024-10-03 01:23:22 CHB 1447826?1727889800 第 1 次 等待 3 秒
2024-10-03 01:23:25 CHB 1447826?1727889800 第 1 次 获取到号码【1447826】GSD
2024-10-03 01:23:25 未获取到号码【1447826】GSD，可能号码格式错误
2024-10-03 01:23:25 获取到号码【1447826】的GSD为【-】
2024-10-03 01:23:27 GSD insert 第 1 次 等待 3 秒
2024-10-03 01:23:30 {"status":"bad","gid":"684948","msg":"添加失败！号码【1447826(-|-)】已存在！"}

2024-10-03 01:35:30 开始第 7833 次操作

2024-10-03 01:35:30 开始操作号码 【1447827】
2024-10-03 01:35:35 GSD getOne 第 1 次 等待 3 秒
2024-10-03 01:35:38 查询号码 【1447827】，返回信息 {"status":"ok","msg":"-","gid":"684943","time_insert":"2023-04-29 16:43"}
2024-10-03 01:35:38 查询号码 【1447827】，GSD为【"-"】
2024-10-03 01:35:38 ok && -
2024-10-03 01:35:40 CHB 1447827?1727890538 第 1 次 等待 3 秒
2024-10-03 01:35:43 CHB 1447827?1727890538 第 1 次 获取到号码【1447827】GSD
2024-10-03 01:35:43 未获取到号码【1447827】GSD，可能号码格式错误
2024-10-03 01:35:43 获取到号码【1447827】的GSD为【-】
2024-10-03 01:35:45 GSD insert 第 1 次 等待 3 秒
2024-10-03 01:35:48 {"status":"bad","gid":"684943","msg":"添加失败！号码【1447827(-|-)】已存在！"}
2024-10-03 01:35:48 随机等待 211 秒，约 3 分钟
2024-10-03 01:35:48 下次操作: 2024-10-03 01:39:19

2024-10-03 01:39:19 开始第 7834 次操作

2024-10-03 01:39:19 开始操作号码 【1447828】
2024-10-03 01:39:21 GSD getOne 第 1 次 等待 3 秒
2024-10-03 01:39:24 查询号码 【1447828】，返回信息 {"status":"ok","msg":"-","gid":"684929","time_insert":"2023-04-29 16:32"}
2024-10-03 01:39:24 查询号码 【1447828】，GSD为【"-"】
2024-10-03 01:39:24 ok && -
2024-10-03 01:39:26 CHB 1447828?1727890764 第 1 次 等待 3 秒
2024-10-03 01:39:29 CHB 1447828?1727890764 第 1 次 获取到号码【1447828】GSD
2024-10-03 01:39:29 未获取到号码【1447828】GSD，可能号码格式错误
2024-10-03 01:39:29 获取到号码【1447828】的GSD为【-】
2024-10-03 01:39:31 GSD insert 第 1 次 等待 3 秒
2024-10-03 01:39:34 {"status":"bad","gid":"684929","msg":"添加失败！号码【1447828(-|-)】已存在！"}
2024-10-03 01:39:34 随机等待 198 秒，约 3 分钟
2024-10-03 01:39:34 下次操作: 2024-10-03 01:42:52

2024-10-03 01:42:52 开始第 7835 次操作

2024-10-03 01:42:52 开始操作号码 【1447829】
2024-10-03 01:42:54 GSD getOne 第 1 次 等待 3 秒
2024-10-03 01:42:57 查询号码 【1447829】，返回信息 {"status":"ok","msg":"-","gid":"684919","time_insert":"2023-04-29 16:29"}
2024-10-03 01:42:57 查询号码 【1447829】，GSD为【"-"】
2024-10-03 01:42:57 ok && -
2024-10-03 01:42:59 CHB 1447829?1727890977 第 1 次 等待 3 秒
2024-10-03 01:43:02 CHB 1447829?1727890977 第 1 次 获取到号码【1447829】GSD
2024-10-03 01:43:02 未获取到号码【1447829】GSD，可能号码格式错误
2024-10-03 01:43:02 获取到号码【1447829】的GSD为【-】
2024-10-03 01:43:04 GSD insert 第 1 次 等待 3 秒
2024-10-03 01:43:07 {"status":"bad","gid":"684919","msg":"添加失败！号码【1447829(-|-)】已存在！"}
2024-10-03 01:43:07 随机等待 127 秒，约 2 分钟
2024-10-03 01:43:07 下次操作: 2024-10-03 01:45:14

2024-10-03 01:45:14 开始第 7836 次操作

2024-10-03 01:45:14 开始操作号码 【1447830】
2024-10-03 01:45:17 GSD getOne 第 1 次 等待 3 秒
2024-10-03 01:45:20 查询号码 【1447830】，返回信息 {"status":"ok","msg":"-","gid":"684917","time_insert":"2023-04-29 16:27"}
2024-10-03 01:45:20 查询号码 【1447830】，GSD为【"-"】
2024-10-03 01:45:20 ok && -
2024-10-03 01:45:21 CHB 1447830?1727891120 第 1 次 等待 3 秒
2024-10-03 01:45:24 CHB 1447830?1727891120 第 1 次 获取到号码【1447830】GSD
2024-10-03 01:45:25 未获取到号码【1447830】GSD，可能号码格式错误
2024-10-03 01:45:25 获取到号码【1447830】的GSD为【-】
2024-10-03 01:45:29 GSD insert 第 1 次 等待 3 秒
2024-10-03 01:45:32 {"status":"bad","gid":"684917","msg":"添加失败！号码【1447830(-|-)】已存在！"}

2024-10-03 02:15:09 开始第 7837 次操作

2024-10-03 02:15:09 开始操作号码 【1447831】
2024-10-03 02:15:11 GSD getOne 第 1 次 等待 3 秒
2024-10-03 02:15:14 查询号码 【1447831】，返回信息 {"status":"ok","msg":"-","gid":"684914","time_insert":"2023-04-29 16:25"}
2024-10-03 02:15:14 查询号码 【1447831】，GSD为【"-"】
2024-10-03 02:15:14 ok && -
2024-10-03 02:15:17 CHB 1447831?1727892914 第 1 次 等待 3 秒
2024-10-03 02:15:20 CHB 1447831?1727892914 第 1 次 获取到号码【1447831】GSD
2024-10-03 02:15:20 未获取到号码【1447831】GSD，可能号码格式错误
2024-10-03 02:15:20 获取到号码【1447831】的GSD为【-】
2024-10-03 02:15:21 GSD insert 第 1 次 等待 3 秒
2024-10-03 02:15:24 {"status":"bad","gid":"684914","msg":"添加失败！号码【1447831(-|-)】已存在！"}
2024-10-03 02:15:25 随机等待 77 秒，约 1 分钟
2024-10-03 02:15:25 下次操作: 2024-10-03 02:16:42

2024-10-03 02:16:42 开始第 7838 次操作

2024-10-03 02:16:42 开始操作号码 【1447832】
2024-10-03 02:16:44 GSD getOne 第 1 次 等待 3 秒
2024-10-03 02:16:47 查询号码 【1447832】，返回信息 {"status":"ok","msg":"-","gid":"684906","time_insert":"2023-04-29 16:17"}
2024-10-03 02:16:47 查询号码 【1447832】，GSD为【"-"】
2024-10-03 02:16:47 ok && -
2024-10-03 02:16:48 CHB 1447832?1727893007 第 1 次 等待 3 秒
2024-10-03 02:16:51 CHB 1447832?1727893007 第 1 次 获取到号码【1447832】GSD
2024-10-03 02:16:51 未获取到号码【1447832】GSD，可能号码格式错误
2024-10-03 02:16:51 获取到号码【1447832】的GSD为【-】
2024-10-03 02:16:55 GSD insert 第 1 次 等待 3 秒
2024-10-03 02:16:58 {"status":"bad","gid":"684906","msg":"添加失败！号码【1447832(-|-)】已存在！"}
2024-10-03 02:16:58 随机等待 68 秒，约 1 分钟
2024-10-03 02:16:58 下次操作: 2024-10-03 02:18:06

2024-10-03 02:18:06 开始第 7839 次操作

2024-10-03 02:18:06 开始操作号码 【1447833】
2024-10-03 02:18:08 GSD getOne 第 1 次 等待 3 秒
2024-10-03 02:18:11 查询号码 【1447833】，返回信息 {"status":"ok","msg":"-","gid":"684903","time_insert":"2023-04-29 16:15"}
2024-10-03 02:18:11 查询号码 【1447833】，GSD为【"-"】
2024-10-03 02:18:11 ok && -
2024-10-03 02:18:12 CHB 1447833?1727893091 第 1 次 等待 3 秒
2024-10-03 02:18:15 CHB 1447833?1727893091 第 1 次 获取到号码【1447833】GSD
2024-10-03 02:18:15 未获取到号码【1447833】GSD，可能号码格式错误
2024-10-03 02:18:15 获取到号码【1447833】的GSD为【-】
2024-10-03 02:18:18 GSD insert 第 1 次 等待 3 秒
2024-10-03 02:18:21 {"status":"bad","gid":"684903","msg":"添加失败！号码【1447833(-|-)】已存在！"}
2024-10-03 02:18:21 随机等待 166 秒，约 2 分钟
2024-10-03 02:18:21 下次操作: 2024-10-03 02:21:07

2024-10-03 02:21:07 开始第 7840 次操作

2024-10-03 02:21:07 开始操作号码 【1447834】
2024-10-03 02:21:08 GSD getOne 第 1 次 等待 3 秒
2024-10-03 02:21:11 查询号码 【1447834】，返回信息 {"status":"ok","msg":"-","gid":"684895","time_insert":"2023-04-29 16:13"}
2024-10-03 02:21:11 查询号码 【1447834】，GSD为【"-"】
2024-10-03 02:21:11 ok && -
2024-10-03 02:21:14 CHB 1447834?1727893271 第 1 次 等待 3 秒
2024-10-03 02:21:17 CHB 1447834?1727893271 第 1 次 获取到号码【1447834】GSD
2024-10-03 02:21:17 未获取到号码【1447834】GSD，可能号码格式错误
2024-10-03 02:21:17 获取到号码【1447834】的GSD为【-】
2024-10-03 02:21:19 GSD insert 第 1 次 等待 3 秒
2024-10-03 02:21:22 {"status":"bad","gid":"684895","msg":"添加失败！号码【1447834(-|-)】已存在！"}

2024-10-03 02:42:11 开始第 7841 次操作

2024-10-03 02:42:11 开始操作号码 【1447835】
2024-10-03 02:42:14 GSD getOne 第 1 次 等待 3 秒
2024-10-03 02:42:17 查询号码 【1447835】，返回信息 {"status":"ok","msg":"-","gid":"684890","time_insert":"2023-04-29 16:10"}
2024-10-03 02:42:17 查询号码 【1447835】，GSD为【"-"】
2024-10-03 02:42:17 ok && -
2024-10-03 02:42:19 CHB 1447835?1727894537 第 1 次 等待 3 秒
2024-10-03 02:42:22 CHB 1447835?1727894537 第 1 次 获取到号码【1447835】GSD
2024-10-03 02:42:22 未获取到号码【1447835】GSD，可能号码格式错误
2024-10-03 02:42:22 获取到号码【1447835】的GSD为【-】
2024-10-03 02:42:24 GSD insert 第 1 次 等待 3 秒
2024-10-03 02:42:27 {"status":"bad","gid":"684890","msg":"添加失败！号码【1447835(-|-)】已存在！"}
2024-10-03 02:42:27 随机等待 220 秒，约 3 分钟
2024-10-03 02:42:27 下次操作: 2024-10-03 02:46:07

2024-10-03 02:46:07 开始第 7842 次操作

2024-10-03 02:46:07 开始操作号码 【1447836】
2024-10-03 02:46:09 GSD getOne 第 1 次 等待 3 秒
2024-10-03 02:46:12 查询号码 【1447836】，返回信息 {"status":"ok","msg":"-","gid":"684879","time_insert":"2023-04-29 15:59"}
2024-10-03 02:46:12 查询号码 【1447836】，GSD为【"-"】
2024-10-03 02:46:12 ok && -
2024-10-03 02:46:15 CHB 1447836?1727894772 第 1 次 等待 3 秒
2024-10-03 02:46:18 CHB 1447836?1727894772 第 1 次 获取到号码【1447836】GSD
2024-10-03 02:46:18 未获取到号码【1447836】GSD，可能号码格式错误
2024-10-03 02:46:18 获取到号码【1447836】的GSD为【-】
2024-10-03 02:46:21 GSD insert 第 1 次 等待 3 秒
2024-10-03 02:46:24 {"status":"bad","gid":"684879","msg":"添加失败！号码【1447836(-|-)】已存在！"}
2024-10-03 02:46:24 随机等待 142 秒，约 2 分钟
2024-10-03 02:46:24 下次操作: 2024-10-03 02:48:46

2024-10-03 02:48:46 开始第 7843 次操作

2024-10-03 02:48:46 开始操作号码 【1447837】
2024-10-03 02:48:49 GSD getOne 第 1 次 等待 3 秒
2024-10-03 02:48:52 查询号码 【1447837】，返回信息 {"status":"ok","msg":"-","gid":"684872","time_insert":"2023-04-29 15:57"}
2024-10-03 02:48:52 查询号码 【1447837】，GSD为【"-"】
2024-10-03 02:48:52 ok && -
2024-10-03 02:48:54 CHB 1447837?1727894932 第 1 次 等待 3 秒
2024-10-03 02:48:57 CHB 1447837?1727894932 第 1 次 获取到号码【1447837】GSD
2024-10-03 02:48:57 未获取到号码【1447837】GSD，可能号码格式错误
2024-10-03 02:48:57 获取到号码【1447837】的GSD为【-】
2024-10-03 02:48:59 GSD insert 第 1 次 等待 3 秒
2024-10-03 02:49:02 {"status":"bad","gid":"684872","msg":"添加失败！号码【1447837(-|-)】已存在！"}
2024-10-03 02:49:02 随机等待 207 秒，约 3 分钟
2024-10-03 02:49:02 下次操作: 2024-10-03 02:52:29

2024-10-03 02:52:29 开始第 7844 次操作

2024-10-03 02:52:29 开始操作号码 【1447838】
2024-10-03 02:52:31 GSD getOne 第 1 次 等待 3 秒
2024-10-03 02:52:34 查询号码 【1447838】，返回信息 {"status":"ok","msg":"-","gid":"684869","time_insert":"2023-04-29 15:55"}
2024-10-03 02:52:34 查询号码 【1447838】，GSD为【"-"】
2024-10-03 02:52:34 ok && -
2024-10-03 02:52:37 CHB 1447838?1727895154 第 1 次 等待 3 秒
2024-10-03 02:52:40 CHB 1447838?1727895154 第 1 次 获取到号码【1447838】GSD
2024-10-03 02:52:40 未获取到号码【1447838】GSD，可能号码格式错误
2024-10-03 02:52:40 获取到号码【1447838】的GSD为【-】
2024-10-03 02:52:42 GSD insert 第 1 次 等待 3 秒
2024-10-03 02:52:45 {"status":"bad","gid":"684869","msg":"添加失败！号码【1447838(-|-)】已存在！"}

2024-10-03 03:08:46 开始第 7845 次操作

2024-10-03 03:08:46 开始操作号码 【1447839】
2024-10-03 03:08:49 GSD getOne 第 1 次 等待 3 秒
2024-10-03 03:08:52 查询号码 【1447839】，返回信息 {"status":"ok","msg":"-","gid":"684865","time_insert":"2023-04-29 15:53"}
2024-10-03 03:08:52 查询号码 【1447839】，GSD为【"-"】
2024-10-03 03:08:52 ok && -
2024-10-03 03:08:53 CHB 1447839?1727896132 第 1 次 等待 3 秒
2024-10-03 03:08:56 CHB 1447839?1727896132 第 1 次 获取到号码【1447839】GSD
2024-10-03 03:08:56 未获取到号码【1447839】GSD，可能号码格式错误
2024-10-03 03:08:56 获取到号码【1447839】的GSD为【-】
2024-10-03 03:08:58 GSD insert 第 1 次 等待 3 秒
2024-10-03 03:09:01 {"status":"bad","gid":"684865","msg":"添加失败！号码【1447839(-|-)】已存在！"}
2024-10-03 03:09:01 随机等待 145 秒，约 2 分钟
2024-10-03 03:09:01 下次操作: 2024-10-03 03:11:26

2024-10-03 03:11:26 开始第 7846 次操作

2024-10-03 03:11:26 开始操作号码 【1447840】
2024-10-03 03:11:27 GSD getOne 第 1 次 等待 3 秒
2024-10-03 03:11:30 查询号码 【1447840】，返回信息 {"status":"ok","msg":"-","gid":"684860","time_insert":"2023-04-29 15:49"}
2024-10-03 03:11:30 查询号码 【1447840】，GSD为【"-"】
2024-10-03 03:11:30 ok && -
2024-10-03 03:11:32 CHB 1447840?1727896290 第 1 次 等待 3 秒
2024-10-03 03:11:35 CHB 1447840?1727896290 第 1 次 获取到号码【1447840】GSD
2024-10-03 03:11:35 未获取到号码【1447840】GSD，可能号码格式错误
2024-10-03 03:11:35 获取到号码【1447840】的GSD为【-】
2024-10-03 03:11:36 GSD insert 第 1 次 等待 3 秒
2024-10-03 03:11:39 {"status":"bad","gid":"684860","msg":"添加失败！号码【1447840(-|-)】已存在！"}
2024-10-03 03:11:39 随机等待 85 秒，约 1 分钟
2024-10-03 03:11:39 下次操作: 2024-10-03 03:13:04

2024-10-03 03:13:04 开始第 7847 次操作

2024-10-03 03:13:04 开始操作号码 【1447841】
2024-10-03 03:13:06 GSD getOne 第 1 次 等待 3 秒
2024-10-03 03:13:09 查询号码 【1447841】，返回信息 {"status":"ok","msg":"-","gid":"684857","time_insert":"2023-04-29 15:47"}
2024-10-03 03:13:09 查询号码 【1447841】，GSD为【"-"】
2024-10-03 03:13:09 ok && -
2024-10-03 03:13:10 CHB 1447841?1727896389 第 1 次 等待 3 秒
2024-10-03 03:13:13 CHB 1447841?1727896389 第 1 次 获取到号码【1447841】GSD
2024-10-03 03:13:13 未获取到号码【1447841】GSD，可能号码格式错误
2024-10-03 03:13:13 获取到号码【1447841】的GSD为【-】
2024-10-03 03:13:15 GSD insert 第 1 次 等待 3 秒
2024-10-03 03:13:18 {"status":"bad","gid":"684857","msg":"添加失败！号码【1447841(-|-)】已存在！"}
2024-10-03 03:13:18 随机等待 231 秒，约 3 分钟
2024-10-03 03:13:18 下次操作: 2024-10-03 03:17:09

2024-10-03 03:17:09 开始第 7848 次操作

2024-10-03 03:17:09 开始操作号码 【1447842】
2024-10-03 03:17:12 GSD getOne 第 1 次 等待 3 秒
2024-10-03 03:17:15 查询号码 【1447842】，返回信息 {"status":"ok","msg":"-","gid":"684853","time_insert":"2023-04-29 15:45"}
2024-10-03 03:17:15 查询号码 【1447842】，GSD为【"-"】
2024-10-03 03:17:15 ok && -
2024-10-03 03:17:16 CHB 1447842?1727896635 第 1 次 等待 3 秒
2024-10-03 03:17:19 CHB 1447842?1727896635 第 1 次 获取到号码【1447842】GSD
2024-10-03 03:17:19 未获取到号码【1447842】GSD，可能号码格式错误
2024-10-03 03:17:19 获取到号码【1447842】的GSD为【-】
2024-10-03 03:17:22 GSD insert 第 1 次 等待 3 秒
2024-10-03 03:17:25 {"status":"bad","gid":"684853","msg":"添加失败！号码【1447842(-|-)】已存在！"}

2024-10-03 03:33:51 开始第 7849 次操作

2024-10-03 03:33:51 开始操作号码 【1447843】
2024-10-03 03:33:58 GSD getOne 第 1 次 等待 3 秒
2024-10-03 03:34:01 查询号码 【1447843】，返回信息 {"status":"ok","msg":"-","gid":"684850","time_insert":"2023-04-29 15:43"}
2024-10-03 03:34:01 查询号码 【1447843】，GSD为【"-"】
2024-10-03 03:34:01 ok && -
2024-10-03 03:34:03 CHB 1447843?1727897641 第 1 次 等待 3 秒
2024-10-03 03:34:06 CHB 1447843?1727897641 第 1 次 获取到号码【1447843】GSD
2024-10-03 03:34:06 未获取到号码【1447843】GSD，可能号码格式错误
2024-10-03 03:34:06 获取到号码【1447843】的GSD为【-】
2024-10-03 03:34:08 GSD insert 第 1 次 等待 3 秒
2024-10-03 03:34:11 {"status":"bad","gid":"684850","msg":"添加失败！号码【1447843(-|-)】已存在！"}
2024-10-03 03:34:11 随机等待 142 秒，约 2 分钟
2024-10-03 03:34:11 下次操作: 2024-10-03 03:36:33

2024-10-03 03:36:33 开始第 7850 次操作

2024-10-03 03:36:33 开始操作号码 【1447844】
2024-10-03 03:36:35 GSD getOne 第 1 次 等待 3 秒
2024-10-03 03:36:38 查询号码 【1447844】，返回信息 {"status":"ok","msg":"-","gid":"684843","time_insert":"2023-04-29 15:39"}
2024-10-03 03:36:38 查询号码 【1447844】，GSD为【"-"】
2024-10-03 03:36:38 ok && -
2024-10-03 03:36:41 CHB 1447844?1727897798 第 1 次 等待 3 秒
2024-10-03 03:36:44 CHB 1447844?1727897798 第 1 次 获取到号码【1447844】GSD
2024-10-03 03:36:44 未获取到号码【1447844】GSD，可能号码格式错误
2024-10-03 03:36:44 获取到号码【1447844】的GSD为【-】
2024-10-03 03:36:45 GSD insert 第 1 次 等待 3 秒
2024-10-03 03:36:48 {"status":"bad","gid":"684843","msg":"添加失败！号码【1447844(-|-)】已存在！"}
2024-10-03 03:36:48 随机等待 113 秒，约 1 分钟
2024-10-03 03:36:48 下次操作: 2024-10-03 03:38:41

2024-10-03 03:38:41 开始第 7851 次操作

2024-10-03 03:38:41 开始操作号码 【1447845】
2024-10-03 03:38:43 GSD getOne 第 1 次 等待 3 秒
2024-10-03 03:38:46 查询号码 【1447845】，返回信息 {"status":"ok","msg":"-","gid":"684841","time_insert":"2023-04-29 15:38"}
2024-10-03 03:38:46 查询号码 【1447845】，GSD为【"-"】
2024-10-03 03:38:46 ok && -
2024-10-03 03:38:48 CHB 1447845?1727897926 第 1 次 等待 3 秒
2024-10-03 03:38:51 CHB 1447845?1727897926 第 1 次 获取到号码【1447845】GSD
2024-10-03 03:38:51 未获取到号码【1447845】GSD，可能号码格式错误
2024-10-03 03:38:51 获取到号码【1447845】的GSD为【-】
2024-10-03 03:38:52 GSD insert 第 1 次 等待 3 秒
2024-10-03 03:38:56 {"status":"bad","gid":"684841","msg":"添加失败！号码【1447845(-|-)】已存在！"}
2024-10-03 03:38:56 随机等待 189 秒，约 3 分钟
2024-10-03 03:38:56 下次操作: 2024-10-03 03:42:05

2024-10-03 03:42:05 开始第 7852 次操作

2024-10-03 03:42:05 开始操作号码 【1447846】
2024-10-03 03:42:06 GSD getOne 第 1 次 等待 3 秒
2024-10-03 03:42:09 查询号码 【1447846】，返回信息 {"status":"ok","msg":"-","gid":"684835","time_insert":"2023-04-29 15:35"}
2024-10-03 03:42:09 查询号码 【1447846】，GSD为【"-"】
2024-10-03 03:42:09 ok && -
2024-10-03 03:42:11 CHB 1447846?1727898129 第 1 次 等待 3 秒
2024-10-03 03:42:14 CHB 1447846?1727898129 第 1 次 获取到号码【1447846】GSD
2024-10-03 03:42:14 未获取到号码【1447846】GSD，可能号码格式错误
2024-10-03 03:42:14 获取到号码【1447846】的GSD为【-】
2024-10-03 03:42:16 GSD insert 第 1 次 等待 3 秒
2024-10-03 03:42:19 {"status":"bad","gid":"684835","msg":"添加失败！号码【1447846(-|-)】已存在！"}

2024-10-03 04:13:01 开始第 7853 次操作

2024-10-03 04:13:01 开始操作号码 【1447847】
2024-10-03 04:13:03 GSD getOne 第 1 次 等待 3 秒
2024-10-03 04:13:06 查询号码 【1447847】，返回信息 {"status":"ok","msg":"-","gid":"684832","time_insert":"2023-04-29 15:33"}
2024-10-03 04:13:06 查询号码 【1447847】，GSD为【"-"】
2024-10-03 04:13:06 ok && -
2024-10-03 04:13:08 CHB 1447847?1727899986 第 1 次 等待 3 秒
2024-10-03 04:13:11 CHB 1447847?1727899986 第 1 次 获取到号码【1447847】GSD
2024-10-03 04:13:11 未获取到号码【1447847】GSD，可能号码格式错误
2024-10-03 04:13:11 获取到号码【1447847】的GSD为【-】
2024-10-03 04:13:13 GSD insert 第 1 次 等待 3 秒
2024-10-03 04:13:16 {"status":"bad","gid":"684832","msg":"添加失败！号码【1447847(-|-)】已存在！"}
2024-10-03 04:13:16 随机等待 68 秒，约 1 分钟
2024-10-03 04:13:16 下次操作: 2024-10-03 04:14:24

2024-10-03 04:14:24 开始第 7854 次操作

2024-10-03 04:14:24 开始操作号码 【1447848】
2024-10-03 04:14:26 GSD getOne 第 1 次 等待 3 秒
2024-10-03 04:14:29 查询号码 【1447848】，返回信息 {"status":"ok","msg":"-","gid":"684823","time_insert":"2023-04-29 15:28"}
2024-10-03 04:14:29 查询号码 【1447848】，GSD为【"-"】
2024-10-03 04:14:29 ok && -
2024-10-03 04:14:31 CHB 1447848?1727900069 第 1 次 等待 3 秒
2024-10-03 04:14:34 CHB 1447848?1727900069 第 1 次 获取到号码【1447848】GSD
2024-10-03 04:14:34 未获取到号码【1447848】GSD，可能号码格式错误
2024-10-03 04:14:34 获取到号码【1447848】的GSD为【-】
2024-10-03 04:14:36 GSD insert 第 1 次 等待 3 秒
2024-10-03 04:14:39 {"status":"bad","gid":"684823","msg":"添加失败！号码【1447848(-|-)】已存在！"}
2024-10-03 04:14:39 随机等待 213 秒，约 3 分钟
2024-10-03 04:14:39 下次操作: 2024-10-03 04:18:12

2024-10-03 04:18:12 开始第 7855 次操作

2024-10-03 04:18:12 开始操作号码 【1447849】
2024-10-03 04:18:13 GSD getOne 第 1 次 等待 3 秒
2024-10-03 04:18:16 查询号码 【1447849】，返回信息 {"status":"ok","msg":"-","gid":"684821","time_insert":"2023-04-29 15:26"}
2024-10-03 04:18:16 查询号码 【1447849】，GSD为【"-"】
2024-10-03 04:18:16 ok && -
2024-10-03 04:18:18 CHB 1447849?1727900296 第 1 次 等待 3 秒
2024-10-03 04:18:21 CHB 1447849?1727900296 第 1 次 获取到号码【1447849】GSD
2024-10-03 04:18:21 未获取到号码【1447849】GSD，可能号码格式错误
2024-10-03 04:18:21 获取到号码【1447849】的GSD为【-】
2024-10-03 04:18:23 GSD insert 第 1 次 等待 3 秒
2024-10-03 04:18:26 {"status":"bad","gid":"684821","msg":"添加失败！号码【1447849(-|-)】已存在！"}
2024-10-03 04:18:26 随机等待 112 秒，约 1 分钟
2024-10-03 04:18:26 下次操作: 2024-10-03 04:20:18

2024-10-03 04:20:18 开始第 7856 次操作

2024-10-03 04:20:18 开始操作号码 【1447850】
2024-10-03 04:20:20 GSD getOne 第 1 次 等待 3 秒
2024-10-03 04:20:23 查询号码 【1447850】，返回信息 {"status":"ok","msg":"-","gid":"684817","time_insert":"2023-04-29 15:23"}
2024-10-03 04:20:23 查询号码 【1447850】，GSD为【"-"】
2024-10-03 04:20:23 ok && -
2024-10-03 04:20:25 CHB 1447850?1727900423 第 1 次 等待 3 秒
2024-10-03 04:20:28 CHB 1447850?1727900423 第 1 次 获取到号码【1447850】GSD
2024-10-03 04:20:28 未获取到号码【1447850】GSD，可能号码格式错误
2024-10-03 04:20:28 获取到号码【1447850】的GSD为【-】
2024-10-03 04:20:29 GSD insert 第 1 次 等待 3 秒
2024-10-03 04:20:32 {"status":"bad","gid":"684817","msg":"添加失败！号码【1447850(-|-)】已存在！"}

2024-10-03 04:37:56 开始第 7857 次操作

2024-10-03 04:37:56 开始操作号码 【1447851】
2024-10-03 04:37:59 GSD getOne 第 1 次 等待 3 秒
2024-10-03 04:38:02 查询号码 【1447851】，返回信息 {"status":"ok","msg":"-","gid":"684811","time_insert":"2023-04-29 15:20"}
2024-10-03 04:38:02 查询号码 【1447851】，GSD为【"-"】
2024-10-03 04:38:02 ok && -
2024-10-03 04:38:03 CHB 1447851?1727901482 第 1 次 等待 3 秒
2024-10-03 04:38:06 CHB 1447851?1727901482 第 1 次 获取到号码【1447851】GSD
2024-10-03 04:38:06 未获取到号码【1447851】GSD，可能号码格式错误
2024-10-03 04:38:06 获取到号码【1447851】的GSD为【-】
2024-10-03 04:38:08 GSD insert 第 1 次 等待 3 秒
2024-10-03 04:38:11 {"status":"bad","gid":"684811","msg":"添加失败！号码【1447851(-|-)】已存在！"}
2024-10-03 04:38:11 随机等待 182 秒，约 3 分钟
2024-10-03 04:38:11 下次操作: 2024-10-03 04:41:13

2024-10-03 04:41:13 开始第 7858 次操作

2024-10-03 04:41:13 开始操作号码 【1447852】
2024-10-03 04:41:22 GSD getOne 第 1 次 等待 3 秒
2024-10-03 04:41:25 查询号码 【1447852】，返回信息 {"status":"ok","msg":"-","gid":"684804","time_insert":"2023-04-29 15:16"}
2024-10-03 04:41:25 查询号码 【1447852】，GSD为【"-"】
2024-10-03 04:41:25 ok && -
2024-10-03 04:41:27 CHB 1447852?1727901685 第 1 次 等待 3 秒
2024-10-03 04:41:30 CHB 1447852?1727901685 第 1 次 获取到号码【1447852】GSD
2024-10-03 04:41:30 未获取到号码【1447852】GSD，可能号码格式错误
2024-10-03 04:41:30 获取到号码【1447852】的GSD为【-】
2024-10-03 04:41:32 GSD insert 第 1 次 等待 3 秒
2024-10-03 04:41:35 {"status":"bad","gid":"684804","msg":"添加失败！号码【1447852(-|-)】已存在！"}
2024-10-03 04:41:35 随机等待 152 秒，约 2 分钟
2024-10-03 04:41:35 下次操作: 2024-10-03 04:44:07

2024-10-03 04:44:07 开始第 7859 次操作

2024-10-03 04:44:07 开始操作号码 【1447853】
2024-10-03 04:44:09 GSD getOne 第 1 次 等待 3 秒
2024-10-03 04:44:12 查询号码 【1447853】，返回信息 {"status":"ok","msg":"-","gid":"684798","time_insert":"2023-04-29 15:13"}
2024-10-03 04:44:12 查询号码 【1447853】，GSD为【"-"】
2024-10-03 04:44:12 ok && -
2024-10-03 04:44:14 CHB 1447853?1727901852 第 1 次 等待 3 秒
2024-10-03 04:44:17 CHB 1447853?1727901852 第 1 次 获取到号码【1447853】GSD
2024-10-03 04:44:18 未获取到号码【1447853】GSD，可能号码格式错误
2024-10-03 04:44:18 获取到号码【1447853】的GSD为【-】
2024-10-03 04:44:19 GSD insert 第 1 次 等待 3 秒
2024-10-03 04:44:22 {"status":"bad","gid":"684798","msg":"添加失败！号码【1447853(-|-)】已存在！"}
2024-10-03 04:44:22 随机等待 184 秒，约 3 分钟
2024-10-03 04:44:22 下次操作: 2024-10-03 04:47:26

2024-10-03 04:47:26 开始第 7860 次操作

2024-10-03 04:47:26 开始操作号码 【1447854】
2024-10-03 04:47:29 GSD getOne 第 1 次 等待 3 秒
2024-10-03 04:47:32 查询号码 【1447854】，返回信息 {"status":"ok","msg":"-","gid":"684795","time_insert":"2023-04-29 15:11"}
2024-10-03 04:47:32 查询号码 【1447854】，GSD为【"-"】
2024-10-03 04:47:32 ok && -
2024-10-03 04:47:34 CHB 1447854?1727902052 第 1 次 等待 3 秒
2024-10-03 04:47:37 CHB 1447854?1727902052 第 1 次 获取到号码【1447854】GSD
2024-10-03 04:47:37 未获取到号码【1447854】GSD，可能号码格式错误
2024-10-03 04:47:37 获取到号码【1447854】的GSD为【-】
2024-10-03 04:47:39 GSD insert 第 1 次 等待 3 秒
2024-10-03 04:47:42 {"status":"bad","gid":"684795","msg":"添加失败！号码【1447854(-|-)】已存在！"}

2024-10-03 05:11:53 开始第 7861 次操作

2024-10-03 05:11:53 开始操作号码 【1447855】
2024-10-03 05:11:55 GSD getOne 第 1 次 等待 3 秒
2024-10-03 05:11:58 查询号码 【1447855】，返回信息 {"status":"ok","msg":"-","gid":"684789","time_insert":"2023-04-29 15:08"}
2024-10-03 05:11:58 查询号码 【1447855】，GSD为【"-"】
2024-10-03 05:11:58 ok && -
2024-10-03 05:12:00 CHB 1447855?1727903518 第 1 次 等待 3 秒
2024-10-03 05:12:03 CHB 1447855?1727903518 第 1 次 获取到号码【1447855】GSD
2024-10-03 05:12:03 未获取到号码【1447855】GSD，可能号码格式错误
2024-10-03 05:12:03 获取到号码【1447855】的GSD为【-】
2024-10-03 05:12:05 GSD insert 第 1 次 等待 3 秒
2024-10-03 05:12:08 {"status":"bad","gid":"684789","msg":"添加失败！号码【1447855(-|-)】已存在！"}
2024-10-03 05:12:08 随机等待 188 秒，约 3 分钟
2024-10-03 05:12:08 下次操作: 2024-10-03 05:15:16

2024-10-03 05:15:16 开始第 7862 次操作

2024-10-03 05:15:16 开始操作号码 【1447856】
2024-10-03 05:15:18 GSD getOne 第 1 次 等待 3 秒
2024-10-03 05:15:21 查询号码 【1447856】，返回信息 {"status":"ok","msg":"-","gid":"684777","time_insert":"2023-04-29 15:00"}
2024-10-03 05:15:21 查询号码 【1447856】，GSD为【"-"】
2024-10-03 05:15:21 ok && -
2024-10-03 05:15:24 CHB 1447856?1727903721 第 1 次 等待 3 秒
2024-10-03 05:15:27 CHB 1447856?1727903721 第 1 次 获取到号码【1447856】GSD
2024-10-03 05:15:27 未获取到号码【1447856】GSD，可能号码格式错误
2024-10-03 05:15:27 获取到号码【1447856】的GSD为【-】
2024-10-03 05:15:29 GSD insert 第 1 次 等待 3 秒
2024-10-03 05:15:32 {"status":"bad","gid":"684777","msg":"添加失败！号码【1447856(-|-)】已存在！"}
2024-10-03 05:15:32 随机等待 231 秒，约 3 分钟
2024-10-03 05:15:32 下次操作: 2024-10-03 05:19:23

2024-10-03 05:19:23 开始第 7863 次操作

2024-10-03 05:19:23 开始操作号码 【1447857】
2024-10-03 05:19:24 GSD getOne 第 1 次 等待 3 秒
2024-10-03 05:19:27 查询号码 【1447857】，返回信息 {"status":"ok","msg":"-","gid":"684774","time_insert":"2023-04-29 14:58"}
2024-10-03 05:19:27 查询号码 【1447857】，GSD为【"-"】
2024-10-03 05:19:27 ok && -
2024-10-03 05:19:33 CHB 1447857?1727903967 第 1 次 等待 3 秒
2024-10-03 05:19:36 CHB 1447857?1727903967 第 1 次 获取到号码【1447857】GSD
2024-10-03 05:19:37 未获取到号码【1447857】GSD，可能号码格式错误
2024-10-03 05:19:37 获取到号码【1447857】的GSD为【-】
2024-10-03 05:19:38 GSD insert 第 1 次 等待 3 秒
2024-10-03 05:19:41 {"status":"bad","gid":"684774","msg":"添加失败！号码【1447857(-|-)】已存在！"}
2024-10-03 05:19:41 随机等待 179 秒，约 2 分钟
2024-10-03 05:19:41 下次操作: 2024-10-03 05:22:40

2024-10-03 05:22:40 开始第 7864 次操作

2024-10-03 05:22:40 开始操作号码 【1447858】
2024-10-03 05:22:43 GSD getOne 第 1 次 等待 3 秒
2024-10-03 05:22:46 查询号码 【1447858】，返回信息 {"status":"ok","msg":"-","gid":"684770","time_insert":"2023-04-29 14:55"}
2024-10-03 05:22:46 查询号码 【1447858】，GSD为【"-"】
2024-10-03 05:22:46 ok && -
2024-10-03 05:22:55 CHB 1447858?1727904166 第 1 次 等待 3 秒
2024-10-03 05:22:58 CHB 1447858?1727904166 第 1 次 获取到号码【1447858】GSD
2024-10-03 05:22:58 未获取到号码【1447858】GSD，可能号码格式错误
2024-10-03 05:22:58 获取到号码【1447858】的GSD为【-】
2024-10-03 05:23:00 GSD insert 第 1 次 等待 3 秒
2024-10-03 05:23:03 {"status":"bad","gid":"684770","msg":"添加失败！号码【1447858(-|-)】已存在！"}

