2024-10-19 00:14:43 开始第 253 次操作

2024-10-19 00:14:43 开始操作号码 【1330252】
2024-10-19 00:14:44 GSD getOne 第 1 次 等待 3 秒
2024-10-19 00:14:47 查询号码 【1330252】，返回信息 {"status":"ok","msg":"广东-阳江","gid":"52870","time_insert":"2021-04-29 02:19"}
2024-10-19 00:14:47 查询号码 【1330252】，GSD为【"广东-阳江"】

2024-10-19 00:14:48 开始第 254 次操作

2024-10-19 00:14:48 开始操作号码 【1330253】
2024-10-19 00:14:51 GSD getOne 第 1 次 等待 3 秒
2024-10-19 00:14:54 查询号码 【1330253】，返回信息 {"status":"ok","msg":"广东-珠海","gid":"52876","time_insert":"2021-04-29 03:50"}
2024-10-19 00:14:54 查询号码 【1330253】，GSD为【"广东-珠海"】

2024-10-19 00:14:55 开始第 255 次操作

2024-10-19 00:14:55 开始操作号码 【1330254】
2024-10-19 00:14:56 GSD getOne 第 1 次 等待 3 秒
2024-10-19 00:14:59 查询号码 【1330254】，返回信息 {"status":"ok","msg":"广东-茂名","gid":"2715","time_insert":"2014-07-06 14:49","time_update":"2020-09-25 03:38"}
2024-10-19 00:14:59 查询号码 【1330254】，GSD为【"广东-茂名"】

2024-10-19 00:15:00 开始第 256 次操作

2024-10-19 00:15:00 开始操作号码 【1330255】
2024-10-19 00:15:01 GSD getOne 第 1 次 等待 3 秒
2024-10-19 00:15:04 查询号码 【1330255】，返回信息 {"status":"ok","msg":"广东-江门","gid":"52879","time_insert":"2021-04-29 05:13"}
2024-10-19 00:15:04 查询号码 【1330255】，GSD为【"广东-江门"】

