2024-08-19 10:37:44 开始第 1 次操作

2024-08-19 10:37:44 开始操作号码 【1440000】
2024-08-19 10:37:52 GSD getOne 第 1 次 等待 3 秒
2024-08-19 10:37:55 查询号码 【1440000】，返回信息 {"status":"ok","msg":"-","gid":"520031","time_insert":"2023-02-06 17:19"}
2024-08-19 10:37:55 查询号码 【1440000】，GSD为【"-"】
2024-08-19 10:37:55 ok && -
2024-08-19 10:37:57 CHB 1440000?1724035075 第 1 次 等待 3 秒
2024-08-19 10:38:00 CHB 1440000?1724035075 第 1 次 获取到号码【1440000】GSD
2024-08-19 10:38:00 未获取到号码【1440000】GSD，可能号码格式错误
2024-08-19 10:38:00 获取到号码【1440000】的GSD为【-】
2024-08-19 10:38:08 GSD insert 第 1 次 等待 3 秒
2024-08-19 10:38:11 {"status":"bad","gid":"520031","msg":"添加失败！号码【1440000(-|-)】已存在！"}
2024-08-19 10:38:11 随机等待 134 秒，约 2 分钟
2024-08-19 10:38:11 下次操作: 2024-08-19 10:40:25

2024-08-19 10:40:25 开始第 2 次操作

2024-08-19 10:40:25 开始操作号码 【1440001】
2024-08-19 10:40:33 GSD getOne 第 1 次 等待 3 秒
2024-08-19 10:40:36 查询号码 【1440001】，返回信息 {"status":"ok","msg":"-","gid":"520036","time_insert":"2023-02-06 17:29"}
2024-08-19 10:40:36 查询号码 【1440001】，GSD为【"-"】
2024-08-19 10:40:36 ok && -
2024-08-19 10:40:38 CHB 1440001?1724035236 第 1 次 等待 3 秒
2024-08-19 10:40:41 CHB 1440001?1724035236 第 1 次 获取到号码【1440001】GSD
2024-08-19 10:40:41 未获取到号码【1440001】GSD，可能号码格式错误
2024-08-19 10:40:41 获取到号码【1440001】的GSD为【-】
2024-08-19 10:40:49 GSD insert 第 1 次 等待 3 秒
2024-08-19 10:40:52 {"status":"bad","gid":"520036","msg":"添加失败！号码【1440001(-|-)】已存在！"}
2024-08-19 10:40:52 随机等待 90 秒，约 1 分钟
2024-08-19 10:40:52 下次操作: 2024-08-19 10:42:22

2024-08-19 10:42:22 开始第 3 次操作

2024-08-19 10:42:22 开始操作号码 【1440002】
2024-08-19 10:43:09 GSD getOne 第 1 次 等待 3 秒
2024-08-19 10:43:12 查询号码 【1440002】，返回信息 {"status":"ok","msg":"-","gid":"520042","time_insert":"2023-02-06 17:42"}
2024-08-19 10:43:12 查询号码 【1440002】，GSD为【"-"】
2024-08-19 10:43:12 ok && -
2024-08-19 10:43:14 CHB 1440002?1724035392 第 1 次 等待 3 秒
2024-08-19 10:43:17 CHB 1440002?1724035392 第 1 次 获取到号码【1440002】GSD
2024-08-19 10:43:17 未获取到号码【1440002】GSD，可能号码格式错误
2024-08-19 10:43:17 获取到号码【1440002】的GSD为【-】
2024-08-19 10:43:28 GSD insert 第 1 次 等待 3 秒
2024-08-19 10:43:31 {"status":"bad","gid":"520042","msg":"添加失败！号码【1440002(-|-)】已存在！"}
2024-08-19 10:43:31 随机等待 93 秒，约 1 分钟
2024-08-19 10:43:31 下次操作: 2024-08-19 10:45:04

2024-08-19 10:45:04 开始第 4 次操作

2024-08-19 10:45:04 开始操作号码 【1440003】
2024-08-19 10:45:12 GSD getOne 第 1 次 等待 3 秒
2024-08-19 10:45:15 查询号码 【1440003】，返回信息 {"status":"ok","msg":"-","gid":"520046","time_insert":"2023-02-06 17:54"}
2024-08-19 10:45:15 查询号码 【1440003】，GSD为【"-"】
2024-08-19 10:45:15 ok && -
2024-08-19 10:45:17 CHB 1440003?1724035515 第 1 次 等待 3 秒
2024-08-19 10:45:20 CHB 1440003?1724035515 第 1 次 获取到号码【1440003】GSD
2024-08-19 10:45:20 未获取到号码【1440003】GSD，可能号码格式错误
2024-08-19 10:45:20 获取到号码【1440003】的GSD为【-】
2024-08-19 10:45:27 GSD insert 第 1 次 等待 3 秒
2024-08-19 10:45:30 {"status":"bad","gid":"520046","msg":"添加失败！号码【1440003(-|-)】已存在！"}

