2024-09-20 00:12:50 开始第 5573 次操作

2024-09-20 00:12:50 开始操作号码 【1445570】
2024-09-20 00:12:52 GSD getOne 第 1 次 等待 3 秒
2024-09-20 00:12:55 查询号码 【1445570】，返回信息 {"status":"ok","msg":"-","gid":"646512","time_insert":"2023-04-11 05:16"}
2024-09-20 00:12:55 查询号码 【1445570】，GSD为【"-"】
2024-09-20 00:12:55 ok && -
2024-09-20 00:12:57 CHB 1445570?1726762375 第 1 次 等待 3 秒
2024-09-20 00:13:00 CHB 1445570?1726762375 第 1 次 获取到号码【1445570】GSD
2024-09-20 00:13:00 未获取到号码【1445570】GSD，可能号码格式错误
2024-09-20 00:13:00 获取到号码【1445570】的GSD为【-】
2024-09-20 00:13:02 GSD insert 第 1 次 等待 3 秒
2024-09-20 00:13:05 {"status":"bad","gid":"646512","msg":"添加失败！号码【1445570(-|-)】已存在！"}
2024-09-20 00:13:05 随机等待 176 秒，约 2 分钟
2024-09-20 00:13:05 下次操作: 2024-09-20 00:16:01

2024-09-20 00:16:01 开始第 5574 次操作

2024-09-20 00:16:01 开始操作号码 【1445571】
2024-09-20 00:16:03 GSD getOne 第 1 次 等待 3 秒
2024-09-20 00:16:06 查询号码 【1445571】，返回信息 {"status":"ok","msg":"-","gid":"646532","time_insert":"2023-04-11 05:27"}
2024-09-20 00:16:06 查询号码 【1445571】，GSD为【"-"】
2024-09-20 00:16:06 ok && -
2024-09-20 00:16:08 CHB 1445571?1726762566 第 1 次 等待 3 秒
2024-09-20 00:16:11 CHB 1445571?1726762566 第 1 次 获取到号码【1445571】GSD
2024-09-20 00:16:11 未获取到号码【1445571】GSD，可能号码格式错误
2024-09-20 00:16:11 获取到号码【1445571】的GSD为【-】
2024-09-20 00:16:13 GSD insert 第 1 次 等待 3 秒
2024-09-20 00:16:16 {"status":"bad","gid":"646532","msg":"添加失败！号码【1445571(-|-)】已存在！"}
2024-09-20 00:16:16 随机等待 166 秒，约 2 分钟
2024-09-20 00:16:16 下次操作: 2024-09-20 00:19:02

2024-09-20 00:19:02 开始第 5575 次操作

2024-09-20 00:19:02 开始操作号码 【1445572】
2024-09-20 00:19:04 GSD getOne 第 1 次 等待 3 秒
2024-09-20 00:19:07 查询号码 【1445572】，返回信息 {"status":"ok","msg":"-","gid":"646559","time_insert":"2023-04-11 05:45"}
2024-09-20 00:19:07 查询号码 【1445572】，GSD为【"-"】
2024-09-20 00:19:07 ok && -
2024-09-20 00:19:09 CHB 1445572?1726762747 第 1 次 等待 3 秒
2024-09-20 00:19:12 CHB 1445572?1726762747 第 1 次 获取到号码【1445572】GSD
2024-09-20 00:19:12 未获取到号码【1445572】GSD，可能号码格式错误
2024-09-20 00:19:12 获取到号码【1445572】的GSD为【-】
2024-09-20 00:19:14 GSD insert 第 1 次 等待 3 秒
2024-09-20 00:19:17 {"status":"bad","gid":"646559","msg":"添加失败！号码【1445572(-|-)】已存在！"}
2024-09-20 00:19:17 随机等待 103 秒，约 1 分钟
2024-09-20 00:19:17 下次操作: 2024-09-20 00:21:00

2024-09-20 00:21:00 开始第 5576 次操作

2024-09-20 00:21:00 开始操作号码 【1445573】
2024-09-20 00:21:02 GSD getOne 第 1 次 等待 3 秒
2024-09-20 00:21:05 查询号码 【1445573】，返回信息 {"status":"ok","msg":"-","gid":"646580","time_insert":"2023-04-11 05:53"}
2024-09-20 00:21:05 查询号码 【1445573】，GSD为【"-"】
2024-09-20 00:21:05 ok && -
2024-09-20 00:21:06 CHB 1445573?1726762865 第 1 次 等待 3 秒
2024-09-20 00:21:09 CHB 1445573?1726762865 第 1 次 获取到号码【1445573】GSD
2024-09-20 00:21:09 未获取到号码【1445573】GSD，可能号码格式错误
2024-09-20 00:21:09 获取到号码【1445573】的GSD为【-】
2024-09-20 00:21:11 GSD insert 第 1 次 等待 3 秒
2024-09-20 00:21:14 {"status":"bad","gid":"646580","msg":"添加失败！号码【1445573(-|-)】已存在！"}

2024-09-20 00:41:55 开始第 5577 次操作

2024-09-20 00:41:55 开始操作号码 【1445574】
2024-09-20 00:41:57 GSD getOne 第 1 次 等待 3 秒
2024-09-20 00:42:00 查询号码 【1445574】，返回信息 {"status":"ok","msg":"-","gid":"646605","time_insert":"2023-04-11 06:10"}
2024-09-20 00:42:01 查询号码 【1445574】，GSD为【"-"】
2024-09-20 00:42:01 ok && -
2024-09-20 00:42:02 CHB 1445574?1726764121 第 1 次 等待 3 秒
2024-09-20 00:42:05 CHB 1445574?1726764121 第 1 次 获取到号码【1445574】GSD
2024-09-20 00:42:05 未获取到号码【1445574】GSD，可能号码格式错误
2024-09-20 00:42:05 获取到号码【1445574】的GSD为【-】
2024-09-20 00:42:07 GSD insert 第 1 次 等待 3 秒
2024-09-20 00:42:10 {"status":"bad","gid":"646605","msg":"添加失败！号码【1445574(-|-)】已存在！"}
2024-09-20 00:42:10 随机等待 135 秒，约 2 分钟
2024-09-20 00:42:10 下次操作: 2024-09-20 00:44:25

2024-09-20 00:44:25 开始第 5578 次操作

2024-09-20 00:44:25 开始操作号码 【1445575】
2024-09-20 00:44:27 GSD getOne 第 1 次 等待 3 秒
2024-09-20 00:44:30 查询号码 【1445575】，返回信息 {"status":"ok","msg":"-","gid":"646639","time_insert":"2023-04-11 06:32"}
2024-09-20 00:44:30 查询号码 【1445575】，GSD为【"-"】
2024-09-20 00:44:30 ok && -
2024-09-20 00:44:32 CHB 1445575?1726764270 第 1 次 等待 3 秒
2024-09-20 00:44:35 CHB 1445575?1726764270 第 1 次 获取到号码【1445575】GSD
2024-09-20 00:44:35 未获取到号码【1445575】GSD，可能号码格式错误
2024-09-20 00:44:35 获取到号码【1445575】的GSD为【-】
2024-09-20 00:44:38 GSD insert 第 1 次 等待 3 秒
2024-09-20 00:44:41 {"status":"bad","gid":"646639","msg":"添加失败！号码【1445575(-|-)】已存在！"}
2024-09-20 00:44:41 随机等待 213 秒，约 3 分钟
2024-09-20 00:44:41 下次操作: 2024-09-20 00:48:14

2024-09-20 00:48:14 开始第 5579 次操作

2024-09-20 00:48:14 开始操作号码 【1445576】
2024-09-20 00:48:16 GSD getOne 第 1 次 等待 3 秒
2024-09-20 00:48:19 查询号码 【1445576】，返回信息 {"status":"ok","msg":"-","gid":"646674","time_insert":"2023-04-11 06:53"}
2024-09-20 00:48:19 查询号码 【1445576】，GSD为【"-"】
2024-09-20 00:48:19 ok && -
2024-09-20 00:48:21 CHB 1445576?1726764499 第 1 次 等待 3 秒
2024-09-20 00:48:24 CHB 1445576?1726764499 第 1 次 获取到号码【1445576】GSD
2024-09-20 00:48:24 未获取到号码【1445576】GSD，可能号码格式错误
2024-09-20 00:48:24 获取到号码【1445576】的GSD为【-】
2024-09-20 00:48:27 GSD insert 第 1 次 等待 3 秒
2024-09-20 00:48:30 {"status":"bad","gid":"646674","msg":"添加失败！号码【1445576(-|-)】已存在！"}
2024-09-20 00:48:30 随机等待 159 秒，约 2 分钟
2024-09-20 00:48:30 下次操作: 2024-09-20 00:51:09

2024-09-20 00:51:09 开始第 5580 次操作

2024-09-20 00:51:09 开始操作号码 【1445577】
2024-09-20 00:51:11 GSD getOne 第 1 次 等待 3 秒
2024-09-20 00:51:14 查询号码 【1445577】，返回信息 {"status":"ok","msg":"-","gid":"646699","time_insert":"2023-04-11 07:09"}
2024-09-20 00:51:14 查询号码 【1445577】，GSD为【"-"】
2024-09-20 00:51:14 ok && -
2024-09-20 00:51:16 CHB 1445577?1726764674 第 1 次 等待 3 秒
2024-09-20 00:51:19 CHB 1445577?1726764674 第 1 次 获取到号码【1445577】GSD
2024-09-20 00:51:19 未获取到号码【1445577】GSD，可能号码格式错误
2024-09-20 00:51:19 获取到号码【1445577】的GSD为【-】
2024-09-20 00:51:21 GSD insert 第 1 次 等待 3 秒
2024-09-20 00:51:24 {"status":"bad","gid":"646699","msg":"添加失败！号码【1445577(-|-)】已存在！"}

2024-09-20 01:09:49 开始第 5581 次操作

2024-09-20 01:09:49 开始操作号码 【1445578】
2024-09-20 01:09:53 GSD getOne 第 1 次 等待 3 秒
2024-09-20 01:09:56 查询号码 【1445578】，返回信息 {"status":"ok","msg":"-","gid":"646721","time_insert":"2023-04-11 07:24"}
2024-09-20 01:09:56 查询号码 【1445578】，GSD为【"-"】
2024-09-20 01:09:56 ok && -
2024-09-20 01:09:58 CHB 1445578?1726765796 第 1 次 等待 3 秒
2024-09-20 01:10:01 CHB 1445578?1726765796 第 1 次 获取到号码【1445578】GSD
2024-09-20 01:10:01 未获取到号码【1445578】GSD，可能号码格式错误
2024-09-20 01:10:01 获取到号码【1445578】的GSD为【-】
2024-09-20 01:10:03 GSD insert 第 1 次 等待 3 秒
2024-09-20 01:10:06 {"status":"bad","gid":"646721","msg":"添加失败！号码【1445578(-|-)】已存在！"}
2024-09-20 01:10:06 随机等待 120 秒，约 2 分钟
2024-09-20 01:10:06 下次操作: 2024-09-20 01:12:06

2024-09-20 01:12:06 开始第 5582 次操作

2024-09-20 01:12:06 开始操作号码 【1445579】
2024-09-20 01:12:08 GSD getOne 第 1 次 等待 3 秒
2024-09-20 01:12:11 查询号码 【1445579】，返回信息 {"status":"ok","msg":"-","gid":"646754","time_insert":"2023-04-11 07:44"}
2024-09-20 01:12:11 查询号码 【1445579】，GSD为【"-"】
2024-09-20 01:12:11 ok && -
2024-09-20 01:12:14 CHB 1445579?1726765931 第 1 次 等待 3 秒
2024-09-20 01:12:17 CHB 1445579?1726765931 第 1 次 获取到号码【1445579】GSD
2024-09-20 01:12:17 未获取到号码【1445579】GSD，可能号码格式错误
2024-09-20 01:12:17 获取到号码【1445579】的GSD为【-】
2024-09-20 01:12:18 GSD insert 第 1 次 等待 3 秒
2024-09-20 01:12:21 {"status":"bad","gid":"646754","msg":"添加失败！号码【1445579(-|-)】已存在！"}
2024-09-20 01:12:21 随机等待 97 秒，约 1 分钟
2024-09-20 01:12:21 下次操作: 2024-09-20 01:13:58

2024-09-20 01:13:58 开始第 5583 次操作

2024-09-20 01:13:58 开始操作号码 【1445580】
2024-09-20 01:14:00 GSD getOne 第 1 次 等待 3 秒
2024-09-20 01:14:03 查询号码 【1445580】，返回信息 {"status":"ok","msg":"-","gid":"646789","time_insert":"2023-04-11 08:03"}
2024-09-20 01:14:03 查询号码 【1445580】，GSD为【"-"】
2024-09-20 01:14:03 ok && -
2024-09-20 01:14:06 CHB 1445580?1726766043 第 1 次 等待 3 秒
2024-09-20 01:14:09 CHB 1445580?1726766043 第 1 次 获取到号码【1445580】GSD
2024-09-20 01:14:09 未获取到号码【1445580】GSD，可能号码格式错误
2024-09-20 01:14:09 获取到号码【1445580】的GSD为【-】
2024-09-20 01:14:10 GSD insert 第 1 次 等待 3 秒
2024-09-20 01:14:13 {"status":"bad","gid":"646789","msg":"添加失败！号码【1445580(-|-)】已存在！"}
2024-09-20 01:14:13 随机等待 132 秒，约 2 分钟
2024-09-20 01:14:13 下次操作: 2024-09-20 01:16:25

2024-09-20 01:16:25 开始第 5584 次操作

2024-09-20 01:16:25 开始操作号码 【1445581】
2024-09-20 01:16:27 GSD getOne 第 1 次 等待 3 秒
2024-09-20 01:16:30 查询号码 【1445581】，返回信息 {"status":"ok","msg":"-","gid":"646805","time_insert":"2023-04-11 08:19"}
2024-09-20 01:16:30 查询号码 【1445581】，GSD为【"-"】
2024-09-20 01:16:30 ok && -
2024-09-20 01:16:33 CHB 1445581?1726766190 第 1 次 等待 3 秒
2024-09-20 01:16:36 CHB 1445581?1726766190 第 1 次 获取到号码【1445581】GSD
2024-09-20 01:16:36 未获取到号码【1445581】GSD，可能号码格式错误
2024-09-20 01:16:36 获取到号码【1445581】的GSD为【-】
2024-09-20 01:16:38 GSD insert 第 1 次 等待 3 秒
2024-09-20 01:16:41 {"status":"bad","gid":"646805","msg":"添加失败！号码【1445581(-|-)】已存在！"}

2024-09-20 01:35:23 开始第 5585 次操作

2024-09-20 01:35:23 开始操作号码 【1445582】
2024-09-20 01:35:26 GSD getOne 第 1 次 等待 3 秒
2024-09-20 01:35:29 查询号码 【1445582】，返回信息 {"status":"ok","msg":"-","gid":"646822","time_insert":"2023-04-11 08:39"}
2024-09-20 01:35:29 查询号码 【1445582】，GSD为【"-"】
2024-09-20 01:35:29 ok && -
2024-09-20 01:35:30 CHB 1445582?1726767329 第 1 次 等待 3 秒
2024-09-20 01:35:33 CHB 1445582?1726767329 第 1 次 获取到号码【1445582】GSD
2024-09-20 01:35:33 未获取到号码【1445582】GSD，可能号码格式错误
2024-09-20 01:35:33 获取到号码【1445582】的GSD为【-】
2024-09-20 01:35:35 GSD insert 第 1 次 等待 3 秒
2024-09-20 01:35:38 {"status":"bad","gid":"646822","msg":"添加失败！号码【1445582(-|-)】已存在！"}
2024-09-20 01:35:38 随机等待 186 秒，约 3 分钟
2024-09-20 01:35:38 下次操作: 2024-09-20 01:38:44

2024-09-20 01:38:44 开始第 5586 次操作

2024-09-20 01:38:44 开始操作号码 【1445583】
2024-09-20 01:38:46 GSD getOne 第 1 次 等待 3 秒
2024-09-20 01:38:49 查询号码 【1445583】，返回信息 {"status":"ok","msg":"-","gid":"646837","time_insert":"2023-04-11 08:51"}
2024-09-20 01:38:49 查询号码 【1445583】，GSD为【"-"】
2024-09-20 01:38:49 ok && -
2024-09-20 01:38:54 CHB 1445583?1726767529 第 1 次 等待 3 秒
2024-09-20 01:38:57 CHB 1445583?1726767529 第 1 次 获取到号码【1445583】GSD
2024-09-20 01:38:57 未获取到号码【1445583】GSD，可能号码格式错误
2024-09-20 01:38:57 获取到号码【1445583】的GSD为【-】
2024-09-20 01:38:59 GSD insert 第 1 次 等待 3 秒
2024-09-20 01:39:02 {"status":"bad","gid":"646837","msg":"添加失败！号码【1445583(-|-)】已存在！"}
2024-09-20 01:39:02 随机等待 164 秒，约 2 分钟
2024-09-20 01:39:02 下次操作: 2024-09-20 01:41:46

2024-09-20 01:41:46 开始第 5587 次操作

2024-09-20 01:41:46 开始操作号码 【1445584】
2024-09-20 01:41:48 GSD getOne 第 1 次 等待 3 秒
2024-09-20 01:41:51 查询号码 【1445584】，返回信息 {"status":"ok","msg":"-","gid":"646860","time_insert":"2023-04-11 09:09"}
2024-09-20 01:41:51 查询号码 【1445584】，GSD为【"-"】
2024-09-20 01:41:51 ok && -
2024-09-20 01:41:53 CHB 1445584?1726767711 第 1 次 等待 3 秒
2024-09-20 01:41:56 CHB 1445584?1726767711 第 1 次 获取到号码【1445584】GSD
2024-09-20 01:41:56 未获取到号码【1445584】GSD，可能号码格式错误
2024-09-20 01:41:56 获取到号码【1445584】的GSD为【-】
2024-09-20 01:41:58 GSD insert 第 1 次 等待 3 秒
2024-09-20 01:42:01 {"status":"bad","gid":"646860","msg":"添加失败！号码【1445584(-|-)】已存在！"}
2024-09-20 01:42:01 随机等待 226 秒，约 3 分钟
2024-09-20 01:42:01 下次操作: 2024-09-20 01:45:47

2024-09-20 01:45:47 开始第 5588 次操作

2024-09-20 01:45:47 开始操作号码 【1445585】
2024-09-20 01:45:50 GSD getOne 第 1 次 等待 3 秒
2024-09-20 01:45:53 查询号码 【1445585】，返回信息 {"status":"ok","msg":"-","gid":"646868","time_insert":"2023-04-11 09:18"}
2024-09-20 01:45:53 查询号码 【1445585】，GSD为【"-"】
2024-09-20 01:45:53 ok && -
2024-09-20 01:46:00 CHB 1445585?1726767953 第 1 次 等待 3 秒
2024-09-20 01:46:03 CHB 1445585?1726767953 第 1 次 获取到号码【1445585】GSD
2024-09-20 01:46:03 未获取到号码【1445585】GSD，可能号码格式错误
2024-09-20 01:46:03 获取到号码【1445585】的GSD为【-】
2024-09-20 01:46:05 GSD insert 第 1 次 等待 3 秒
2024-09-20 01:46:08 {"status":"bad","gid":"646868","msg":"添加失败！号码【1445585(-|-)】已存在！"}

