2024-11-16 00:15:29 开始第 5201 次操作

2024-11-16 00:15:29 开始操作号码 【1335200】
2024-11-16 00:15:31 GSD getOne 第 1 次 等待 3 秒
2024-11-16 00:15:34 查询号码 【1335200】，返回信息 {"status":"ok","msg":"天津-天津","gid":"235058","time_insert":"2021-07-10 00:06"}
2024-11-16 00:15:34 查询号码 【1335200】，GSD为【"天津-天津"】

2024-11-16 00:15:35 开始第 5202 次操作

2024-11-16 00:15:35 开始操作号码 【1335201】
2024-11-16 00:15:36 GSD getOne 第 1 次 等待 3 秒
2024-11-16 00:15:39 查询号码 【1335201】，返回信息 {"status":"ok","msg":"天津-天津","gid":"235129","time_insert":"2021-07-10 00:18"}
2024-11-16 00:15:39 查询号码 【1335201】，GSD为【"天津-天津"】

2024-11-16 00:15:40 开始第 5203 次操作

2024-11-16 00:15:40 开始操作号码 【1335202】
2024-11-16 00:15:41 GSD getOne 第 1 次 等待 3 秒
2024-11-16 00:15:44 查询号码 【1335202】，返回信息 {"status":"ok","msg":"天津-天津","gid":"235155","time_insert":"2021-07-10 00:29"}
2024-11-16 00:15:44 查询号码 【1335202】，GSD为【"天津-天津"】

2024-11-16 00:15:45 开始第 5204 次操作

2024-11-16 00:15:45 开始操作号码 【1335203】
2024-11-16 00:15:46 GSD getOne 第 1 次 等待 3 秒
2024-11-16 00:15:49 查询号码 【1335203】，返回信息 {"status":"ok","msg":"天津-天津","gid":"235184","time_insert":"2021-07-10 00:44"}
2024-11-16 00:15:49 查询号码 【1335203】，GSD为【"天津-天津"】

