2024-11-14 00:14:56 开始第 4849 次操作

2024-11-14 00:14:56 开始操作号码 【1334848】
2024-11-14 00:14:58 GSD getOne 第 1 次 等待 3 秒
2024-11-14 00:15:01 查询号码 【1334848】，返回信息 {"status":"ok","msg":"福建-漳州","gid":"216942","time_insert":"2021-07-07 20:59"}
2024-11-14 00:15:01 查询号码 【1334848】，GSD为【"福建-漳州"】

2024-11-14 00:15:02 开始第 4850 次操作

2024-11-14 00:15:02 开始操作号码 【1334849】
2024-11-14 00:15:04 GSD getOne 第 1 次 等待 3 秒
2024-11-14 00:15:07 查询号码 【1334849】，返回信息 {"status":"ok","msg":"福建-漳州","gid":"217049","time_insert":"2021-07-07 21:09"}
2024-11-14 00:15:07 查询号码 【1334849】，GSD为【"福建-漳州"】

2024-11-14 00:15:08 开始第 4851 次操作

2024-11-14 00:15:08 开始操作号码 【1334850】
2024-11-14 00:15:09 GSD getOne 第 1 次 等待 3 秒
2024-11-14 00:15:12 查询号码 【1334850】，返回信息 {"status":"ok","msg":"福建-泉州","gid":"217122","time_insert":"2021-07-07 21:24"}
2024-11-14 00:15:12 查询号码 【1334850】，GSD为【"福建-泉州"】

2024-11-14 00:15:13 开始第 4852 次操作

2024-11-14 00:15:13 开始操作号码 【1334851】
2024-11-14 00:15:15 GSD getOne 第 1 次 等待 3 秒
2024-11-14 00:15:18 查询号码 【1334851】，返回信息 {"status":"ok","msg":"福建-泉州","gid":"217185","time_insert":"2021-07-07 21:37"}
2024-11-14 00:15:18 查询号码 【1334851】，GSD为【"福建-泉州"】

2024-11-14 00:42:39 开始第 4853 次操作

2024-11-14 00:42:39 开始操作号码 【1334852】
2024-11-14 00:42:41 GSD getOne 第 1 次 等待 3 秒
2024-11-14 00:42:44 查询号码 【1334852】，返回信息 {"status":"ok","msg":"福建-泉州","gid":"217376","time_insert":"2021-07-07 21:52"}
2024-11-14 00:42:44 查询号码 【1334852】，GSD为【"福建-泉州"】

2024-11-14 00:42:45 开始第 4854 次操作

2024-11-14 00:42:45 开始操作号码 【1334853】
2024-11-14 00:42:47 GSD getOne 第 1 次 等待 3 秒
2024-11-14 00:42:50 查询号码 【1334853】，返回信息 {"status":"ok","msg":"福建-泉州","gid":"217465","time_insert":"2021-07-07 22:06"}
2024-11-14 00:42:50 查询号码 【1334853】，GSD为【"福建-泉州"】

2024-11-14 00:42:51 开始第 4855 次操作

2024-11-14 00:42:51 开始操作号码 【1334854】
2024-11-14 00:42:52 GSD getOne 第 1 次 等待 3 秒
2024-11-14 00:42:55 查询号码 【1334854】，返回信息 {"status":"ok","msg":"福建-泉州","gid":"217483","time_insert":"2021-07-07 22:16"}
2024-11-14 00:42:55 查询号码 【1334854】，GSD为【"福建-泉州"】

2024-11-14 00:42:56 开始第 4856 次操作

2024-11-14 00:42:56 开始操作号码 【1334855】
2024-11-14 00:42:58 GSD getOne 第 1 次 等待 3 秒
2024-11-14 00:43:01 查询号码 【1334855】，返回信息 {"status":"ok","msg":"福建-泉州","gid":"217506","time_insert":"2021-07-07 22:30"}
2024-11-14 00:43:01 查询号码 【1334855】，GSD为【"福建-泉州"】

