2024-12-02 00:14:05 开始第 7961 次操作

2024-12-02 00:14:05 开始操作号码 【1337960】
2024-12-02 00:14:07 GSD getOne 第 1 次 等待 3 秒
2024-12-02 00:14:10 查询号码 【1337960】，返回信息 {"status":"ok","msg":"贵州-遵义","gid":"3561","time_insert":"2017-05-10 16:05","time_update":"2020-11-17 15:41"}
2024-12-02 00:14:10 查询号码 【1337960】，GSD为【"贵州-遵义"】

2024-12-02 00:14:11 开始第 7962 次操作

2024-12-02 00:14:11 开始操作号码 【1337961】
2024-12-02 00:14:12 GSD getOne 第 1 次 等待 3 秒
2024-12-02 00:14:15 查询号码 【1337961】，返回信息 {"status":"ok","msg":"贵州-都匀","gid":"277585","time_insert":"2021-07-14 21:44"}
2024-12-02 00:14:15 查询号码 【1337961】，GSD为【"贵州-都匀"】

2024-12-02 00:14:16 开始第 7963 次操作

2024-12-02 00:14:16 开始操作号码 【1337962】
2024-12-02 00:14:17 GSD getOne 第 1 次 等待 3 秒
2024-12-02 00:14:20 查询号码 【1337962】，返回信息 {"status":"ok","msg":"贵州-都匀","gid":"49964","time_insert":"2021-04-21 14:42"}
2024-12-02 00:14:20 查询号码 【1337962】，GSD为【"贵州-都匀"】

2024-12-02 00:14:21 开始第 7964 次操作

2024-12-02 00:14:21 开始操作号码 【1337963】
2024-12-02 00:14:23 GSD getOne 第 1 次 等待 3 秒
2024-12-02 00:14:26 查询号码 【1337963】，返回信息 {"status":"ok","msg":"贵州-凯里","gid":"277575","time_insert":"2021-07-14 21:44"}
2024-12-02 00:14:26 查询号码 【1337963】，GSD为【"贵州-凯里"】

