2023-11-18 00:12:38 开始第 9457 次操作

2023-11-18 00:12:38 开始操作号码 【1989369】
2023-11-18 00:12:43 GSD getOne 第 1 次 等待 3 秒
2023-11-18 00:12:46 查询号码 【1989369】，返回信息 {"status":"ok","msg":"甘肃-张掖","gid":"464067","time_insert":"2021-08-01 04:59"}
2023-11-18 00:12:46 查询号码 【1989369】，GSD为【"甘肃-张掖"】

2023-11-18 00:12:47 开始第 9458 次操作

2023-11-18 00:12:47 开始操作号码 【1989370】
2023-11-18 00:12:51 GSD getOne 第 1 次 等待 3 秒
2023-11-18 00:12:54 查询号码 【1989370】，返回信息 {"status":"ok","msg":"甘肃-酒泉","gid":"464052","time_insert":"2021-08-01 04:58"}
2023-11-18 00:12:54 查询号码 【1989370】，GSD为【"甘肃-酒泉"】

2023-11-18 00:12:55 开始第 9459 次操作

2023-11-18 00:12:55 开始操作号码 【1989371】
2023-11-18 00:13:03 GSD getOne 第 1 次 等待 3 秒
2023-11-18 00:13:06 查询号码 【1989371】，返回信息 {"status":"ok","msg":"甘肃-酒泉","gid":"464039","time_insert":"2021-08-01 04:57"}
2023-11-18 00:13:06 查询号码 【1989371】，GSD为【"甘肃-酒泉"】

2023-11-18 00:13:07 开始第 9460 次操作

2023-11-18 00:13:07 开始操作号码 【1989372】
2023-11-18 00:13:19 GSD getOne 第 1 次 等待 3 秒
2023-11-18 00:13:22 查询号码 【1989372】，返回信息 {"status":"ok","msg":"甘肃-酒泉","gid":"464026","time_insert":"2021-08-01 04:56"}
2023-11-18 00:13:22 查询号码 【1989372】，GSD为【"甘肃-酒泉"】

