2024-02-11 00:10:36 开始第 3089 次操作

2024-02-11 00:10:36 开始操作号码 【1773002】
2024-02-11 00:10:41 GSD getOne 第 1 次 等待 3 秒
2024-02-11 00:10:44 查询号码 【1773002】，返回信息 {"status":"ok","msg":"安徽-合肥","gid":"278278","time_insert":"2021-07-14 23:46"}
2024-02-11 00:10:44 查询号码 【1773002】，GSD为【"安徽-合肥"】

2024-02-11 00:10:45 开始第 3090 次操作

2024-02-11 00:10:45 开始操作号码 【1773003】
2024-02-11 00:10:49 GSD getOne 第 1 次 等待 3 秒
2024-02-11 00:10:52 查询号码 【1773003】，返回信息 {"status":"ok","msg":"安徽-合肥","gid":"30614","time_insert":"2017-05-10 16:05","time_update":"2021-06-11 04:31"}
2024-02-11 00:10:52 查询号码 【1773003】，GSD为【"安徽-合肥"】

2024-02-11 00:10:53 开始第 3091 次操作

2024-02-11 00:10:53 开始操作号码 【1773004】
2024-02-11 00:10:58 GSD getOne 第 1 次 等待 3 秒
2024-02-11 00:11:01 查询号码 【1773004】，返回信息 {"status":"ok","msg":"安徽-合肥","gid":"278123","time_insert":"2021-07-14 22:51"}
2024-02-11 00:11:02 查询号码 【1773004】，GSD为【"安徽-合肥"】

2024-02-11 00:11:03 开始第 3092 次操作

2024-02-11 00:11:03 开始操作号码 【1773005】
2024-02-11 00:11:07 GSD getOne 第 1 次 等待 3 秒
2024-02-11 00:11:10 查询号码 【1773005】，返回信息 {"status":"ok","msg":"安徽-蚌埠","gid":"278120","time_insert":"2021-07-14 22:50"}
2024-02-11 00:11:10 查询号码 【1773005】，GSD为【"安徽-蚌埠"】

2024-02-11 00:34:09 开始第 3093 次操作

2024-02-11 00:34:09 开始操作号码 【1773006】
2024-02-11 00:34:13 GSD getOne 第 1 次 等待 3 秒
2024-02-11 00:34:16 查询号码 【1773006】，返回信息 {"status":"ok","msg":"安徽-蚌埠","gid":"278114","time_insert":"2021-07-14 22:50"}
2024-02-11 00:34:16 查询号码 【1773006】，GSD为【"安徽-蚌埠"】

2024-02-11 00:34:17 开始第 3094 次操作

2024-02-11 00:34:17 开始操作号码 【1773007】
2024-02-11 00:34:21 GSD getOne 第 1 次 等待 3 秒
2024-02-11 00:34:24 查询号码 【1773007】，返回信息 {"status":"ok","msg":"安徽-蚌埠","gid":"278104","time_insert":"2021-07-14 22:49"}
2024-02-11 00:34:24 查询号码 【1773007】，GSD为【"安徽-蚌埠"】

2024-02-11 00:34:25 开始第 3095 次操作

2024-02-11 00:34:26 开始操作号码 【1773008】
2024-02-11 00:34:30 GSD getOne 第 1 次 等待 3 秒
2024-02-11 00:34:33 查询号码 【1773008】，返回信息 {"status":"ok","msg":"安徽-芜湖","gid":"278098","time_insert":"2021-07-14 22:48"}
2024-02-11 00:34:33 查询号码 【1773008】，GSD为【"安徽-芜湖"】

2024-02-11 00:34:34 开始第 3096 次操作

2024-02-11 00:34:34 开始操作号码 【1773009】
2024-02-11 00:34:38 GSD getOne 第 1 次 等待 3 秒
2024-02-11 00:34:41 查询号码 【1773009】，返回信息 {"status":"ok","msg":"安徽-芜湖","gid":"278091","time_insert":"2021-07-14 22:48","time_update":"2021-08-06 21:25"}
2024-02-11 00:34:41 查询号码 【1773009】，GSD为【"安徽-芜湖"】

2024-02-11 01:08:56 开始第 3097 次操作

2024-02-11 01:08:56 开始操作号码 【1773010】
2024-02-11 01:09:00 GSD getOne 第 1 次 等待 3 秒
2024-02-11 01:09:03 查询号码 【1773010】，返回信息 {"status":"ok","msg":"安徽-芜湖","gid":"278082","time_insert":"2021-07-14 22:47"}
2024-02-11 01:09:03 查询号码 【1773010】，GSD为【"安徽-芜湖"】

2024-02-11 01:09:04 开始第 3098 次操作

2024-02-11 01:09:04 开始操作号码 【1773011】
2024-02-11 01:09:08 GSD getOne 第 1 次 等待 3 秒
2024-02-11 01:09:11 查询号码 【1773011】，返回信息 {"status":"ok","msg":"安徽-芜湖","gid":"278071","time_insert":"2021-07-14 22:47"}
2024-02-11 01:09:11 查询号码 【1773011】，GSD为【"安徽-芜湖"】

2024-02-11 01:09:12 开始第 3099 次操作

2024-02-11 01:09:12 开始操作号码 【1773012】
2024-02-11 01:09:16 GSD getOne 第 1 次 等待 3 秒
2024-02-11 01:09:19 查询号码 【1773012】，返回信息 {"status":"ok","msg":"安徽-芜湖","gid":"278057","time_insert":"2021-07-14 22:46"}
2024-02-11 01:09:19 查询号码 【1773012】，GSD为【"安徽-芜湖"】

2024-02-11 01:09:20 开始第 3100 次操作

2024-02-11 01:09:20 开始操作号码 【1773013】
2024-02-11 01:09:24 GSD getOne 第 1 次 等待 3 秒
2024-02-11 01:09:27 查询号码 【1773013】，返回信息 {"status":"ok","msg":"安徽-芜湖","gid":"278047","time_insert":"2021-07-14 22:46"}
2024-02-11 01:09:27 查询号码 【1773013】，GSD为【"安徽-芜湖"】

2024-02-11 01:32:57 开始第 3101 次操作

2024-02-11 01:32:57 开始操作号码 【1773014】
2024-02-11 01:33:02 GSD getOne 第 1 次 等待 3 秒
2024-02-11 01:33:05 查询号码 【1773014】，返回信息 {"status":"ok","msg":"安徽-芜湖","gid":"278041","time_insert":"2021-07-14 22:45"}
2024-02-11 01:33:05 查询号码 【1773014】，GSD为【"安徽-芜湖"】

2024-02-11 01:33:06 开始第 3102 次操作

2024-02-11 01:33:06 开始操作号码 【1773015】
2024-02-11 01:33:10 GSD getOne 第 1 次 等待 3 秒
2024-02-11 01:33:13 查询号码 【1773015】，返回信息 {"status":"ok","msg":"安徽-淮南","gid":"278030","time_insert":"2021-07-14 22:45"}
2024-02-11 01:33:13 查询号码 【1773015】，GSD为【"安徽-淮南"】

2024-02-11 01:33:14 开始第 3103 次操作

2024-02-11 01:33:14 开始操作号码 【1773016】
2024-02-11 01:33:19 GSD getOne 第 1 次 等待 3 秒
2024-02-11 01:33:22 查询号码 【1773016】，返回信息 {"status":"ok","msg":"安徽-淮南","gid":"278018","time_insert":"2021-07-14 22:44"}
2024-02-11 01:33:22 查询号码 【1773016】，GSD为【"安徽-淮南"】

2024-02-11 01:33:23 开始第 3104 次操作

2024-02-11 01:33:23 开始操作号码 【1773017】
2024-02-11 01:33:27 GSD getOne 第 1 次 等待 3 秒
2024-02-11 01:33:30 查询号码 【1773017】，返回信息 {"status":"ok","msg":"安徽-淮南","gid":"30615","time_insert":"2018-11-30 08:40","time_update":"2020-08-07 13:51"}
2024-02-11 01:33:30 查询号码 【1773017】，GSD为【"安徽-淮南"】

