2023-11-05 00:09:52 开始第 7077 次操作

2023-11-05 00:09:52 开始操作号码 【1986990】
2023-11-05 00:09:59 GSD getOne 第 1 次 等待 3 秒
2023-11-05 00:10:02 查询号码 【1986990】，返回信息 {"status":"ok","msg":"云南-德宏","gid":"491798","time_insert":"2021-08-03 18:19"}
2023-11-05 00:10:02 查询号码 【1986990】，GSD为【"云南-德宏"】

2023-11-05 00:10:03 开始第 7078 次操作

2023-11-05 00:10:03 开始操作号码 【1986991】
2023-11-05 00:10:07 GSD getOne 第 1 次 等待 3 秒
2023-11-05 00:10:10 查询号码 【1986991】，返回信息 {"status":"ok","msg":"云南-德宏","gid":"491792","time_insert":"2021-08-03 18:18"}
2023-11-05 00:10:10 查询号码 【1986991】，GSD为【"云南-德宏"】

2023-11-05 00:10:11 开始第 7079 次操作

2023-11-05 00:10:11 开始操作号码 【1986992】
2023-11-05 00:10:14 GSD getOne 第 1 次 等待 3 秒
2023-11-05 00:10:17 查询号码 【1986992】，返回信息 {"status":"ok","msg":"云南-德宏","gid":"491785","time_insert":"2021-08-03 18:18"}
2023-11-05 00:10:17 查询号码 【1986992】，GSD为【"云南-德宏"】

2023-11-05 00:10:18 开始第 7080 次操作

2023-11-05 00:10:18 开始操作号码 【1986993】
2023-11-05 00:10:24 GSD getOne 第 1 次 等待 3 秒
2023-11-05 00:10:27 查询号码 【1986993】，返回信息 {"status":"ok","msg":"云南-大理","gid":"491779","time_insert":"2021-08-03 18:17"}
2023-11-05 00:10:27 查询号码 【1986993】，GSD为【"云南-大理"】

2023-11-05 00:35:11 开始第 7081 次操作

2023-11-05 00:35:11 开始操作号码 【1986994】
2023-11-05 00:35:15 GSD getOne 第 1 次 等待 3 秒
2023-11-05 00:35:18 查询号码 【1986994】，返回信息 {"status":"ok","msg":"云南-大理","gid":"491772","time_insert":"2021-08-03 18:16"}
2023-11-05 00:35:18 查询号码 【1986994】，GSD为【"云南-大理"】

2023-11-05 00:35:19 开始第 7082 次操作

2023-11-05 00:35:19 开始操作号码 【1986995】
2023-11-05 00:35:24 GSD getOne 第 1 次 等待 3 秒
2023-11-05 00:35:27 查询号码 【1986995】，返回信息 {"status":"ok","msg":"云南-大理","gid":"491765","time_insert":"2021-08-03 18:15"}
2023-11-05 00:35:27 查询号码 【1986995】，GSD为【"云南-大理"】

2023-11-05 00:35:28 开始第 7083 次操作

2023-11-05 00:35:28 开始操作号码 【1986996】
2023-11-05 00:35:32 GSD getOne 第 1 次 等待 3 秒
2023-11-05 00:35:35 查询号码 【1986996】，返回信息 {"status":"ok","msg":"云南-大理","gid":"491758","time_insert":"2021-08-03 18:15"}
2023-11-05 00:35:35 查询号码 【1986996】，GSD为【"云南-大理"】

2023-11-05 00:35:36 开始第 7084 次操作

2023-11-05 00:35:36 开始操作号码 【1986997】
2023-11-05 00:35:44 GSD getOne 第 1 次 等待 3 秒
2023-11-05 00:35:47 查询号码 【1986997】，返回信息 {"status":"ok","msg":"云南-大理","gid":"491756","time_insert":"2021-08-03 18:14"}
2023-11-05 00:35:47 查询号码 【1986997】，GSD为【"云南-大理"】

