2024-05-08 00:10:33 开始第 7921 次操作

2024-05-08 00:10:33 开始操作号码 【1667835】
2024-05-08 00:10:43 GSD getOne 第 1 次 等待 3 秒
2024-05-08 00:10:46 查询号码 【1667835】，返回信息 {"status":"ok","msg":"山东-枣庄","gid":"185968","time_insert":"2021-07-04 01:29"}
2024-05-08 00:10:46 查询号码 【1667835】，GSD为【"山东-枣庄"】

2024-05-08 00:10:47 开始第 7922 次操作

2024-05-08 00:10:47 开始操作号码 【1667836】
2024-05-08 00:10:51 GSD getOne 第 1 次 等待 3 秒
2024-05-08 00:10:54 查询号码 【1667836】，返回信息 {"status":"ok","msg":"山东-枣庄","gid":"185972","time_insert":"2021-07-04 01:31"}
2024-05-08 00:10:54 查询号码 【1667836】，GSD为【"山东-枣庄"】

2024-05-08 00:10:55 开始第 7923 次操作

2024-05-08 00:10:55 开始操作号码 【1667837】
2024-05-08 00:11:02 GSD getOne 第 1 次 等待 3 秒
2024-05-08 00:11:05 查询号码 【1667837】，返回信息 {"status":"ok","msg":"山东-枣庄","gid":"185975","time_insert":"2021-07-04 01:31"}
2024-05-08 00:11:05 查询号码 【1667837】，GSD为【"山东-枣庄"】

2024-05-08 00:11:06 开始第 7924 次操作

2024-05-08 00:11:06 开始操作号码 【1667838】
2024-05-08 00:11:11 GSD getOne 第 1 次 等待 3 秒
2024-05-08 00:11:14 查询号码 【1667838】，返回信息 {"status":"ok","msg":"山东-枣庄","gid":"185978","time_insert":"2021-07-04 01:32"}
2024-05-08 00:11:14 查询号码 【1667838】，GSD为【"山东-枣庄"】

2024-05-08 00:36:38 开始第 7925 次操作

2024-05-08 00:36:38 开始操作号码 【1667839】
2024-05-08 00:36:47 GSD getOne 第 1 次 等待 3 秒
2024-05-08 00:36:50 查询号码 【1667839】，返回信息 {"status":"ok","msg":"山东-枣庄","gid":"185990","time_insert":"2021-07-04 01:33"}
2024-05-08 00:36:50 查询号码 【1667839】，GSD为【"山东-枣庄"】

2024-05-08 00:36:51 开始第 7926 次操作

2024-05-08 00:36:51 开始操作号码 【1667840】
2024-05-08 00:36:57 GSD getOne 第 1 次 等待 3 秒
2024-05-08 00:37:00 查询号码 【1667840】，返回信息 {"status":"ok","msg":"山东-青岛","gid":"186161","time_insert":"2021-07-04 01:44"}
2024-05-08 00:37:01 查询号码 【1667840】，GSD为【"山东-青岛"】

2024-05-08 00:37:02 开始第 7927 次操作

2024-05-08 00:37:02 开始操作号码 【1667841】
2024-05-08 00:37:09 GSD getOne 第 1 次 等待 3 秒
2024-05-08 00:37:12 查询号码 【1667841】，返回信息 {"status":"ok","msg":"山东-青岛","gid":"186179","time_insert":"2021-07-04 01:45"}
2024-05-08 00:37:12 查询号码 【1667841】，GSD为【"山东-青岛"】

2024-05-08 00:37:13 开始第 7928 次操作

2024-05-08 00:37:13 开始操作号码 【1667842】
2024-05-08 00:37:20 GSD getOne 第 1 次 等待 3 秒
2024-05-08 00:37:23 查询号码 【1667842】，返回信息 {"status":"ok","msg":"山东-青岛","gid":"186190","time_insert":"2021-07-04 01:46"}
2024-05-08 00:37:23 查询号码 【1667842】，GSD为【"山东-青岛"】

