2024-08-22 00:13:10 开始第 469 次操作

2024-08-22 00:13:10 开始操作号码 【1440468】
2024-08-22 00:13:19 GSD getOne 第 1 次 等待 3 秒
2024-08-22 00:13:22 查询号码 【1440468】，返回信息 {"status":"ok","msg":"-","gid":"525688","time_insert":"2023-02-11 07:16"}
2024-08-22 00:13:22 查询号码 【1440468】，GSD为【"-"】
2024-08-22 00:13:22 ok && -
2024-08-22 00:13:24 CHB 1440468?1724256802 第 1 次 等待 3 秒
2024-08-22 00:13:27 CHB 1440468?1724256802 第 1 次 获取到号码【1440468】GSD
2024-08-22 00:13:28 未获取到号码【1440468】GSD，可能号码格式错误
2024-08-22 00:13:28 获取到号码【1440468】的GSD为【-】
2024-08-22 00:13:37 GSD insert 第 1 次 等待 3 秒
2024-08-22 00:13:40 {"status":"bad","gid":"525688","msg":"添加失败！号码【1440468(-|-)】已存在！"}
2024-08-22 00:13:40 随机等待 89 秒，约 1 分钟
2024-08-22 00:13:40 下次操作: 2024-08-22 00:15:09

2024-08-22 00:15:09 开始第 470 次操作

2024-08-22 00:15:09 开始操作号码 【1440469】
2024-08-22 00:15:17 GSD getOne 第 1 次 等待 3 秒
2024-08-22 00:15:20 查询号码 【1440469】，返回信息 {"status":"ok","msg":"-","gid":"525701","time_insert":"2023-02-11 07:29"}
2024-08-22 00:15:20 查询号码 【1440469】，GSD为【"-"】
2024-08-22 00:15:20 ok && -
2024-08-22 00:15:23 CHB 1440469?1724256920 第 1 次 等待 3 秒
2024-08-22 00:15:26 CHB 1440469?1724256920 第 1 次 获取到号码【1440469】GSD
2024-08-22 00:15:26 未获取到号码【1440469】GSD，可能号码格式错误
2024-08-22 00:15:26 获取到号码【1440469】的GSD为【-】
2024-08-22 00:15:35 GSD insert 第 1 次 等待 3 秒
2024-08-22 00:15:38 {"status":"bad","gid":"525701","msg":"添加失败！号码【1440469(-|-)】已存在！"}
2024-08-22 00:15:38 随机等待 220 秒，约 3 分钟
2024-08-22 00:15:38 下次操作: 2024-08-22 00:19:18

2024-08-22 00:19:18 开始第 471 次操作

2024-08-22 00:19:18 开始操作号码 【1440470】
2024-08-22 00:19:26 GSD getOne 第 1 次 等待 3 秒
2024-08-22 00:19:29 查询号码 【1440470】，返回信息 {"status":"ok","msg":"-","gid":"525717","time_insert":"2023-02-11 07:43"}
2024-08-22 00:19:29 查询号码 【1440470】，GSD为【"-"】
2024-08-22 00:19:29 ok && -
2024-08-22 00:19:31 CHB 1440470?1724257169 第 1 次 等待 3 秒
2024-08-22 00:19:34 CHB 1440470?1724257169 第 1 次 获取到号码【1440470】GSD
2024-08-22 00:19:34 未获取到号码【1440470】GSD，可能号码格式错误
2024-08-22 00:19:34 获取到号码【1440470】的GSD为【-】
2024-08-22 00:19:43 GSD insert 第 1 次 等待 3 秒
2024-08-22 00:19:46 {"status":"bad","gid":"525717","msg":"添加失败！号码【1440470(-|-)】已存在！"}
2024-08-22 00:19:46 随机等待 185 秒，约 3 分钟
2024-08-22 00:19:46 下次操作: 2024-08-22 00:22:51

2024-08-22 00:22:51 开始第 472 次操作

2024-08-22 00:22:51 开始操作号码 【1440471】
2024-08-22 00:22:58 GSD getOne 第 1 次 等待 3 秒
2024-08-22 00:23:01 查询号码 【1440471】，返回信息 {"status":"ok","msg":"-","gid":"525731","time_insert":"2023-02-11 07:57"}
2024-08-22 00:23:01 查询号码 【1440471】，GSD为【"-"】
2024-08-22 00:23:01 ok && -
2024-08-22 00:23:04 CHB 1440471?1724257381 第 1 次 等待 3 秒
2024-08-22 00:23:07 CHB 1440471?1724257381 第 1 次 获取到号码【1440471】GSD
2024-08-22 00:23:07 未获取到号码【1440471】GSD，可能号码格式错误
2024-08-22 00:23:07 获取到号码【1440471】的GSD为【-】
2024-08-22 00:23:14 GSD insert 第 1 次 等待 3 秒
2024-08-22 00:23:17 {"status":"bad","gid":"525731","msg":"添加失败！号码【1440471(-|-)】已存在！"}

