2024-04-25 00:10:57 开始第 5529 次操作

2024-04-25 00:10:57 开始操作号码 【1665443】
2024-04-25 00:11:05 GSD getOne 第 1 次 等待 3 秒
2024-04-25 00:11:08 查询号码 【1665443】，返回信息 {"status":"ok","msg":"北京-北京","gid":"159998","time_insert":"2021-06-30 10:59","time_update":"2021-09-17 20:37"}
2024-04-25 00:11:08 查询号码 【1665443】，GSD为【"北京-北京"】

2024-04-25 00:11:09 开始第 5530 次操作

2024-04-25 00:11:09 开始操作号码 【1665444】
2024-04-25 00:11:18 GSD getOne 第 1 次 等待 3 秒
2024-04-25 00:11:21 查询号码 【1665444】，返回信息 {"status":"ok","msg":"北京-北京","gid":"160005","time_insert":"2021-06-30 10:59","time_update":"2021-09-17 20:38"}
2024-04-25 00:11:21 查询号码 【1665444】，GSD为【"北京-北京"】

2024-04-25 00:11:22 开始第 5531 次操作

2024-04-25 00:11:22 开始操作号码 【1665445】
2024-04-25 00:11:30 GSD getOne 第 1 次 等待 3 秒
2024-04-25 00:11:33 查询号码 【1665445】，返回信息 {"status":"ok","msg":"北京-北京","gid":"160008","time_insert":"2021-06-30 10:59","time_update":"2021-09-17 20:39"}
2024-04-25 00:11:33 查询号码 【1665445】，GSD为【"北京-北京"】

2024-04-25 00:11:34 开始第 5532 次操作

2024-04-25 00:11:34 开始操作号码 【1665446】
2024-04-25 00:11:39 GSD getOne 第 1 次 等待 3 秒
2024-04-25 00:11:42 查询号码 【1665446】，返回信息 {"status":"ok","msg":"北京-北京","gid":"160017","time_insert":"2021-06-30 11:00","time_update":"2021-09-17 20:40"}
2024-04-25 00:11:42 查询号码 【1665446】，GSD为【"北京-北京"】

2024-04-25 00:35:43 开始第 5533 次操作

2024-04-25 00:35:43 开始操作号码 【1665447】
2024-04-25 00:35:49 GSD getOne 第 1 次 等待 3 秒
2024-04-25 00:35:52 查询号码 【1665447】，返回信息 {"status":"ok","msg":"北京-北京","gid":"160026","time_insert":"2021-06-30 11:00","time_update":"2021-09-17 20:41"}
2024-04-25 00:35:52 查询号码 【1665447】，GSD为【"北京-北京"】

2024-04-25 00:35:53 开始第 5534 次操作

2024-04-25 00:35:53 开始操作号码 【1665448】
2024-04-25 00:35:59 GSD getOne 第 1 次 等待 3 秒
2024-04-25 00:36:02 查询号码 【1665448】，返回信息 {"status":"ok","msg":"北京-北京","gid":"160034","time_insert":"2021-06-30 11:01","time_update":"2021-09-17 20:42"}
2024-04-25 00:36:02 查询号码 【1665448】，GSD为【"北京-北京"】

2024-04-25 00:36:03 开始第 5535 次操作

2024-04-25 00:36:03 开始操作号码 【1665449】
2024-04-25 00:36:10 GSD getOne 第 1 次 等待 3 秒
2024-04-25 00:36:13 查询号码 【1665449】，返回信息 {"status":"ok","msg":"北京-北京","gid":"160040","time_insert":"2021-06-30 11:01","time_update":"2021-09-17 20:43"}
2024-04-25 00:36:13 查询号码 【1665449】，GSD为【"北京-北京"】

2024-04-25 00:36:14 开始第 5536 次操作

2024-04-25 00:36:14 开始操作号码 【1665450】
2024-04-25 00:36:18 GSD getOne 第 1 次 等待 3 秒
2024-04-25 00:36:21 查询号码 【1665450】，返回信息 {"status":"ok","msg":"山西-大同","gid":"160043","time_insert":"2021-06-30 11:02"}
2024-04-25 00:36:22 查询号码 【1665450】，GSD为【"山西-大同"】

