2024-08-20 00:12:01 开始第 109 次操作

2024-08-20 00:12:01 开始操作号码 【1440108】
2024-08-20 00:12:10 GSD getOne 第 1 次 等待 3 秒
2024-08-20 00:12:13 查询号码 【1440108】，返回信息 {"status":"ok","msg":"-","gid":"520667","time_insert":"2023-02-07 15:54"}
2024-08-20 00:12:13 查询号码 【1440108】，GSD为【"-"】
2024-08-20 00:12:13 ok && -
2024-08-20 00:12:15 CHB 1440108?1724083933 第 1 次 等待 3 秒
2024-08-20 00:12:18 CHB 1440108?1724083933 第 1 次 获取到号码【1440108】GSD
2024-08-20 00:12:18 未获取到号码【1440108】GSD，可能号码格式错误
2024-08-20 00:12:18 获取到号码【1440108】的GSD为【-】
2024-08-20 00:12:26 GSD insert 第 1 次 等待 3 秒
2024-08-20 00:12:29 {"status":"bad","gid":"520667","msg":"添加失败！号码【1440108(-|-)】已存在！"}
2024-08-20 00:12:29 随机等待 137 秒，约 2 分钟
2024-08-20 00:12:29 下次操作: 2024-08-20 00:14:46

2024-08-20 00:14:46 开始第 110 次操作

2024-08-20 00:14:46 开始操作号码 【1440109】
2024-08-20 00:14:54 GSD getOne 第 1 次 等待 3 秒
2024-08-20 00:14:57 查询号码 【1440109】，返回信息 {"status":"ok","msg":"-","gid":"520673","time_insert":"2023-02-07 16:07"}
2024-08-20 00:14:57 查询号码 【1440109】，GSD为【"-"】
2024-08-20 00:14:57 ok && -
2024-08-20 00:14:59 CHB 1440109?1724084097 第 1 次 等待 3 秒
2024-08-20 00:15:02 CHB 1440109?1724084097 第 1 次 获取到号码【1440109】GSD
2024-08-20 00:15:02 未获取到号码【1440109】GSD，可能号码格式错误
2024-08-20 00:15:02 获取到号码【1440109】的GSD为【-】
2024-08-20 00:15:10 GSD insert 第 1 次 等待 3 秒
2024-08-20 00:15:13 {"status":"bad","gid":"520673","msg":"添加失败！号码【1440109(-|-)】已存在！"}
2024-08-20 00:15:13 随机等待 189 秒，约 3 分钟
2024-08-20 00:15:13 下次操作: 2024-08-20 00:18:22

2024-08-20 00:18:22 开始第 111 次操作

2024-08-20 00:18:22 开始操作号码 【1440110】
2024-08-20 00:18:29 GSD getOne 第 1 次 等待 3 秒
2024-08-20 00:18:32 查询号码 【1440110】，返回信息 {"status":"ok","msg":"-","gid":"520680","time_insert":"2023-02-07 16:19"}
2024-08-20 00:18:33 查询号码 【1440110】，GSD为【"-"】
2024-08-20 00:18:33 ok && -
2024-08-20 00:18:35 CHB 1440110?1724084313 第 1 次 等待 3 秒
2024-08-20 00:18:38 CHB 1440110?1724084313 第 1 次 获取到号码【1440110】GSD
2024-08-20 00:18:38 未获取到号码【1440110】GSD，可能号码格式错误
2024-08-20 00:18:38 获取到号码【1440110】的GSD为【-】
2024-08-20 00:18:46 GSD insert 第 1 次 等待 3 秒
2024-08-20 00:18:49 {"status":"bad","gid":"520680","msg":"添加失败！号码【1440110(-|-)】已存在！"}
2024-08-20 00:18:49 随机等待 178 秒，约 2 分钟
2024-08-20 00:18:49 下次操作: 2024-08-20 00:21:47

2024-08-20 00:21:47 开始第 112 次操作

2024-08-20 00:21:47 开始操作号码 【1440111】
2024-08-20 00:21:54 GSD getOne 第 1 次 等待 3 秒
2024-08-20 00:21:57 查询号码 【1440111】，返回信息 {"status":"ok","msg":"-","gid":"520687","time_insert":"2023-02-07 16:33"}
2024-08-20 00:21:57 查询号码 【1440111】，GSD为【"-"】
2024-08-20 00:21:57 ok && -
2024-08-20 00:22:00 CHB 1440111?1724084517 第 1 次 等待 3 秒
2024-08-20 00:22:03 CHB 1440111?1724084517 第 1 次 获取到号码【1440111】GSD
2024-08-20 00:22:03 未获取到号码【1440111】GSD，可能号码格式错误
2024-08-20 00:22:03 获取到号码【1440111】的GSD为【-】
2024-08-20 00:22:11 GSD insert 第 1 次 等待 3 秒
2024-08-20 00:22:14 {"status":"bad","gid":"520687","msg":"添加失败！号码【1440111(-|-)】已存在！"}

2024-08-20 00:38:27 开始第 113 次操作

2024-08-20 00:38:27 开始操作号码 【1440112】
2024-08-20 00:38:36 GSD getOne 第 1 次 等待 3 秒
2024-08-20 00:38:39 查询号码 【1440112】，返回信息 {"status":"ok","msg":"-","gid":"520693","time_insert":"2023-02-07 16:48"}
2024-08-20 00:38:39 查询号码 【1440112】，GSD为【"-"】
2024-08-20 00:38:39 ok && -
2024-08-20 00:38:40 CHB 1440112?1724085519 第 1 次 等待 3 秒
2024-08-20 00:38:43 CHB 1440112?1724085519 第 1 次 获取到号码【1440112】GSD
2024-08-20 00:38:43 未获取到号码【1440112】GSD，可能号码格式错误
2024-08-20 00:38:43 获取到号码【1440112】的GSD为【-】
2024-08-20 00:38:51 GSD insert 第 1 次 等待 3 秒
2024-08-20 00:38:54 {"status":"bad","gid":"520693","msg":"添加失败！号码【1440112(-|-)】已存在！"}
2024-08-20 00:38:54 随机等待 111 秒，约 1 分钟
2024-08-20 00:38:54 下次操作: 2024-08-20 00:40:45

2024-08-20 00:40:45 开始第 114 次操作

2024-08-20 00:40:45 开始操作号码 【1440113】
2024-08-20 00:40:55 GSD getOne 第 1 次 等待 3 秒
2024-08-20 00:40:58 查询号码 【1440113】，返回信息 {"status":"ok","msg":"-","gid":"520700","time_insert":"2023-02-07 17:02"}
2024-08-20 00:40:58 查询号码 【1440113】，GSD为【"-"】
2024-08-20 00:40:58 ok && -
2024-08-20 00:41:01 CHB 1440113?1724085658 第 1 次 等待 3 秒
2024-08-20 00:41:04 CHB 1440113?1724085658 第 1 次 获取到号码【1440113】GSD
2024-08-20 00:41:04 未获取到号码【1440113】GSD，可能号码格式错误
2024-08-20 00:41:04 获取到号码【1440113】的GSD为【-】
2024-08-20 00:41:12 GSD insert 第 1 次 等待 3 秒
2024-08-20 00:41:15 {"status":"bad","gid":"520700","msg":"添加失败！号码【1440113(-|-)】已存在！"}
2024-08-20 00:41:15 随机等待 183 秒，约 3 分钟
2024-08-20 00:41:15 下次操作: 2024-08-20 00:44:18

2024-08-20 00:44:18 开始第 115 次操作

2024-08-20 00:44:18 开始操作号码 【1440114】
2024-08-20 00:44:26 GSD getOne 第 1 次 等待 3 秒
2024-08-20 00:44:29 查询号码 【1440114】，返回信息 {"status":"ok","msg":"-","gid":"520706","time_insert":"2023-02-07 17:17"}
2024-08-20 00:44:29 查询号码 【1440114】，GSD为【"-"】
2024-08-20 00:44:29 ok && -
2024-08-20 00:44:31 CHB 1440114?1724085869 第 1 次 等待 3 秒
2024-08-20 00:44:34 CHB 1440114?1724085869 第 1 次 获取到号码【1440114】GSD
2024-08-20 00:44:34 未获取到号码【1440114】GSD，可能号码格式错误
2024-08-20 00:44:34 获取到号码【1440114】的GSD为【-】
2024-08-20 00:44:43 GSD insert 第 1 次 等待 3 秒
2024-08-20 00:44:46 {"status":"bad","gid":"520706","msg":"添加失败！号码【1440114(-|-)】已存在！"}
2024-08-20 00:44:46 随机等待 78 秒，约 1 分钟
2024-08-20 00:44:46 下次操作: 2024-08-20 00:46:04

2024-08-20 00:46:04 开始第 116 次操作

2024-08-20 00:46:04 开始操作号码 【1440115】
2024-08-20 00:46:11 GSD getOne 第 1 次 等待 3 秒
2024-08-20 00:46:14 查询号码 【1440115】，返回信息 {"status":"ok","msg":"-","gid":"520715","time_insert":"2023-02-07 17:29"}
2024-08-20 00:46:14 查询号码 【1440115】，GSD为【"-"】
2024-08-20 00:46:14 ok && -
2024-08-20 00:46:16 CHB 1440115?1724085974 第 1 次 等待 3 秒
2024-08-20 00:46:19 CHB 1440115?1724085974 第 1 次 获取到号码【1440115】GSD
2024-08-20 00:46:19 未获取到号码【1440115】GSD，可能号码格式错误
2024-08-20 00:46:19 获取到号码【1440115】的GSD为【-】
2024-08-20 00:46:30 GSD insert 第 1 次 等待 3 秒
2024-08-20 00:46:33 {"status":"bad","gid":"520715","msg":"添加失败！号码【1440115(-|-)】已存在！"}

2024-08-20 01:10:38 开始第 117 次操作

2024-08-20 01:10:38 开始操作号码 【1440116】
2024-08-20 01:10:54 GSD getOne 第 1 次 等待 3 秒
2024-08-20 01:10:57 查询号码 【1440116】，返回信息 {"status":"ok","msg":"-","gid":"520725","time_insert":"2023-02-07 17:42"}
2024-08-20 01:10:57 查询号码 【1440116】，GSD为【"-"】
2024-08-20 01:10:57 ok && -
2024-08-20 01:12:33 CHB 1440116?1724087457 第 1 次 等待 3 秒
2024-08-20 01:12:36 CHB 1440116?1724087457 第 1 次 获取到号码【1440116】GSD
2024-08-20 01:12:36 未获取到号码【1440116】GSD，可能号码格式错误
2024-08-20 01:12:36 获取到号码【1440116】的GSD为【-】
2024-08-20 01:12:45 GSD insert 第 1 次 等待 3 秒
2024-08-20 01:12:48 {"status":"bad","gid":"520725","msg":"添加失败！号码【1440116(-|-)】已存在！"}
2024-08-20 01:12:49 随机等待 86 秒，约 1 分钟
2024-08-20 01:12:49 下次操作: 2024-08-20 01:14:15

2024-08-20 01:14:15 开始第 118 次操作

2024-08-20 01:14:15 开始操作号码 【1440117】
2024-08-20 01:14:22 GSD getOne 第 1 次 等待 3 秒
2024-08-20 01:14:25 查询号码 【1440117】，返回信息 {"status":"ok","msg":"-","gid":"520735","time_insert":"2023-02-07 17:56"}
2024-08-20 01:14:25 查询号码 【1440117】，GSD为【"-"】
2024-08-20 01:14:25 ok && -
2024-08-20 01:14:28 CHB 1440117?1724087665 第 1 次 等待 3 秒
2024-08-20 01:14:31 CHB 1440117?1724087665 第 1 次 获取到号码【1440117】GSD
2024-08-20 01:14:31 未获取到号码【1440117】GSD，可能号码格式错误
2024-08-20 01:14:31 获取到号码【1440117】的GSD为【-】
2024-08-20 01:14:39 GSD insert 第 1 次 等待 3 秒
2024-08-20 01:14:42 {"status":"bad","gid":"520735","msg":"添加失败！号码【1440117(-|-)】已存在！"}
2024-08-20 01:14:42 随机等待 204 秒，约 3 分钟
2024-08-20 01:14:42 下次操作: 2024-08-20 01:18:06

2024-08-20 01:18:06 开始第 119 次操作

2024-08-20 01:18:06 开始操作号码 【1440118】
2024-08-20 01:18:17 GSD getOne 第 1 次 等待 3 秒
2024-08-20 01:18:20 查询号码 【1440118】，返回信息 {"status":"ok","msg":"-","gid":"520744","time_insert":"2023-02-07 18:08"}
2024-08-20 01:18:20 查询号码 【1440118】，GSD为【"-"】
2024-08-20 01:18:20 ok && -
2024-08-20 01:18:23 CHB 1440118?1724087900 第 1 次 等待 3 秒
2024-08-20 01:18:26 CHB 1440118?1724087900 第 1 次 获取到号码【1440118】GSD
2024-08-20 01:18:26 未获取到号码【1440118】GSD，可能号码格式错误
2024-08-20 01:18:26 获取到号码【1440118】的GSD为【-】
2024-08-20 01:18:33 GSD insert 第 1 次 等待 3 秒
2024-08-20 01:18:36 {"status":"bad","gid":"520744","msg":"添加失败！号码【1440118(-|-)】已存在！"}
2024-08-20 01:18:36 随机等待 147 秒，约 2 分钟
2024-08-20 01:18:36 下次操作: 2024-08-20 01:21:03

2024-08-20 01:21:03 开始第 120 次操作

2024-08-20 01:21:03 开始操作号码 【1440119】
2024-08-20 01:21:14 GSD getOne 第 1 次 等待 3 秒
2024-08-20 01:21:17 查询号码 【1440119】，返回信息 {"status":"ok","msg":"-","gid":"520757","time_insert":"2023-02-07 18:22"}
2024-08-20 01:21:17 查询号码 【1440119】，GSD为【"-"】
2024-08-20 01:21:17 ok && -
2024-08-20 01:21:19 CHB 1440119?1724088077 第 1 次 等待 3 秒
2024-08-20 01:21:22 CHB 1440119?1724088077 第 1 次 获取到号码【1440119】GSD
2024-08-20 01:21:22 未获取到号码【1440119】GSD，可能号码格式错误
2024-08-20 01:21:22 获取到号码【1440119】的GSD为【-】
2024-08-20 01:21:30 GSD insert 第 1 次 等待 3 秒
2024-08-20 01:21:33 {"status":"bad","gid":"520757","msg":"添加失败！号码【1440119(-|-)】已存在！"}

