2023-11-07 00:11:44 开始第 7445 次操作

2023-11-07 00:11:44 开始操作号码 【1987358】
2023-11-07 00:11:48 GSD getOne 第 1 次 等待 3 秒
2023-11-07 00:11:51 查询号码 【1987358】，返回信息 {"status":"ok","msg":"湖南-郴州","gid":"488096","time_insert":"2021-08-03 07:38"}
2023-11-07 00:11:51 查询号码 【1987358】，GSD为【"湖南-郴州"】

2023-11-07 00:11:52 开始第 7446 次操作

2023-11-07 00:11:52 开始操作号码 【1987359】
2023-11-07 00:11:55 GSD getOne 第 1 次 等待 3 秒
2023-11-07 00:11:58 查询号码 【1987359】，返回信息 {"status":"ok","msg":"湖南-郴州","gid":"488090","time_insert":"2021-08-03 07:38"}
2023-11-07 00:11:59 查询号码 【1987359】，GSD为【"湖南-郴州"】

2023-11-07 00:12:00 开始第 7447 次操作

2023-11-07 00:12:00 开始操作号码 【1987360】
2023-11-07 00:12:03 GSD getOne 第 1 次 等待 3 秒
2023-11-07 00:12:06 查询号码 【1987360】，返回信息 {"status":"ok","msg":"湖南-常德","gid":"487989","time_insert":"2021-08-03 07:04"}
2023-11-07 00:12:06 查询号码 【1987360】，GSD为【"湖南-常德"】

2023-11-07 00:12:07 开始第 7448 次操作

2023-11-07 00:12:07 开始操作号码 【1987361】
2023-11-07 00:12:11 GSD getOne 第 1 次 等待 3 秒
2023-11-07 00:12:14 查询号码 【1987361】，返回信息 {"status":"ok","msg":"湖南-常德","gid":"487980","time_insert":"2021-08-03 07:03"}
2023-11-07 00:12:14 查询号码 【1987361】，GSD为【"湖南-常德"】

