2023-12-18 00:10:21 开始第 3865 次操作

2023-12-18 00:10:21 开始操作号码 【1883778】
2023-12-18 00:10:25 GSD getOne 第 1 次 等待 3 秒
2023-12-18 00:10:28 查询号码 【1883778】，返回信息 {"status":"ok","msg":"河南-南阳","gid":"476723","time_insert":"2021-08-02 07:03"}
2023-12-18 00:10:28 查询号码 【1883778】，GSD为【"河南-南阳"】

2023-12-18 00:10:29 开始第 3866 次操作

2023-12-18 00:10:29 开始操作号码 【1883779】
2023-12-18 00:10:34 GSD getOne 第 1 次 等待 3 秒
2023-12-18 00:10:37 查询号码 【1883779】，返回信息 {"status":"ok","msg":"河南-南阳","gid":"476717","time_insert":"2021-08-02 07:02"}
2023-12-18 00:10:37 查询号码 【1883779】，GSD为【"河南-南阳"】

2023-12-18 00:10:39 开始第 3867 次操作

2023-12-18 00:10:39 开始操作号码 【1883780】
2023-12-18 00:10:43 GSD getOne 第 1 次 等待 3 秒
2023-12-18 00:10:46 查询号码 【1883780】，返回信息 {"status":"ok","msg":"河南-开封","gid":"476707","time_insert":"2021-08-02 07:02"}
2023-12-18 00:10:46 查询号码 【1883780】，GSD为【"河南-开封"】

2023-12-18 00:10:47 开始第 3868 次操作

2023-12-18 00:10:47 开始操作号码 【1883781】
2023-12-18 00:10:52 GSD getOne 第 1 次 等待 3 秒
2023-12-18 00:10:55 查询号码 【1883781】，返回信息 {"status":"ok","msg":"河南-开封","gid":"56145","time_insert":"2020-01-05 19:53"}
2023-12-18 00:10:55 查询号码 【1883781】，GSD为【"河南-开封"】

