2024-04-21 00:10:50 开始第 4793 次操作

2024-04-21 00:10:50 开始操作号码 【1664707】
2024-04-21 00:11:25 GSD getOne 第 1 次 等待 3 秒
2024-04-21 00:11:28 查询号码 【1664707】，返回信息 {"status":"ok","msg":"内蒙古-呼伦贝尔","gid":"151712","time_insert":"2021-06-29 06:43"}
2024-04-21 00:11:28 查询号码 【1664707】，GSD为【"内蒙古-呼伦贝尔"】

2024-04-21 00:11:29 开始第 4794 次操作

2024-04-21 00:11:29 开始操作号码 【1664708】
2024-04-21 00:11:39 GSD getOne 第 1 次 等待 3 秒
2024-04-21 00:11:42 查询号码 【1664708】，返回信息 {"status":"ok","msg":"内蒙古-呼伦贝尔","gid":"151722","time_insert":"2021-06-29 06:44"}
2024-04-21 00:11:42 查询号码 【1664708】，GSD为【"内蒙古-呼伦贝尔"】

2024-04-21 00:11:43 开始第 4795 次操作

2024-04-21 00:11:43 开始操作号码 【1664709】
2024-04-21 00:12:28 GSD getOne 第 1 次 等待 3 秒
2024-04-21 00:12:31 查询号码 【1664709】，返回信息 {"status":"ok","msg":"内蒙古-呼伦贝尔","gid":"151733","time_insert":"2021-06-29 06:45"}
2024-04-21 00:12:31 查询号码 【1664709】，GSD为【"内蒙古-呼伦贝尔"】

2024-04-21 00:12:32 开始第 4796 次操作

2024-04-21 00:12:32 开始操作号码 【1664710】
2024-04-21 00:12:51 GSD getOne 第 1 次 等待 3 秒
2024-04-21 00:12:54 查询号码 【1664710】，返回信息 {"status":"ok","msg":"内蒙古-呼和浩特","gid":"151748","time_insert":"2021-06-29 06:46"}
2024-04-21 00:12:54 查询号码 【1664710】，GSD为【"内蒙古-呼和浩特"】

