2024-02-26 00:10:40 开始第 5849 次操作

2024-02-26 00:10:40 开始操作号码 【1775762】
2024-02-26 00:10:45 GSD getOne 第 1 次 等待 3 秒
2024-02-26 00:10:48 查询号码 【1775762】，返回信息 {"status":"ok","msg":"浙江-台州","gid":"247347","time_insert":"2021-07-11 10:52"}
2024-02-26 00:10:48 查询号码 【1775762】，GSD为【"浙江-台州"】

2024-02-26 00:10:49 开始第 5850 次操作

2024-02-26 00:10:49 开始操作号码 【1775763】
2024-02-26 00:10:53 GSD getOne 第 1 次 等待 3 秒
2024-02-26 00:10:56 查询号码 【1775763】，返回信息 {"status":"ok","msg":"浙江-台州","gid":"247341","time_insert":"2021-07-11 10:52"}
2024-02-26 00:10:56 查询号码 【1775763】，GSD为【"浙江-台州"】

2024-02-26 00:10:57 开始第 5851 次操作

2024-02-26 00:10:57 开始操作号码 【1775764】
2024-02-26 00:11:02 GSD getOne 第 1 次 等待 3 秒
2024-02-26 00:11:05 查询号码 【1775764】，返回信息 {"status":"ok","msg":"浙江-台州","gid":"247334","time_insert":"2021-07-11 10:51"}
2024-02-26 00:11:05 查询号码 【1775764】，GSD为【"浙江-台州"】

2024-02-26 00:11:06 开始第 5852 次操作

2024-02-26 00:11:06 开始操作号码 【1775765】
2024-02-26 00:11:11 GSD getOne 第 1 次 等待 3 秒
2024-02-26 00:11:14 查询号码 【1775765】，返回信息 {"status":"ok","msg":"浙江-台州","gid":"247332","time_insert":"2021-07-11 10:51"}
2024-02-26 00:11:14 查询号码 【1775765】，GSD为【"浙江-台州"】

