2024-02-21 00:10:58 开始第 4929 次操作

2024-02-21 00:10:58 开始操作号码 【1774842】
2024-02-21 00:11:06 GSD getOne 第 1 次 等待 3 秒
2024-02-21 00:11:09 查询号码 【1774842】，返回信息 {"status":"ok","msg":"四川-泸州","gid":"257981","time_insert":"2021-07-12 16:52"}
2024-02-21 00:11:09 查询号码 【1774842】，GSD为【"四川-泸州"】

2024-02-21 00:11:10 开始第 4930 次操作

2024-02-21 00:11:10 开始操作号码 【1774843】
2024-02-21 00:11:16 GSD getOne 第 1 次 等待 3 秒
2024-02-21 00:11:19 查询号码 【1774843】，返回信息 {"status":"ok","msg":"四川-乐山","gid":"257968","time_insert":"2021-07-12 16:51"}
2024-02-21 00:11:19 查询号码 【1774843】，GSD为【"四川-乐山"】

2024-02-21 00:11:20 开始第 4931 次操作

2024-02-21 00:11:20 开始操作号码 【1774844】
2024-02-21 00:11:26 GSD getOne 第 1 次 等待 3 秒
2024-02-21 00:11:29 查询号码 【1774844】，返回信息 {"status":"ok","msg":"四川-乐山","gid":"257954","time_insert":"2021-07-12 16:51"}
2024-02-21 00:11:29 查询号码 【1774844】，GSD为【"四川-乐山"】

2024-02-21 00:11:30 开始第 4932 次操作

2024-02-21 00:11:30 开始操作号码 【1774845】
2024-02-21 00:11:34 GSD getOne 第 1 次 等待 3 秒
2024-02-21 00:11:37 查询号码 【1774845】，返回信息 {"status":"ok","msg":"四川-绵阳","gid":"30800","time_insert":"2017-08-04 14:00","time_update":"2020-10-30 21:11"}
2024-02-21 00:11:37 查询号码 【1774845】，GSD为【"四川-绵阳"】

