2024-01-02 00:10:48 开始第 6613 次操作

2024-01-02 00:10:48 开始操作号码 【1886526】
2024-01-02 00:10:56 GSD getOne 第 1 次 等待 3 秒
2024-01-02 00:10:59 查询号码 【1886526】，返回信息 {"status":"ok","msg":"山东-聊城","gid":"445495","time_insert":"2021-07-30 15:11"}
2024-01-02 00:10:59 查询号码 【1886526】，GSD为【"山东-聊城"】

2024-01-02 00:11:00 开始第 6614 次操作

2024-01-02 00:11:00 开始操作号码 【1886527】
2024-01-02 00:11:03 GSD getOne 第 1 次 等待 3 秒
2024-01-02 00:11:06 查询号码 【1886527】，返回信息 {"status":"ok","msg":"山东-聊城","gid":"445487","time_insert":"2021-07-30 15:10"}
2024-01-02 00:11:06 查询号码 【1886527】，GSD为【"山东-聊城"】

2024-01-02 00:11:08 开始第 6615 次操作

2024-01-02 00:11:08 开始操作号码 【1886528】
2024-01-02 00:11:11 GSD getOne 第 1 次 等待 3 秒
2024-01-02 00:11:14 查询号码 【1886528】，返回信息 {"status":"ok","msg":"山东-聊城","gid":"445475","time_insert":"2021-07-30 15:10"}
2024-01-02 00:11:14 查询号码 【1886528】，GSD为【"山东-聊城"】

2024-01-02 00:11:15 开始第 6616 次操作

2024-01-02 00:11:15 开始操作号码 【1886529】
2024-01-02 00:11:18 GSD getOne 第 1 次 等待 3 秒
2024-01-02 00:11:21 查询号码 【1886529】，返回信息 {"status":"ok","msg":"山东-聊城","gid":"445460","time_insert":"2021-07-30 15:09"}
2024-01-02 00:11:21 查询号码 【1886529】，GSD为【"山东-聊城"】

2024-01-02 00:36:12 开始第 6617 次操作

2024-01-02 00:36:12 开始操作号码 【1886530】
2024-01-02 00:36:17 GSD getOne 第 1 次 等待 3 秒
2024-01-02 00:36:20 查询号码 【1886530】，返回信息 {"status":"ok","msg":"山东-菏泽","gid":"445446","time_insert":"2021-07-30 15:08"}
2024-01-02 00:36:20 查询号码 【1886530】，GSD为【"山东-菏泽"】

2024-01-02 00:36:21 开始第 6618 次操作

2024-01-02 00:36:21 开始操作号码 【1886531】
2024-01-02 00:36:25 GSD getOne 第 1 次 等待 3 秒
2024-01-02 00:36:28 查询号码 【1886531】，返回信息 {"status":"ok","msg":"山东-济南","gid":"445436","time_insert":"2021-07-30 15:07"}
2024-01-02 00:36:28 查询号码 【1886531】，GSD为【"山东-济南"】

2024-01-02 00:36:29 开始第 6619 次操作

2024-01-02 00:36:29 开始操作号码 【1886532】
2024-01-02 00:36:33 GSD getOne 第 1 次 等待 3 秒
2024-01-02 00:36:36 查询号码 【1886532】，返回信息 {"status":"ok","msg":"山东-青岛","gid":"445423","time_insert":"2021-07-30 15:07"}
2024-01-02 00:36:36 查询号码 【1886532】，GSD为【"山东-青岛"】

2024-01-02 00:36:37 开始第 6620 次操作

2024-01-02 00:36:37 开始操作号码 【1886533】
2024-01-02 00:36:41 GSD getOne 第 1 次 等待 3 秒
2024-01-02 00:36:44 查询号码 【1886533】，返回信息 {"status":"ok","msg":"山东-淄博","gid":"445413","time_insert":"2021-07-30 15:06"}
2024-01-02 00:36:44 查询号码 【1886533】，GSD为【"山东-淄博"】

2024-01-02 01:08:10 开始第 6621 次操作

2024-01-02 01:08:10 开始操作号码 【1886534】
2024-01-02 01:08:13 GSD getOne 第 1 次 等待 3 秒
2024-01-02 01:08:16 查询号码 【1886534】，返回信息 {"status":"ok","msg":"山东-德州","gid":"445405","time_insert":"2021-07-30 15:05"}
2024-01-02 01:08:17 查询号码 【1886534】，GSD为【"山东-德州"】

2024-01-02 01:08:18 开始第 6622 次操作

2024-01-02 01:08:18 开始操作号码 【1886535】
2024-01-02 01:08:22 GSD getOne 第 1 次 等待 3 秒
2024-01-02 01:08:25 查询号码 【1886535】，返回信息 {"status":"ok","msg":"山东-烟台","gid":"445396","time_insert":"2021-07-30 15:05"}
2024-01-02 01:08:25 查询号码 【1886535】，GSD为【"山东-烟台"】

2024-01-02 01:08:26 开始第 6623 次操作

2024-01-02 01:08:26 开始操作号码 【1886536】
2024-01-02 01:08:29 GSD getOne 第 1 次 等待 3 秒
2024-01-02 01:08:32 查询号码 【1886536】，返回信息 {"status":"ok","msg":"山东-潍坊","gid":"445385","time_insert":"2021-07-30 15:04"}
2024-01-02 01:08:32 查询号码 【1886536】，GSD为【"山东-潍坊"】

2024-01-02 01:08:33 开始第 6624 次操作

2024-01-02 01:08:33 开始操作号码 【1886537】
2024-01-02 01:08:36 GSD getOne 第 1 次 等待 3 秒
2024-01-02 01:08:39 查询号码 【1886537】，返回信息 {"status":"ok","msg":"山东-济宁","gid":"445376","time_insert":"2021-07-30 15:04"}
2024-01-02 01:08:39 查询号码 【1886537】，GSD为【"山东-济宁"】

2024-01-02 01:33:07 开始第 6625 次操作

2024-01-02 01:33:07 开始操作号码 【1886538】
2024-01-02 01:33:11 GSD getOne 第 1 次 等待 3 秒
2024-01-02 01:33:14 查询号码 【1886538】，返回信息 {"status":"ok","msg":"山东-泰安","gid":"445364","time_insert":"2021-07-30 15:03"}
2024-01-02 01:33:14 查询号码 【1886538】，GSD为【"山东-泰安"】

2024-01-02 01:33:15 开始第 6626 次操作

2024-01-02 01:33:15 开始操作号码 【1886539】
2024-01-02 01:33:19 GSD getOne 第 1 次 等待 3 秒
2024-01-02 01:33:22 查询号码 【1886539】，返回信息 {"status":"ok","msg":"山东-临沂","gid":"445351","time_insert":"2021-07-30 15:02"}
2024-01-02 01:33:22 查询号码 【1886539】，GSD为【"山东-临沂"】

2024-01-02 01:33:23 开始第 6627 次操作

2024-01-02 01:33:23 开始操作号码 【1886540】
2024-01-02 01:33:27 GSD getOne 第 1 次 等待 3 秒
2024-01-02 01:33:30 查询号码 【1886540】，返回信息 {"status":"ok","msg":"山东-菏泽","gid":"44255","time_insert":"2017-05-19 08:14","time_update":"2020-09-10 01:21"}
2024-01-02 01:33:30 查询号码 【1886540】，GSD为【"山东-菏泽"】

2024-01-02 01:33:31 开始第 6628 次操作

2024-01-02 01:33:31 开始操作号码 【1886541】
2024-01-02 01:33:35 GSD getOne 第 1 次 等待 3 秒
2024-01-02 01:33:38 查询号码 【1886541】，返回信息 {"status":"ok","msg":"山东-济南","gid":"445337","time_insert":"2021-07-30 15:02"}
2024-01-02 01:33:38 查询号码 【1886541】，GSD为【"山东-济南"】

