2024-11-04 00:13:30 开始第 3069 次操作

2024-11-04 00:13:30 开始操作号码 【1333068】
2024-11-04 00:13:31 GSD getOne 第 1 次 等待 3 秒
2024-11-04 00:13:34 查询号码 【1333068】，返回信息 {"status":"ok","msg":"四川-资阳","gid":"3069","time_insert":"2018-07-25 10:27","time_update":"2020-10-09 02:36"}
2024-11-04 00:13:34 查询号码 【1333068】，GSD为【"四川-资阳"】

2024-11-04 00:13:35 开始第 3070 次操作

2024-11-04 00:13:35 开始操作号码 【1333069】
2024-11-04 00:13:36 GSD getOne 第 1 次 等待 3 秒
2024-11-04 00:13:39 查询号码 【1333069】，返回信息 {"status":"ok","msg":"四川-内江","gid":"3070","time_insert":"2014-06-28 16:49","time_update":"2020-10-09 02:39"}
2024-11-04 00:13:39 查询号码 【1333069】，GSD为【"四川-内江"】

2024-11-04 00:13:40 开始第 3071 次操作

2024-11-04 00:13:40 开始操作号码 【1333070】
2024-11-04 00:13:41 GSD getOne 第 1 次 等待 3 秒
2024-11-04 00:13:44 查询号码 【1333070】，返回信息 {"status":"ok","msg":"四川-内江","gid":"3071","time_insert":"2017-10-24 11:06","time_update":"2020-10-09 02:42"}
2024-11-04 00:13:44 查询号码 【1333070】，GSD为【"四川-内江"】

2024-11-04 00:13:45 开始第 3072 次操作

2024-11-04 00:13:45 开始操作号码 【1333071】
2024-11-04 00:13:46 GSD getOne 第 1 次 等待 3 秒
2024-11-04 00:13:49 查询号码 【1333071】，返回信息 {"status":"ok","msg":"四川-攀枝花","gid":"3072","time_insert":"2020-02-14 09:28","time_update":"2020-10-09 02:46"}
2024-11-04 00:13:49 查询号码 【1333071】，GSD为【"四川-攀枝花"】

2024-11-04 00:39:26 开始第 3073 次操作

2024-11-04 00:39:26 开始操作号码 【1333072】
2024-11-04 00:39:27 GSD getOne 第 1 次 等待 3 秒
2024-11-04 00:39:30 查询号码 【1333072】，返回信息 {"status":"ok","msg":"四川-攀枝花","gid":"3073","time_insert":"2015-04-07 11:24","time_update":"2020-10-09 02:51"}
2024-11-04 00:39:31 查询号码 【1333072】，GSD为【"四川-攀枝花"】

2024-11-04 00:39:32 开始第 3074 次操作

2024-11-04 00:39:32 开始操作号码 【1333073】
2024-11-04 00:39:32 GSD getOne 第 1 次 等待 3 秒
2024-11-04 00:39:35 查询号码 【1333073】，返回信息 {"status":"ok","msg":"四川-广元","gid":"3074","time_insert":"2015-11-04 11:25","time_update":"2020-10-09 02:56"}
2024-11-04 00:39:36 查询号码 【1333073】，GSD为【"四川-广元"】

2024-11-04 00:39:37 开始第 3075 次操作

2024-11-04 00:39:37 开始操作号码 【1333074】
2024-11-04 00:39:37 GSD getOne 第 1 次 等待 3 秒
2024-11-04 00:39:40 查询号码 【1333074】，返回信息 {"status":"ok","msg":"四川-泸州","gid":"3075","time_insert":"2018-09-11 18:30","time_update":"2020-10-09 02:59"}
2024-11-04 00:39:40 查询号码 【1333074】，GSD为【"四川-泸州"】

2024-11-04 00:39:41 开始第 3076 次操作

2024-11-04 00:39:41 开始操作号码 【1333075】
2024-11-04 00:39:42 GSD getOne 第 1 次 等待 3 秒
2024-11-04 00:39:45 查询号码 【1333075】，返回信息 {"status":"ok","msg":"四川-广元","gid":"3076","time_insert":"2017-03-07 10:32","time_update":"2020-10-09 03:00"}
2024-11-04 00:39:45 查询号码 【1333075】，GSD为【"四川-广元"】

2024-11-04 01:10:02 开始第 3077 次操作

2024-11-04 01:10:02 开始操作号码 【1333076】
2024-11-04 01:10:03 GSD getOne 第 1 次 等待 3 秒
2024-11-04 01:10:06 查询号码 【1333076】，返回信息 {"status":"ok","msg":"四川-南充","gid":"3077","time_insert":"2018-07-21 23:23","time_update":"2020-10-09 03:03"}
2024-11-04 01:10:06 查询号码 【1333076】，GSD为【"四川-南充"】

2024-11-04 01:10:07 开始第 3078 次操作

2024-11-04 01:10:07 开始操作号码 【1333077】
2024-11-04 01:10:09 GSD getOne 第 1 次 等待 3 秒
2024-11-04 01:10:12 查询号码 【1333077】，返回信息 {"status":"ok","msg":"四川-南充","gid":"3078","time_insert":"2018-04-23 03:12","time_update":"2020-10-09 03:07"}
2024-11-04 01:10:12 查询号码 【1333077】，GSD为【"四川-南充"】

2024-11-04 01:10:13 开始第 3079 次操作

2024-11-04 01:10:13 开始操作号码 【1333078】
2024-11-04 01:10:14 GSD getOne 第 1 次 等待 3 秒
2024-11-04 01:10:17 查询号码 【1333078】，返回信息 {"status":"ok","msg":"四川-泸州","gid":"3079","time_insert":"2019-01-09 10:54","time_update":"2020-10-09 03:11"}
2024-11-04 01:10:17 查询号码 【1333078】，GSD为【"四川-泸州"】

2024-11-04 01:10:18 开始第 3080 次操作

2024-11-04 01:10:18 开始操作号码 【1333079】
2024-11-04 01:10:19 GSD getOne 第 1 次 等待 3 秒
2024-11-04 01:10:22 查询号码 【1333079】，返回信息 {"status":"ok","msg":"四川-甘孜","gid":"3080","time_insert":"2014-02-24 09:39","time_update":"2020-10-09 03:16"}
2024-11-04 01:10:22 查询号码 【1333079】，GSD为【"四川-甘孜"】

