2024-11-25 00:13:27 开始第 6757 次操作

2024-11-25 00:13:27 开始操作号码 【1336756】
2024-11-25 00:13:28 GSD getOne 第 1 次 等待 3 秒
2024-11-25 00:13:31 查询号码 【1336756】，返回信息 {"status":"ok","msg":"广西-百色","gid":"289471","time_insert":"2021-07-16 02:53","time_update":"2021-07-16 03:28"}
2024-11-25 00:13:31 查询号码 【1336756】，GSD为【"广西-百色"】

2024-11-25 00:13:32 开始第 6758 次操作

2024-11-25 00:13:32 开始操作号码 【1336757】
2024-11-25 00:13:33 GSD getOne 第 1 次 等待 3 秒
2024-11-25 00:13:36 查询号码 【1336757】，返回信息 {"status":"ok","msg":"广西-贵港","gid":"289330","time_insert":"2021-07-16 02:12"}
2024-11-25 00:13:36 查询号码 【1336757】，GSD为【"广西-贵港"】

2024-11-25 00:13:37 开始第 6759 次操作

2024-11-25 00:13:37 开始操作号码 【1336758】
2024-11-25 00:13:38 GSD getOne 第 1 次 等待 3 秒
2024-11-25 00:13:41 查询号码 【1336758】，返回信息 {"status":"ok","msg":"广西-河池","gid":"289327","time_insert":"2021-07-16 02:11"}
2024-11-25 00:13:41 查询号码 【1336758】，GSD为【"广西-河池"】

2024-11-25 00:13:42 开始第 6760 次操作

2024-11-25 00:13:42 开始操作号码 【1336759】
2024-11-25 00:13:46 GSD getOne 第 1 次 等待 3 秒
2024-11-25 00:13:49 查询号码 【1336759】，返回信息 {"status":"ok","msg":"广西-北海","gid":"3410","time_insert":"2018-05-09 14:28","time_update":"2020-12-18 18:02"}
2024-11-25 00:13:49 查询号码 【1336759】，GSD为【"广西-北海"】

2024-11-25 00:41:17 开始第 6761 次操作

2024-11-25 00:41:17 开始操作号码 【1336760】
2024-11-25 00:41:18 GSD getOne 第 1 次 等待 3 秒
2024-11-25 00:41:21 查询号码 【1336760】，返回信息 {"status":"ok","msg":"广西-梧州","gid":"289323","time_insert":"2021-07-16 02:11"}
2024-11-25 00:41:21 查询号码 【1336760】，GSD为【"广西-梧州"】

2024-11-25 00:41:22 开始第 6762 次操作

2024-11-25 00:41:22 开始操作号码 【1336761】
2024-11-25 00:41:22 GSD getOne 第 1 次 等待 3 秒
2024-11-25 00:41:25 查询号码 【1336761】，返回信息 {"status":"ok","msg":"广西-南宁","gid":"289316","time_insert":"2021-07-16 02:10"}
2024-11-25 00:41:26 查询号码 【1336761】，GSD为【"广西-南宁"】

2024-11-25 00:41:27 开始第 6763 次操作

2024-11-25 00:41:27 开始操作号码 【1336762】
2024-11-25 00:41:27 GSD getOne 第 1 次 等待 3 秒
2024-11-25 00:41:30 查询号码 【1336762】，返回信息 {"status":"ok","msg":"广西-柳州","gid":"289312","time_insert":"2021-07-16 02:09"}
2024-11-25 00:41:30 查询号码 【1336762】，GSD为【"广西-柳州"】

2024-11-25 00:41:31 开始第 6764 次操作

2024-11-25 00:41:31 开始操作号码 【1336763】
2024-11-25 00:41:33 GSD getOne 第 1 次 等待 3 秒
2024-11-25 00:41:36 查询号码 【1336763】，返回信息 {"status":"ok","msg":"广西-桂林","gid":"289308","time_insert":"2021-07-16 02:08"}
2024-11-25 00:41:36 查询号码 【1336763】，GSD为【"广西-桂林"】

