2024-09-13 00:12:14 开始第 4361 次操作

2024-09-13 00:12:14 开始操作号码 【1444359】
2024-09-13 00:12:23 GSD getOne 第 1 次 等待 3 秒
2024-09-13 00:12:26 查询号码 【1444359】，返回信息 {"status":"ok","msg":"-","gid":"611551","time_insert":"2023-03-24 12:53"}
2024-09-13 00:12:26 查询号码 【1444359】，GSD为【"-"】
2024-09-13 00:12:26 ok && -
2024-09-13 00:12:28 CHB 1444359?1726157546 第 1 次 等待 3 秒
2024-09-13 00:12:31 CHB 1444359?1726157546 第 1 次 获取到号码【1444359】GSD
2024-09-13 00:12:31 未获取到号码【1444359】GSD，可能号码格式错误
2024-09-13 00:12:31 获取到号码【1444359】的GSD为【-】
2024-09-13 00:12:40 GSD insert 第 1 次 等待 3 秒
2024-09-13 00:12:43 {"status":"bad","gid":"611551","msg":"添加失败！号码【1444359(-|-)】已存在！"}
2024-09-13 00:12:43 随机等待 71 秒，约 1 分钟
2024-09-13 00:12:43 下次操作: 2024-09-13 00:13:54

2024-09-13 00:13:54 开始第 4362 次操作

2024-09-13 00:13:54 开始操作号码 【1444360】
2024-09-13 00:14:03 GSD getOne 第 1 次 等待 3 秒
2024-09-13 00:14:06 查询号码 【1444360】，返回信息 {"status":"ok","msg":"-","gid":"611585","time_insert":"2023-03-24 13:16"}
2024-09-13 00:14:06 查询号码 【1444360】，GSD为【"-"】
2024-09-13 00:14:06 ok && -
2024-09-13 00:14:09 CHB 1444360?1726157646 第 1 次 等待 3 秒
2024-09-13 00:14:12 CHB 1444360?1726157646 第 1 次 获取到号码【1444360】GSD
2024-09-13 00:14:12 未获取到号码【1444360】GSD，可能号码格式错误
2024-09-13 00:14:12 获取到号码【1444360】的GSD为【-】
2024-09-13 00:14:19 GSD insert 第 1 次 等待 3 秒
2024-09-13 00:14:22 {"status":"bad","gid":"611585","msg":"添加失败！号码【1444360(-|-)】已存在！"}
2024-09-13 00:14:22 随机等待 208 秒，约 3 分钟
2024-09-13 00:14:22 下次操作: 2024-09-13 00:17:50

2024-09-13 00:17:50 开始第 4363 次操作

2024-09-13 00:17:50 开始操作号码 【1444361】
2024-09-13 00:17:58 GSD getOne 第 1 次 等待 3 秒
2024-09-13 00:18:01 查询号码 【1444361】，返回信息 {"status":"ok","msg":"-","gid":"611607","time_insert":"2023-03-24 13:31"}
2024-09-13 00:18:01 查询号码 【1444361】，GSD为【"-"】
2024-09-13 00:18:01 ok && -
2024-09-13 00:18:03 CHB 1444361?1726157881 第 1 次 等待 3 秒
2024-09-13 00:18:06 CHB 1444361?1726157881 第 1 次 获取到号码【1444361】GSD
2024-09-13 00:18:06 未获取到号码【1444361】GSD，可能号码格式错误
2024-09-13 00:18:06 获取到号码【1444361】的GSD为【-】
2024-09-13 00:18:15 GSD insert 第 1 次 等待 3 秒
2024-09-13 00:18:18 {"status":"bad","gid":"611607","msg":"添加失败！号码【1444361(-|-)】已存在！"}
2024-09-13 00:18:18 随机等待 158 秒，约 2 分钟
2024-09-13 00:18:18 下次操作: 2024-09-13 00:20:56

2024-09-13 00:20:56 开始第 4364 次操作

2024-09-13 00:20:56 开始操作号码 【1444362】
2024-09-13 00:21:04 GSD getOne 第 1 次 等待 3 秒
2024-09-13 00:21:07 查询号码 【1444362】，返回信息 {"status":"ok","msg":"-","gid":"611630","time_insert":"2023-03-24 13:42"}
2024-09-13 00:21:07 查询号码 【1444362】，GSD为【"-"】
2024-09-13 00:21:07 ok && -
2024-09-13 00:21:10 CHB 1444362?1726158067 第 1 次 等待 3 秒
2024-09-13 00:21:13 CHB 1444362?1726158067 第 1 次 获取到号码【1444362】GSD
2024-09-13 00:21:13 未获取到号码【1444362】GSD，可能号码格式错误
2024-09-13 00:21:13 获取到号码【1444362】的GSD为【-】
2024-09-13 00:21:21 GSD insert 第 1 次 等待 3 秒
2024-09-13 00:21:24 {"status":"bad","gid":"611630","msg":"添加失败！号码【1444362(-|-)】已存在！"}

