2024-11-26 00:15:42 开始第 6929 次操作

2024-11-26 00:15:42 开始操作号码 【1336928】
2024-11-26 00:15:43 GSD getOne 第 1 次 等待 3 秒
2024-11-26 00:15:46 查询号码 【1336928】，返回信息 {"status":"ok","msg":"陕西-延安","gid":"288157","time_insert":"2021-07-15 23:41"}
2024-11-26 00:15:46 查询号码 【1336928】，GSD为【"陕西-延安"】

2024-11-26 00:15:47 开始第 6930 次操作

2024-11-26 00:15:47 开始操作号码 【1336929】
2024-11-26 00:15:48 GSD getOne 第 1 次 等待 3 秒
2024-11-26 00:15:51 查询号码 【1336929】，返回信息 {"status":"ok","msg":"陕西-延安","gid":"3465","time_insert":"2017-05-30 14:16","time_update":"2020-12-10 19:16"}
2024-11-26 00:15:51 查询号码 【1336929】，GSD为【"陕西-延安"】

2024-11-26 00:15:52 开始第 6931 次操作

2024-11-26 00:15:52 开始操作号码 【1336930】
2024-11-26 00:15:53 GSD getOne 第 1 次 等待 3 秒
2024-11-26 00:15:56 查询号码 【1336930】，返回信息 {"status":"ok","msg":"甘肃-临夏","gid":"287985","time_insert":"2021-07-15 22:59"}
2024-11-26 00:15:56 查询号码 【1336930】，GSD为【"甘肃-临夏"】

2024-11-26 00:15:57 开始第 6932 次操作

2024-11-26 00:15:57 开始操作号码 【1336931】
2024-11-26 00:15:58 GSD getOne 第 1 次 等待 3 秒
2024-11-26 00:16:01 查询号码 【1336931】，返回信息 {"status":"ok","msg":"甘肃-兰州","gid":"287980","time_insert":"2021-07-15 22:58"}
2024-11-26 00:16:01 查询号码 【1336931】，GSD为【"甘肃-兰州"】

2024-11-26 00:44:22 开始第 6933 次操作

2024-11-26 00:44:22 开始操作号码 【1336932】
2024-11-26 00:44:23 GSD getOne 第 1 次 等待 3 秒
2024-11-26 00:44:26 查询号码 【1336932】，返回信息 {"status":"ok","msg":"甘肃-定西","gid":"287975","time_insert":"2021-07-15 22:58"}
2024-11-26 00:44:26 查询号码 【1336932】，GSD为【"甘肃-定西"】

2024-11-26 00:44:27 开始第 6934 次操作

2024-11-26 00:44:27 开始操作号码 【1336933】
2024-11-26 00:44:28 GSD getOne 第 1 次 等待 3 秒
2024-11-26 00:44:31 查询号码 【1336933】，返回信息 {"status":"ok","msg":"甘肃-平凉","gid":"3466","time_insert":"2017-04-17 12:40","time_update":"2020-12-11 11:06"}
2024-11-26 00:44:31 查询号码 【1336933】，GSD为【"甘肃-平凉"】

2024-11-26 00:44:32 开始第 6935 次操作

2024-11-26 00:44:32 开始操作号码 【1336934】
2024-11-26 00:44:33 GSD getOne 第 1 次 等待 3 秒
2024-11-26 00:44:36 查询号码 【1336934】，返回信息 {"status":"ok","msg":"甘肃-庆阳","gid":"287967","time_insert":"2021-07-15 22:57"}
2024-11-26 00:44:36 查询号码 【1336934】，GSD为【"甘肃-庆阳"】

2024-11-26 00:44:37 开始第 6936 次操作

2024-11-26 00:44:37 开始操作号码 【1336935】
2024-11-26 00:44:38 GSD getOne 第 1 次 等待 3 秒
2024-11-26 00:44:41 查询号码 【1336935】，返回信息 {"status":"ok","msg":"甘肃-武威","gid":"287959","time_insert":"2021-07-15 22:56"}
2024-11-26 00:44:41 查询号码 【1336935】，GSD为【"甘肃-武威"】

2024-11-26 01:11:50 开始第 6937 次操作

2024-11-26 01:11:50 开始操作号码 【1336936】
2024-11-26 01:11:51 GSD getOne 第 1 次 等待 3 秒
2024-11-26 01:11:54 查询号码 【1336936】，返回信息 {"status":"ok","msg":"甘肃-张掖","gid":"287954","time_insert":"2021-07-15 22:55"}
2024-11-26 01:11:54 查询号码 【1336936】，GSD为【"甘肃-张掖"】

2024-11-26 01:11:55 开始第 6938 次操作

2024-11-26 01:11:55 开始操作号码 【1336937】
2024-11-26 01:11:56 GSD getOne 第 1 次 等待 3 秒
2024-11-26 01:11:59 查询号码 【1336937】，返回信息 {"status":"ok","msg":"甘肃-酒泉","gid":"287949","time_insert":"2021-07-15 22:54"}
2024-11-26 01:11:59 查询号码 【1336937】，GSD为【"甘肃-酒泉"】

2024-11-26 01:12:00 开始第 6939 次操作

2024-11-26 01:12:00 开始操作号码 【1336938】
2024-11-26 01:12:01 GSD getOne 第 1 次 等待 3 秒
2024-11-26 01:12:04 查询号码 【1336938】，返回信息 {"status":"ok","msg":"甘肃-天水","gid":"287940","time_insert":"2021-07-15 22:54"}
2024-11-26 01:12:04 查询号码 【1336938】，GSD为【"甘肃-天水"】

2024-11-26 01:12:05 开始第 6940 次操作

2024-11-26 01:12:05 开始操作号码 【1336939】
2024-11-26 01:12:06 GSD getOne 第 1 次 等待 3 秒
2024-11-26 01:12:09 查询号码 【1336939】，返回信息 {"status":"ok","msg":"甘肃-陇南","gid":"51512","time_insert":"2021-04-22 09:53"}
2024-11-26 01:12:09 查询号码 【1336939】，GSD为【"甘肃-陇南"】

2024-11-26 02:16:58 开始第 6941 次操作

2024-11-26 02:16:58 开始操作号码 【1336940】
2024-11-26 02:16:59 GSD getOne 第 1 次 等待 3 秒
2024-11-26 02:17:02 查询号码 【1336940】，返回信息 {"status":"ok","msg":"甘肃-武威","gid":"287935","time_insert":"2021-07-15 22:53"}
2024-11-26 02:17:02 查询号码 【1336940】，GSD为【"甘肃-武威"】

2024-11-26 02:17:03 开始第 6942 次操作

2024-11-26 02:17:03 开始操作号码 【1336941】
2024-11-26 02:17:04 GSD getOne 第 1 次 等待 3 秒
2024-11-26 02:17:07 查询号码 【1336941】，返回信息 {"status":"ok","msg":"甘肃-天水","gid":"287928","time_insert":"2021-07-15 22:52"}
2024-11-26 02:17:07 查询号码 【1336941】，GSD为【"甘肃-天水"】

2024-11-26 02:17:08 开始第 6943 次操作

2024-11-26 02:17:08 开始操作号码 【1336942】
2024-11-26 02:17:09 GSD getOne 第 1 次 等待 3 秒
2024-11-26 02:17:12 查询号码 【1336942】，返回信息 {"status":"ok","msg":"甘肃-庆阳","gid":"287923","time_insert":"2021-07-15 22:52"}
2024-11-26 02:17:12 查询号码 【1336942】，GSD为【"甘肃-庆阳"】

2024-11-26 02:17:13 开始第 6944 次操作

2024-11-26 02:17:13 开始操作号码 【1336943】
2024-11-26 02:17:15 GSD getOne 第 1 次 等待 3 秒
2024-11-26 02:17:18 查询号码 【1336943】，返回信息 {"status":"ok","msg":"甘肃-兰州","gid":"287916","time_insert":"2021-07-15 22:51"}
2024-11-26 02:17:18 查询号码 【1336943】，GSD为【"甘肃-兰州"】

2024-11-26 02:43:41 开始第 6945 次操作

2024-11-26 02:43:41 开始操作号码 【1336944】
2024-11-26 02:43:43 GSD getOne 第 1 次 等待 3 秒
2024-11-26 02:43:46 查询号码 【1336944】，返回信息 {"status":"ok","msg":"甘肃-兰州","gid":"287906","time_insert":"2021-07-15 22:50"}
2024-11-26 02:43:46 查询号码 【1336944】，GSD为【"甘肃-兰州"】

2024-11-26 02:43:47 开始第 6946 次操作

2024-11-26 02:43:47 开始操作号码 【1336945】
2024-11-26 02:43:48 GSD getOne 第 1 次 等待 3 秒
2024-11-26 02:43:51 查询号码 【1336945】，返回信息 {"status":"ok","msg":"甘肃-兰州","gid":"287899","time_insert":"2021-07-15 22:50"}
2024-11-26 02:43:51 查询号码 【1336945】，GSD为【"甘肃-兰州"】

2024-11-26 02:43:52 开始第 6947 次操作

2024-11-26 02:43:52 开始操作号码 【1336946】
2024-11-26 02:43:53 GSD getOne 第 1 次 等待 3 秒
2024-11-26 02:43:56 查询号码 【1336946】，返回信息 {"status":"ok","msg":"甘肃-兰州","gid":"287891","time_insert":"2021-07-15 22:49"}
2024-11-26 02:43:56 查询号码 【1336946】，GSD为【"甘肃-兰州"】

2024-11-26 02:43:57 开始第 6948 次操作

2024-11-26 02:43:57 开始操作号码 【1336947】
2024-11-26 02:43:58 GSD getOne 第 1 次 等待 3 秒
2024-11-26 02:44:01 查询号码 【1336947】，返回信息 {"status":"ok","msg":"甘肃-酒泉","gid":"287883","time_insert":"2021-07-15 22:48"}
2024-11-26 02:44:01 查询号码 【1336947】，GSD为【"甘肃-酒泉"】

2024-11-26 03:10:02 开始第 6949 次操作

2024-11-26 03:10:02 开始操作号码 【1336948】
2024-11-26 03:10:03 GSD getOne 第 1 次 等待 3 秒
2024-11-26 03:10:06 查询号码 【1336948】，返回信息 {"status":"ok","msg":"甘肃-兰州","gid":"287874","time_insert":"2021-07-15 22:48"}
2024-11-26 03:10:06 查询号码 【1336948】，GSD为【"甘肃-兰州"】

2024-11-26 03:10:07 开始第 6950 次操作

2024-11-26 03:10:07 开始操作号码 【1336949】
2024-11-26 03:10:08 GSD getOne 第 1 次 等待 3 秒
2024-11-26 03:10:11 查询号码 【1336949】，返回信息 {"status":"ok","msg":"甘肃-兰州","gid":"287867","time_insert":"2021-07-15 22:47"}
2024-11-26 03:10:12 查询号码 【1336949】，GSD为【"甘肃-兰州"】

2024-11-26 03:10:13 开始第 6951 次操作

2024-11-26 03:10:13 开始操作号码 【1336950】
2024-11-26 03:10:14 GSD getOne 第 1 次 等待 3 秒
2024-11-26 03:10:17 查询号码 【1336950】，返回信息 {"status":"ok","msg":"宁夏-银川","gid":"287863","time_insert":"2021-07-15 22:46"}
2024-11-26 03:10:17 查询号码 【1336950】，GSD为【"宁夏-银川"】

2024-11-26 03:10:18 开始第 6952 次操作

2024-11-26 03:10:18 开始操作号码 【1336951】
2024-11-26 03:10:19 GSD getOne 第 1 次 等待 3 秒
2024-11-26 03:10:22 查询号码 【1336951】，返回信息 {"status":"ok","msg":"宁夏-银川","gid":"287857","time_insert":"2021-07-15 22:45","time_update":"2021-07-15 23:31"}
2024-11-26 03:10:22 查询号码 【1336951】，GSD为【"宁夏-银川"】

2024-11-26 03:34:05 开始第 6953 次操作

2024-11-26 03:34:05 开始操作号码 【1336952】
2024-11-26 03:34:06 GSD getOne 第 1 次 等待 3 秒
2024-11-26 03:34:09 查询号码 【1336952】，返回信息 {"status":"ok","msg":"宁夏-石嘴山","gid":"3467","time_insert":"2018-05-20 16:50","time_update":"2020-12-22 06:35"}
2024-11-26 03:34:09 查询号码 【1336952】，GSD为【"宁夏-石嘴山"】

2024-11-26 03:34:11 开始第 6954 次操作

2024-11-26 03:34:11 开始操作号码 【1336953】
2024-11-26 03:34:11 GSD getOne 第 1 次 等待 3 秒
2024-11-26 03:34:14 查询号码 【1336953】，返回信息 {"status":"ok","msg":"宁夏-吴忠","gid":"287849","time_insert":"2021-07-15 22:45"}
2024-11-26 03:34:14 查询号码 【1336953】，GSD为【"宁夏-吴忠"】

2024-11-26 03:34:15 开始第 6955 次操作

2024-11-26 03:34:15 开始操作号码 【1336954】
2024-11-26 03:34:16 GSD getOne 第 1 次 等待 3 秒
2024-11-26 03:34:19 查询号码 【1336954】，返回信息 {"status":"ok","msg":"宁夏-固原","gid":"287839","time_insert":"2021-07-15 22:44"}
2024-11-26 03:34:19 查询号码 【1336954】，GSD为【"宁夏-固原"】

2024-11-26 03:34:20 开始第 6956 次操作

2024-11-26 03:34:20 开始操作号码 【1336955】
2024-11-26 03:34:21 GSD getOne 第 1 次 等待 3 秒
2024-11-26 03:34:24 查询号码 【1336955】，返回信息 {"status":"ok","msg":"宁夏-中卫","gid":"287836","time_insert":"2021-07-15 22:43"}
2024-11-26 03:34:24 查询号码 【1336955】，GSD为【"宁夏-中卫"】

2024-11-26 04:14:10 开始第 6957 次操作

2024-11-26 04:14:10 开始操作号码 【1336956】
2024-11-26 04:14:11 GSD getOne 第 1 次 等待 3 秒
2024-11-26 04:14:14 查询号码 【1336956】，返回信息 {"status":"ok","msg":"宁夏-石嘴山","gid":"287825","time_insert":"2021-07-15 22:43"}
2024-11-26 04:14:14 查询号码 【1336956】，GSD为【"宁夏-石嘴山"】

2024-11-26 04:14:15 开始第 6958 次操作

2024-11-26 04:14:15 开始操作号码 【1336957】
2024-11-26 04:14:16 GSD getOne 第 1 次 等待 3 秒
2024-11-26 04:14:19 查询号码 【1336957】，返回信息 {"status":"ok","msg":"宁夏-银川","gid":"287820","time_insert":"2021-07-15 22:42"}
2024-11-26 04:14:19 查询号码 【1336957】，GSD为【"宁夏-银川"】

2024-11-26 04:14:20 开始第 6959 次操作

2024-11-26 04:14:20 开始操作号码 【1336958】
2024-11-26 04:14:21 GSD getOne 第 1 次 等待 3 秒
2024-11-26 04:14:24 查询号码 【1336958】，返回信息 {"status":"ok","msg":"宁夏-银川","gid":"287814","time_insert":"2021-07-15 22:41"}
2024-11-26 04:14:24 查询号码 【1336958】，GSD为【"宁夏-银川"】

2024-11-26 04:14:25 开始第 6960 次操作

2024-11-26 04:14:25 开始操作号码 【1336959】
2024-11-26 04:14:26 GSD getOne 第 1 次 等待 3 秒
2024-11-26 04:14:29 查询号码 【1336959】，返回信息 {"status":"ok","msg":"宁夏-银川","gid":"287811","time_insert":"2021-07-15 22:41"}
2024-11-26 04:14:29 查询号码 【1336959】，GSD为【"宁夏-银川"】

2024-11-26 04:38:20 开始第 6961 次操作

2024-11-26 04:38:20 开始操作号码 【1336960】
2024-11-26 04:38:21 GSD getOne 第 1 次 等待 3 秒
2024-11-26 04:38:24 查询号码 【1336960】，返回信息 {"status":"ok","msg":"新疆-乌鲁木齐","gid":"3468","time_insert":"2019-11-15 11:24","time_update":"2020-12-24 17:09"}
2024-11-26 04:38:24 查询号码 【1336960】，GSD为【"新疆-乌鲁木齐"】

2024-11-26 04:38:26 开始第 6962 次操作

2024-11-26 04:38:26 开始操作号码 【1336961】
2024-11-26 04:38:27 GSD getOne 第 1 次 等待 3 秒
2024-11-26 04:38:30 查询号码 【1336961】，返回信息 {"status":"ok","msg":"新疆-乌鲁木齐","gid":"287803","time_insert":"2021-07-15 22:40"}
2024-11-26 04:38:30 查询号码 【1336961】，GSD为【"新疆-乌鲁木齐"】

2024-11-26 04:38:31 开始第 6963 次操作

2024-11-26 04:38:31 开始操作号码 【1336962】
2024-11-26 04:38:32 GSD getOne 第 1 次 等待 3 秒
2024-11-26 04:38:35 查询号码 【1336962】，返回信息 {"status":"ok","msg":"新疆-乌鲁木齐","gid":"3469","time_insert":"2018-01-25 15:46","time_update":"2020-12-24 16:54"}
2024-11-26 04:38:35 查询号码 【1336962】，GSD为【"新疆-乌鲁木齐"】

2024-11-26 04:38:36 开始第 6964 次操作

2024-11-26 04:38:36 开始操作号码 【1336963】
2024-11-26 04:38:37 GSD getOne 第 1 次 等待 3 秒
2024-11-26 04:38:40 查询号码 【1336963】，返回信息 {"status":"ok","msg":"新疆-乌鲁木齐","gid":"287795","time_insert":"2021-07-15 22:39"}
2024-11-26 04:38:40 查询号码 【1336963】，GSD为【"新疆-乌鲁木齐"】

2024-11-26 05:11:53 开始第 6965 次操作

2024-11-26 05:11:53 开始操作号码 【1336964】
2024-11-26 05:11:55 GSD getOne 第 1 次 等待 3 秒
2024-11-26 05:11:58 查询号码 【1336964】，返回信息 {"status":"ok","msg":"新疆-乌鲁木齐","gid":"287789","time_insert":"2021-07-15 22:39"}
2024-11-26 05:11:58 查询号码 【1336964】，GSD为【"新疆-乌鲁木齐"】

2024-11-26 05:11:59 开始第 6966 次操作

2024-11-26 05:11:59 开始操作号码 【1336965】
2024-11-26 05:12:00 GSD getOne 第 1 次 等待 3 秒
2024-11-26 05:12:03 查询号码 【1336965】，返回信息 {"status":"ok","msg":"新疆-乌鲁木齐","gid":"287783","time_insert":"2021-07-15 22:38"}
2024-11-26 05:12:03 查询号码 【1336965】，GSD为【"新疆-乌鲁木齐"】

2024-11-26 05:12:04 开始第 6967 次操作

2024-11-26 05:12:04 开始操作号码 【1336966】
2024-11-26 05:12:05 GSD getOne 第 1 次 等待 3 秒
2024-11-26 05:12:08 查询号码 【1336966】，返回信息 {"status":"ok","msg":"新疆-乌鲁木齐","gid":"287778","time_insert":"2021-07-15 22:37"}
2024-11-26 05:12:08 查询号码 【1336966】，GSD为【"新疆-乌鲁木齐"】

2024-11-26 05:12:09 开始第 6968 次操作

2024-11-26 05:12:09 开始操作号码 【1336967】
2024-11-26 05:12:09 GSD getOne 第 1 次 等待 3 秒
2024-11-26 05:12:12 查询号码 【1336967】，返回信息 {"status":"ok","msg":"新疆-乌鲁木齐","gid":"287771","time_insert":"2021-07-15 22:36"}
2024-11-26 05:12:13 查询号码 【1336967】，GSD为【"新疆-乌鲁木齐"】

2024-11-26 05:36:05 开始第 6969 次操作

2024-11-26 05:36:05 开始操作号码 【1336968】
2024-11-26 05:36:06 GSD getOne 第 1 次 等待 3 秒
2024-11-26 05:36:09 查询号码 【1336968】，返回信息 {"status":"ok","msg":"新疆-乌鲁木齐","gid":"287768","time_insert":"2021-07-15 22:36"}
2024-11-26 05:36:09 查询号码 【1336968】，GSD为【"新疆-乌鲁木齐"】

2024-11-26 05:36:10 开始第 6970 次操作

2024-11-26 05:36:10 开始操作号码 【1336969】
2024-11-26 05:36:11 GSD getOne 第 1 次 等待 3 秒
2024-11-26 05:36:14 查询号码 【1336969】，返回信息 {"status":"ok","msg":"新疆-乌鲁木齐","gid":"287765","time_insert":"2021-07-15 22:35"}
2024-11-26 05:36:14 查询号码 【1336969】，GSD为【"新疆-乌鲁木齐"】

2024-11-26 05:36:15 开始第 6971 次操作

2024-11-26 05:36:15 开始操作号码 【1336970】
2024-11-26 05:36:16 GSD getOne 第 1 次 等待 3 秒
2024-11-26 05:36:19 查询号码 【1336970】，返回信息 {"status":"ok","msg":"青海-海北","gid":"287762","time_insert":"2021-07-15 22:35"}
2024-11-26 05:36:19 查询号码 【1336970】，GSD为【"青海-海北"】

2024-11-26 05:36:20 开始第 6972 次操作

2024-11-26 05:36:20 开始操作号码 【1336971】
2024-11-26 05:36:21 GSD getOne 第 1 次 等待 3 秒
2024-11-26 05:36:24 查询号码 【1336971】，返回信息 {"status":"ok","msg":"青海-西宁","gid":"287759","time_insert":"2021-07-15 22:34"}
2024-11-26 05:36:24 查询号码 【1336971】，GSD为【"青海-西宁"】

2024-11-26 06:11:55 开始第 6973 次操作

2024-11-26 06:11:55 开始操作号码 【1336972】
2024-11-26 06:11:56 GSD getOne 第 1 次 等待 3 秒
2024-11-26 06:11:59 查询号码 【1336972】，返回信息 {"status":"ok","msg":"青海-海东","gid":"3470","time_insert":"2019-05-02 21:40","time_update":"2020-12-16 00:59"}
2024-11-26 06:11:59 查询号码 【1336972】，GSD为【"青海-海东"】

2024-11-26 06:12:00 开始第 6974 次操作

2024-11-26 06:12:00 开始操作号码 【1336973】
2024-11-26 06:12:01 GSD getOne 第 1 次 等待 3 秒
2024-11-26 06:12:04 查询号码 【1336973】，返回信息 {"status":"ok","msg":"青海-黄南","gid":"287757","time_insert":"2021-07-15 22:33"}
2024-11-26 06:12:04 查询号码 【1336973】，GSD为【"青海-黄南"】

2024-11-26 06:12:05 开始第 6975 次操作

2024-11-26 06:12:05 开始操作号码 【1336974】
2024-11-26 06:12:07 GSD getOne 第 1 次 等待 3 秒
2024-11-26 06:12:10 查询号码 【1336974】，返回信息 {"status":"ok","msg":"青海-海南","gid":"287754","time_insert":"2021-07-15 22:32"}
2024-11-26 06:12:10 查询号码 【1336974】，GSD为【"青海-海南"】

2024-11-26 06:12:11 开始第 6976 次操作

2024-11-26 06:12:11 开始操作号码 【1336975】
2024-11-26 06:12:12 GSD getOne 第 1 次 等待 3 秒
2024-11-26 06:12:15 查询号码 【1336975】，返回信息 {"status":"ok","msg":"青海-海东","gid":"287750","time_insert":"2021-07-15 22:31"}
2024-11-26 06:12:15 查询号码 【1336975】，GSD为【"青海-海东"】

