2024-10-20 00:13:22 开始第 429 次操作

2024-10-20 00:13:22 开始操作号码 【1330428】
2024-10-20 00:13:23 GSD getOne 第 1 次 等待 3 秒
2024-10-20 00:13:26 查询号码 【1330428】，返回信息 {"status":"ok","msg":"辽宁-大连","gid":"57480","time_insert":"2021-05-11 01:58","time_update":"2021-05-11 05:06"}
2024-10-20 00:13:26 查询号码 【1330428】，GSD为【"辽宁-大连"】

2024-10-20 00:13:27 开始第 430 次操作

2024-10-20 00:13:27 开始操作号码 【1330429】
2024-10-20 00:13:28 GSD getOne 第 1 次 等待 3 秒
2024-10-20 00:13:31 查询号码 【1330429】，返回信息 {"status":"ok","msg":"辽宁-葫芦岛","gid":"57482","time_insert":"2021-05-11 03:08"}
2024-10-20 00:13:31 查询号码 【1330429】，GSD为【"辽宁-葫芦岛"】

2024-10-20 00:13:32 开始第 431 次操作

2024-10-20 00:13:32 开始操作号码 【1330430】
2024-10-20 00:13:33 GSD getOne 第 1 次 等待 3 秒
2024-10-20 00:13:36 查询号码 【1330430】，返回信息 {"status":"ok","msg":"吉林-长春","gid":"57489","time_insert":"2021-05-11 05:19"}
2024-10-20 00:13:36 查询号码 【1330430】，GSD为【"吉林-长春"】

2024-10-20 00:13:37 开始第 432 次操作

2024-10-20 00:13:37 开始操作号码 【1330431】
2024-10-20 00:13:39 GSD getOne 第 1 次 等待 3 秒
2024-10-20 00:13:42 查询号码 【1330431】，返回信息 {"status":"ok","msg":"吉林-长春","gid":"57497","time_insert":"2021-05-11 07:56"}
2024-10-20 00:13:42 查询号码 【1330431】，GSD为【"吉林-长春"】

2024-10-20 00:41:04 开始第 433 次操作

2024-10-20 00:41:04 开始操作号码 【1330432】
2024-10-20 00:41:06 GSD getOne 第 1 次 等待 3 秒
2024-10-20 00:41:09 查询号码 【1330432】，返回信息 {"status":"ok","msg":"吉林-长春","gid":"57503","time_insert":"2021-05-11 09:43"}
2024-10-20 00:41:09 查询号码 【1330432】，GSD为【"吉林-长春"】

2024-10-20 00:41:10 开始第 434 次操作

2024-10-20 00:41:10 开始操作号码 【1330433】
2024-10-20 00:41:10 GSD getOne 第 1 次 等待 3 秒
2024-10-20 00:41:13 查询号码 【1330433】，返回信息 {"status":"ok","msg":"吉林-长春","gid":"57513","time_insert":"2021-05-11 12:36"}
2024-10-20 00:41:14 查询号码 【1330433】，GSD为【"吉林-长春"】

2024-10-20 00:41:15 开始第 435 次操作

2024-10-20 00:41:15 开始操作号码 【1330434】
2024-10-20 00:41:15 GSD getOne 第 1 次 等待 3 秒
2024-10-20 00:41:18 查询号码 【1330434】，返回信息 {"status":"ok","msg":"吉林-四平","gid":"57523","time_insert":"2021-05-11 14:17"}
2024-10-20 00:41:18 查询号码 【1330434】，GSD为【"吉林-四平"】

2024-10-20 00:41:20 开始第 436 次操作

2024-10-20 00:41:20 开始操作号码 【1330435】
2024-10-20 00:41:20 GSD getOne 第 1 次 等待 3 秒
2024-10-20 00:41:23 查询号码 【1330435】，返回信息 {"status":"ok","msg":"吉林-四平","gid":"57535","time_insert":"2021-05-11 15:47"}
2024-10-20 00:41:23 查询号码 【1330435】，GSD为【"吉林-四平"】

