2023-12-31 00:10:23 开始第 6249 次操作

2023-12-31 00:10:23 开始操作号码 【1886162】
2023-12-31 00:10:26 GSD getOne 第 1 次 等待 3 秒
2023-12-31 00:10:29 查询号码 【1886162】，返回信息 {"status":"ok","msg":"江苏-无锡","gid":"449829","time_insert":"2021-07-30 23:59"}
2023-12-31 00:10:29 查询号码 【1886162】，GSD为【"江苏-无锡"】

2023-12-31 00:10:30 开始第 6250 次操作

2023-12-31 00:10:30 开始操作号码 【1886163】
2023-12-31 00:10:34 GSD getOne 第 1 次 等待 3 秒
2023-12-31 00:10:37 查询号码 【1886163】，返回信息 {"status":"ok","msg":"江苏-无锡","gid":"449813","time_insert":"2021-07-30 23:58"}
2023-12-31 00:10:37 查询号码 【1886163】，GSD为【"江苏-无锡"】

2023-12-31 00:10:38 开始第 6251 次操作

2023-12-31 00:10:38 开始操作号码 【1886164】
2023-12-31 00:10:41 GSD getOne 第 1 次 等待 3 秒
2023-12-31 00:10:44 查询号码 【1886164】，返回信息 {"status":"ok","msg":"江苏-无锡","gid":"449791","time_insert":"2021-07-30 23:53"}
2023-12-31 00:10:44 查询号码 【1886164】，GSD为【"江苏-无锡"】

2023-12-31 00:10:45 开始第 6252 次操作

2023-12-31 00:10:45 开始操作号码 【1886165】
2023-12-31 00:10:51 GSD getOne 第 1 次 等待 3 秒
2023-12-31 00:10:54 查询号码 【1886165】，返回信息 {"status":"ok","msg":"江苏-无锡","gid":"449779","time_insert":"2021-07-30 23:52"}
2023-12-31 00:10:54 查询号码 【1886165】，GSD为【"江苏-无锡"】

