2024-02-24 00:10:09 开始第 5481 次操作

2024-02-24 00:10:09 开始操作号码 【1775394】
2024-02-24 00:10:14 GSD getOne 第 1 次 等待 3 秒
2024-02-24 00:10:17 查询号码 【1775394】，返回信息 {"status":"ok","msg":"山东-临沂","gid":"251579","time_insert":"2021-07-11 22:48"}
2024-02-24 00:10:17 查询号码 【1775394】，GSD为【"山东-临沂"】

2024-02-24 00:10:18 开始第 5482 次操作

2024-02-24 00:10:18 开始操作号码 【1775395】
2024-02-24 00:10:26 GSD getOne 第 1 次 等待 3 秒
2024-02-24 00:10:29 查询号码 【1775395】，返回信息 {"status":"ok","msg":"山东-临沂","gid":"251571","time_insert":"2021-07-11 22:48"}
2024-02-24 00:10:29 查询号码 【1775395】，GSD为【"山东-临沂"】

2024-02-24 00:10:30 开始第 5483 次操作

2024-02-24 00:10:30 开始操作号码 【1775396】
2024-02-24 00:10:35 GSD getOne 第 1 次 等待 3 秒
2024-02-24 00:10:38 查询号码 【1775396】，返回信息 {"status":"ok","msg":"山东-临沂","gid":"251561","time_insert":"2021-07-11 22:47"}
2024-02-24 00:10:38 查询号码 【1775396】，GSD为【"山东-临沂"】

2024-02-24 00:10:39 开始第 5484 次操作

2024-02-24 00:10:39 开始操作号码 【1775397】
2024-02-24 00:10:43 GSD getOne 第 1 次 等待 3 秒
2024-02-24 00:10:46 查询号码 【1775397】，返回信息 {"status":"ok","msg":"山东-临沂","gid":"251549","time_insert":"2021-07-11 22:46"}
2024-02-24 00:10:46 查询号码 【1775397】，GSD为【"山东-临沂"】

