2023-12-14 00:10:46 开始第 3129 次操作

2023-12-14 00:10:46 开始操作号码 【1883042】
2023-12-14 00:10:50 GSD getOne 第 1 次 等待 3 秒
2023-12-14 00:10:53 查询号码 【1883042】，返回信息 {"status":"ok","msg":"河北-承德","gid":"485433","time_insert":"2021-08-03 01:52"}
2023-12-14 00:10:53 查询号码 【1883042】，GSD为【"河北-承德"】

2023-12-14 00:10:54 开始第 3130 次操作

2023-12-14 00:10:54 开始操作号码 【1883043】
2023-12-14 00:10:58 GSD getOne 第 1 次 等待 3 秒
2023-12-14 00:11:01 查询号码 【1883043】，返回信息 {"status":"ok","msg":"河北-承德","gid":"485422","time_insert":"2021-08-03 01:51"}
2023-12-14 00:11:01 查询号码 【1883043】，GSD为【"河北-承德"】

2023-12-14 00:11:02 开始第 3131 次操作

2023-12-14 00:11:02 开始操作号码 【1883044】
2023-12-14 00:11:05 GSD getOne 第 1 次 等待 3 秒
2023-12-14 00:11:08 查询号码 【1883044】，返回信息 {"status":"ok","msg":"河北-承德","gid":"485413","time_insert":"2021-08-03 01:51"}
2023-12-14 00:11:08 查询号码 【1883044】，GSD为【"河北-承德"】

2023-12-14 00:11:09 开始第 3132 次操作

2023-12-14 00:11:09 开始操作号码 【1883045】
2023-12-14 00:11:13 GSD getOne 第 1 次 等待 3 秒
2023-12-14 00:11:16 查询号码 【1883045】，返回信息 {"status":"ok","msg":"河北-秦皇岛","gid":"485400","time_insert":"2021-08-03 01:50"}
2023-12-14 00:11:16 查询号码 【1883045】，GSD为【"河北-秦皇岛"】

