2024-02-06 00:10:18 开始第 2169 次操作

2024-02-06 00:10:18 开始操作号码 【1772082】
2024-02-06 00:10:23 GSD getOne 第 1 次 等待 3 秒
2024-02-06 00:10:26 查询号码 【1772082】，返回信息 {"status":"ok","msg":"福建-莆田","gid":"288622","time_insert":"2021-07-16 01:03"}
2024-02-06 00:10:26 查询号码 【1772082】，GSD为【"福建-莆田"】

2024-02-06 00:10:27 开始第 2170 次操作

2024-02-06 00:10:27 开始操作号码 【1772083】
2024-02-06 00:10:31 GSD getOne 第 1 次 等待 3 秒
2024-02-06 00:10:34 查询号码 【1772083】，返回信息 {"status":"ok","msg":"福建-莆田","gid":"288615","time_insert":"2021-07-16 01:03"}
2024-02-06 00:10:34 查询号码 【1772083】，GSD为【"福建-莆田"】

2024-02-06 00:10:35 开始第 2171 次操作

2024-02-06 00:10:35 开始操作号码 【1772084】
2024-02-06 00:10:40 GSD getOne 第 1 次 等待 3 秒
2024-02-06 00:10:43 查询号码 【1772084】，返回信息 {"status":"ok","msg":"福建-莆田","gid":"288609","time_insert":"2021-07-16 01:02"}
2024-02-06 00:10:43 查询号码 【1772084】，GSD为【"福建-莆田"】

2024-02-06 00:10:44 开始第 2172 次操作

2024-02-06 00:10:44 开始操作号码 【1772085】
2024-02-06 00:10:50 GSD getOne 第 1 次 等待 3 秒
2024-02-06 00:10:53 查询号码 【1772085】，返回信息 {"status":"ok","msg":"福建-莆田","gid":"288514","time_insert":"2021-07-16 00:16"}
2024-02-06 00:10:53 查询号码 【1772085】，GSD为【"福建-莆田"】

2024-02-06 00:34:26 开始第 2173 次操作

2024-02-06 00:34:26 开始操作号码 【1772086】
2024-02-06 00:34:30 GSD getOne 第 1 次 等待 3 秒
2024-02-06 00:34:33 查询号码 【1772086】，返回信息 {"status":"ok","msg":"福建-厦门","gid":"288508","time_insert":"2021-07-16 00:15"}
2024-02-06 00:34:33 查询号码 【1772086】，GSD为【"福建-厦门"】

2024-02-06 00:34:34 开始第 2174 次操作

2024-02-06 00:34:34 开始操作号码 【1772087】
2024-02-06 00:34:39 GSD getOne 第 1 次 等待 3 秒
2024-02-06 00:34:42 查询号码 【1772087】，返回信息 {"status":"ok","msg":"福建-厦门","gid":"288498","time_insert":"2021-07-16 00:14"}
2024-02-06 00:34:42 查询号码 【1772087】，GSD为【"福建-厦门"】

2024-02-06 00:34:43 开始第 2175 次操作

2024-02-06 00:34:43 开始操作号码 【1772088】
2024-02-06 00:34:47 GSD getOne 第 1 次 等待 3 秒
2024-02-06 00:34:50 查询号码 【1772088】，返回信息 {"status":"ok","msg":"福建-厦门","gid":"288493","time_insert":"2021-07-16 00:13"}
2024-02-06 00:34:50 查询号码 【1772088】，GSD为【"福建-厦门"】

2024-02-06 00:34:51 开始第 2176 次操作

2024-02-06 00:34:51 开始操作号码 【1772089】
2024-02-06 00:34:55 GSD getOne 第 1 次 等待 3 秒
2024-02-06 00:34:58 查询号码 【1772089】，返回信息 {"status":"ok","msg":"福建-龙岩","gid":"288486","time_insert":"2021-07-16 00:12"}
2024-02-06 00:34:58 查询号码 【1772089】，GSD为【"福建-龙岩"】

