2023-11-09 00:11:30 开始第 7813 次操作

2023-11-09 00:11:30 开始操作号码 【1987725】
2023-11-09 00:11:37 GSD getOne 第 1 次 等待 3 秒
2023-11-09 00:11:40 查询号码 【1987725】，返回信息 {"status":"ok","msg":"广西-来宾","gid":"483972","time_insert":"2021-08-02 22:38"}
2023-11-09 00:11:40 查询号码 【1987725】，GSD为【"广西-来宾"】

2023-11-09 00:11:41 开始第 7814 次操作

2023-11-09 00:11:41 开始操作号码 【1987726】
2023-11-09 00:11:44 GSD getOne 第 1 次 等待 3 秒
2023-11-09 00:11:47 查询号码 【1987726】，返回信息 {"status":"ok","msg":"广西-柳州","gid":"483966","time_insert":"2021-08-02 22:38"}
2023-11-09 00:11:47 查询号码 【1987726】，GSD为【"广西-柳州"】

2023-11-09 00:11:48 开始第 7815 次操作

2023-11-09 00:11:48 开始操作号码 【1987727】
2023-11-09 00:11:55 GSD getOne 第 1 次 等待 3 秒
2023-11-09 00:11:58 查询号码 【1987727】，返回信息 {"status":"ok","msg":"广西-柳州","gid":"483961","time_insert":"2021-08-02 22:37"}
2023-11-09 00:11:58 查询号码 【1987727】，GSD为【"广西-柳州"】

2023-11-09 00:11:59 开始第 7816 次操作

2023-11-09 00:11:59 开始操作号码 【1987728】
2023-11-09 00:12:08 GSD getOne 第 1 次 等待 3 秒
2023-11-09 00:12:11 查询号码 【1987728】，返回信息 {"status":"ok","msg":"广西-柳州","gid":"483952","time_insert":"2021-08-02 22:36"}
2023-11-09 00:12:11 查询号码 【1987728】，GSD为【"广西-柳州"】

