2024-03-10 00:09:29 开始第 8197 次操作

2024-03-10 00:09:29 开始操作号码 【1778110】
2024-03-10 00:09:35 GSD getOne 第 1 次 等待 3 秒
2024-03-10 00:09:38 查询号码 【1778110】，返回信息 {"status":"ok","msg":"四川-南充","gid":"31116","time_insert":"2018-04-24 21:56","time_update":"2020-10-31 14:46"}
2024-03-10 00:09:38 查询号码 【1778110】，GSD为【"四川-南充"】

2024-03-10 00:09:39 开始第 8198 次操作

2024-03-10 00:09:39 开始操作号码 【1778111】
2024-03-10 00:09:47 GSD getOne 第 1 次 等待 3 秒
2024-03-10 00:09:50 查询号码 【1778111】，返回信息 {"status":"ok","msg":"四川-南充","gid":"31117","time_insert":"2017-01-14 05:48","time_update":"2021-06-11 11:48"}
2024-03-10 00:09:50 查询号码 【1778111】，GSD为【"四川-南充"】

2024-03-10 00:09:51 开始第 8199 次操作

2024-03-10 00:09:51 开始操作号码 【1778112】
2024-03-10 00:09:55 GSD getOne 第 1 次 等待 3 秒
2024-03-10 00:09:58 查询号码 【1778112】，返回信息 {"status":"ok","msg":"四川-南充","gid":"31118","time_insert":"2020-05-12 00:31","time_update":"2020-10-31 14:54"}
2024-03-10 00:09:58 查询号码 【1778112】，GSD为【"四川-南充"】

2024-03-10 00:09:59 开始第 8200 次操作

2024-03-10 00:09:59 开始操作号码 【1778113】
2024-03-10 00:10:04 GSD getOne 第 1 次 等待 3 秒
2024-03-10 00:10:07 查询号码 【1778113】，返回信息 {"status":"ok","msg":"四川-南充","gid":"31119","time_insert":"2018-10-24 20:35","time_update":"2021-06-11 12:05"}
2024-03-10 00:10:07 查询号码 【1778113】，GSD为【"四川-南充"】

2024-03-10 00:36:02 开始第 8201 次操作

2024-03-10 00:36:02 开始操作号码 【1778114】
2024-03-10 00:36:07 GSD getOne 第 1 次 等待 3 秒
2024-03-10 00:36:10 查询号码 【1778114】，返回信息 {"status":"ok","msg":"四川-南充","gid":"31120","time_insert":"2018-07-26 23:20","time_update":"2021-06-11 12:19"}
2024-03-10 00:36:10 查询号码 【1778114】，GSD为【"四川-南充"】

2024-03-10 00:36:11 开始第 8202 次操作

2024-03-10 00:36:11 开始操作号码 【1778115】
2024-03-10 00:36:16 GSD getOne 第 1 次 等待 3 秒
2024-03-10 00:36:19 查询号码 【1778115】，返回信息 {"status":"ok","msg":"四川-南充","gid":"31121","time_insert":"2018-10-31 11:06","time_update":"2020-10-31 15:07"}
2024-03-10 00:36:19 查询号码 【1778115】，GSD为【"四川-南充"】

2024-03-10 00:36:20 开始第 8203 次操作

2024-03-10 00:36:20 开始操作号码 【1778116】
2024-03-10 00:36:25 GSD getOne 第 1 次 等待 3 秒
2024-03-10 00:36:28 查询号码 【1778116】，返回信息 {"status":"ok","msg":"四川-眉山","gid":"31122","time_insert":"2017-10-10 14:51","time_update":"2020-10-31 15:11"}
2024-03-10 00:36:28 查询号码 【1778116】，GSD为【"四川-眉山"】

2024-03-10 00:36:29 开始第 8204 次操作

2024-03-10 00:36:29 开始操作号码 【1778117】
2024-03-10 00:36:34 GSD getOne 第 1 次 等待 3 秒
2024-03-10 00:36:37 查询号码 【1778117】，返回信息 {"status":"ok","msg":"四川-眉山","gid":"31123","time_insert":"2017-06-02 16:04","time_update":"2021-06-11 12:33"}
2024-03-10 00:36:37 查询号码 【1778117】，GSD为【"四川-眉山"】

2024-03-10 01:06:49 开始第 8205 次操作

2024-03-10 01:06:49 开始操作号码 【1778118】
2024-03-10 01:06:54 GSD getOne 第 1 次 等待 3 秒
2024-03-10 01:06:57 查询号码 【1778118】，返回信息 {"status":"ok","msg":"四川-内江","gid":"222474","time_insert":"2021-07-08 12:59"}
2024-03-10 01:06:57 查询号码 【1778118】，GSD为【"四川-内江"】

2024-03-10 01:06:58 开始第 8206 次操作

2024-03-10 01:06:58 开始操作号码 【1778119】
2024-03-10 01:07:04 GSD getOne 第 1 次 等待 3 秒
2024-03-10 01:07:07 查询号码 【1778119】，返回信息 {"status":"ok","msg":"四川-内江","gid":"31124","time_insert":"2019-11-15 11:24","time_update":"2021-06-11 12:48"}
2024-03-10 01:07:07 查询号码 【1778119】，GSD为【"四川-内江"】

2024-03-10 01:07:08 开始第 8207 次操作

2024-03-10 01:07:08 开始操作号码 【1778120】
2024-03-10 01:07:13 GSD getOne 第 1 次 等待 3 秒
2024-03-10 01:07:16 查询号码 【1778120】，返回信息 {"status":"ok","msg":"四川-南充","gid":"31125","time_insert":"2018-09-25 22:44","time_update":"2021-06-11 13:04"}
2024-03-10 01:07:16 查询号码 【1778120】，GSD为【"四川-南充"】

2024-03-10 01:07:17 开始第 8208 次操作

2024-03-10 01:07:17 开始操作号码 【1778121】
2024-03-10 01:07:21 GSD getOne 第 1 次 等待 3 秒
2024-03-10 01:07:24 查询号码 【1778121】，返回信息 {"status":"ok","msg":"四川-乐山","gid":"31126","time_insert":"2017-09-02 13:31","time_update":"2021-06-11 13:19"}
2024-03-10 01:07:24 查询号码 【1778121】，GSD为【"四川-乐山"】

