2024-04-14 00:10:48 开始第 3665 次操作

2024-04-14 00:10:48 开始操作号码 【1663579】
2024-04-14 00:10:54 GSD getOne 第 1 次 等待 3 秒
2024-04-14 00:10:57 查询号码 【1663579】，返回信息 {"status":"ok","msg":"山西-临汾","gid":"139481","time_insert":"2021-06-27 13:43"}
2024-04-14 00:10:58 查询号码 【1663579】，GSD为【"山西-临汾"】

2024-04-14 00:10:59 开始第 3666 次操作

2024-04-14 00:10:59 开始操作号码 【1663580】
2024-04-14 00:11:05 GSD getOne 第 1 次 等待 3 秒
2024-04-14 00:11:08 查询号码 【1663580】，返回信息 {"status":"ok","msg":"山西-吕梁","gid":"139490","time_insert":"2021-06-27 13:44"}
2024-04-14 00:11:08 查询号码 【1663580】，GSD为【"山西-吕梁"】

2024-04-14 00:11:09 开始第 3667 次操作

2024-04-14 00:11:09 开始操作号码 【1663581】
2024-04-14 00:11:15 GSD getOne 第 1 次 等待 3 秒
2024-04-14 00:11:18 查询号码 【1663581】，返回信息 {"status":"ok","msg":"山西-吕梁","gid":"139502","time_insert":"2021-06-27 13:45"}
2024-04-14 00:11:18 查询号码 【1663581】，GSD为【"山西-吕梁"】

2024-04-14 00:11:19 开始第 3668 次操作

2024-04-14 00:11:19 开始操作号码 【1663582】
2024-04-14 00:11:25 GSD getOne 第 1 次 等待 3 秒
2024-04-14 00:11:28 查询号码 【1663582】，返回信息 {"status":"ok","msg":"山西-吕梁","gid":"139513","time_insert":"2021-06-27 13:46"}
2024-04-14 00:11:28 查询号码 【1663582】，GSD为【"山西-吕梁"】

2024-04-14 00:32:44 开始第 3669 次操作

2024-04-14 00:32:44 开始操作号码 【1663583】
2024-04-14 00:32:53 GSD getOne 第 1 次 等待 3 秒
2024-04-14 00:32:56 查询号码 【1663583】，返回信息 {"status":"ok","msg":"山西-吕梁","gid":"139525","time_insert":"2021-06-27 13:47"}
2024-04-14 00:32:56 查询号码 【1663583】，GSD为【"山西-吕梁"】

2024-04-14 00:32:57 开始第 3670 次操作

2024-04-14 00:32:57 开始操作号码 【1663584】
2024-04-14 00:33:01 GSD getOne 第 1 次 等待 3 秒
2024-04-14 00:33:04 查询号码 【1663584】，返回信息 {"status":"ok","msg":"山西-吕梁","gid":"139533","time_insert":"2021-06-27 13:48"}
2024-04-14 00:33:04 查询号码 【1663584】，GSD为【"山西-吕梁"】

2024-04-14 00:33:05 开始第 3671 次操作

2024-04-14 00:33:05 开始操作号码 【1663585】
2024-04-14 00:33:13 GSD getOne 第 1 次 等待 3 秒
2024-04-14 00:33:16 查询号码 【1663585】，返回信息 {"status":"ok","msg":"山西-吕梁","gid":"139545","time_insert":"2021-06-27 13:48"}
2024-04-14 00:33:16 查询号码 【1663585】，GSD为【"山西-吕梁"】

2024-04-14 00:33:17 开始第 3672 次操作

2024-04-14 00:33:17 开始操作号码 【1663586】
2024-04-14 00:33:23 GSD getOne 第 1 次 等待 3 秒
2024-04-14 00:33:26 查询号码 【1663586】，返回信息 {"status":"ok","msg":"山西-吕梁","gid":"139553","time_insert":"2021-06-27 13:49"}
2024-04-14 00:33:26 查询号码 【1663586】，GSD为【"山西-吕梁"】

