2024-09-12 00:12:35 开始第 4181 次操作

2024-09-12 00:12:35 开始操作号码 【1444179】
2024-09-12 00:12:52 GSD getOne 第 1 次 等待 3 秒
2024-09-12 00:12:55 查询号码 【1444179】，返回信息 {"status":"ok","msg":"-","gid":"607397","time_insert":"2023-03-22 15:36"}
2024-09-12 00:12:56 查询号码 【1444179】，GSD为【"-"】
2024-09-12 00:12:56 ok && -
2024-09-12 00:12:58 CHB 1444179?1726071176 第 1 次 等待 3 秒
2024-09-12 00:13:01 CHB 1444179?1726071176 第 1 次 获取到号码【1444179】GSD
2024-09-12 00:13:02 未获取到号码【1444179】GSD，可能号码格式错误
2024-09-12 00:13:02 获取到号码【1444179】的GSD为【-】
2024-09-12 00:13:20 GSD insert 第 1 次 等待 3 秒
2024-09-12 00:13:23 {"status":"bad","gid":"607397","msg":"添加失败！号码【1444179(-|-)】已存在！"}
2024-09-12 00:13:23 随机等待 146 秒，约 2 分钟
2024-09-12 00:13:23 下次操作: 2024-09-12 00:15:49

2024-09-12 00:15:49 开始第 4182 次操作

2024-09-12 00:15:49 开始操作号码 【1444180】
2024-09-12 00:16:04 GSD getOne 第 1 次 等待 3 秒
2024-09-12 00:16:07 查询号码 【1444180】，返回信息 {"status":"ok","msg":"-","gid":"607416","time_insert":"2023-03-22 15:46"}
2024-09-12 00:16:07 查询号码 【1444180】，GSD为【"-"】
2024-09-12 00:16:07 ok && -
2024-09-12 00:16:09 CHB 1444180?1726071367 第 1 次 等待 3 秒
2024-09-12 00:16:12 CHB 1444180?1726071367 第 1 次 获取到号码【1444180】GSD
2024-09-12 00:16:12 未获取到号码【1444180】GSD，可能号码格式错误
2024-09-12 00:16:12 获取到号码【1444180】的GSD为【-】
2024-09-12 00:16:21 GSD insert 第 1 次 等待 3 秒
2024-09-12 00:16:24 {"status":"bad","gid":"607416","msg":"添加失败！号码【1444180(-|-)】已存在！"}
2024-09-12 00:16:24 随机等待 71 秒，约 1 分钟
2024-09-12 00:16:24 下次操作: 2024-09-12 00:17:35

2024-09-12 00:17:35 开始第 4183 次操作

2024-09-12 00:17:35 开始操作号码 【1444181】
2024-09-12 00:17:46 GSD getOne 第 1 次 等待 3 秒
2024-09-12 00:17:49 查询号码 【1444181】，返回信息 {"status":"ok","msg":"-","gid":"607451","time_insert":"2023-03-22 16:08"}
2024-09-12 00:17:49 查询号码 【1444181】，GSD为【"-"】
2024-09-12 00:17:49 ok && -
2024-09-12 00:17:51 CHB 1444181?1726071469 第 1 次 等待 3 秒
2024-09-12 00:17:54 CHB 1444181?1726071469 第 1 次 获取到号码【1444181】GSD
2024-09-12 00:17:54 未获取到号码【1444181】GSD，可能号码格式错误
2024-09-12 00:17:54 获取到号码【1444181】的GSD为【-】
2024-09-12 00:18:06 GSD insert 第 1 次 等待 3 秒
2024-09-12 00:18:09 {"status":"bad","gid":"607451","msg":"添加失败！号码【1444181(-|-)】已存在！"}
2024-09-12 00:18:09 随机等待 167 秒，约 2 分钟
2024-09-12 00:18:09 下次操作: 2024-09-12 00:20:56

2024-09-12 00:20:56 开始第 4184 次操作

2024-09-12 00:20:56 开始操作号码 【1444182】
2024-09-12 00:21:03 GSD getOne 第 1 次 等待 3 秒
2024-09-12 00:21:06 查询号码 【1444182】，返回信息 {"status":"ok","msg":"-","gid":"607480","time_insert":"2023-03-22 16:29"}
2024-09-12 00:21:06 查询号码 【1444182】，GSD为【"-"】
2024-09-12 00:21:06 ok && -
2024-09-12 00:21:08 CHB 1444182?1726071666 第 1 次 等待 3 秒
2024-09-12 00:21:11 CHB 1444182?1726071666 第 1 次 获取到号码【1444182】GSD
2024-09-12 00:21:11 未获取到号码【1444182】GSD，可能号码格式错误
2024-09-12 00:21:11 获取到号码【1444182】的GSD为【-】
2024-09-12 00:21:21 GSD insert 第 1 次 等待 3 秒
2024-09-12 00:21:24 {"status":"bad","gid":"607480","msg":"添加失败！号码【1444182(-|-)】已存在！"}

2024-09-12 00:41:09 开始第 4185 次操作

2024-09-12 00:41:09 开始操作号码 【1444183】
2024-09-12 00:41:24 GSD getOne 第 1 次 等待 3 秒
2024-09-12 00:41:27 查询号码 【1444183】，返回信息 {"status":"ok","msg":"-","gid":"607511","time_insert":"2023-03-22 16:47"}
2024-09-12 00:41:27 查询号码 【1444183】，GSD为【"-"】
2024-09-12 00:41:27 ok && -
2024-09-12 00:41:28 CHB 1444183?1726072887 第 1 次 等待 3 秒
2024-09-12 00:41:31 CHB 1444183?1726072887 第 1 次 获取到号码【1444183】GSD
2024-09-12 00:41:31 未获取到号码【1444183】GSD，可能号码格式错误
2024-09-12 00:41:31 获取到号码【1444183】的GSD为【-】
2024-09-12 00:41:40 GSD insert 第 1 次 等待 3 秒
2024-09-12 00:41:43 {"status":"bad","gid":"607511","msg":"添加失败！号码【1444183(-|-)】已存在！"}
2024-09-12 00:41:43 随机等待 224 秒，约 3 分钟
2024-09-12 00:41:43 下次操作: 2024-09-12 00:45:27

2024-09-12 00:45:27 开始第 4186 次操作

2024-09-12 00:45:27 开始操作号码 【1444184】
2024-09-12 00:45:34 GSD getOne 第 1 次 等待 3 秒
2024-09-12 00:45:37 查询号码 【1444184】，返回信息 {"status":"ok","msg":"-","gid":"607531","time_insert":"2023-03-22 16:58"}
2024-09-12 00:45:37 查询号码 【1444184】，GSD为【"-"】
2024-09-12 00:45:37 ok && -
2024-09-12 00:45:39 CHB 1444184?1726073137 第 1 次 等待 3 秒
2024-09-12 00:45:42 CHB 1444184?1726073137 第 1 次 获取到号码【1444184】GSD
2024-09-12 00:45:42 未获取到号码【1444184】GSD，可能号码格式错误
2024-09-12 00:45:42 获取到号码【1444184】的GSD为【-】
2024-09-12 00:45:50 GSD insert 第 1 次 等待 3 秒
2024-09-12 00:45:53 {"status":"bad","gid":"607531","msg":"添加失败！号码【1444184(-|-)】已存在！"}
2024-09-12 00:45:53 随机等待 223 秒，约 3 分钟
2024-09-12 00:45:53 下次操作: 2024-09-12 00:49:36

2024-09-12 00:49:36 开始第 4187 次操作

2024-09-12 00:49:36 开始操作号码 【1444185】
2024-09-12 00:49:44 GSD getOne 第 1 次 等待 3 秒
2024-09-12 00:49:47 查询号码 【1444185】，返回信息 {"status":"ok","msg":"-","gid":"607555","time_insert":"2023-03-22 17:15"}
2024-09-12 00:49:47 查询号码 【1444185】，GSD为【"-"】
2024-09-12 00:49:47 ok && -
2024-09-12 00:49:48 CHB 1444185?1726073387 第 1 次 等待 3 秒
2024-09-12 00:49:51 CHB 1444185?1726073387 第 1 次 获取到号码【1444185】GSD
2024-09-12 00:49:51 未获取到号码【1444185】GSD，可能号码格式错误
2024-09-12 00:49:51 获取到号码【1444185】的GSD为【-】
2024-09-12 00:49:59 GSD insert 第 1 次 等待 3 秒
2024-09-12 00:50:02 {"status":"bad","gid":"607555","msg":"添加失败！号码【1444185(-|-)】已存在！"}
2024-09-12 00:50:02 随机等待 101 秒，约 1 分钟
2024-09-12 00:50:02 下次操作: 2024-09-12 00:51:43

2024-09-12 00:51:43 开始第 4188 次操作

2024-09-12 00:51:43 开始操作号码 【1444186】
2024-09-12 00:51:54 GSD getOne 第 1 次 等待 3 秒
2024-09-12 00:51:57 查询号码 【1444186】，返回信息 {"status":"ok","msg":"-","gid":"607586","time_insert":"2023-03-22 17:35"}
2024-09-12 00:51:57 查询号码 【1444186】，GSD为【"-"】
2024-09-12 00:51:57 ok && -
2024-09-12 00:53:08 CHB 1444186?1726073517 第 1 次 等待 3 秒
2024-09-12 00:53:11 CHB 1444186?1726073517 第 1 次 获取到号码【1444186】GSD
2024-09-12 00:53:11 未获取到号码【1444186】GSD，可能号码格式错误
2024-09-12 00:53:11 获取到号码【1444186】的GSD为【-】
2024-09-12 00:53:20 GSD insert 第 1 次 等待 3 秒
2024-09-12 00:53:23 {"status":"bad","gid":"607586","msg":"添加失败！号码【1444186(-|-)】已存在！"}

2024-09-12 01:08:58 开始第 4189 次操作

2024-09-12 01:08:58 开始操作号码 【1444187】
2024-09-12 01:09:09 GSD getOne 第 1 次 等待 3 秒
2024-09-12 01:09:12 查询号码 【1444187】，返回信息 {"status":"ok","msg":"-","gid":"607625","time_insert":"2023-03-22 17:57"}
2024-09-12 01:09:12 查询号码 【1444187】，GSD为【"-"】
2024-09-12 01:09:12 ok && -
2024-09-12 01:09:14 CHB 1444187?1726074552 第 1 次 等待 3 秒
2024-09-12 01:09:17 CHB 1444187?1726074552 第 1 次 获取到号码【1444187】GSD
2024-09-12 01:09:17 未获取到号码【1444187】GSD，可能号码格式错误
2024-09-12 01:09:17 获取到号码【1444187】的GSD为【-】
2024-09-12 01:09:25 GSD insert 第 1 次 等待 3 秒
2024-09-12 01:09:28 {"status":"bad","gid":"607625","msg":"添加失败！号码【1444187(-|-)】已存在！"}
2024-09-12 01:09:28 随机等待 116 秒，约 1 分钟
2024-09-12 01:09:28 下次操作: 2024-09-12 01:11:24

2024-09-12 01:11:24 开始第 4190 次操作

2024-09-12 01:11:24 开始操作号码 【1444188】
2024-09-12 01:11:32 GSD getOne 第 1 次 等待 3 秒
2024-09-12 01:11:35 查询号码 【1444188】，返回信息 {"status":"ok","msg":"-","gid":"607645","time_insert":"2023-03-22 18:10"}
2024-09-12 01:11:35 查询号码 【1444188】，GSD为【"-"】
2024-09-12 01:11:35 ok && -
2024-09-12 01:11:36 CHB 1444188?1726074695 第 1 次 等待 3 秒
2024-09-12 01:11:39 CHB 1444188?1726074695 第 1 次 获取到号码【1444188】GSD
2024-09-12 01:11:39 未获取到号码【1444188】GSD，可能号码格式错误
2024-09-12 01:11:39 获取到号码【1444188】的GSD为【-】
2024-09-12 01:11:47 GSD insert 第 1 次 等待 3 秒
2024-09-12 01:11:50 {"status":"bad","gid":"607645","msg":"添加失败！号码【1444188(-|-)】已存在！"}
2024-09-12 01:11:50 随机等待 126 秒，约 2 分钟
2024-09-12 01:11:50 下次操作: 2024-09-12 01:13:56

2024-09-12 01:13:56 开始第 4191 次操作

2024-09-12 01:13:56 开始操作号码 【1444189】
2024-09-12 01:14:05 GSD getOne 第 1 次 等待 3 秒
2024-09-12 01:14:08 查询号码 【1444189】，返回信息 {"status":"ok","msg":"-","gid":"607661","time_insert":"2023-03-22 18:22"}
2024-09-12 01:14:08 查询号码 【1444189】，GSD为【"-"】
2024-09-12 01:14:08 ok && -
2024-09-12 01:14:10 CHB 1444189?1726074848 第 1 次 等待 3 秒
2024-09-12 01:14:13 CHB 1444189?1726074848 第 1 次 获取到号码【1444189】GSD
2024-09-12 01:14:13 未获取到号码【1444189】GSD，可能号码格式错误
2024-09-12 01:14:13 获取到号码【1444189】的GSD为【-】
2024-09-12 01:14:20 GSD insert 第 1 次 等待 3 秒
2024-09-12 01:14:23 {"status":"bad","gid":"607661","msg":"添加失败！号码【1444189(-|-)】已存在！"}
2024-09-12 01:14:23 随机等待 232 秒，约 3 分钟
2024-09-12 01:14:23 下次操作: 2024-09-12 01:18:15

2024-09-12 01:18:15 开始第 4192 次操作

2024-09-12 01:18:15 开始操作号码 【1444190】
2024-09-12 01:18:23 GSD getOne 第 1 次 等待 3 秒
2024-09-12 01:18:26 查询号码 【1444190】，返回信息 {"status":"ok","msg":"-","gid":"607675","time_insert":"2023-03-22 18:30"}
2024-09-12 01:18:26 查询号码 【1444190】，GSD为【"-"】
2024-09-12 01:18:26 ok && -
2024-09-12 01:18:28 CHB 1444190?1726075106 第 1 次 等待 3 秒
2024-09-12 01:18:31 CHB 1444190?1726075106 第 1 次 获取到号码【1444190】GSD
2024-09-12 01:18:31 未获取到号码【1444190】GSD，可能号码格式错误
2024-09-12 01:18:31 获取到号码【1444190】的GSD为【-】
2024-09-12 01:18:39 GSD insert 第 1 次 等待 3 秒
2024-09-12 01:18:42 {"status":"bad","gid":"607675","msg":"添加失败！号码【1444190(-|-)】已存在！"}

