2024-05-02 00:11:30 开始第 6817 次操作

2024-05-02 00:11:30 开始操作号码 【1666731】
2024-05-02 00:11:39 GSD getOne 第 1 次 等待 3 秒
2024-05-02 00:11:42 查询号码 【1666731】，返回信息 {"status":"ok","msg":"北京-北京","gid":"173210","time_insert":"2021-07-02 10:51","time_update":"2021-09-18 01:18"}
2024-05-02 00:11:42 查询号码 【1666731】，GSD为【"北京-北京"】

2024-05-02 00:11:43 开始第 6818 次操作

2024-05-02 00:11:43 开始操作号码 【1666732】
2024-05-02 00:11:51 GSD getOne 第 1 次 等待 3 秒
2024-05-02 00:11:54 查询号码 【1666732】，返回信息 {"status":"ok","msg":"北京-北京","gid":"173218","time_insert":"2021-07-02 10:52","time_update":"2021-09-18 01:19"}
2024-05-02 00:11:54 查询号码 【1666732】，GSD为【"北京-北京"】

2024-05-02 00:11:55 开始第 6819 次操作

2024-05-02 00:11:55 开始操作号码 【1666733】
2024-05-02 00:12:05 GSD getOne 第 1 次 等待 3 秒
2024-05-02 00:12:08 查询号码 【1666733】，返回信息 {"status":"ok","msg":"北京-北京","gid":"173223","time_insert":"2021-07-02 10:52","time_update":"2021-09-18 01:20"}
2024-05-02 00:12:08 查询号码 【1666733】，GSD为【"北京-北京"】

2024-05-02 00:12:09 开始第 6820 次操作

2024-05-02 00:12:09 开始操作号码 【1666734】
2024-05-02 00:12:15 GSD getOne 第 1 次 等待 3 秒
2024-05-02 00:12:18 查询号码 【1666734】，返回信息 {"status":"ok","msg":"北京-北京","gid":"173232","time_insert":"2021-07-02 10:53","time_update":"2021-09-18 01:21"}
2024-05-02 00:12:18 查询号码 【1666734】，GSD为【"北京-北京"】

2024-05-02 00:35:38 开始第 6821 次操作

2024-05-02 00:35:38 开始操作号码 【1666735】
2024-05-02 00:35:47 GSD getOne 第 1 次 等待 3 秒
2024-05-02 00:35:50 查询号码 【1666735】，返回信息 {"status":"ok","msg":"北京-北京","gid":"173237","time_insert":"2021-07-02 10:53","time_update":"2021-09-18 01:22"}
2024-05-02 00:35:50 查询号码 【1666735】，GSD为【"北京-北京"】

2024-05-02 00:35:51 开始第 6822 次操作

2024-05-02 00:35:51 开始操作号码 【1666736】
2024-05-02 00:35:57 GSD getOne 第 1 次 等待 3 秒
2024-05-02 00:36:00 查询号码 【1666736】，返回信息 {"status":"ok","msg":"北京-北京","gid":"173244","time_insert":"2021-07-02 10:54","time_update":"2021-09-18 01:23"}
2024-05-02 00:36:00 查询号码 【1666736】，GSD为【"北京-北京"】

2024-05-02 00:36:01 开始第 6823 次操作

2024-05-02 00:36:01 开始操作号码 【1666737】
2024-05-02 00:36:06 GSD getOne 第 1 次 等待 3 秒
2024-05-02 00:36:09 查询号码 【1666737】，返回信息 {"status":"ok","msg":"北京-北京","gid":"173249","time_insert":"2021-07-02 10:54","time_update":"2021-09-18 01:25"}
2024-05-02 00:36:09 查询号码 【1666737】，GSD为【"北京-北京"】

2024-05-02 00:36:10 开始第 6824 次操作

2024-05-02 00:36:10 开始操作号码 【1666738】
2024-05-02 00:36:26 GSD getOne 第 1 次 等待 3 秒
2024-05-02 00:36:29 查询号码 【1666738】，返回信息 {"status":"ok","msg":"北京-北京","gid":"173258","time_insert":"2021-07-02 10:54","time_update":"2021-09-18 01:26"}
2024-05-02 00:36:29 查询号码 【1666738】，GSD为【"北京-北京"】

2024-05-02 01:08:53 开始第 6825 次操作

2024-05-02 01:08:53 开始操作号码 【1666739】
2024-05-02 01:09:00 GSD getOne 第 1 次 等待 3 秒
2024-05-02 01:09:03 查询号码 【1666739】，返回信息 {"status":"ok","msg":"北京-北京","gid":"173263","time_insert":"2021-07-02 10:55","time_update":"2021-09-18 01:27"}
2024-05-02 01:09:03 查询号码 【1666739】，GSD为【"北京-北京"】

2024-05-02 01:09:04 开始第 6826 次操作

2024-05-02 01:09:04 开始操作号码 【1666740】
2024-05-02 01:09:09 GSD getOne 第 1 次 等待 3 秒
2024-05-02 01:09:12 查询号码 【1666740】，返回信息 {"status":"ok","msg":"北京-北京","gid":"173270","time_insert":"2021-07-02 10:55","time_update":"2021-09-18 01:28"}
2024-05-02 01:09:12 查询号码 【1666740】，GSD为【"北京-北京"】

2024-05-02 01:09:13 开始第 6827 次操作

2024-05-02 01:09:13 开始操作号码 【1666741】
2024-05-02 01:09:20 GSD getOne 第 1 次 等待 3 秒
2024-05-02 01:09:23 查询号码 【1666741】，返回信息 {"status":"ok","msg":"北京-北京","gid":"173273","time_insert":"2021-07-02 10:55","time_update":"2021-09-18 01:29"}
2024-05-02 01:09:23 查询号码 【1666741】，GSD为【"北京-北京"】

2024-05-02 01:09:24 开始第 6828 次操作

2024-05-02 01:09:24 开始操作号码 【1666742】
2024-05-02 01:09:32 GSD getOne 第 1 次 等待 3 秒
2024-05-02 01:09:35 查询号码 【1666742】，返回信息 {"status":"ok","msg":"北京-北京","gid":"173280","time_insert":"2021-07-02 10:56","time_update":"2021-09-18 01:30"}
2024-05-02 01:09:35 查询号码 【1666742】，GSD为【"北京-北京"】

2024-05-02 01:33:15 开始第 6829 次操作

2024-05-02 01:33:15 开始操作号码 【1666743】
2024-05-02 01:33:21 GSD getOne 第 1 次 等待 3 秒
2024-05-02 01:33:24 查询号码 【1666743】，返回信息 {"status":"ok","msg":"北京-北京","gid":"173285","time_insert":"2021-07-02 10:56","time_update":"2021-09-18 01:31"}
2024-05-02 01:33:24 查询号码 【1666743】，GSD为【"北京-北京"】

2024-05-02 01:33:25 开始第 6830 次操作

2024-05-02 01:33:25 开始操作号码 【1666744】
2024-05-02 01:33:30 GSD getOne 第 1 次 等待 3 秒
2024-05-02 01:33:33 查询号码 【1666744】，返回信息 {"status":"ok","msg":"北京-北京","gid":"173293","time_insert":"2021-07-02 10:57","time_update":"2021-09-18 01:32"}
2024-05-02 01:33:33 查询号码 【1666744】，GSD为【"北京-北京"】

2024-05-02 01:33:34 开始第 6831 次操作

2024-05-02 01:33:34 开始操作号码 【1666745】
2024-05-02 01:33:40 GSD getOne 第 1 次 等待 3 秒
2024-05-02 01:33:43 查询号码 【1666745】，返回信息 {"status":"ok","msg":"北京-北京","gid":"173302","time_insert":"2021-07-02 10:57","time_update":"2021-09-18 01:33"}
2024-05-02 01:33:43 查询号码 【1666745】，GSD为【"北京-北京"】

2024-05-02 01:33:44 开始第 6832 次操作

2024-05-02 01:33:44 开始操作号码 【1666746】
2024-05-02 01:33:49 GSD getOne 第 1 次 等待 3 秒
2024-05-02 01:33:52 查询号码 【1666746】，返回信息 {"status":"ok","msg":"北京-北京","gid":"173307","time_insert":"2021-07-02 10:57","time_update":"2021-09-18 01:35"}
2024-05-02 01:33:52 查询号码 【1666746】，GSD为【"北京-北京"】

