2024-12-12 00:16:38 开始第 9661 次操作

2024-12-12 00:16:38 开始操作号码 【1339660】
2024-12-12 00:16:39 GSD getOne 第 1 次 等待 3 秒
2024-12-12 00:16:42 查询号码 【1339660】，返回信息 {"status":"ok","msg":"浙江-宁波","gid":"257590","time_insert":"2021-07-12 15:47"}
2024-12-12 00:16:42 查询号码 【1339660】，GSD为【"浙江-宁波"】

2024-12-12 00:16:43 开始第 9662 次操作

2024-12-12 00:16:43 开始操作号码 【1339661】
2024-12-12 00:16:44 GSD getOne 第 1 次 等待 3 秒
2024-12-12 00:16:47 查询号码 【1339661】，返回信息 {"status":"ok","msg":"浙江-宁波","gid":"257579","time_insert":"2021-07-12 15:47"}
2024-12-12 00:16:47 查询号码 【1339661】，GSD为【"浙江-宁波"】

2024-12-12 00:16:48 开始第 9663 次操作

2024-12-12 00:16:48 开始操作号码 【1339662】
2024-12-12 00:16:49 GSD getOne 第 1 次 等待 3 秒
2024-12-12 00:16:52 查询号码 【1339662】，返回信息 {"status":"ok","msg":"浙江-宁波","gid":"257565","time_insert":"2021-07-12 15:46","time_update":"2021-07-12 16:55"}
2024-12-12 00:16:52 查询号码 【1339662】，GSD为【"浙江-宁波"】

2024-12-12 00:16:53 开始第 9664 次操作

2024-12-12 00:16:53 开始操作号码 【1339663】
2024-12-12 00:16:54 GSD getOne 第 1 次 等待 3 秒
2024-12-12 00:16:57 查询号码 【1339663】，返回信息 {"status":"ok","msg":"浙江-宁波","gid":"257555","time_insert":"2021-07-12 15:45","time_update":"2021-07-12 17:09"}
2024-12-12 00:16:58 查询号码 【1339663】，GSD为【"浙江-宁波"】

2024-12-12 00:46:18 开始第 9665 次操作

2024-12-12 00:46:18 开始操作号码 【1339664】
2024-12-12 00:46:19 GSD getOne 第 1 次 等待 3 秒
2024-12-12 00:46:22 查询号码 【1339664】，返回信息 {"status":"ok","msg":"浙江-宁波","gid":"257546","time_insert":"2021-07-12 15:44"}
2024-12-12 00:46:22 查询号码 【1339664】，GSD为【"浙江-宁波"】

2024-12-12 00:46:23 开始第 9666 次操作

2024-12-12 00:46:23 开始操作号码 【1339665】
2024-12-12 00:46:24 GSD getOne 第 1 次 等待 3 秒
2024-12-12 00:46:27 查询号码 【1339665】，返回信息 {"status":"ok","msg":"浙江-宁波","gid":"257533","time_insert":"2021-07-12 15:44"}
2024-12-12 00:46:27 查询号码 【1339665】，GSD为【"浙江-宁波"】

2024-12-12 00:46:28 开始第 9667 次操作

2024-12-12 00:46:28 开始操作号码 【1339666】
2024-12-12 00:46:29 GSD getOne 第 1 次 等待 3 秒
2024-12-12 00:46:32 查询号码 【1339666】，返回信息 {"status":"ok","msg":"浙江-宁波","gid":"257522","time_insert":"2021-07-12 15:43"}
2024-12-12 00:46:32 查询号码 【1339666】，GSD为【"浙江-宁波"】

2024-12-12 00:46:33 开始第 9668 次操作

2024-12-12 00:46:33 开始操作号码 【1339667】
2024-12-12 00:46:34 GSD getOne 第 1 次 等待 3 秒
2024-12-12 00:46:37 查询号码 【1339667】，返回信息 {"status":"ok","msg":"浙江-宁波","gid":"257508","time_insert":"2021-07-12 15:42"}
2024-12-12 00:46:37 查询号码 【1339667】，GSD为【"浙江-宁波"】

