2024-03-17 00:09:09 开始第 9481 次操作

2024-03-17 00:09:09 开始操作号码 【1779394】
2024-03-17 00:09:14 GSD getOne 第 1 次 等待 3 秒
2024-03-17 00:09:17 查询号码 【1779394】，返回信息 {"status":"ok","msg":"甘肃-陇南","gid":"210960","time_insert":"2021-07-07 02:54"}
2024-03-17 00:09:17 查询号码 【1779394】，GSD为【"甘肃-陇南"】

2024-03-17 00:09:18 开始第 9482 次操作

2024-03-17 00:09:18 开始操作号码 【1779395】
2024-03-17 00:09:26 GSD getOne 第 1 次 等待 3 秒
2024-03-17 00:09:29 查询号码 【1779395】，返回信息 {"status":"ok","msg":"甘肃-陇南","gid":"51161","time_insert":"2021-04-22 09:15"}
2024-03-17 00:09:30 查询号码 【1779395】，GSD为【"甘肃-陇南"】

2024-03-17 00:09:31 开始第 9483 次操作

2024-03-17 00:09:31 开始操作号码 【1779396】
2024-03-17 00:09:35 GSD getOne 第 1 次 等待 3 秒
2024-03-17 00:09:38 查询号码 【1779396】，返回信息 {"status":"ok","msg":"甘肃-陇南","gid":"31398","time_insert":"2018-12-15 14:09","time_update":"2020-12-13 06:48"}
2024-03-17 00:09:38 查询号码 【1779396】，GSD为【"甘肃-陇南"】

2024-03-17 00:09:39 开始第 9484 次操作

2024-03-17 00:09:39 开始操作号码 【1779397】
2024-03-17 00:09:44 GSD getOne 第 1 次 等待 3 秒
2024-03-17 00:09:47 查询号码 【1779397】，返回信息 {"status":"ok","msg":"甘肃-陇南","gid":"210954","time_insert":"2021-07-07 02:53"}
2024-03-17 00:09:47 查询号码 【1779397】，GSD为【"甘肃-陇南"】

