2023-10-26 00:11:14 开始第 5245 次操作

2023-10-26 00:11:14 开始操作号码 【1985158】
2023-10-26 00:11:19 GSD getOne 第 1 次 等待 3 秒
2023-10-26 00:11:22 查询号码 【1985158】，返回信息 {"status":"ok","msg":"江苏-盐城","gid":"511908","time_insert":"2021-08-15 21:38"}
2023-10-26 00:11:22 查询号码 【1985158】，GSD为【"江苏-盐城"】

2023-10-26 00:11:23 开始第 5246 次操作

2023-10-26 00:11:23 开始操作号码 【1985159】
2023-10-26 00:11:26 GSD getOne 第 1 次 等待 3 秒
2023-10-26 00:11:29 查询号码 【1985159】，返回信息 {"status":"ok","msg":"江苏-盐城","gid":"511925","time_insert":"2021-08-15 21:52"}
2023-10-26 00:11:29 查询号码 【1985159】，GSD为【"江苏-盐城"】

2023-10-26 00:11:30 开始第 5247 次操作

2023-10-26 00:11:30 开始操作号码 【1985160】
2023-10-26 00:11:33 GSD getOne 第 1 次 等待 3 秒
2023-10-26 00:11:36 查询号码 【1985160】，返回信息 {"status":"ok","msg":"江苏-徐州","gid":"511946","time_insert":"2021-08-15 22:05"}
2023-10-26 00:11:36 查询号码 【1985160】，GSD为【"江苏-徐州"】

2023-10-26 00:11:37 开始第 5248 次操作

2023-10-26 00:11:37 开始操作号码 【1985161】
2023-10-26 00:11:40 GSD getOne 第 1 次 等待 3 秒
2023-10-26 00:11:43 查询号码 【1985161】，返回信息 {"status":"ok","msg":"江苏-徐州","gid":"511969","time_insert":"2021-08-15 22:20"}
2023-10-26 00:11:43 查询号码 【1985161】，GSD为【"江苏-徐州"】

2023-10-26 00:36:03 开始第 5249 次操作

2023-10-26 00:36:03 开始操作号码 【1985162】
2023-10-26 00:36:06 GSD getOne 第 1 次 等待 3 秒
2023-10-26 00:36:09 查询号码 【1985162】，返回信息 {"status":"ok","msg":"江苏-徐州","gid":"511987","time_insert":"2021-08-15 22:32"}
2023-10-26 00:36:09 查询号码 【1985162】，GSD为【"江苏-徐州"】

2023-10-26 00:36:10 开始第 5250 次操作

2023-10-26 00:36:10 开始操作号码 【1985163】
2023-10-26 00:36:17 GSD getOne 第 1 次 等待 3 秒
2023-10-26 00:36:20 查询号码 【1985163】，返回信息 {"status":"ok","msg":"江苏-徐州","gid":"512003","time_insert":"2021-08-15 22:47"}
2023-10-26 00:36:20 查询号码 【1985163】，GSD为【"江苏-徐州"】

2023-10-26 00:36:21 开始第 5251 次操作

2023-10-26 00:36:21 开始操作号码 【1985164】
2023-10-26 00:36:24 GSD getOne 第 1 次 等待 3 秒
2023-10-26 00:36:27 查询号码 【1985164】，返回信息 {"status":"ok","msg":"江苏-徐州","gid":"512021","time_insert":"2021-08-15 23:00"}
2023-10-26 00:36:27 查询号码 【1985164】，GSD为【"江苏-徐州"】

2023-10-26 00:36:28 开始第 5252 次操作

2023-10-26 00:36:28 开始操作号码 【1985165】
2023-10-26 00:36:34 GSD getOne 第 1 次 等待 3 秒
2023-10-26 00:36:37 查询号码 【1985165】，返回信息 {"status":"ok","msg":"江苏-徐州","gid":"512037","time_insert":"2021-08-15 23:13"}
2023-10-26 00:36:37 查询号码 【1985165】，GSD为【"江苏-徐州"】

2023-10-26 01:07:15 开始第 5253 次操作

2023-10-26 01:07:15 开始操作号码 【1985166】
2023-10-26 01:07:18 GSD getOne 第 1 次 等待 3 秒
2023-10-26 01:07:21 查询号码 【1985166】，返回信息 {"status":"ok","msg":"江苏-徐州","gid":"512055","time_insert":"2021-08-15 23:25"}
2023-10-26 01:07:21 查询号码 【1985166】，GSD为【"江苏-徐州"】

2023-10-26 01:07:22 开始第 5254 次操作

2023-10-26 01:07:22 开始操作号码 【1985167】
2023-10-26 01:07:25 GSD getOne 第 1 次 等待 3 秒
2023-10-26 01:07:28 查询号码 【1985167】，返回信息 {"status":"ok","msg":"江苏-徐州","gid":"512073","time_insert":"2021-08-15 23:38"}
2023-10-26 01:07:28 查询号码 【1985167】，GSD为【"江苏-徐州"】

2023-10-26 01:07:29 开始第 5255 次操作

2023-10-26 01:07:29 开始操作号码 【1985168】
2023-10-26 01:07:32 GSD getOne 第 1 次 等待 3 秒
2023-10-26 01:07:35 查询号码 【1985168】，返回信息 {"status":"ok","msg":"江苏-徐州","gid":"512090","time_insert":"2021-08-15 23:51"}
2023-10-26 01:07:35 查询号码 【1985168】，GSD为【"江苏-徐州"】

2023-10-26 01:07:36 开始第 5256 次操作

2023-10-26 01:07:36 开始操作号码 【1985169】
2023-10-26 01:07:39 GSD getOne 第 1 次 等待 3 秒
2023-10-26 01:07:42 查询号码 【1985169】，返回信息 {"status":"ok","msg":"江苏-徐州","gid":"512109","time_insert":"2021-08-16 00:03"}
2023-10-26 01:07:42 查询号码 【1985169】，GSD为【"江苏-徐州"】

