2024-07-07 00:10:38 开始第 5233 次操作

2024-07-07 00:10:38 开始操作号码 【1555142】
2024-07-07 00:10:47 GSD getOne 第 1 次 等待 3 秒
2024-07-07 00:10:50 查询号码 【1555142】，返回信息 {"status":"ok","msg":"安徽-阜阳","gid":"22050","time_insert":"2018-06-04 22:50","time_update":"2020-08-15 17:04"}
2024-07-07 00:10:50 查询号码 【1555142】，GSD为【"安徽-阜阳"】

2024-07-07 00:10:51 开始第 5234 次操作

2024-07-07 00:10:51 开始操作号码 【1555143】
2024-07-07 00:10:59 GSD getOne 第 1 次 等待 3 秒
2024-07-07 00:11:02 查询号码 【1555143】，返回信息 {"status":"ok","msg":"安徽-阜阳","gid":"395516","time_insert":"2021-07-26 01:04"}
2024-07-07 00:11:02 查询号码 【1555143】，GSD为【"安徽-阜阳"】

2024-07-07 00:11:03 开始第 5235 次操作

2024-07-07 00:11:03 开始操作号码 【1555144】
2024-07-07 00:11:13 GSD getOne 第 1 次 等待 3 秒
2024-07-07 00:11:16 查询号码 【1555144】，返回信息 {"status":"ok","msg":"安徽-阜阳","gid":"395641","time_insert":"2021-07-26 01:14"}
2024-07-07 00:11:16 查询号码 【1555144】，GSD为【"安徽-阜阳"】

2024-07-07 00:11:17 开始第 5236 次操作

2024-07-07 00:11:17 开始操作号码 【1555145】
2024-07-07 00:11:26 GSD getOne 第 1 次 等待 3 秒
2024-07-07 00:11:29 查询号码 【1555145】，返回信息 {"status":"ok","msg":"安徽-阜阳","gid":"395749","time_insert":"2021-07-26 01:22"}
2024-07-07 00:11:29 查询号码 【1555145】，GSD为【"安徽-阜阳"】

2024-07-07 00:37:12 开始第 5237 次操作

2024-07-07 00:37:12 开始操作号码 【1555146】
2024-07-07 00:37:24 GSD getOne 第 1 次 等待 3 秒
2024-07-07 00:37:27 查询号码 【1555146】，返回信息 {"status":"ok","msg":"安徽-阜阳","gid":"395828","time_insert":"2021-07-26 01:33"}
2024-07-07 00:37:27 查询号码 【1555146】，GSD为【"安徽-阜阳"】

2024-07-07 00:37:28 开始第 5238 次操作

2024-07-07 00:37:28 开始操作号码 【1555147】
2024-07-07 00:37:38 GSD getOne 第 1 次 等待 3 秒
2024-07-07 00:37:41 查询号码 【1555147】，返回信息 {"status":"ok","msg":"安徽-阜阳","gid":"395888","time_insert":"2021-07-26 01:42"}
2024-07-07 00:37:41 查询号码 【1555147】，GSD为【"安徽-阜阳"】

2024-07-07 00:37:42 开始第 5239 次操作

2024-07-07 00:37:42 开始操作号码 【1555148】
2024-07-07 00:37:56 GSD getOne 第 1 次 等待 3 秒
2024-07-07 00:37:59 查询号码 【1555148】，返回信息 {"status":"ok","msg":"安徽-宿州","gid":"396038","time_insert":"2021-07-26 01:51"}
2024-07-07 00:38:00 查询号码 【1555148】，GSD为【"安徽-宿州"】

2024-07-07 00:38:01 开始第 5240 次操作

2024-07-07 00:38:01 开始操作号码 【1555149】
2024-07-07 00:38:13 GSD getOne 第 1 次 等待 3 秒
2024-07-07 00:38:16 查询号码 【1555149】，返回信息 {"status":"ok","msg":"安徽-宿州","gid":"396199","time_insert":"2021-07-26 02:00"}
2024-07-07 00:38:16 查询号码 【1555149】，GSD为【"安徽-宿州"】

