2024-04-08 00:09:48 开始第 2557 次操作

2024-04-08 00:09:48 开始操作号码 【1662471】
2024-04-08 00:09:52 GSD getOne 第 1 次 等待 3 秒
2024-04-08 00:09:55 查询号码 【1662471】，返回信息 {"status":"ok","msg":"广东-广州","gid":"129282","time_insert":"2021-06-25 23:04"}
2024-04-08 00:09:55 查询号码 【1662471】，GSD为【"广东-广州"】

2024-04-08 00:09:56 开始第 2558 次操作

2024-04-08 00:09:56 开始操作号码 【1662472】
2024-04-08 00:10:04 GSD getOne 第 1 次 等待 3 秒
2024-04-08 00:10:07 查询号码 【1662472】，返回信息 {"status":"ok","msg":"广东-广州","gid":"129286","time_insert":"2021-06-25 23:05"}
2024-04-08 00:10:07 查询号码 【1662472】，GSD为【"广东-广州"】

2024-04-08 00:10:09 开始第 2559 次操作

2024-04-08 00:10:09 开始操作号码 【1662473】
2024-04-08 00:10:15 GSD getOne 第 1 次 等待 3 秒
2024-04-08 00:10:18 查询号码 【1662473】，返回信息 {"status":"ok","msg":"广东-广州","gid":"129289","time_insert":"2021-06-25 23:06"}
2024-04-08 00:10:18 查询号码 【1662473】，GSD为【"广东-广州"】

2024-04-08 00:10:19 开始第 2560 次操作

2024-04-08 00:10:19 开始操作号码 【1662474】
2024-04-08 00:10:26 GSD getOne 第 1 次 等待 3 秒
2024-04-08 00:10:29 查询号码 【1662474】，返回信息 {"status":"ok","msg":"广东-广州","gid":"129290","time_insert":"2021-06-25 23:07"}
2024-04-08 00:10:29 查询号码 【1662474】，GSD为【"广东-广州"】

2024-04-08 00:33:30 开始第 2561 次操作

2024-04-08 00:33:30 开始操作号码 【1662475】
2024-04-08 00:33:38 GSD getOne 第 1 次 等待 3 秒
2024-04-08 00:33:41 查询号码 【1662475】，返回信息 {"status":"ok","msg":"广东-广州","gid":"129366","time_insert":"2021-06-25 23:56"}
2024-04-08 00:33:41 查询号码 【1662475】，GSD为【"广东-广州"】

2024-04-08 00:33:42 开始第 2562 次操作

2024-04-08 00:33:42 开始操作号码 【1662476】
2024-04-08 00:33:47 GSD getOne 第 1 次 等待 3 秒
2024-04-08 00:33:50 查询号码 【1662476】，返回信息 {"status":"ok","msg":"广东-广州","gid":"129375","time_insert":"2021-06-25 23:57"}
2024-04-08 00:33:50 查询号码 【1662476】，GSD为【"广东-广州"】

2024-04-08 00:33:51 开始第 2563 次操作

2024-04-08 00:33:51 开始操作号码 【1662477】
2024-04-08 00:33:58 GSD getOne 第 1 次 等待 3 秒
2024-04-08 00:34:01 查询号码 【1662477】，返回信息 {"status":"ok","msg":"广东-广州","gid":"129380","time_insert":"2021-06-25 23:57"}
2024-04-08 00:34:01 查询号码 【1662477】，GSD为【"广东-广州"】

2024-04-08 00:34:02 开始第 2564 次操作

2024-04-08 00:34:02 开始操作号码 【1662478】
2024-04-08 00:34:08 GSD getOne 第 1 次 等待 3 秒
2024-04-08 00:34:11 查询号码 【1662478】，返回信息 {"status":"ok","msg":"广东-广州","gid":"129384","time_insert":"2021-06-25 23:58"}
2024-04-08 00:34:11 查询号码 【1662478】，GSD为【"广东-广州"】

2024-04-08 01:08:03 开始第 2565 次操作

2024-04-08 01:08:03 开始操作号码 【1662479】
2024-04-08 01:08:10 GSD getOne 第 1 次 等待 3 秒
2024-04-08 01:08:13 查询号码 【1662479】，返回信息 {"status":"ok","msg":"广东-广州","gid":"129391","time_insert":"2021-06-25 23:59"}
2024-04-08 01:08:13 查询号码 【1662479】，GSD为【"广东-广州"】

2024-04-08 01:08:14 开始第 2566 次操作

2024-04-08 01:08:14 开始操作号码 【1662480】
2024-04-08 01:08:19 GSD getOne 第 1 次 等待 3 秒
2024-04-08 01:08:22 查询号码 【1662480】，返回信息 {"status":"ok","msg":"广东-广州","gid":"129398","time_insert":"2021-06-26 00:01"}
2024-04-08 01:08:22 查询号码 【1662480】，GSD为【"广东-广州"】

2024-04-08 01:08:23 开始第 2567 次操作

2024-04-08 01:08:23 开始操作号码 【1662481】
2024-04-08 01:08:28 GSD getOne 第 1 次 等待 3 秒
2024-04-08 01:08:31 查询号码 【1662481】，返回信息 {"status":"ok","msg":"广东-广州","gid":"129404","time_insert":"2021-06-26 00:01"}
2024-04-08 01:08:31 查询号码 【1662481】，GSD为【"广东-广州"】

2024-04-08 01:08:32 开始第 2568 次操作

2024-04-08 01:08:32 开始操作号码 【1662482】
2024-04-08 01:08:37 GSD getOne 第 1 次 等待 3 秒
2024-04-08 01:08:40 查询号码 【1662482】，返回信息 {"status":"ok","msg":"广东-广州","gid":"129409","time_insert":"2021-06-26 00:02"}
2024-04-08 01:08:40 查询号码 【1662482】，GSD为【"广东-广州"】

