2024-02-15 00:11:04 开始第 3825 次操作

2024-02-15 00:11:04 开始操作号码 【1773738】
2024-02-15 00:11:12 GSD getOne 第 1 次 等待 3 秒
2024-02-15 00:11:15 查询号码 【1773738】，返回信息 {"status":"ok","msg":"河南-驻马店","gid":"55340","time_insert":"2020-06-16 10:10"}
2024-02-15 00:11:15 查询号码 【1773738】，GSD为【"河南-驻马店"】

2024-02-15 00:11:17 开始第 3826 次操作

2024-02-15 00:11:17 开始操作号码 【1773739】
2024-02-15 00:11:21 GSD getOne 第 1 次 等待 3 秒
2024-02-15 00:11:24 查询号码 【1773739】，返回信息 {"status":"ok","msg":"河南-三门峡","gid":"269471","time_insert":"2021-07-13 23:53"}
2024-02-15 00:11:24 查询号码 【1773739】，GSD为【"河南-三门峡"】

2024-02-15 00:11:25 开始第 3827 次操作

2024-02-15 00:11:25 开始操作号码 【1773740】
2024-02-15 00:11:30 GSD getOne 第 1 次 等待 3 秒
2024-02-15 00:11:33 查询号码 【1773740】，返回信息 {"status":"ok","msg":"河南-郑州","gid":"269465","time_insert":"2021-07-13 23:53"}
2024-02-15 00:11:33 查询号码 【1773740】，GSD为【"河南-郑州"】

2024-02-15 00:11:34 开始第 3828 次操作

2024-02-15 00:11:34 开始操作号码 【1773741】
2024-02-15 00:11:38 GSD getOne 第 1 次 等待 3 秒
2024-02-15 00:11:41 查询号码 【1773741】，返回信息 {"status":"ok","msg":"河南-郑州","gid":"269457","time_insert":"2021-07-13 23:52"}
2024-02-15 00:11:41 查询号码 【1773741】，GSD为【"河南-郑州"】

