2024-10-08 00:13:06 开始第 8693 次操作

2024-10-08 00:13:06 开始操作号码 【1448687】
2024-10-08 00:13:08 GSD getOne 第 1 次 等待 3 秒
2024-10-08 00:13:11 查询号码 【1448687】，返回信息 {"status":"ok","msg":"-","gid":"680741","time_insert":"2023-04-27 15:27"}
2024-10-08 00:13:11 查询号码 【1448687】，GSD为【"-"】
2024-10-08 00:13:11 ok && -
2024-10-08 00:13:13 CHB 1448687?1728317591 第 1 次 等待 3 秒
2024-10-08 00:13:16 CHB 1448687?1728317591 第 1 次 获取到号码【1448687】GSD
2024-10-08 00:13:16 未获取到号码【1448687】GSD，可能号码格式错误
2024-10-08 00:13:16 获取到号码【1448687】的GSD为【-】
2024-10-08 00:13:18 GSD insert 第 1 次 等待 3 秒
2024-10-08 00:13:21 {"status":"bad","gid":"680741","msg":"添加失败！号码【1448687(-|-)】已存在！"}
2024-10-08 00:13:21 随机等待 182 秒，约 3 分钟
2024-10-08 00:13:21 下次操作: 2024-10-08 00:16:23

2024-10-08 00:16:23 开始第 8694 次操作

2024-10-08 00:16:23 开始操作号码 【1448688】
2024-10-08 00:16:25 GSD getOne 第 1 次 等待 3 秒
2024-10-08 00:16:28 查询号码 【1448688】，返回信息 {"status":"ok","msg":"-","gid":"680739","time_insert":"2023-04-27 15:26"}
2024-10-08 00:16:28 查询号码 【1448688】，GSD为【"-"】
2024-10-08 00:16:28 ok && -
2024-10-08 00:21:28 CHB 1448688?1728317788 第 1 次 等待 3 秒
2024-10-08 00:21:31 CHB 1448688?1728317788 第 1 次 未获取到 等待 193 秒 下次操作: 2024-10-08 00:24:44
2024-10-08 00:24:46 CHB 1448688?1728318284 第 2 次 等待 3 秒
2024-10-08 00:24:49 CHB 1448688?1728318284 第 2 次 获取到号码【1448688】GSD
2024-10-08 00:24:49 未获取到号码【1448688】GSD，可能号码格式错误
2024-10-08 00:24:49 获取到号码【1448688】的GSD为【-】
2024-10-08 00:24:51 GSD insert 第 1 次 等待 3 秒
2024-10-08 00:24:54 {"status":"bad","gid":"680739","msg":"添加失败！号码【1448688(-|-)】已存在！"}
2024-10-08 00:24:54 随机等待 210 秒，约 3 分钟
2024-10-08 00:24:54 下次操作: 2024-10-08 00:28:24

2024-10-08 00:28:24 开始第 8695 次操作

2024-10-08 00:28:24 开始操作号码 【1448689】
2024-10-08 00:28:25 GSD getOne 第 1 次 等待 3 秒
2024-10-08 00:28:28 查询号码 【1448689】，返回信息 {"status":"ok","msg":"-","gid":"680735","time_insert":"2023-04-27 15:25"}
2024-10-08 00:28:28 查询号码 【1448689】，GSD为【"-"】
2024-10-08 00:28:28 ok && -
2024-10-08 00:28:30 CHB 1448689?1728318508 第 1 次 等待 3 秒
2024-10-08 00:28:33 CHB 1448689?1728318508 第 1 次 获取到号码【1448689】GSD
2024-10-08 00:28:33 未获取到号码【1448689】GSD，可能号码格式错误
2024-10-08 00:28:33 获取到号码【1448689】的GSD为【-】
2024-10-08 00:28:36 GSD insert 第 1 次 等待 3 秒
2024-10-08 00:28:39 {"status":"bad","gid":"680735","msg":"添加失败！号码【1448689(-|-)】已存在！"}
2024-10-08 00:28:39 随机等待 140 秒，约 2 分钟
2024-10-08 00:28:39 下次操作: 2024-10-08 00:30:59

2024-10-08 00:30:59 开始第 8696 次操作

2024-10-08 00:30:59 开始操作号码 【1448690】
2024-10-08 00:31:00 GSD getOne 第 1 次 等待 3 秒
2024-10-08 00:31:03 查询号码 【1448690】，返回信息 {"status":"ok","msg":"-","gid":"680732","time_insert":"2023-04-27 15:22"}
2024-10-08 00:31:03 查询号码 【1448690】，GSD为【"-"】
2024-10-08 00:31:03 ok && -
2024-10-08 00:31:05 CHB 1448690?1728318663 第 1 次 等待 3 秒
2024-10-08 00:31:08 CHB 1448690?1728318663 第 1 次 获取到号码【1448690】GSD
2024-10-08 00:31:08 未获取到号码【1448690】GSD，可能号码格式错误
2024-10-08 00:31:08 获取到号码【1448690】的GSD为【-】
2024-10-08 00:31:10 GSD insert 第 1 次 等待 3 秒
2024-10-08 00:31:13 {"status":"bad","gid":"680732","msg":"添加失败！号码【1448690(-|-)】已存在！"}

