2024-09-24 00:12:46 开始第 6277 次操作

2024-09-24 00:12:46 开始操作号码 【1446274】
2024-09-24 00:12:49 GSD getOne 第 1 次 等待 3 秒
2024-09-24 00:12:52 查询号码 【1446274】，返回信息 {"status":"ok","msg":"-","gid":"665826","time_insert":"2023-04-20 05:26"}
2024-09-24 00:12:52 查询号码 【1446274】，GSD为【"-"】
2024-09-24 00:12:52 ok && -
2024-09-24 00:13:06 CHB 1446274?1727107972 第 1 次 等待 3 秒
2024-09-24 00:13:09 CHB 1446274?1727107972 第 1 次 获取到号码【1446274】GSD
2024-09-24 00:13:09 未获取到号码【1446274】GSD，可能号码格式错误
2024-09-24 00:13:09 获取到号码【1446274】的GSD为【-】
2024-09-24 00:13:20 GSD insert 第 1 次 等待 3 秒
2024-09-24 00:13:23 {"status":"bad","gid":"665826","msg":"添加失败！号码【1446274(-|-)】已存在！"}
2024-09-24 00:13:23 随机等待 105 秒，约 1 分钟
2024-09-24 00:13:23 下次操作: 2024-09-24 00:15:08

2024-09-24 00:15:08 开始第 6278 次操作

2024-09-24 00:15:08 开始操作号码 【1446275】
2024-09-24 00:15:10 GSD getOne 第 1 次 等待 3 秒
2024-09-24 00:15:13 查询号码 【1446275】，返回信息 {"status":"ok","msg":"-","gid":"665853","time_insert":"2023-04-20 05:45"}
2024-09-24 00:15:13 查询号码 【1446275】，GSD为【"-"】
2024-09-24 00:15:13 ok && -
2024-09-24 00:15:16 CHB 1446275?1727108113 第 1 次 等待 3 秒
2024-09-24 00:15:19 CHB 1446275?1727108113 第 1 次 获取到号码【1446275】GSD
2024-09-24 00:15:19 未获取到号码【1446275】GSD，可能号码格式错误
2024-09-24 00:15:19 获取到号码【1446275】的GSD为【-】
2024-09-24 00:15:21 GSD insert 第 1 次 等待 3 秒
2024-09-24 00:15:24 {"status":"bad","gid":"665853","msg":"添加失败！号码【1446275(-|-)】已存在！"}
2024-09-24 00:15:24 随机等待 144 秒，约 2 分钟
2024-09-24 00:15:24 下次操作: 2024-09-24 00:17:48

2024-09-24 00:17:48 开始第 6279 次操作

2024-09-24 00:17:48 开始操作号码 【1446276】
2024-09-24 00:17:50 GSD getOne 第 1 次 等待 3 秒
2024-09-24 00:17:53 查询号码 【1446276】，返回信息 {"status":"ok","msg":"-","gid":"665887","time_insert":"2023-04-20 06:06"}
2024-09-24 00:17:53 查询号码 【1446276】，GSD为【"-"】
2024-09-24 00:17:53 ok && -
2024-09-24 00:19:55 CHB 1446276?1727108273 第 1 次 等待 3 秒
2024-09-24 00:19:58 CHB 1446276?1727108273 第 1 次 未获取到 等待 165 秒 下次操作: 2024-09-24 00:22:43
2024-09-24 00:22:45 CHB 1446276?1727108563 第 2 次 等待 3 秒
2024-09-24 00:22:48 CHB 1446276?1727108563 第 2 次 获取到号码【1446276】GSD
2024-09-24 00:22:48 未获取到号码【1446276】GSD，可能号码格式错误
2024-09-24 00:22:48 获取到号码【1446276】的GSD为【-】
2024-09-24 00:22:51 GSD insert 第 1 次 等待 3 秒
2024-09-24 00:22:54 {"status":"bad","gid":"665887","msg":"添加失败！号码【1446276(-|-)】已存在！"}
2024-09-24 00:22:54 随机等待 112 秒，约 1 分钟
2024-09-24 00:22:54 下次操作: 2024-09-24 00:24:46

2024-09-24 00:24:46 开始第 6280 次操作

2024-09-24 00:24:46 开始操作号码 【1446277】
2024-09-24 00:24:49 GSD getOne 第 1 次 等待 3 秒
2024-09-24 00:24:52 查询号码 【1446277】，返回信息 {"status":"ok","msg":"-","gid":"665906","time_insert":"2023-04-20 06:18"}
2024-09-24 00:24:52 查询号码 【1446277】，GSD为【"-"】
2024-09-24 00:24:52 ok && -
2024-09-24 00:24:54 CHB 1446277?1727108692 第 1 次 等待 3 秒
2024-09-24 00:24:57 CHB 1446277?1727108692 第 1 次 获取到号码【1446277】GSD
2024-09-24 00:24:57 未获取到号码【1446277】GSD，可能号码格式错误
2024-09-24 00:24:57 获取到号码【1446277】的GSD为【-】
2024-09-24 00:24:59 GSD insert 第 1 次 等待 3 秒
2024-09-24 00:25:02 {"status":"bad","gid":"665906","msg":"添加失败！号码【1446277(-|-)】已存在！"}

