2024-05-12 00:10:59 开始第 8661 次操作

2024-05-12 00:10:59 开始操作号码 【1668575】
2024-05-12 00:11:04 GSD getOne 第 1 次 等待 3 秒
2024-05-12 00:11:07 查询号码 【1668575】，返回信息 {"status":"ok","msg":"贵州-黔东南","gid":"194584","time_insert":"2021-07-05 02:00"}
2024-05-12 00:11:08 查询号码 【1668575】，GSD为【"贵州-黔东南"】

2024-05-12 00:11:09 开始第 8662 次操作

2024-05-12 00:11:09 开始操作号码 【1668576】
2024-05-12 00:11:17 GSD getOne 第 1 次 等待 3 秒
2024-05-12 00:11:20 查询号码 【1668576】，返回信息 {"status":"ok","msg":"贵州-黔东南","gid":"194587","time_insert":"2021-07-05 02:00"}
2024-05-12 00:11:20 查询号码 【1668576】，GSD为【"贵州-黔东南"】

2024-05-12 00:11:21 开始第 8663 次操作

2024-05-12 00:11:21 开始操作号码 【1668577】
2024-05-12 00:11:30 GSD getOne 第 1 次 等待 3 秒
2024-05-12 00:11:33 查询号码 【1668577】，返回信息 {"status":"ok","msg":"贵州-黔东南","gid":"194589","time_insert":"2021-07-05 02:01"}
2024-05-12 00:11:33 查询号码 【1668577】，GSD为【"贵州-黔东南"】

2024-05-12 00:11:34 开始第 8664 次操作

2024-05-12 00:11:34 开始操作号码 【1668578】
2024-05-12 00:11:38 GSD getOne 第 1 次 等待 3 秒
2024-05-12 00:11:41 查询号码 【1668578】，返回信息 {"status":"ok","msg":"贵州-黔东南","gid":"194593","time_insert":"2021-07-05 02:02"}
2024-05-12 00:11:41 查询号码 【1668578】，GSD为【"贵州-黔东南"】

2024-05-12 00:34:18 开始第 8665 次操作

2024-05-12 00:34:18 开始操作号码 【1668579】
2024-05-12 00:34:24 GSD getOne 第 1 次 等待 3 秒
2024-05-12 00:34:27 查询号码 【1668579】，返回信息 {"status":"ok","msg":"贵州-黔东南","gid":"194596","time_insert":"2021-07-05 02:03"}
2024-05-12 00:34:27 查询号码 【1668579】，GSD为【"贵州-黔东南"】

2024-05-12 00:34:28 开始第 8666 次操作

2024-05-12 00:34:28 开始操作号码 【1668580】
2024-05-12 00:34:36 GSD getOne 第 1 次 等待 3 秒
2024-05-12 00:34:39 查询号码 【1668580】，返回信息 {"status":"ok","msg":"贵州-铜仁","gid":"194598","time_insert":"2021-07-05 02:04"}
2024-05-12 00:34:39 查询号码 【1668580】，GSD为【"贵州-铜仁"】

2024-05-12 00:34:40 开始第 8667 次操作

2024-05-12 00:34:40 开始操作号码 【1668581】
2024-05-12 00:34:51 GSD getOne 第 1 次 等待 3 秒
2024-05-12 00:34:54 查询号码 【1668581】，返回信息 {"status":"ok","msg":"贵州-铜仁","gid":"194604","time_insert":"2021-07-05 02:04"}
2024-05-12 00:34:54 查询号码 【1668581】，GSD为【"贵州-铜仁"】

2024-05-12 00:34:55 开始第 8668 次操作

2024-05-12 00:34:55 开始操作号码 【1668582】
2024-05-12 00:35:03 GSD getOne 第 1 次 等待 3 秒
2024-05-12 00:35:06 查询号码 【1668582】，返回信息 {"status":"ok","msg":"贵州-铜仁","gid":"194606","time_insert":"2021-07-05 02:05"}
2024-05-12 00:35:06 查询号码 【1668582】，GSD为【"贵州-铜仁"】

2024-05-12 01:09:33 开始第 8669 次操作

2024-05-12 01:09:33 开始操作号码 【1668583】
2024-05-12 01:09:43 GSD getOne 第 1 次 等待 3 秒
2024-05-12 01:09:46 查询号码 【1668583】，返回信息 {"status":"ok","msg":"贵州-铜仁","gid":"194610","time_insert":"2021-07-05 02:06"}
2024-05-12 01:09:46 查询号码 【1668583】，GSD为【"贵州-铜仁"】

2024-05-12 01:09:47 开始第 8670 次操作

2024-05-12 01:09:47 开始操作号码 【1668584】
2024-05-12 01:09:52 GSD getOne 第 1 次 等待 3 秒
2024-05-12 01:09:55 查询号码 【1668584】，返回信息 {"status":"ok","msg":"贵州-铜仁","gid":"194612","time_insert":"2021-07-05 02:07"}
2024-05-12 01:09:55 查询号码 【1668584】，GSD为【"贵州-铜仁"】

2024-05-12 01:09:56 开始第 8671 次操作

2024-05-12 01:09:56 开始操作号码 【1668585】
2024-05-12 01:10:01 GSD getOne 第 1 次 等待 3 秒
2024-05-12 01:10:04 查询号码 【1668585】，返回信息 {"status":"ok","msg":"贵州-毕节","gid":"194721","time_insert":"2021-07-05 02:53"}
2024-05-12 01:10:04 查询号码 【1668585】，GSD为【"贵州-毕节"】

2024-05-12 01:10:05 开始第 8672 次操作

2024-05-12 01:10:05 开始操作号码 【1668586】
2024-05-12 01:10:13 GSD getOne 第 1 次 等待 3 秒
2024-05-12 01:10:16 查询号码 【1668586】，返回信息 {"status":"ok","msg":"贵州-毕节","gid":"194732","time_insert":"2021-07-05 02:54"}
2024-05-12 01:10:16 查询号码 【1668586】，GSD为【"贵州-毕节"】

