2024-11-20 00:15:40 开始第 5893 次操作

2024-11-20 00:15:40 开始操作号码 【1335892】
2024-11-20 00:15:41 GSD getOne 第 1 次 等待 3 秒
2024-11-20 00:15:44 查询号码 【1335892】，返回信息 {"status":"ok","msg":"辽宁-朝阳","gid":"286742","time_insert":"2021-07-15 19:36"}
2024-11-20 00:15:44 查询号码 【1335892】，GSD为【"辽宁-朝阳"】

2024-11-20 00:15:45 开始第 5894 次操作

2024-11-20 00:15:45 开始操作号码 【1335893】
2024-11-20 00:15:46 GSD getOne 第 1 次 等待 3 秒
2024-11-20 00:15:49 查询号码 【1335893】，返回信息 {"status":"ok","msg":"辽宁-朝阳","gid":"286893","time_insert":"2021-07-15 19:51"}
2024-11-20 00:15:49 查询号码 【1335893】，GSD为【"辽宁-朝阳"】

2024-11-20 00:15:50 开始第 5895 次操作

2024-11-20 00:15:50 开始操作号码 【1335894】
2024-11-20 00:15:52 GSD getOne 第 1 次 等待 3 秒
2024-11-20 00:15:55 查询号码 【1335894】，返回信息 {"status":"ok","msg":"辽宁-铁岭","gid":"287023","time_insert":"2021-07-15 20:06"}
2024-11-20 00:15:55 查询号码 【1335894】，GSD为【"辽宁-铁岭"】

2024-11-20 00:15:56 开始第 5896 次操作

2024-11-20 00:15:56 开始操作号码 【1335895】
2024-11-20 00:15:58 GSD getOne 第 1 次 等待 3 秒
2024-11-20 00:16:01 查询号码 【1335895】，返回信息 {"status":"ok","msg":"辽宁-铁岭","gid":"287081","time_insert":"2021-07-15 20:19"}
2024-11-20 00:16:01 查询号码 【1335895】，GSD为【"辽宁-铁岭"】

