2024-07-23 00:13:03 开始第 8113 次操作

2024-07-23 00:13:03 开始操作号码 【1558022】
2024-07-23 00:13:13 GSD getOne 第 1 次 等待 3 秒
2024-07-23 00:13:16 查询号码 【1558022】，返回信息 {"status":"ok","msg":"湖南-衡阳","gid":"389401","time_insert":"2021-07-25 13:18","time_update":"2021-07-25 13:40"}
2024-07-23 00:13:16 查询号码 【1558022】，GSD为【"湖南-衡阳"】

2024-07-23 00:13:17 开始第 8114 次操作

2024-07-23 00:13:17 开始操作号码 【1558023】
2024-07-23 00:13:26 GSD getOne 第 1 次 等待 3 秒
2024-07-23 00:13:29 查询号码 【1558023】，返回信息 {"status":"ok","msg":"湖南-衡阳","gid":"389379","time_insert":"2021-07-25 13:12"}
2024-07-23 00:13:29 查询号码 【1558023】，GSD为【"湖南-衡阳"】

2024-07-23 00:13:30 开始第 8115 次操作

2024-07-23 00:13:30 开始操作号码 【1558024】
2024-07-23 00:13:38 GSD getOne 第 1 次 等待 3 秒
2024-07-23 00:13:41 查询号码 【1558024】，返回信息 {"status":"ok","msg":"湖南-衡阳","gid":"389369","time_insert":"2021-07-25 13:11"}
2024-07-23 00:13:41 查询号码 【1558024】，GSD为【"湖南-衡阳"】

2024-07-23 00:13:42 开始第 8116 次操作

2024-07-23 00:13:42 开始操作号码 【1558025】
2024-07-23 00:13:51 GSD getOne 第 1 次 等待 3 秒
2024-07-23 00:13:54 查询号码 【1558025】，返回信息 {"status":"ok","msg":"湖南-衡阳","gid":"389357","time_insert":"2021-07-25 13:10"}
2024-07-23 00:13:54 查询号码 【1558025】，GSD为【"湖南-衡阳"】

2024-07-23 00:39:26 开始第 8117 次操作

2024-07-23 00:39:26 开始操作号码 【1558026】
2024-07-23 00:39:37 GSD getOne 第 1 次 等待 3 秒
2024-07-23 00:39:40 查询号码 【1558026】，返回信息 {"status":"ok","msg":"湖南-衡阳","gid":"389345","time_insert":"2021-07-25 13:09"}
2024-07-23 00:39:40 查询号码 【1558026】，GSD为【"湖南-衡阳"】

2024-07-23 00:39:41 开始第 8118 次操作

2024-07-23 00:39:41 开始操作号码 【1558027】
2024-07-23 00:39:50 GSD getOne 第 1 次 等待 3 秒
2024-07-23 00:39:53 查询号码 【1558027】，返回信息 {"status":"ok","msg":"湖南-衡阳","gid":"389330","time_insert":"2021-07-25 13:09"}
2024-07-23 00:39:53 查询号码 【1558027】，GSD为【"湖南-衡阳"】

2024-07-23 00:39:54 开始第 8119 次操作

2024-07-23 00:39:54 开始操作号码 【1558028】
2024-07-23 00:40:02 GSD getOne 第 1 次 等待 3 秒
2024-07-23 00:40:05 查询号码 【1558028】，返回信息 {"status":"ok","msg":"湖南-衡阳","gid":"389312","time_insert":"2021-07-25 13:08"}
2024-07-23 00:40:05 查询号码 【1558028】，GSD为【"湖南-衡阳"】

2024-07-23 00:40:06 开始第 8120 次操作

2024-07-23 00:40:06 开始操作号码 【1558029】
2024-07-23 00:40:15 GSD getOne 第 1 次 等待 3 秒
2024-07-23 00:40:18 查询号码 【1558029】，返回信息 {"status":"ok","msg":"湖南-衡阳","gid":"389297","time_insert":"2021-07-25 13:07"}
2024-07-23 00:40:18 查询号码 【1558029】，GSD为【"湖南-衡阳"】

2024-07-23 01:09:15 开始第 8121 次操作

2024-07-23 01:09:15 开始操作号码 【1558030】
2024-07-23 01:09:25 GSD getOne 第 1 次 等待 3 秒
2024-07-23 01:09:28 查询号码 【1558030】，返回信息 {"status":"ok","msg":"湖南-衡阳","gid":"389281","time_insert":"2021-07-25 13:06"}
2024-07-23 01:09:28 查询号码 【1558030】，GSD为【"湖南-衡阳"】

2024-07-23 01:09:29 开始第 8122 次操作

2024-07-23 01:09:29 开始操作号码 【1558031】
2024-07-23 01:09:37 GSD getOne 第 1 次 等待 3 秒
2024-07-23 01:09:40 查询号码 【1558031】，返回信息 {"status":"ok","msg":"湖南-衡阳","gid":"389264","time_insert":"2021-07-25 13:05"}
2024-07-23 01:09:40 查询号码 【1558031】，GSD为【"湖南-衡阳"】

2024-07-23 01:09:41 开始第 8123 次操作

2024-07-23 01:09:41 开始操作号码 【1558032】
2024-07-23 01:09:49 GSD getOne 第 1 次 等待 3 秒
2024-07-23 01:09:52 查询号码 【1558032】，返回信息 {"status":"ok","msg":"湖南-衡阳","gid":"389252","time_insert":"2021-07-25 13:04"}
2024-07-23 01:09:52 查询号码 【1558032】，GSD为【"湖南-衡阳"】

2024-07-23 01:09:53 开始第 8124 次操作

2024-07-23 01:09:53 开始操作号码 【1558033】
2024-07-23 01:10:02 GSD getOne 第 1 次 等待 3 秒
2024-07-23 01:10:05 查询号码 【1558033】，返回信息 {"status":"ok","msg":"湖南-衡阳","gid":"389237","time_insert":"2021-07-25 13:03"}
2024-07-23 01:10:05 查询号码 【1558033】，GSD为【"湖南-衡阳"】

2024-07-23 01:35:25 开始第 8125 次操作

2024-07-23 01:35:25 开始操作号码 【1558034】
2024-07-23 01:35:33 GSD getOne 第 1 次 等待 3 秒
2024-07-23 01:35:36 查询号码 【1558034】，返回信息 {"status":"ok","msg":"湖南-衡阳","gid":"389218","time_insert":"2021-07-25 13:03"}
2024-07-23 01:35:37 查询号码 【1558034】，GSD为【"湖南-衡阳"】

2024-07-23 01:35:38 开始第 8126 次操作

2024-07-23 01:35:38 开始操作号码 【1558035】
2024-07-23 01:35:46 GSD getOne 第 1 次 等待 3 秒
2024-07-23 01:35:49 查询号码 【1558035】，返回信息 {"status":"ok","msg":"湖南-郴州","gid":"389204","time_insert":"2021-07-25 13:02"}
2024-07-23 01:35:49 查询号码 【1558035】，GSD为【"湖南-郴州"】

2024-07-23 01:35:50 开始第 8127 次操作

2024-07-23 01:35:50 开始操作号码 【1558036】
2024-07-23 01:35:58 GSD getOne 第 1 次 等待 3 秒
2024-07-23 01:36:01 查询号码 【1558036】，返回信息 {"status":"ok","msg":"湖南-娄底","gid":"389188","time_insert":"2021-07-25 13:01"}
2024-07-23 01:36:01 查询号码 【1558036】，GSD为【"湖南-娄底"】

2024-07-23 01:36:02 开始第 8128 次操作

2024-07-23 01:36:02 开始操作号码 【1558037】
2024-07-23 01:36:09 GSD getOne 第 1 次 等待 3 秒
2024-07-23 01:36:12 查询号码 【1558037】，返回信息 {"status":"ok","msg":"湖南-长沙","gid":"389170","time_insert":"2021-07-25 13:00"}
2024-07-23 01:36:12 查询号码 【1558037】，GSD为【"湖南-长沙"】

