2024-04-23 00:11:18 开始第 5161 次操作

2024-04-23 00:11:18 开始操作号码 【1665075】
2024-04-23 00:11:25 GSD getOne 第 1 次 等待 3 秒
2024-04-23 00:11:28 查询号码 【1665075】，返回信息 {"status":"ok","msg":"河南-商丘","gid":"155737","time_insert":"2021-06-29 19:41"}
2024-04-23 00:11:28 查询号码 【1665075】，GSD为【"河南-商丘"】

2024-04-23 00:11:29 开始第 5162 次操作

2024-04-23 00:11:29 开始操作号码 【1665076】
2024-04-23 00:11:34 GSD getOne 第 1 次 等待 3 秒
2024-04-23 00:11:37 查询号码 【1665076】，返回信息 {"status":"ok","msg":"河南-商丘","gid":"155746","time_insert":"2021-06-29 19:42"}
2024-04-23 00:11:37 查询号码 【1665076】，GSD为【"河南-商丘"】

2024-04-23 00:11:38 开始第 5163 次操作

2024-04-23 00:11:38 开始操作号码 【1665077】
2024-04-23 00:11:43 GSD getOne 第 1 次 等待 3 秒
2024-04-23 00:11:46 查询号码 【1665077】，返回信息 {"status":"ok","msg":"河南-商丘","gid":"155757","time_insert":"2021-06-29 19:43"}
2024-04-23 00:11:46 查询号码 【1665077】，GSD为【"河南-商丘"】

2024-04-23 00:11:47 开始第 5164 次操作

2024-04-23 00:11:47 开始操作号码 【1665078】
2024-04-23 00:11:55 GSD getOne 第 1 次 等待 3 秒
2024-04-23 00:11:58 查询号码 【1665078】，返回信息 {"status":"ok","msg":"河南-商丘","gid":"155768","time_insert":"2021-06-29 19:44"}
2024-04-23 00:11:58 查询号码 【1665078】，GSD为【"河南-商丘"】

2024-04-23 00:35:25 开始第 5165 次操作

2024-04-23 00:35:26 开始操作号码 【1665079】
2024-04-23 00:35:34 GSD getOne 第 1 次 等待 3 秒
2024-04-23 00:35:37 查询号码 【1665079】，返回信息 {"status":"ok","msg":"河南-商丘","gid":"155774","time_insert":"2021-06-29 19:44"}
2024-04-23 00:35:37 查询号码 【1665079】，GSD为【"河南-商丘"】

2024-04-23 00:35:38 开始第 5166 次操作

2024-04-23 00:35:38 开始操作号码 【1665080】
2024-04-23 00:35:42 GSD getOne 第 1 次 等待 3 秒
2024-04-23 00:35:45 查询号码 【1665080】，返回信息 {"status":"ok","msg":"河南-商丘","gid":"155783","time_insert":"2021-06-29 19:45"}
2024-04-23 00:35:46 查询号码 【1665080】，GSD为【"河南-商丘"】

2024-04-23 00:35:47 开始第 5167 次操作

2024-04-23 00:35:47 开始操作号码 【1665081】
2024-04-23 00:35:58 GSD getOne 第 1 次 等待 3 秒
2024-04-23 00:36:01 查询号码 【1665081】，返回信息 {"status":"ok","msg":"河南-商丘","gid":"155793","time_insert":"2021-06-29 19:46"}
2024-04-23 00:36:01 查询号码 【1665081】，GSD为【"河南-商丘"】

2024-04-23 00:36:02 开始第 5168 次操作

2024-04-23 00:36:02 开始操作号码 【1665082】
2024-04-23 00:36:08 GSD getOne 第 1 次 等待 3 秒
2024-04-23 00:36:11 查询号码 【1665082】，返回信息 {"status":"ok","msg":"河南-商丘","gid":"155803","time_insert":"2021-06-29 19:47"}
2024-04-23 00:36:11 查询号码 【1665082】，GSD为【"河南-商丘"】

2024-04-23 01:07:49 开始第 5169 次操作

2024-04-23 01:07:49 开始操作号码 【1665083】
2024-04-23 01:07:55 GSD getOne 第 1 次 等待 3 秒
2024-04-23 01:07:58 查询号码 【1665083】，返回信息 {"status":"ok","msg":"河南-商丘","gid":"155814","time_insert":"2021-06-29 19:48"}
2024-04-23 01:07:58 查询号码 【1665083】，GSD为【"河南-商丘"】

2024-04-23 01:07:59 开始第 5170 次操作

2024-04-23 01:07:59 开始操作号码 【1665084】
2024-04-23 01:08:04 GSD getOne 第 1 次 等待 3 秒
2024-04-23 01:08:07 查询号码 【1665084】，返回信息 {"status":"ok","msg":"河南-商丘","gid":"155825","time_insert":"2021-06-29 19:48"}
2024-04-23 01:08:07 查询号码 【1665084】，GSD为【"河南-商丘"】

2024-04-23 01:08:08 开始第 5171 次操作

2024-04-23 01:08:08 开始操作号码 【1665085】
2024-04-23 01:08:14 GSD getOne 第 1 次 等待 3 秒
2024-04-23 01:08:17 查询号码 【1665085】，返回信息 {"status":"ok","msg":"河南-商丘","gid":"155835","time_insert":"2021-06-29 19:49"}
2024-04-23 01:08:17 查询号码 【1665085】，GSD为【"河南-商丘"】

2024-04-23 01:08:18 开始第 5172 次操作

2024-04-23 01:08:18 开始操作号码 【1665086】
2024-04-23 01:08:25 GSD getOne 第 1 次 等待 3 秒
2024-04-23 01:08:28 查询号码 【1665086】，返回信息 {"status":"ok","msg":"河南-商丘","gid":"155843","time_insert":"2021-06-29 19:50"}
2024-04-23 01:08:28 查询号码 【1665086】，GSD为【"河南-商丘"】

2024-04-23 01:33:00 开始第 5173 次操作

2024-04-23 01:33:00 开始操作号码 【1665087】
2024-04-23 01:33:06 GSD getOne 第 1 次 等待 3 秒
2024-04-23 01:33:09 查询号码 【1665087】，返回信息 {"status":"ok","msg":"河南-商丘","gid":"155853","time_insert":"2021-06-29 19:51"}
2024-04-23 01:33:09 查询号码 【1665087】，GSD为【"河南-商丘"】

2024-04-23 01:33:10 开始第 5174 次操作

2024-04-23 01:33:10 开始操作号码 【1665088】
2024-04-23 01:33:16 GSD getOne 第 1 次 等待 3 秒
2024-04-23 01:33:19 查询号码 【1665088】，返回信息 {"status":"ok","msg":"河南-漯河","gid":"155860","time_insert":"2021-06-29 19:52"}
2024-04-23 01:33:19 查询号码 【1665088】，GSD为【"河南-漯河"】

2024-04-23 01:33:20 开始第 5175 次操作

2024-04-23 01:33:20 开始操作号码 【1665089】
2024-04-23 01:33:28 GSD getOne 第 1 次 等待 3 秒
2024-04-23 01:33:31 查询号码 【1665089】，返回信息 {"status":"ok","msg":"河南-漯河","gid":"155868","time_insert":"2021-06-29 19:52"}
2024-04-23 01:33:32 查询号码 【1665089】，GSD为【"河南-漯河"】

2024-04-23 01:33:33 开始第 5176 次操作

2024-04-23 01:33:33 开始操作号码 【1665090】
2024-04-23 01:33:37 GSD getOne 第 1 次 等待 3 秒
2024-04-23 01:33:40 查询号码 【1665090】，返回信息 {"status":"ok","msg":"河南-漯河","gid":"155877","time_insert":"2021-06-29 19:53"}
2024-04-23 01:33:40 查询号码 【1665090】，GSD为【"河南-漯河"】

