2021-07-03 00:00:18 开始第 11 次操作

2021-07-03 00:00:18 开始操作号码 【1742465】
2021-07-03 00:00:25 GSD getOne 第 1 次 等待 1 秒
2021-07-03 00:00:26 查询号码 【1742465】，返回信息 {"status":"ok","msg":"-","time_insert":"2021-06-30 10:25"}
2021-07-03 00:00:26 查询号码 【1742465】，GSD为【"-"】
2021-07-03 00:00:26 ok && -
2021-07-03 00:00:28 CHB 1742465?1625241626 第 1 次 等待 1 秒
2021-07-03 00:00:29 CHB 1742465?1625241626 第 1 次 获取到号码【1742465】GSD
2021-07-03 00:00:30 未获取到号码【1742465】GSD，可能号码格式错误
2021-07-03 00:00:30 获取到号码【1742465】的GSD为【-】
2021-07-03 00:00:34 GSD insert 第 1 次 等待 1 秒
2021-07-03 00:00:35 {"status":"bad","msg":"添加失败！号码【1742465(-|-)】已存在！"}
2021-07-03 00:00:35 下次操作: 2021-07-03 00:00:53

2021-07-03 00:00:53 开始第 12 次操作

2021-07-03 00:00:53 开始操作号码 【1742466】
2021-07-03 00:00:59 GSD getOne 第 1 次 等待 1 秒
2021-07-03 00:01:00 查询号码 【1742466】，返回信息 {"status":"ok","msg":"-","time_insert":"2021-06-30 10:26"}
2021-07-03 00:01:00 查询号码 【1742466】，GSD为【"-"】
2021-07-03 00:01:00 ok && -
2021-07-03 00:01:01 CHB 1742466?1625241660 第 1 次 等待 1 秒
2021-07-03 00:01:02 CHB 1742466?1625241660 第 1 次 获取到号码【1742466】GSD
2021-07-03 00:01:02 未获取到号码【1742466】GSD，可能号码格式错误
2021-07-03 00:01:02 获取到号码【1742466】的GSD为【-】
2021-07-03 00:01:14 GSD insert 第 1 次 等待 1 秒
2021-07-03 00:01:15 {"status":"bad","msg":"添加失败！号码【1742466(-|-)】已存在！"}
2021-07-03 00:01:15 下次操作: 2021-07-03 00:01:26

2021-07-03 00:01:26 开始第 13 次操作

2021-07-03 00:01:26 开始操作号码 【1742467】
2021-07-03 00:01:30 GSD getOne 第 1 次 等待 1 秒
2021-07-03 00:01:31 查询号码 【1742467】，返回信息 {"status":"ok","msg":"-","time_insert":"2021-06-30 10:26"}
2021-07-03 00:01:31 查询号码 【1742467】，GSD为【"-"】
2021-07-03 00:01:31 ok && -
2021-07-03 00:01:33 CHB 1742467?1625241691 第 1 次 等待 1 秒
2021-07-03 00:01:34 CHB 1742467?1625241691 第 1 次 获取到号码【1742467】GSD
2021-07-03 00:01:34 未获取到号码【1742467】GSD，可能号码格式错误
2021-07-03 00:01:34 获取到号码【1742467】的GSD为【-】
2021-07-03 00:01:42 GSD insert 第 1 次 等待 1 秒
2021-07-03 00:01:43 {"status":"bad","msg":"添加失败！号码【1742467(-|-)】已存在！"}
2021-07-03 00:01:43 下次操作: 2021-07-03 00:01:57

2021-07-03 00:01:57 开始第 14 次操作

2021-07-03 00:01:57 开始操作号码 【1742468】
2021-07-03 00:02:02 GSD getOne 第 1 次 等待 1 秒
2021-07-03 00:02:03 查询号码 【1742468】，返回信息 {"status":"ok","msg":"-","time_insert":"2021-06-30 10:27"}
2021-07-03 00:02:03 查询号码 【1742468】，GSD为【"-"】
2021-07-03 00:02:03 ok && -
2021-07-03 00:02:10 CHB 1742468?1625241723 第 1 次 等待 1 秒
2021-07-03 00:02:11 CHB 1742468?1625241723 第 1 次 获取到号码【1742468】GSD
2021-07-03 00:02:11 未获取到号码【1742468】GSD，可能号码格式错误
2021-07-03 00:02:11 获取到号码【1742468】的GSD为【-】
2021-07-03 00:02:17 GSD insert 第 1 次 等待 1 秒
2021-07-03 00:02:18 {"status":"bad","msg":"添加失败！号码【1742468(-|-)】已存在！"}
2021-07-03 00:02:18 下次操作: 2021-07-03 00:02:34

2021-07-03 00:02:34 开始第 15 次操作

2021-07-03 00:02:34 开始操作号码 【1742469】
2021-07-03 00:02:37 GSD getOne 第 1 次 等待 1 秒
2021-07-03 00:02:38 查询号码 【1742469】，返回信息 {"status":"ok","msg":"-","time_insert":"2021-06-30 10:28"}
2021-07-03 00:02:38 查询号码 【1742469】，GSD为【"-"】
2021-07-03 00:02:38 ok && -
2021-07-03 00:02:40 CHB 1742469?1625241758 第 1 次 等待 1 秒
2021-07-03 00:02:41 CHB 1742469?1625241758 第 1 次 获取到号码【1742469】GSD
2021-07-03 00:02:41 未获取到号码【1742469】GSD，可能号码格式错误
2021-07-03 00:02:41 获取到号码【1742469】的GSD为【-】
2021-07-03 00:02:44 GSD insert 第 1 次 等待 1 秒
2021-07-03 00:02:45 {"status":"bad","msg":"添加失败！号码【1742469(-|-)】已存在！"}
2021-07-03 00:02:45 下次操作: 2021-07-03 00:02:57

2021-07-03 00:02:57 开始第 16 次操作

2021-07-03 00:02:57 开始操作号码 【1742470】
2021-07-03 00:03:02 GSD getOne 第 1 次 等待 1 秒
2021-07-03 00:03:03 查询号码 【1742470】，返回信息 {"status":"ok","msg":"-","time_insert":"2021-06-30 10:29"}
2021-07-03 00:03:03 查询号码 【1742470】，GSD为【"-"】
2021-07-03 00:03:03 ok && -
2021-07-03 00:03:04 CHB 1742470?1625241783 第 1 次 等待 1 秒
2021-07-03 00:03:05 CHB 1742470?1625241783 第 1 次 获取到号码【1742470】GSD
2021-07-03 00:03:05 未获取到号码【1742470】GSD，可能号码格式错误
2021-07-03 00:03:05 获取到号码【1742470】的GSD为【-】
2021-07-03 00:03:09 GSD insert 第 1 次 等待 1 秒
2021-07-03 00:03:10 {"status":"bad","msg":"添加失败！号码【1742470(-|-)】已存在！"}
2021-07-03 00:03:10 下次操作: 2021-07-03 00:03:25

2021-07-03 00:03:25 开始第 17 次操作

2021-07-03 00:03:25 开始操作号码 【1742471】
2021-07-03 00:03:32 GSD getOne 第 1 次 等待 1 秒
2021-07-03 00:03:33 查询号码 【1742471】，返回信息 {"status":"ok","msg":"-","time_insert":"2021-06-30 10:29"}
2021-07-03 00:03:33 查询号码 【1742471】，GSD为【"-"】
2021-07-03 00:03:33 ok && -
2021-07-03 00:03:34 CHB 1742471?1625241813 第 1 次 等待 1 秒
2021-07-03 00:03:35 CHB 1742471?1625241813 第 1 次 获取到号码【1742471】GSD
2021-07-03 00:03:36 未获取到号码【1742471】GSD，可能号码格式错误
2021-07-03 00:03:36 获取到号码【1742471】的GSD为【-】
2021-07-03 00:03:40 GSD insert 第 1 次 等待 1 秒
2021-07-03 00:03:41 {"status":"bad","msg":"添加失败！号码【1742471(-|-)】已存在！"}
2021-07-03 00:03:41 下次操作: 2021-07-03 00:03:49

2021-07-03 00:03:49 开始第 18 次操作

2021-07-03 00:03:49 开始操作号码 【1742472】
2021-07-03 00:03:54 GSD getOne 第 1 次 等待 1 秒
2021-07-03 00:03:55 查询号码 【1742472】，返回信息 {"status":"ok","msg":"-","time_insert":"2021-06-30 10:30"}
2021-07-03 00:03:55 查询号码 【1742472】，GSD为【"-"】
2021-07-03 00:03:55 ok && -
2021-07-03 00:03:56 CHB 1742472?1625241835 第 1 次 等待 1 秒
2021-07-03 00:03:57 CHB 1742472?1625241835 第 1 次 获取到号码【1742472】GSD
2021-07-03 00:03:57 未获取到号码【1742472】GSD，可能号码格式错误
2021-07-03 00:03:57 获取到号码【1742472】的GSD为【-】
2021-07-03 00:04:01 GSD insert 第 1 次 等待 1 秒
2021-07-03 00:04:02 {"status":"bad","msg":"添加失败！号码【1742472(-|-)】已存在！"}
2021-07-03 00:04:02 下次操作: 2021-07-03 00:04:17

2021-07-03 00:04:17 开始第 19 次操作

2021-07-03 00:04:17 开始操作号码 【1742473】
2021-07-03 00:04:26 GSD getOne 第 1 次 等待 1 秒
2021-07-03 00:04:27 查询号码 【1742473】，返回信息 {"status":"ok","msg":"-","time_insert":"2021-06-30 10:31"}
2021-07-03 00:04:27 查询号码 【1742473】，GSD为【"-"】
2021-07-03 00:04:27 ok && -
2021-07-03 00:04:28 CHB 1742473?1625241867 第 1 次 等待 1 秒
2021-07-03 00:04:29 CHB 1742473?1625241867 第 1 次 获取到号码【1742473】GSD
2021-07-03 00:04:29 未获取到号码【1742473】GSD，可能号码格式错误
2021-07-03 00:04:29 获取到号码【1742473】的GSD为【-】
2021-07-03 00:04:36 GSD insert 第 1 次 等待 1 秒
2021-07-03 00:04:37 {"status":"bad","msg":"添加失败！号码【1742473(-|-)】已存在！"}
2021-07-03 00:04:37 下次操作: 2021-07-03 00:04:47

2021-07-03 00:04:47 开始第 20 次操作

2021-07-03 00:04:47 开始操作号码 【1742474】
2021-07-03 00:04:57 GSD getOne 第 1 次 等待 1 秒
2021-07-03 00:04:58 查询号码 【1742474】，返回信息 {"status":"ok","msg":"-","time_insert":"2021-06-30 10:32"}
2021-07-03 00:04:58 查询号码 【1742474】，GSD为【"-"】
2021-07-03 00:04:58 ok && -
2021-07-03 00:04:59 CHB 1742474?1625241898 第 1 次 等待 1 秒
2021-07-03 00:05:00 CHB 1742474?1625241898 第 1 次 获取到号码【1742474】GSD
2021-07-03 00:05:00 未获取到号码【1742474】GSD，可能号码格式错误
2021-07-03 00:05:00 获取到号码【1742474】的GSD为【-】
2021-07-03 00:05:05 GSD insert 第 1 次 等待 1 秒
2021-07-03 00:05:06 {"status":"bad","msg":"添加失败！号码【1742474(-|-)】已存在！"}
2021-07-03 00:05:06 下次操作: 2021-07-03 00:05:17

2021-07-03 00:05:17 开始第 21 次操作

2021-07-03 00:05:17 开始操作号码 【1742475】
2021-07-03 00:05:21 GSD getOne 第 1 次 等待 1 秒
2021-07-03 00:05:22 查询号码 【1742475】，返回信息 {"status":"ok","msg":"-","time_insert":"2021-06-30 10:32"}
2021-07-03 00:05:22 查询号码 【1742475】，GSD为【"-"】
2021-07-03 00:05:22 ok && -
2021-07-03 00:05:23 CHB 1742475?1625241922 第 1 次 等待 1 秒
2021-07-03 00:05:24 CHB 1742475?1625241922 第 1 次 获取到号码【1742475】GSD
2021-07-03 00:05:24 未获取到号码【1742475】GSD，可能号码格式错误
2021-07-03 00:05:24 获取到号码【1742475】的GSD为【-】
2021-07-03 00:05:32 GSD insert 第 1 次 等待 1 秒
2021-07-03 00:05:33 {"status":"bad","msg":"添加失败！号码【1742475(-|-)】已存在！"}
2021-07-03 00:05:33 下次操作: 2021-07-03 00:05:42

2021-07-03 00:05:42 开始第 22 次操作

2021-07-03 00:05:42 开始操作号码 【1742476】
2021-07-03 00:05:47 GSD getOne 第 1 次 等待 1 秒
2021-07-03 00:05:48 查询号码 【1742476】，返回信息 {"status":"ok","msg":"-","time_insert":"2021-06-30 10:33"}
2021-07-03 00:05:48 查询号码 【1742476】，GSD为【"-"】
2021-07-03 00:05:48 ok && -
2021-07-03 00:05:53 CHB 1742476?1625241948 第 1 次 等待 1 秒
2021-07-03 00:05:54 CHB 1742476?1625241948 第 1 次 获取到号码【1742476】GSD
2021-07-03 00:05:54 未获取到号码【1742476】GSD，可能号码格式错误
2021-07-03 00:05:54 获取到号码【1742476】的GSD为【-】
2021-07-03 00:05:59 GSD insert 第 1 次 等待 1 秒
2021-07-03 00:06:00 {"status":"bad","msg":"添加失败！号码【1742476(-|-)】已存在！"}
2021-07-03 00:06:00 下次操作: 2021-07-03 00:06:12

2021-07-03 00:06:12 开始第 23 次操作

2021-07-03 00:06:12 开始操作号码 【1742477】
2021-07-03 00:06:19 GSD getOne 第 1 次 等待 1 秒
2021-07-03 00:06:20 查询号码 【1742477】，返回信息 {"status":"ok","msg":"-","time_insert":"2021-06-30 10:34"}
2021-07-03 00:06:20 查询号码 【1742477】，GSD为【"-"】
2021-07-03 00:06:20 ok && -
2021-07-03 00:06:22 CHB 1742477?1625241980 第 1 次 等待 1 秒
2021-07-03 00:06:23 CHB 1742477?1625241980 第 1 次 获取到号码【1742477】GSD
2021-07-03 00:06:23 未获取到号码【1742477】GSD，可能号码格式错误
2021-07-03 00:06:23 获取到号码【1742477】的GSD为【-】
2021-07-03 00:06:26 GSD insert 第 1 次 等待 1 秒
2021-07-03 00:06:27 {"status":"bad","msg":"添加失败！号码【1742477(-|-)】已存在！"}
2021-07-03 00:06:27 下次操作: 2021-07-03 00:06:40

2021-07-03 00:06:40 开始第 24 次操作

2021-07-03 00:06:40 开始操作号码 【1742478】
2021-07-03 00:06:45 GSD getOne 第 1 次 等待 1 秒
2021-07-03 00:06:46 查询号码 【1742478】，返回信息 {"status":"ok","msg":"-","time_insert":"2021-06-30 10:35"}
2021-07-03 00:06:46 查询号码 【1742478】，GSD为【"-"】
2021-07-03 00:06:46 ok && -
2021-07-03 00:06:47 CHB 1742478?1625242006 第 1 次 等待 1 秒
2021-07-03 00:06:48 CHB 1742478?1625242006 第 1 次 获取到号码【1742478】GSD
2021-07-03 00:06:48 未获取到号码【1742478】GSD，可能号码格式错误
2021-07-03 00:06:48 获取到号码【1742478】的GSD为【-】
2021-07-03 00:06:54 GSD insert 第 1 次 等待 1 秒
2021-07-03 00:06:55 {"status":"bad","msg":"添加失败！号码【1742478(-|-)】已存在！"}
2021-07-03 00:06:55 下次操作: 2021-07-03 00:07:10

2021-07-03 00:07:10 开始第 25 次操作

2021-07-03 00:07:10 开始操作号码 【1742479】
2021-07-03 00:07:15 GSD getOne 第 1 次 等待 1 秒
2021-07-03 00:07:16 查询号码 【1742479】，返回信息 {"status":"ok","msg":"-","time_insert":"2021-06-30 10:36"}
2021-07-03 00:07:16 查询号码 【1742479】，GSD为【"-"】
2021-07-03 00:07:16 ok && -
2021-07-03 00:07:17 CHB 1742479?1625242036 第 1 次 等待 1 秒
2021-07-03 00:07:18 CHB 1742479?1625242036 第 1 次 获取到号码【1742479】GSD
2021-07-03 00:07:18 未获取到号码【1742479】GSD，可能号码格式错误
2021-07-03 00:07:18 获取到号码【1742479】的GSD为【-】
2021-07-03 00:07:22 GSD insert 第 1 次 等待 1 秒
2021-07-03 00:07:23 {"status":"bad","msg":"添加失败！号码【1742479(-|-)】已存在！"}
2021-07-03 00:07:23 下次操作: 2021-07-03 00:07:33

2021-07-03 00:07:33 开始第 26 次操作

2021-07-03 00:07:33 开始操作号码 【1742480】
2021-07-03 00:07:42 GSD getOne 第 1 次 等待 1 秒
2021-07-03 00:07:43 查询号码 【1742480】，返回信息 {"status":"ok","msg":"-","time_insert":"2021-06-30 10:36"}
2021-07-03 00:07:43 查询号码 【1742480】，GSD为【"-"】
2021-07-03 00:07:43 ok && -
2021-07-03 00:07:44 CHB 1742480?1625242063 第 1 次 等待 1 秒
2021-07-03 00:07:45 CHB 1742480?1625242063 第 1 次 获取到号码【1742480】GSD
2021-07-03 00:07:45 未获取到号码【1742480】GSD，可能号码格式错误
2021-07-03 00:07:45 获取到号码【1742480】的GSD为【-】
2021-07-03 00:07:52 GSD insert 第 1 次 等待 1 秒
2021-07-03 00:07:53 {"status":"bad","msg":"添加失败！号码【1742480(-|-)】已存在！"}
2021-07-03 00:07:53 下次操作: 2021-07-03 00:08:05

2021-07-03 00:08:05 开始第 27 次操作

2021-07-03 00:08:05 开始操作号码 【1742481】
2021-07-03 00:08:15 GSD getOne 第 1 次 等待 1 秒
2021-07-03 00:08:16 查询号码 【1742481】，返回信息 {"status":"ok","msg":"-","time_insert":"2021-06-30 10:37"}
2021-07-03 00:08:17 查询号码 【1742481】，GSD为【"-"】
2021-07-03 00:08:17 ok && -
2021-07-03 00:08:18 CHB 1742481?1625242097 第 1 次 等待 1 秒
2021-07-03 00:08:19 CHB 1742481?1625242097 第 1 次 获取到号码【1742481】GSD
2021-07-03 00:08:19 未获取到号码【1742481】GSD，可能号码格式错误
2021-07-03 00:08:19 获取到号码【1742481】的GSD为【-】
2021-07-03 00:08:26 GSD insert 第 1 次 等待 1 秒
2021-07-03 00:08:27 {"status":"bad","msg":"添加失败！号码【1742481(-|-)】已存在！"}
2021-07-03 00:08:27 下次操作: 2021-07-03 00:08:35

2021-07-03 00:08:35 开始第 28 次操作

2021-07-03 00:08:35 开始操作号码 【1742482】
2021-07-03 00:08:39 GSD getOne 第 1 次 等待 1 秒
2021-07-03 00:08:40 查询号码 【1742482】，返回信息 {"status":"ok","msg":"-","time_insert":"2021-06-30 10:38"}
2021-07-03 00:08:40 查询号码 【1742482】，GSD为【"-"】
2021-07-03 00:08:40 ok && -
2021-07-03 00:08:41 CHB 1742482?1625242120 第 1 次 等待 1 秒
2021-07-03 00:08:42 CHB 1742482?1625242120 第 1 次 获取到号码【1742482】GSD
2021-07-03 00:08:42 未获取到号码【1742482】GSD，可能号码格式错误
2021-07-03 00:08:42 获取到号码【1742482】的GSD为【-】
2021-07-03 00:08:49 GSD insert 第 1 次 等待 1 秒
2021-07-03 00:08:50 {"status":"bad","msg":"添加失败！号码【1742482(-|-)】已存在！"}
2021-07-03 00:08:50 下次操作: 2021-07-03 00:09:06

2021-07-03 00:09:07 开始第 29 次操作

2021-07-03 00:09:07 开始操作号码 【1742483】
2021-07-03 00:09:12 GSD getOne 第 1 次 等待 1 秒
2021-07-03 00:09:13 查询号码 【1742483】，返回信息 {"status":"ok","msg":"-","time_insert":"2021-06-30 10:39"}
2021-07-03 00:09:13 查询号码 【1742483】，GSD为【"-"】
2021-07-03 00:09:13 ok && -
2021-07-03 00:09:15 CHB 1742483?1625242153 第 1 次 等待 1 秒
2021-07-03 00:09:16 CHB 1742483?1625242153 第 1 次 获取到号码【1742483】GSD
2021-07-03 00:09:16 未获取到号码【1742483】GSD，可能号码格式错误
2021-07-03 00:09:16 获取到号码【1742483】的GSD为【-】
2021-07-03 00:09:20 GSD insert 第 1 次 等待 1 秒
2021-07-03 00:09:21 {"status":"bad","msg":"添加失败！号码【1742483(-|-)】已存在！"}
2021-07-03 00:09:21 下次操作: 2021-07-03 00:09:37

2021-07-03 00:09:37 开始第 30 次操作

2021-07-03 00:09:37 开始操作号码 【1742484】
2021-07-03 00:09:42 GSD getOne 第 1 次 等待 1 秒
2021-07-03 00:09:43 查询号码 【1742484】，返回信息 {"status":"ok","msg":"-","time_insert":"2021-06-30 10:39"}
2021-07-03 00:09:43 查询号码 【1742484】，GSD为【"-"】
2021-07-03 00:09:43 ok && -
2021-07-03 00:09:44 CHB 1742484?1625242183 第 1 次 等待 1 秒
2021-07-03 00:09:45 CHB 1742484?1625242183 第 1 次 获取到号码【1742484】GSD
2021-07-03 00:09:45 未获取到号码【1742484】GSD，可能号码格式错误
2021-07-03 00:09:45 获取到号码【1742484】的GSD为【-】
2021-07-03 00:09:50 GSD insert 第 1 次 等待 1 秒
2021-07-03 00:09:51 {"status":"bad","msg":"添加失败！号码【1742484(-|-)】已存在！"}

