2024-05-16 00:11:51 开始第 9397 次操作

2024-05-16 00:11:51 开始操作号码 【1669310】
2024-05-16 00:11:56 GSD getOne 第 1 次 等待 3 秒
2024-05-16 00:11:59 查询号码 【1669310】，返回信息 {"status":"ok","msg":"甘肃-兰州","gid":"202889","time_insert":"2021-07-06 03:39"}
2024-05-16 00:12:00 查询号码 【1669310】，GSD为【"甘肃-兰州"】

2024-05-16 00:12:01 开始第 9398 次操作

2024-05-16 00:12:01 开始操作号码 【1669311】
2024-05-16 00:12:05 GSD getOne 第 1 次 等待 3 秒
2024-05-16 00:12:08 查询号码 【1669311】，返回信息 {"status":"ok","msg":"甘肃-兰州","gid":"202893","time_insert":"2021-07-06 03:40"}
2024-05-16 00:12:08 查询号码 【1669311】，GSD为【"甘肃-兰州"】

2024-05-16 00:12:09 开始第 9399 次操作

2024-05-16 00:12:09 开始操作号码 【1669312】
2024-05-16 00:12:14 GSD getOne 第 1 次 等待 3 秒
2024-05-16 00:12:17 查询号码 【1669312】，返回信息 {"status":"ok","msg":"甘肃-兰州","gid":"202898","time_insert":"2021-07-06 03:40","time_update":"2021-08-06 16:17"}
2024-05-16 00:12:17 查询号码 【1669312】，GSD为【"甘肃-兰州"】

2024-05-16 00:12:18 开始第 9400 次操作

2024-05-16 00:12:18 开始操作号码 【1669313】
2024-05-16 00:12:30 GSD getOne 第 1 次 等待 3 秒
2024-05-16 00:12:33 查询号码 【1669313】，返回信息 {"status":"ok","msg":"甘肃-兰州","gid":"202903","time_insert":"2021-07-06 03:40"}
2024-05-16 00:12:33 查询号码 【1669313】，GSD为【"甘肃-兰州"】

2024-05-16 00:37:00 开始第 9401 次操作

2024-05-16 00:37:00 开始操作号码 【1669314】
2024-05-16 00:37:06 GSD getOne 第 1 次 等待 3 秒
2024-05-16 00:37:09 查询号码 【1669314】，返回信息 {"status":"ok","msg":"甘肃-兰州","gid":"202908","time_insert":"2021-07-06 03:41"}
2024-05-16 00:37:09 查询号码 【1669314】，GSD为【"甘肃-兰州"】

2024-05-16 00:37:10 开始第 9402 次操作

2024-05-16 00:37:10 开始操作号码 【1669315】
2024-05-16 00:37:16 GSD getOne 第 1 次 等待 3 秒
2024-05-16 00:37:19 查询号码 【1669315】，返回信息 {"status":"ok","msg":"甘肃-兰州","gid":"202915","time_insert":"2021-07-06 03:41"}
2024-05-16 00:37:19 查询号码 【1669315】，GSD为【"甘肃-兰州"】

2024-05-16 00:37:20 开始第 9403 次操作

2024-05-16 00:37:20 开始操作号码 【1669316】
2024-05-16 00:37:28 GSD getOne 第 1 次 等待 3 秒
2024-05-16 00:37:31 查询号码 【1669316】，返回信息 {"status":"ok","msg":"甘肃-兰州","gid":"202920","time_insert":"2021-07-06 03:42"}
2024-05-16 00:37:31 查询号码 【1669316】，GSD为【"甘肃-兰州"】

2024-05-16 00:37:32 开始第 9404 次操作

2024-05-16 00:37:32 开始操作号码 【1669317】
2024-05-16 00:37:39 GSD getOne 第 1 次 等待 3 秒
2024-05-16 00:37:42 查询号码 【1669317】，返回信息 {"status":"ok","msg":"甘肃-兰州","gid":"202927","time_insert":"2021-07-06 03:42"}
2024-05-16 00:37:42 查询号码 【1669317】，GSD为【"甘肃-兰州"】

2024-05-16 01:10:04 开始第 9405 次操作

2024-05-16 01:10:04 开始操作号码 【1669318】
2024-05-16 01:10:09 GSD getOne 第 1 次 等待 3 秒
2024-05-16 01:10:12 查询号码 【1669318】，返回信息 {"status":"ok","msg":"甘肃-兰州","gid":"202933","time_insert":"2021-07-06 03:43"}
2024-05-16 01:10:12 查询号码 【1669318】，GSD为【"甘肃-兰州"】

2024-05-16 01:10:13 开始第 9406 次操作

2024-05-16 01:10:13 开始操作号码 【1669319】
2024-05-16 01:10:19 GSD getOne 第 1 次 等待 3 秒
2024-05-16 01:10:22 查询号码 【1669319】，返回信息 {"status":"ok","msg":"甘肃-兰州","gid":"202939","time_insert":"2021-07-06 03:43"}
2024-05-16 01:10:22 查询号码 【1669319】，GSD为【"甘肃-兰州"】

2024-05-16 01:10:23 开始第 9407 次操作

2024-05-16 01:10:23 开始操作号码 【1669320】
2024-05-16 01:10:32 GSD getOne 第 1 次 等待 3 秒
2024-05-16 01:10:35 查询号码 【1669320】，返回信息 {"status":"ok","msg":"甘肃-定西","gid":"202944","time_insert":"2021-07-06 03:44"}
2024-05-16 01:10:35 查询号码 【1669320】，GSD为【"甘肃-定西"】

2024-05-16 01:10:36 开始第 9408 次操作

2024-05-16 01:10:36 开始操作号码 【1669321】
2024-05-16 01:10:41 GSD getOne 第 1 次 等待 3 秒
2024-05-16 01:10:44 查询号码 【1669321】，返回信息 {"status":"ok","msg":"甘肃-定西","gid":"202948","time_insert":"2021-07-06 03:44"}
2024-05-16 01:10:44 查询号码 【1669321】，GSD为【"甘肃-定西"】

2024-05-16 01:32:58 开始第 9409 次操作

2024-05-16 01:32:58 开始操作号码 【1669322】
2024-05-16 01:33:05 GSD getOne 第 1 次 等待 3 秒
2024-05-16 01:33:08 查询号码 【1669322】，返回信息 {"status":"ok","msg":"甘肃-定西","gid":"202955","time_insert":"2021-07-06 03:44"}
2024-05-16 01:33:08 查询号码 【1669322】，GSD为【"甘肃-定西"】

2024-05-16 01:33:09 开始第 9410 次操作

2024-05-16 01:33:09 开始操作号码 【1669323】
2024-05-16 01:33:22 GSD getOne 第 1 次 等待 3 秒
2024-05-16 01:33:25 查询号码 【1669323】，返回信息 {"status":"ok","msg":"甘肃-定西","gid":"202960","time_insert":"2021-07-06 03:45"}
2024-05-16 01:33:25 查询号码 【1669323】，GSD为【"甘肃-定西"】

2024-05-16 01:33:26 开始第 9411 次操作

2024-05-16 01:33:26 开始操作号码 【1669324】
2024-05-16 01:33:48 GSD getOne 第 1 次 等待 3 秒
2024-05-16 01:33:51 查询号码 【1669324】，返回信息 {"status":"ok","msg":"甘肃-定西","gid":"202967","time_insert":"2021-07-06 03:45"}
2024-05-16 01:33:51 查询号码 【1669324】，GSD为【"甘肃-定西"】

2024-05-16 01:33:52 开始第 9412 次操作

2024-05-16 01:33:52 开始操作号码 【1669325】
2024-05-16 01:34:01 GSD getOne 第 1 次 等待 3 秒
2024-05-16 01:34:04 查询号码 【1669325】，返回信息 {"status":"ok","msg":"甘肃-定西","gid":"202973","time_insert":"2021-07-06 03:46"}
2024-05-16 01:34:04 查询号码 【1669325】，GSD为【"甘肃-定西"】

2024-05-16 02:11:48 开始第 9413 次操作

2024-05-16 02:11:48 开始操作号码 【1669326】
2024-05-16 02:11:54 GSD getOne 第 1 次 等待 3 秒
2024-05-16 02:11:57 查询号码 【1669326】，返回信息 {"status":"ok","msg":"甘肃-定西","gid":"202980","time_insert":"2021-07-06 03:46"}
2024-05-16 02:11:57 查询号码 【1669326】，GSD为【"甘肃-定西"】

2024-05-16 02:11:58 开始第 9414 次操作

2024-05-16 02:11:58 开始操作号码 【1669327】
2024-05-16 02:12:06 GSD getOne 第 1 次 等待 3 秒
2024-05-16 02:12:09 查询号码 【1669327】，返回信息 {"status":"ok","msg":"甘肃-定西","gid":"202986","time_insert":"2021-07-06 03:47"}
2024-05-16 02:12:09 查询号码 【1669327】，GSD为【"甘肃-定西"】

2024-05-16 02:12:10 开始第 9415 次操作

2024-05-16 02:12:10 开始操作号码 【1669328】
2024-05-16 02:12:16 GSD getOne 第 1 次 等待 3 秒
2024-05-16 02:12:19 查询号码 【1669328】，返回信息 {"status":"ok","msg":"甘肃-定西","gid":"203192","time_insert":"2021-07-06 04:40"}
2024-05-16 02:12:19 查询号码 【1669328】，GSD为【"甘肃-定西"】

2024-05-16 02:12:20 开始第 9416 次操作

2024-05-16 02:12:20 开始操作号码 【1669329】
2024-05-16 02:12:29 GSD getOne 第 1 次 等待 3 秒
2024-05-16 02:12:32 查询号码 【1669329】，返回信息 {"status":"ok","msg":"甘肃-定西","gid":"203203","time_insert":"2021-07-06 04:41"}
2024-05-16 02:12:32 查询号码 【1669329】，GSD为【"甘肃-定西"】

2024-05-16 02:35:04 开始第 9417 次操作

2024-05-16 02:35:04 开始操作号码 【1669330】
2024-05-16 02:35:09 GSD getOne 第 1 次 等待 3 秒
2024-05-16 02:35:12 查询号码 【1669330】，返回信息 {"status":"ok","msg":"甘肃-平凉","gid":"203209","time_insert":"2021-07-06 04:41"}
2024-05-16 02:35:13 查询号码 【1669330】，GSD为【"甘肃-平凉"】

2024-05-16 02:35:14 开始第 9418 次操作

2024-05-16 02:35:14 开始操作号码 【1669331】
2024-05-16 02:35:21 GSD getOne 第 1 次 等待 3 秒
2024-05-16 02:35:24 查询号码 【1669331】，返回信息 {"status":"ok","msg":"甘肃-平凉","gid":"203214","time_insert":"2021-07-06 04:41"}
2024-05-16 02:35:24 查询号码 【1669331】，GSD为【"甘肃-平凉"】

2024-05-16 02:35:25 开始第 9419 次操作

2024-05-16 02:35:25 开始操作号码 【1669332】
2024-05-16 02:35:34 GSD getOne 第 1 次 等待 3 秒
2024-05-16 02:35:37 查询号码 【1669332】，返回信息 {"status":"ok","msg":"甘肃-平凉","gid":"203223","time_insert":"2021-07-06 04:42"}
2024-05-16 02:35:37 查询号码 【1669332】，GSD为【"甘肃-平凉"】

2024-05-16 02:35:38 开始第 9420 次操作

2024-05-16 02:35:38 开始操作号码 【1669333】
2024-05-16 02:35:46 GSD getOne 第 1 次 等待 3 秒
2024-05-16 02:35:49 查询号码 【1669333】，返回信息 {"status":"ok","msg":"甘肃-平凉","gid":"203228","time_insert":"2021-07-06 04:42"}
2024-05-16 02:35:49 查询号码 【1669333】，GSD为【"甘肃-平凉"】

2024-05-16 03:07:56 开始第 9421 次操作

2024-05-16 03:07:56 开始操作号码 【1669334】
2024-05-16 03:08:03 GSD getOne 第 1 次 等待 3 秒
2024-05-16 03:08:06 查询号码 【1669334】，返回信息 {"status":"ok","msg":"甘肃-平凉","gid":"203235","time_insert":"2021-07-06 04:42"}
2024-05-16 03:08:06 查询号码 【1669334】，GSD为【"甘肃-平凉"】

2024-05-16 03:08:07 开始第 9422 次操作

2024-05-16 03:08:07 开始操作号码 【1669335】
2024-05-16 03:08:12 GSD getOne 第 1 次 等待 3 秒
2024-05-16 03:08:15 查询号码 【1669335】，返回信息 {"status":"ok","msg":"甘肃-平凉","gid":"203241","time_insert":"2021-07-06 04:43"}
2024-05-16 03:08:15 查询号码 【1669335】，GSD为【"甘肃-平凉"】

2024-05-16 03:08:16 开始第 9423 次操作

2024-05-16 03:08:16 开始操作号码 【1669336】
2024-05-16 03:08:20 GSD getOne 第 1 次 等待 3 秒
2024-05-16 03:08:23 查询号码 【1669336】，返回信息 {"status":"ok","msg":"甘肃-平凉","gid":"203249","time_insert":"2021-07-06 04:43"}
2024-05-16 03:08:23 查询号码 【1669336】，GSD为【"甘肃-平凉"】

2024-05-16 03:08:24 开始第 9424 次操作

2024-05-16 03:08:24 开始操作号码 【1669337】
2024-05-16 03:08:29 GSD getOne 第 1 次 等待 3 秒
2024-05-16 03:08:32 查询号码 【1669337】，返回信息 {"status":"ok","msg":"甘肃-平凉","gid":"203254","time_insert":"2021-07-06 04:44"}
2024-05-16 03:08:32 查询号码 【1669337】，GSD为【"甘肃-平凉"】

2024-05-16 03:33:12 开始第 9425 次操作

2024-05-16 03:33:12 开始操作号码 【1669338】
2024-05-16 03:33:17 GSD getOne 第 1 次 等待 3 秒
2024-05-16 03:33:20 查询号码 【1669338】，返回信息 {"status":"ok","msg":"甘肃-平凉","gid":"203260","time_insert":"2021-07-06 04:44"}
2024-05-16 03:33:20 查询号码 【1669338】，GSD为【"甘肃-平凉"】

2024-05-16 03:33:21 开始第 9426 次操作

2024-05-16 03:33:21 开始操作号码 【1669339】
2024-05-16 03:33:26 GSD getOne 第 1 次 等待 3 秒
2024-05-16 03:33:29 查询号码 【1669339】，返回信息 {"status":"ok","msg":"甘肃-平凉","gid":"203267","time_insert":"2021-07-06 04:45"}
2024-05-16 03:33:29 查询号码 【1669339】，GSD为【"甘肃-平凉"】

2024-05-16 03:33:30 开始第 9427 次操作

2024-05-16 03:33:30 开始操作号码 【1669340】
2024-05-16 03:33:35 GSD getOne 第 1 次 等待 3 秒
2024-05-16 03:33:38 查询号码 【1669340】，返回信息 {"status":"ok","msg":"甘肃-庆阳","gid":"203275","time_insert":"2021-07-06 04:45"}
2024-05-16 03:33:38 查询号码 【1669340】，GSD为【"甘肃-庆阳"】

2024-05-16 03:33:39 开始第 9428 次操作

2024-05-16 03:33:39 开始操作号码 【1669341】
2024-05-16 03:33:44 GSD getOne 第 1 次 等待 3 秒
2024-05-16 03:33:47 查询号码 【1669341】，返回信息 {"status":"ok","msg":"甘肃-庆阳","gid":"203279","time_insert":"2021-07-06 04:45"}
2024-05-16 03:33:47 查询号码 【1669341】，GSD为【"甘肃-庆阳"】

2024-05-16 04:11:04 开始第 9429 次操作

2024-05-16 04:11:04 开始操作号码 【1669342】
2024-05-16 04:11:11 GSD getOne 第 1 次 等待 3 秒
2024-05-16 04:11:14 查询号码 【1669342】，返回信息 {"status":"ok","msg":"甘肃-庆阳","gid":"203285","time_insert":"2021-07-06 04:46"}
2024-05-16 04:11:14 查询号码 【1669342】，GSD为【"甘肃-庆阳"】

2024-05-16 04:11:15 开始第 9430 次操作

2024-05-16 04:11:15 开始操作号码 【1669343】
2024-05-16 04:11:20 GSD getOne 第 1 次 等待 3 秒
2024-05-16 04:11:23 查询号码 【1669343】，返回信息 {"status":"ok","msg":"甘肃-庆阳","gid":"203290","time_insert":"2021-07-06 04:46"}
2024-05-16 04:11:23 查询号码 【1669343】，GSD为【"甘肃-庆阳"】

2024-05-16 04:11:24 开始第 9431 次操作

2024-05-16 04:11:24 开始操作号码 【1669344】
2024-05-16 04:11:28 GSD getOne 第 1 次 等待 3 秒
2024-05-16 04:11:31 查询号码 【1669344】，返回信息 {"status":"ok","msg":"甘肃-庆阳","gid":"203297","time_insert":"2021-07-06 04:47"}
2024-05-16 04:11:31 查询号码 【1669344】，GSD为【"甘肃-庆阳"】

2024-05-16 04:11:33 开始第 9432 次操作

2024-05-16 04:11:33 开始操作号码 【1669345】
2024-05-16 04:11:37 GSD getOne 第 1 次 等待 3 秒
2024-05-16 04:11:40 查询号码 【1669345】，返回信息 {"status":"ok","msg":"甘肃-庆阳","gid":"203303","time_insert":"2021-07-06 04:47"}
2024-05-16 04:11:40 查询号码 【1669345】，GSD为【"甘肃-庆阳"】

2024-05-16 04:34:30 开始第 9433 次操作

2024-05-16 04:34:30 开始操作号码 【1669346】
2024-05-16 04:34:35 GSD getOne 第 1 次 等待 3 秒
2024-05-16 04:34:38 查询号码 【1669346】，返回信息 {"status":"ok","msg":"甘肃-庆阳","gid":"203309","time_insert":"2021-07-06 04:47"}
2024-05-16 04:34:38 查询号码 【1669346】，GSD为【"甘肃-庆阳"】

2024-05-16 04:34:39 开始第 9434 次操作

2024-05-16 04:34:39 开始操作号码 【1669347】
2024-05-16 04:34:45 GSD getOne 第 1 次 等待 3 秒
2024-05-16 04:34:48 查询号码 【1669347】，返回信息 {"status":"ok","msg":"甘肃-酒泉","gid":"203314","time_insert":"2021-07-06 04:48"}
2024-05-16 04:34:48 查询号码 【1669347】，GSD为【"甘肃-酒泉"】

2024-05-16 04:34:49 开始第 9435 次操作

2024-05-16 04:34:49 开始操作号码 【1669348】
2024-05-16 04:34:55 GSD getOne 第 1 次 等待 3 秒
2024-05-16 04:34:58 查询号码 【1669348】，返回信息 {"status":"ok","msg":"甘肃-酒泉","gid":"203321","time_insert":"2021-07-06 04:48"}
2024-05-16 04:34:58 查询号码 【1669348】，GSD为【"甘肃-酒泉"】

2024-05-16 04:34:59 开始第 9436 次操作

2024-05-16 04:34:59 开始操作号码 【1669349】
2024-05-16 04:35:04 GSD getOne 第 1 次 等待 3 秒
2024-05-16 04:35:07 查询号码 【1669349】，返回信息 {"status":"ok","msg":"甘肃-酒泉","gid":"203326","time_insert":"2021-07-06 04:49"}
2024-05-16 04:35:07 查询号码 【1669349】，GSD为【"甘肃-酒泉"】

2024-05-16 05:08:50 开始第 9437 次操作

2024-05-16 05:08:50 开始操作号码 【1669350】
2024-05-16 05:09:02 GSD getOne 第 1 次 等待 3 秒
2024-05-16 05:09:05 查询号码 【1669350】，返回信息 {"status":"ok","msg":"甘肃-武威","gid":"203333","time_insert":"2021-07-06 04:49"}
2024-05-16 05:09:05 查询号码 【1669350】，GSD为【"甘肃-武威"】

2024-05-16 05:09:06 开始第 9438 次操作

2024-05-16 05:09:06 开始操作号码 【1669351】
2024-05-16 05:09:20 GSD getOne 第 1 次 等待 3 秒
2024-05-16 05:09:23 查询号码 【1669351】，返回信息 {"status":"ok","msg":"甘肃-武威","gid":"203339","time_insert":"2021-07-06 04:49"}
2024-05-16 05:09:23 查询号码 【1669351】，GSD为【"甘肃-武威"】

2024-05-16 05:09:24 开始第 9439 次操作

2024-05-16 05:09:24 开始操作号码 【1669352】
2024-05-16 05:09:29 GSD getOne 第 1 次 等待 3 秒
2024-05-16 05:09:32 查询号码 【1669352】，返回信息 {"status":"ok","msg":"甘肃-武威","gid":"203347","time_insert":"2021-07-06 04:50"}
2024-05-16 05:09:32 查询号码 【1669352】，GSD为【"甘肃-武威"】

2024-05-16 05:09:33 开始第 9440 次操作

2024-05-16 05:09:33 开始操作号码 【1669353】
2024-05-16 05:09:37 GSD getOne 第 1 次 等待 3 秒
2024-05-16 05:09:40 查询号码 【1669353】，返回信息 {"status":"ok","msg":"甘肃-武威","gid":"203354","time_insert":"2021-07-06 04:50"}
2024-05-16 05:09:40 查询号码 【1669353】，GSD为【"甘肃-武威"】

2024-05-16 05:34:28 开始第 9441 次操作

2024-05-16 05:34:28 开始操作号码 【1669354】
2024-05-16 05:34:34 GSD getOne 第 1 次 等待 3 秒
2024-05-16 05:34:37 查询号码 【1669354】，返回信息 {"status":"ok","msg":"甘肃-兰州","gid":"203357","time_insert":"2021-07-06 04:51"}
2024-05-16 05:34:37 查询号码 【1669354】，GSD为【"甘肃-兰州"】

2024-05-16 05:34:38 开始第 9442 次操作

2024-05-16 05:34:38 开始操作号码 【1669355】
2024-05-16 05:34:43 GSD getOne 第 1 次 等待 3 秒
2024-05-16 05:34:46 查询号码 【1669355】，返回信息 {"status":"ok","msg":"甘肃-兰州","gid":"203360","time_insert":"2021-07-06 04:51"}
2024-05-16 05:34:46 查询号码 【1669355】，GSD为【"甘肃-兰州"】

2024-05-16 05:34:47 开始第 9443 次操作

2024-05-16 05:34:47 开始操作号码 【1669356】
2024-05-16 05:34:52 GSD getOne 第 1 次 等待 3 秒
2024-05-16 05:34:55 查询号码 【1669356】，返回信息 {"status":"ok","msg":"甘肃-兰州","gid":"203367","time_insert":"2021-07-06 04:51"}
2024-05-16 05:34:55 查询号码 【1669356】，GSD为【"甘肃-兰州"】

2024-05-16 05:34:56 开始第 9444 次操作

2024-05-16 05:34:56 开始操作号码 【1669357】
2024-05-16 05:35:01 GSD getOne 第 1 次 等待 3 秒
2024-05-16 05:35:04 查询号码 【1669357】，返回信息 {"status":"ok","msg":"甘肃-兰州","gid":"203370","time_insert":"2021-07-06 04:52"}
2024-05-16 05:35:04 查询号码 【1669357】，GSD为【"甘肃-兰州"】

