2023-12-10 00:10:00 开始第 2393 次操作

2023-12-10 00:10:00 开始操作号码 【1882306】
2023-12-10 00:10:04 GSD getOne 第 1 次 等待 3 秒
2023-12-10 00:10:07 查询号码 【1882306】，返回信息 {"status":"ok","msg":"广东-江门","gid":"491093","time_insert":"2021-08-03 17:06"}
2023-12-10 00:10:07 查询号码 【1882306】，GSD为【"广东-江门"】

2023-12-10 00:10:08 开始第 2394 次操作

2023-12-10 00:10:08 开始操作号码 【1882307】
2023-12-10 00:10:13 GSD getOne 第 1 次 等待 3 秒
2023-12-10 00:10:16 查询号码 【1882307】，返回信息 {"status":"ok","msg":"广东-江门","gid":"491077","time_insert":"2021-08-03 17:05"}
2023-12-10 00:10:16 查询号码 【1882307】，GSD为【"广东-江门"】

2023-12-10 00:10:17 开始第 2395 次操作

2023-12-10 00:10:17 开始操作号码 【1882308】
2023-12-10 00:10:20 GSD getOne 第 1 次 等待 3 秒
2023-12-10 00:10:23 查询号码 【1882308】，返回信息 {"status":"ok","msg":"广东-江门","gid":"491063","time_insert":"2021-08-03 17:04"}
2023-12-10 00:10:23 查询号码 【1882308】，GSD为【"广东-江门"】

2023-12-10 00:10:25 开始第 2396 次操作

2023-12-10 00:10:25 开始操作号码 【1882309】
2023-12-10 00:10:28 GSD getOne 第 1 次 等待 3 秒
2023-12-10 00:10:31 查询号码 【1882309】，返回信息 {"status":"ok","msg":"广东-佛山","gid":"43929","time_insert":"2017-06-29 09:06","time_update":"2020-10-02 11:20"}
2023-12-10 00:10:31 查询号码 【1882309】，GSD为【"广东-佛山"】

2023-12-10 00:35:06 开始第 2397 次操作

2023-12-10 00:35:06 开始操作号码 【1882310】
2023-12-10 00:35:12 GSD getOne 第 1 次 等待 3 秒
2023-12-10 00:35:15 查询号码 【1882310】，返回信息 {"status":"ok","msg":"广东-佛山","gid":"491041","time_insert":"2021-08-03 17:02"}
2023-12-10 00:35:15 查询号码 【1882310】，GSD为【"广东-佛山"】

2023-12-10 00:35:16 开始第 2398 次操作

2023-12-10 00:35:16 开始操作号码 【1882311】
2023-12-10 00:35:20 GSD getOne 第 1 次 等待 3 秒
2023-12-10 00:35:23 查询号码 【1882311】，返回信息 {"status":"ok","msg":"广东-佛山","gid":"43930","time_insert":"2016-09-28 08:08","time_update":"2020-10-02 11:23"}
2023-12-10 00:35:23 查询号码 【1882311】，GSD为【"广东-佛山"】

2023-12-10 00:35:24 开始第 2399 次操作

2023-12-10 00:35:24 开始操作号码 【1882312】
2023-12-10 00:35:30 GSD getOne 第 1 次 等待 3 秒
2023-12-10 00:35:33 查询号码 【1882312】，返回信息 {"status":"ok","msg":"广东-佛山","gid":"491021","time_insert":"2021-08-03 17:01"}
2023-12-10 00:35:33 查询号码 【1882312】，GSD为【"广东-佛山"】

2023-12-10 00:35:34 开始第 2400 次操作

2023-12-10 00:35:34 开始操作号码 【1882313】
2023-12-10 00:35:38 GSD getOne 第 1 次 等待 3 秒
2023-12-10 00:35:41 查询号码 【1882313】，返回信息 {"status":"ok","msg":"广东-佛山","gid":"43931","time_insert":"2020-07-02 22:24","time_update":"2020-10-02 11:27"}
2023-12-10 00:35:41 查询号码 【1882313】，GSD为【"广东-佛山"】

