2024-09-17 00:13:04 开始第 5053 次操作

2024-09-17 00:13:04 开始操作号码 【1445050】
2024-09-17 00:13:15 GSD getOne 第 1 次 等待 3 秒
2024-09-17 00:13:18 查询号码 【1445050】，返回信息 {"status":"ok","msg":"-","gid":"630807","time_insert":"2023-04-02 23:25"}
2024-09-17 00:13:18 查询号码 【1445050】，GSD为【"-"】
2024-09-17 00:13:18 ok && -
2024-09-17 00:13:21 CHB 1445050?1726503198 第 1 次 等待 3 秒
2024-09-17 00:13:24 CHB 1445050?1726503198 第 1 次 获取到号码【1445050】GSD
2024-09-17 00:13:24 未获取到号码【1445050】GSD，可能号码格式错误
2024-09-17 00:13:24 获取到号码【1445050】的GSD为【-】
2024-09-17 00:13:32 GSD insert 第 1 次 等待 3 秒
2024-09-17 00:13:35 {"status":"bad","gid":"630807","msg":"添加失败！号码【1445050(-|-)】已存在！"}
2024-09-17 00:13:35 随机等待 135 秒，约 2 分钟
2024-09-17 00:13:35 下次操作: 2024-09-17 00:15:50

2024-09-17 00:15:50 开始第 5054 次操作

2024-09-17 00:15:50 开始操作号码 【1445051】
2024-09-17 00:15:58 GSD getOne 第 1 次 等待 3 秒
2024-09-17 00:16:01 查询号码 【1445051】，返回信息 {"status":"ok","msg":"-","gid":"630833","time_insert":"2023-04-02 23:43"}
2024-09-17 00:16:01 查询号码 【1445051】，GSD为【"-"】
2024-09-17 00:16:01 ok && -
2024-09-17 00:16:03 CHB 1445051?1726503361 第 1 次 等待 3 秒
2024-09-17 00:16:06 CHB 1445051?1726503361 第 1 次 获取到号码【1445051】GSD
2024-09-17 00:16:06 未获取到号码【1445051】GSD，可能号码格式错误
2024-09-17 00:16:06 获取到号码【1445051】的GSD为【-】
2024-09-17 00:16:15 GSD insert 第 1 次 等待 3 秒
2024-09-17 00:16:18 {"status":"bad","gid":"630833","msg":"添加失败！号码【1445051(-|-)】已存在！"}
2024-09-17 00:16:18 随机等待 95 秒，约 1 分钟
2024-09-17 00:16:18 下次操作: 2024-09-17 00:17:53

2024-09-17 00:17:53 开始第 5055 次操作

2024-09-17 00:17:53 开始操作号码 【1445052】
2024-09-17 00:18:01 GSD getOne 第 1 次 等待 3 秒
2024-09-17 00:18:04 查询号码 【1445052】，返回信息 {"status":"ok","msg":"-","gid":"630859","time_insert":"2023-04-03 00:02"}
2024-09-17 00:18:04 查询号码 【1445052】，GSD为【"-"】
2024-09-17 00:18:04 ok && -
2024-09-17 00:18:06 CHB 1445052?1726503484 第 1 次 等待 3 秒
2024-09-17 00:18:09 CHB 1445052?1726503484 第 1 次 获取到号码【1445052】GSD
2024-09-17 00:18:09 未获取到号码【1445052】GSD，可能号码格式错误
2024-09-17 00:18:09 获取到号码【1445052】的GSD为【-】
2024-09-17 00:18:17 GSD insert 第 1 次 等待 3 秒
2024-09-17 00:18:20 {"status":"bad","gid":"630859","msg":"添加失败！号码【1445052(-|-)】已存在！"}
2024-09-17 00:18:20 随机等待 196 秒，约 3 分钟
2024-09-17 00:18:20 下次操作: 2024-09-17 00:21:36

2024-09-17 00:21:36 开始第 5056 次操作

2024-09-17 00:21:36 开始操作号码 【1445053】
2024-09-17 00:21:48 GSD getOne 第 1 次 等待 3 秒
2024-09-17 00:21:51 查询号码 【1445053】，返回信息 {"status":"ok","msg":"-","gid":"630883","time_insert":"2023-04-03 00:25"}
2024-09-17 00:21:51 查询号码 【1445053】，GSD为【"-"】
2024-09-17 00:21:51 ok && -
2024-09-17 00:21:53 CHB 1445053?1726503711 第 1 次 等待 3 秒
2024-09-17 00:21:56 CHB 1445053?1726503711 第 1 次 获取到号码【1445053】GSD
2024-09-17 00:21:56 未获取到号码【1445053】GSD，可能号码格式错误
2024-09-17 00:21:56 获取到号码【1445053】的GSD为【-】
2024-09-17 00:22:04 GSD insert 第 1 次 等待 3 秒
2024-09-17 00:22:07 {"status":"bad","gid":"630883","msg":"添加失败！号码【1445053(-|-)】已存在！"}

