2023-11-02 00:11:18 开始第 6529 次操作

2023-11-02 00:11:18 开始操作号码 【1986442】
2023-11-02 00:11:21 GSD getOne 第 1 次 等待 3 秒
2023-11-02 00:11:24 查询号码 【1986442】，返回信息 {"status":"ok","msg":"广东-佛山","gid":"513259","time_insert":"2021-08-16 15:48"}
2023-11-02 00:11:24 查询号码 【1986442】，GSD为【"广东-佛山"】

2023-11-02 00:11:25 开始第 6530 次操作

2023-11-02 00:11:25 开始操作号码 【1986443】
2023-11-02 00:11:28 GSD getOne 第 1 次 等待 3 秒
2023-11-02 00:11:31 查询号码 【1986443】，返回信息 {"status":"ok","msg":"广东-湛江","gid":"513260","time_insert":"2021-08-16 15:49"}
2023-11-02 00:11:31 查询号码 【1986443】，GSD为【"广东-湛江"】

2023-11-02 00:11:32 开始第 6531 次操作

2023-11-02 00:11:32 开始操作号码 【1986444】
2023-11-02 00:11:35 GSD getOne 第 1 次 等待 3 秒
2023-11-02 00:11:38 查询号码 【1986444】，返回信息 {"status":"ok","msg":"广东-深圳","gid":"513261","time_insert":"2021-08-16 15:50"}
2023-11-02 00:11:38 查询号码 【1986444】，GSD为【"广东-深圳"】

2023-11-02 00:11:39 开始第 6532 次操作

2023-11-02 00:11:39 开始操作号码 【1986445】
2023-11-02 00:11:42 GSD getOne 第 1 次 等待 3 秒
2023-11-02 00:11:45 查询号码 【1986445】，返回信息 {"status":"ok","msg":"广东-中山","gid":"513263","time_insert":"2021-08-16 15:53"}
2023-11-02 00:11:45 查询号码 【1986445】，GSD为【"广东-中山"】

