2024-03-08 00:10:16 开始第 7829 次操作

2024-03-08 00:10:16 开始操作号码 【1777742】
2024-03-08 00:10:26 GSD getOne 第 1 次 等待 3 秒
2024-03-08 00:10:29 查询号码 【1777742】，返回信息 {"status":"ok","msg":"广西-梧州","gid":"225744","time_insert":"2021-07-08 21:54"}
2024-03-08 00:10:29 查询号码 【1777742】，GSD为【"广西-梧州"】

2024-03-08 00:10:30 开始第 7830 次操作

2024-03-08 00:10:30 开始操作号码 【1777743】
2024-03-08 00:10:34 GSD getOne 第 1 次 等待 3 秒
2024-03-08 00:10:37 查询号码 【1777743】，返回信息 {"status":"ok","msg":"广西-贺州","gid":"225734","time_insert":"2021-07-08 21:53"}
2024-03-08 00:10:37 查询号码 【1777743】，GSD为【"广西-贺州"】

2024-03-08 00:10:38 开始第 7831 次操作

2024-03-08 00:10:38 开始操作号码 【1777744】
2024-03-08 00:10:43 GSD getOne 第 1 次 等待 3 秒
2024-03-08 00:10:46 查询号码 【1777744】，返回信息 {"status":"ok","msg":"广西-贺州","gid":"225729","time_insert":"2021-07-08 21:53"}
2024-03-08 00:10:46 查询号码 【1777744】，GSD为【"广西-贺州"】

2024-03-08 00:10:47 开始第 7832 次操作

2024-03-08 00:10:47 开始操作号码 【1777745】
2024-03-08 00:10:51 GSD getOne 第 1 次 等待 3 秒
2024-03-08 00:10:54 查询号码 【1777745】，返回信息 {"status":"ok","msg":"广西-梧州","gid":"225721","time_insert":"2021-07-08 21:53"}
2024-03-08 00:10:55 查询号码 【1777745】，GSD为【"广西-梧州"】

