2024-07-11 00:12:05 开始第 5953 次操作

2024-07-11 00:12:05 开始操作号码 【1555862】
2024-07-11 00:12:16 GSD getOne 第 1 次 等待 3 秒
2024-07-11 00:12:19 查询号码 【1555862】，返回信息 {"status":"ok","msg":"浙江-台州","gid":"417723","time_insert":"2021-07-27 22:00"}
2024-07-11 00:12:19 查询号码 【1555862】，GSD为【"浙江-台州"】

2024-07-11 00:12:20 开始第 5954 次操作

2024-07-11 00:12:20 开始操作号码 【1555863】
2024-07-11 00:12:28 GSD getOne 第 1 次 等待 3 秒
2024-07-11 00:12:31 查询号码 【1555863】，返回信息 {"status":"ok","msg":"浙江-台州","gid":"417707","time_insert":"2021-07-27 21:59"}
2024-07-11 00:12:31 查询号码 【1555863】，GSD为【"浙江-台州"】

2024-07-11 00:12:32 开始第 5955 次操作

2024-07-11 00:12:32 开始操作号码 【1555864】
2024-07-11 00:12:40 GSD getOne 第 1 次 等待 3 秒
2024-07-11 00:12:43 查询号码 【1555864】，返回信息 {"status":"ok","msg":"浙江-台州","gid":"417692","time_insert":"2021-07-27 21:59"}
2024-07-11 00:12:44 查询号码 【1555864】，GSD为【"浙江-台州"】

2024-07-11 00:12:45 开始第 5956 次操作

2024-07-11 00:12:45 开始操作号码 【1555865】
2024-07-11 00:12:53 GSD getOne 第 1 次 等待 3 秒
2024-07-11 00:12:56 查询号码 【1555865】，返回信息 {"status":"ok","msg":"浙江-台州","gid":"417676","time_insert":"2021-07-27 21:58"}
2024-07-11 00:12:56 查询号码 【1555865】，GSD为【"浙江-台州"】

