2024-01-14 00:10:27 开始第 8817 次操作

2024-01-14 00:10:27 开始操作号码 【1888730】
2024-01-14 00:10:30 GSD getOne 第 1 次 等待 3 秒
2024-01-14 00:10:33 查询号码 【1888730】，返回信息 {"status":"ok","msg":"云南-红河","gid":"426501","time_insert":"2021-07-28 18:49"}
2024-01-14 00:10:33 查询号码 【1888730】，GSD为【"云南-红河"】

2024-01-14 00:10:34 开始第 8818 次操作

2024-01-14 00:10:34 开始操作号码 【1888731】
2024-01-14 00:10:39 GSD getOne 第 1 次 等待 3 秒
2024-01-14 00:10:42 查询号码 【1888731】，返回信息 {"status":"ok","msg":"云南-红河","gid":"426488","time_insert":"2021-07-28 18:49"}
2024-01-14 00:10:42 查询号码 【1888731】，GSD为【"云南-红河"】

2024-01-14 00:10:43 开始第 8819 次操作

2024-01-14 00:10:43 开始操作号码 【1888732】
2024-01-14 00:10:46 GSD getOne 第 1 次 等待 3 秒
2024-01-14 00:10:49 查询号码 【1888732】，返回信息 {"status":"ok","msg":"云南-红河","gid":"44720","time_insert":"2018-07-30 11:34","time_update":"2020-12-07 11:53"}
2024-01-14 00:10:49 查询号码 【1888732】，GSD为【"云南-红河"】

2024-01-14 00:10:50 开始第 8820 次操作

2024-01-14 00:10:50 开始操作号码 【1888733】
2024-01-14 00:10:53 GSD getOne 第 1 次 等待 3 秒
2024-01-14 00:10:56 查询号码 【1888733】，返回信息 {"status":"ok","msg":"云南-红河","gid":"426472","time_insert":"2021-07-28 18:47"}
2024-01-14 00:10:56 查询号码 【1888733】，GSD为【"云南-红河"】

2024-01-14 00:36:32 开始第 8821 次操作

2024-01-14 00:36:32 开始操作号码 【1888734】
2024-01-14 00:36:38 GSD getOne 第 1 次 等待 3 秒
2024-01-14 00:36:41 查询号码 【1888734】，返回信息 {"status":"ok","msg":"云南-红河","gid":"426460","time_insert":"2021-07-28 18:46"}
2024-01-14 00:36:41 查询号码 【1888734】，GSD为【"云南-红河"】

2024-01-14 00:36:42 开始第 8822 次操作

2024-01-14 00:36:42 开始操作号码 【1888735】
2024-01-14 00:36:49 GSD getOne 第 1 次 等待 3 秒
2024-01-14 00:36:52 查询号码 【1888735】，返回信息 {"status":"ok","msg":"云南-红河","gid":"426450","time_insert":"2021-07-28 18:46"}
2024-01-14 00:36:52 查询号码 【1888735】，GSD为【"云南-红河"】

2024-01-14 00:36:53 开始第 8823 次操作

2024-01-14 00:36:53 开始操作号码 【1888736】
2024-01-14 00:37:06 GSD getOne 第 1 次 等待 3 秒
2024-01-14 00:37:09 查询号码 【1888736】，返回信息 {"status":"ok","msg":"云南-红河","gid":"426442","time_insert":"2021-07-28 18:45"}
2024-01-14 00:37:09 查询号码 【1888736】，GSD为【"云南-红河"】

2024-01-14 00:37:10 开始第 8824 次操作

2024-01-14 00:37:10 开始操作号码 【1888737】
2024-01-14 00:37:13 GSD getOne 第 1 次 等待 3 秒
2024-01-14 00:37:16 查询号码 【1888737】，返回信息 {"status":"ok","msg":"云南-红河","gid":"426428","time_insert":"2021-07-28 18:44"}
2024-01-14 00:37:17 查询号码 【1888737】，GSD为【"云南-红河"】

2024-01-14 01:07:33 开始第 8825 次操作

2024-01-14 01:07:33 开始操作号码 【1888738】
2024-01-14 01:07:36 GSD getOne 第 1 次 等待 3 秒
2024-01-14 01:07:39 查询号码 【1888738】，返回信息 {"status":"ok","msg":"云南-红河","gid":"426420","time_insert":"2021-07-28 18:43"}
2024-01-14 01:07:39 查询号码 【1888738】，GSD为【"云南-红河"】

2024-01-14 01:07:40 开始第 8826 次操作

2024-01-14 01:07:40 开始操作号码 【1888739】
2024-01-14 01:07:46 GSD getOne 第 1 次 等待 3 秒
2024-01-14 01:07:49 查询号码 【1888739】，返回信息 {"status":"ok","msg":"云南-红河","gid":"426410","time_insert":"2021-07-28 18:42"}
2024-01-14 01:07:49 查询号码 【1888739】，GSD为【"云南-红河"】

2024-01-14 01:07:50 开始第 8827 次操作

2024-01-14 01:07:50 开始操作号码 【1888740】
2024-01-14 01:07:54 GSD getOne 第 1 次 等待 3 秒
2024-01-14 01:07:57 查询号码 【1888740】，返回信息 {"status":"ok","msg":"云南-曲靖","gid":"426373","time_insert":"2021-07-28 18:24"}
2024-01-14 01:07:57 查询号码 【1888740】，GSD为【"云南-曲靖"】

2024-01-14 01:07:59 开始第 8828 次操作

2024-01-14 01:07:59 开始操作号码 【1888741】
2024-01-14 01:08:01 GSD getOne 第 1 次 等待 3 秒
2024-01-14 01:08:04 查询号码 【1888741】，返回信息 {"status":"ok","msg":"云南-曲靖","gid":"426371","time_insert":"2021-07-28 18:23"}
2024-01-14 01:08:04 查询号码 【1888741】，GSD为【"云南-曲靖"】

