2024-07-03 00:13:01 开始第 4501 次操作

2024-07-03 00:13:01 开始操作号码 【1554410】
2024-07-03 00:13:10 GSD getOne 第 1 次 等待 3 秒
2024-07-03 00:13:13 查询号码 【1554410】，返回信息 {"status":"ok","msg":"河南-郑州","gid":"343384","time_insert":"2021-07-21 05:02"}
2024-07-03 00:13:13 查询号码 【1554410】，GSD为【"河南-郑州"】

2024-07-03 00:13:14 开始第 4502 次操作

2024-07-03 00:13:14 开始操作号码 【1554411】
2024-07-03 00:13:24 GSD getOne 第 1 次 等待 3 秒
2024-07-03 00:13:27 查询号码 【1554411】，返回信息 {"status":"ok","msg":"河南-郑州","gid":"343437","time_insert":"2021-07-21 05:11"}
2024-07-03 00:13:27 查询号码 【1554411】，GSD为【"河南-郑州"】

2024-07-03 00:13:28 开始第 4503 次操作

2024-07-03 00:13:28 开始操作号码 【1554412】
2024-07-03 00:13:36 GSD getOne 第 1 次 等待 3 秒
2024-07-03 00:13:39 查询号码 【1554412】，返回信息 {"status":"ok","msg":"河南-郑州","gid":"343478","time_insert":"2021-07-21 05:21"}
2024-07-03 00:13:39 查询号码 【1554412】，GSD为【"河南-郑州"】

2024-07-03 00:13:40 开始第 4504 次操作

2024-07-03 00:13:40 开始操作号码 【1554413】
2024-07-03 00:13:48 GSD getOne 第 1 次 等待 3 秒
2024-07-03 00:13:51 查询号码 【1554413】，返回信息 {"status":"ok","msg":"河南-郑州","gid":"343503","time_insert":"2021-07-21 05:31"}
2024-07-03 00:13:52 查询号码 【1554413】，GSD为【"河南-郑州"】

2024-07-03 00:39:15 开始第 4505 次操作

2024-07-03 00:39:15 开始操作号码 【1554414】
2024-07-03 00:39:24 GSD getOne 第 1 次 等待 3 秒
2024-07-03 00:39:27 查询号码 【1554414】，返回信息 {"status":"ok","msg":"河南-郑州","gid":"343541","time_insert":"2021-07-21 05:41"}
2024-07-03 00:39:27 查询号码 【1554414】，GSD为【"河南-郑州"】

2024-07-03 00:39:28 开始第 4506 次操作

2024-07-03 00:39:28 开始操作号码 【1554415】
2024-07-03 00:39:36 GSD getOne 第 1 次 等待 3 秒
2024-07-03 00:39:39 查询号码 【1554415】，返回信息 {"status":"ok","msg":"河南-郑州","gid":"343645","time_insert":"2021-07-21 05:50"}
2024-07-03 00:39:39 查询号码 【1554415】，GSD为【"河南-郑州"】

2024-07-03 00:39:40 开始第 4507 次操作

2024-07-03 00:39:40 开始操作号码 【1554416】
2024-07-03 00:39:49 GSD getOne 第 1 次 等待 3 秒
2024-07-03 00:39:52 查询号码 【1554416】，返回信息 {"status":"ok","msg":"河南-郑州","gid":"343764","time_insert":"2021-07-21 06:00"}
2024-07-03 00:39:52 查询号码 【1554416】，GSD为【"河南-郑州"】

2024-07-03 00:39:53 开始第 4508 次操作

2024-07-03 00:39:53 开始操作号码 【1554417】
2024-07-03 00:40:02 GSD getOne 第 1 次 等待 3 秒
2024-07-03 00:40:05 查询号码 【1554417】，返回信息 {"status":"ok","msg":"河南-郑州","gid":"343843","time_insert":"2021-07-21 06:09"}
2024-07-03 00:40:05 查询号码 【1554417】，GSD为【"河南-郑州"】

