2024-09-03 00:12:39 开始第 2597 次操作

2024-09-03 00:12:39 开始操作号码 【1442596】
2024-09-03 00:12:49 GSD getOne 第 1 次 等待 3 秒
2024-09-03 00:12:52 查询号码 【1442596】，返回信息 {"status":"ok","msg":"-","gid":"569730","time_insert":"2023-03-04 18:27"}
2024-09-03 00:12:52 查询号码 【1442596】，GSD为【"-"】
2024-09-03 00:12:52 ok && -
2024-09-03 00:12:53 CHB 1442596?1725293572 第 1 次 等待 3 秒
2024-09-03 00:12:56 CHB 1442596?1725293572 第 1 次 获取到号码【1442596】GSD
2024-09-03 00:12:57 未获取到号码【1442596】GSD，可能号码格式错误
2024-09-03 00:12:57 获取到号码【1442596】的GSD为【-】
2024-09-03 00:13:04 GSD insert 第 1 次 等待 3 秒
2024-09-03 00:13:07 {"status":"bad","gid":"569730","msg":"添加失败！号码【1442596(-|-)】已存在！"}
2024-09-03 00:13:07 随机等待 175 秒，约 2 分钟
2024-09-03 00:13:07 下次操作: 2024-09-03 00:16:02

2024-09-03 00:16:02 开始第 2598 次操作

2024-09-03 00:16:02 开始操作号码 【1442597】
2024-09-03 00:16:10 GSD getOne 第 1 次 等待 3 秒
2024-09-03 00:16:13 查询号码 【1442597】，返回信息 {"status":"ok","msg":"-","gid":"569750","time_insert":"2023-03-04 18:41"}
2024-09-03 00:16:13 查询号码 【1442597】，GSD为【"-"】
2024-09-03 00:16:13 ok && -
2024-09-03 00:16:15 CHB 1442597?1725293773 第 1 次 等待 3 秒
2024-09-03 00:16:18 CHB 1442597?1725293773 第 1 次 获取到号码【1442597】GSD
2024-09-03 00:16:18 未获取到号码【1442597】GSD，可能号码格式错误
2024-09-03 00:16:18 获取到号码【1442597】的GSD为【-】
2024-09-03 00:16:26 GSD insert 第 1 次 等待 3 秒
2024-09-03 00:16:29 {"status":"bad","gid":"569750","msg":"添加失败！号码【1442597(-|-)】已存在！"}
2024-09-03 00:16:29 随机等待 219 秒，约 3 分钟
2024-09-03 00:16:29 下次操作: 2024-09-03 00:20:08

2024-09-03 00:20:08 开始第 2599 次操作

2024-09-03 00:20:08 开始操作号码 【1442598】
2024-09-03 00:20:18 GSD getOne 第 1 次 等待 3 秒
2024-09-03 00:20:21 查询号码 【1442598】，返回信息 {"status":"ok","msg":"-","gid":"569769","time_insert":"2023-03-04 18:52"}
2024-09-03 00:20:22 查询号码 【1442598】，GSD为【"-"】
2024-09-03 00:20:22 ok && -
2024-09-03 00:20:24 CHB 1442598?1725294022 第 1 次 等待 3 秒
2024-09-03 00:20:27 CHB 1442598?1725294022 第 1 次 获取到号码【1442598】GSD
2024-09-03 00:20:27 未获取到号码【1442598】GSD，可能号码格式错误
2024-09-03 00:20:27 获取到号码【1442598】的GSD为【-】
2024-09-03 00:20:35 GSD insert 第 1 次 等待 3 秒
2024-09-03 00:20:38 {"status":"bad","gid":"569769","msg":"添加失败！号码【1442598(-|-)】已存在！"}
2024-09-03 00:20:38 随机等待 133 秒，约 2 分钟
2024-09-03 00:20:38 下次操作: 2024-09-03 00:22:51

2024-09-03 00:22:51 开始第 2600 次操作

2024-09-03 00:22:51 开始操作号码 【1442599】
2024-09-03 00:23:00 GSD getOne 第 1 次 等待 3 秒
2024-09-03 00:23:03 查询号码 【1442599】，返回信息 {"status":"ok","msg":"-","gid":"569794","time_insert":"2023-03-04 19:09"}
2024-09-03 00:23:03 查询号码 【1442599】，GSD为【"-"】
2024-09-03 00:23:03 ok && -
2024-09-03 00:23:05 CHB 1442599?1725294183 第 1 次 等待 3 秒
2024-09-03 00:23:08 CHB 1442599?1725294183 第 1 次 获取到号码【1442599】GSD
2024-09-03 00:23:08 未获取到号码【1442599】GSD，可能号码格式错误
2024-09-03 00:23:08 获取到号码【1442599】的GSD为【-】
2024-09-03 00:23:16 GSD insert 第 1 次 等待 3 秒
2024-09-03 00:23:19 {"status":"bad","gid":"569794","msg":"添加失败！号码【1442599(-|-)】已存在！"}

2024-09-03 00:42:12 开始第 2601 次操作

2024-09-03 00:42:12 开始操作号码 【1442600】
2024-09-03 00:42:20 GSD getOne 第 1 次 等待 3 秒
2024-09-03 00:42:23 查询号码 【1442600】，返回信息 {"status":"ok","msg":"-","gid":"569822","time_insert":"2023-03-04 19:25"}
2024-09-03 00:42:23 查询号码 【1442600】，GSD为【"-"】
2024-09-03 00:42:23 ok && -
2024-09-03 00:42:25 CHB 1442600?1725295343 第 1 次 等待 3 秒
2024-09-03 00:42:28 CHB 1442600?1725295343 第 1 次 获取到号码【1442600】GSD
2024-09-03 00:42:28 未获取到号码【1442600】GSD，可能号码格式错误
2024-09-03 00:42:28 获取到号码【1442600】的GSD为【-】
2024-09-03 00:42:37 GSD insert 第 1 次 等待 3 秒
2024-09-03 00:42:40 {"status":"bad","gid":"569822","msg":"添加失败！号码【1442600(-|-)】已存在！"}
2024-09-03 00:42:40 随机等待 230 秒，约 3 分钟
2024-09-03 00:42:40 下次操作: 2024-09-03 00:46:30

2024-09-03 00:46:30 开始第 2602 次操作

2024-09-03 00:46:30 开始操作号码 【1442601】
2024-09-03 00:46:37 GSD getOne 第 1 次 等待 3 秒
2024-09-03 00:46:40 查询号码 【1442601】，返回信息 {"status":"ok","msg":"-","gid":"569841","time_insert":"2023-03-04 19:35"}
2024-09-03 00:46:40 查询号码 【1442601】，GSD为【"-"】
2024-09-03 00:46:40 ok && -
2024-09-03 00:46:42 CHB 1442601?1725295600 第 1 次 等待 3 秒
2024-09-03 00:46:45 CHB 1442601?1725295600 第 1 次 获取到号码【1442601】GSD
2024-09-03 00:46:45 未获取到号码【1442601】GSD，可能号码格式错误
2024-09-03 00:46:45 获取到号码【1442601】的GSD为【-】
2024-09-03 00:46:52 GSD insert 第 1 次 等待 3 秒
2024-09-03 00:46:55 {"status":"bad","gid":"569841","msg":"添加失败！号码【1442601(-|-)】已存在！"}
2024-09-03 00:46:55 随机等待 206 秒，约 3 分钟
2024-09-03 00:46:55 下次操作: 2024-09-03 00:50:21

2024-09-03 00:50:21 开始第 2603 次操作

2024-09-03 00:50:21 开始操作号码 【1442602】
2024-09-03 00:50:30 GSD getOne 第 1 次 等待 3 秒
2024-09-03 00:50:33 查询号码 【1442602】，返回信息 {"status":"ok","msg":"-","gid":"569865","time_insert":"2023-03-04 19:47"}
2024-09-03 00:50:33 查询号码 【1442602】，GSD为【"-"】
2024-09-03 00:50:33 ok && -
2024-09-03 00:50:35 CHB 1442602?1725295833 第 1 次 等待 3 秒
2024-09-03 00:50:38 CHB 1442602?1725295833 第 1 次 获取到号码【1442602】GSD
2024-09-03 00:50:38 未获取到号码【1442602】GSD，可能号码格式错误
2024-09-03 00:50:38 获取到号码【1442602】的GSD为【-】
2024-09-03 00:50:46 GSD insert 第 1 次 等待 3 秒
2024-09-03 00:50:49 {"status":"bad","gid":"569865","msg":"添加失败！号码【1442602(-|-)】已存在！"}
2024-09-03 00:50:49 随机等待 218 秒，约 3 分钟
2024-09-03 00:50:49 下次操作: 2024-09-03 00:54:27

2024-09-03 00:54:27 开始第 2604 次操作

2024-09-03 00:54:27 开始操作号码 【1442603】
2024-09-03 00:54:35 GSD getOne 第 1 次 等待 3 秒
2024-09-03 00:54:38 查询号码 【1442603】，返回信息 {"status":"ok","msg":"-","gid":"569894","time_insert":"2023-03-04 20:09"}
2024-09-03 00:54:38 查询号码 【1442603】，GSD为【"-"】
2024-09-03 00:54:38 ok && -
2024-09-03 00:54:39 CHB 1442603?1725296078 第 1 次 等待 3 秒
2024-09-03 00:54:42 CHB 1442603?1725296078 第 1 次 获取到号码【1442603】GSD
2024-09-03 00:54:42 未获取到号码【1442603】GSD，可能号码格式错误
2024-09-03 00:54:42 获取到号码【1442603】的GSD为【-】
2024-09-03 00:54:50 GSD insert 第 1 次 等待 3 秒
2024-09-03 00:54:53 {"status":"bad","gid":"569894","msg":"添加失败！号码【1442603(-|-)】已存在！"}

