2024-01-01 00:10:20 开始第 6433 次操作

2024-01-01 00:10:20 开始操作号码 【1886346】
2024-01-01 00:10:23 GSD getOne 第 1 次 等待 3 秒
2024-01-01 00:10:26 查询号码 【1886346】，返回信息 {"status":"ok","msg":"山东-莱芜","gid":"447566","time_insert":"2021-07-30 19:10"}
2024-01-01 00:10:26 查询号码 【1886346】，GSD为【"山东-莱芜"】

2024-01-01 00:10:27 开始第 6434 次操作

2024-01-01 00:10:27 开始操作号码 【1886347】
2024-01-01 00:10:30 GSD getOne 第 1 次 等待 3 秒
2024-01-01 00:10:33 查询号码 【1886347】，返回信息 {"status":"ok","msg":"山东-莱芜","gid":"447558","time_insert":"2021-07-30 19:09"}
2024-01-01 00:10:33 查询号码 【1886347】，GSD为【"山东-莱芜"】

2024-01-01 00:10:34 开始第 6435 次操作

2024-01-01 00:10:34 开始操作号码 【1886348】
2024-01-01 00:10:37 GSD getOne 第 1 次 等待 3 秒
2024-01-01 00:10:40 查询号码 【1886348】，返回信息 {"status":"ok","msg":"山东-莱芜","gid":"447552","time_insert":"2021-07-30 19:09"}
2024-01-01 00:10:40 查询号码 【1886348】，GSD为【"山东-莱芜"】

2024-01-01 00:10:41 开始第 6436 次操作

2024-01-01 00:10:41 开始操作号码 【1886349】
2024-01-01 00:10:45 GSD getOne 第 1 次 等待 3 秒
2024-01-01 00:10:48 查询号码 【1886349】，返回信息 {"status":"ok","msg":"山东-莱芜","gid":"447543","time_insert":"2021-07-30 19:08"}
2024-01-01 00:10:48 查询号码 【1886349】，GSD为【"山东-莱芜"】

