2023-12-12 00:12:29 开始第 2761 次操作

2023-12-12 00:12:29 开始操作号码 【1882674】
2023-12-12 00:12:34 GSD getOne 第 1 次 等待 3 秒
2023-12-12 00:12:37 查询号码 【1882674】，返回信息 {"status":"ok","msg":"广东-茂名","gid":"43991","time_insert":"2015-01-22 15:11","time_update":"2020-10-02 15:03"}
2023-12-12 00:12:37 查询号码 【1882674】，GSD为【"广东-茂名"】

2023-12-12 00:12:38 开始第 2762 次操作

2023-12-12 00:12:38 开始操作号码 【1882675】
2023-12-12 00:12:43 GSD getOne 第 1 次 等待 3 秒
2023-12-12 00:12:46 查询号码 【1882675】，返回信息 {"status":"ok","msg":"广东-汕头","gid":"489276","time_insert":"2021-08-03 11:07"}
2023-12-12 00:12:46 查询号码 【1882675】，GSD为【"广东-汕头"】

2023-12-12 00:12:47 开始第 2763 次操作

2023-12-12 00:12:47 开始操作号码 【1882676】
2023-12-12 00:12:54 GSD getOne 第 1 次 等待 3 秒
2023-12-12 00:12:57 查询号码 【1882676】，返回信息 {"status":"ok","msg":"广东-汕头","gid":"489264","time_insert":"2021-08-03 11:06"}
2023-12-12 00:12:57 查询号码 【1882676】，GSD为【"广东-汕头"】

2023-12-12 00:12:58 开始第 2764 次操作

2023-12-12 00:12:58 开始操作号码 【1882677】
2023-12-12 00:13:02 GSD getOne 第 1 次 等待 3 秒
2023-12-12 00:13:05 查询号码 【1882677】，返回信息 {"status":"ok","msg":"广东-汕头","gid":"489255","time_insert":"2021-08-03 11:05"}
2023-12-12 00:13:05 查询号码 【1882677】，GSD为【"广东-汕头"】

2023-12-12 00:39:40 开始第 2765 次操作

2023-12-12 00:39:40 开始操作号码 【1882678】
2023-12-12 00:39:45 GSD getOne 第 1 次 等待 3 秒
2023-12-12 00:39:48 查询号码 【1882678】，返回信息 {"status":"ok","msg":"广东-汕头","gid":"489245","time_insert":"2021-08-03 11:05"}
2023-12-12 00:39:48 查询号码 【1882678】，GSD为【"广东-汕头"】

2023-12-12 00:39:49 开始第 2766 次操作

2023-12-12 00:39:49 开始操作号码 【1882679】
2023-12-12 00:39:54 GSD getOne 第 1 次 等待 3 秒
2023-12-12 00:39:57 查询号码 【1882679】，返回信息 {"status":"ok","msg":"广东-汕头","gid":"489236","time_insert":"2021-08-03 11:04"}
2023-12-12 00:39:57 查询号码 【1882679】，GSD为【"广东-汕头"】

2023-12-12 00:39:58 开始第 2767 次操作

2023-12-12 00:39:58 开始操作号码 【1882680】
2023-12-12 00:40:02 GSD getOne 第 1 次 等待 3 秒
2023-12-12 00:40:05 查询号码 【1882680】，返回信息 {"status":"ok","msg":"广东-东莞","gid":"489225","time_insert":"2021-08-03 11:03"}
2023-12-12 00:40:05 查询号码 【1882680】，GSD为【"广东-东莞"】

2023-12-12 00:40:06 开始第 2768 次操作

2023-12-12 00:40:06 开始操作号码 【1882681】
2023-12-12 00:40:18 GSD getOne 第 1 次 等待 3 秒
2023-12-12 00:40:21 查询号码 【1882681】，返回信息 {"status":"ok","msg":"广东-东莞","gid":"489215","time_insert":"2021-08-03 11:02"}
2023-12-12 00:40:21 查询号码 【1882681】，GSD为【"广东-东莞"】

2023-12-12 01:08:43 开始第 2769 次操作

2023-12-12 01:08:43 开始操作号码 【1882682】
2023-12-12 01:08:47 GSD getOne 第 1 次 等待 3 秒
2023-12-12 01:08:50 查询号码 【1882682】，返回信息 {"status":"ok","msg":"广东-东莞","gid":"489205","time_insert":"2021-08-03 11:01"}
2023-12-12 01:08:50 查询号码 【1882682】，GSD为【"广东-东莞"】

2023-12-12 01:08:51 开始第 2770 次操作

2023-12-12 01:08:51 开始操作号码 【1882683】
2023-12-12 01:08:55 GSD getOne 第 1 次 等待 3 秒
2023-12-12 01:08:58 查询号码 【1882683】，返回信息 {"status":"ok","msg":"广东-东莞","gid":"489195","time_insert":"2021-08-03 11:00"}
2023-12-12 01:08:58 查询号码 【1882683】，GSD为【"广东-东莞"】

2023-12-12 01:08:59 开始第 2771 次操作

2023-12-12 01:08:59 开始操作号码 【1882684】
2023-12-12 01:09:04 GSD getOne 第 1 次 等待 3 秒
2023-12-12 01:09:07 查询号码 【1882684】，返回信息 {"status":"ok","msg":"广东-东莞","gid":"489183","time_insert":"2021-08-03 10:59"}
2023-12-12 01:09:07 查询号码 【1882684】，GSD为【"广东-东莞"】

2023-12-12 01:09:08 开始第 2772 次操作

2023-12-12 01:09:08 开始操作号码 【1882685】
2023-12-12 01:09:11 GSD getOne 第 1 次 等待 3 秒
2023-12-12 01:09:14 查询号码 【1882685】，返回信息 {"status":"ok","msg":"广东-东莞","gid":"489176","time_insert":"2021-08-03 10:58"}
2023-12-12 01:09:14 查询号码 【1882685】，GSD为【"广东-东莞"】

