2024-05-11 00:12:04 开始第 8477 次操作

2024-05-11 00:12:04 开始操作号码 【1668391】
2024-05-11 00:12:09 GSD getOne 第 1 次 等待 3 秒
2024-05-11 00:12:12 查询号码 【1668391】，返回信息 {"status":"ok","msg":"贵州-贵阳","gid":"192776","time_insert":"2021-07-04 19:58"}
2024-05-11 00:12:12 查询号码 【1668391】，GSD为【"贵州-贵阳"】

2024-05-11 00:12:13 开始第 8478 次操作

2024-05-11 00:12:13 开始操作号码 【1668392】
2024-05-11 00:12:19 GSD getOne 第 1 次 等待 3 秒
2024-05-11 00:12:22 查询号码 【1668392】，返回信息 {"status":"ok","msg":"贵州-遵义","gid":"81311","time_insert":"2021-06-05 14:13","time_update":"2021-06-09 04:48"}
2024-05-11 00:12:22 查询号码 【1668392】，GSD为【"贵州-遵义"】

2024-05-11 00:12:23 开始第 8479 次操作

2024-05-11 00:12:23 开始操作号码 【1668393】
2024-05-11 00:12:29 GSD getOne 第 1 次 等待 3 秒
2024-05-11 00:12:32 查询号码 【1668393】，返回信息 {"status":"ok","msg":"贵州-安顺","gid":"192957","time_insert":"2021-07-04 21:07"}
2024-05-11 00:12:32 查询号码 【1668393】，GSD为【"贵州-安顺"】

2024-05-11 00:12:33 开始第 8480 次操作

2024-05-11 00:12:33 开始操作号码 【1668394】
2024-05-11 00:12:38 GSD getOne 第 1 次 等待 3 秒
2024-05-11 00:12:41 查询号码 【1668394】，返回信息 {"status":"ok","msg":"贵州-黔南","gid":"192970","time_insert":"2021-07-04 21:08"}
2024-05-11 00:12:41 查询号码 【1668394】，GSD为【"贵州-黔南"】

