2023-10-31 00:11:15 开始第 6161 次操作

2023-10-31 00:11:15 开始操作号码 【1986074】
2023-10-31 00:11:19 GSD getOne 第 1 次 等待 3 秒
2023-10-31 00:11:22 查询号码 【1986074】，返回信息 {"status":"ok","msg":"广东-深圳","gid":"512970","time_insert":"2021-08-16 12:26"}
2023-10-31 00:11:22 查询号码 【1986074】，GSD为【"广东-深圳"】

2023-10-31 00:11:23 开始第 6162 次操作

2023-10-31 00:11:23 开始操作号码 【1986075】
2023-10-31 00:11:30 GSD getOne 第 1 次 等待 3 秒
2023-10-31 00:11:33 查询号码 【1986075】，返回信息 {"status":"ok","msg":"广东-中山","gid":"512971","time_insert":"2021-08-16 12:29"}
2023-10-31 00:11:33 查询号码 【1986075】，GSD为【"广东-中山"】

2023-10-31 00:11:34 开始第 6163 次操作

2023-10-31 00:11:34 开始操作号码 【1986076】
2023-10-31 00:11:40 GSD getOne 第 1 次 等待 3 秒
2023-10-31 00:11:43 查询号码 【1986076】，返回信息 {"status":"ok","msg":"广东-汕头","gid":"512989","time_insert":"2021-08-16 12:42"}
2023-10-31 00:11:43 查询号码 【1986076】，GSD为【"广东-汕头"】

2023-10-31 00:11:44 开始第 6164 次操作

2023-10-31 00:11:44 开始操作号码 【1986077】
2023-10-31 00:11:47 GSD getOne 第 1 次 等待 3 秒
2023-10-31 00:11:50 查询号码 【1986077】，返回信息 {"status":"ok","msg":"广东-中山","gid":"513007","time_insert":"2021-08-16 12:56"}
2023-10-31 00:11:50 查询号码 【1986077】，GSD为【"广东-中山"】

2023-10-31 00:37:07 开始第 6165 次操作

2023-10-31 00:37:07 开始操作号码 【1986078】
2023-10-31 00:37:11 GSD getOne 第 1 次 等待 3 秒
2023-10-31 00:37:14 查询号码 【1986078】，返回信息 {"status":"ok","msg":"广东-广州","gid":"513020","time_insert":"2021-08-16 13:08"}
2023-10-31 00:37:14 查询号码 【1986078】，GSD为【"广东-广州"】

2023-10-31 00:37:15 开始第 6166 次操作

2023-10-31 00:37:15 开始操作号码 【1986079】
2023-10-31 00:37:22 GSD getOne 第 1 次 等待 3 秒
2023-10-31 00:37:25 查询号码 【1986079】，返回信息 {"status":"ok","msg":"广东-汕头","gid":"513028","time_insert":"2021-08-16 13:12"}
2023-10-31 00:37:25 查询号码 【1986079】，GSD为【"广东-汕头"】

2023-10-31 00:37:26 开始第 6167 次操作

2023-10-31 00:37:26 开始操作号码 【1986080】
2023-10-31 00:37:28 GSD getOne 第 1 次 等待 3 秒
2023-10-31 00:37:31 查询号码 【1986080】，返回信息 {"status":"ok","msg":"广东-茂名","gid":"513041","time_insert":"2021-08-16 13:24"}
2023-10-31 00:37:32 查询号码 【1986080】，GSD为【"广东-茂名"】

2023-10-31 00:37:33 开始第 6168 次操作

2023-10-31 00:37:33 开始操作号码 【1986081】
2023-10-31 00:37:57 GSD getOne 第 1 次 等待 3 秒
2023-10-31 00:38:00 查询号码 【1986081】，返回信息 {"status":"ok","msg":"广东-广州","gid":"513045","time_insert":"2021-08-16 13:25"}
2023-10-31 00:38:00 查询号码 【1986081】，GSD为【"广东-广州"】

2023-10-31 01:07:47 开始第 6169 次操作

2023-10-31 01:07:47 开始操作号码 【1986082】
2023-10-31 01:07:54 GSD getOne 第 1 次 等待 3 秒
2023-10-31 01:07:57 查询号码 【1986082】，返回信息 {"status":"ok","msg":"广东-佛山","gid":"513062","time_insert":"2021-08-16 13:38"}
2023-10-31 01:07:57 查询号码 【1986082】，GSD为【"广东-佛山"】

2023-10-31 01:07:58 开始第 6170 次操作

2023-10-31 01:07:58 开始操作号码 【1986083】
2023-10-31 01:08:01 GSD getOne 第 1 次 等待 3 秒
2023-10-31 01:08:04 查询号码 【1986083】，返回信息 {"status":"ok","msg":"广东-佛山","gid":"513064","time_insert":"2021-08-16 13:40"}
2023-10-31 01:08:04 查询号码 【1986083】，GSD为【"广东-佛山"】

2023-10-31 01:08:05 开始第 6171 次操作

2023-10-31 01:08:05 开始操作号码 【1986084】
2023-10-31 01:08:11 GSD getOne 第 1 次 等待 3 秒
2023-10-31 01:08:14 查询号码 【1986084】，返回信息 {"status":"ok","msg":"广东-深圳","gid":"513077","time_insert":"2021-08-16 13:50"}
2023-10-31 01:08:14 查询号码 【1986084】，GSD为【"广东-深圳"】

2023-10-31 01:08:15 开始第 6172 次操作

2023-10-31 01:08:15 开始操作号码 【1986085】
2023-10-31 01:08:18 GSD getOne 第 1 次 等待 3 秒
2023-10-31 01:08:21 查询号码 【1986085】，返回信息 {"status":"ok","msg":"广东-佛山","gid":"513081","time_insert":"2021-08-16 13:53"}
2023-10-31 01:08:21 查询号码 【1986085】，GSD为【"广东-佛山"】

2023-10-31 01:33:17 开始第 6173 次操作

2023-10-31 01:33:17 开始操作号码 【1986086】
2023-10-31 01:33:20 GSD getOne 第 1 次 等待 3 秒
2023-10-31 01:33:23 查询号码 【1986086】，返回信息 {"status":"ok","msg":"广东-佛山","gid":"513091","time_insert":"2021-08-16 14:00"}
2023-10-31 01:33:23 查询号码 【1986086】，GSD为【"广东-佛山"】

2023-10-31 01:33:24 开始第 6174 次操作

2023-10-31 01:33:24 开始操作号码 【1986087】
2023-10-31 01:33:27 GSD getOne 第 1 次 等待 3 秒
2023-10-31 01:33:30 查询号码 【1986087】，返回信息 {"status":"ok","msg":"广东-深圳","gid":"513104","time_insert":"2021-08-16 14:06"}
2023-10-31 01:33:31 查询号码 【1986087】，GSD为【"广东-深圳"】

2023-10-31 01:33:32 开始第 6175 次操作

2023-10-31 01:33:32 开始操作号码 【1986088】
2023-10-31 01:33:35 GSD getOne 第 1 次 等待 3 秒
2023-10-31 01:33:38 查询号码 【1986088】，返回信息 {"status":"ok","msg":"广东-揭阳","gid":"513108","time_insert":"2021-08-16 14:09"}
2023-10-31 01:33:38 查询号码 【1986088】，GSD为【"广东-揭阳"】

2023-10-31 01:33:39 开始第 6176 次操作

2023-10-31 01:33:39 开始操作号码 【1986089】
2023-10-31 01:33:43 GSD getOne 第 1 次 等待 3 秒
2023-10-31 01:33:46 查询号码 【1986089】，返回信息 {"status":"ok","msg":"广东-东莞","gid":"513120","time_insert":"2021-08-16 14:16"}
2023-10-31 01:33:46 查询号码 【1986089】，GSD为【"广东-东莞"】

2023-10-31 02:11:09 开始第 6177 次操作

2023-10-31 02:11:09 开始操作号码 【1986090】
2023-10-31 02:11:12 GSD getOne 第 1 次 等待 3 秒
2023-10-31 02:11:15 查询号码 【1986090】，返回信息 {"status":"ok","msg":"山东-泰安","gid":"513125","time_insert":"2021-08-16 14:20"}
2023-10-31 02:11:15 查询号码 【1986090】，GSD为【"山东-泰安"】

2023-10-31 02:11:17 开始第 6178 次操作

2023-10-31 02:11:17 开始操作号码 【1986091】
2023-10-31 02:11:19 GSD getOne 第 1 次 等待 3 秒
2023-10-31 02:11:22 查询号码 【1986091】，返回信息 {"status":"ok","msg":"山东-泰安","gid":"513138","time_insert":"2021-08-16 14:28"}
2023-10-31 02:11:22 查询号码 【1986091】，GSD为【"山东-泰安"】

2023-10-31 02:11:24 开始第 6179 次操作

2023-10-31 02:11:24 开始操作号码 【1986092】
2023-10-31 02:11:26 GSD getOne 第 1 次 等待 3 秒
2023-10-31 02:11:29 查询号码 【1986092】，返回信息 {"status":"ok","msg":"山东-泰安","gid":"513144","time_insert":"2021-08-16 14:33"}
2023-10-31 02:11:30 查询号码 【1986092】，GSD为【"山东-泰安"】

2023-10-31 02:11:31 开始第 6180 次操作

2023-10-31 02:11:31 开始操作号码 【1986093】
2023-10-31 02:11:33 GSD getOne 第 1 次 等待 3 秒
2023-10-31 02:11:36 查询号码 【1986093】，返回信息 {"status":"ok","msg":"山东-泰安","gid":"513158","time_insert":"2021-08-16 14:42"}
2023-10-31 02:11:36 查询号码 【1986093】，GSD为【"山东-泰安"】

2023-10-31 02:34:18 开始第 6181 次操作

2023-10-31 02:34:18 开始操作号码 【1986094】
2023-10-31 02:34:44 GSD getOne 第 1 次 等待 3 秒
2023-10-31 02:34:47 查询号码 【1986094】，返回信息 {"status":"ok","msg":"山东-临沂","gid":"513165","time_insert":"2021-08-16 14:47"}
2023-10-31 02:34:47 查询号码 【1986094】，GSD为【"山东-临沂"】

2023-10-31 02:34:48 开始第 6182 次操作

2023-10-31 02:34:48 开始操作号码 【1986095】
2023-10-31 02:34:51 GSD getOne 第 1 次 等待 3 秒
2023-10-31 02:34:54 查询号码 【1986095】，返回信息 {"status":"ok","msg":"山东-临沂","gid":"513176","time_insert":"2021-08-16 14:53"}
2023-10-31 02:34:54 查询号码 【1986095】，GSD为【"山东-临沂"】

2023-10-31 02:34:55 开始第 6183 次操作

2023-10-31 02:34:55 开始操作号码 【1986096】
2023-10-31 02:35:01 GSD getOne 第 1 次 等待 3 秒
2023-10-31 02:35:04 查询号码 【1986096】，返回信息 {"status":"ok","msg":"山东-临沂","gid":"513180","time_insert":"2021-08-16 14:56"}
2023-10-31 02:35:04 查询号码 【1986096】，GSD为【"山东-临沂"】

2023-10-31 02:35:05 开始第 6184 次操作

2023-10-31 02:35:05 开始操作号码 【1986097】
2023-10-31 02:35:09 GSD getOne 第 1 次 等待 3 秒
2023-10-31 02:35:12 查询号码 【1986097】，返回信息 {"status":"ok","msg":"山东-临沂","gid":"513193","time_insert":"2021-08-16 15:04"}
2023-10-31 02:35:12 查询号码 【1986097】，GSD为【"山东-临沂"】

2023-10-31 03:06:55 开始第 6185 次操作

2023-10-31 03:06:55 开始操作号码 【1986098】
2023-10-31 03:06:59 GSD getOne 第 1 次 等待 3 秒
2023-10-31 03:07:02 查询号码 【1986098】，返回信息 {"status":"ok","msg":"山东-临沂","gid":"513197","time_insert":"2021-08-16 15:06"}
2023-10-31 03:07:02 查询号码 【1986098】，GSD为【"山东-临沂"】

2023-10-31 03:07:03 开始第 6186 次操作

2023-10-31 03:07:03 开始操作号码 【1986099】
2023-10-31 03:07:06 GSD getOne 第 1 次 等待 3 秒
2023-10-31 03:07:09 查询号码 【1986099】，返回信息 {"status":"ok","msg":"山东-临沂","gid":"513206","time_insert":"2021-08-16 15:15"}
2023-10-31 03:07:09 查询号码 【1986099】，GSD为【"山东-临沂"】

2023-10-31 03:07:10 开始第 6187 次操作

2023-10-31 03:07:10 开始操作号码 【1986100】
2023-10-31 03:07:12 GSD getOne 第 1 次 等待 3 秒
2023-10-31 03:07:15 查询号码 【1986100】，返回信息 {"status":"ok","msg":"山东-菏泽","gid":"512732","time_insert":"2021-08-16 09:26"}
2023-10-31 03:07:15 查询号码 【1986100】，GSD为【"山东-菏泽"】

2023-10-31 03:07:16 开始第 6188 次操作

2023-10-31 03:07:16 开始操作号码 【1986101】
2023-10-31 03:07:19 GSD getOne 第 1 次 等待 3 秒
2023-10-31 03:07:22 查询号码 【1986101】，返回信息 {"status":"ok","msg":"山东-菏泽","gid":"512741","time_insert":"2021-08-16 09:30"}
2023-10-31 03:07:22 查询号码 【1986101】，GSD为【"山东-菏泽"】

2023-10-31 03:33:10 开始第 6189 次操作

2023-10-31 03:33:10 开始操作号码 【1986102】
2023-10-31 03:33:13 GSD getOne 第 1 次 等待 3 秒
2023-10-31 03:33:16 查询号码 【1986102】，返回信息 {"status":"ok","msg":"山东-菏泽","gid":"512752","time_insert":"2021-08-16 09:39"}
2023-10-31 03:33:16 查询号码 【1986102】，GSD为【"山东-菏泽"】

2023-10-31 03:33:17 开始第 6190 次操作

2023-10-31 03:33:17 开始操作号码 【1986103】
2023-10-31 03:33:20 GSD getOne 第 1 次 等待 3 秒
2023-10-31 03:33:23 查询号码 【1986103】，返回信息 {"status":"ok","msg":"山东-菏泽","gid":"512761","time_insert":"2021-08-16 09:45"}
2023-10-31 03:33:23 查询号码 【1986103】，GSD为【"山东-菏泽"】

2023-10-31 03:33:24 开始第 6191 次操作

2023-10-31 03:33:24 开始操作号码 【1986104】
2023-10-31 03:33:26 GSD getOne 第 1 次 等待 3 秒
2023-10-31 03:33:29 查询号码 【1986104】，返回信息 {"status":"ok","msg":"山东-菏泽","gid":"512767","time_insert":"2021-08-16 09:50"}
2023-10-31 03:33:29 查询号码 【1986104】，GSD为【"山东-菏泽"】

2023-10-31 03:33:30 开始第 6192 次操作

2023-10-31 03:33:30 开始操作号码 【1986105】
2023-10-31 03:33:33 GSD getOne 第 1 次 等待 3 秒
2023-10-31 03:33:36 查询号码 【1986105】，返回信息 {"status":"ok","msg":"山东-菏泽","gid":"512781","time_insert":"2021-08-16 10:00"}
2023-10-31 03:33:36 查询号码 【1986105】，GSD为【"山东-菏泽"】

2023-10-31 04:08:51 开始第 6193 次操作

2023-10-31 04:08:51 开始操作号码 【1986106】
2023-10-31 04:08:54 GSD getOne 第 1 次 等待 3 秒
2023-10-31 04:08:57 查询号码 【1986106】，返回信息 {"status":"ok","msg":"山东-菏泽","gid":"512785","time_insert":"2021-08-16 10:04"}
2023-10-31 04:08:57 查询号码 【1986106】，GSD为【"山东-菏泽"】

2023-10-31 04:08:58 开始第 6194 次操作

2023-10-31 04:08:58 开始操作号码 【1986107】
2023-10-31 04:09:01 GSD getOne 第 1 次 等待 3 秒
2023-10-31 04:09:04 查询号码 【1986107】，返回信息 {"status":"ok","msg":"山东-菏泽","gid":"512794","time_insert":"2021-08-16 10:11"}
2023-10-31 04:09:04 查询号码 【1986107】，GSD为【"山东-菏泽"】

2023-10-31 04:09:05 开始第 6195 次操作

2023-10-31 04:09:05 开始操作号码 【1986108】
2023-10-31 04:09:08 GSD getOne 第 1 次 等待 3 秒
2023-10-31 04:09:11 查询号码 【1986108】，返回信息 {"status":"ok","msg":"山东-菏泽","gid":"512803","time_insert":"2021-08-16 10:17"}
2023-10-31 04:09:11 查询号码 【1986108】，GSD为【"山东-菏泽"】

2023-10-31 04:09:12 开始第 6196 次操作

2023-10-31 04:09:12 开始操作号码 【1986109】
2023-10-31 04:09:14 GSD getOne 第 1 次 等待 3 秒
2023-10-31 04:09:18 查询号码 【1986109】，返回信息 {"status":"ok","msg":"山东-莱芜","gid":"512811","time_insert":"2021-08-16 10:23"}
2023-10-31 04:09:18 查询号码 【1986109】，GSD为【"山东-莱芜"】

2023-10-31 04:33:20 开始第 6197 次操作

2023-10-31 04:33:20 开始操作号码 【1986110】
2023-10-31 04:33:23 GSD getOne 第 1 次 等待 3 秒
2023-10-31 04:33:26 查询号码 【1986110】，返回信息 {"status":"ok","msg":"山东-烟台","gid":"512822","time_insert":"2021-08-16 10:32"}
2023-10-31 04:33:26 查询号码 【1986110】，GSD为【"山东-烟台"】

2023-10-31 04:33:27 开始第 6198 次操作

2023-10-31 04:33:27 开始操作号码 【1986111】
2023-10-31 04:33:30 GSD getOne 第 1 次 等待 3 秒
2023-10-31 04:33:33 查询号码 【1986111】，返回信息 {"status":"ok","msg":"山东-烟台","gid":"512834","time_insert":"2021-08-16 10:39"}
2023-10-31 04:33:33 查询号码 【1986111】，GSD为【"山东-烟台"】

2023-10-31 04:33:34 开始第 6199 次操作

2023-10-31 04:33:34 开始操作号码 【1986112】
2023-10-31 04:33:37 GSD getOne 第 1 次 等待 3 秒
2023-10-31 04:33:40 查询号码 【1986112】，返回信息 {"status":"ok","msg":"山东-烟台","gid":"512844","time_insert":"2021-08-16 10:48"}
2023-10-31 04:33:40 查询号码 【1986112】，GSD为【"山东-烟台"】

2023-10-31 04:33:41 开始第 6200 次操作

2023-10-31 04:33:41 开始操作号码 【1986113】
2023-10-31 04:33:44 GSD getOne 第 1 次 等待 3 秒
2023-10-31 04:33:47 查询号码 【1986113】，返回信息 {"status":"ok","msg":"山东-枣庄","gid":"512848","time_insert":"2021-08-16 10:51"}
2023-10-31 04:33:47 查询号码 【1986113】，GSD为【"山东-枣庄"】

2023-10-31 05:07:04 开始第 6201 次操作

2023-10-31 05:07:04 开始操作号码 【1986114】
2023-10-31 05:07:07 GSD getOne 第 1 次 等待 3 秒
2023-10-31 05:07:10 查询号码 【1986114】，返回信息 {"status":"ok","msg":"山东-枣庄","gid":"512862","time_insert":"2021-08-16 11:01"}
2023-10-31 05:07:10 查询号码 【1986114】，GSD为【"山东-枣庄"】

2023-10-31 05:07:11 开始第 6202 次操作

2023-10-31 05:07:11 开始操作号码 【1986115】
2023-10-31 05:07:14 GSD getOne 第 1 次 等待 3 秒
2023-10-31 05:07:17 查询号码 【1986115】，返回信息 {"status":"ok","msg":"山东-枣庄","gid":"512879","time_insert":"2021-08-16 11:15"}
2023-10-31 05:07:17 查询号码 【1986115】，GSD为【"山东-枣庄"】

2023-10-31 05:07:18 开始第 6203 次操作

2023-10-31 05:07:18 开始操作号码 【1986116】
2023-10-31 05:07:21 GSD getOne 第 1 次 等待 3 秒
2023-10-31 05:07:24 查询号码 【1986116】，返回信息 {"status":"ok","msg":"山东-枣庄","gid":"512882","time_insert":"2021-08-16 11:17"}
2023-10-31 05:07:24 查询号码 【1986116】，GSD为【"山东-枣庄"】

2023-10-31 05:07:25 开始第 6204 次操作

2023-10-31 05:07:25 开始操作号码 【1986117】
2023-10-31 05:07:28 GSD getOne 第 1 次 等待 3 秒
2023-10-31 05:07:31 查询号码 【1986117】，返回信息 {"status":"ok","msg":"山东-济宁","gid":"512899","time_insert":"2021-08-16 11:30"}
2023-10-31 05:07:31 查询号码 【1986117】，GSD为【"山东-济宁"】

2023-10-31 05:33:11 开始第 6205 次操作

2023-10-31 05:33:11 开始操作号码 【1986118】
2023-10-31 05:33:14 GSD getOne 第 1 次 等待 3 秒
2023-10-31 05:33:17 查询号码 【1986118】，返回信息 {"status":"ok","msg":"山东-济宁","gid":"512901","time_insert":"2021-08-16 11:32"}
2023-10-31 05:33:17 查询号码 【1986118】，GSD为【"山东-济宁"】

2023-10-31 05:33:18 开始第 6206 次操作

2023-10-31 05:33:18 开始操作号码 【1986119】
2023-10-31 05:33:21 GSD getOne 第 1 次 等待 3 秒
2023-10-31 05:33:24 查询号码 【1986119】，返回信息 {"status":"ok","msg":"山东-济宁","gid":"512915","time_insert":"2021-08-16 11:41"}
2023-10-31 05:33:24 查询号码 【1986119】，GSD为【"山东-济宁"】

2023-10-31 05:33:25 开始第 6207 次操作

2023-10-31 05:33:25 开始操作号码 【1986120】
2023-10-31 05:33:28 GSD getOne 第 1 次 等待 3 秒
2023-10-31 05:33:31 查询号码 【1986120】，返回信息 {"status":"ok","msg":"山东-聊城","gid":"512929","time_insert":"2021-08-16 11:54"}
2023-10-31 05:33:31 查询号码 【1986120】，GSD为【"山东-聊城"】

2023-10-31 05:33:32 开始第 6208 次操作

2023-10-31 05:33:32 开始操作号码 【1986121】
2023-10-31 05:33:35 GSD getOne 第 1 次 等待 3 秒
2023-10-31 05:33:38 查询号码 【1986121】，返回信息 {"status":"ok","msg":"山东-聊城","gid":"512936","time_insert":"2021-08-16 12:00"}
2023-10-31 05:33:38 查询号码 【1986121】，GSD为【"山东-聊城"】

2023-10-31 06:07:54 开始第 6209 次操作

2023-10-31 06:07:54 开始操作号码 【1986122】
2023-10-31 06:07:57 GSD getOne 第 1 次 等待 3 秒
2023-10-31 06:08:00 查询号码 【1986122】，返回信息 {"status":"ok","msg":"山东-聊城","gid":"512948","time_insert":"2021-08-16 12:07"}
2023-10-31 06:08:00 查询号码 【1986122】，GSD为【"山东-聊城"】

2023-10-31 06:08:01 开始第 6210 次操作

2023-10-31 06:08:01 开始操作号码 【1986123】
2023-10-31 06:08:04 GSD getOne 第 1 次 等待 3 秒
2023-10-31 06:08:07 查询号码 【1986123】，返回信息 {"status":"ok","msg":"山东-聊城","gid":"512955","time_insert":"2021-08-16 12:14"}
2023-10-31 06:08:07 查询号码 【1986123】，GSD为【"山东-聊城"】

2023-10-31 06:08:08 开始第 6211 次操作

2023-10-31 06:08:08 开始操作号码 【1986124】
2023-10-31 06:08:11 GSD getOne 第 1 次 等待 3 秒
2023-10-31 06:08:14 查询号码 【1986124】，返回信息 {"status":"ok","msg":"山东-聊城","gid":"512963","time_insert":"2021-08-16 12:21"}
2023-10-31 06:08:14 查询号码 【1986124】，GSD为【"山东-聊城"】

2023-10-31 06:08:15 开始第 6212 次操作

2023-10-31 06:08:15 开始操作号码 【1986125】
2023-10-31 06:08:18 GSD getOne 第 1 次 等待 3 秒
2023-10-31 06:08:21 查询号码 【1986125】，返回信息 {"status":"ok","msg":"山东-聊城","gid":"512974","time_insert":"2021-08-16 12:30"}
2023-10-31 06:08:21 查询号码 【1986125】，GSD为【"山东-聊城"】

2023-10-31 06:33:12 开始第 6213 次操作

2023-10-31 06:33:12 开始操作号码 【1986126】
2023-10-31 06:33:15 GSD getOne 第 1 次 等待 3 秒
2023-10-31 06:33:18 查询号码 【1986126】，返回信息 {"status":"ok","msg":"山东-日照","gid":"512982","time_insert":"2021-08-16 12:34"}
2023-10-31 06:33:18 查询号码 【1986126】，GSD为【"山东-日照"】

2023-10-31 06:33:19 开始第 6214 次操作

2023-10-31 06:33:19 开始操作号码 【1986127】
2023-10-31 06:33:22 GSD getOne 第 1 次 等待 3 秒
2023-10-31 06:33:25 查询号码 【1986127】，返回信息 {"status":"ok","msg":"山东-日照","gid":"512995","time_insert":"2021-08-16 12:44"}
2023-10-31 06:33:25 查询号码 【1986127】，GSD为【"山东-日照"】

2023-10-31 06:33:26 开始第 6215 次操作

2023-10-31 06:33:26 开始操作号码 【1986128】
2023-10-31 06:33:28 GSD getOne 第 1 次 等待 3 秒
2023-10-31 06:33:31 查询号码 【1986128】，返回信息 {"status":"ok","msg":"山东-日照","gid":"512997","time_insert":"2021-08-16 12:47"}
2023-10-31 06:33:32 查询号码 【1986128】，GSD为【"山东-日照"】

2023-10-31 06:33:33 开始第 6216 次操作

2023-10-31 06:33:33 开始操作号码 【1986129】
2023-10-31 06:33:35 GSD getOne 第 1 次 等待 3 秒
2023-10-31 06:33:38 查询号码 【1986129】，返回信息 {"status":"ok","msg":"山东-日照","gid":"513006","time_insert":"2021-08-16 12:56"}
2023-10-31 06:33:38 查询号码 【1986129】，GSD为【"山东-日照"】

2023-10-31 07:08:08 开始第 6217 次操作

2023-10-31 07:08:08 开始操作号码 【1986130】
2023-10-31 07:08:11 GSD getOne 第 1 次 等待 3 秒
2023-10-31 07:08:14 查询号码 【1986130】，返回信息 {"status":"ok","msg":"山东-潍坊","gid":"513012","time_insert":"2021-08-16 12:59"}
2023-10-31 07:08:14 查询号码 【1986130】，GSD为【"山东-潍坊"】

2023-10-31 07:08:15 开始第 6218 次操作

2023-10-31 07:08:15 开始操作号码 【1986131】
2023-10-31 07:08:18 GSD getOne 第 1 次 等待 3 秒
2023-10-31 07:08:21 查询号码 【1986131】，返回信息 {"status":"ok","msg":"山东-潍坊","gid":"513025","time_insert":"2021-08-16 13:10"}
2023-10-31 07:08:21 查询号码 【1986131】，GSD为【"山东-潍坊"】

2023-10-31 07:08:22 开始第 6219 次操作

2023-10-31 07:08:22 开始操作号码 【1986132】
2023-10-31 07:08:25 GSD getOne 第 1 次 等待 3 秒
2023-10-31 07:08:28 查询号码 【1986132】，返回信息 {"status":"ok","msg":"山东-潍坊","gid":"513030","time_insert":"2021-08-16 13:12"}
2023-10-31 07:08:28 查询号码 【1986132】，GSD为【"山东-潍坊"】

2023-10-31 07:08:29 开始第 6220 次操作

2023-10-31 07:08:29 开始操作号码 【1986133】
2023-10-31 07:08:32 GSD getOne 第 1 次 等待 3 秒
2023-10-31 07:08:35 查询号码 【1986133】，返回信息 {"status":"ok","msg":"山东-潍坊","gid":"513047","time_insert":"2021-08-16 13:26"}
2023-10-31 07:08:35 查询号码 【1986133】，GSD为【"山东-潍坊"】

2023-10-31 07:33:21 开始第 6221 次操作

2023-10-31 07:33:21 开始操作号码 【1986134】
2023-10-31 07:33:24 GSD getOne 第 1 次 等待 3 秒
2023-10-31 07:33:27 查询号码 【1986134】，返回信息 {"status":"ok","msg":"山东-潍坊","gid":"513048","time_insert":"2021-08-16 13:28"}
2023-10-31 07:33:27 查询号码 【1986134】，GSD为【"山东-潍坊"】

2023-10-31 07:33:28 开始第 6222 次操作

2023-10-31 07:33:28 开始操作号码 【1986135】
2023-10-31 07:33:31 GSD getOne 第 1 次 等待 3 秒
2023-10-31 07:33:34 查询号码 【1986135】，返回信息 {"status":"ok","msg":"山东-威海","gid":"513061","time_insert":"2021-08-16 13:38"}
2023-10-31 07:33:34 查询号码 【1986135】，GSD为【"山东-威海"】

2023-10-31 07:33:35 开始第 6223 次操作

2023-10-31 07:33:35 开始操作号码 【1986136】
2023-10-31 07:33:37 GSD getOne 第 1 次 等待 3 秒
2023-10-31 07:33:40 查询号码 【1986136】，返回信息 {"status":"ok","msg":"山东-威海","gid":"513066","time_insert":"2021-08-16 13:41"}
2023-10-31 07:33:40 查询号码 【1986136】，GSD为【"山东-威海"】

2023-10-31 07:33:41 开始第 6224 次操作

2023-10-31 07:33:41 开始操作号码 【1986137】
2023-10-31 07:33:44 GSD getOne 第 1 次 等待 3 秒
2023-10-31 07:33:47 查询号码 【1986137】，返回信息 {"status":"ok","msg":"山东-枣庄","gid":"513079","time_insert":"2021-08-16 13:51"}
2023-10-31 07:33:47 查询号码 【1986137】，GSD为【"山东-枣庄"】

2023-10-31 08:40:00 开始第 6225 次操作

2023-10-31 08:40:00 开始操作号码 【1986138】
2023-10-31 08:40:03 GSD getOne 第 1 次 等待 3 秒
2023-10-31 08:40:06 查询号码 【1986138】，返回信息 {"status":"ok","msg":"山东-枣庄","gid":"513092","time_insert":"2021-08-16 14:00"}
2023-10-31 08:40:06 查询号码 【1986138】，GSD为【"山东-枣庄"】

2023-10-31 08:40:07 开始第 6226 次操作

2023-10-31 08:40:07 开始操作号码 【1986139】
2023-10-31 08:40:11 GSD getOne 第 1 次 等待 3 秒
2023-10-31 08:40:14 查询号码 【1986139】，返回信息 {"status":"ok","msg":"山东-莱芜","gid":"513102","time_insert":"2021-08-16 14:06"}
2023-10-31 08:40:14 查询号码 【1986139】，GSD为【"山东-莱芜"】

2023-10-31 08:40:15 开始第 6227 次操作

2023-10-31 08:40:15 开始操作号码 【1986140】
2023-10-31 08:40:18 GSD getOne 第 1 次 等待 3 秒
2023-10-31 08:40:21 查询号码 【1986140】，返回信息 {"status":"ok","msg":"山东-济南","gid":"513110","time_insert":"2021-08-16 14:10"}
2023-10-31 08:40:21 查询号码 【1986140】，GSD为【"山东-济南"】

2023-10-31 08:40:22 开始第 6228 次操作

2023-10-31 08:40:22 开始操作号码 【1986141】
2023-10-31 08:40:25 GSD getOne 第 1 次 等待 3 秒
2023-10-31 08:40:28 查询号码 【1986141】，返回信息 {"status":"ok","msg":"山东-济南","gid":"513121","time_insert":"2021-08-16 14:17"}
2023-10-31 08:40:28 查询号码 【1986141】，GSD为【"山东-济南"】

2023-10-31 09:43:40 开始第 6229 次操作

2023-10-31 09:43:40 开始操作号码 【1986142】
2023-10-31 09:43:43 GSD getOne 第 1 次 等待 3 秒
2023-10-31 09:43:46 查询号码 【1986142】，返回信息 {"status":"ok","msg":"山东-济南","gid":"513127","time_insert":"2021-08-16 14:23"}
2023-10-31 09:43:46 查询号码 【1986142】，GSD为【"山东-济南"】

2023-10-31 09:43:47 开始第 6230 次操作

2023-10-31 09:43:47 开始操作号码 【1986143】
2023-10-31 09:43:50 GSD getOne 第 1 次 等待 3 秒
2023-10-31 09:43:53 查询号码 【1986143】，返回信息 {"status":"ok","msg":"山东-济南","gid":"513140","time_insert":"2021-08-16 14:29"}
2023-10-31 09:43:53 查询号码 【1986143】，GSD为【"山东-济南"】

2023-10-31 09:43:54 开始第 6231 次操作

2023-10-31 09:43:54 开始操作号码 【1986144】
2023-10-31 09:43:57 GSD getOne 第 1 次 等待 3 秒
2023-10-31 09:44:00 查询号码 【1986144】，返回信息 {"status":"ok","msg":"山东-济南","gid":"513146","time_insert":"2021-08-16 14:34"}
2023-10-31 09:44:00 查询号码 【1986144】，GSD为【"山东-济南"】

2023-10-31 09:44:01 开始第 6232 次操作

2023-10-31 09:44:01 开始操作号码 【1986145】
2023-10-31 09:44:07 GSD getOne 第 1 次 等待 3 秒
2023-10-31 09:44:10 查询号码 【1986145】，返回信息 {"status":"ok","msg":"山东-青岛","gid":"513161","time_insert":"2021-08-16 14:43"}
2023-10-31 09:44:10 查询号码 【1986145】，GSD为【"山东-青岛"】

2023-10-31 10:17:09 开始第 6233 次操作

2023-10-31 10:17:09 开始操作号码 【1986146】
2023-10-31 10:17:12 GSD getOne 第 1 次 等待 3 秒
2023-10-31 10:17:15 查询号码 【1986146】，返回信息 {"status":"ok","msg":"山东-青岛","gid":"513163","time_insert":"2021-08-16 14:46"}
2023-10-31 10:17:15 查询号码 【1986146】，GSD为【"山东-青岛"】

2023-10-31 10:17:16 开始第 6234 次操作

2023-10-31 10:17:16 开始操作号码 【1986147】
2023-10-31 10:17:20 GSD getOne 第 1 次 等待 3 秒
2023-10-31 10:17:23 查询号码 【1986147】，返回信息 {"status":"ok","msg":"山东-青岛","gid":"513178","time_insert":"2021-08-16 14:54"}
2023-10-31 10:17:23 查询号码 【1986147】，GSD为【"山东-青岛"】

2023-10-31 10:17:24 开始第 6235 次操作

2023-10-31 10:17:24 开始操作号码 【1986148】
2023-10-31 10:17:27 GSD getOne 第 1 次 等待 3 秒
2023-10-31 10:17:30 查询号码 【1986148】，返回信息 {"status":"ok","msg":"山东-青岛","gid":"513181","time_insert":"2021-08-16 14:56"}
2023-10-31 10:17:30 查询号码 【1986148】，GSD为【"山东-青岛"】

2023-10-31 10:17:31 开始第 6236 次操作

2023-10-31 10:17:31 开始操作号码 【1986149】
2023-10-31 10:17:34 GSD getOne 第 1 次 等待 3 秒
2023-10-31 10:17:37 查询号码 【1986149】，返回信息 {"status":"ok","msg":"山东-青岛","gid":"513195","time_insert":"2021-08-16 15:05"}
2023-10-31 10:17:37 查询号码 【1986149】，GSD为【"山东-青岛"】

2023-10-31 10:34:36 开始第 6237 次操作

2023-10-31 10:34:36 开始操作号码 【1986150】
2023-10-31 10:34:40 GSD getOne 第 1 次 等待 3 秒
2023-10-31 10:34:43 查询号码 【1986150】，返回信息 {"status":"ok","msg":"山东-烟台","gid":"512733","time_insert":"2021-08-16 09:26"}
2023-10-31 10:34:43 查询号码 【1986150】，GSD为【"山东-烟台"】

2023-10-31 10:34:44 开始第 6238 次操作

2023-10-31 10:34:44 开始操作号码 【1986151】
2023-10-31 10:34:51 GSD getOne 第 1 次 等待 3 秒
2023-10-31 10:34:54 查询号码 【1986151】，返回信息 {"status":"ok","msg":"山东-烟台","gid":"512742","time_insert":"2021-08-16 09:31"}
2023-10-31 10:34:54 查询号码 【1986151】，GSD为【"山东-烟台"】

2023-10-31 10:34:55 开始第 6239 次操作

2023-10-31 10:34:55 开始操作号码 【1986152】
2023-10-31 10:34:58 GSD getOne 第 1 次 等待 3 秒
2023-10-31 10:35:01 查询号码 【1986152】，返回信息 {"status":"ok","msg":"山东-烟台","gid":"512749","time_insert":"2021-08-16 09:38"}
2023-10-31 10:35:01 查询号码 【1986152】，GSD为【"山东-烟台"】

2023-10-31 10:35:02 开始第 6240 次操作

2023-10-31 10:35:02 开始操作号码 【1986153】
2023-10-31 10:35:05 GSD getOne 第 1 次 等待 3 秒
2023-10-31 10:35:08 查询号码 【1986153】，返回信息 {"status":"ok","msg":"山东-烟台","gid":"512762","time_insert":"2021-08-16 09:45"}
2023-10-31 10:35:08 查询号码 【1986153】，GSD为【"山东-烟台"】

2023-10-31 11:09:12 开始第 6241 次操作

2023-10-31 11:09:12 开始操作号码 【1986154】
2023-10-31 11:09:15 GSD getOne 第 1 次 等待 3 秒
2023-10-31 11:09:18 查询号码 【1986154】，返回信息 {"status":"ok","msg":"山东-烟台","gid":"512769","time_insert":"2021-08-16 09:53"}
2023-10-31 11:09:18 查询号码 【1986154】，GSD为【"山东-烟台"】

2023-10-31 11:09:19 开始第 6242 次操作

2023-10-31 11:09:19 开始操作号码 【1986155】
2023-10-31 11:09:25 GSD getOne 第 1 次 等待 3 秒
2023-10-31 11:09:28 查询号码 【1986155】，返回信息 {"status":"ok","msg":"山东-烟台","gid":"512779","time_insert":"2021-08-16 09:58"}
2023-10-31 11:09:28 查询号码 【1986155】，GSD为【"山东-烟台"】

2023-10-31 11:09:29 开始第 6243 次操作

2023-10-31 11:09:29 开始操作号码 【1986156】
2023-10-31 11:09:33 GSD getOne 第 1 次 等待 3 秒
2023-10-31 11:09:36 查询号码 【1986156】，返回信息 {"status":"ok","msg":"山东-威海","gid":"512792","time_insert":"2021-08-16 10:10"}
2023-10-31 11:09:36 查询号码 【1986156】，GSD为【"山东-威海"】

2023-10-31 11:09:37 开始第 6244 次操作

2023-10-31 11:09:37 开始操作号码 【1986157】
2023-10-31 11:09:40 GSD getOne 第 1 次 等待 3 秒
2023-10-31 11:09:43 查询号码 【1986157】，返回信息 {"status":"ok","msg":"山东-威海","gid":"512809","time_insert":"2021-08-16 10:21"}
2023-10-31 11:09:43 查询号码 【1986157】，GSD为【"山东-威海"】

2023-10-31 11:33:43 开始第 6245 次操作

2023-10-31 11:33:43 开始操作号码 【1986158】
2023-10-31 11:33:46 GSD getOne 第 1 次 等待 3 秒
2023-10-31 11:33:49 查询号码 【1986158】，返回信息 {"status":"ok","msg":"山东-威海","gid":"512827","time_insert":"2021-08-16 10:34"}
2023-10-31 11:33:49 查询号码 【1986158】，GSD为【"山东-威海"】

2023-10-31 11:33:50 开始第 6246 次操作

2023-10-31 11:33:50 开始操作号码 【1986159】
2023-10-31 11:33:53 GSD getOne 第 1 次 等待 3 秒
2023-10-31 11:33:56 查询号码 【1986159】，返回信息 {"status":"ok","msg":"山东-威海","gid":"512843","time_insert":"2021-08-16 10:47"}
2023-10-31 11:33:56 查询号码 【1986159】，GSD为【"山东-威海"】

2023-10-31 11:33:57 开始第 6247 次操作

2023-10-31 11:33:57 开始操作号码 【1986160】
2023-10-31 11:34:00 GSD getOne 第 1 次 等待 3 秒
2023-10-31 11:34:03 查询号码 【1986160】，返回信息 {"status":"ok","msg":"山东-菏泽","gid":"512853","time_insert":"2021-08-16 10:54"}
2023-10-31 11:34:03 查询号码 【1986160】，GSD为【"山东-菏泽"】

2023-10-31 11:34:04 开始第 6248 次操作

2023-10-31 11:34:04 开始操作号码 【1986161】
2023-10-31 11:34:07 GSD getOne 第 1 次 等待 3 秒
2023-10-31 11:34:10 查询号码 【1986161】，返回信息 {"status":"ok","msg":"山东-菏泽","gid":"512864","time_insert":"2021-08-16 11:03"}
2023-10-31 11:34:10 查询号码 【1986161】，GSD为【"山东-菏泽"】

2023-10-31 12:10:32 开始第 6249 次操作

2023-10-31 12:10:32 开始操作号码 【1986162】
2023-10-31 12:10:35 GSD getOne 第 1 次 等待 3 秒
2023-10-31 12:10:38 查询号码 【1986162】，返回信息 {"status":"ok","msg":"山东-菏泽","gid":"512884","time_insert":"2021-08-16 11:18"}
2023-10-31 12:10:38 查询号码 【1986162】，GSD为【"山东-菏泽"】

2023-10-31 12:10:39 开始第 6250 次操作

2023-10-31 12:10:39 开始操作号码 【1986163】
2023-10-31 12:11:04 GSD getOne 第 1 次 等待 3 秒
2023-10-31 12:11:07 查询号码 【1986163】，返回信息 {"status":"ok","msg":"山东-菏泽","gid":"512885","time_insert":"2021-08-16 11:20"}
2023-10-31 12:11:07 查询号码 【1986163】，GSD为【"山东-菏泽"】

2023-10-31 12:11:08 开始第 6251 次操作

2023-10-31 12:11:08 开始操作号码 【1986164】
2023-10-31 12:11:11 GSD getOne 第 1 次 等待 3 秒
2023-10-31 12:11:14 查询号码 【1986164】，返回信息 {"status":"ok","msg":"山东-菏泽","gid":"512903","time_insert":"2021-08-16 11:33"}
2023-10-31 12:11:14 查询号码 【1986164】，GSD为【"山东-菏泽"】

2023-10-31 12:11:15 开始第 6252 次操作

2023-10-31 12:11:15 开始操作号码 【1986165】
2023-10-31 12:11:18 GSD getOne 第 1 次 等待 3 秒
2023-10-31 12:11:21 查询号码 【1986165】，返回信息 {"status":"ok","msg":"山东-菏泽","gid":"512905","time_insert":"2021-08-16 11:35"}
2023-10-31 12:11:21 查询号码 【1986165】，GSD为【"山东-菏泽"】

2023-10-31 12:33:20 开始第 6253 次操作

2023-10-31 12:33:20 开始操作号码 【1986166】
2023-10-31 12:33:23 GSD getOne 第 1 次 等待 3 秒
2023-10-31 12:33:26 查询号码 【1986166】，返回信息 {"status":"ok","msg":"山东-菏泽","gid":"512922","time_insert":"2021-08-16 11:49"}
2023-10-31 12:33:26 查询号码 【1986166】，GSD为【"山东-菏泽"】

2023-10-31 12:33:27 开始第 6254 次操作

2023-10-31 12:33:27 开始操作号码 【1986167】
2023-10-31 12:33:30 GSD getOne 第 1 次 等待 3 秒
2023-10-31 12:33:33 查询号码 【1986167】，返回信息 {"status":"ok","msg":"山东-菏泽","gid":"512923","time_insert":"2021-08-16 11:50"}
2023-10-31 12:33:33 查询号码 【1986167】，GSD为【"山东-菏泽"】

2023-10-31 12:33:34 开始第 6255 次操作

2023-10-31 12:33:34 开始操作号码 【1986168】
2023-10-31 12:33:37 GSD getOne 第 1 次 等待 3 秒
2023-10-31 12:33:40 查询号码 【1986168】，返回信息 {"status":"ok","msg":"山东-菏泽","gid":"512939","time_insert":"2021-08-16 12:01"}
2023-10-31 12:33:40 查询号码 【1986168】，GSD为【"山东-菏泽"】

2023-10-31 12:33:41 开始第 6256 次操作

2023-10-31 12:33:41 开始操作号码 【1986169】
2023-10-31 12:33:44 GSD getOne 第 1 次 等待 3 秒
2023-10-31 12:33:47 查询号码 【1986169】，返回信息 {"status":"ok","msg":"山东-菏泽","gid":"512943","time_insert":"2021-08-16 12:03"}
2023-10-31 12:33:47 查询号码 【1986169】，GSD为【"山东-菏泽"】

2023-10-31 13:08:09 开始第 6257 次操作

2023-10-31 13:08:09 开始操作号码 【1986170】
2023-10-31 13:08:14 GSD getOne 第 1 次 等待 3 秒
2023-10-31 13:08:17 查询号码 【1986170】，返回信息 {"status":"ok","msg":"山东-滨州","gid":"512958","time_insert":"2021-08-16 12:16"}
2023-10-31 13:08:17 查询号码 【1986170】，GSD为【"山东-滨州"】

2023-10-31 13:08:18 开始第 6258 次操作

2023-10-31 13:08:18 开始操作号码 【1986171】
2023-10-31 13:08:27 GSD getOne 第 1 次 等待 3 秒
2023-10-31 13:08:30 查询号码 【1986171】，返回信息 {"status":"ok","msg":"山东-滨州","gid":"512973","time_insert":"2021-08-16 12:29"}
2023-10-31 13:08:30 查询号码 【1986171】，GSD为【"山东-滨州"】

2023-10-31 13:08:31 开始第 6259 次操作

2023-10-31 13:08:31 开始操作号码 【1986172】
2023-10-31 13:08:43 GSD getOne 第 1 次 等待 3 秒
2023-10-31 13:08:47 查询号码 【1986172】，返回信息 {"status":"ok","msg":"山东-滨州","gid":"512975","time_insert":"2021-08-16 12:30"}
2023-10-31 13:08:47 查询号码 【1986172】，GSD为【"山东-滨州"】

2023-10-31 13:08:48 开始第 6260 次操作

2023-10-31 13:08:48 开始操作号码 【1986173】
2023-10-31 13:08:52 GSD getOne 第 1 次 等待 3 秒
2023-10-31 13:08:55 查询号码 【1986173】，返回信息 {"status":"ok","msg":"山东-滨州","gid":"512988","time_insert":"2021-08-16 12:41"}
2023-10-31 13:08:55 查询号码 【1986173】，GSD为【"山东-滨州"】

2023-10-31 13:33:01 开始第 6261 次操作

2023-10-31 13:33:01 开始操作号码 【1986174】
2023-10-31 13:33:10 GSD getOne 第 1 次 等待 3 秒
2023-10-31 13:33:13 查询号码 【1986174】，返回信息 {"status":"ok","msg":"山东-滨州","gid":"512996","time_insert":"2021-08-16 12:46"}
2023-10-31 13:33:13 查询号码 【1986174】，GSD为【"山东-滨州"】

2023-10-31 13:33:14 开始第 6262 次操作

2023-10-31 13:33:14 开始操作号码 【1986175】
2023-10-31 13:33:17 GSD getOne 第 1 次 等待 3 秒
2023-10-31 13:33:20 查询号码 【1986175】，返回信息 {"status":"ok","msg":"山东-滨州","gid":"513010","time_insert":"2021-08-16 12:57"}
2023-10-31 13:33:20 查询号码 【1986175】，GSD为【"山东-滨州"】

2023-10-31 13:33:21 开始第 6263 次操作

2023-10-31 13:33:21 开始操作号码 【1986176】
2023-10-31 13:33:28 GSD getOne 第 1 次 等待 3 秒
2023-10-31 13:33:31 查询号码 【1986176】，返回信息 {"status":"ok","msg":"山东-滨州","gid":"513011","time_insert":"2021-08-16 12:59"}
2023-10-31 13:33:31 查询号码 【1986176】，GSD为【"山东-滨州"】

2023-10-31 13:33:32 开始第 6264 次操作

2023-10-31 13:33:32 开始操作号码 【1986177】
2023-10-31 13:33:39 GSD getOne 第 1 次 等待 3 秒
2023-10-31 13:33:42 查询号码 【1986177】，返回信息 {"status":"ok","msg":"山东-东营","gid":"513029","time_insert":"2021-08-16 13:12"}
2023-10-31 13:33:42 查询号码 【1986177】，GSD为【"山东-东营"】

2023-10-31 14:11:41 开始第 6265 次操作

2023-10-31 14:11:41 开始操作号码 【1986178】
2023-10-31 14:11:45 GSD getOne 第 1 次 等待 3 秒
2023-10-31 14:11:48 查询号码 【1986178】，返回信息 {"status":"ok","msg":"山东-东营","gid":"513034","time_insert":"2021-08-16 13:14"}
2023-10-31 14:11:48 查询号码 【1986178】，GSD为【"山东-东营"】

2023-10-31 14:11:49 开始第 6266 次操作

2023-10-31 14:11:49 开始操作号码 【1986179】
2023-10-31 14:11:53 GSD getOne 第 1 次 等待 3 秒
2023-10-31 14:11:56 查询号码 【1986179】，返回信息 {"status":"ok","msg":"山东-东营","gid":"513042","time_insert":"2021-08-16 13:24"}
2023-10-31 14:11:56 查询号码 【1986179】，GSD为【"山东-东营"】

2023-10-31 14:11:57 开始第 6267 次操作

2023-10-31 14:11:57 开始操作号码 【1986180】
2023-10-31 14:12:00 GSD getOne 第 1 次 等待 3 秒
2023-10-31 14:12:03 查询号码 【1986180】，返回信息 {"status":"ok","msg":"山东-济南","gid":"513046","time_insert":"2021-08-16 13:25"}
2023-10-31 14:12:03 查询号码 【1986180】，GSD为【"山东-济南"】

2023-10-31 14:12:04 开始第 6268 次操作

2023-10-31 14:12:04 开始操作号码 【1986181】
2023-10-31 14:12:09 GSD getOne 第 1 次 等待 3 秒
2023-10-31 14:12:12 查询号码 【1986181】，返回信息 {"status":"ok","msg":"山东-济南","gid":"513058","time_insert":"2021-08-16 13:35"}
2023-10-31 14:12:12 查询号码 【1986181】，GSD为【"山东-济南"】

2023-10-31 14:34:20 开始第 6269 次操作

2023-10-31 14:34:20 开始操作号码 【1986182】
2023-10-31 14:34:25 GSD getOne 第 1 次 等待 3 秒
2023-10-31 14:34:28 查询号码 【1986182】，返回信息 {"status":"ok","msg":"山东-济南","gid":"513060","time_insert":"2021-08-16 13:36"}
2023-10-31 14:34:29 查询号码 【1986182】，GSD为【"山东-济南"】

2023-10-31 14:34:30 开始第 6270 次操作

2023-10-31 14:34:30 开始操作号码 【1986183】
2023-10-31 14:34:32 GSD getOne 第 1 次 等待 3 秒
2023-10-31 14:34:35 查询号码 【1986183】，返回信息 {"status":"ok","msg":"山东-济南","gid":"513074","time_insert":"2021-08-16 13:49"}
2023-10-31 14:34:35 查询号码 【1986183】，GSD为【"山东-济南"】

2023-10-31 14:34:36 开始第 6271 次操作

2023-10-31 14:34:36 开始操作号码 【1986184】
2023-10-31 14:34:39 GSD getOne 第 1 次 等待 3 秒
2023-10-31 14:34:42 查询号码 【1986184】，返回信息 {"status":"ok","msg":"山东-济南","gid":"513088","time_insert":"2021-08-16 13:58"}
2023-10-31 14:34:42 查询号码 【1986184】，GSD为【"山东-济南"】

2023-10-31 14:34:43 开始第 6272 次操作

2023-10-31 14:34:43 开始操作号码 【1986185】
2023-10-31 14:34:46 GSD getOne 第 1 次 等待 3 秒
2023-10-31 14:34:49 查询号码 【1986185】，返回信息 {"status":"ok","msg":"山东-济南","gid":"513089","time_insert":"2021-08-16 13:59"}
2023-10-31 14:34:49 查询号码 【1986185】，GSD为【"山东-济南"】

2023-10-31 15:08:00 开始第 6273 次操作

2023-10-31 15:08:00 开始操作号码 【1986186】
2023-10-31 15:08:03 GSD getOne 第 1 次 等待 3 秒
2023-10-31 15:08:06 查询号码 【1986186】，返回信息 {"status":"ok","msg":"山东-济南","gid":"513100","time_insert":"2021-08-16 14:05"}
2023-10-31 15:08:06 查询号码 【1986186】，GSD为【"山东-济南"】

2023-10-31 15:08:07 开始第 6274 次操作

2023-10-31 15:08:07 开始操作号码 【1986187】
2023-10-31 15:08:10 GSD getOne 第 1 次 等待 3 秒
2023-10-31 15:08:13 查询号码 【1986187】，返回信息 {"status":"ok","msg":"山东-济南","gid":"513107","time_insert":"2021-08-16 14:08"}
2023-10-31 15:08:13 查询号码 【1986187】，GSD为【"山东-济南"】

2023-10-31 15:08:15 开始第 6275 次操作

2023-10-31 15:08:15 开始操作号码 【1986188】
2023-10-31 15:08:18 GSD getOne 第 1 次 等待 3 秒
2023-10-31 15:08:21 查询号码 【1986188】，返回信息 {"status":"ok","msg":"山东-济南","gid":"513117","time_insert":"2021-08-16 14:13"}
2023-10-31 15:08:21 查询号码 【1986188】，GSD为【"山东-济南"】

2023-10-31 15:08:22 开始第 6276 次操作

2023-10-31 15:08:22 开始操作号码 【1986189】
2023-10-31 15:08:26 GSD getOne 第 1 次 等待 3 秒
2023-10-31 15:08:29 查询号码 【1986189】，返回信息 {"status":"ok","msg":"山东-莱芜","gid":"513124","time_insert":"2021-08-16 14:20"}
2023-10-31 15:08:29 查询号码 【1986189】，GSD为【"山东-莱芜"】

2023-10-31 15:32:52 开始第 6277 次操作

2023-10-31 15:32:52 开始操作号码 【1986190】
2023-10-31 15:33:06 GSD getOne 第 1 次 等待 3 秒
2023-10-31 15:33:09 查询号码 【1986190】，返回信息 {"status":"ok","msg":"山东-聊城","gid":"513129","time_insert":"2021-08-16 14:24"}
2023-10-31 15:33:09 查询号码 【1986190】，GSD为【"山东-聊城"】

2023-10-31 15:33:10 开始第 6278 次操作

2023-10-31 15:33:10 开始操作号码 【1986191】
2023-10-31 15:33:13 GSD getOne 第 1 次 等待 3 秒
2023-10-31 15:33:16 查询号码 【1986191】，返回信息 {"status":"ok","msg":"山东-聊城","gid":"513142","time_insert":"2021-08-16 14:31"}
2023-10-31 15:33:16 查询号码 【1986191】，GSD为【"山东-聊城"】

2023-10-31 15:33:17 开始第 6279 次操作

2023-10-31 15:33:17 开始操作号码 【1986192】
2023-10-31 15:33:20 GSD getOne 第 1 次 等待 3 秒
2023-10-31 15:33:23 查询号码 【1986192】，返回信息 {"status":"ok","msg":"山东-聊城","gid":"513147","time_insert":"2021-08-16 14:34"}
2023-10-31 15:33:23 查询号码 【1986192】，GSD为【"山东-聊城"】

2023-10-31 15:33:24 开始第 6280 次操作

2023-10-31 15:33:24 开始操作号码 【1986193】
2023-10-31 15:33:31 GSD getOne 第 1 次 等待 3 秒
2023-10-31 15:33:34 查询号码 【1986193】，返回信息 {"status":"ok","msg":"山东-聊城","gid":"513162","time_insert":"2021-08-16 14:44"}
2023-10-31 15:33:34 查询号码 【1986193】，GSD为【"山东-聊城"】

2023-10-31 16:11:30 开始第 6281 次操作

2023-10-31 16:11:30 开始操作号码 【1986194】
2023-10-31 16:11:34 GSD getOne 第 1 次 等待 3 秒
2023-10-31 16:11:37 查询号码 【1986194】，返回信息 {"status":"ok","msg":"山东-聊城","gid":"513164","time_insert":"2021-08-16 14:46"}
2023-10-31 16:11:37 查询号码 【1986194】，GSD为【"山东-聊城"】

2023-10-31 16:11:38 开始第 6282 次操作

2023-10-31 16:11:38 开始操作号码 【1986195】
2023-10-31 16:11:40 GSD getOne 第 1 次 等待 3 秒
2023-10-31 16:11:43 查询号码 【1986195】，返回信息 {"status":"ok","msg":"山东-聊城","gid":"513179","time_insert":"2021-08-16 14:55"}
2023-10-31 16:11:43 查询号码 【1986195】，GSD为【"山东-聊城"】

2023-10-31 16:11:45 开始第 6283 次操作

2023-10-31 16:11:45 开始操作号码 【1986196】
2023-10-31 16:11:47 GSD getOne 第 1 次 等待 3 秒
2023-10-31 16:11:50 查询号码 【1986196】，返回信息 {"status":"ok","msg":"山东-聊城","gid":"513182","time_insert":"2021-08-16 14:57"}
2023-10-31 16:11:50 查询号码 【1986196】，GSD为【"山东-聊城"】

2023-10-31 16:11:51 开始第 6284 次操作

2023-10-31 16:11:51 开始操作号码 【1986197】
2023-10-31 16:12:00 GSD getOne 第 1 次 等待 3 秒
2023-10-31 16:12:03 查询号码 【1986197】，返回信息 {"status":"ok","msg":"山东-聊城","gid":"513196","time_insert":"2021-08-16 15:05"}
2023-10-31 16:12:03 查询号码 【1986197】，GSD为【"山东-聊城"】

2023-10-31 16:33:32 开始第 6285 次操作

2023-10-31 16:33:32 开始操作号码 【1986198】
2023-10-31 16:33:39 GSD getOne 第 1 次 等待 3 秒
2023-10-31 16:33:42 查询号码 【1986198】，返回信息 {"status":"ok","msg":"山东-聊城","gid":"513199","time_insert":"2021-08-16 15:08"}
2023-10-31 16:33:42 查询号码 【1986198】，GSD为【"山东-聊城"】

2023-10-31 16:33:43 开始第 6286 次操作

2023-10-31 16:33:43 开始操作号码 【1986199】
2023-10-31 16:33:46 GSD getOne 第 1 次 等待 3 秒
2023-10-31 16:33:49 查询号码 【1986199】，返回信息 {"status":"ok","msg":"山东-聊城","gid":"513207","time_insert":"2021-08-16 15:16"}
2023-10-31 16:33:49 查询号码 【1986199】，GSD为【"山东-聊城"】

2023-10-31 16:33:50 开始第 6287 次操作

2023-10-31 16:33:50 开始操作号码 【1986200】
2023-10-31 16:33:53 GSD getOne 第 1 次 等待 3 秒
2023-10-31 16:33:56 查询号码 【1986200】，返回信息 {"status":"ok","msg":"山东-德州","gid":"512734","time_insert":"2021-08-16 09:27"}
2023-10-31 16:33:56 查询号码 【1986200】，GSD为【"山东-德州"】

2023-10-31 16:33:57 开始第 6288 次操作

2023-10-31 16:33:57 开始操作号码 【1986201】
2023-10-31 16:34:00 GSD getOne 第 1 次 等待 3 秒
2023-10-31 16:34:03 查询号码 【1986201】，返回信息 {"status":"ok","msg":"山东-德州","gid":"512743","time_insert":"2021-08-16 09:31"}
2023-10-31 16:34:03 查询号码 【1986201】，GSD为【"山东-德州"】

2023-10-31 17:08:45 开始第 6289 次操作

2023-10-31 17:08:45 开始操作号码 【1986202】
2023-10-31 17:08:47 GSD getOne 第 1 次 等待 3 秒
2023-10-31 17:08:50 查询号码 【1986202】，返回信息 {"status":"ok","msg":"山东-德州","gid":"512750","time_insert":"2021-08-16 09:38"}
2023-10-31 17:08:50 查询号码 【1986202】，GSD为【"山东-德州"】

2023-10-31 17:08:51 开始第 6290 次操作

2023-10-31 17:08:51 开始操作号码 【1986203】
2023-10-31 17:08:54 GSD getOne 第 1 次 等待 3 秒
2023-10-31 17:08:57 查询号码 【1986203】，返回信息 {"status":"ok","msg":"山东-德州","gid":"512764","time_insert":"2021-08-16 09:47"}
2023-10-31 17:08:57 查询号码 【1986203】，GSD为【"山东-德州"】

2023-10-31 17:08:58 开始第 6291 次操作

2023-10-31 17:08:58 开始操作号码 【1986204】
2023-10-31 17:09:01 GSD getOne 第 1 次 等待 3 秒
2023-10-31 17:09:04 查询号码 【1986204】，返回信息 {"status":"ok","msg":"山东-德州","gid":"512768","time_insert":"2021-08-16 09:51"}
2023-10-31 17:09:04 查询号码 【1986204】，GSD为【"山东-德州"】

2023-10-31 17:09:05 开始第 6292 次操作

2023-10-31 17:09:05 开始操作号码 【1986205】
2023-10-31 17:09:08 GSD getOne 第 1 次 等待 3 秒
2023-10-31 17:09:11 查询号码 【1986205】，返回信息 {"status":"ok","msg":"山东-德州","gid":"512782","time_insert":"2021-08-16 10:02"}
2023-10-31 17:09:11 查询号码 【1986205】，GSD为【"山东-德州"】

2023-10-31 17:33:16 开始第 6293 次操作

2023-10-31 17:33:16 开始操作号码 【1986206】
2023-10-31 17:33:20 GSD getOne 第 1 次 等待 3 秒
2023-10-31 17:33:23 查询号码 【1986206】，返回信息 {"status":"ok","msg":"山东-德州","gid":"512784","time_insert":"2021-08-16 10:04"}
2023-10-31 17:33:23 查询号码 【1986206】，GSD为【"山东-德州"】

2023-10-31 17:33:24 开始第 6294 次操作

2023-10-31 17:33:24 开始操作号码 【1986207】
2023-10-31 17:33:27 GSD getOne 第 1 次 等待 3 秒
2023-10-31 17:33:30 查询号码 【1986207】，返回信息 {"status":"ok","msg":"山东-德州","gid":"512800","time_insert":"2021-08-16 10:16"}
2023-10-31 17:33:30 查询号码 【1986207】，GSD为【"山东-德州"】

2023-10-31 17:33:31 开始第 6295 次操作

2023-10-31 17:33:31 开始操作号码 【1986208】
2023-10-31 17:33:34 GSD getOne 第 1 次 等待 3 秒
2023-10-31 17:33:37 查询号码 【1986208】，返回信息 {"status":"ok","msg":"山东-德州","gid":"512805","time_insert":"2021-08-16 10:18"}
2023-10-31 17:33:37 查询号码 【1986208】，GSD为【"山东-德州"】

2023-10-31 17:33:38 开始第 6296 次操作

2023-10-31 17:33:38 开始操作号码 【1986209】
2023-10-31 17:33:41 GSD getOne 第 1 次 等待 3 秒
2023-10-31 17:33:44 查询号码 【1986209】，返回信息 {"status":"ok","msg":"山东-德州","gid":"512819","time_insert":"2021-08-16 10:29"}
2023-10-31 17:33:44 查询号码 【1986209】，GSD为【"山东-德州"】

2023-10-31 18:09:18 开始第 6297 次操作

2023-10-31 18:09:18 开始操作号码 【1986210】
2023-10-31 18:09:21 GSD getOne 第 1 次 等待 3 秒
2023-10-31 18:09:24 查询号码 【1986210】，返回信息 {"status":"ok","msg":"山东-济南","gid":"512823","time_insert":"2021-08-16 10:32"}
2023-10-31 18:09:24 查询号码 【1986210】，GSD为【"山东-济南"】

2023-10-31 18:09:25 开始第 6298 次操作

2023-10-31 18:09:25 开始操作号码 【1986211】
2023-10-31 18:09:28 GSD getOne 第 1 次 等待 3 秒
2023-10-31 18:09:31 查询号码 【1986211】，返回信息 {"status":"ok","msg":"山东-济南","gid":"512840","time_insert":"2021-08-16 10:45","time_update":"2021-08-16 10:46"}
2023-10-31 18:09:31 查询号码 【1986211】，GSD为【"山东-济南"】

2023-10-31 18:09:32 开始第 6299 次操作

2023-10-31 18:09:32 开始操作号码 【1986212】
2023-10-31 18:09:35 GSD getOne 第 1 次 等待 3 秒
2023-10-31 18:09:38 查询号码 【1986212】，返回信息 {"status":"ok","msg":"山东-济南","gid":"512845","time_insert":"2021-08-16 10:49"}
2023-10-31 18:09:38 查询号码 【1986212】，GSD为【"山东-济南"】

2023-10-31 18:09:39 开始第 6300 次操作

2023-10-31 18:09:39 开始操作号码 【1986213】
2023-10-31 18:09:41 GSD getOne 第 1 次 等待 3 秒
2023-10-31 18:09:44 查询号码 【1986213】，返回信息 {"status":"ok","msg":"山东-济南","gid":"512859","time_insert":"2021-08-16 11:00"}
2023-10-31 18:09:44 查询号码 【1986213】，GSD为【"山东-济南"】

2023-10-31 18:35:31 开始第 6301 次操作

2023-10-31 18:35:31 开始操作号码 【1986214】
2023-10-31 18:35:37 GSD getOne 第 1 次 等待 3 秒
2023-10-31 18:35:40 查询号码 【1986214】，返回信息 {"status":"ok","msg":"山东-济南","gid":"512863","time_insert":"2021-08-16 11:02"}
2023-10-31 18:35:40 查询号码 【1986214】，GSD为【"山东-济南"】

2023-10-31 18:35:41 开始第 6302 次操作

2023-10-31 18:35:41 开始操作号码 【1986215】
2023-10-31 18:35:44 GSD getOne 第 1 次 等待 3 秒
2023-10-31 18:35:47 查询号码 【1986215】，返回信息 {"status":"ok","msg":"山东-济南","gid":"512877","time_insert":"2021-08-16 11:13"}
2023-10-31 18:35:47 查询号码 【1986215】，GSD为【"山东-济南"】

2023-10-31 18:35:48 开始第 6303 次操作

2023-10-31 18:35:48 开始操作号码 【1986216】
2023-10-31 18:35:50 GSD getOne 第 1 次 等待 3 秒
2023-10-31 18:35:53 查询号码 【1986216】，返回信息 {"status":"ok","msg":"山东-济南","gid":"512883","time_insert":"2021-08-16 11:17"}
2023-10-31 18:35:53 查询号码 【1986216】，GSD为【"山东-济南"】

2023-10-31 18:35:54 开始第 6304 次操作

2023-10-31 18:35:54 开始操作号码 【1986217】
2023-10-31 18:35:57 GSD getOne 第 1 次 等待 3 秒
2023-10-31 18:36:00 查询号码 【1986217】，返回信息 {"status":"ok","msg":"山东-济南","gid":"512896","time_insert":"2021-08-16 11:27"}
2023-10-31 18:36:00 查询号码 【1986217】，GSD为【"山东-济南"】

2023-10-31 19:07:30 开始第 6305 次操作

2023-10-31 19:07:30 开始操作号码 【1986218】
2023-10-31 19:07:33 GSD getOne 第 1 次 等待 3 秒
2023-10-31 19:07:36 查询号码 【1986218】，返回信息 {"status":"ok","msg":"山东-济南","gid":"512898","time_insert":"2021-08-16 11:28"}
2023-10-31 19:07:36 查询号码 【1986218】，GSD为【"山东-济南"】

2023-10-31 19:07:37 开始第 6306 次操作

2023-10-31 19:07:37 开始操作号码 【1986219】
2023-10-31 19:07:44 GSD getOne 第 1 次 等待 3 秒
2023-10-31 19:07:47 查询号码 【1986219】，返回信息 {"status":"ok","msg":"山东-济南","gid":"512910","time_insert":"2021-08-16 11:39"}
2023-10-31 19:07:47 查询号码 【1986219】，GSD为【"山东-济南"】

2023-10-31 19:07:48 开始第 6307 次操作

2023-10-31 19:07:48 开始操作号码 【1986220】
2023-10-31 19:07:54 GSD getOne 第 1 次 等待 3 秒
2023-10-31 19:07:57 查询号码 【1986220】，返回信息 {"status":"ok","msg":"山东-青岛","gid":"512918","time_insert":"2021-08-16 11:44"}
2023-10-31 19:07:57 查询号码 【1986220】，GSD为【"山东-青岛"】

2023-10-31 19:07:58 开始第 6308 次操作

2023-10-31 19:07:58 开始操作号码 【1986221】
2023-10-31 19:08:01 GSD getOne 第 1 次 等待 3 秒
2023-10-31 19:08:04 查询号码 【1986221】，返回信息 {"status":"ok","msg":"山东-青岛","gid":"512924","time_insert":"2021-08-16 11:51"}
2023-10-31 19:08:04 查询号码 【1986221】，GSD为【"山东-青岛"】

2023-10-31 19:33:10 开始第 6309 次操作

2023-10-31 19:33:10 开始操作号码 【1986222】
2023-10-31 19:33:13 GSD getOne 第 1 次 等待 3 秒
2023-10-31 19:33:16 查询号码 【1986222】，返回信息 {"status":"ok","msg":"山东-青岛","gid":"512934","time_insert":"2021-08-16 11:58"}
2023-10-31 19:33:16 查询号码 【1986222】，GSD为【"山东-青岛"】

2023-10-31 19:33:17 开始第 6310 次操作

2023-10-31 19:33:17 开始操作号码 【1986223】
2023-10-31 19:33:20 GSD getOne 第 1 次 等待 3 秒
2023-10-31 19:33:23 查询号码 【1986223】，返回信息 {"status":"ok","msg":"山东-青岛","gid":"512946","time_insert":"2021-08-16 12:05"}
2023-10-31 19:33:23 查询号码 【1986223】，GSD为【"山东-青岛"】

2023-10-31 19:33:24 开始第 6311 次操作

2023-10-31 19:33:24 开始操作号码 【1986224】
2023-10-31 19:33:27 GSD getOne 第 1 次 等待 3 秒
2023-10-31 19:33:30 查询号码 【1986224】，返回信息 {"status":"ok","msg":"山东-青岛","gid":"512953","time_insert":"2021-08-16 12:13"}
2023-10-31 19:33:30 查询号码 【1986224】，GSD为【"山东-青岛"】

2023-10-31 19:33:31 开始第 6312 次操作

2023-10-31 19:33:31 开始操作号码 【1986225】
2023-10-31 19:33:34 GSD getOne 第 1 次 等待 3 秒
2023-10-31 19:33:37 查询号码 【1986225】，返回信息 {"status":"ok","msg":"山东-青岛","gid":"512961","time_insert":"2021-08-16 12:20"}
2023-10-31 19:33:37 查询号码 【1986225】，GSD为【"山东-青岛"】

2023-10-31 20:16:06 开始第 6313 次操作

2023-10-31 20:16:06 开始操作号码 【1986226】
2023-10-31 20:16:11 GSD getOne 第 1 次 等待 3 秒
2023-10-31 20:16:14 查询号码 【1986226】，返回信息 {"status":"ok","msg":"山东-青岛","gid":"512972","time_insert":"2021-08-16 12:29"}
2023-10-31 20:16:15 查询号码 【1986226】，GSD为【"山东-青岛"】

2023-10-31 20:16:16 开始第 6314 次操作

2023-10-31 20:16:16 开始操作号码 【1986227】
2023-10-31 20:16:19 GSD getOne 第 1 次 等待 3 秒
2023-10-31 20:16:22 查询号码 【1986227】，返回信息 {"status":"ok","msg":"山东-青岛","gid":"512985","time_insert":"2021-08-16 12:36","time_update":"2021-08-16 12:42"}
2023-10-31 20:16:22 查询号码 【1986227】，GSD为【"山东-青岛"】

2023-10-31 20:16:23 开始第 6315 次操作

2023-10-31 20:16:23 开始操作号码 【1986228】
2023-10-31 20:16:26 GSD getOne 第 1 次 等待 3 秒
2023-10-31 20:16:29 查询号码 【1986228】，返回信息 {"status":"ok","msg":"山东-青岛","gid":"512998","time_insert":"2021-08-16 12:47"}
2023-10-31 20:16:29 查询号码 【1986228】，GSD为【"山东-青岛"】

2023-10-31 20:16:30 开始第 6316 次操作

2023-10-31 20:16:30 开始操作号码 【1986229】
2023-10-31 20:16:33 GSD getOne 第 1 次 等待 3 秒
2023-10-31 20:16:36 查询号码 【1986229】，返回信息 {"status":"ok","msg":"山东-威海","gid":"513014","time_insert":"2021-08-16 13:02"}
2023-10-31 20:16:36 查询号码 【1986229】，GSD为【"山东-威海"】

2023-10-31 20:47:22 开始第 6317 次操作

2023-10-31 20:47:22 开始操作号码 【1986230】
2023-10-31 20:47:26 GSD getOne 第 1 次 等待 3 秒
2023-10-31 20:47:29 查询号码 【1986230】，返回信息 {"status":"ok","msg":"山东-日照","gid":"513019","time_insert":"2021-08-16 13:06"}
2023-10-31 20:47:29 查询号码 【1986230】，GSD为【"山东-日照"】

2023-10-31 20:47:30 开始第 6318 次操作

2023-10-31 20:47:30 开始操作号码 【1986231】
2023-10-31 20:47:35 GSD getOne 第 1 次 等待 3 秒
2023-10-31 20:47:38 查询号码 【1986231】，返回信息 {"status":"ok","msg":"山东-日照","gid":"513036","time_insert":"2021-08-16 13:18"}
2023-10-31 20:47:38 查询号码 【1986231】，GSD为【"山东-日照"】

2023-10-31 20:47:39 开始第 6319 次操作

2023-10-31 20:47:39 开始操作号码 【1986232】
2023-10-31 20:47:42 GSD getOne 第 1 次 等待 3 秒
2023-10-31 20:47:45 查询号码 【1986232】，返回信息 {"status":"ok","msg":"山东-日照","gid":"513051","time_insert":"2021-08-16 13:30"}
2023-10-31 20:47:45 查询号码 【1986232】，GSD为【"山东-日照"】

2023-10-31 20:47:46 开始第 6320 次操作

2023-10-31 20:47:46 开始操作号码 【1986233】
2023-10-31 20:47:49 GSD getOne 第 1 次 等待 3 秒
2023-10-31 20:47:52 查询号码 【1986233】，返回信息 {"status":"ok","msg":"山东-日照","gid":"513057","time_insert":"2021-08-16 13:34"}
2023-10-31 20:47:52 查询号码 【1986233】，GSD为【"山东-日照"】

2023-10-31 21:10:52 开始第 6321 次操作

2023-10-31 21:10:52 开始操作号码 【1986234】
2023-10-31 21:10:55 GSD getOne 第 1 次 等待 3 秒
2023-10-31 21:10:58 查询号码 【1986234】，返回信息 {"status":"ok","msg":"山东-日照","gid":"513070","time_insert":"2021-08-16 13:45"}
2023-10-31 21:10:58 查询号码 【1986234】，GSD为【"山东-日照"】

2023-10-31 21:10:59 开始第 6322 次操作

2023-10-31 21:10:59 开始操作号码 【1986235】
2023-10-31 21:11:02 GSD getOne 第 1 次 等待 3 秒
2023-10-31 21:11:05 查询号码 【1986235】，返回信息 {"status":"ok","msg":"山东-日照","gid":"513084","time_insert":"2021-08-16 13:54"}
2023-10-31 21:11:05 查询号码 【1986235】，GSD为【"山东-日照"】

2023-10-31 21:11:06 开始第 6323 次操作

2023-10-31 21:11:06 开始操作号码 【1986236】
2023-10-31 21:11:10 GSD getOne 第 1 次 等待 3 秒
2023-10-31 21:11:13 查询号码 【1986236】，返回信息 {"status":"ok","msg":"山东-枣庄","gid":"513085","time_insert":"2021-08-16 13:55"}
2023-10-31 21:11:13 查询号码 【1986236】，GSD为【"山东-枣庄"】

2023-10-31 21:11:14 开始第 6324 次操作

2023-10-31 21:11:14 开始操作号码 【1986237】
2023-10-31 21:11:17 GSD getOne 第 1 次 等待 3 秒
2023-10-31 21:11:20 查询号码 【1986237】，返回信息 {"status":"ok","msg":"山东-枣庄","gid":"513096","time_insert":"2021-08-16 14:02"}
2023-10-31 21:11:20 查询号码 【1986237】，GSD为【"山东-枣庄"】

2023-10-31 21:33:06 开始第 6325 次操作

2023-10-31 21:33:06 开始操作号码 【1986238】
2023-10-31 21:33:07 GSD getOne 第 1 次 等待 3 秒
2023-10-31 21:33:14 GSD getOne 第 2 次 等待 3 秒
2023-10-31 21:33:17 查询号码 【1986238】，返回信息 {"status":"ok","msg":"山东-枣庄","gid":"513098","time_insert":"2021-08-16 14:03"}
2023-10-31 21:33:17 查询号码 【1986238】，GSD为【"山东-枣庄"】

2023-10-31 21:33:18 开始第 6326 次操作

2023-10-31 21:33:18 开始操作号码 【1986239】
2023-10-31 21:33:20 GSD getOne 第 1 次 等待 3 秒
2023-10-31 21:33:28 GSD getOne 第 2 次 等待 3 秒
2023-10-31 21:33:31 查询号码 【1986239】，返回信息 {"status":"ok","msg":"山东-枣庄","gid":"513114","time_insert":"2021-08-16 14:12"}
2023-10-31 21:33:31 查询号码 【1986239】，GSD为【"山东-枣庄"】

2023-10-31 21:33:32 开始第 6327 次操作

2023-10-31 21:33:32 开始操作号码 【1986240】
2023-10-31 21:33:37 GSD getOne 第 1 次 等待 3 秒
2023-10-31 21:33:40 查询号码 【1986240】，返回信息 {"status":"ok","msg":"山东-菏泽","gid":"513115","time_insert":"2021-08-16 14:13"}
2023-10-31 21:33:40 查询号码 【1986240】，GSD为【"山东-菏泽"】

2023-10-31 21:33:41 开始第 6328 次操作

2023-10-31 21:33:41 开始操作号码 【1986241】
2023-10-31 21:33:48 GSD getOne 第 1 次 等待 3 秒
2023-10-31 21:33:51 查询号码 【1986241】，返回信息 {"status":"ok","msg":"山东-菏泽","gid":"513131","time_insert":"2021-08-16 14:25"}
2023-10-31 21:33:51 查询号码 【1986241】，GSD为【"山东-菏泽"】

2023-10-31 22:08:23 开始第 6329 次操作

2023-10-31 22:08:23 开始操作号码 【1986242】
2023-10-31 22:08:29 GSD getOne 第 1 次 等待 3 秒
2023-10-31 22:08:32 查询号码 【1986242】，返回信息 {"status":"ok","msg":"山东-淄博","gid":"513134","time_insert":"2021-08-16 14:27"}
2023-10-31 22:08:32 查询号码 【1986242】，GSD为【"山东-淄博"】

2023-10-31 22:08:33 开始第 6330 次操作

2023-10-31 22:08:33 开始操作号码 【1986243】
2023-10-31 22:08:39 GSD getOne 第 1 次 等待 3 秒
2023-10-31 22:08:42 查询号码 【1986243】，返回信息 {"status":"ok","msg":"山东-德州","gid":"513148","time_insert":"2021-08-16 14:35"}
2023-10-31 22:08:42 查询号码 【1986243】，GSD为【"山东-德州"】

2023-10-31 22:08:43 开始第 6331 次操作

2023-10-31 22:08:43 开始操作号码 【1986244】
2023-10-31 22:08:49 GSD getOne 第 1 次 等待 3 秒
2023-10-31 22:08:52 查询号码 【1986244】，返回信息 {"status":"ok","msg":"山东-烟台","gid":"513152","time_insert":"2021-08-16 14:38"}
2023-10-31 22:08:52 查询号码 【1986244】，GSD为【"山东-烟台"】

2023-10-31 22:08:53 开始第 6332 次操作

2023-10-31 22:08:53 开始操作号码 【1986245】
2023-10-31 22:08:56 GSD getOne 第 1 次 等待 3 秒
2023-10-31 22:08:59 查询号码 【1986245】，返回信息 {"status":"ok","msg":"山东-烟台","gid":"513168","time_insert":"2021-08-16 14:48"}
2023-10-31 22:08:59 查询号码 【1986245】，GSD为【"山东-烟台"】

